Started Logging. 2022-07-09 19:07:41.587885

found bundled python: /home/ubuntu/vdp-tool-chain/data/blender-2.78c-linux-glibc219-x86_64/2.78/python
read blend: /home/ubuntu/vdp-tool-chain/data/clevr_scene_data/base_scene.blend
convertViewVec: called in an invalid context
convertViewVec: called in an invalid context
convertViewVec: called in an invalid context
Fra:1 Mem:12.12M (0.00M, Peak 12.12M) | Time:00:00.00 | Preparing Scene data
Fra:1 Mem:15.44M (0.00M, Peak 15.62M) | Time:00:00.00 | Preparing Scene data
Fra:1 Mem:15.44M (0.00M, Peak 15.62M) | Time:00:00.00 | Creating Shadowbuffers
Fra:1 Mem:15.44M (0.00M, Peak 15.62M) | Time:00:00.00 | Raytree.. preparing
Fra:1 Mem:18.84M (0.00M, Peak 18.84M) | Time:00:00.00 | Raytree.. building
Fra:1 Mem:18.66M (0.00M, Peak 23.97M) | Time:00:00.06 | Raytree finished
Fra:1 Mem:18.66M (0.00M, Peak 23.97M) | Time:00:00.06 | Creating Environment maps
Fra:1 Mem:18.66M (0.00M, Peak 23.97M) | Time:00:00.06 | Caching Point Densities
Fra:1 Mem:18.66M (0.00M, Peak 23.97M) | Time:00:00.06 | Sce: Scene Ve:22866 Fa:24784 La:1
Fra:1 Mem:18.66M (0.00M, Peak 23.97M) | Time:00:00.06 | Loading voxel datasets
Fra:1 Mem:18.66M (0.00M, Peak 23.97M) | Time:00:00.06 | Sce: Scene Ve:22866 Fa:24784 La:1
Fra:1 Mem:18.66M (0.00M, Peak 23.97M) | Time:00:00.06 | Sce: Scene Ve:22866 Fa:24784 La:1
Fra:1 Mem:18.66M (0.00M, Peak 23.97M) | Time:00:00.06 | Volume preprocessing
Fra:1 Mem:18.66M (0.00M, Peak 23.97M) | Time:00:00.06 | Sce: Scene Ve:22866 Fa:24784 La:1
Fra:1 Mem:18.66M (0.00M, Peak 23.97M) | Time:00:00.06 | Sce: Scene Ve:22866 Fa:24784 La:1
Fra:1 Mem:23.01M (0.00M, Peak 23.97M) | Time:00:00.06 | Scene, Part 3-4
Fra:1 Mem:22.69M (0.00M, Peak 23.97M) | Time:00:00.06 | Scene, Part 4-4
Fra:1 Mem:21.76M (0.00M, Peak 23.97M) | Time:00:00.07 | Scene, Part 2-4
Fra:1 Mem:19.91M (0.00M, Peak 23.97M) | Time:00:00.07 | Scene, Part 1-4
Fra:1 Mem:12.00M (0.00M, Peak 23.97M) | Time:00:00.08 | Sce: Scene Ve:22866 Fa:24784 La:1
Saved: '/tmp/tmp0ev91rg7.png'
 Time: 00:00.12 (Saving: 00:00.04)

Fra:1 Mem:12.03M (0.00M, Peak 12.63M) | Time:00:00.04 | Mem:0.00M, Peak:0.00M | Scene, RenderLayer | Synchronizing object | Area
Fra:1 Mem:12.03M (0.00M, Peak 12.63M) | Time:00:00.04 | Mem:0.00M, Peak:0.00M | Scene, RenderLayer | Synchronizing object | Ground
Fra:1 Mem:12.10M (0.00M, Peak 12.63M) | Time:00:00.04 | Mem:0.00M, Peak:0.00M | Scene, RenderLayer | Synchronizing object | Empty
Fra:1 Mem:12.10M (0.00M, Peak 12.63M) | Time:00:00.04 | Mem:0.00M, Peak:0.00M | Scene, RenderLayer | Synchronizing object | Lamp_Back
Fra:1 Mem:12.10M (0.00M, Peak 12.63M) | Time:00:00.04 | Mem:0.00M, Peak:0.00M | Scene, RenderLayer | Synchronizing object | Lamp_Fill
Fra:1 Mem:12.10M (0.00M, Peak 12.63M) | Time:00:00.04 | Mem:0.00M, Peak:0.00M | Scene, RenderLayer | Synchronizing object | Lamp_Key
Fra:1 Mem:12.10M (0.00M, Peak 12.63M) | Time:00:00.04 | Mem:0.00M, Peak:0.00M | Scene, RenderLayer | Synchronizing object | Camera
Fra:1 Mem:12.10M (0.00M, Peak 12.63M) | Time:00:00.04 | Mem:0.00M, Peak:0.00M | Scene, RenderLayer | Synchronizing object | Sphere_0
Fra:1 Mem:13.60M (0.00M, Peak 15.04M) | Time:00:00.05 | Mem:0.00M, Peak:0.00M | Scene, RenderLayer | Synchronizing object | SmoothCube_v2_0
Fra:1 Mem:13.96M (0.00M, Peak 15.04M) | Time:00:00.05 | Mem:0.00M, Peak:0.00M | Scene, RenderLayer | Synchronizing object | SmoothCube_v2_1
Fra:1 Mem:14.33M (0.00M, Peak 15.04M) | Time:00:00.05 | Mem:0.00M, Peak:0.00M | Scene, RenderLayer | Initializing
Fra:1 Mem:14.33M (0.00M, Peak 15.04M) | Time:00:00.05 | Mem:0.00M, Peak:0.00M | Scene, RenderLayer | Loading render kernels (may take a few minutes the first time)
Fra:1 Mem:14.33M (0.00M, Peak 17.03M) | Time:00:00.07 | Mem:0.00M, Peak:0.00M | Scene, RenderLayer | Waiting for render to start
Fra:1 Mem:14.33M (0.00M, Peak 17.03M) | Time:00:00.07 | Mem:0.00M, Peak:0.00M | Scene, RenderLayer | Updating Scene
Fra:1 Mem:14.33M (0.00M, Peak 17.03M) | Time:00:00.07 | Mem:0.00M, Peak:0.00M | Scene, RenderLayer | Updating Shaders
Fra:1 Mem:14.83M (0.00M, Peak 17.03M) | Time:00:00.15 | Mem:0.00M, Peak:0.00M | Scene, RenderLayer | Updating Background
Fra:1 Mem:14.83M (0.00M, Peak 17.03M) | Time:00:00.15 | Mem:0.00M, Peak:0.00M | Scene, RenderLayer | Updating Camera
Fra:1 Mem:14.83M (0.00M, Peak 17.03M) | Time:00:00.15 | Mem:0.00M, Peak:0.00M | Scene, RenderLayer | Updating Meshes Flags
Fra:1 Mem:14.83M (0.00M, Peak 17.03M) | Time:00:00.15 | Mem:0.00M, Peak:0.00M | Scene, RenderLayer | Updating Objects
Fra:1 Mem:14.83M (0.00M, Peak 17.03M) | Time:00:00.15 | Mem:0.00M, Peak:0.00M | Scene, RenderLayer | Updating Objects | Copying Transformations to device
Fra:1 Mem:14.83M (0.00M, Peak 17.03M) | Time:00:00.15 | Mem:0.00M, Peak:0.00M | Scene, RenderLayer | Updating Objects | Applying Static Transformations
Fra:1 Mem:14.83M (0.00M, Peak 17.03M) | Time:00:00.15 | Mem:0.00M, Peak:0.00M | Scene, RenderLayer | Updating Meshes
Fra:1 Mem:15.55M (0.00M, Peak 17.03M) | Time:00:00.15 | Mem:0.00M, Peak:0.00M | Scene, RenderLayer | Updating Mesh | Computing attributes
Fra:1 Mem:15.90M (0.00M, Peak 17.03M) | Time:00:00.15 | Mem:0.00M, Peak:0.00M | Scene, RenderLayer | Updating Mesh | Copying Attributes to device
Fra:1 Mem:15.90M (0.00M, Peak 17.03M) | Time:00:00.15 | Mem:0.35M, Peak:0.35M | Scene, RenderLayer | Updating Scene BVH | Building
Fra:1 Mem:15.90M (0.00M, Peak 17.03M) | Time:00:00.15 | Mem:0.35M, Peak:0.35M | Scene, RenderLayer | Updating Scene BVH | Building BVH
Fra:1 Mem:18.60M (0.00M, Peak 18.60M) | Time:00:00.18 | Mem:0.35M, Peak:0.35M | Scene, RenderLayer | Updating Scene BVH | Packing BVH triangles and strands
Fra:1 Mem:21.13M (0.00M, Peak 21.13M) | Time:00:00.18 | Mem:0.35M, Peak:0.35M | Scene, RenderLayer | Updating Scene BVH | Packing BVH nodes
Fra:1 Mem:19.67M (0.00M, Peak 21.84M) | Time:00:00.18 | Mem:0.35M, Peak:0.35M | Scene, RenderLayer | Updating Scene BVH | Copying BVH to device
Fra:1 Mem:19.85M (0.00M, Peak 21.84M) | Time:00:00.19 | Mem:4.12M, Peak:4.12M | Scene, RenderLayer | Updating Mesh | Computing normals
Fra:1 Mem:21.48M (0.00M, Peak 21.84M) | Time:00:00.19 | Mem:4.12M, Peak:4.12M | Scene, RenderLayer | Updating Mesh | Copying Mesh to device
Fra:1 Mem:21.30M (0.00M, Peak 21.84M) | Time:00:00.19 | Mem:5.75M, Peak:5.75M | Scene, RenderLayer | Updating Objects Flags
Fra:1 Mem:21.30M (0.00M, Peak 21.84M) | Time:00:00.19 | Mem:5.75M, Peak:5.75M | Scene, RenderLayer | Updating Images
Fra:1 Mem:21.30M (0.00M, Peak 21.84M) | Time:00:00.19 | Mem:5.75M, Peak:5.75M | Scene, RenderLayer | Updating Camera Volume
Fra:1 Mem:21.30M (0.00M, Peak 21.84M) | Time:00:00.19 | Mem:5.75M, Peak:5.75M | Scene, RenderLayer | Updating Hair Systems
Fra:1 Mem:21.30M (0.00M, Peak 21.84M) | Time:00:00.19 | Mem:5.75M, Peak:5.75M | Scene, RenderLayer | Updating Hair settings | Copying Hair settings to device
Fra:1 Mem:21.30M (0.00M, Peak 21.84M) | Time:00:00.19 | Mem:5.75M, Peak:5.75M | Scene, RenderLayer | Updating Lookup Tables
Fra:1 Mem:21.30M (0.00M, Peak 21.84M) | Time:00:00.19 | Mem:6.00M, Peak:6.00M | Scene, RenderLayer | Updating Lights
Fra:1 Mem:21.30M (0.00M, Peak 21.84M) | Time:00:00.19 | Mem:6.00M, Peak:6.00M | Scene, RenderLayer | Updating Lights | Computing distribution
Fra:1 Mem:21.30M (0.00M, Peak 21.84M) | Time:00:00.19 | Mem:6.00M, Peak:6.00M | Scene, RenderLayer | Updating Particle Systems
Fra:1 Mem:21.30M (0.00M, Peak 21.84M) | Time:00:00.19 | Mem:6.00M, Peak:6.00M | Scene, RenderLayer | Updating Particle Systems | Copying Particles to device
Fra:1 Mem:21.30M (0.00M, Peak 21.84M) | Time:00:00.19 | Mem:6.00M, Peak:6.00M | Scene, RenderLayer | Updating Integrator
Fra:1 Mem:21.34M (0.00M, Peak 21.84M) | Time:00:00.19 | Mem:6.04M, Peak:6.04M | Scene, RenderLayer | Updating Film
Fra:1 Mem:21.34M (0.00M, Peak 21.84M) | Time:00:00.19 | Mem:6.04M, Peak:6.04M | Scene, RenderLayer | Updating Lookup Tables
Fra:1 Mem:21.34M (0.00M, Peak 21.84M) | Time:00:00.19 | Mem:6.04M, Peak:6.04M | Scene, RenderLayer | Updating Baking
Fra:1 Mem:21.34M (0.00M, Peak 21.84M) | Time:00:00.19 | Mem:6.04M, Peak:6.04M | Scene, RenderLayer | Updating Device | Writing constant memory
Fra:1 Mem:21.34M (0.00M, Peak 21.84M) | Time:00:00.19 | Mem:6.04M, Peak:6.04M | Scene, RenderLayer | Path Tracing Tile 0/4, Sample 0/512
Fra:1 Mem:23.59M (0.00M, Peak 24.84M) | Time:00:00.19 | Mem:8.29M, Peak:8.29M | Scene, RenderLayer | Path Tracing Tile 1/4, Sample 0/512
Fra:1 Mem:23.59M (0.00M, Peak 25.84M) | Time:00:01.20 | Remaining:00:12.47 | Mem:8.29M, Peak:8.29M | Scene, RenderLayer | Path Tracing Tile 1/4, Sample 90/512
Fra:1 Mem:23.59M (0.00M, Peak 25.84M) | Time:00:02.21 | Remaining:00:11.43 | Mem:8.29M, Peak:8.29M | Scene, RenderLayer | Path Tracing Tile 1/4, Sample 180/512
Fra:1 Mem:23.59M (0.00M, Peak 25.84M) | Time:00:03.22 | Remaining:00:10.42 | Mem:8.29M, Peak:8.29M | Scene, RenderLayer | Path Tracing Tile 1/4, Sample 270/512
Fra:1 Mem:23.59M (0.00M, Peak 25.84M) | Time:00:04.22 | Remaining:00:09.41 | Mem:8.29M, Peak:8.29M | Scene, RenderLayer | Path Tracing Tile 1/4, Sample 360/512
Fra:1 Mem:23.59M (0.00M, Peak 25.84M) | Time:00:05.23 | Remaining:00:08.42 | Mem:8.29M, Peak:8.29M | Scene, RenderLayer | Path Tracing Tile 1/4, Sample 449/512
Fra:1 Mem:21.34M (0.00M, Peak 25.84M) | Time:00:05.94 | Remaining:00:07.72 | Mem:6.04M, Peak:8.29M | Scene, RenderLayer | Path Tracing Tile 1/4, Sample 512/512
Fra:1 Mem:23.31M (0.00M, Peak 25.84M) | Time:00:05.94 | Remaining:00:07.73 | Mem:8.01M, Peak:8.29M | Scene, RenderLayer | Path Tracing Tile 2/4, Sample 512/512
Fra:1 Mem:23.31M (0.00M, Peak 25.84M) | Time:00:06.23 | Remaining:00:07.40 | Mem:8.01M, Peak:8.29M | Scene, RenderLayer | Path Tracing Tile 2/4, Sample 31/512
Fra:1 Mem:23.31M (0.00M, Peak 25.84M) | Time:00:07.24 | Remaining:00:06.26 | Mem:8.01M, Peak:8.29M | Scene, RenderLayer | Path Tracing Tile 2/4, Sample 141/512
Fra:1 Mem:23.31M (0.00M, Peak 25.84M) | Time:00:08.24 | Remaining:00:05.15 | Mem:8.01M, Peak:8.29M | Scene, RenderLayer | Path Tracing Tile 2/4, Sample 251/512
Fra:1 Mem:23.31M (0.00M, Peak 25.84M) | Time:00:09.25 | Remaining:00:04.08 | Mem:8.01M, Peak:8.29M | Scene, RenderLayer | Path Tracing Tile 2/4, Sample 360/512
Fra:1 Mem:23.31M (0.00M, Peak 25.84M) | Time:00:10.25 | Remaining:00:03.02 | Mem:8.01M, Peak:8.29M | Scene, RenderLayer | Path Tracing Tile 2/4, Sample 469/512
Fra:1 Mem:21.34M (0.00M, Peak 25.84M) | Time:00:10.65 | Remaining:00:02.61 | Mem:6.04M, Peak:8.29M | Scene, RenderLayer | Path Tracing Tile 2/4, Sample 512/512
Fra:1 Mem:21.91M (0.00M, Peak 25.84M) | Time:00:10.65 | Remaining:00:02.61 | Mem:6.61M, Peak:8.29M | Scene, RenderLayer | Path Tracing Tile 3/4, Sample 512/512
Fra:1 Mem:21.91M (0.00M, Peak 25.84M) | Time:00:11.26 | Remaining:00:02.27 | Mem:6.61M, Peak:8.29M | Scene, RenderLayer | Path Tracing Tile 3/4, Sample 142/512
Fra:1 Mem:21.91M (0.00M, Peak 25.84M) | Time:00:12.26 | Remaining:00:01.66 | Mem:6.61M, Peak:8.29M | Scene, RenderLayer | Path Tracing Tile 3/4, Sample 377/512
Fra:1 Mem:21.34M (0.00M, Peak 25.84M) | Time:00:12.84 | Remaining:00:01.30 | Mem:6.04M, Peak:8.29M | Scene, RenderLayer | Path Tracing Tile 3/4, Sample 512/512
Fra:1 Mem:21.83M (0.00M, Peak 25.84M) | Time:00:12.84 | Remaining:00:01.30 | Mem:6.54M, Peak:8.29M | Scene, RenderLayer | Path Tracing Tile 4/4, Sample 512/512
Fra:1 Mem:21.83M (0.00M, Peak 25.84M) | Time:00:13.26 | Remaining:00:01.04 | Mem:6.54M, Peak:8.29M | Scene, RenderLayer | Path Tracing Tile 4/4, Sample 106/512
Fra:1 Mem:21.83M (0.00M, Peak 25.84M) | Time:00:14.26 | Remaining:00:00.40 | Mem:6.54M, Peak:8.29M | Scene, RenderLayer | Path Tracing Tile 4/4, Sample 359/512
Fra:1 Mem:21.34M (0.00M, Peak 25.84M) | Time:00:14.87 | Mem:6.04M, Peak:8.29M | Scene, RenderLayer | Path Tracing Tile 4/4, Sample 512/512
Fra:1 Mem:21.34M (0.00M, Peak 25.84M) | Time:00:14.87 | Mem:6.04M, Peak:8.29M | Scene, RenderLayer | Finished
Fra:1 Mem:12.28M (0.00M, Peak 25.84M) | Time:00:14.95 | Sce: Scene Ve:0 Fa:0 La:0
Saved: 'data/clevr-cleaned-variants/train/fovariant-22/render/images/CLEVR_val_000000.png'
 Time: 00:14.99 (Saving: 00:00.03)

read blend: /home/ubuntu/vdp-tool-chain/data/clevr_scene_data/base_scene.blend
convertViewVec: called in an invalid context
convertViewVec: called in an invalid context
convertViewVec: called in an invalid context
Fra:1 Mem:12.38M (0.00M, Peak 12.38M) | Time:00:00.00 | Preparing Scene data
Fra:1 Mem:15.71M (0.00M, Peak 16.01M) | Time:00:00.00 | Preparing Scene data
Fra:1 Mem:15.71M (0.00M, Peak 16.01M) | Time:00:00.00 | Creating Shadowbuffers
Fra:1 Mem:15.71M (0.00M, Peak 16.01M) | Time:00:00.00 | Raytree.. preparing
Fra:1 Mem:19.11M (0.00M, Peak 19.11M) | Time:00:00.01 | Raytree.. building
Fra:1 Mem:18.92M (0.00M, Peak 24.24M) | Time:00:00.06 | Raytree finished
Fra:1 Mem:18.92M (0.00M, Peak 24.24M) | Time:00:00.06 | Creating Environment maps
Fra:1 Mem:18.92M (0.00M, Peak 24.24M) | Time:00:00.06 | Caching Point Densities
Fra:1 Mem:18.92M (0.00M, Peak 24.24M) | Time:00:00.06 | Sce: Scene Ve:22866 Fa:24774 La:1
Fra:1 Mem:18.92M (0.00M, Peak 24.24M) | Time:00:00.06 | Loading voxel datasets
Fra:1 Mem:18.92M (0.00M, Peak 24.24M) | Time:00:00.06 | Sce: Scene Ve:22866 Fa:24774 La:1
Fra:1 Mem:18.93M (0.00M, Peak 24.24M) | Time:00:00.06 | Sce: Scene Ve:22866 Fa:24774 La:1
Fra:1 Mem:18.93M (0.00M, Peak 24.24M) | Time:00:00.06 | Volume preprocessing
Fra:1 Mem:18.93M (0.00M, Peak 24.24M) | Time:00:00.06 | Sce: Scene Ve:22866 Fa:24774 La:1
Fra:1 Mem:18.93M (0.00M, Peak 24.24M) | Time:00:00.06 | Sce: Scene Ve:22866 Fa:24774 La:1
Fra:1 Mem:23.00M (0.00M, Peak 24.24M) | Time:00:00.06 | Scene, Part 3-4
Fra:1 Mem:22.96M (0.00M, Peak 24.24M) | Time:00:00.06 | Scene, Part 4-4
Fra:1 Mem:22.02M (0.00M, Peak 24.24M) | Time:00:00.07 | Scene, Part 2-4
Fra:1 Mem:20.18M (0.00M, Peak 24.24M) | Time:00:00.07 | Scene, Part 1-4
Fra:1 Mem:12.27M (0.00M, Peak 24.24M) | Time:00:00.08 | Sce: Scene Ve:22866 Fa:24774 La:1
Saved: '/tmp/tmpasxdzc5b.png'
 Time: 00:00.09 (Saving: 00:00.01)

Fra:1 Mem:12.30M (0.00M, Peak 12.89M) | Time:00:00.04 | Mem:0.00M, Peak:0.00M | Scene, RenderLayer | Synchronizing object | Area
Fra:1 Mem:12.30M (0.00M, Peak 12.89M) | Time:00:00.04 | Mem:0.00M, Peak:0.00M | Scene, RenderLayer | Synchronizing object | Ground
Fra:1 Mem:12.37M (0.00M, Peak 12.89M) | Time:00:00.04 | Mem:0.00M, Peak:0.00M | Scene, RenderLayer | Synchronizing object | Empty
Fra:1 Mem:12.37M (0.00M, Peak 12.89M) | Time:00:00.04 | Mem:0.00M, Peak:0.00M | Scene, RenderLayer | Synchronizing object | Lamp_Back
Fra:1 Mem:12.37M (0.00M, Peak 12.89M) | Time:00:00.04 | Mem:0.00M, Peak:0.00M | Scene, RenderLayer | Synchronizing object | Lamp_Fill
Fra:1 Mem:12.37M (0.00M, Peak 12.89M) | Time:00:00.04 | Mem:0.00M, Peak:0.00M | Scene, RenderLayer | Synchronizing object | Lamp_Key
Fra:1 Mem:12.37M (0.00M, Peak 12.89M) | Time:00:00.04 | Mem:0.00M, Peak:0.00M | Scene, RenderLayer | Synchronizing object | Camera
Fra:1 Mem:12.37M (0.00M, Peak 12.89M) | Time:00:00.04 | Mem:0.00M, Peak:0.00M | Scene, RenderLayer | Synchronizing object | SmoothCube_v2_0
Fra:1 Mem:12.73M (0.00M, Peak 13.08M) | Time:00:00.05 | Mem:0.00M, Peak:0.00M | Scene, RenderLayer | Synchronizing object | Sphere_0
Fra:1 Mem:14.23M (0.00M, Peak 15.66M) | Time:00:00.05 | Mem:0.00M, Peak:0.00M | Scene, RenderLayer | Synchronizing object | SmoothCube_v2_1
Fra:1 Mem:14.59M (0.00M, Peak 15.66M) | Time:00:00.05 | Mem:0.00M, Peak:0.00M | Scene, RenderLayer | Initializing
Fra:1 Mem:14.59M (0.00M, Peak 15.66M) | Time:00:00.05 | Mem:0.00M, Peak:0.00M | Scene, RenderLayer | Loading render kernels (may take a few minutes the first time)
Fra:1 Mem:14.59M (0.00M, Peak 17.29M) | Time:00:00.07 | Mem:0.00M, Peak:0.00M | Scene, RenderLayer | Waiting for render to start
Fra:1 Mem:14.59M (0.00M, Peak 17.29M) | Time:00:00.07 | Mem:0.00M, Peak:0.00M | Scene, RenderLayer | Updating Scene
Fra:1 Mem:14.59M (0.00M, Peak 17.29M) | Time:00:00.07 | Mem:0.00M, Peak:0.00M | Scene, RenderLayer | Updating Shaders
Fra:1 Mem:14.84M (0.00M, Peak 17.29M) | Time:00:00.07 | Mem:0.00M, Peak:0.00M | Scene, RenderLayer | Updating Background
Fra:1 Mem:14.84M (0.00M, Peak 17.29M) | Time:00:00.07 | Mem:0.00M, Peak:0.00M | Scene, RenderLayer | Updating Camera
Fra:1 Mem:14.84M (0.00M, Peak 17.29M) | Time:00:00.07 | Mem:0.00M, Peak:0.00M | Scene, RenderLayer | Updating Meshes Flags
Fra:1 Mem:14.84M (0.00M, Peak 17.29M) | Time:00:00.07 | Mem:0.00M, Peak:0.00M | Scene, RenderLayer | Updating Objects
Fra:1 Mem:14.84M (0.00M, Peak 17.29M) | Time:00:00.07 | Mem:0.00M, Peak:0.00M | Scene, RenderLayer | Updating Objects | Copying Transformations to device
Fra:1 Mem:14.84M (0.00M, Peak 17.29M) | Time:00:00.07 | Mem:0.00M, Peak:0.00M | Scene, RenderLayer | Updating Objects | Applying Static Transformations
Fra:1 Mem:14.84M (0.00M, Peak 17.29M) | Time:00:00.07 | Mem:0.00M, Peak:0.00M | Scene, RenderLayer | Updating Meshes
Fra:1 Mem:15.57M (0.00M, Peak 17.29M) | Time:00:00.07 | Mem:0.00M, Peak:0.00M | Scene, RenderLayer | Updating Mesh | Computing attributes
Fra:1 Mem:15.91M (0.00M, Peak 17.29M) | Time:00:00.07 | Mem:0.00M, Peak:0.00M | Scene, RenderLayer | Updating Mesh | Copying Attributes to device
Fra:1 Mem:15.91M (0.00M, Peak 17.29M) | Time:00:00.07 | Mem:0.35M, Peak:0.35M | Scene, RenderLayer | Updating Scene BVH | Building
Fra:1 Mem:15.91M (0.00M, Peak 17.29M) | Time:00:00.07 | Mem:0.35M, Peak:0.35M | Scene, RenderLayer | Updating Scene BVH | Building BVH
Fra:1 Mem:18.62M (0.00M, Peak 18.62M) | Time:00:00.10 | Mem:0.35M, Peak:0.35M | Scene, RenderLayer | Updating Scene BVH | Packing BVH triangles and strands
Fra:1 Mem:21.14M (0.00M, Peak 21.14M) | Time:00:00.11 | Mem:0.35M, Peak:0.35M | Scene, RenderLayer | Updating Scene BVH | Packing BVH nodes
Fra:1 Mem:19.69M (0.00M, Peak 21.85M) | Time:00:00.11 | Mem:0.35M, Peak:0.35M | Scene, RenderLayer | Updating Scene BVH | Copying BVH to device
Fra:1 Mem:19.87M (0.00M, Peak 21.85M) | Time:00:00.11 | Mem:4.12M, Peak:4.12M | Scene, RenderLayer | Updating Mesh | Computing normals
Fra:1 Mem:21.49M (0.00M, Peak 21.85M) | Time:00:00.11 | Mem:4.12M, Peak:4.12M | Scene, RenderLayer | Updating Mesh | Copying Mesh to device
Fra:1 Mem:21.31M (0.00M, Peak 21.85M) | Time:00:00.11 | Mem:5.75M, Peak:5.75M | Scene, RenderLayer | Updating Objects Flags
Fra:1 Mem:21.31M (0.00M, Peak 21.85M) | Time:00:00.11 | Mem:5.75M, Peak:5.75M | Scene, RenderLayer | Updating Images
Fra:1 Mem:21.31M (0.00M, Peak 21.85M) | Time:00:00.11 | Mem:5.75M, Peak:5.75M | Scene, RenderLayer | Updating Camera Volume
Fra:1 Mem:21.31M (0.00M, Peak 21.85M) | Time:00:00.11 | Mem:5.75M, Peak:5.75M | Scene, RenderLayer | Updating Hair Systems
Fra:1 Mem:21.31M (0.00M, Peak 21.85M) | Time:00:00.11 | Mem:5.75M, Peak:5.75M | Scene, RenderLayer | Updating Hair settings | Copying Hair settings to device
Fra:1 Mem:21.31M (0.00M, Peak 21.85M) | Time:00:00.11 | Mem:5.75M, Peak:5.75M | Scene, RenderLayer | Updating Lookup Tables
Fra:1 Mem:21.31M (0.00M, Peak 21.85M) | Time:00:00.11 | Mem:6.00M, Peak:6.00M | Scene, RenderLayer | Updating Lights
Fra:1 Mem:21.31M (0.00M, Peak 21.85M) | Time:00:00.11 | Mem:6.00M, Peak:6.00M | Scene, RenderLayer | Updating Lights | Computing distribution
Fra:1 Mem:21.31M (0.00M, Peak 21.85M) | Time:00:00.11 | Mem:6.00M, Peak:6.00M | Scene, RenderLayer | Updating Particle Systems
Fra:1 Mem:21.31M (0.00M, Peak 21.85M) | Time:00:00.11 | Mem:6.00M, Peak:6.00M | Scene, RenderLayer | Updating Particle Systems | Copying Particles to device
Fra:1 Mem:21.31M (0.00M, Peak 21.85M) | Time:00:00.11 | Mem:6.00M, Peak:6.00M | Scene, RenderLayer | Updating Integrator
Fra:1 Mem:21.35M (0.00M, Peak 21.85M) | Time:00:00.11 | Mem:6.04M, Peak:6.04M | Scene, RenderLayer | Updating Film
Fra:1 Mem:21.36M (0.00M, Peak 21.85M) | Time:00:00.11 | Mem:6.04M, Peak:6.04M | Scene, RenderLayer | Updating Lookup Tables
Fra:1 Mem:21.36M (0.00M, Peak 21.85M) | Time:00:00.11 | Mem:6.04M, Peak:6.04M | Scene, RenderLayer | Updating Baking
Fra:1 Mem:21.36M (0.00M, Peak 21.85M) | Time:00:00.11 | Mem:6.04M, Peak:6.04M | Scene, RenderLayer | Updating Device | Writing constant memory
Fra:1 Mem:21.36M (0.00M, Peak 21.85M) | Time:00:00.11 | Mem:6.04M, Peak:6.04M | Scene, RenderLayer | Path Tracing Tile 0/4, Sample 0/512
Fra:1 Mem:23.61M (0.00M, Peak 24.86M) | Time:00:00.12 | Mem:8.29M, Peak:8.29M | Scene, RenderLayer | Path Tracing Tile 1/4, Sample 0/512
Fra:1 Mem:23.61M (0.00M, Peak 25.86M) | Time:00:01.12 | Remaining:00:12.01 | Mem:8.29M, Peak:8.29M | Scene, RenderLayer | Path Tracing Tile 1/4, Sample 93/512
Fra:1 Mem:23.61M (0.00M, Peak 25.86M) | Time:00:02.13 | Remaining:00:10.97 | Mem:8.29M, Peak:8.29M | Scene, RenderLayer | Path Tracing Tile 1/4, Sample 186/512
Fra:1 Mem:23.61M (0.00M, Peak 25.86M) | Time:00:03.13 | Remaining:00:09.96 | Mem:8.29M, Peak:8.29M | Scene, RenderLayer | Path Tracing Tile 1/4, Sample 279/512
Fra:1 Mem:23.61M (0.00M, Peak 25.86M) | Time:00:04.14 | Remaining:00:08.95 | Mem:8.29M, Peak:8.29M | Scene, RenderLayer | Path Tracing Tile 1/4, Sample 372/512
Fra:1 Mem:23.61M (0.00M, Peak 25.86M) | Time:00:05.14 | Remaining:00:07.97 | Mem:8.29M, Peak:8.29M | Scene, RenderLayer | Path Tracing Tile 1/4, Sample 464/512
Fra:1 Mem:21.36M (0.00M, Peak 25.86M) | Time:00:05.67 | Remaining:00:07.45 | Mem:6.04M, Peak:8.29M | Scene, RenderLayer | Path Tracing Tile 1/4, Sample 512/512
Fra:1 Mem:23.33M (0.00M, Peak 25.86M) | Time:00:05.67 | Remaining:00:07.46 | Mem:8.01M, Peak:8.29M | Scene, RenderLayer | Path Tracing Tile 2/4, Sample 512/512
Fra:1 Mem:23.33M (0.00M, Peak 25.86M) | Time:00:06.15 | Remaining:00:06.97 | Mem:8.01M, Peak:8.29M | Scene, RenderLayer | Path Tracing Tile 2/4, Sample 51/512
Fra:1 Mem:23.33M (0.00M, Peak 25.86M) | Time:00:07.15 | Remaining:00:05.94 | Mem:8.01M, Peak:8.29M | Scene, RenderLayer | Path Tracing Tile 2/4, Sample 158/512
Fra:1 Mem:23.33M (0.00M, Peak 25.86M) | Time:00:08.15 | Remaining:00:04.94 | Mem:8.01M, Peak:8.29M | Scene, RenderLayer | Path Tracing Tile 2/4, Sample 264/512
Fra:1 Mem:23.33M (0.00M, Peak 25.86M) | Time:00:09.15 | Remaining:00:03.93 | Mem:8.01M, Peak:8.29M | Scene, RenderLayer | Path Tracing Tile 2/4, Sample 370/512
Fra:1 Mem:23.33M (0.00M, Peak 25.86M) | Time:00:10.16 | Remaining:00:02.93 | Mem:8.01M, Peak:8.29M | Scene, RenderLayer | Path Tracing Tile 2/4, Sample 476/512
Fra:1 Mem:21.36M (0.00M, Peak 25.86M) | Time:00:10.50 | Remaining:00:02.59 | Mem:6.04M, Peak:8.29M | Scene, RenderLayer | Path Tracing Tile 2/4, Sample 512/512
Fra:1 Mem:21.92M (0.00M, Peak 25.86M) | Time:00:10.51 | Remaining:00:02.59 | Mem:6.61M, Peak:8.29M | Scene, RenderLayer | Path Tracing Tile 3/4, Sample 512/512
Fra:1 Mem:21.92M (0.00M, Peak 25.86M) | Time:00:11.16 | Remaining:00:02.22 | Mem:6.61M, Peak:8.29M | Scene, RenderLayer | Path Tracing Tile 3/4, Sample 154/512
Fra:1 Mem:21.92M (0.00M, Peak 25.86M) | Time:00:12.16 | Remaining:00:01.62 | Mem:6.61M, Peak:8.29M | Scene, RenderLayer | Path Tracing Tile 3/4, Sample 388/512
Fra:1 Mem:21.36M (0.00M, Peak 25.86M) | Time:00:12.69 | Remaining:00:01.29 | Mem:6.04M, Peak:8.29M | Scene, RenderLayer | Path Tracing Tile 3/4, Sample 512/512
Fra:1 Mem:21.85M (0.00M, Peak 25.86M) | Time:00:12.70 | Remaining:00:01.29 | Mem:6.54M, Peak:8.29M | Scene, RenderLayer | Path Tracing Tile 4/4, Sample 512/512
Fra:1 Mem:21.85M (0.00M, Peak 25.86M) | Time:00:13.16 | Remaining:00:01.00 | Mem:6.54M, Peak:8.29M | Scene, RenderLayer | Path Tracing Tile 4/4, Sample 119/512
Fra:1 Mem:21.85M (0.00M, Peak 25.86M) | Time:00:14.16 | Remaining:00:00.36 | Mem:6.54M, Peak:8.29M | Scene, RenderLayer | Path Tracing Tile 4/4, Sample 372/512
Fra:1 Mem:21.36M (0.00M, Peak 25.86M) | Time:00:14.72 | Mem:6.04M, Peak:8.29M | Scene, RenderLayer | Path Tracing Tile 4/4, Sample 512/512
Fra:1 Mem:21.36M (0.00M, Peak 25.86M) | Time:00:14.72 | Mem:6.04M, Peak:8.29M | Scene, RenderLayer | Finished
Fra:1 Mem:12.29M (0.00M, Peak 25.86M) | Time:00:14.80 | Sce: Scene Ve:0 Fa:0 La:0
Saved: 'data/clevr-cleaned-variants/train/fovariant-22/render/images/CLEVR_val_000001.png'
 Time: 00:14.84 (Saving: 00:00.03)

read blend: /home/ubuntu/vdp-tool-chain/data/clevr_scene_data/base_scene.blend
convertViewVec: called in an invalid context
convertViewVec: called in an invalid context
convertViewVec: called in an invalid context
Fra:1 Mem:12.39M (0.00M, Peak 12.39M) | Time:00:00.00 | Preparing Scene data
Fra:1 Mem:15.71M (0.00M, Peak 15.89M) | Time:00:00.00 | Preparing Scene data
Fra:1 Mem:15.71M (0.00M, Peak 15.89M) | Time:00:00.00 | Creating Shadowbuffers
Fra:1 Mem:15.71M (0.00M, Peak 15.89M) | Time:00:00.00 | Raytree.. preparing
Fra:1 Mem:19.12M (0.00M, Peak 19.12M) | Time:00:00.00 | Raytree.. building
Fra:1 Mem:18.93M (0.00M, Peak 24.26M) | Time:00:00.06 | Raytree finished
Fra:1 Mem:18.93M (0.00M, Peak 24.26M) | Time:00:00.06 | Creating Environment maps
Fra:1 Mem:18.93M (0.00M, Peak 24.26M) | Time:00:00.06 | Caching Point Densities
Fra:1 Mem:18.93M (0.00M, Peak 24.26M) | Time:00:00.06 | Sce: Scene Ve:22866 Fa:24793 La:1
Fra:1 Mem:18.93M (0.00M, Peak 24.26M) | Time:00:00.06 | Loading voxel datasets
Fra:1 Mem:18.93M (0.00M, Peak 24.26M) | Time:00:00.06 | Sce: Scene Ve:22866 Fa:24793 La:1
Fra:1 Mem:18.94M (0.00M, Peak 24.26M) | Time:00:00.06 | Sce: Scene Ve:22866 Fa:24793 La:1
Fra:1 Mem:18.94M (0.00M, Peak 24.26M) | Time:00:00.06 | Volume preprocessing
Fra:1 Mem:18.94M (0.00M, Peak 24.26M) | Time:00:00.06 | Sce: Scene Ve:22866 Fa:24793 La:1
Fra:1 Mem:18.94M (0.00M, Peak 24.26M) | Time:00:00.06 | Sce: Scene Ve:22866 Fa:24793 La:1
Fra:1 Mem:23.01M (0.00M, Peak 24.26M) | Time:00:00.06 | Scene, Part 3-4
Fra:1 Mem:22.97M (0.00M, Peak 24.26M) | Time:00:00.06 | Scene, Part 4-4
Fra:1 Mem:22.03M (0.00M, Peak 24.26M) | Time:00:00.07 | Scene, Part 2-4
Fra:1 Mem:20.19M (0.00M, Peak 24.26M) | Time:00:00.07 | Scene, Part 1-4
Fra:1 Mem:12.27M (0.00M, Peak 24.26M) | Time:00:00.07 | Sce: Scene Ve:22866 Fa:24793 La:1
Saved: '/tmp/tmpmsfshs7i.png'
 Time: 00:00.09 (Saving: 00:00.01)

Fra:1 Mem:12.30M (0.00M, Peak 12.90M) | Time:00:00.04 | Mem:0.00M, Peak:0.00M | Scene, RenderLayer | Synchronizing object | Area
Fra:1 Mem:12.30M (0.00M, Peak 12.90M) | Time:00:00.04 | Mem:0.00M, Peak:0.00M | Scene, RenderLayer | Synchronizing object | Ground
Fra:1 Mem:12.37M (0.00M, Peak 12.90M) | Time:00:00.04 | Mem:0.00M, Peak:0.00M | Scene, RenderLayer | Synchronizing object | Empty
Fra:1 Mem:12.37M (0.00M, Peak 12.90M) | Time:00:00.04 | Mem:0.00M, Peak:0.00M | Scene, RenderLayer | Synchronizing object | Lamp_Back
Fra:1 Mem:12.37M (0.00M, Peak 12.90M) | Time:00:00.04 | Mem:0.00M, Peak:0.00M | Scene, RenderLayer | Synchronizing object | Lamp_Fill
Fra:1 Mem:12.37M (0.00M, Peak 12.90M) | Time:00:00.04 | Mem:0.00M, Peak:0.00M | Scene, RenderLayer | Synchronizing object | Lamp_Key
Fra:1 Mem:12.37M (0.00M, Peak 12.90M) | Time:00:00.04 | Mem:0.00M, Peak:0.00M | Scene, RenderLayer | Synchronizing object | Camera
Fra:1 Mem:12.37M (0.00M, Peak 12.90M) | Time:00:00.04 | Mem:0.00M, Peak:0.00M | Scene, RenderLayer | Synchronizing object | Sphere_0
Fra:1 Mem:13.63M (0.00M, Peak 15.13M) | Time:00:00.05 | Mem:0.00M, Peak:0.00M | Scene, RenderLayer | Synchronizing object | SmoothCube_v2_0
Fra:1 Mem:14.00M (0.00M, Peak 15.13M) | Time:00:00.05 | Mem:0.00M, Peak:0.00M | Scene, RenderLayer | Synchronizing object | SmoothCube_v2_1
Fra:1 Mem:14.36M (0.00M, Peak 15.13M) | Time:00:00.05 | Mem:0.00M, Peak:0.00M | Scene, RenderLayer | Initializing
Fra:1 Mem:14.36M (0.00M, Peak 15.13M) | Time:00:00.05 | Mem:0.00M, Peak:0.00M | Scene, RenderLayer | Loading render kernels (may take a few minutes the first time)
Fra:1 Mem:14.36M (0.00M, Peak 17.06M) | Time:00:00.06 | Mem:0.00M, Peak:0.00M | Scene, RenderLayer | Waiting for render to start
Fra:1 Mem:14.36M (0.00M, Peak 17.06M) | Time:00:00.07 | Mem:0.00M, Peak:0.00M | Scene, RenderLayer | Updating Scene
Fra:1 Mem:14.36M (0.00M, Peak 17.06M) | Time:00:00.07 | Mem:0.00M, Peak:0.00M | Scene, RenderLayer | Updating Shaders
Fra:1 Mem:14.62M (0.00M, Peak 17.06M) | Time:00:00.07 | Mem:0.00M, Peak:0.00M | Scene, RenderLayer | Updating Background
Fra:1 Mem:14.62M (0.00M, Peak 17.06M) | Time:00:00.07 | Mem:0.00M, Peak:0.00M | Scene, RenderLayer | Updating Camera
Fra:1 Mem:14.62M (0.00M, Peak 17.06M) | Time:00:00.07 | Mem:0.00M, Peak:0.00M | Scene, RenderLayer | Updating Meshes Flags
Fra:1 Mem:14.62M (0.00M, Peak 17.06M) | Time:00:00.07 | Mem:0.00M, Peak:0.00M | Scene, RenderLayer | Updating Objects
Fra:1 Mem:14.62M (0.00M, Peak 17.06M) | Time:00:00.07 | Mem:0.00M, Peak:0.00M | Scene, RenderLayer | Updating Objects | Copying Transformations to device
Fra:1 Mem:14.62M (0.00M, Peak 17.06M) | Time:00:00.07 | Mem:0.00M, Peak:0.00M | Scene, RenderLayer | Updating Objects | Applying Static Transformations
Fra:1 Mem:14.62M (0.00M, Peak 17.06M) | Time:00:00.07 | Mem:0.00M, Peak:0.00M | Scene, RenderLayer | Updating Meshes
Fra:1 Mem:15.34M (0.00M, Peak 17.06M) | Time:00:00.07 | Mem:0.00M, Peak:0.00M | Scene, RenderLayer | Updating Mesh | Computing attributes
Fra:1 Mem:15.45M (0.00M, Peak 17.06M) | Time:00:00.07 | Mem:0.00M, Peak:0.00M | Scene, RenderLayer | Updating Mesh | Copying Attributes to device
Fra:1 Mem:15.45M (0.00M, Peak 17.06M) | Time:00:00.07 | Mem:0.12M, Peak:0.12M | Scene, RenderLayer | Updating Scene BVH | Building
Fra:1 Mem:15.45M (0.00M, Peak 17.06M) | Time:00:00.07 | Mem:0.12M, Peak:0.12M | Scene, RenderLayer | Updating Scene BVH | Building BVH
Fra:1 Mem:18.16M (0.00M, Peak 18.16M) | Time:00:00.10 | Mem:0.12M, Peak:0.12M | Scene, RenderLayer | Updating Scene BVH | Packing BVH triangles and strands
Fra:1 Mem:20.68M (0.00M, Peak 20.68M) | Time:00:00.10 | Mem:0.12M, Peak:0.12M | Scene, RenderLayer | Updating Scene BVH | Packing BVH nodes
Fra:1 Mem:19.22M (0.00M, Peak 21.39M) | Time:00:00.11 | Mem:0.12M, Peak:0.12M | Scene, RenderLayer | Updating Scene BVH | Copying BVH to device
Fra:1 Mem:19.40M (0.00M, Peak 21.39M) | Time:00:00.11 | Mem:3.89M, Peak:3.89M | Scene, RenderLayer | Updating Mesh | Computing normals
Fra:1 Mem:21.03M (0.00M, Peak 21.39M) | Time:00:00.11 | Mem:3.89M, Peak:3.89M | Scene, RenderLayer | Updating Mesh | Copying Mesh to device
Fra:1 Mem:20.85M (0.00M, Peak 21.39M) | Time:00:00.11 | Mem:5.52M, Peak:5.52M | Scene, RenderLayer | Updating Objects Flags
Fra:1 Mem:20.85M (0.00M, Peak 21.39M) | Time:00:00.11 | Mem:5.52M, Peak:5.52M | Scene, RenderLayer | Updating Images
Fra:1 Mem:20.85M (0.00M, Peak 21.39M) | Time:00:00.11 | Mem:5.52M, Peak:5.52M | Scene, RenderLayer | Updating Camera Volume
Fra:1 Mem:20.85M (0.00M, Peak 21.39M) | Time:00:00.11 | Mem:5.52M, Peak:5.52M | Scene, RenderLayer | Updating Hair Systems
Fra:1 Mem:20.85M (0.00M, Peak 21.39M) | Time:00:00.11 | Mem:5.52M, Peak:5.52M | Scene, RenderLayer | Updating Hair settings | Copying Hair settings to device
Fra:1 Mem:20.85M (0.00M, Peak 21.39M) | Time:00:00.11 | Mem:5.52M, Peak:5.52M | Scene, RenderLayer | Updating Lookup Tables
Fra:1 Mem:20.85M (0.00M, Peak 21.39M) | Time:00:00.11 | Mem:5.77M, Peak:5.77M | Scene, RenderLayer | Updating Lights
Fra:1 Mem:20.85M (0.00M, Peak 21.39M) | Time:00:00.11 | Mem:5.77M, Peak:5.77M | Scene, RenderLayer | Updating Lights | Computing distribution
Fra:1 Mem:20.85M (0.00M, Peak 21.39M) | Time:00:00.11 | Mem:5.77M, Peak:5.77M | Scene, RenderLayer | Updating Particle Systems
Fra:1 Mem:20.85M (0.00M, Peak 21.39M) | Time:00:00.11 | Mem:5.77M, Peak:5.77M | Scene, RenderLayer | Updating Particle Systems | Copying Particles to device
Fra:1 Mem:20.85M (0.00M, Peak 21.39M) | Time:00:00.11 | Mem:5.77M, Peak:5.77M | Scene, RenderLayer | Updating Integrator
Fra:1 Mem:20.89M (0.00M, Peak 21.39M) | Time:00:00.11 | Mem:5.81M, Peak:5.81M | Scene, RenderLayer | Updating Film
Fra:1 Mem:20.90M (0.00M, Peak 21.39M) | Time:00:00.11 | Mem:5.81M, Peak:5.81M | Scene, RenderLayer | Updating Lookup Tables
Fra:1 Mem:20.90M (0.00M, Peak 21.39M) | Time:00:00.11 | Mem:5.81M, Peak:5.81M | Scene, RenderLayer | Updating Baking
Fra:1 Mem:20.90M (0.00M, Peak 21.39M) | Time:00:00.11 | Mem:5.81M, Peak:5.81M | Scene, RenderLayer | Updating Device | Writing constant memory
Fra:1 Mem:20.90M (0.00M, Peak 21.39M) | Time:00:00.11 | Mem:5.81M, Peak:5.81M | Scene, RenderLayer | Path Tracing Tile 0/4, Sample 0/512
Fra:1 Mem:23.15M (0.00M, Peak 24.40M) | Time:00:00.12 | Mem:8.06M, Peak:8.06M | Scene, RenderLayer | Path Tracing Tile 1/4, Sample 0/512
Fra:1 Mem:23.15M (0.00M, Peak 25.40M) | Time:00:01.12 | Remaining:00:11.86 | Mem:8.06M, Peak:8.06M | Scene, RenderLayer | Path Tracing Tile 1/4, Sample 94/512
Fra:1 Mem:23.15M (0.00M, Peak 25.40M) | Time:00:02.12 | Remaining:00:10.82 | Mem:8.06M, Peak:8.06M | Scene, RenderLayer | Path Tracing Tile 1/4, Sample 188/512
Fra:1 Mem:23.15M (0.00M, Peak 25.40M) | Time:00:03.13 | Remaining:00:09.81 | Mem:8.06M, Peak:8.06M | Scene, RenderLayer | Path Tracing Tile 1/4, Sample 282/512
Fra:1 Mem:23.15M (0.00M, Peak 25.40M) | Time:00:04.13 | Remaining:00:08.80 | Mem:8.06M, Peak:8.06M | Scene, RenderLayer | Path Tracing Tile 1/4, Sample 376/512
Fra:1 Mem:23.15M (0.00M, Peak 25.40M) | Time:00:05.14 | Remaining:00:07.80 | Mem:8.06M, Peak:8.06M | Scene, RenderLayer | Path Tracing Tile 1/4, Sample 470/512
Fra:1 Mem:20.90M (0.00M, Peak 25.40M) | Time:00:05.59 | Remaining:00:07.36 | Mem:5.81M, Peak:8.06M | Scene, RenderLayer | Path Tracing Tile 1/4, Sample 512/512
Fra:1 Mem:22.86M (0.00M, Peak 25.40M) | Time:00:05.60 | Remaining:00:07.37 | Mem:7.78M, Peak:8.06M | Scene, RenderLayer | Path Tracing Tile 2/4, Sample 512/512
Fra:1 Mem:22.86M (0.00M, Peak 25.40M) | Time:00:06.14 | Remaining:00:06.73 | Mem:7.78M, Peak:8.06M | Scene, RenderLayer | Path Tracing Tile 2/4, Sample 63/512
Fra:1 Mem:22.86M (0.00M, Peak 25.40M) | Time:00:07.15 | Remaining:00:05.59 | Mem:7.78M, Peak:8.06M | Scene, RenderLayer | Path Tracing Tile 2/4, Sample 179/512
Fra:1 Mem:22.86M (0.00M, Peak 25.40M) | Time:00:08.15 | Remaining:00:04.50 | Mem:7.78M, Peak:8.06M | Scene, RenderLayer | Path Tracing Tile 2/4, Sample 294/512
Fra:1 Mem:22.86M (0.00M, Peak 25.40M) | Time:00:09.15 | Remaining:00:03.43 | Mem:7.78M, Peak:8.06M | Scene, RenderLayer | Path Tracing Tile 2/4, Sample 409/512
Fra:1 Mem:20.90M (0.00M, Peak 25.40M) | Time:00:10.05 | Remaining:00:02.48 | Mem:5.81M, Peak:8.06M | Scene, RenderLayer | Path Tracing Tile 2/4, Sample 512/512
Fra:1 Mem:21.46M (0.00M, Peak 25.40M) | Time:00:10.06 | Remaining:00:02.48 | Mem:6.37M, Peak:8.06M | Scene, RenderLayer | Path Tracing Tile 3/4, Sample 512/512
Fra:1 Mem:21.46M (0.00M, Peak 25.40M) | Time:00:10.15 | Remaining:00:02.43 | Mem:6.37M, Peak:8.06M | Scene, RenderLayer | Path Tracing Tile 3/4, Sample 23/512
Fra:1 Mem:21.46M (0.00M, Peak 25.40M) | Time:00:11.16 | Remaining:00:01.88 | Mem:6.37M, Peak:8.06M | Scene, RenderLayer | Path Tracing Tile 3/4, Sample 261/512
Fra:1 Mem:21.46M (0.00M, Peak 25.40M) | Time:00:12.16 | Remaining:00:01.28 | Mem:6.37M, Peak:8.06M | Scene, RenderLayer | Path Tracing Tile 3/4, Sample 496/512
Fra:1 Mem:20.90M (0.00M, Peak 25.40M) | Time:00:12.23 | Remaining:00:01.24 | Mem:5.81M, Peak:8.06M | Scene, RenderLayer | Path Tracing Tile 3/4, Sample 512/512
Fra:1 Mem:21.39M (0.00M, Peak 25.40M) | Time:00:12.23 | Remaining:00:01.24 | Mem:6.30M, Peak:8.06M | Scene, RenderLayer | Path Tracing Tile 4/4, Sample 512/512
Fra:1 Mem:21.39M (0.00M, Peak 25.40M) | Time:00:13.16 | Remaining:00:00.68 | Mem:6.30M, Peak:8.06M | Scene, RenderLayer | Path Tracing Tile 4/4, Sample 239/512
Fra:1 Mem:21.39M (0.00M, Peak 25.40M) | Time:00:14.16 | Remaining:00:00.04 | Mem:6.30M, Peak:8.06M | Scene, RenderLayer | Path Tracing Tile 4/4, Sample 495/512
Fra:1 Mem:20.90M (0.00M, Peak 25.40M) | Time:00:14.23 | Mem:5.81M, Peak:8.06M | Scene, RenderLayer | Path Tracing Tile 4/4, Sample 512/512
Fra:1 Mem:20.90M (0.00M, Peak 25.40M) | Time:00:14.23 | Mem:5.81M, Peak:8.06M | Scene, RenderLayer | Finished
Fra:1 Mem:12.30M (0.00M, Peak 25.40M) | Time:00:14.31 | Sce: Scene Ve:0 Fa:0 La:0
Saved: 'data/clevr-cleaned-variants/train/fovariant-22/render/images/CLEVR_val_000002.png'
 Time: 00:14.35 (Saving: 00:00.03)

read blend: /home/ubuntu/vdp-tool-chain/data/clevr_scene_data/base_scene.blend
convertViewVec: called in an invalid context
convertViewVec: called in an invalid context
convertViewVec: called in an invalid context
Fra:1 Mem:12.39M (0.00M, Peak 12.39M) | Time:00:00.00 | Preparing Scene data
Fra:1 Mem:15.72M (0.00M, Peak 15.90M) | Time:00:00.00 | Preparing Scene data
Fra:1 Mem:15.72M (0.00M, Peak 15.90M) | Time:00:00.00 | Creating Shadowbuffers
Fra:1 Mem:15.72M (0.00M, Peak 15.90M) | Time:00:00.00 | Raytree.. preparing
Fra:1 Mem:19.12M (0.00M, Peak 19.12M) | Time:00:00.00 | Raytree.. building
Fra:1 Mem:18.94M (0.00M, Peak 24.25M) | Time:00:00.06 | Raytree finished
Fra:1 Mem:18.94M (0.00M, Peak 24.25M) | Time:00:00.06 | Creating Environment maps
Fra:1 Mem:18.94M (0.00M, Peak 24.25M) | Time:00:00.06 | Caching Point Densities
Fra:1 Mem:18.94M (0.00M, Peak 24.25M) | Time:00:00.06 | Sce: Scene Ve:22866 Fa:24776 La:1
Fra:1 Mem:18.94M (0.00M, Peak 24.25M) | Time:00:00.06 | Loading voxel datasets
Fra:1 Mem:18.94M (0.00M, Peak 24.25M) | Time:00:00.06 | Sce: Scene Ve:22866 Fa:24776 La:1
Fra:1 Mem:18.94M (0.00M, Peak 24.25M) | Time:00:00.06 | Sce: Scene Ve:22866 Fa:24776 La:1
Fra:1 Mem:18.94M (0.00M, Peak 24.25M) | Time:00:00.06 | Volume preprocessing
Fra:1 Mem:18.94M (0.00M, Peak 24.25M) | Time:00:00.06 | Sce: Scene Ve:22866 Fa:24776 La:1
Fra:1 Mem:18.94M (0.00M, Peak 24.25M) | Time:00:00.06 | Sce: Scene Ve:22866 Fa:24776 La:1
Fra:1 Mem:23.28M (0.00M, Peak 24.25M) | Time:00:00.06 | Scene, Part 3-4
Fra:1 Mem:22.97M (0.00M, Peak 24.25M) | Time:00:00.06 | Scene, Part 4-4
Fra:1 Mem:22.04M (0.00M, Peak 24.25M) | Time:00:00.07 | Scene, Part 2-4
Fra:1 Mem:20.19M (0.00M, Peak 24.25M) | Time:00:00.07 | Scene, Part 1-4
Fra:1 Mem:12.28M (0.00M, Peak 24.25M) | Time:00:00.07 | Sce: Scene Ve:22866 Fa:24776 La:1
Saved: '/tmp/tmpvr3fs059.png'
 Time: 00:00.09 (Saving: 00:00.01)

Fra:1 Mem:12.31M (0.00M, Peak 12.91M) | Time:00:00.04 | Mem:0.00M, Peak:0.00M | Scene, RenderLayer | Synchronizing object | Area
Fra:1 Mem:12.31M (0.00M, Peak 12.91M) | Time:00:00.04 | Mem:0.00M, Peak:0.00M | Scene, RenderLayer | Synchronizing object | Ground
Fra:1 Mem:12.38M (0.00M, Peak 12.91M) | Time:00:00.04 | Mem:0.00M, Peak:0.00M | Scene, RenderLayer | Synchronizing object | Empty
Fra:1 Mem:12.38M (0.00M, Peak 12.91M) | Time:00:00.04 | Mem:0.00M, Peak:0.00M | Scene, RenderLayer | Synchronizing object | Lamp_Back
Fra:1 Mem:12.38M (0.00M, Peak 12.91M) | Time:00:00.04 | Mem:0.00M, Peak:0.00M | Scene, RenderLayer | Synchronizing object | Lamp_Fill
Fra:1 Mem:12.38M (0.00M, Peak 12.91M) | Time:00:00.04 | Mem:0.00M, Peak:0.00M | Scene, RenderLayer | Synchronizing object | Lamp_Key
Fra:1 Mem:12.38M (0.00M, Peak 12.91M) | Time:00:00.04 | Mem:0.00M, Peak:0.00M | Scene, RenderLayer | Synchronizing object | Camera
Fra:1 Mem:12.38M (0.00M, Peak 12.91M) | Time:00:00.04 | Mem:0.00M, Peak:0.00M | Scene, RenderLayer | Synchronizing object | Sphere_0
Fra:1 Mem:13.87M (0.00M, Peak 15.31M) | Time:00:00.05 | Mem:0.00M, Peak:0.00M | Scene, RenderLayer | Synchronizing object | SmoothCube_v2_0
Fra:1 Mem:14.18M (0.00M, Peak 15.31M) | Time:00:00.05 | Mem:0.00M, Peak:0.00M | Scene, RenderLayer | Synchronizing object | SmoothCube_v2_1
Fra:1 Mem:14.49M (0.00M, Peak 15.31M) | Time:00:00.05 | Mem:0.00M, Peak:0.00M | Scene, RenderLayer | Initializing
Fra:1 Mem:14.49M (0.00M, Peak 15.31M) | Time:00:00.05 | Mem:0.00M, Peak:0.00M | Scene, RenderLayer | Loading render kernels (may take a few minutes the first time)
Fra:1 Mem:14.49M (0.00M, Peak 17.19M) | Time:00:00.07 | Mem:0.00M, Peak:0.00M | Scene, RenderLayer | Waiting for render to start
Fra:1 Mem:14.49M (0.00M, Peak 17.19M) | Time:00:00.07 | Mem:0.00M, Peak:0.00M | Scene, RenderLayer | Updating Scene
Fra:1 Mem:14.49M (0.00M, Peak 17.19M) | Time:00:00.07 | Mem:0.00M, Peak:0.00M | Scene, RenderLayer | Updating Shaders
Fra:1 Mem:14.74M (0.00M, Peak 17.19M) | Time:00:00.07 | Mem:0.00M, Peak:0.00M | Scene, RenderLayer | Updating Background
Fra:1 Mem:14.74M (0.00M, Peak 17.19M) | Time:00:00.07 | Mem:0.00M, Peak:0.00M | Scene, RenderLayer | Updating Camera
Fra:1 Mem:14.74M (0.00M, Peak 17.19M) | Time:00:00.07 | Mem:0.00M, Peak:0.00M | Scene, RenderLayer | Updating Meshes Flags
Fra:1 Mem:14.74M (0.00M, Peak 17.19M) | Time:00:00.07 | Mem:0.00M, Peak:0.00M | Scene, RenderLayer | Updating Objects
Fra:1 Mem:14.74M (0.00M, Peak 17.19M) | Time:00:00.07 | Mem:0.00M, Peak:0.00M | Scene, RenderLayer | Updating Objects | Copying Transformations to device
Fra:1 Mem:14.74M (0.00M, Peak 17.19M) | Time:00:00.07 | Mem:0.00M, Peak:0.00M | Scene, RenderLayer | Updating Objects | Applying Static Transformations
Fra:1 Mem:14.74M (0.00M, Peak 17.19M) | Time:00:00.07 | Mem:0.00M, Peak:0.00M | Scene, RenderLayer | Updating Meshes
Fra:1 Mem:15.46M (0.00M, Peak 17.19M) | Time:00:00.07 | Mem:0.00M, Peak:0.00M | Scene, RenderLayer | Updating Mesh | Computing attributes
Fra:1 Mem:15.70M (0.00M, Peak 17.19M) | Time:00:00.07 | Mem:0.00M, Peak:0.00M | Scene, RenderLayer | Updating Mesh | Copying Attributes to device
Fra:1 Mem:15.70M (0.00M, Peak 17.19M) | Time:00:00.07 | Mem:0.24M, Peak:0.24M | Scene, RenderLayer | Updating Scene BVH | Building
Fra:1 Mem:15.70M (0.00M, Peak 17.19M) | Time:00:00.07 | Mem:0.24M, Peak:0.24M | Scene, RenderLayer | Updating Scene BVH | Building BVH
Fra:1 Mem:18.40M (0.00M, Peak 18.40M) | Time:00:00.10 | Mem:0.24M, Peak:0.24M | Scene, RenderLayer | Updating Scene BVH | Packing BVH triangles and strands
Fra:1 Mem:20.92M (0.00M, Peak 20.92M) | Time:00:00.10 | Mem:0.24M, Peak:0.24M | Scene, RenderLayer | Updating Scene BVH | Packing BVH nodes
Fra:1 Mem:19.47M (0.00M, Peak 21.63M) | Time:00:00.10 | Mem:0.24M, Peak:0.24M | Scene, RenderLayer | Updating Scene BVH | Copying BVH to device
Fra:1 Mem:19.65M (0.00M, Peak 21.63M) | Time:00:00.11 | Mem:4.01M, Peak:4.01M | Scene, RenderLayer | Updating Mesh | Computing normals
Fra:1 Mem:21.27M (0.00M, Peak 21.63M) | Time:00:00.11 | Mem:4.01M, Peak:4.01M | Scene, RenderLayer | Updating Mesh | Copying Mesh to device
Fra:1 Mem:21.09M (0.00M, Peak 21.63M) | Time:00:00.11 | Mem:5.63M, Peak:5.63M | Scene, RenderLayer | Updating Objects Flags
Fra:1 Mem:21.09M (0.00M, Peak 21.63M) | Time:00:00.11 | Mem:5.63M, Peak:5.63M | Scene, RenderLayer | Updating Images
Fra:1 Mem:21.09M (0.00M, Peak 21.63M) | Time:00:00.11 | Mem:5.63M, Peak:5.63M | Scene, RenderLayer | Updating Camera Volume
Fra:1 Mem:21.09M (0.00M, Peak 21.63M) | Time:00:00.11 | Mem:5.63M, Peak:5.63M | Scene, RenderLayer | Updating Hair Systems
Fra:1 Mem:21.09M (0.00M, Peak 21.63M) | Time:00:00.11 | Mem:5.63M, Peak:5.63M | Scene, RenderLayer | Updating Hair settings | Copying Hair settings to device
Fra:1 Mem:21.09M (0.00M, Peak 21.63M) | Time:00:00.11 | Mem:5.63M, Peak:5.63M | Scene, RenderLayer | Updating Lookup Tables
Fra:1 Mem:21.09M (0.00M, Peak 21.63M) | Time:00:00.11 | Mem:5.88M, Peak:5.88M | Scene, RenderLayer | Updating Lights
Fra:1 Mem:21.09M (0.00M, Peak 21.63M) | Time:00:00.11 | Mem:5.88M, Peak:5.88M | Scene, RenderLayer | Updating Lights | Computing distribution
Fra:1 Mem:21.09M (0.00M, Peak 21.63M) | Time:00:00.11 | Mem:5.88M, Peak:5.88M | Scene, RenderLayer | Updating Particle Systems
Fra:1 Mem:21.09M (0.00M, Peak 21.63M) | Time:00:00.11 | Mem:5.88M, Peak:5.88M | Scene, RenderLayer | Updating Particle Systems | Copying Particles to device
Fra:1 Mem:21.09M (0.00M, Peak 21.63M) | Time:00:00.11 | Mem:5.88M, Peak:5.88M | Scene, RenderLayer | Updating Integrator
Fra:1 Mem:21.13M (0.00M, Peak 21.63M) | Time:00:00.11 | Mem:5.92M, Peak:5.92M | Scene, RenderLayer | Updating Film
Fra:1 Mem:21.14M (0.00M, Peak 21.63M) | Time:00:00.11 | Mem:5.92M, Peak:5.92M | Scene, RenderLayer | Updating Lookup Tables
Fra:1 Mem:21.14M (0.00M, Peak 21.63M) | Time:00:00.11 | Mem:5.93M, Peak:5.93M | Scene, RenderLayer | Updating Baking
Fra:1 Mem:21.14M (0.00M, Peak 21.63M) | Time:00:00.11 | Mem:5.93M, Peak:5.93M | Scene, RenderLayer | Updating Device | Writing constant memory
Fra:1 Mem:21.14M (0.00M, Peak 21.63M) | Time:00:00.11 | Mem:5.93M, Peak:5.93M | Scene, RenderLayer | Path Tracing Tile 0/4, Sample 0/512
Fra:1 Mem:23.39M (0.00M, Peak 24.64M) | Time:00:00.11 | Mem:8.18M, Peak:8.18M | Scene, RenderLayer | Path Tracing Tile 1/4, Sample 0/512
Fra:1 Mem:23.39M (0.00M, Peak 25.64M) | Time:00:01.12 | Remaining:00:12.56 | Mem:8.18M, Peak:8.18M | Scene, RenderLayer | Path Tracing Tile 1/4, Sample 89/512
Fra:1 Mem:23.39M (0.00M, Peak 25.64M) | Time:00:02.12 | Remaining:00:11.52 | Mem:8.18M, Peak:8.18M | Scene, RenderLayer | Path Tracing Tile 1/4, Sample 178/512
Fra:1 Mem:23.39M (0.00M, Peak 25.64M) | Time:00:03.12 | Remaining:00:10.51 | Mem:8.18M, Peak:8.18M | Scene, RenderLayer | Path Tracing Tile 1/4, Sample 267/512
Fra:1 Mem:23.39M (0.00M, Peak 25.64M) | Time:00:04.12 | Remaining:00:09.51 | Mem:8.18M, Peak:8.18M | Scene, RenderLayer | Path Tracing Tile 1/4, Sample 356/512
Fra:1 Mem:23.39M (0.00M, Peak 25.64M) | Time:00:05.13 | Remaining:00:08.51 | Mem:8.18M, Peak:8.18M | Scene, RenderLayer | Path Tracing Tile 1/4, Sample 445/512
Fra:1 Mem:21.14M (0.00M, Peak 25.64M) | Time:00:05.89 | Remaining:00:07.76 | Mem:5.93M, Peak:8.18M | Scene, RenderLayer | Path Tracing Tile 1/4, Sample 512/512
Fra:1 Mem:23.11M (0.00M, Peak 25.64M) | Time:00:05.89 | Remaining:00:07.76 | Mem:7.90M, Peak:8.18M | Scene, RenderLayer | Path Tracing Tile 2/4, Sample 512/512
Fra:1 Mem:23.11M (0.00M, Peak 25.64M) | Time:00:06.13 | Remaining:00:07.49 | Mem:7.90M, Peak:8.18M | Scene, RenderLayer | Path Tracing Tile 2/4, Sample 26/512
Fra:1 Mem:23.11M (0.00M, Peak 25.64M) | Time:00:07.14 | Remaining:00:06.39 | Mem:7.90M, Peak:8.18M | Scene, RenderLayer | Path Tracing Tile 2/4, Sample 133/512
Fra:1 Mem:23.11M (0.00M, Peak 25.64M) | Time:00:08.15 | Remaining:00:05.32 | Mem:7.90M, Peak:8.18M | Scene, RenderLayer | Path Tracing Tile 2/4, Sample 240/512
Fra:1 Mem:23.11M (0.00M, Peak 25.64M) | Time:00:09.15 | Remaining:00:04.26 | Mem:7.90M, Peak:8.18M | Scene, RenderLayer | Path Tracing Tile 2/4, Sample 347/512
Fra:1 Mem:23.11M (0.00M, Peak 25.64M) | Time:00:10.16 | Remaining:00:03.22 | Mem:7.90M, Peak:8.18M | Scene, RenderLayer | Path Tracing Tile 2/4, Sample 453/512
Fra:1 Mem:21.14M (0.00M, Peak 25.64M) | Time:00:10.72 | Remaining:00:02.65 | Mem:5.93M, Peak:8.18M | Scene, RenderLayer | Path Tracing Tile 2/4, Sample 512/512
Fra:1 Mem:21.70M (0.00M, Peak 25.64M) | Time:00:10.72 | Remaining:00:02.65 | Mem:6.49M, Peak:8.18M | Scene, RenderLayer | Path Tracing Tile 3/4, Sample 512/512
Fra:1 Mem:21.70M (0.00M, Peak 25.64M) | Time:00:11.16 | Remaining:00:02.40 | Mem:6.49M, Peak:8.18M | Scene, RenderLayer | Path Tracing Tile 3/4, Sample 103/512
Fra:1 Mem:21.70M (0.00M, Peak 25.64M) | Time:00:12.16 | Remaining:00:01.79 | Mem:6.49M, Peak:8.18M | Scene, RenderLayer | Path Tracing Tile 3/4, Sample 337/512
Fra:1 Mem:21.14M (0.00M, Peak 25.64M) | Time:00:12.92 | Remaining:00:01.31 | Mem:5.93M, Peak:8.18M | Scene, RenderLayer | Path Tracing Tile 3/4, Sample 512/512
Fra:1 Mem:21.63M (0.00M, Peak 25.64M) | Time:00:12.92 | Remaining:00:01.31 | Mem:6.42M, Peak:8.18M | Scene, RenderLayer | Path Tracing Tile 4/4, Sample 512/512
Fra:1 Mem:21.63M (0.00M, Peak 25.64M) | Time:00:13.16 | Remaining:00:01.16 | Mem:6.42M, Peak:8.18M | Scene, RenderLayer | Path Tracing Tile 4/4, Sample 62/512
Fra:1 Mem:21.63M (0.00M, Peak 25.64M) | Time:00:14.17 | Remaining:00:00.52 | Mem:6.42M, Peak:8.18M | Scene, RenderLayer | Path Tracing Tile 4/4, Sample 315/512
Fra:1 Mem:21.14M (0.00M, Peak 25.64M) | Time:00:14.95 | Mem:5.93M, Peak:8.18M | Scene, RenderLayer | Path Tracing Tile 4/4, Sample 512/512
Fra:1 Mem:21.14M (0.00M, Peak 25.64M) | Time:00:14.95 | Mem:5.93M, Peak:8.18M | Scene, RenderLayer | Finished
Fra:1 Mem:12.31M (0.00M, Peak 25.64M) | Time:00:15.03 | Sce: Scene Ve:0 Fa:0 La:0
Saved: 'data/clevr-cleaned-variants/train/fovariant-22/render/images/CLEVR_val_000003.png'
 Time: 00:15.07 (Saving: 00:00.03)

read blend: /home/ubuntu/vdp-tool-chain/data/clevr_scene_data/base_scene.blend
convertViewVec: called in an invalid context
convertViewVec: called in an invalid context
convertViewVec: called in an invalid context
convertViewVec: called in an invalid context
Fra:1 Mem:12.93M (0.00M, Peak 12.93M) | Time:00:00.00 | Preparing Scene data
Fra:1 Mem:16.94M (0.00M, Peak 17.11M) | Time:00:00.00 | Preparing Scene data
Fra:1 Mem:16.94M (0.00M, Peak 17.11M) | Time:00:00.00 | Creating Shadowbuffers
Fra:1 Mem:16.94M (0.00M, Peak 17.11M) | Time:00:00.00 | Raytree.. preparing
Fra:1 Mem:20.97M (0.00M, Peak 20.97M) | Time:00:00.01 | Raytree.. building
Fra:1 Mem:20.76M (0.00M, Peak 27.07M) | Time:00:00.07 | Raytree finished
Fra:1 Mem:20.76M (0.00M, Peak 27.07M) | Time:00:00.07 | Creating Environment maps
Fra:1 Mem:20.76M (0.00M, Peak 27.07M) | Time:00:00.07 | Caching Point Densities
Fra:1 Mem:20.76M (0.00M, Peak 27.07M) | Time:00:00.07 | Sce: Scene Ve:26618 Fa:29415 La:1
Fra:1 Mem:20.76M (0.00M, Peak 27.07M) | Time:00:00.07 | Loading voxel datasets
Fra:1 Mem:20.76M (0.00M, Peak 27.07M) | Time:00:00.07 | Sce: Scene Ve:26618 Fa:29415 La:1
Fra:1 Mem:20.76M (0.00M, Peak 27.07M) | Time:00:00.07 | Sce: Scene Ve:26618 Fa:29415 La:1
Fra:1 Mem:20.76M (0.00M, Peak 27.07M) | Time:00:00.07 | Volume preprocessing
Fra:1 Mem:20.76M (0.00M, Peak 27.07M) | Time:00:00.07 | Sce: Scene Ve:26618 Fa:29415 La:1
Fra:1 Mem:20.76M (0.00M, Peak 27.07M) | Time:00:00.07 | Sce: Scene Ve:26618 Fa:29415 La:1
Fra:1 Mem:24.83M (0.00M, Peak 27.07M) | Time:00:00.07 | Scene, Part 3-4
Fra:1 Mem:24.79M (0.00M, Peak 27.07M) | Time:00:00.07 | Scene, Part 4-4
Fra:1 Mem:23.86M (0.00M, Peak 27.07M) | Time:00:00.08 | Scene, Part 2-4
Fra:1 Mem:22.01M (0.00M, Peak 27.07M) | Time:00:00.08 | Scene, Part 1-4
Fra:1 Mem:12.78M (0.00M, Peak 27.07M) | Time:00:00.09 | Sce: Scene Ve:26618 Fa:29415 La:1
Saved: '/tmp/tmpy20sav6s.png'
 Time: 00:00.10 (Saving: 00:00.01)

Fra:1 Mem:12.81M (0.00M, Peak 13.41M) | Time:00:00.04 | Mem:0.00M, Peak:0.00M | Scene, RenderLayer | Synchronizing object | Area
Fra:1 Mem:12.81M (0.00M, Peak 13.41M) | Time:00:00.04 | Mem:0.00M, Peak:0.00M | Scene, RenderLayer | Synchronizing object | Ground
Fra:1 Mem:12.88M (0.00M, Peak 13.41M) | Time:00:00.04 | Mem:0.00M, Peak:0.00M | Scene, RenderLayer | Synchronizing object | Empty
Fra:1 Mem:12.88M (0.00M, Peak 13.41M) | Time:00:00.04 | Mem:0.00M, Peak:0.00M | Scene, RenderLayer | Synchronizing object | Lamp_Back
Fra:1 Mem:12.88M (0.00M, Peak 13.41M) | Time:00:00.04 | Mem:0.00M, Peak:0.00M | Scene, RenderLayer | Synchronizing object | Lamp_Fill
Fra:1 Mem:12.88M (0.00M, Peak 13.41M) | Time:00:00.04 | Mem:0.00M, Peak:0.00M | Scene, RenderLayer | Synchronizing object | Lamp_Key
Fra:1 Mem:12.88M (0.00M, Peak 13.41M) | Time:00:00.04 | Mem:0.00M, Peak:0.00M | Scene, RenderLayer | Synchronizing object | Camera
Fra:1 Mem:12.88M (0.00M, Peak 13.41M) | Time:00:00.04 | Mem:0.00M, Peak:0.00M | Scene, RenderLayer | Synchronizing object | Sphere_0
Fra:1 Mem:14.37M (0.00M, Peak 15.81M) | Time:00:00.05 | Mem:0.00M, Peak:0.00M | Scene, RenderLayer | Synchronizing object | SmoothCube_v2_0
Fra:1 Mem:14.74M (0.00M, Peak 15.81M) | Time:00:00.05 | Mem:0.00M, Peak:0.00M | Scene, RenderLayer | Synchronizing object | SmoothCube_v2_1
Fra:1 Mem:15.05M (0.00M, Peak 15.81M) | Time:00:00.05 | Mem:0.00M, Peak:0.00M | Scene, RenderLayer | Synchronizing object | SmoothCube_v2_2
Fra:1 Mem:15.36M (0.00M, Peak 15.81M) | Time:00:00.05 | Mem:0.00M, Peak:0.00M | Scene, RenderLayer | Initializing
Fra:1 Mem:15.36M (0.00M, Peak 15.81M) | Time:00:00.05 | Mem:0.00M, Peak:0.00M | Scene, RenderLayer | Loading render kernels (may take a few minutes the first time)
Fra:1 Mem:15.36M (0.00M, Peak 18.06M) | Time:00:00.07 | Mem:0.00M, Peak:0.00M | Scene, RenderLayer | Waiting for render to start
Fra:1 Mem:15.36M (0.00M, Peak 18.06M) | Time:00:00.07 | Mem:0.00M, Peak:0.00M | Scene, RenderLayer | Updating Scene
Fra:1 Mem:15.36M (0.00M, Peak 18.06M) | Time:00:00.07 | Mem:0.00M, Peak:0.00M | Scene, RenderLayer | Updating Shaders
Fra:1 Mem:15.61M (0.00M, Peak 18.06M) | Time:00:00.07 | Mem:0.00M, Peak:0.00M | Scene, RenderLayer | Updating Background
Fra:1 Mem:15.61M (0.00M, Peak 18.06M) | Time:00:00.07 | Mem:0.00M, Peak:0.00M | Scene, RenderLayer | Updating Camera
Fra:1 Mem:15.61M (0.00M, Peak 18.06M) | Time:00:00.07 | Mem:0.00M, Peak:0.00M | Scene, RenderLayer | Updating Meshes Flags
Fra:1 Mem:15.61M (0.00M, Peak 18.06M) | Time:00:00.07 | Mem:0.00M, Peak:0.00M | Scene, RenderLayer | Updating Objects
Fra:1 Mem:15.61M (0.00M, Peak 18.06M) | Time:00:00.07 | Mem:0.00M, Peak:0.00M | Scene, RenderLayer | Updating Objects | Copying Transformations to device
Fra:1 Mem:15.61M (0.00M, Peak 18.06M) | Time:00:00.07 | Mem:0.00M, Peak:0.00M | Scene, RenderLayer | Updating Objects | Applying Static Transformations
Fra:1 Mem:15.61M (0.00M, Peak 18.06M) | Time:00:00.07 | Mem:0.00M, Peak:0.00M | Scene, RenderLayer | Updating Meshes
Fra:1 Mem:16.45M (0.00M, Peak 18.06M) | Time:00:00.07 | Mem:0.00M, Peak:0.00M | Scene, RenderLayer | Updating Mesh | Computing attributes
Fra:1 Mem:16.74M (0.00M, Peak 18.06M) | Time:00:00.07 | Mem:0.00M, Peak:0.00M | Scene, RenderLayer | Updating Mesh | Copying Attributes to device
Fra:1 Mem:16.74M (0.00M, Peak 18.06M) | Time:00:00.07 | Mem:0.30M, Peak:0.30M | Scene, RenderLayer | Updating Scene BVH | Building
Fra:1 Mem:16.74M (0.00M, Peak 18.06M) | Time:00:00.07 | Mem:0.30M, Peak:0.30M | Scene, RenderLayer | Updating Scene BVH | Building BVH
Fra:1 Mem:19.87M (0.00M, Peak 19.87M) | Time:00:00.11 | Mem:0.30M, Peak:0.30M | Scene, RenderLayer | Updating Scene BVH | Packing BVH triangles and strands
Fra:1 Mem:22.79M (0.00M, Peak 22.79M) | Time:00:00.11 | Mem:0.30M, Peak:0.30M | Scene, RenderLayer | Updating Scene BVH | Packing BVH nodes
Fra:1 Mem:21.11M (0.00M, Peak 23.61M) | Time:00:00.12 | Mem:0.30M, Peak:0.30M | Scene, RenderLayer | Updating Scene BVH | Copying BVH to device
Fra:1 Mem:21.32M (0.00M, Peak 23.61M) | Time:00:00.12 | Mem:4.66M, Peak:4.66M | Scene, RenderLayer | Updating Mesh | Computing normals
Fra:1 Mem:23.20M (0.00M, Peak 23.61M) | Time:00:00.12 | Mem:4.66M, Peak:4.66M | Scene, RenderLayer | Updating Mesh | Copying Mesh to device
Fra:1 Mem:22.99M (0.00M, Peak 23.61M) | Time:00:00.12 | Mem:6.55M, Peak:6.55M | Scene, RenderLayer | Updating Objects Flags
Fra:1 Mem:22.99M (0.00M, Peak 23.61M) | Time:00:00.12 | Mem:6.55M, Peak:6.55M | Scene, RenderLayer | Updating Images
Fra:1 Mem:22.99M (0.00M, Peak 23.61M) | Time:00:00.12 | Mem:6.55M, Peak:6.55M | Scene, RenderLayer | Updating Camera Volume
Fra:1 Mem:22.99M (0.00M, Peak 23.61M) | Time:00:00.12 | Mem:6.55M, Peak:6.55M | Scene, RenderLayer | Updating Hair Systems
Fra:1 Mem:22.99M (0.00M, Peak 23.61M) | Time:00:00.12 | Mem:6.55M, Peak:6.55M | Scene, RenderLayer | Updating Hair settings | Copying Hair settings to device
Fra:1 Mem:22.99M (0.00M, Peak 23.61M) | Time:00:00.12 | Mem:6.55M, Peak:6.55M | Scene, RenderLayer | Updating Lookup Tables
Fra:1 Mem:22.99M (0.00M, Peak 23.61M) | Time:00:00.12 | Mem:6.80M, Peak:6.80M | Scene, RenderLayer | Updating Lights
Fra:1 Mem:22.99M (0.00M, Peak 23.61M) | Time:00:00.12 | Mem:6.80M, Peak:6.80M | Scene, RenderLayer | Updating Lights | Computing distribution
Fra:1 Mem:22.99M (0.00M, Peak 23.61M) | Time:00:00.12 | Mem:6.80M, Peak:6.80M | Scene, RenderLayer | Updating Particle Systems
Fra:1 Mem:22.99M (0.00M, Peak 23.61M) | Time:00:00.12 | Mem:6.80M, Peak:6.80M | Scene, RenderLayer | Updating Particle Systems | Copying Particles to device
Fra:1 Mem:22.99M (0.00M, Peak 23.61M) | Time:00:00.12 | Mem:6.80M, Peak:6.80M | Scene, RenderLayer | Updating Integrator
Fra:1 Mem:23.03M (0.00M, Peak 23.61M) | Time:00:00.12 | Mem:6.84M, Peak:6.84M | Scene, RenderLayer | Updating Film
Fra:1 Mem:23.04M (0.00M, Peak 23.61M) | Time:00:00.12 | Mem:6.84M, Peak:6.84M | Scene, RenderLayer | Updating Lookup Tables
Fra:1 Mem:23.04M (0.00M, Peak 23.61M) | Time:00:00.12 | Mem:6.84M, Peak:6.84M | Scene, RenderLayer | Updating Baking
Fra:1 Mem:23.04M (0.00M, Peak 23.61M) | Time:00:00.12 | Mem:6.84M, Peak:6.84M | Scene, RenderLayer | Updating Device | Writing constant memory
Fra:1 Mem:23.04M (0.00M, Peak 23.61M) | Time:00:00.12 | Mem:6.84M, Peak:6.84M | Scene, RenderLayer | Path Tracing Tile 0/4, Sample 0/512
Fra:1 Mem:25.29M (0.00M, Peak 26.54M) | Time:00:00.12 | Mem:9.09M, Peak:9.09M | Scene, RenderLayer | Path Tracing Tile 1/4, Sample 0/512
Fra:1 Mem:25.29M (0.00M, Peak 27.54M) | Time:00:01.13 | Remaining:00:11.00 | Mem:9.09M, Peak:9.09M | Scene, RenderLayer | Path Tracing Tile 1/4, Sample 101/512
Fra:1 Mem:25.29M (0.00M, Peak 27.54M) | Time:00:02.14 | Remaining:00:09.96 | Mem:9.09M, Peak:9.09M | Scene, RenderLayer | Path Tracing Tile 1/4, Sample 202/512
Fra:1 Mem:25.29M (0.00M, Peak 27.54M) | Time:00:03.15 | Remaining:00:08.95 | Mem:9.09M, Peak:9.09M | Scene, RenderLayer | Path Tracing Tile 1/4, Sample 303/512
Fra:1 Mem:25.29M (0.00M, Peak 27.54M) | Time:00:04.15 | Remaining:00:07.94 | Mem:9.09M, Peak:9.09M | Scene, RenderLayer | Path Tracing Tile 1/4, Sample 404/512
Fra:1 Mem:25.29M (0.00M, Peak 27.54M) | Time:00:05.16 | Remaining:00:06.95 | Mem:9.09M, Peak:9.09M | Scene, RenderLayer | Path Tracing Tile 1/4, Sample 504/512
Fra:1 Mem:23.04M (0.00M, Peak 27.54M) | Time:00:05.24 | Remaining:00:06.87 | Mem:6.84M, Peak:9.09M | Scene, RenderLayer | Path Tracing Tile 1/4, Sample 512/512
Fra:1 Mem:25.00M (0.00M, Peak 27.54M) | Time:00:05.24 | Remaining:00:06.88 | Mem:8.81M, Peak:9.09M | Scene, RenderLayer | Path Tracing Tile 2/4, Sample 512/512
Fra:1 Mem:25.00M (0.00M, Peak 27.54M) | Time:00:06.16 | Remaining:00:05.82 | Mem:8.81M, Peak:9.09M | Scene, RenderLayer | Path Tracing Tile 2/4, Sample 113/512
Fra:1 Mem:25.00M (0.00M, Peak 27.54M) | Time:00:07.16 | Remaining:00:04.70 | Mem:8.81M, Peak:9.09M | Scene, RenderLayer | Path Tracing Tile 2/4, Sample 237/512
Fra:1 Mem:25.00M (0.00M, Peak 27.54M) | Time:00:08.17 | Remaining:00:03.62 | Mem:8.81M, Peak:9.09M | Scene, RenderLayer | Path Tracing Tile 2/4, Sample 360/512
Fra:1 Mem:25.00M (0.00M, Peak 27.54M) | Time:00:09.17 | Remaining:00:02.57 | Mem:8.81M, Peak:9.09M | Scene, RenderLayer | Path Tracing Tile 2/4, Sample 482/512
Fra:1 Mem:23.04M (0.00M, Peak 27.54M) | Time:00:09.41 | Remaining:00:02.32 | Mem:6.84M, Peak:9.09M | Scene, RenderLayer | Path Tracing Tile 2/4, Sample 512/512
Fra:1 Mem:23.60M (0.00M, Peak 27.54M) | Time:00:09.42 | Remaining:00:02.32 | Mem:7.41M, Peak:9.09M | Scene, RenderLayer | Path Tracing Tile 3/4, Sample 512/512
Fra:1 Mem:23.60M (0.00M, Peak 27.54M) | Time:00:10.17 | Remaining:00:01.94 | Mem:7.41M, Peak:9.09M | Scene, RenderLayer | Path Tracing Tile 3/4, Sample 180/512
Fra:1 Mem:23.60M (0.00M, Peak 27.54M) | Time:00:11.17 | Remaining:00:01.40 | Mem:7.41M, Peak:9.09M | Scene, RenderLayer | Path Tracing Tile 3/4, Sample 419/512
Fra:1 Mem:23.04M (0.00M, Peak 27.54M) | Time:00:11.56 | Remaining:00:01.17 | Mem:6.84M, Peak:9.09M | Scene, RenderLayer | Path Tracing Tile 3/4, Sample 512/512
Fra:1 Mem:23.53M (0.00M, Peak 27.54M) | Time:00:11.56 | Remaining:00:01.17 | Mem:7.34M, Peak:9.09M | Scene, RenderLayer | Path Tracing Tile 4/4, Sample 512/512
Fra:1 Mem:23.53M (0.00M, Peak 27.54M) | Time:00:12.17 | Remaining:00:00.83 | Mem:7.34M, Peak:9.09M | Scene, RenderLayer | Path Tracing Tile 4/4, Sample 157/512
Fra:1 Mem:23.53M (0.00M, Peak 27.54M) | Time:00:13.17 | Remaining:00:00.23 | Mem:7.34M, Peak:9.09M | Scene, RenderLayer | Path Tracing Tile 4/4, Sample 415/512
Fra:1 Mem:23.04M (0.00M, Peak 27.54M) | Time:00:13.55 | Mem:6.84M, Peak:9.09M | Scene, RenderLayer | Path Tracing Tile 4/4, Sample 512/512
Fra:1 Mem:23.04M (0.00M, Peak 27.54M) | Time:00:13.55 | Mem:6.84M, Peak:9.09M | Scene, RenderLayer | Finished
Fra:1 Mem:12.81M (0.00M, Peak 27.54M) | Time:00:13.63 | Sce: Scene Ve:0 Fa:0 La:0
Saved: 'data/clevr-cleaned-variants/train/fovariant-22/render/images/CLEVR_val_000004.png'
 Time: 00:13.67 (Saving: 00:00.03)

read blend: /home/ubuntu/vdp-tool-chain/data/clevr_scene_data/base_scene.blend
convertViewVec: called in an invalid context
convertViewVec: called in an invalid context
Fra:1 Mem:11.88M (0.00M, Peak 11.88M) | Time:00:00.00 | Preparing Scene data
Fra:1 Mem:14.52M (0.00M, Peak 14.82M) | Time:00:00.00 | Preparing Scene data
Fra:1 Mem:14.52M (0.00M, Peak 14.82M) | Time:00:00.00 | Creating Shadowbuffers
Fra:1 Mem:14.52M (0.00M, Peak 14.82M) | Time:00:00.00 | Raytree.. preparing
Fra:1 Mem:17.29M (0.00M, Peak 17.29M) | Time:00:00.00 | Raytree.. building
Fra:1 Mem:17.14M (0.00M, Peak 21.47M) | Time:00:00.05 | Raytree finished
Fra:1 Mem:17.14M (0.00M, Peak 21.47M) | Time:00:00.05 | Creating Environment maps
Fra:1 Mem:17.14M (0.00M, Peak 21.47M) | Time:00:00.05 | Caching Point Densities
Fra:1 Mem:17.14M (0.00M, Peak 21.47M) | Time:00:00.05 | Sce: Scene Ve:19114 Fa:20174 La:1
Fra:1 Mem:17.14M (0.00M, Peak 21.47M) | Time:00:00.05 | Loading voxel datasets
Fra:1 Mem:17.14M (0.00M, Peak 21.47M) | Time:00:00.05 | Sce: Scene Ve:19114 Fa:20174 La:1
Fra:1 Mem:17.14M (0.00M, Peak 21.47M) | Time:00:00.05 | Sce: Scene Ve:19114 Fa:20174 La:1
Fra:1 Mem:17.14M (0.00M, Peak 21.47M) | Time:00:00.05 | Volume preprocessing
Fra:1 Mem:17.14M (0.00M, Peak 21.47M) | Time:00:00.05 | Sce: Scene Ve:19114 Fa:20174 La:1
Fra:1 Mem:17.14M (0.00M, Peak 21.47M) | Time:00:00.05 | Sce: Scene Ve:19114 Fa:20174 La:1
Fra:1 Mem:21.22M (0.00M, Peak 21.47M) | Time:00:00.05 | Scene, Part 3-4
Fra:1 Mem:21.18M (0.00M, Peak 21.47M) | Time:00:00.05 | Scene, Part 4-4
Fra:1 Mem:20.24M (0.00M, Peak 21.47M) | Time:00:00.06 | Scene, Part 2-4
Fra:1 Mem:18.40M (0.00M, Peak 21.47M) | Time:00:00.06 | Scene, Part 1-4
Fra:1 Mem:11.80M (0.00M, Peak 21.47M) | Time:00:00.06 | Sce: Scene Ve:19114 Fa:20174 La:1
Saved: '/tmp/tmp2r3y60as.png'
 Time: 00:00.08 (Saving: 00:00.01)

Fra:1 Mem:11.83M (0.00M, Peak 12.43M) | Time:00:00.04 | Mem:0.00M, Peak:0.00M | Scene, RenderLayer | Synchronizing object | Area
Fra:1 Mem:11.83M (0.00M, Peak 12.43M) | Time:00:00.04 | Mem:0.00M, Peak:0.00M | Scene, RenderLayer | Synchronizing object | Ground
Fra:1 Mem:11.90M (0.00M, Peak 12.43M) | Time:00:00.04 | Mem:0.00M, Peak:0.00M | Scene, RenderLayer | Synchronizing object | Empty
Fra:1 Mem:11.90M (0.00M, Peak 12.43M) | Time:00:00.04 | Mem:0.00M, Peak:0.00M | Scene, RenderLayer | Synchronizing object | Lamp_Back
Fra:1 Mem:11.90M (0.00M, Peak 12.43M) | Time:00:00.04 | Mem:0.00M, Peak:0.00M | Scene, RenderLayer | Synchronizing object | Lamp_Fill
Fra:1 Mem:11.90M (0.00M, Peak 12.43M) | Time:00:00.04 | Mem:0.00M, Peak:0.00M | Scene, RenderLayer | Synchronizing object | Lamp_Key
Fra:1 Mem:11.90M (0.00M, Peak 12.43M) | Time:00:00.04 | Mem:0.00M, Peak:0.00M | Scene, RenderLayer | Synchronizing object | Camera
Fra:1 Mem:11.90M (0.00M, Peak 12.43M) | Time:00:00.04 | Mem:0.00M, Peak:0.00M | Scene, RenderLayer | Synchronizing object | Sphere_0
Fra:1 Mem:13.39M (0.00M, Peak 14.83M) | Time:00:00.05 | Mem:0.00M, Peak:0.00M | Scene, RenderLayer | Synchronizing object | SmoothCube_v2_0
Fra:1 Mem:13.70M (0.00M, Peak 14.83M) | Time:00:00.05 | Mem:0.00M, Peak:0.00M | Scene, RenderLayer | Initializing
Fra:1 Mem:13.70M (0.00M, Peak 14.83M) | Time:00:00.05 | Mem:0.00M, Peak:0.00M | Scene, RenderLayer | Loading render kernels (may take a few minutes the first time)
Fra:1 Mem:13.70M (0.00M, Peak 16.40M) | Time:00:00.07 | Mem:0.00M, Peak:0.00M | Scene, RenderLayer | Waiting for render to start
Fra:1 Mem:13.70M (0.00M, Peak 16.40M) | Time:00:00.07 | Mem:0.00M, Peak:0.00M | Scene, RenderLayer | Updating Scene
Fra:1 Mem:13.70M (0.00M, Peak 16.40M) | Time:00:00.07 | Mem:0.00M, Peak:0.00M | Scene, RenderLayer | Updating Shaders
Fra:1 Mem:13.95M (0.00M, Peak 16.40M) | Time:00:00.07 | Mem:0.00M, Peak:0.00M | Scene, RenderLayer | Updating Background
Fra:1 Mem:13.95M (0.00M, Peak 16.40M) | Time:00:00.07 | Mem:0.00M, Peak:0.00M | Scene, RenderLayer | Updating Camera
Fra:1 Mem:13.95M (0.00M, Peak 16.40M) | Time:00:00.07 | Mem:0.00M, Peak:0.00M | Scene, RenderLayer | Updating Meshes Flags
Fra:1 Mem:13.95M (0.00M, Peak 16.40M) | Time:00:00.07 | Mem:0.00M, Peak:0.00M | Scene, RenderLayer | Updating Objects
Fra:1 Mem:13.95M (0.00M, Peak 16.40M) | Time:00:00.07 | Mem:0.00M, Peak:0.00M | Scene, RenderLayer | Updating Objects | Copying Transformations to device
Fra:1 Mem:13.95M (0.00M, Peak 16.40M) | Time:00:00.07 | Mem:0.00M, Peak:0.00M | Scene, RenderLayer | Updating Objects | Applying Static Transformations
Fra:1 Mem:13.95M (0.00M, Peak 16.40M) | Time:00:00.07 | Mem:0.00M, Peak:0.00M | Scene, RenderLayer | Updating Meshes
Fra:1 Mem:14.56M (0.00M, Peak 16.40M) | Time:00:00.07 | Mem:0.00M, Peak:0.00M | Scene, RenderLayer | Updating Mesh | Computing attributes
Fra:1 Mem:14.79M (0.00M, Peak 16.40M) | Time:00:00.07 | Mem:0.00M, Peak:0.00M | Scene, RenderLayer | Updating Mesh | Copying Attributes to device
Fra:1 Mem:14.79M (0.00M, Peak 16.40M) | Time:00:00.07 | Mem:0.24M, Peak:0.24M | Scene, RenderLayer | Updating Scene BVH | Building
Fra:1 Mem:14.79M (0.00M, Peak 16.40M) | Time:00:00.07 | Mem:0.24M, Peak:0.24M | Scene, RenderLayer | Updating Scene BVH | Building BVH
Fra:1 Mem:17.07M (0.00M, Peak 17.07M) | Time:00:00.10 | Mem:0.24M, Peak:0.24M | Scene, RenderLayer | Updating Scene BVH | Packing BVH triangles and strands
Fra:1 Mem:19.19M (0.00M, Peak 19.19M) | Time:00:00.10 | Mem:0.24M, Peak:0.24M | Scene, RenderLayer | Updating Scene BVH | Packing BVH nodes
Fra:1 Mem:17.97M (0.00M, Peak 19.79M) | Time:00:00.10 | Mem:0.24M, Peak:0.24M | Scene, RenderLayer | Updating Scene BVH | Copying BVH to device
Fra:1 Mem:18.12M (0.00M, Peak 19.79M) | Time:00:00.10 | Mem:3.41M, Peak:3.41M | Scene, RenderLayer | Updating Mesh | Computing normals
Fra:1 Mem:19.49M (0.00M, Peak 19.79M) | Time:00:00.10 | Mem:3.41M, Peak:3.41M | Scene, RenderLayer | Updating Mesh | Copying Mesh to device
Fra:1 Mem:19.34M (0.00M, Peak 19.79M) | Time:00:00.10 | Mem:4.78M, Peak:4.78M | Scene, RenderLayer | Updating Objects Flags
Fra:1 Mem:19.34M (0.00M, Peak 19.79M) | Time:00:00.10 | Mem:4.78M, Peak:4.78M | Scene, RenderLayer | Updating Images
Fra:1 Mem:19.34M (0.00M, Peak 19.79M) | Time:00:00.10 | Mem:4.78M, Peak:4.78M | Scene, RenderLayer | Updating Camera Volume
Fra:1 Mem:19.34M (0.00M, Peak 19.79M) | Time:00:00.10 | Mem:4.78M, Peak:4.78M | Scene, RenderLayer | Updating Hair Systems
Fra:1 Mem:19.34M (0.00M, Peak 19.79M) | Time:00:00.10 | Mem:4.78M, Peak:4.78M | Scene, RenderLayer | Updating Hair settings | Copying Hair settings to device
Fra:1 Mem:19.34M (0.00M, Peak 19.79M) | Time:00:00.10 | Mem:4.78M, Peak:4.78M | Scene, RenderLayer | Updating Lookup Tables
Fra:1 Mem:19.34M (0.00M, Peak 19.79M) | Time:00:00.10 | Mem:5.03M, Peak:5.03M | Scene, RenderLayer | Updating Lights
Fra:1 Mem:19.34M (0.00M, Peak 19.79M) | Time:00:00.10 | Mem:5.03M, Peak:5.03M | Scene, RenderLayer | Updating Lights | Computing distribution
Fra:1 Mem:19.34M (0.00M, Peak 19.79M) | Time:00:00.10 | Mem:5.03M, Peak:5.03M | Scene, RenderLayer | Updating Particle Systems
Fra:1 Mem:19.34M (0.00M, Peak 19.79M) | Time:00:00.10 | Mem:5.03M, Peak:5.03M | Scene, RenderLayer | Updating Particle Systems | Copying Particles to device
Fra:1 Mem:19.34M (0.00M, Peak 19.79M) | Time:00:00.10 | Mem:5.03M, Peak:5.03M | Scene, RenderLayer | Updating Integrator
Fra:1 Mem:19.38M (0.00M, Peak 19.79M) | Time:00:00.10 | Mem:5.07M, Peak:5.07M | Scene, RenderLayer | Updating Film
Fra:1 Mem:19.38M (0.00M, Peak 19.79M) | Time:00:00.10 | Mem:5.07M, Peak:5.07M | Scene, RenderLayer | Updating Lookup Tables
Fra:1 Mem:19.38M (0.00M, Peak 19.79M) | Time:00:00.10 | Mem:5.08M, Peak:5.08M | Scene, RenderLayer | Updating Baking
Fra:1 Mem:19.38M (0.00M, Peak 19.79M) | Time:00:00.10 | Mem:5.08M, Peak:5.08M | Scene, RenderLayer | Updating Device | Writing constant memory
Fra:1 Mem:19.38M (0.00M, Peak 19.79M) | Time:00:00.10 | Mem:5.08M, Peak:5.08M | Scene, RenderLayer | Path Tracing Tile 0/4, Sample 0/512
Fra:1 Mem:21.63M (0.00M, Peak 22.89M) | Time:00:00.11 | Mem:7.33M, Peak:7.33M | Scene, RenderLayer | Path Tracing Tile 1/4, Sample 0/512
Fra:1 Mem:21.63M (0.00M, Peak 23.89M) | Time:00:01.11 | Remaining:00:10.73 | Mem:7.33M, Peak:7.33M | Scene, RenderLayer | Path Tracing Tile 1/4, Sample 103/512
Fra:1 Mem:21.63M (0.00M, Peak 23.89M) | Time:00:02.11 | Remaining:00:09.69 | Mem:7.33M, Peak:7.33M | Scene, RenderLayer | Path Tracing Tile 1/4, Sample 206/512
Fra:1 Mem:21.63M (0.00M, Peak 23.89M) | Time:00:03.12 | Remaining:00:08.68 | Mem:7.33M, Peak:7.33M | Scene, RenderLayer | Path Tracing Tile 1/4, Sample 309/512
Fra:1 Mem:21.63M (0.00M, Peak 23.89M) | Time:00:04.12 | Remaining:00:07.68 | Mem:7.33M, Peak:7.33M | Scene, RenderLayer | Path Tracing Tile 1/4, Sample 412/512
Fra:1 Mem:19.38M (0.00M, Peak 23.89M) | Time:00:05.10 | Remaining:00:06.72 | Mem:5.08M, Peak:7.33M | Scene, RenderLayer | Path Tracing Tile 1/4, Sample 512/512
Fra:1 Mem:21.35M (0.00M, Peak 23.89M) | Time:00:05.11 | Remaining:00:06.72 | Mem:7.05M, Peak:7.33M | Scene, RenderLayer | Path Tracing Tile 2/4, Sample 512/512
Fra:1 Mem:21.35M (0.00M, Peak 23.89M) | Time:00:05.13 | Remaining:00:06.71 | Mem:7.05M, Peak:7.33M | Scene, RenderLayer | Path Tracing Tile 2/4, Sample 2/512
Fra:1 Mem:21.35M (0.00M, Peak 23.89M) | Time:00:06.13 | Remaining:00:05.74 | Mem:7.05M, Peak:7.33M | Scene, RenderLayer | Path Tracing Tile 2/4, Sample 117/512
Fra:1 Mem:21.35M (0.00M, Peak 23.89M) | Time:00:07.13 | Remaining:00:04.76 | Mem:7.05M, Peak:7.33M | Scene, RenderLayer | Path Tracing Tile 2/4, Sample 232/512
Fra:1 Mem:21.35M (0.00M, Peak 23.89M) | Time:00:08.13 | Remaining:00:03.79 | Mem:7.05M, Peak:7.33M | Scene, RenderLayer | Path Tracing Tile 2/4, Sample 346/512
Fra:1 Mem:21.35M (0.00M, Peak 23.89M) | Time:00:09.14 | Remaining:00:02.82 | Mem:7.05M, Peak:7.33M | Scene, RenderLayer | Path Tracing Tile 2/4, Sample 460/512
Fra:1 Mem:19.38M (0.00M, Peak 23.89M) | Time:00:09.60 | Remaining:00:02.37 | Mem:5.08M, Peak:7.33M | Scene, RenderLayer | Path Tracing Tile 2/4, Sample 512/512
Fra:1 Mem:19.95M (0.00M, Peak 23.89M) | Time:00:09.60 | Remaining:00:02.37 | Mem:5.64M, Peak:7.33M | Scene, RenderLayer | Path Tracing Tile 3/4, Sample 512/512
Fra:1 Mem:19.95M (0.00M, Peak 23.89M) | Time:00:10.14 | Remaining:00:02.09 | Mem:5.64M, Peak:7.33M | Scene, RenderLayer | Path Tracing Tile 3/4, Sample 130/512
Fra:1 Mem:19.95M (0.00M, Peak 23.89M) | Time:00:11.14 | Remaining:00:01.54 | Mem:5.64M, Peak:7.33M | Scene, RenderLayer | Path Tracing Tile 3/4, Sample 369/512
Fra:1 Mem:19.38M (0.00M, Peak 23.89M) | Time:00:11.75 | Remaining:00:01.19 | Mem:5.08M, Peak:7.33M | Scene, RenderLayer | Path Tracing Tile 3/4, Sample 512/512
Fra:1 Mem:19.88M (0.00M, Peak 23.89M) | Time:00:11.75 | Remaining:00:01.19 | Mem:5.57M, Peak:7.33M | Scene, RenderLayer | Path Tracing Tile 4/4, Sample 512/512
Fra:1 Mem:19.88M (0.00M, Peak 23.89M) | Time:00:12.14 | Remaining:00:00.96 | Mem:5.57M, Peak:7.33M | Scene, RenderLayer | Path Tracing Tile 4/4, Sample 103/512
Fra:1 Mem:19.88M (0.00M, Peak 23.89M) | Time:00:13.14 | Remaining:00:00.36 | Mem:5.57M, Peak:7.33M | Scene, RenderLayer | Path Tracing Tile 4/4, Sample 361/512
Fra:1 Mem:19.38M (0.00M, Peak 23.89M) | Time:00:13.73 | Mem:5.08M, Peak:7.33M | Scene, RenderLayer | Path Tracing Tile 4/4, Sample 512/512
Fra:1 Mem:19.38M (0.00M, Peak 23.89M) | Time:00:13.73 | Mem:5.08M, Peak:7.33M | Scene, RenderLayer | Finished
Fra:1 Mem:11.83M (0.00M, Peak 23.89M) | Time:00:13.81 | Sce: Scene Ve:0 Fa:0 La:0
Saved: 'data/clevr-cleaned-variants/train/fovariant-22/render/images/CLEVR_val_000005.png'
 Time: 00:13.85 (Saving: 00:00.03)


Blender quit

INFO test_net.py:  81: Called with args:
INFO test_net.py:  82: Namespace(cfg_file='clevr_inference/scene_parse/mask_rcnn/configs/baselines/e2e_mask_rcnn_R-50-FPN_1x.yaml', clevr_comp_cat=1, dataset='clevr_original_val', grab_conv=False, images_dir='data/clevr-cleaned-variants/train/fovariant-22/render/images', load_ckpt='/home/ubuntu/vdp-tool-chain/data/ns-vqa-data/pretrained/object_detector.pt', load_detectron=None, multi_gpu_testing=False, name=None, output_dir='data/clevr-cleaned-variants/train/fovariant-22/infer/mask_rcnn', range=None, rendersummary_path='data/clevr-cleaned-variants/train/fovariant-22/render/summary.json', set_cfgs=[], vis=False)
INFO test_net.py: 125: Testing with config:
INFO test_net.py: 126: {'BBOX_XFORM_CLIP': 4.135166556742356,
 'CLEVR': {'COMP_CAT': True},
 'CROP_RESIZE_WITH_MAX_POOL': True,
 'CUDA': False,
 'DATA_DIR': '/home/ubuntu/vdp-tool-chain/data/ns-vqa-data/mask_rcnn',
 'DATA_LOADER': {'NUM_THREADS': 4},
 'DEBUG': False,
 'DEDUP_BOXES': 0.0625,
 'EPS': 1e-14,
 'EXPECTED_RESULTS': [],
 'EXPECTED_RESULTS_ATOL': 0.005,
 'EXPECTED_RESULTS_EMAIL': '',
 'EXPECTED_RESULTS_RTOL': 0.1,
 'FAST_RCNN': {'CONV_HEAD_DIM': 256,
               'MLP_HEAD_DIM': 1024,
               'NUM_STACKED_CONVS': 4,
               'ROI_BOX_HEAD': 'fast_rcnn_heads.roi_2mlp_head',
               'ROI_XFORM_METHOD': 'RoIAlign',
               'ROI_XFORM_RESOLUTION': 7,
               'ROI_XFORM_SAMPLING_RATIO': 2},
 'FPN': {'COARSEST_STRIDE': 32,
         'DIM': 256,
         'EXTRA_CONV_LEVELS': False,
         'FPN_ON': True,
         'MULTILEVEL_ROIS': True,
         'MULTILEVEL_RPN': True,
         'ROI_CANONICAL_LEVEL': 4,
         'ROI_CANONICAL_SCALE': 224,
         'ROI_MAX_LEVEL': 5,
         'ROI_MIN_LEVEL': 2,
         'RPN_ANCHOR_START_SIZE': 32,
         'RPN_ASPECT_RATIOS': (0.5, 1, 2),
         'RPN_COLLECT_SCALE': 1,
         'RPN_MAX_LEVEL': 6,
         'RPN_MIN_LEVEL': 2,
         'USE_GN': False,
         'ZERO_INIT_LATERAL': False},
 'GROUP_NORM': {'DIM_PER_GP': -1, 'EPSILON': 1e-05, 'NUM_GROUPS': 32},
 'KRCNN': {'CONV_HEAD_DIM': 256,
           'CONV_HEAD_KERNEL': 3,
           'CONV_INIT': 'GaussianFill',
           'DECONV_DIM': 256,
           'DECONV_KERNEL': 4,
           'DILATION': 1,
           'HEATMAP_SIZE': -1,
           'INFERENCE_MIN_SIZE': 0,
           'KEYPOINT_CONFIDENCE': 'bbox',
           'LOSS_WEIGHT': 1.0,
           'MIN_KEYPOINT_COUNT_FOR_VALID_MINIBATCH': 20,
           'NMS_OKS': False,
           'NORMALIZE_BY_VISIBLE_KEYPOINTS': True,
           'NUM_KEYPOINTS': -1,
           'NUM_STACKED_CONVS': 8,
           'ROI_KEYPOINTS_HEAD': '',
           'ROI_XFORM_METHOD': 'RoIAlign',
           'ROI_XFORM_RESOLUTION': 7,
           'ROI_XFORM_SAMPLING_RATIO': 0,
           'UP_SCALE': -1,
           'USE_DECONV': False,
           'USE_DECONV_OUTPUT': False},
 'MATLAB': 'matlab',
 'MODEL': {'BBOX_REG_WEIGHTS': (10.0, 10.0, 5.0, 5.0),
           'CLS_AGNOSTIC_BBOX_REG': False,
           'CONV_BODY': 'FPN.fpn_ResNet50_conv5_body',
           'FASTER_RCNN': True,
           'KEYPOINTS_ON': False,
           'LOAD_IMAGENET_PRETRAINED_WEIGHTS': True,
           'MASK_ON': True,
           'NUM_CLASSES': 49,
           'RPN_ONLY': False,
           'SHARE_RES5': False,
           'TYPE': 'generalized_rcnn',
           'UNSUPERVISED_POSE': False},
 'MRCNN': {'CLS_SPECIFIC_MASK': True,
           'CONV_INIT': 'MSRAFill',
           'DILATION': 1,
           'DIM_REDUCED': 256,
           'MEMORY_EFFICIENT_LOSS': True,
           'RESOLUTION': 28,
           'ROI_MASK_HEAD': 'mask_rcnn_heads.mask_rcnn_fcn_head_v1up4convs',
           'ROI_XFORM_METHOD': 'RoIAlign',
           'ROI_XFORM_RESOLUTION': 14,
           'ROI_XFORM_SAMPLING_RATIO': 2,
           'THRESH_BINARIZE': 0.5,
           'UPSAMPLE_RATIO': 1,
           'USE_FC_OUTPUT': False,
           'WEIGHT_LOSS_MASK': 1.0},
 'NUM_GPUS': 8,
 'OUTPUT_DIR': 'Outputs',
 'PIXEL_MEANS': array([[[102.9801, 115.9465, 122.7717]]]),
 'POOLING_MODE': 'crop',
 'POOLING_SIZE': 7,
 'PYTORCH_VERSION_LESS_THAN_040': False,
 'RESNETS': {'FREEZE_AT': 2,
             'IMAGENET_PRETRAINED_WEIGHTS': 'pretrained_model/resnet50_caffe.pth',
             'NUM_GROUPS': 1,
             'RES5_DILATION': 1,
             'SHORTCUT_FUNC': 'basic_bn_shortcut',
             'STEM_FUNC': 'basic_bn_stem',
             'STRIDE_1X1': True,
             'TRANS_FUNC': 'bottleneck_transformation',
             'USE_GN': False,
             'WIDTH_PER_GROUP': 64},
 'RETINANET': {'ANCHOR_SCALE': 4,
               'ASPECT_RATIOS': (0.5, 1.0, 2.0),
               'BBOX_REG_BETA': 0.11,
               'BBOX_REG_WEIGHT': 1.0,
               'CLASS_SPECIFIC_BBOX': False,
               'INFERENCE_TH': 0.05,
               'LOSS_ALPHA': 0.25,
               'LOSS_GAMMA': 2.0,
               'NEGATIVE_OVERLAP': 0.4,
               'NUM_CONVS': 4,
               'POSITIVE_OVERLAP': 0.5,
               'PRE_NMS_TOP_N': 1000,
               'PRIOR_PROB': 0.01,
               'RETINANET_ON': False,
               'SCALES_PER_OCTAVE': 3,
               'SHARE_CLS_BBOX_TOWER': False,
               'SOFTMAX': False},
 'RFCN': {'PS_GRID_SIZE': 3},
 'RNG_SEED': 3,
 'ROOT_DIR': '/home/ubuntu/vdp-tool-chain/clevr_inference/scene_parse/mask_rcnn',
 'RPN': {'ASPECT_RATIOS': (0.5, 1, 2),
         'CLS_ACTIVATION': 'sigmoid',
         'OUT_DIM': 512,
         'OUT_DIM_AS_IN_DIM': True,
         'RPN_ON': True,
         'SIZES': (64, 128, 256, 512),
         'STRIDE': 16},
 'SOLVER': {'BASE_LR': 0.02,
            'BIAS_DOUBLE_LR': True,
            'BIAS_WEIGHT_DECAY': False,
            'GAMMA': 0.1,
            'LOG_LR_CHANGE_THRESHOLD': 1.1,
            'LRS': [],
            'LR_POLICY': 'steps_with_decay',
            'MAX_ITER': 30000,
            'MOMENTUM': 0.9,
            'SCALE_MOMENTUM': True,
            'SCALE_MOMENTUM_THRESHOLD': 1.1,
            'STEPS': [0, 20000, 26000],
            'STEP_SIZE': 30000,
            'TYPE': 'SGD',
            'WARM_UP_FACTOR': 0.3333333333333333,
            'WARM_UP_ITERS': 500,
            'WARM_UP_METHOD': 'linear',
            'WEIGHT_DECAY': 0.0001,
            'WEIGHT_DECAY_GN': 0.0},
 'TEST': {'BBOX_AUG': {'AREA_TH_HI': 32400,
                       'AREA_TH_LO': 2500,
                       'ASPECT_RATIOS': (),
                       'ASPECT_RATIO_H_FLIP': False,
                       'COORD_HEUR': 'UNION',
                       'ENABLED': False,
                       'H_FLIP': False,
                       'MAX_SIZE': 4000,
                       'SCALES': (),
                       'SCALE_H_FLIP': False,
                       'SCALE_SIZE_DEP': False,
                       'SCORE_HEUR': 'UNION'},
          'BBOX_REG': True,
          'BBOX_VOTE': {'ENABLED': False,
                        'SCORING_METHOD': 'ID',
                        'SCORING_METHOD_BETA': 1.0,
                        'VOTE_TH': 0.8},
          'COMPETITION_MODE': True,
          'DATASETS': ('custom(data/clevr-cleaned-variants/train/fovariant-22/render/images, '
                       'data/clevr-cleaned-variants/train/fovariant-22/render/summary.json)',),
          'DETECTIONS_PER_IM': 100,
          'FORCE_JSON_DATASET_EVAL': False,
          'KPS_AUG': {'AREA_TH': 32400,
                      'ASPECT_RATIOS': (),
                      'ASPECT_RATIO_H_FLIP': False,
                      'ENABLED': False,
                      'HEUR': 'HM_AVG',
                      'H_FLIP': False,
                      'MAX_SIZE': 4000,
                      'SCALES': (),
                      'SCALE_H_FLIP': False,
                      'SCALE_SIZE_DEP': False},
          'MASK_AUG': {'AREA_TH': 32400,
                       'ASPECT_RATIOS': (),
                       'ASPECT_RATIO_H_FLIP': False,
                       'ENABLED': False,
                       'HEUR': 'SOFT_AVG',
                       'H_FLIP': False,
                       'MAX_SIZE': 4000,
                       'SCALES': (),
                       'SCALE_H_FLIP': False,
                       'SCALE_SIZE_DEP': False},
          'MAX_SIZE': 1333,
          'NMS': 0.5,
          'PRECOMPUTED_PROPOSALS': False,
          'PROPOSAL_FILES': (),
          'PROPOSAL_LIMIT': 2000,
          'RPN_MIN_SIZE': 0,
          'RPN_NMS_THRESH': 0.7,
          'RPN_POST_NMS_TOP_N': 1000,
          'RPN_PRE_NMS_TOP_N': 1000,
          'SCALE': 800,
          'SCORE_THRESH': 0.05,
          'SOFT_NMS': {'ENABLED': False, 'METHOD': 'linear', 'SIGMA': 0.5}},
 'TRAIN': {'ASPECT_CROPPING': False,
           'ASPECT_GROUPING': True,
           'ASPECT_HI': 2,
           'ASPECT_LO': 0.5,
           'BATCH_SIZE_PER_IM': 512,
           'BBOX_INSIDE_WEIGHTS': (1.0, 1.0, 1.0, 1.0),
           'BBOX_NORMALIZE_MEANS': (0.0, 0.0, 0.0, 0.0),
           'BBOX_NORMALIZE_STDS': (0.1, 0.1, 0.2, 0.2),
           'BBOX_NORMALIZE_TARGETS': True,
           'BBOX_NORMALIZE_TARGETS_PRECOMPUTED': False,
           'BBOX_THRESH': 0.5,
           'BG_THRESH_HI': 0.5,
           'BG_THRESH_LO': 0.0,
           'CROWD_FILTER_THRESH': 0.7,
           'DATASETS': (),
           'FG_FRACTION': 0.25,
           'FG_THRESH': 0.5,
           'FREEZE_CONV_BODY': False,
           'GT_MIN_AREA': -1,
           'IMS_PER_BATCH': 2,
           'MAX_SIZE': 1333,
           'PROPOSAL_FILES': (),
           'RPN_BATCH_SIZE_PER_IM': 256,
           'RPN_FG_FRACTION': 0.5,
           'RPN_MIN_SIZE': 0,
           'RPN_NEGATIVE_OVERLAP': 0.3,
           'RPN_NMS_THRESH': 0.7,
           'RPN_POSITIVE_OVERLAP': 0.7,
           'RPN_POST_NMS_TOP_N': 2000,
           'RPN_PRE_NMS_TOP_N': 2000,
           'RPN_STRADDLE_THRESH': 0,
           'SCALES': (800,),
           'SNAPSHOT_ITERS': 20000,
           'USE_FLIPPED': False},
 'VIS': False,
 'VIS_TH': 0.9}
INFO test_engine.py: 352: loading checkpoint /home/ubuntu/vdp-tool-chain/data/ns-vqa-data/pretrained/object_detector.pt
INFO test_engine.py: 286: im_detect: range [1, 6] of 6: 1/6 1.103s + 0.004s (eta: 0:00:05)
INFO test_engine.py: 336: Wrote detections to: /home/ubuntu/vdp-tool-chain/data/clevr-cleaned-variants/train/fovariant-22/infer/mask_rcnn/detections.pkl
INFO test_engine.py: 164: Total inference time: 5.656s


| processing proposals 1 / 6 images
| processing proposals 2 / 6 images
| processing proposals 3 / 6 images
| processing proposals 4 / 6 images
| processing proposals 5 / 6 images
| processing proposals 6 / 6 images
| saving object annotations to data/clevr-cleaned-variants/train/fovariant-22/infer/attrnet/predictions.json


| options
run_dir: data/clevr-cleaned-variants/train/fovariant-22/solver_ir
dataset: clevr
load_checkpoint_path: /home/ubuntu/vdp-tool-chain/data/ns-vqa-data/pretrained/attribute_net.pt
gpu_ids: [0]
clevr_mini_img_dir: /home/ubuntu/vdp-tool-chain/data/ns-vqa-data/raw/CLEVR_mini/images
clevr_mini_ann_path: /home/ubuntu/vdp-tool-chain/data/ns-vqa-data/attr_net/objects/clevr_mini_objs.json
concat_img: 1
split_id: 3500
batch_size: 50
num_workers: 4
learning_rate: 0.002
split: val
output_path: data/clevr-cleaned-variants/train/fovariant-22/solver_ir/results.json
clevr_val_ann_path: data/clevr-cleaned-variants/train/fovariant-22/infer/attrnet/predictions.json
clevr_val_img_dir: /home/ubuntu/vdp-tool-chain/data/ns-vqa-data/raw/CLEVR_v1.0/images/val
shuffle_data: 0
use_cat_label: 1
name: fovariant-22
| loading checkpoint from /home/ubuntu/vdp-tool-chain/data/ns-vqa-data/pretrained/attribute_net.pt
18 / 18 objects processed
| saving annotation file to data/clevr-cleaned-variants/train/fovariant-22/solver_ir/results.json


0.json in test
THRESHOLD relate_behind objs = {'id': '0-0', 'position': [2.6240768432617188, 0.16784071922302246, 0.6809589266777039], 'color': 'green', 'material': 'metal', 'shape': 'cube', 'size': 'large'}, {'id': '0-1', 'position': [-0.043890394270420074, 0.01796877756714821, 0.6894057393074036], 'color': 'green', 'material': 'metal', 'shape': 'cube', 'size': 'large'}
THRESHOLD relate_behind objs = {'id': '0-0', 'position': [2.6240768432617188, 0.16784071922302246, 0.6809589266777039], 'color': 'green', 'material': 'metal', 'shape': 'cube', 'size': 'large'}, {'id': '0-2', 'position': [-2.799699068069458, -0.15017610788345337, 0.7011843919754028], 'color': 'green', 'material': 'metal', 'shape': 'sphere', 'size': 'large'}
THRESHOLD relate_behind objs = {'id': '0-1', 'position': [-0.043890394270420074, 0.01796877756714821, 0.6894057393074036], 'color': 'green', 'material': 'metal', 'shape': 'cube', 'size': 'large'}, {'id': '0-2', 'position': [-2.799699068069458, -0.15017610788345337, 0.7011843919754028], 'color': 'green', 'material': 'metal', 'shape': 'sphere', 'size': 'large'}
THRESHOLD relate_front objs = {'id': '0-1', 'position': [-0.043890394270420074, 0.01796877756714821, 0.6894057393074036], 'color': 'green', 'material': 'metal', 'shape': 'cube', 'size': 'large'}, {'id': '0-0', 'position': [2.6240768432617188, 0.16784071922302246, 0.6809589266777039], 'color': 'green', 'material': 'metal', 'shape': 'cube', 'size': 'large'}
THRESHOLD relate_front objs = {'id': '0-2', 'position': [-2.799699068069458, -0.15017610788345337, 0.7011843919754028], 'color': 'green', 'material': 'metal', 'shape': 'sphere', 'size': 'large'}, {'id': '0-0', 'position': [2.6240768432617188, 0.16784071922302246, 0.6809589266777039], 'color': 'green', 'material': 'metal', 'shape': 'cube', 'size': 'large'}
THRESHOLD relate_front objs = {'id': '0-2', 'position': [-2.799699068069458, -0.15017610788345337, 0.7011843919754028], 'color': 'green', 'material': 'metal', 'shape': 'sphere', 'size': 'large'}, {'id': '0-1', 'position': [-0.043890394270420074, 0.01796877756714821, 0.6894057393074036], 'color': 'green', 'material': 'metal', 'shape': 'cube', 'size': 'large'}
1.json in test
THRESHOLD relate_behind objs = {'id': '1-0', 'position': [2.757728338241577, 0.20122748613357544, 0.6968099474906921], 'color': 'green', 'material': 'metal', 'shape': 'cube', 'size': 'large'}, {'id': '1-1', 'position': [-2.9426217079162598, -0.19610542058944702, 0.6933820247650146], 'color': 'green', 'material': 'metal', 'shape': 'cube', 'size': 'large'}
THRESHOLD relate_behind objs = {'id': '1-0', 'position': [2.757728338241577, 0.20122748613357544, 0.6968099474906921], 'color': 'green', 'material': 'metal', 'shape': 'cube', 'size': 'large'}, {'id': '1-2', 'position': [0.046833861619234085, -0.1186509057879448, 0.6951689124107361], 'color': 'green', 'material': 'metal', 'shape': 'sphere', 'size': 'large'}
THRESHOLD relate_front objs = {'id': '1-1', 'position': [-2.9426217079162598, -0.19610542058944702, 0.6933820247650146], 'color': 'green', 'material': 'metal', 'shape': 'cube', 'size': 'large'}, {'id': '1-0', 'position': [2.757728338241577, 0.20122748613357544, 0.6968099474906921], 'color': 'green', 'material': 'metal', 'shape': 'cube', 'size': 'large'}
THRESHOLD relate_front objs = {'id': '1-1', 'position': [-2.9426217079162598, -0.19610542058944702, 0.6933820247650146], 'color': 'green', 'material': 'metal', 'shape': 'cube', 'size': 'large'}, {'id': '1-2', 'position': [0.046833861619234085, -0.1186509057879448, 0.6951689124107361], 'color': 'green', 'material': 'metal', 'shape': 'sphere', 'size': 'large'}
THRESHOLD relate_behind objs = {'id': '1-2', 'position': [0.046833861619234085, -0.1186509057879448, 0.6951689124107361], 'color': 'green', 'material': 'metal', 'shape': 'sphere', 'size': 'large'}, {'id': '1-1', 'position': [-2.9426217079162598, -0.19610542058944702, 0.6933820247650146], 'color': 'green', 'material': 'metal', 'shape': 'cube', 'size': 'large'}
THRESHOLD relate_front objs = {'id': '1-2', 'position': [0.046833861619234085, -0.1186509057879448, 0.6951689124107361], 'color': 'green', 'material': 'metal', 'shape': 'sphere', 'size': 'large'}, {'id': '1-0', 'position': [2.757728338241577, 0.20122748613357544, 0.6968099474906921], 'color': 'green', 'material': 'metal', 'shape': 'cube', 'size': 'large'}
2.json in test
THRESHOLD relate_front objs = {'id': '2-0', 'position': [-2.795736074447632, -0.15484920144081116, 0.3428081274032593], 'color': 'green', 'material': 'rubber', 'shape': 'sphere', 'size': 'small'}, {'id': '2-1', 'position': [1.3844510316848755, 0.18250548839569092, 0.6986933350563049], 'color': 'green', 'material': 'metal', 'shape': 'cube', 'size': 'large'}
THRESHOLD relate_front objs = {'id': '2-0', 'position': [-2.795736074447632, -0.15484920144081116, 0.3428081274032593], 'color': 'green', 'material': 'rubber', 'shape': 'sphere', 'size': 'small'}, {'id': '2-2', 'position': [-1.4869215488433838, -0.011559106409549713, 0.6891536712646484], 'color': 'green', 'material': 'metal', 'shape': 'cube', 'size': 'large'}
THRESHOLD relate_behind objs = {'id': '2-1', 'position': [1.3844510316848755, 0.18250548839569092, 0.6986933350563049], 'color': 'green', 'material': 'metal', 'shape': 'cube', 'size': 'large'}, {'id': '2-0', 'position': [-2.795736074447632, -0.15484920144081116, 0.3428081274032593], 'color': 'green', 'material': 'rubber', 'shape': 'sphere', 'size': 'small'}
THRESHOLD relate_behind objs = {'id': '2-1', 'position': [1.3844510316848755, 0.18250548839569092, 0.6986933350563049], 'color': 'green', 'material': 'metal', 'shape': 'cube', 'size': 'large'}, {'id': '2-2', 'position': [-1.4869215488433838, -0.011559106409549713, 0.6891536712646484], 'color': 'green', 'material': 'metal', 'shape': 'cube', 'size': 'large'}
THRESHOLD relate_behind objs = {'id': '2-2', 'position': [-1.4869215488433838, -0.011559106409549713, 0.6891536712646484], 'color': 'green', 'material': 'metal', 'shape': 'cube', 'size': 'large'}, {'id': '2-0', 'position': [-2.795736074447632, -0.15484920144081116, 0.3428081274032593], 'color': 'green', 'material': 'rubber', 'shape': 'sphere', 'size': 'small'}
THRESHOLD relate_front objs = {'id': '2-2', 'position': [-1.4869215488433838, -0.011559106409549713, 0.6891536712646484], 'color': 'green', 'material': 'metal', 'shape': 'cube', 'size': 'large'}, {'id': '2-1', 'position': [1.3844510316848755, 0.18250548839569092, 0.6986933350563049], 'color': 'green', 'material': 'metal', 'shape': 'cube', 'size': 'large'}
3.json in train
THRESHOLD relate_behind objs = {'id': '3-0', 'position': [2.848278522491455, 0.35974860191345215, 0.68802410364151], 'color': 'green', 'material': 'rubber', 'shape': 'cube', 'size': 'large'}, {'id': '3-1', 'position': [0.12389518320560455, 0.07870469987392426, 0.6933708190917969], 'color': 'green', 'material': 'rubber', 'shape': 'cube', 'size': 'large'}
THRESHOLD relate_behind objs = {'id': '3-1', 'position': [0.12389518320560455, 0.07870469987392426, 0.6933708190917969], 'color': 'green', 'material': 'rubber', 'shape': 'cube', 'size': 'large'}, {'id': '3-2', 'position': [-2.7986714839935303, -0.20937395095825195, 0.7036489844322205], 'color': 'green', 'material': 'metal', 'shape': 'sphere', 'size': 'large'}
THRESHOLD relate_front objs = {'id': '3-1', 'position': [0.12389518320560455, 0.07870469987392426, 0.6933708190917969], 'color': 'green', 'material': 'rubber', 'shape': 'cube', 'size': 'large'}, {'id': '3-0', 'position': [2.848278522491455, 0.35974860191345215, 0.68802410364151], 'color': 'green', 'material': 'rubber', 'shape': 'cube', 'size': 'large'}
THRESHOLD relate_front objs = {'id': '3-2', 'position': [-2.7986714839935303, -0.20937395095825195, 0.7036489844322205], 'color': 'green', 'material': 'metal', 'shape': 'sphere', 'size': 'large'}, {'id': '3-1', 'position': [0.12389518320560455, 0.07870469987392426, 0.6933708190917969], 'color': 'green', 'material': 'rubber', 'shape': 'cube', 'size': 'large'}
4.json in train
THRESHOLD relate_behind objs = {'id': '4-0', 'position': [0.004894360899925232, 0.09919502586126328, 0.34683993458747864], 'color': 'brown', 'material': 'rubber', 'shape': 'cube', 'size': 'small'}, {'id': '4-2', 'position': [-1.4149495363235474, 0.0820331797003746, 0.35647469758987427], 'color': 'brown', 'material': 'metal', 'shape': 'cube', 'size': 'small'}
THRESHOLD relate_behind objs = {'id': '4-0', 'position': [0.004894360899925232, 0.09919502586126328, 0.34683993458747864], 'color': 'brown', 'material': 'rubber', 'shape': 'cube', 'size': 'small'}, {'id': '4-3', 'position': [-2.8740997314453125, -0.13607284426689148, 0.34636417031288147], 'color': 'purple', 'material': 'metal', 'shape': 'sphere', 'size': 'small'}
THRESHOLD relate_front objs = {'id': '4-0', 'position': [0.004894360899925232, 0.09919502586126328, 0.34683993458747864], 'color': 'brown', 'material': 'rubber', 'shape': 'cube', 'size': 'small'}, {'id': '4-1', 'position': [1.3812707662582397, 0.17044809460639954, 0.34676218032836914], 'color': 'brown', 'material': 'rubber', 'shape': 'cube', 'size': 'small'}
THRESHOLD relate_behind objs = {'id': '4-1', 'position': [1.3812707662582397, 0.17044809460639954, 0.34676218032836914], 'color': 'brown', 'material': 'rubber', 'shape': 'cube', 'size': 'small'}, {'id': '4-0', 'position': [0.004894360899925232, 0.09919502586126328, 0.34683993458747864], 'color': 'brown', 'material': 'rubber', 'shape': 'cube', 'size': 'small'}
THRESHOLD relate_behind objs = {'id': '4-1', 'position': [1.3812707662582397, 0.17044809460639954, 0.34676218032836914], 'color': 'brown', 'material': 'rubber', 'shape': 'cube', 'size': 'small'}, {'id': '4-2', 'position': [-1.4149495363235474, 0.0820331797003746, 0.35647469758987427], 'color': 'brown', 'material': 'metal', 'shape': 'cube', 'size': 'small'}
THRESHOLD relate_behind objs = {'id': '4-1', 'position': [1.3812707662582397, 0.17044809460639954, 0.34676218032836914], 'color': 'brown', 'material': 'rubber', 'shape': 'cube', 'size': 'small'}, {'id': '4-3', 'position': [-2.8740997314453125, -0.13607284426689148, 0.34636417031288147], 'color': 'purple', 'material': 'metal', 'shape': 'sphere', 'size': 'small'}
THRESHOLD relate_behind objs = {'id': '4-2', 'position': [-1.4149495363235474, 0.0820331797003746, 0.35647469758987427], 'color': 'brown', 'material': 'metal', 'shape': 'cube', 'size': 'small'}, {'id': '4-3', 'position': [-2.8740997314453125, -0.13607284426689148, 0.34636417031288147], 'color': 'purple', 'material': 'metal', 'shape': 'sphere', 'size': 'small'}
THRESHOLD relate_front objs = {'id': '4-2', 'position': [-1.4149495363235474, 0.0820331797003746, 0.35647469758987427], 'color': 'brown', 'material': 'metal', 'shape': 'cube', 'size': 'small'}, {'id': '4-0', 'position': [0.004894360899925232, 0.09919502586126328, 0.34683993458747864], 'color': 'brown', 'material': 'rubber', 'shape': 'cube', 'size': 'small'}
THRESHOLD relate_front objs = {'id': '4-2', 'position': [-1.4149495363235474, 0.0820331797003746, 0.35647469758987427], 'color': 'brown', 'material': 'metal', 'shape': 'cube', 'size': 'small'}, {'id': '4-1', 'position': [1.3812707662582397, 0.17044809460639954, 0.34676218032836914], 'color': 'brown', 'material': 'rubber', 'shape': 'cube', 'size': 'small'}
THRESHOLD relate_front objs = {'id': '4-3', 'position': [-2.8740997314453125, -0.13607284426689148, 0.34636417031288147], 'color': 'purple', 'material': 'metal', 'shape': 'sphere', 'size': 'small'}, {'id': '4-0', 'position': [0.004894360899925232, 0.09919502586126328, 0.34683993458747864], 'color': 'brown', 'material': 'rubber', 'shape': 'cube', 'size': 'small'}
THRESHOLD relate_front objs = {'id': '4-3', 'position': [-2.8740997314453125, -0.13607284426689148, 0.34636417031288147], 'color': 'purple', 'material': 'metal', 'shape': 'sphere', 'size': 'small'}, {'id': '4-1', 'position': [1.3812707662582397, 0.17044809460639954, 0.34676218032836914], 'color': 'brown', 'material': 'rubber', 'shape': 'cube', 'size': 'small'}
THRESHOLD relate_front objs = {'id': '4-3', 'position': [-2.8740997314453125, -0.13607284426689148, 0.34636417031288147], 'color': 'purple', 'material': 'metal', 'shape': 'sphere', 'size': 'small'}, {'id': '4-2', 'position': [-1.4149495363235474, 0.0820331797003746, 0.35647469758987427], 'color': 'brown', 'material': 'metal', 'shape': 'cube', 'size': 'small'}
5.json in train
THRESHOLD relate_behind objs = {'id': '5-0', 'position': [1.3558871746063232, 0.09284976124763489, 0.3397976756095886], 'color': 'brown', 'material': 'rubber', 'shape': 'cube', 'size': 'small'}, {'id': '5-1', 'position': [0.06437748670578003, 0.04420272260904312, 0.6938552856445312], 'color': 'purple', 'material': 'metal', 'shape': 'sphere', 'size': 'large'}
THRESHOLD relate_front objs = {'id': '5-1', 'position': [0.06437748670578003, 0.04420272260904312, 0.6938552856445312], 'color': 'purple', 'material': 'metal', 'shape': 'sphere', 'size': 'large'}, {'id': '5-0', 'position': [1.3558871746063232, 0.09284976124763489, 0.3397976756095886], 'color': 'brown', 'material': 'rubber', 'shape': 'cube', 'size': 'small'}
