Started Logging. 2022-07-09 11:10:17.269238

0.json in train
THRESHOLD relate_front objs = {'id': '0-0', 'position': [0.07092975825071335, -2.1960480213165283, 0.34187787771224976], 'color': 'purple', 'material': 'rubber', 'shape': 'cylinder', 'size': 'small'}, {'id': '0-1', 'position': [2.077073574066162, -1.9978564977645874, 0.3459632992744446], 'color': 'purple', 'material': 'rubber', 'shape': 'cylinder', 'size': 'small'}
THRESHOLD relate_left objs = {'id': '0-1', 'position': [2.077073574066162, -1.9978564977645874, 0.3459632992744446], 'color': 'purple', 'material': 'rubber', 'shape': 'cylinder', 'size': 'small'}, {'id': '0-3', 'position': [1.9656563997268677, 2.168424606323242, 0.6962290406227112], 'color': 'yellow', 'material': 'metal', 'shape': 'sphere', 'size': 'large'}
THRESHOLD relate_behind objs = {'id': '0-1', 'position': [2.077073574066162, -1.9978564977645874, 0.3459632992744446], 'color': 'purple', 'material': 'rubber', 'shape': 'cylinder', 'size': 'small'}, {'id': '0-0', 'position': [0.07092975825071335, -2.1960480213165283, 0.34187787771224976], 'color': 'purple', 'material': 'rubber', 'shape': 'cylinder', 'size': 'small'}
THRESHOLD relate_front objs = {'id': '0-2', 'position': [-0.2417515516281128, 1.851197361946106, 0.6989006996154785], 'color': 'yellow', 'material': 'metal', 'shape': 'sphere', 'size': 'large'}, {'id': '0-3', 'position': [1.9656563997268677, 2.168424606323242, 0.6962290406227112], 'color': 'yellow', 'material': 'metal', 'shape': 'sphere', 'size': 'large'}
THRESHOLD relate_right objs = {'id': '0-3', 'position': [1.9656563997268677, 2.168424606323242, 0.6962290406227112], 'color': 'yellow', 'material': 'metal', 'shape': 'sphere', 'size': 'large'}, {'id': '0-1', 'position': [2.077073574066162, -1.9978564977645874, 0.3459632992744446], 'color': 'purple', 'material': 'rubber', 'shape': 'cylinder', 'size': 'small'}
THRESHOLD relate_behind objs = {'id': '0-3', 'position': [1.9656563997268677, 2.168424606323242, 0.6962290406227112], 'color': 'yellow', 'material': 'metal', 'shape': 'sphere', 'size': 'large'}, {'id': '0-2', 'position': [-0.2417515516281128, 1.851197361946106, 0.6989006996154785], 'color': 'yellow', 'material': 'metal', 'shape': 'sphere', 'size': 'large'}
1.json in test
THRESHOLD relate_front objs = {'id': '1-0', 'position': [1.9090404510498047, 2.203439950942993, 0.34428173303604126], 'color': 'purple', 'material': 'rubber', 'shape': 'cylinder', 'size': 'small'}, {'id': '1-1', 'position': [-0.09227732568979263, 2.208627462387085, 0.3442978262901306], 'color': 'purple', 'material': 'rubber', 'shape': 'cylinder', 'size': 'small'}
THRESHOLD relate_behind objs = {'id': '1-1', 'position': [-0.09227732568979263, 2.208627462387085, 0.3442978262901306], 'color': 'purple', 'material': 'rubber', 'shape': 'cylinder', 'size': 'small'}, {'id': '1-0', 'position': [1.9090404510498047, 2.203439950942993, 0.34428173303604126], 'color': 'purple', 'material': 'rubber', 'shape': 'cylinder', 'size': 'small'}
THRESHOLD relate_front objs = {'id': '1-2', 'position': [0.2236194908618927, -1.9378864765167236, 0.34213829040527344], 'color': 'yellow', 'material': 'metal', 'shape': 'sphere', 'size': 'small'}, {'id': '1-3', 'position': [2.2048258781433105, -1.8233977556228638, 0.3485644459724426], 'color': 'yellow', 'material': 'metal', 'shape': 'sphere', 'size': 'small'}
THRESHOLD relate_behind objs = {'id': '1-3', 'position': [2.2048258781433105, -1.8233977556228638, 0.3485644459724426], 'color': 'yellow', 'material': 'metal', 'shape': 'sphere', 'size': 'small'}, {'id': '1-2', 'position': [0.2236194908618927, -1.9378864765167236, 0.34213829040527344], 'color': 'yellow', 'material': 'metal', 'shape': 'sphere', 'size': 'small'}
2.json in test
THRESHOLD relate_front objs = {'id': '2-0', 'position': [0.24945849180221558, -1.9009283781051636, 0.3572770357131958], 'color': 'purple', 'material': 'rubber', 'shape': 'cube', 'size': 'small'}, {'id': '2-1', 'position': [2.5364794731140137, -1.5314605236053467, 0.3509121537208557], 'color': 'purple', 'material': 'rubber', 'shape': 'cube', 'size': 'small'}
THRESHOLD relate_behind objs = {'id': '2-1', 'position': [2.5364794731140137, -1.5314605236053467, 0.3509121537208557], 'color': 'purple', 'material': 'rubber', 'shape': 'cube', 'size': 'small'}, {'id': '2-0', 'position': [0.24945849180221558, -1.9009283781051636, 0.3572770357131958], 'color': 'purple', 'material': 'rubber', 'shape': 'cube', 'size': 'small'}
THRESHOLD relate_behind objs = {'id': '2-2', 'position': [2.019299030303955, 2.138963222503662, 0.6925703287124634], 'color': 'yellow', 'material': 'metal', 'shape': 'sphere', 'size': 'large'}, {'id': '2-3', 'position': [-0.07229284197092056, 1.8422499895095825, 0.7293816208839417], 'color': 'yellow', 'material': 'metal', 'shape': 'sphere', 'size': 'large'}
THRESHOLD relate_front objs = {'id': '2-3', 'position': [-0.07229284197092056, 1.8422499895095825, 0.7293816208839417], 'color': 'yellow', 'material': 'metal', 'shape': 'sphere', 'size': 'large'}, {'id': '2-2', 'position': [2.019299030303955, 2.138963222503662, 0.6925703287124634], 'color': 'yellow', 'material': 'metal', 'shape': 'sphere', 'size': 'large'}
3.json in test
THRESHOLD relate_behind objs = {'id': '3-0', 'position': [1.8965486288070679, 2.1814770698547363, 0.6861370205879211], 'color': 'brown', 'material': 'metal', 'shape': 'sphere', 'size': 'large'}, {'id': '3-1', 'position': [-0.07621177285909653, 2.0663058757781982, 0.6939157247543335], 'color': 'brown', 'material': 'metal', 'shape': 'sphere', 'size': 'large'}
THRESHOLD relate_behind objs = {'id': '3-0', 'position': [1.8965486288070679, 2.1814770698547363, 0.6861370205879211], 'color': 'brown', 'material': 'metal', 'shape': 'sphere', 'size': 'large'}, {'id': '3-2', 'position': [-2.114834785461426, 1.9098732471466064, 0.6948415637016296], 'color': 'brown', 'material': 'metal', 'shape': 'sphere', 'size': 'large'}
THRESHOLD relate_behind objs = {'id': '3-1', 'position': [-0.07621177285909653, 2.0663058757781982, 0.6939157247543335], 'color': 'brown', 'material': 'metal', 'shape': 'sphere', 'size': 'large'}, {'id': '3-2', 'position': [-2.114834785461426, 1.9098732471466064, 0.6948415637016296], 'color': 'brown', 'material': 'metal', 'shape': 'sphere', 'size': 'large'}
THRESHOLD relate_front objs = {'id': '3-1', 'position': [-0.07621177285909653, 2.0663058757781982, 0.6939157247543335], 'color': 'brown', 'material': 'metal', 'shape': 'sphere', 'size': 'large'}, {'id': '3-0', 'position': [1.8965486288070679, 2.1814770698547363, 0.6861370205879211], 'color': 'brown', 'material': 'metal', 'shape': 'sphere', 'size': 'large'}
THRESHOLD relate_front objs = {'id': '3-2', 'position': [-2.114834785461426, 1.9098732471466064, 0.6948415637016296], 'color': 'brown', 'material': 'metal', 'shape': 'sphere', 'size': 'large'}, {'id': '3-0', 'position': [1.8965486288070679, 2.1814770698547363, 0.6861370205879211], 'color': 'brown', 'material': 'metal', 'shape': 'sphere', 'size': 'large'}
THRESHOLD relate_front objs = {'id': '3-2', 'position': [-2.114834785461426, 1.9098732471466064, 0.6948415637016296], 'color': 'brown', 'material': 'metal', 'shape': 'sphere', 'size': 'large'}, {'id': '3-1', 'position': [-0.07621177285909653, 2.0663058757781982, 0.6939157247543335], 'color': 'brown', 'material': 'metal', 'shape': 'sphere', 'size': 'large'}
THRESHOLD relate_behind objs = {'id': '3-3', 'position': [1.4702266454696655, -2.5335745811462402, 0.3528174161911011], 'color': 'purple', 'material': 'rubber', 'shape': 'cylinder', 'size': 'small'}, {'id': '3-4', 'position': [-1.0467870235443115, -2.8643221855163574, 0.34028416872024536], 'color': 'purple', 'material': 'rubber', 'shape': 'cylinder', 'size': 'small'}
THRESHOLD relate_front objs = {'id': '3-3', 'position': [1.4702266454696655, -2.5335745811462402, 0.3528174161911011], 'color': 'purple', 'material': 'rubber', 'shape': 'cylinder', 'size': 'small'}, {'id': '3-5', 'position': [0.2320398986339569, -2.4314920902252197, 0.3448062539100647], 'color': 'purple', 'material': 'rubber', 'shape': 'cylinder', 'size': 'small'}
THRESHOLD relate_front objs = {'id': '3-4', 'position': [-1.0467870235443115, -2.8643221855163574, 0.34028416872024536], 'color': 'purple', 'material': 'rubber', 'shape': 'cylinder', 'size': 'small'}, {'id': '3-3', 'position': [1.4702266454696655, -2.5335745811462402, 0.3528174161911011], 'color': 'purple', 'material': 'rubber', 'shape': 'cylinder', 'size': 'small'}
THRESHOLD relate_behind objs = {'id': '3-5', 'position': [0.2320398986339569, -2.4314920902252197, 0.3448062539100647], 'color': 'purple', 'material': 'rubber', 'shape': 'cylinder', 'size': 'small'}, {'id': '3-3', 'position': [1.4702266454696655, -2.5335745811462402, 0.3528174161911011], 'color': 'purple', 'material': 'rubber', 'shape': 'cylinder', 'size': 'small'}
4.json in train
THRESHOLD relate_front objs = {'id': '4-0', 'position': [-0.28089314699172974, 1.8898576498031616, 0.7028082013130188], 'color': 'blue', 'material': 'metal', 'shape': 'sphere', 'size': 'large'}, {'id': '4-1', 'position': [1.9617754220962524, 2.1301426887512207, 0.6907551884651184], 'color': 'blue', 'material': 'metal', 'shape': 'sphere', 'size': 'large'}
THRESHOLD relate_behind objs = {'id': '4-1', 'position': [1.9617754220962524, 2.1301426887512207, 0.6907551884651184], 'color': 'blue', 'material': 'metal', 'shape': 'sphere', 'size': 'large'}, {'id': '4-0', 'position': [-0.28089314699172974, 1.8898576498031616, 0.7028082013130188], 'color': 'blue', 'material': 'metal', 'shape': 'sphere', 'size': 'large'}
THRESHOLD relate_front objs = {'id': '4-2', 'position': [0.04448474571108818, -2.731182336807251, 0.34342890977859497], 'color': 'green', 'material': 'rubber', 'shape': 'cylinder', 'size': 'small'}, {'id': '4-3', 'position': [1.4495325088500977, -2.724590301513672, 0.3460243344306946], 'color': 'green', 'material': 'rubber', 'shape': 'cylinder', 'size': 'small'}
THRESHOLD relate_behind objs = {'id': '4-3', 'position': [1.4495325088500977, -2.724590301513672, 0.3460243344306946], 'color': 'green', 'material': 'rubber', 'shape': 'cylinder', 'size': 'small'}, {'id': '4-2', 'position': [0.04448474571108818, -2.731182336807251, 0.34342890977859497], 'color': 'green', 'material': 'rubber', 'shape': 'cylinder', 'size': 'small'}
5.json in train
