Started Logging. 2022-07-09 13:01:15.701877

found bundled python: /home/ubuntu/vdp/data/blender-2.78c-linux-glibc219-x86_64/2.78/python
read blend: /home/ubuntu/vdp/data/clevr_scene_data/base_scene.blend
convertViewVec: called in an invalid context
convertViewVec: called in an invalid context
convertViewVec: called in an invalid context
Fra:1 Mem:17.34M (0.00M, Peak 17.34M) | Time:00:00.00 | Preparing Scene data
Fra:1 Mem:25.35M (0.00M, Peak 26.33M) | Time:00:00.01 | Preparing Scene data
Fra:1 Mem:25.35M (0.00M, Peak 26.33M) | Time:00:00.01 | Creating Shadowbuffers
Fra:1 Mem:25.35M (0.00M, Peak 26.33M) | Time:00:00.01 | Raytree.. preparing
Fra:1 Mem:34.17M (0.00M, Peak 34.17M) | Time:00:00.02 | Raytree.. building
Fra:1 Mem:33.69M (0.00M, Peak 47.46M) | Time:00:00.16 | Raytree finished
Fra:1 Mem:33.69M (0.00M, Peak 47.46M) | Time:00:00.16 | Creating Environment maps
Fra:1 Mem:33.69M (0.00M, Peak 47.46M) | Time:00:00.16 | Caching Point Densities
Fra:1 Mem:33.69M (0.00M, Peak 47.46M) | Time:00:00.16 | Sce: Scene Ve:66054 Fa:64255 La:1
Fra:1 Mem:33.69M (0.00M, Peak 47.46M) | Time:00:00.16 | Loading voxel datasets
Fra:1 Mem:33.69M (0.00M, Peak 47.46M) | Time:00:00.16 | Sce: Scene Ve:66054 Fa:64255 La:1
Fra:1 Mem:33.69M (0.00M, Peak 47.46M) | Time:00:00.16 | Sce: Scene Ve:66054 Fa:64255 La:1
Fra:1 Mem:33.69M (0.00M, Peak 47.46M) | Time:00:00.16 | Volume preprocessing
Fra:1 Mem:33.69M (0.00M, Peak 47.46M) | Time:00:00.16 | Sce: Scene Ve:66054 Fa:64255 La:1
Fra:1 Mem:33.69M (0.00M, Peak 47.46M) | Time:00:00.16 | Sce: Scene Ve:66054 Fa:64255 La:1
Fra:1 Mem:38.03M (0.00M, Peak 47.46M) | Time:00:00.16 | Scene, Part 4-4
Fra:1 Mem:37.76M (0.00M, Peak 47.46M) | Time:00:00.16 | Scene, Part 3-4
Fra:1 Mem:36.79M (0.00M, Peak 47.46M) | Time:00:00.18 | Scene, Part 2-4
Fra:1 Mem:34.94M (0.00M, Peak 47.46M) | Time:00:00.18 | Scene, Part 1-4
Fra:1 Mem:17.23M (0.00M, Peak 47.46M) | Time:00:00.18 | Sce: Scene Ve:66054 Fa:64255 La:1
Saved: '/tmp/tmpf9ftpot6.png'
 Time: 00:00.23 (Saving: 00:00.04)

Fra:1 Mem:17.26M (0.00M, Peak 17.85M) | Time:00:00.05 | Mem:0.00M, Peak:0.00M | Scene, RenderLayer | Synchronizing object | Area
Fra:1 Mem:17.26M (0.00M, Peak 17.85M) | Time:00:00.05 | Mem:0.00M, Peak:0.00M | Scene, RenderLayer | Synchronizing object | Ground
Fra:1 Mem:17.33M (0.00M, Peak 17.85M) | Time:00:00.05 | Mem:0.00M, Peak:0.00M | Scene, RenderLayer | Synchronizing object | Empty
Fra:1 Mem:17.33M (0.00M, Peak 17.85M) | Time:00:00.05 | Mem:0.00M, Peak:0.00M | Scene, RenderLayer | Synchronizing object | Lamp_Back
Fra:1 Mem:17.33M (0.00M, Peak 17.85M) | Time:00:00.05 | Mem:0.00M, Peak:0.00M | Scene, RenderLayer | Synchronizing object | Lamp_Fill
Fra:1 Mem:17.33M (0.00M, Peak 17.85M) | Time:00:00.05 | Mem:0.00M, Peak:0.00M | Scene, RenderLayer | Synchronizing object | Lamp_Key
Fra:1 Mem:17.33M (0.00M, Peak 17.85M) | Time:00:00.05 | Mem:0.00M, Peak:0.00M | Scene, RenderLayer | Synchronizing object | Camera
Fra:1 Mem:17.33M (0.00M, Peak 17.85M) | Time:00:00.05 | Mem:0.00M, Peak:0.00M | Scene, RenderLayer | Synchronizing object | SmoothCylinder_0
Fra:1 Mem:20.65M (0.00M, Peak 23.73M) | Time:00:00.06 | Mem:0.00M, Peak:0.00M | Scene, RenderLayer | Synchronizing object | Sphere_0
Fra:1 Mem:22.14M (0.00M, Peak 23.73M) | Time:00:00.06 | Mem:0.00M, Peak:0.00M | Scene, RenderLayer | Synchronizing object | Sphere_1
Fra:1 Mem:23.64M (0.00M, Peak 25.07M) | Time:00:00.07 | Mem:0.00M, Peak:0.00M | Scene, RenderLayer | Initializing
Fra:1 Mem:23.64M (0.00M, Peak 25.07M) | Time:00:00.07 | Mem:0.00M, Peak:0.00M | Scene, RenderLayer | Loading render kernels (may take a few minutes the first time)
Fra:1 Mem:23.64M (0.00M, Peak 26.34M) | Time:00:00.08 | Mem:0.00M, Peak:0.00M | Scene, RenderLayer | Waiting for render to start
Fra:1 Mem:23.64M (0.00M, Peak 26.34M) | Time:00:00.08 | Mem:0.00M, Peak:0.00M | Scene, RenderLayer | Updating Scene
Fra:1 Mem:23.64M (0.00M, Peak 26.34M) | Time:00:00.08 | Mem:0.00M, Peak:0.00M | Scene, RenderLayer | Updating Shaders
Fra:1 Mem:24.14M (0.00M, Peak 26.34M) | Time:00:00.16 | Mem:0.00M, Peak:0.00M | Scene, RenderLayer | Updating Background
Fra:1 Mem:24.14M (0.00M, Peak 26.34M) | Time:00:00.16 | Mem:0.00M, Peak:0.00M | Scene, RenderLayer | Updating Camera
Fra:1 Mem:24.14M (0.00M, Peak 26.34M) | Time:00:00.16 | Mem:0.00M, Peak:0.00M | Scene, RenderLayer | Updating Meshes Flags
Fra:1 Mem:24.14M (0.00M, Peak 26.34M) | Time:00:00.16 | Mem:0.00M, Peak:0.00M | Scene, RenderLayer | Updating Objects
Fra:1 Mem:24.14M (0.00M, Peak 26.34M) | Time:00:00.16 | Mem:0.00M, Peak:0.00M | Scene, RenderLayer | Updating Objects | Copying Transformations to device
Fra:1 Mem:24.14M (0.00M, Peak 26.34M) | Time:00:00.16 | Mem:0.00M, Peak:0.00M | Scene, RenderLayer | Updating Objects | Applying Static Transformations
Fra:1 Mem:24.14M (0.00M, Peak 26.34M) | Time:00:00.16 | Mem:0.00M, Peak:0.00M | Scene, RenderLayer | Updating Meshes
Fra:1 Mem:26.11M (0.00M, Peak 26.34M) | Time:00:00.17 | Mem:0.00M, Peak:0.00M | Scene, RenderLayer | Updating Mesh | Computing attributes
Fra:1 Mem:27.12M (0.00M, Peak 27.12M) | Time:00:00.17 | Mem:0.00M, Peak:0.00M | Scene, RenderLayer | Updating Mesh | Copying Attributes to device
Fra:1 Mem:27.12M (0.00M, Peak 28.12M) | Time:00:00.17 | Mem:1.01M, Peak:1.01M | Scene, RenderLayer | Updating Scene BVH | Building
Fra:1 Mem:27.12M (0.00M, Peak 28.12M) | Time:00:00.17 | Mem:1.01M, Peak:1.01M | Scene, RenderLayer | Updating Scene BVH | Building BVH
Fra:1 Mem:34.50M (0.00M, Peak 34.50M) | Time:00:00.26 | Mem:1.01M, Peak:1.01M | Scene, RenderLayer | Updating Scene BVH | Packing BVH triangles and strands
Fra:1 Mem:41.39M (0.00M, Peak 41.39M) | Time:00:00.27 | Mem:1.01M, Peak:1.01M | Scene, RenderLayer | Updating Scene BVH | Packing BVH nodes
Fra:1 Mem:37.52M (0.00M, Peak 43.43M) | Time:00:00.28 | Mem:1.01M, Peak:1.01M | Scene, RenderLayer | Updating Scene BVH | Copying BVH to device
Fra:1 Mem:38.01M (0.00M, Peak 43.43M) | Time:00:00.28 | Mem:11.41M, Peak:11.41M | Scene, RenderLayer | Updating Mesh | Computing normals
Fra:1 Mem:42.50M (0.00M, Peak 43.43M) | Time:00:00.28 | Mem:11.41M, Peak:11.41M | Scene, RenderLayer | Updating Mesh | Copying Mesh to device
Fra:1 Mem:42.00M (0.00M, Peak 43.43M) | Time:00:00.29 | Mem:15.90M, Peak:15.90M | Scene, RenderLayer | Updating Objects Flags
Fra:1 Mem:42.00M (0.00M, Peak 43.43M) | Time:00:00.29 | Mem:15.90M, Peak:15.90M | Scene, RenderLayer | Updating Images
Fra:1 Mem:42.00M (0.00M, Peak 43.43M) | Time:00:00.29 | Mem:15.90M, Peak:15.90M | Scene, RenderLayer | Updating Camera Volume
Fra:1 Mem:42.00M (0.00M, Peak 43.43M) | Time:00:00.29 | Mem:15.90M, Peak:15.90M | Scene, RenderLayer | Updating Hair Systems
Fra:1 Mem:42.00M (0.00M, Peak 43.43M) | Time:00:00.29 | Mem:15.90M, Peak:15.90M | Scene, RenderLayer | Updating Hair settings | Copying Hair settings to device
Fra:1 Mem:42.00M (0.00M, Peak 43.43M) | Time:00:00.29 | Mem:15.90M, Peak:15.90M | Scene, RenderLayer | Updating Lookup Tables
Fra:1 Mem:42.00M (0.00M, Peak 43.43M) | Time:00:00.29 | Mem:16.15M, Peak:16.15M | Scene, RenderLayer | Updating Lights
Fra:1 Mem:42.01M (0.00M, Peak 43.43M) | Time:00:00.29 | Mem:16.15M, Peak:16.15M | Scene, RenderLayer | Updating Lights | Computing distribution
Fra:1 Mem:42.01M (0.00M, Peak 43.43M) | Time:00:00.29 | Mem:16.15M, Peak:16.15M | Scene, RenderLayer | Updating Particle Systems
Fra:1 Mem:42.01M (0.00M, Peak 43.43M) | Time:00:00.29 | Mem:16.15M, Peak:16.15M | Scene, RenderLayer | Updating Particle Systems | Copying Particles to device
Fra:1 Mem:42.01M (0.00M, Peak 43.43M) | Time:00:00.29 | Mem:16.15M, Peak:16.15M | Scene, RenderLayer | Updating Integrator
Fra:1 Mem:42.05M (0.00M, Peak 43.43M) | Time:00:00.29 | Mem:16.19M, Peak:16.19M | Scene, RenderLayer | Updating Film
Fra:1 Mem:42.05M (0.00M, Peak 43.43M) | Time:00:00.29 | Mem:16.19M, Peak:16.19M | Scene, RenderLayer | Updating Lookup Tables
Fra:1 Mem:42.05M (0.00M, Peak 43.43M) | Time:00:00.29 | Mem:16.20M, Peak:16.20M | Scene, RenderLayer | Updating Baking
Fra:1 Mem:42.05M (0.00M, Peak 43.43M) | Time:00:00.29 | Mem:16.20M, Peak:16.20M | Scene, RenderLayer | Updating Device | Writing constant memory
Fra:1 Mem:42.05M (0.00M, Peak 43.43M) | Time:00:00.29 | Mem:16.20M, Peak:16.20M | Scene, RenderLayer | Path Tracing Tile 0/4, Sample 0/512
Fra:1 Mem:44.30M (0.00M, Peak 45.55M) | Time:00:00.29 | Mem:18.45M, Peak:18.45M | Scene, RenderLayer | Path Tracing Tile 1/4, Sample 0/512
Fra:1 Mem:44.30M (0.00M, Peak 46.55M) | Time:00:01.30 | Remaining:00:10.31 | Mem:18.45M, Peak:18.45M | Scene, RenderLayer | Path Tracing Tile 1/4, Sample 107/512
Fra:1 Mem:44.30M (0.00M, Peak 46.55M) | Time:00:02.30 | Remaining:00:09.26 | Mem:18.45M, Peak:18.45M | Scene, RenderLayer | Path Tracing Tile 1/4, Sample 214/512
Fra:1 Mem:44.30M (0.00M, Peak 46.55M) | Time:00:03.30 | Remaining:00:08.25 | Mem:18.45M, Peak:18.45M | Scene, RenderLayer | Path Tracing Tile 1/4, Sample 321/512
Fra:1 Mem:44.30M (0.00M, Peak 46.55M) | Time:00:04.31 | Remaining:00:07.25 | Mem:18.45M, Peak:18.45M | Scene, RenderLayer | Path Tracing Tile 1/4, Sample 428/512
Fra:1 Mem:42.05M (0.00M, Peak 46.55M) | Time:00:05.11 | Remaining:00:06.47 | Mem:16.20M, Peak:18.45M | Scene, RenderLayer | Path Tracing Tile 1/4, Sample 512/512
Fra:1 Mem:44.02M (0.00M, Peak 46.55M) | Time:00:05.11 | Remaining:00:06.48 | Mem:18.16M, Peak:18.45M | Scene, RenderLayer | Path Tracing Tile 2/4, Sample 512/512
Fra:1 Mem:44.02M (0.00M, Peak 46.55M) | Time:00:05.31 | Remaining:00:06.27 | Mem:18.16M, Peak:18.45M | Scene, RenderLayer | Path Tracing Tile 2/4, Sample 25/512
Fra:1 Mem:44.02M (0.00M, Peak 46.55M) | Time:00:06.31 | Remaining:00:05.26 | Mem:18.16M, Peak:18.45M | Scene, RenderLayer | Path Tracing Tile 2/4, Sample 147/512
Fra:1 Mem:44.02M (0.00M, Peak 46.55M) | Time:00:07.32 | Remaining:00:04.24 | Mem:18.16M, Peak:18.45M | Scene, RenderLayer | Path Tracing Tile 2/4, Sample 270/512
Fra:1 Mem:44.02M (0.00M, Peak 46.55M) | Time:00:08.33 | Remaining:00:03.24 | Mem:18.16M, Peak:18.45M | Scene, RenderLayer | Path Tracing Tile 2/4, Sample 392/512
Fra:1 Mem:42.05M (0.00M, Peak 46.55M) | Time:00:09.32 | Remaining:00:02.25 | Mem:16.20M, Peak:18.45M | Scene, RenderLayer | Path Tracing Tile 2/4, Sample 512/512
Fra:1 Mem:42.61M (0.00M, Peak 46.55M) | Time:00:09.32 | Remaining:00:02.25 | Mem:16.76M, Peak:18.45M | Scene, RenderLayer | Path Tracing Tile 3/4, Sample 512/512
Fra:1 Mem:42.61M (0.00M, Peak 46.55M) | Time:00:09.33 | Remaining:00:02.25 | Mem:16.76M, Peak:18.45M | Scene, RenderLayer | Path Tracing Tile 3/4, Sample 1/512
Fra:1 Mem:42.61M (0.00M, Peak 46.55M) | Time:00:10.33 | Remaining:00:01.76 | Mem:16.76M, Peak:18.45M | Scene, RenderLayer | Path Tracing Tile 3/4, Sample 243/512
Fra:1 Mem:42.61M (0.00M, Peak 46.55M) | Time:00:11.33 | Remaining:00:01.21 | Mem:16.76M, Peak:18.45M | Scene, RenderLayer | Path Tracing Tile 3/4, Sample 483/512
Fra:1 Mem:42.05M (0.00M, Peak 46.55M) | Time:00:11.45 | Remaining:00:01.14 | Mem:16.20M, Peak:18.45M | Scene, RenderLayer | Path Tracing Tile 3/4, Sample 512/512
Fra:1 Mem:42.54M (0.00M, Peak 46.55M) | Time:00:11.45 | Remaining:00:01.14 | Mem:16.69M, Peak:18.45M | Scene, RenderLayer | Path Tracing Tile 4/4, Sample 512/512
Fra:1 Mem:42.54M (0.00M, Peak 46.55M) | Time:00:12.33 | Remaining:00:00.65 | Mem:16.69M, Peak:18.45M | Scene, RenderLayer | Path Tracing Tile 4/4, Sample 229/512
Fra:1 Mem:42.54M (0.00M, Peak 46.55M) | Time:00:13.33 | Remaining:00:00.05 | Mem:16.69M, Peak:18.45M | Scene, RenderLayer | Path Tracing Tile 4/4, Sample 488/512
Fra:1 Mem:42.05M (0.00M, Peak 46.55M) | Time:00:13.43 | Mem:16.20M, Peak:18.45M | Scene, RenderLayer | Path Tracing Tile 4/4, Sample 512/512
Fra:1 Mem:42.05M (0.00M, Peak 46.55M) | Time:00:13.43 | Mem:16.20M, Peak:18.45M | Scene, RenderLayer | Finished
Fra:1 Mem:17.50M (0.00M, Peak 46.55M) | Time:00:13.51 | Sce: Scene Ve:0 Fa:0 La:0
Saved: 'data/clevr-cleaned-variants/meeussen/fovariant-9/render/images/CLEVR_val_000000.png'
 Time: 00:13.55 (Saving: 00:00.03)

read blend: /home/ubuntu/vdp/data/clevr_scene_data/base_scene.blend
convertViewVec: called in an invalid context
convertViewVec: called in an invalid context
convertViewVec: called in an invalid context
Fra:1 Mem:17.60M (0.00M, Peak 17.60M) | Time:00:00.00 | Preparing Scene data
Fra:1 Mem:25.61M (0.00M, Peak 26.59M) | Time:00:00.01 | Preparing Scene data
Fra:1 Mem:25.61M (0.00M, Peak 26.59M) | Time:00:00.01 | Creating Shadowbuffers
Fra:1 Mem:25.61M (0.00M, Peak 26.59M) | Time:00:00.01 | Raytree.. preparing
Fra:1 Mem:34.44M (0.00M, Peak 34.44M) | Time:00:00.02 | Raytree.. building
Fra:1 Mem:33.95M (0.00M, Peak 47.72M) | Time:00:00.16 | Raytree finished
Fra:1 Mem:33.95M (0.00M, Peak 47.72M) | Time:00:00.16 | Creating Environment maps
Fra:1 Mem:33.95M (0.00M, Peak 47.72M) | Time:00:00.16 | Caching Point Densities
Fra:1 Mem:33.95M (0.00M, Peak 47.72M) | Time:00:00.16 | Sce: Scene Ve:66054 Fa:64258 La:1
Fra:1 Mem:33.95M (0.00M, Peak 47.72M) | Time:00:00.16 | Loading voxel datasets
Fra:1 Mem:33.95M (0.00M, Peak 47.72M) | Time:00:00.16 | Sce: Scene Ve:66054 Fa:64258 La:1
Fra:1 Mem:33.95M (0.00M, Peak 47.72M) | Time:00:00.16 | Sce: Scene Ve:66054 Fa:64258 La:1
Fra:1 Mem:33.95M (0.00M, Peak 47.72M) | Time:00:00.16 | Volume preprocessing
Fra:1 Mem:33.95M (0.00M, Peak 47.72M) | Time:00:00.16 | Sce: Scene Ve:66054 Fa:64258 La:1
Fra:1 Mem:33.95M (0.00M, Peak 47.72M) | Time:00:00.16 | Sce: Scene Ve:66054 Fa:64258 La:1
Fra:1 Mem:38.24M (0.00M, Peak 47.72M) | Time:00:00.16 | Scene, Part 3-4
Fra:1 Mem:37.99M (0.00M, Peak 47.72M) | Time:00:00.16 | Scene, Part 4-4
Fra:1 Mem:37.05M (0.00M, Peak 47.72M) | Time:00:00.17 | Scene, Part 2-4
Fra:1 Mem:35.21M (0.00M, Peak 47.72M) | Time:00:00.18 | Scene, Part 1-4
Fra:1 Mem:17.49M (0.00M, Peak 47.72M) | Time:00:00.18 | Sce: Scene Ve:66054 Fa:64258 La:1
Saved: '/tmp/tmp4bzj5cpw.png'
 Time: 00:00.20 (Saving: 00:00.01)

Fra:1 Mem:17.52M (0.00M, Peak 18.12M) | Time:00:00.04 | Mem:0.00M, Peak:0.00M | Scene, RenderLayer | Synchronizing object | Area
Fra:1 Mem:17.52M (0.00M, Peak 18.12M) | Time:00:00.04 | Mem:0.00M, Peak:0.00M | Scene, RenderLayer | Synchronizing object | Ground
Fra:1 Mem:17.59M (0.00M, Peak 18.12M) | Time:00:00.04 | Mem:0.00M, Peak:0.00M | Scene, RenderLayer | Synchronizing object | Empty
Fra:1 Mem:17.59M (0.00M, Peak 18.12M) | Time:00:00.04 | Mem:0.00M, Peak:0.00M | Scene, RenderLayer | Synchronizing object | Lamp_Back
Fra:1 Mem:17.59M (0.00M, Peak 18.12M) | Time:00:00.04 | Mem:0.00M, Peak:0.00M | Scene, RenderLayer | Synchronizing object | Lamp_Fill
Fra:1 Mem:17.59M (0.00M, Peak 18.12M) | Time:00:00.04 | Mem:0.00M, Peak:0.00M | Scene, RenderLayer | Synchronizing object | Lamp_Key
Fra:1 Mem:17.59M (0.00M, Peak 18.12M) | Time:00:00.04 | Mem:0.00M, Peak:0.00M | Scene, RenderLayer | Synchronizing object | Camera
Fra:1 Mem:17.59M (0.00M, Peak 18.12M) | Time:00:00.04 | Mem:0.00M, Peak:0.00M | Scene, RenderLayer | Synchronizing object | SmoothCylinder_0
Fra:1 Mem:20.91M (0.00M, Peak 24.00M) | Time:00:00.06 | Mem:0.00M, Peak:0.00M | Scene, RenderLayer | Synchronizing object | Sphere_0
Fra:1 Mem:22.40M (0.00M, Peak 24.00M) | Time:00:00.06 | Mem:0.00M, Peak:0.00M | Scene, RenderLayer | Synchronizing object | Sphere_1
Fra:1 Mem:23.90M (0.00M, Peak 25.34M) | Time:00:00.07 | Mem:0.00M, Peak:0.00M | Scene, RenderLayer | Initializing
Fra:1 Mem:23.90M (0.00M, Peak 25.34M) | Time:00:00.07 | Mem:0.00M, Peak:0.00M | Scene, RenderLayer | Loading render kernels (may take a few minutes the first time)
Fra:1 Mem:23.90M (0.00M, Peak 26.60M) | Time:00:00.08 | Mem:0.00M, Peak:0.00M | Scene, RenderLayer | Waiting for render to start
Fra:1 Mem:23.90M (0.00M, Peak 26.60M) | Time:00:00.08 | Mem:0.00M, Peak:0.00M | Scene, RenderLayer | Updating Scene
Fra:1 Mem:23.90M (0.00M, Peak 26.60M) | Time:00:00.08 | Mem:0.00M, Peak:0.00M | Scene, RenderLayer | Updating Shaders
Fra:1 Mem:24.15M (0.00M, Peak 26.60M) | Time:00:00.08 | Mem:0.00M, Peak:0.00M | Scene, RenderLayer | Updating Background
Fra:1 Mem:24.15M (0.00M, Peak 26.60M) | Time:00:00.08 | Mem:0.00M, Peak:0.00M | Scene, RenderLayer | Updating Camera
Fra:1 Mem:24.15M (0.00M, Peak 26.60M) | Time:00:00.08 | Mem:0.00M, Peak:0.00M | Scene, RenderLayer | Updating Meshes Flags
Fra:1 Mem:24.15M (0.00M, Peak 26.60M) | Time:00:00.08 | Mem:0.00M, Peak:0.00M | Scene, RenderLayer | Updating Objects
Fra:1 Mem:24.15M (0.00M, Peak 26.60M) | Time:00:00.08 | Mem:0.00M, Peak:0.00M | Scene, RenderLayer | Updating Objects | Copying Transformations to device
Fra:1 Mem:24.15M (0.00M, Peak 26.60M) | Time:00:00.08 | Mem:0.00M, Peak:0.00M | Scene, RenderLayer | Updating Objects | Applying Static Transformations
Fra:1 Mem:24.15M (0.00M, Peak 26.60M) | Time:00:00.08 | Mem:0.00M, Peak:0.00M | Scene, RenderLayer | Updating Meshes
Fra:1 Mem:26.12M (0.00M, Peak 26.60M) | Time:00:00.09 | Mem:0.00M, Peak:0.00M | Scene, RenderLayer | Updating Mesh | Computing attributes
Fra:1 Mem:27.13M (0.00M, Peak 27.13M) | Time:00:00.09 | Mem:0.00M, Peak:0.00M | Scene, RenderLayer | Updating Mesh | Copying Attributes to device
Fra:1 Mem:27.13M (0.00M, Peak 28.14M) | Time:00:00.09 | Mem:1.01M, Peak:1.01M | Scene, RenderLayer | Updating Scene BVH | Building
Fra:1 Mem:27.13M (0.00M, Peak 28.14M) | Time:00:00.09 | Mem:1.01M, Peak:1.01M | Scene, RenderLayer | Updating Scene BVH | Building BVH
Fra:1 Mem:34.51M (0.00M, Peak 34.51M) | Time:00:00.18 | Mem:1.01M, Peak:1.01M | Scene, RenderLayer | Updating Scene BVH | Packing BVH triangles and strands
Fra:1 Mem:41.40M (0.00M, Peak 41.40M) | Time:00:00.19 | Mem:1.01M, Peak:1.01M | Scene, RenderLayer | Updating Scene BVH | Packing BVH nodes
Fra:1 Mem:37.53M (0.00M, Peak 43.44M) | Time:00:00.21 | Mem:1.01M, Peak:1.01M | Scene, RenderLayer | Updating Scene BVH | Copying BVH to device
Fra:1 Mem:38.02M (0.00M, Peak 43.44M) | Time:00:00.21 | Mem:11.41M, Peak:11.41M | Scene, RenderLayer | Updating Mesh | Computing normals
Fra:1 Mem:42.51M (0.00M, Peak 43.44M) | Time:00:00.21 | Mem:11.41M, Peak:11.41M | Scene, RenderLayer | Updating Mesh | Copying Mesh to device
Fra:1 Mem:42.02M (0.00M, Peak 43.44M) | Time:00:00.22 | Mem:15.90M, Peak:15.90M | Scene, RenderLayer | Updating Objects Flags
Fra:1 Mem:42.02M (0.00M, Peak 43.44M) | Time:00:00.22 | Mem:15.90M, Peak:15.90M | Scene, RenderLayer | Updating Images
Fra:1 Mem:42.02M (0.00M, Peak 43.44M) | Time:00:00.22 | Mem:15.90M, Peak:15.90M | Scene, RenderLayer | Updating Camera Volume
Fra:1 Mem:42.02M (0.00M, Peak 43.44M) | Time:00:00.22 | Mem:15.90M, Peak:15.90M | Scene, RenderLayer | Updating Hair Systems
Fra:1 Mem:42.02M (0.00M, Peak 43.44M) | Time:00:00.22 | Mem:15.90M, Peak:15.90M | Scene, RenderLayer | Updating Hair settings | Copying Hair settings to device
Fra:1 Mem:42.02M (0.00M, Peak 43.44M) | Time:00:00.22 | Mem:15.90M, Peak:15.90M | Scene, RenderLayer | Updating Lookup Tables
Fra:1 Mem:42.02M (0.00M, Peak 43.44M) | Time:00:00.22 | Mem:16.15M, Peak:16.15M | Scene, RenderLayer | Updating Lights
Fra:1 Mem:42.02M (0.00M, Peak 43.44M) | Time:00:00.22 | Mem:16.15M, Peak:16.15M | Scene, RenderLayer | Updating Lights | Computing distribution
Fra:1 Mem:42.02M (0.00M, Peak 43.44M) | Time:00:00.22 | Mem:16.15M, Peak:16.15M | Scene, RenderLayer | Updating Particle Systems
Fra:1 Mem:42.02M (0.00M, Peak 43.44M) | Time:00:00.22 | Mem:16.15M, Peak:16.15M | Scene, RenderLayer | Updating Particle Systems | Copying Particles to device
Fra:1 Mem:42.02M (0.00M, Peak 43.44M) | Time:00:00.22 | Mem:16.15M, Peak:16.15M | Scene, RenderLayer | Updating Integrator
Fra:1 Mem:42.06M (0.00M, Peak 43.44M) | Time:00:00.22 | Mem:16.19M, Peak:16.19M | Scene, RenderLayer | Updating Film
Fra:1 Mem:42.06M (0.00M, Peak 43.44M) | Time:00:00.22 | Mem:16.19M, Peak:16.19M | Scene, RenderLayer | Updating Lookup Tables
Fra:1 Mem:42.06M (0.00M, Peak 43.44M) | Time:00:00.22 | Mem:16.20M, Peak:16.20M | Scene, RenderLayer | Updating Baking
Fra:1 Mem:42.06M (0.00M, Peak 43.44M) | Time:00:00.22 | Mem:16.20M, Peak:16.20M | Scene, RenderLayer | Updating Device | Writing constant memory
Fra:1 Mem:42.06M (0.00M, Peak 43.44M) | Time:00:00.22 | Mem:16.20M, Peak:16.20M | Scene, RenderLayer | Path Tracing Tile 0/4, Sample 0/512
Fra:1 Mem:44.31M (0.00M, Peak 45.56M) | Time:00:00.22 | Mem:18.45M, Peak:18.45M | Scene, RenderLayer | Path Tracing Tile 1/4, Sample 0/512
Fra:1 Mem:44.31M (0.00M, Peak 46.56M) | Time:00:01.22 | Remaining:00:10.35 | Mem:18.45M, Peak:18.45M | Scene, RenderLayer | Path Tracing Tile 1/4, Sample 106/512
Fra:1 Mem:44.31M (0.00M, Peak 46.56M) | Time:00:02.23 | Remaining:00:09.30 | Mem:18.45M, Peak:18.45M | Scene, RenderLayer | Path Tracing Tile 1/4, Sample 213/512
Fra:1 Mem:44.31M (0.00M, Peak 46.56M) | Time:00:03.23 | Remaining:00:08.29 | Mem:18.45M, Peak:18.45M | Scene, RenderLayer | Path Tracing Tile 1/4, Sample 320/512
Fra:1 Mem:44.31M (0.00M, Peak 46.56M) | Time:00:04.24 | Remaining:00:07.28 | Mem:18.45M, Peak:18.45M | Scene, RenderLayer | Path Tracing Tile 1/4, Sample 427/512
Fra:1 Mem:42.06M (0.00M, Peak 46.56M) | Time:00:05.05 | Remaining:00:06.49 | Mem:16.20M, Peak:18.45M | Scene, RenderLayer | Path Tracing Tile 1/4, Sample 512/512
Fra:1 Mem:44.03M (0.00M, Peak 46.56M) | Time:00:05.05 | Remaining:00:06.49 | Mem:18.16M, Peak:18.45M | Scene, RenderLayer | Path Tracing Tile 2/4, Sample 512/512
Fra:1 Mem:44.03M (0.00M, Peak 46.56M) | Time:00:05.25 | Remaining:00:06.29 | Mem:18.16M, Peak:18.45M | Scene, RenderLayer | Path Tracing Tile 2/4, Sample 24/512
Fra:1 Mem:44.03M (0.00M, Peak 46.56M) | Time:00:06.25 | Remaining:00:05.28 | Mem:18.16M, Peak:18.45M | Scene, RenderLayer | Path Tracing Tile 2/4, Sample 146/512
Fra:1 Mem:44.03M (0.00M, Peak 46.56M) | Time:00:07.26 | Remaining:00:04.26 | Mem:18.16M, Peak:18.45M | Scene, RenderLayer | Path Tracing Tile 2/4, Sample 269/512
Fra:1 Mem:44.03M (0.00M, Peak 46.56M) | Time:00:08.26 | Remaining:00:03.25 | Mem:18.16M, Peak:18.45M | Scene, RenderLayer | Path Tracing Tile 2/4, Sample 391/512
Fra:1 Mem:44.03M (0.00M, Peak 46.56M) | Time:00:09.27 | Remaining:00:02.38 | Mem:18.16M, Peak:18.45M | Scene, RenderLayer | Path Tracing Tile 2/4, Sample 500/512
Fra:1 Mem:42.06M (0.00M, Peak 46.56M) | Time:00:09.39 | Remaining:00:02.29 | Mem:16.20M, Peak:18.45M | Scene, RenderLayer | Path Tracing Tile 2/4, Sample 512/512
Fra:1 Mem:42.63M (0.00M, Peak 46.56M) | Time:00:09.39 | Remaining:00:02.29 | Mem:16.76M, Peak:18.45M | Scene, RenderLayer | Path Tracing Tile 3/4, Sample 512/512
Fra:1 Mem:42.63M (0.00M, Peak 46.56M) | Time:00:10.27 | Remaining:00:02.10 | Mem:16.76M, Peak:18.45M | Scene, RenderLayer | Path Tracing Tile 3/4, Sample 130/512
Fra:1 Mem:42.63M (0.00M, Peak 46.56M) | Time:00:11.27 | Remaining:00:01.65 | Mem:16.76M, Peak:18.45M | Scene, RenderLayer | Path Tracing Tile 3/4, Sample 335/512
Fra:1 Mem:42.06M (0.00M, Peak 46.56M) | Time:00:12.01 | Remaining:00:01.21 | Mem:16.20M, Peak:18.45M | Scene, RenderLayer | Path Tracing Tile 3/4, Sample 512/512
Fra:1 Mem:42.56M (0.00M, Peak 46.56M) | Time:00:12.01 | Remaining:00:01.21 | Mem:16.69M, Peak:18.45M | Scene, RenderLayer | Path Tracing Tile 4/4, Sample 512/512
Fra:1 Mem:42.56M (0.00M, Peak 46.56M) | Time:00:12.27 | Remaining:00:01.06 | Mem:16.69M, Peak:18.45M | Scene, RenderLayer | Path Tracing Tile 4/4, Sample 68/512
Fra:1 Mem:42.56M (0.00M, Peak 46.56M) | Time:00:13.27 | Remaining:00:00.45 | Mem:16.69M, Peak:18.45M | Scene, RenderLayer | Path Tracing Tile 4/4, Sample 328/512
Fra:1 Mem:42.06M (0.00M, Peak 46.56M) | Time:00:13.98 | Mem:16.20M, Peak:18.45M | Scene, RenderLayer | Path Tracing Tile 4/4, Sample 512/512
Fra:1 Mem:42.06M (0.00M, Peak 46.56M) | Time:00:13.98 | Mem:16.20M, Peak:18.45M | Scene, RenderLayer | Finished
Fra:1 Mem:17.52M (0.00M, Peak 46.56M) | Time:00:14.07 | Sce: Scene Ve:0 Fa:0 La:0
Saved: 'data/clevr-cleaned-variants/meeussen/fovariant-9/render/images/CLEVR_val_000001.png'
 Time: 00:14.10 (Saving: 00:00.03)

read blend: /home/ubuntu/vdp/data/clevr_scene_data/base_scene.blend
convertViewVec: called in an invalid context
convertViewVec: called in an invalid context
convertViewVec: called in an invalid context
convertViewVec: called in an invalid context
Fra:1 Mem:21.90M (0.00M, Peak 21.90M) | Time:00:00.00 | Preparing Scene data
Fra:1 Mem:33.99M (0.00M, Peak 34.98M) | Time:00:00.02 | Preparing Scene data
Fra:1 Mem:33.99M (0.00M, Peak 34.98M) | Time:00:00.02 | Creating Shadowbuffers
Fra:1 Mem:33.99M (0.00M, Peak 34.98M) | Time:00:00.02 | Raytree.. preparing
Fra:1 Mem:47.37M (0.00M, Peak 47.37M) | Time:00:00.03 | Raytree.. building
Fra:1 Mem:46.66M (0.00M, Peak 67.55M) | Time:00:00.25 | Raytree finished
Fra:1 Mem:46.66M (0.00M, Peak 67.55M) | Time:00:00.25 | Creating Environment maps
Fra:1 Mem:46.66M (0.00M, Peak 67.55M) | Time:00:00.25 | Caching Point Densities
Fra:1 Mem:46.66M (0.00M, Peak 67.55M) | Time:00:00.25 | Sce: Scene Ve:101384 Fa:97413 La:1
Fra:1 Mem:46.66M (0.00M, Peak 67.55M) | Time:00:00.25 | Loading voxel datasets
Fra:1 Mem:46.66M (0.00M, Peak 67.55M) | Time:00:00.25 | Sce: Scene Ve:101384 Fa:97413 La:1
Fra:1 Mem:46.66M (0.00M, Peak 67.55M) | Time:00:00.25 | Sce: Scene Ve:101384 Fa:97413 La:1
Fra:1 Mem:46.66M (0.00M, Peak 67.55M) | Time:00:00.25 | Volume preprocessing
Fra:1 Mem:46.66M (0.00M, Peak 67.55M) | Time:00:00.25 | Sce: Scene Ve:101384 Fa:97413 La:1
Fra:1 Mem:46.66M (0.00M, Peak 67.55M) | Time:00:00.25 | Sce: Scene Ve:101384 Fa:97413 La:1
Fra:1 Mem:50.73M (0.00M, Peak 67.55M) | Time:00:00.26 | Scene, Part 3-4
Fra:1 Mem:50.70M (0.00M, Peak 67.55M) | Time:00:00.26 | Scene, Part 4-4
Fra:1 Mem:49.76M (0.00M, Peak 67.55M) | Time:00:00.26 | Scene, Part 2-4
Fra:1 Mem:47.92M (0.00M, Peak 67.55M) | Time:00:00.27 | Scene, Part 1-4
Fra:1 Mem:21.75M (0.00M, Peak 67.55M) | Time:00:00.27 | Sce: Scene Ve:101384 Fa:97413 La:1
Saved: '/tmp/tmp74rco8zn.png'
 Time: 00:00.29 (Saving: 00:00.01)

Fra:1 Mem:21.79M (0.00M, Peak 22.38M) | Time:00:00.04 | Mem:0.00M, Peak:0.00M | Scene, RenderLayer | Synchronizing object | Area
Fra:1 Mem:21.79M (0.00M, Peak 22.38M) | Time:00:00.04 | Mem:0.00M, Peak:0.00M | Scene, RenderLayer | Synchronizing object | Ground
Fra:1 Mem:21.85M (0.00M, Peak 22.38M) | Time:00:00.05 | Mem:0.00M, Peak:0.00M | Scene, RenderLayer | Synchronizing object | Empty
Fra:1 Mem:21.85M (0.00M, Peak 22.38M) | Time:00:00.05 | Mem:0.00M, Peak:0.00M | Scene, RenderLayer | Synchronizing object | Lamp_Back
Fra:1 Mem:21.85M (0.00M, Peak 22.38M) | Time:00:00.05 | Mem:0.00M, Peak:0.00M | Scene, RenderLayer | Synchronizing object | Lamp_Fill
Fra:1 Mem:21.85M (0.00M, Peak 22.38M) | Time:00:00.05 | Mem:0.00M, Peak:0.00M | Scene, RenderLayer | Synchronizing object | Lamp_Key
Fra:1 Mem:21.85M (0.00M, Peak 22.38M) | Time:00:00.05 | Mem:0.00M, Peak:0.00M | Scene, RenderLayer | Synchronizing object | Camera
Fra:1 Mem:21.85M (0.00M, Peak 22.38M) | Time:00:00.05 | Mem:0.00M, Peak:0.00M | Scene, RenderLayer | Synchronizing object | SmoothCylinder_0
Fra:1 Mem:25.17M (0.00M, Peak 28.26M) | Time:00:00.06 | Mem:0.00M, Peak:0.00M | Scene, RenderLayer | Synchronizing object | Sphere_0
Fra:1 Mem:26.67M (0.00M, Peak 28.26M) | Time:00:00.06 | Mem:0.00M, Peak:0.00M | Scene, RenderLayer | Synchronizing object | SmoothCylinder_1
Fra:1 Mem:29.99M (0.00M, Peak 33.08M) | Time:00:00.07 | Mem:0.00M, Peak:0.00M | Scene, RenderLayer | Synchronizing object | Sphere_1
Fra:1 Mem:31.48M (0.00M, Peak 33.08M) | Time:00:00.08 | Mem:0.00M, Peak:0.00M | Scene, RenderLayer | Initializing
Fra:1 Mem:31.48M (0.00M, Peak 33.08M) | Time:00:00.08 | Mem:0.00M, Peak:0.00M | Scene, RenderLayer | Loading render kernels (may take a few minutes the first time)
Fra:1 Mem:31.48M (0.00M, Peak 34.19M) | Time:00:00.09 | Mem:0.00M, Peak:0.00M | Scene, RenderLayer | Waiting for render to start
Fra:1 Mem:31.48M (0.00M, Peak 34.19M) | Time:00:00.09 | Mem:0.00M, Peak:0.00M | Scene, RenderLayer | Updating Scene
Fra:1 Mem:31.48M (0.00M, Peak 34.19M) | Time:00:00.09 | Mem:0.00M, Peak:0.00M | Scene, RenderLayer | Updating Shaders
Fra:1 Mem:31.74M (0.00M, Peak 34.19M) | Time:00:00.09 | Mem:0.00M, Peak:0.00M | Scene, RenderLayer | Updating Background
Fra:1 Mem:31.74M (0.00M, Peak 34.19M) | Time:00:00.09 | Mem:0.00M, Peak:0.00M | Scene, RenderLayer | Updating Camera
Fra:1 Mem:31.74M (0.00M, Peak 34.19M) | Time:00:00.09 | Mem:0.00M, Peak:0.00M | Scene, RenderLayer | Updating Meshes Flags
Fra:1 Mem:31.74M (0.00M, Peak 34.19M) | Time:00:00.09 | Mem:0.00M, Peak:0.00M | Scene, RenderLayer | Updating Objects
Fra:1 Mem:31.74M (0.00M, Peak 34.19M) | Time:00:00.09 | Mem:0.00M, Peak:0.00M | Scene, RenderLayer | Updating Objects | Copying Transformations to device
Fra:1 Mem:31.74M (0.00M, Peak 34.19M) | Time:00:00.10 | Mem:0.00M, Peak:0.00M | Scene, RenderLayer | Updating Objects | Applying Static Transformations
Fra:1 Mem:31.74M (0.00M, Peak 34.19M) | Time:00:00.10 | Mem:0.00M, Peak:0.00M | Scene, RenderLayer | Updating Meshes
Fra:1 Mem:34.72M (0.00M, Peak 34.72M) | Time:00:00.10 | Mem:0.00M, Peak:0.00M | Scene, RenderLayer | Updating Mesh | Computing attributes
Fra:1 Mem:36.26M (0.00M, Peak 36.26M) | Time:00:00.10 | Mem:0.00M, Peak:0.00M | Scene, RenderLayer | Updating Mesh | Copying Attributes to device
Fra:1 Mem:36.26M (0.00M, Peak 37.81M) | Time:00:00.11 | Mem:1.55M, Peak:1.55M | Scene, RenderLayer | Updating Scene BVH | Building
Fra:1 Mem:36.26M (0.00M, Peak 37.81M) | Time:00:00.11 | Mem:1.55M, Peak:1.55M | Scene, RenderLayer | Updating Scene BVH | Building BVH
Fra:1 Mem:47.42M (0.00M, Peak 47.42M) | Time:00:00.25 | Mem:1.55M, Peak:1.55M | Scene, RenderLayer | Updating Scene BVH | Packing BVH triangles and strands
Fra:1 Mem:57.84M (0.00M, Peak 57.84M) | Time:00:00.26 | Mem:1.55M, Peak:1.55M | Scene, RenderLayer | Updating Scene BVH | Packing BVH nodes
Fra:1 Mem:52.04M (0.00M, Peak 60.97M) | Time:00:00.27 | Mem:1.55M, Peak:1.55M | Scene, RenderLayer | Updating Scene BVH | Copying BVH to device
Fra:1 Mem:52.79M (0.00M, Peak 60.97M) | Time:00:00.28 | Mem:17.33M, Peak:17.33M | Scene, RenderLayer | Updating Mesh | Computing normals
Fra:1 Mem:59.59M (0.00M, Peak 60.97M) | Time:00:00.28 | Mem:17.33M, Peak:17.33M | Scene, RenderLayer | Updating Mesh | Copying Mesh to device
Fra:1 Mem:58.85M (0.00M, Peak 60.97M) | Time:00:00.28 | Mem:24.14M, Peak:24.14M | Scene, RenderLayer | Updating Objects Flags
Fra:1 Mem:58.85M (0.00M, Peak 60.97M) | Time:00:00.28 | Mem:24.14M, Peak:24.14M | Scene, RenderLayer | Updating Images
Fra:1 Mem:58.85M (0.00M, Peak 60.97M) | Time:00:00.28 | Mem:24.14M, Peak:24.14M | Scene, RenderLayer | Updating Camera Volume
Fra:1 Mem:58.85M (0.00M, Peak 60.97M) | Time:00:00.28 | Mem:24.14M, Peak:24.14M | Scene, RenderLayer | Updating Hair Systems
Fra:1 Mem:58.85M (0.00M, Peak 60.97M) | Time:00:00.28 | Mem:24.14M, Peak:24.14M | Scene, RenderLayer | Updating Hair settings | Copying Hair settings to device
Fra:1 Mem:58.85M (0.00M, Peak 60.97M) | Time:00:00.28 | Mem:24.14M, Peak:24.14M | Scene, RenderLayer | Updating Lookup Tables
Fra:1 Mem:58.85M (0.00M, Peak 60.97M) | Time:00:00.28 | Mem:24.39M, Peak:24.39M | Scene, RenderLayer | Updating Lights
Fra:1 Mem:58.85M (0.00M, Peak 60.97M) | Time:00:00.28 | Mem:24.39M, Peak:24.39M | Scene, RenderLayer | Updating Lights | Computing distribution
Fra:1 Mem:58.85M (0.00M, Peak 60.97M) | Time:00:00.28 | Mem:24.39M, Peak:24.39M | Scene, RenderLayer | Updating Particle Systems
Fra:1 Mem:58.85M (0.00M, Peak 60.97M) | Time:00:00.28 | Mem:24.39M, Peak:24.39M | Scene, RenderLayer | Updating Particle Systems | Copying Particles to device
Fra:1 Mem:58.85M (0.00M, Peak 60.97M) | Time:00:00.28 | Mem:24.39M, Peak:24.39M | Scene, RenderLayer | Updating Integrator
Fra:1 Mem:58.89M (0.00M, Peak 60.97M) | Time:00:00.28 | Mem:24.43M, Peak:24.43M | Scene, RenderLayer | Updating Film
Fra:1 Mem:58.89M (0.00M, Peak 60.97M) | Time:00:00.28 | Mem:24.43M, Peak:24.43M | Scene, RenderLayer | Updating Lookup Tables
Fra:1 Mem:58.89M (0.00M, Peak 60.97M) | Time:00:00.28 | Mem:24.43M, Peak:24.43M | Scene, RenderLayer | Updating Baking
Fra:1 Mem:58.89M (0.00M, Peak 60.97M) | Time:00:00.28 | Mem:24.43M, Peak:24.43M | Scene, RenderLayer | Updating Device | Writing constant memory
Fra:1 Mem:58.89M (0.00M, Peak 60.97M) | Time:00:00.28 | Mem:24.43M, Peak:24.43M | Scene, RenderLayer | Path Tracing Tile 0/4, Sample 0/512
Fra:1 Mem:61.14M (0.00M, Peak 62.40M) | Time:00:00.29 | Mem:26.68M, Peak:26.68M | Scene, RenderLayer | Path Tracing Tile 1/4, Sample 0/512
Fra:1 Mem:61.14M (0.00M, Peak 63.40M) | Time:00:01.29 | Remaining:00:10.75 | Mem:26.68M, Peak:26.68M | Scene, RenderLayer | Path Tracing Tile 1/4, Sample 103/512
Fra:1 Mem:61.14M (0.00M, Peak 63.40M) | Time:00:02.30 | Remaining:00:09.71 | Mem:26.68M, Peak:26.68M | Scene, RenderLayer | Path Tracing Tile 1/4, Sample 206/512
Fra:1 Mem:61.14M (0.00M, Peak 63.40M) | Time:00:03.30 | Remaining:00:08.70 | Mem:26.68M, Peak:26.68M | Scene, RenderLayer | Path Tracing Tile 1/4, Sample 309/512
Fra:1 Mem:61.14M (0.00M, Peak 63.40M) | Time:00:04.31 | Remaining:00:07.70 | Mem:26.68M, Peak:26.68M | Scene, RenderLayer | Path Tracing Tile 1/4, Sample 412/512
Fra:1 Mem:58.89M (0.00M, Peak 63.40M) | Time:00:05.30 | Remaining:00:06.73 | Mem:24.43M, Peak:26.68M | Scene, RenderLayer | Path Tracing Tile 1/4, Sample 512/512
Fra:1 Mem:60.86M (0.00M, Peak 63.40M) | Time:00:05.30 | Remaining:00:06.73 | Mem:26.40M, Peak:26.68M | Scene, RenderLayer | Path Tracing Tile 2/4, Sample 512/512
Fra:1 Mem:60.86M (0.00M, Peak 63.40M) | Time:00:05.32 | Remaining:00:06.72 | Mem:26.40M, Peak:26.68M | Scene, RenderLayer | Path Tracing Tile 2/4, Sample 2/512
Fra:1 Mem:60.86M (0.00M, Peak 63.40M) | Time:00:06.32 | Remaining:00:05.62 | Mem:26.40M, Peak:26.68M | Scene, RenderLayer | Path Tracing Tile 2/4, Sample 125/512
Fra:1 Mem:60.86M (0.00M, Peak 63.40M) | Time:00:07.32 | Remaining:00:04.56 | Mem:26.40M, Peak:26.68M | Scene, RenderLayer | Path Tracing Tile 2/4, Sample 247/512
Fra:1 Mem:60.86M (0.00M, Peak 63.40M) | Time:00:08.33 | Remaining:00:03.51 | Mem:26.40M, Peak:26.68M | Scene, RenderLayer | Path Tracing Tile 2/4, Sample 369/512
Fra:1 Mem:60.86M (0.00M, Peak 63.40M) | Time:00:09.33 | Remaining:00:02.49 | Mem:26.40M, Peak:26.68M | Scene, RenderLayer | Path Tracing Tile 2/4, Sample 490/512
Fra:1 Mem:58.89M (0.00M, Peak 63.40M) | Time:00:09.52 | Remaining:00:02.30 | Mem:24.43M, Peak:26.68M | Scene, RenderLayer | Path Tracing Tile 2/4, Sample 512/512
Fra:1 Mem:59.46M (0.00M, Peak 63.40M) | Time:00:09.52 | Remaining:00:02.30 | Mem:25.00M, Peak:26.68M | Scene, RenderLayer | Path Tracing Tile 3/4, Sample 512/512
Fra:1 Mem:59.46M (0.00M, Peak 63.40M) | Time:00:10.33 | Remaining:00:01.90 | Mem:25.00M, Peak:26.68M | Scene, RenderLayer | Path Tracing Tile 3/4, Sample 196/512
Fra:1 Mem:59.46M (0.00M, Peak 63.40M) | Time:00:11.34 | Remaining:00:01.35 | Mem:25.00M, Peak:26.68M | Scene, RenderLayer | Path Tracing Tile 3/4, Sample 436/512
Fra:1 Mem:58.89M (0.00M, Peak 63.40M) | Time:00:11.66 | Remaining:00:01.17 | Mem:24.43M, Peak:26.68M | Scene, RenderLayer | Path Tracing Tile 3/4, Sample 512/512
Fra:1 Mem:59.39M (0.00M, Peak 63.40M) | Time:00:11.66 | Remaining:00:01.17 | Mem:24.93M, Peak:26.68M | Scene, RenderLayer | Path Tracing Tile 4/4, Sample 512/512
Fra:1 Mem:59.39M (0.00M, Peak 63.40M) | Time:00:12.34 | Remaining:00:00.78 | Mem:24.93M, Peak:26.68M | Scene, RenderLayer | Path Tracing Tile 4/4, Sample 177/512
Fra:1 Mem:59.39M (0.00M, Peak 63.40M) | Time:00:13.34 | Remaining:00:00.18 | Mem:24.93M, Peak:26.68M | Scene, RenderLayer | Path Tracing Tile 4/4, Sample 436/512
Fra:1 Mem:58.89M (0.00M, Peak 63.40M) | Time:00:13.64 | Mem:24.43M, Peak:26.68M | Scene, RenderLayer | Path Tracing Tile 4/4, Sample 512/512
Fra:1 Mem:58.89M (0.00M, Peak 63.40M) | Time:00:13.64 | Mem:24.43M, Peak:26.68M | Scene, RenderLayer | Finished
Fra:1 Mem:21.78M (0.00M, Peak 63.40M) | Time:00:13.72 | Sce: Scene Ve:0 Fa:0 La:0
Saved: 'data/clevr-cleaned-variants/meeussen/fovariant-9/render/images/CLEVR_val_000002.png'
 Time: 00:13.76 (Saving: 00:00.03)

read blend: /home/ubuntu/vdp/data/clevr_scene_data/base_scene.blend
convertViewVec: called in an invalid context
convertViewVec: called in an invalid context
Fra:1 Mem:15.63M (0.00M, Peak 15.63M) | Time:00:00.00 | Preparing Scene data
Fra:1 Mem:21.68M (0.00M, Peak 22.66M) | Time:00:00.01 | Preparing Scene data
Fra:1 Mem:21.68M (0.00M, Peak 22.66M) | Time:00:00.01 | Creating Shadowbuffers
Fra:1 Mem:21.68M (0.00M, Peak 22.66M) | Time:00:00.01 | Raytree.. preparing
Fra:1 Mem:28.37M (0.00M, Peak 28.37M) | Time:00:00.01 | Raytree.. building
Fra:1 Mem:28.01M (0.00M, Peak 38.45M) | Time:00:00.12 | Raytree finished
Fra:1 Mem:28.01M (0.00M, Peak 38.45M) | Time:00:00.12 | Creating Environment maps
Fra:1 Mem:28.01M (0.00M, Peak 38.45M) | Time:00:00.12 | Caching Point Densities
Fra:1 Mem:28.01M (0.00M, Peak 38.45M) | Time:00:00.12 | Sce: Scene Ve:50692 Fa:48710 La:1
Fra:1 Mem:28.01M (0.00M, Peak 38.45M) | Time:00:00.12 | Loading voxel datasets
Fra:1 Mem:28.01M (0.00M, Peak 38.45M) | Time:00:00.12 | Sce: Scene Ve:50692 Fa:48710 La:1
Fra:1 Mem:28.01M (0.00M, Peak 38.45M) | Time:00:00.12 | Sce: Scene Ve:50692 Fa:48710 La:1
Fra:1 Mem:28.01M (0.00M, Peak 38.45M) | Time:00:00.12 | Volume preprocessing
Fra:1 Mem:28.01M (0.00M, Peak 38.45M) | Time:00:00.12 | Sce: Scene Ve:50692 Fa:48710 La:1
Fra:1 Mem:28.01M (0.00M, Peak 38.45M) | Time:00:00.12 | Sce: Scene Ve:50692 Fa:48710 La:1
Fra:1 Mem:31.33M (0.00M, Peak 38.45M) | Time:00:00.12 | Scene, Part 3-4
Fra:1 Mem:31.45M (0.00M, Peak 38.45M) | Time:00:00.12 | Scene, Part 1-4
Fra:1 Mem:30.04M (0.00M, Peak 38.45M) | Time:00:00.12 | Scene, Part 4-4
Fra:1 Mem:29.11M (0.00M, Peak 38.45M) | Time:00:00.13 | Scene, Part 2-4
Fra:1 Mem:15.55M (0.00M, Peak 38.45M) | Time:00:00.13 | Sce: Scene Ve:50692 Fa:48710 La:1
Saved: '/tmp/tmpfspjdwwb.png'
 Time: 00:00.15 (Saving: 00:00.01)

Fra:1 Mem:15.58M (0.00M, Peak 16.18M) | Time:00:00.04 | Mem:0.00M, Peak:0.00M | Scene, RenderLayer | Synchronizing object | Area
Fra:1 Mem:15.58M (0.00M, Peak 16.18M) | Time:00:00.04 | Mem:0.00M, Peak:0.00M | Scene, RenderLayer | Synchronizing object | Ground
Fra:1 Mem:15.65M (0.00M, Peak 16.18M) | Time:00:00.04 | Mem:0.00M, Peak:0.00M | Scene, RenderLayer | Synchronizing object | Empty
Fra:1 Mem:15.65M (0.00M, Peak 16.18M) | Time:00:00.04 | Mem:0.00M, Peak:0.00M | Scene, RenderLayer | Synchronizing object | Lamp_Back
Fra:1 Mem:15.65M (0.00M, Peak 16.18M) | Time:00:00.04 | Mem:0.00M, Peak:0.00M | Scene, RenderLayer | Synchronizing object | Lamp_Fill
Fra:1 Mem:15.65M (0.00M, Peak 16.18M) | Time:00:00.04 | Mem:0.00M, Peak:0.00M | Scene, RenderLayer | Synchronizing object | Lamp_Key
Fra:1 Mem:15.65M (0.00M, Peak 16.18M) | Time:00:00.04 | Mem:0.00M, Peak:0.00M | Scene, RenderLayer | Synchronizing object | Camera
Fra:1 Mem:15.65M (0.00M, Peak 16.18M) | Time:00:00.04 | Mem:0.00M, Peak:0.00M | Scene, RenderLayer | Synchronizing object | SmoothCylinder_0
Fra:1 Mem:18.97M (0.00M, Peak 22.06M) | Time:00:00.06 | Mem:0.00M, Peak:0.00M | Scene, RenderLayer | Synchronizing object | Sphere_0
Fra:1 Mem:20.47M (0.00M, Peak 22.06M) | Time:00:00.06 | Mem:0.00M, Peak:0.00M | Scene, RenderLayer | Initializing
Fra:1 Mem:20.47M (0.00M, Peak 22.06M) | Time:00:00.06 | Mem:0.00M, Peak:0.00M | Scene, RenderLayer | Loading render kernels (may take a few minutes the first time)
Fra:1 Mem:20.47M (0.00M, Peak 23.17M) | Time:00:00.08 | Mem:0.00M, Peak:0.00M | Scene, RenderLayer | Waiting for render to start
Fra:1 Mem:20.47M (0.00M, Peak 23.17M) | Time:00:00.08 | Mem:0.00M, Peak:0.00M | Scene, RenderLayer | Updating Scene
Fra:1 Mem:20.47M (0.00M, Peak 23.17M) | Time:00:00.08 | Mem:0.00M, Peak:0.00M | Scene, RenderLayer | Updating Shaders
Fra:1 Mem:20.72M (0.00M, Peak 23.17M) | Time:00:00.08 | Mem:0.00M, Peak:0.00M | Scene, RenderLayer | Updating Background
Fra:1 Mem:20.72M (0.00M, Peak 23.17M) | Time:00:00.08 | Mem:0.00M, Peak:0.00M | Scene, RenderLayer | Updating Camera
Fra:1 Mem:20.72M (0.00M, Peak 23.17M) | Time:00:00.08 | Mem:0.00M, Peak:0.00M | Scene, RenderLayer | Updating Meshes Flags
Fra:1 Mem:20.72M (0.00M, Peak 23.17M) | Time:00:00.08 | Mem:0.00M, Peak:0.00M | Scene, RenderLayer | Updating Objects
Fra:1 Mem:20.72M (0.00M, Peak 23.17M) | Time:00:00.08 | Mem:0.00M, Peak:0.00M | Scene, RenderLayer | Updating Objects | Copying Transformations to device
Fra:1 Mem:20.72M (0.00M, Peak 23.17M) | Time:00:00.08 | Mem:0.00M, Peak:0.00M | Scene, RenderLayer | Updating Objects | Applying Static Transformations
Fra:1 Mem:20.72M (0.00M, Peak 23.17M) | Time:00:00.08 | Mem:0.00M, Peak:0.00M | Scene, RenderLayer | Updating Meshes
Fra:1 Mem:22.22M (0.00M, Peak 23.17M) | Time:00:00.08 | Mem:0.00M, Peak:0.00M | Scene, RenderLayer | Updating Mesh | Computing attributes
Fra:1 Mem:22.99M (0.00M, Peak 23.17M) | Time:00:00.08 | Mem:0.00M, Peak:0.00M | Scene, RenderLayer | Updating Mesh | Copying Attributes to device
Fra:1 Mem:22.99M (0.00M, Peak 23.77M) | Time:00:00.08 | Mem:0.78M, Peak:0.78M | Scene, RenderLayer | Updating Scene BVH | Building
Fra:1 Mem:22.99M (0.00M, Peak 23.77M) | Time:00:00.08 | Mem:0.78M, Peak:0.78M | Scene, RenderLayer | Updating Scene BVH | Building BVH
Fra:1 Mem:28.62M (0.00M, Peak 28.62M) | Time:00:00.15 | Mem:0.78M, Peak:0.78M | Scene, RenderLayer | Updating Scene BVH | Packing BVH triangles and strands
Fra:1 Mem:33.86M (0.00M, Peak 33.86M) | Time:00:00.15 | Mem:0.78M, Peak:0.78M | Scene, RenderLayer | Updating Scene BVH | Packing BVH nodes
Fra:1 Mem:30.94M (0.00M, Peak 35.44M) | Time:00:00.16 | Mem:0.78M, Peak:0.78M | Scene, RenderLayer | Updating Scene BVH | Copying BVH to device
Fra:1 Mem:31.32M (0.00M, Peak 35.44M) | Time:00:00.16 | Mem:8.73M, Peak:8.73M | Scene, RenderLayer | Updating Mesh | Computing normals
Fra:1 Mem:34.75M (0.00M, Peak 35.44M) | Time:00:00.16 | Mem:8.73M, Peak:8.73M | Scene, RenderLayer | Updating Mesh | Copying Mesh to device
Fra:1 Mem:34.37M (0.00M, Peak 35.44M) | Time:00:00.16 | Mem:12.16M, Peak:12.16M | Scene, RenderLayer | Updating Objects Flags
Fra:1 Mem:34.37M (0.00M, Peak 35.44M) | Time:00:00.16 | Mem:12.16M, Peak:12.16M | Scene, RenderLayer | Updating Images
Fra:1 Mem:34.37M (0.00M, Peak 35.44M) | Time:00:00.16 | Mem:12.16M, Peak:12.16M | Scene, RenderLayer | Updating Camera Volume
Fra:1 Mem:34.37M (0.00M, Peak 35.44M) | Time:00:00.16 | Mem:12.16M, Peak:12.16M | Scene, RenderLayer | Updating Hair Systems
Fra:1 Mem:34.37M (0.00M, Peak 35.44M) | Time:00:00.16 | Mem:12.16M, Peak:12.16M | Scene, RenderLayer | Updating Hair settings | Copying Hair settings to device
Fra:1 Mem:34.37M (0.00M, Peak 35.44M) | Time:00:00.16 | Mem:12.16M, Peak:12.16M | Scene, RenderLayer | Updating Lookup Tables
Fra:1 Mem:34.37M (0.00M, Peak 35.44M) | Time:00:00.16 | Mem:12.41M, Peak:12.41M | Scene, RenderLayer | Updating Lights
Fra:1 Mem:34.37M (0.00M, Peak 35.44M) | Time:00:00.16 | Mem:12.41M, Peak:12.41M | Scene, RenderLayer | Updating Lights | Computing distribution
Fra:1 Mem:34.37M (0.00M, Peak 35.44M) | Time:00:00.16 | Mem:12.41M, Peak:12.41M | Scene, RenderLayer | Updating Particle Systems
Fra:1 Mem:34.37M (0.00M, Peak 35.44M) | Time:00:00.16 | Mem:12.41M, Peak:12.41M | Scene, RenderLayer | Updating Particle Systems | Copying Particles to device
Fra:1 Mem:34.37M (0.00M, Peak 35.44M) | Time:00:00.16 | Mem:12.41M, Peak:12.41M | Scene, RenderLayer | Updating Integrator
Fra:1 Mem:34.41M (0.00M, Peak 35.44M) | Time:00:00.16 | Mem:12.45M, Peak:12.45M | Scene, RenderLayer | Updating Film
Fra:1 Mem:34.42M (0.00M, Peak 35.44M) | Time:00:00.16 | Mem:12.45M, Peak:12.45M | Scene, RenderLayer | Updating Lookup Tables
Fra:1 Mem:34.42M (0.00M, Peak 35.44M) | Time:00:00.16 | Mem:12.45M, Peak:12.45M | Scene, RenderLayer | Updating Baking
Fra:1 Mem:34.42M (0.00M, Peak 35.44M) | Time:00:00.16 | Mem:12.45M, Peak:12.45M | Scene, RenderLayer | Updating Device | Writing constant memory
Fra:1 Mem:34.42M (0.00M, Peak 35.44M) | Time:00:00.16 | Mem:12.45M, Peak:12.45M | Scene, RenderLayer | Path Tracing Tile 0/4, Sample 0/512
Fra:1 Mem:36.67M (0.00M, Peak 37.92M) | Time:00:00.17 | Mem:14.70M, Peak:14.70M | Scene, RenderLayer | Path Tracing Tile 1/4, Sample 0/512
Fra:1 Mem:36.67M (0.00M, Peak 38.92M) | Time:00:01.17 | Remaining:00:09.48 | Mem:14.70M, Peak:14.70M | Scene, RenderLayer | Path Tracing Tile 1/4, Sample 115/512
Fra:1 Mem:36.67M (0.00M, Peak 38.92M) | Time:00:02.18 | Remaining:00:08.44 | Mem:14.70M, Peak:14.70M | Scene, RenderLayer | Path Tracing Tile 1/4, Sample 231/512
Fra:1 Mem:36.67M (0.00M, Peak 38.92M) | Time:00:03.18 | Remaining:00:07.44 | Mem:14.70M, Peak:14.70M | Scene, RenderLayer | Path Tracing Tile 1/4, Sample 346/512
Fra:1 Mem:36.67M (0.00M, Peak 38.92M) | Time:00:04.19 | Remaining:00:06.44 | Mem:14.70M, Peak:14.70M | Scene, RenderLayer | Path Tracing Tile 1/4, Sample 461/512
Fra:1 Mem:34.42M (0.00M, Peak 38.92M) | Time:00:04.64 | Remaining:00:06.01 | Mem:12.45M, Peak:14.70M | Scene, RenderLayer | Path Tracing Tile 1/4, Sample 512/512
Fra:1 Mem:36.39M (0.00M, Peak 38.92M) | Time:00:04.64 | Remaining:00:06.01 | Mem:14.42M, Peak:14.70M | Scene, RenderLayer | Path Tracing Tile 2/4, Sample 512/512
Fra:1 Mem:36.39M (0.00M, Peak 38.92M) | Time:00:05.19 | Remaining:00:05.58 | Mem:14.42M, Peak:14.70M | Scene, RenderLayer | Path Tracing Tile 2/4, Sample 64/512
Fra:1 Mem:36.39M (0.00M, Peak 38.92M) | Time:00:06.19 | Remaining:00:04.75 | Mem:14.42M, Peak:14.70M | Scene, RenderLayer | Path Tracing Tile 2/4, Sample 182/512
Fra:1 Mem:36.39M (0.00M, Peak 38.92M) | Time:00:07.20 | Remaining:00:03.87 | Mem:14.42M, Peak:14.70M | Scene, RenderLayer | Path Tracing Tile 2/4, Sample 299/512
Fra:1 Mem:36.39M (0.00M, Peak 38.92M) | Time:00:08.20 | Remaining:00:02.97 | Mem:14.42M, Peak:14.70M | Scene, RenderLayer | Path Tracing Tile 2/4, Sample 416/512
Fra:1 Mem:34.42M (0.00M, Peak 38.92M) | Time:00:09.03 | Remaining:00:02.21 | Mem:12.45M, Peak:14.70M | Scene, RenderLayer | Path Tracing Tile 2/4, Sample 512/512
Fra:1 Mem:34.98M (0.00M, Peak 38.92M) | Time:00:09.03 | Remaining:00:02.21 | Mem:13.01M, Peak:14.70M | Scene, RenderLayer | Path Tracing Tile 3/4, Sample 512/512
Fra:1 Mem:34.98M (0.00M, Peak 38.92M) | Time:00:09.20 | Remaining:00:02.14 | Mem:13.01M, Peak:14.70M | Scene, RenderLayer | Path Tracing Tile 3/4, Sample 41/512
Fra:1 Mem:34.98M (0.00M, Peak 38.92M) | Time:00:10.21 | Remaining:00:01.64 | Mem:13.01M, Peak:14.70M | Scene, RenderLayer | Path Tracing Tile 3/4, Sample 284/512
Fra:1 Mem:34.42M (0.00M, Peak 38.92M) | Time:00:11.16 | Remaining:00:01.13 | Mem:12.45M, Peak:14.70M | Scene, RenderLayer | Path Tracing Tile 3/4, Sample 512/512
Fra:1 Mem:34.91M (0.00M, Peak 38.92M) | Time:00:11.16 | Remaining:00:01.13 | Mem:12.94M, Peak:14.70M | Scene, RenderLayer | Path Tracing Tile 4/4, Sample 512/512
Fra:1 Mem:34.91M (0.00M, Peak 38.92M) | Time:00:11.21 | Remaining:00:01.10 | Mem:12.94M, Peak:14.70M | Scene, RenderLayer | Path Tracing Tile 4/4, Sample 14/512
Fra:1 Mem:34.91M (0.00M, Peak 38.92M) | Time:00:12.21 | Remaining:00:00.53 | Mem:12.94M, Peak:14.70M | Scene, RenderLayer | Path Tracing Tile 4/4, Sample 277/512
Fra:1 Mem:34.42M (0.00M, Peak 38.92M) | Time:00:13.11 | Mem:12.45M, Peak:14.70M | Scene, RenderLayer | Path Tracing Tile 4/4, Sample 512/512
Fra:1 Mem:34.42M (0.00M, Peak 38.92M) | Time:00:13.11 | Mem:12.45M, Peak:14.70M | Scene, RenderLayer | Finished
Fra:1 Mem:15.58M (0.00M, Peak 38.92M) | Time:00:13.19 | Sce: Scene Ve:0 Fa:0 La:0
Saved: 'data/clevr-cleaned-variants/meeussen/fovariant-9/render/images/CLEVR_val_000003.png'
 Time: 00:13.23 (Saving: 00:00.03)

read blend: /home/ubuntu/vdp/data/clevr_scene_data/base_scene.blend
convertViewVec: called in an invalid context
convertViewVec: called in an invalid context
convertViewVec: called in an invalid context
Fra:1 Mem:17.63M (0.00M, Peak 17.63M) | Time:00:00.00 | Preparing Scene data
Fra:1 Mem:25.63M (0.00M, Peak 26.61M) | Time:00:00.01 | Preparing Scene data
Fra:1 Mem:25.63M (0.00M, Peak 26.61M) | Time:00:00.01 | Creating Shadowbuffers
Fra:1 Mem:25.63M (0.00M, Peak 26.61M) | Time:00:00.01 | Raytree.. preparing
Fra:1 Mem:34.46M (0.00M, Peak 34.46M) | Time:00:00.02 | Raytree.. building
Fra:1 Mem:33.96M (0.00M, Peak 47.75M) | Time:00:00.16 | Raytree finished
Fra:1 Mem:33.96M (0.00M, Peak 47.75M) | Time:00:00.16 | Creating Environment maps
Fra:1 Mem:33.96M (0.00M, Peak 47.75M) | Time:00:00.16 | Caching Point Densities
Fra:1 Mem:33.96M (0.00M, Peak 47.75M) | Time:00:00.16 | Sce: Scene Ve:66054 Fa:64278 La:1
Fra:1 Mem:33.96M (0.00M, Peak 47.75M) | Time:00:00.16 | Loading voxel datasets
Fra:1 Mem:33.96M (0.00M, Peak 47.75M) | Time:00:00.16 | Sce: Scene Ve:66054 Fa:64278 La:1
Fra:1 Mem:33.96M (0.00M, Peak 47.75M) | Time:00:00.16 | Sce: Scene Ve:66054 Fa:64278 La:1
Fra:1 Mem:33.96M (0.00M, Peak 47.75M) | Time:00:00.16 | Volume preprocessing
Fra:1 Mem:33.96M (0.00M, Peak 47.75M) | Time:00:00.16 | Sce: Scene Ve:66054 Fa:64278 La:1
Fra:1 Mem:33.96M (0.00M, Peak 47.75M) | Time:00:00.16 | Sce: Scene Ve:66054 Fa:64278 La:1
Fra:1 Mem:38.03M (0.00M, Peak 47.75M) | Time:00:00.16 | Scene, Part 3-4
Fra:1 Mem:37.99M (0.00M, Peak 47.75M) | Time:00:00.16 | Scene, Part 4-4
Fra:1 Mem:36.31M (0.00M, Peak 47.75M) | Time:00:00.18 | Scene, Part 1-4
Fra:1 Mem:35.06M (0.00M, Peak 47.75M) | Time:00:00.18 | Scene, Part 2-4
Fra:1 Mem:17.51M (0.00M, Peak 47.75M) | Time:00:00.18 | Sce: Scene Ve:66054 Fa:64278 La:1
Saved: '/tmp/tmpgto2c8v7.png'
 Time: 00:00.20 (Saving: 00:00.01)

Fra:1 Mem:17.54M (0.00M, Peak 18.14M) | Time:00:00.04 | Mem:0.00M, Peak:0.00M | Scene, RenderLayer | Synchronizing object | Area
Fra:1 Mem:17.54M (0.00M, Peak 18.14M) | Time:00:00.04 | Mem:0.00M, Peak:0.00M | Scene, RenderLayer | Synchronizing object | Ground
Fra:1 Mem:17.61M (0.00M, Peak 18.14M) | Time:00:00.04 | Mem:0.00M, Peak:0.00M | Scene, RenderLayer | Synchronizing object | Empty
Fra:1 Mem:17.61M (0.00M, Peak 18.14M) | Time:00:00.04 | Mem:0.00M, Peak:0.00M | Scene, RenderLayer | Synchronizing object | Lamp_Back
Fra:1 Mem:17.61M (0.00M, Peak 18.14M) | Time:00:00.04 | Mem:0.00M, Peak:0.00M | Scene, RenderLayer | Synchronizing object | Lamp_Fill
Fra:1 Mem:17.61M (0.00M, Peak 18.14M) | Time:00:00.04 | Mem:0.00M, Peak:0.00M | Scene, RenderLayer | Synchronizing object | Lamp_Key
Fra:1 Mem:17.61M (0.00M, Peak 18.14M) | Time:00:00.04 | Mem:0.00M, Peak:0.00M | Scene, RenderLayer | Synchronizing object | Camera
Fra:1 Mem:17.61M (0.00M, Peak 18.14M) | Time:00:00.04 | Mem:0.00M, Peak:0.00M | Scene, RenderLayer | Synchronizing object | SmoothCylinder_0
Fra:1 Mem:20.93M (0.00M, Peak 24.02M) | Time:00:00.06 | Mem:0.00M, Peak:0.00M | Scene, RenderLayer | Synchronizing object | Sphere_0
Fra:1 Mem:22.43M (0.00M, Peak 24.02M) | Time:00:00.06 | Mem:0.00M, Peak:0.00M | Scene, RenderLayer | Synchronizing object | Sphere_1
Fra:1 Mem:23.92M (0.00M, Peak 25.36M) | Time:00:00.07 | Mem:0.00M, Peak:0.00M | Scene, RenderLayer | Initializing
Fra:1 Mem:23.92M (0.00M, Peak 25.36M) | Time:00:00.07 | Mem:0.00M, Peak:0.00M | Scene, RenderLayer | Loading render kernels (may take a few minutes the first time)
Fra:1 Mem:23.92M (0.00M, Peak 26.62M) | Time:00:00.08 | Mem:0.00M, Peak:0.00M | Scene, RenderLayer | Waiting for render to start
Fra:1 Mem:23.92M (0.00M, Peak 26.62M) | Time:00:00.08 | Mem:0.00M, Peak:0.00M | Scene, RenderLayer | Updating Scene
Fra:1 Mem:23.92M (0.00M, Peak 26.62M) | Time:00:00.08 | Mem:0.00M, Peak:0.00M | Scene, RenderLayer | Updating Shaders
Fra:1 Mem:24.17M (0.00M, Peak 26.62M) | Time:00:00.08 | Mem:0.00M, Peak:0.00M | Scene, RenderLayer | Updating Background
Fra:1 Mem:24.17M (0.00M, Peak 26.62M) | Time:00:00.08 | Mem:0.00M, Peak:0.00M | Scene, RenderLayer | Updating Camera
Fra:1 Mem:24.17M (0.00M, Peak 26.62M) | Time:00:00.08 | Mem:0.00M, Peak:0.00M | Scene, RenderLayer | Updating Meshes Flags
Fra:1 Mem:24.17M (0.00M, Peak 26.62M) | Time:00:00.08 | Mem:0.00M, Peak:0.00M | Scene, RenderLayer | Updating Objects
Fra:1 Mem:24.17M (0.00M, Peak 26.62M) | Time:00:00.08 | Mem:0.00M, Peak:0.00M | Scene, RenderLayer | Updating Objects | Copying Transformations to device
Fra:1 Mem:24.17M (0.00M, Peak 26.62M) | Time:00:00.08 | Mem:0.00M, Peak:0.00M | Scene, RenderLayer | Updating Objects | Applying Static Transformations
Fra:1 Mem:24.17M (0.00M, Peak 26.62M) | Time:00:00.08 | Mem:0.00M, Peak:0.00M | Scene, RenderLayer | Updating Meshes
Fra:1 Mem:26.14M (0.00M, Peak 26.62M) | Time:00:00.09 | Mem:0.00M, Peak:0.00M | Scene, RenderLayer | Updating Mesh | Computing attributes
Fra:1 Mem:27.15M (0.00M, Peak 27.15M) | Time:00:00.09 | Mem:0.00M, Peak:0.00M | Scene, RenderLayer | Updating Mesh | Copying Attributes to device
Fra:1 Mem:27.15M (0.00M, Peak 28.16M) | Time:00:00.09 | Mem:1.01M, Peak:1.01M | Scene, RenderLayer | Updating Scene BVH | Building
Fra:1 Mem:27.15M (0.00M, Peak 28.16M) | Time:00:00.09 | Mem:1.01M, Peak:1.01M | Scene, RenderLayer | Updating Scene BVH | Building BVH
Fra:1 Mem:34.53M (0.00M, Peak 34.53M) | Time:00:00.18 | Mem:1.01M, Peak:1.01M | Scene, RenderLayer | Updating Scene BVH | Packing BVH triangles and strands
Fra:1 Mem:41.42M (0.00M, Peak 41.42M) | Time:00:00.18 | Mem:1.01M, Peak:1.01M | Scene, RenderLayer | Updating Scene BVH | Packing BVH nodes
Fra:1 Mem:37.55M (0.00M, Peak 43.46M) | Time:00:00.19 | Mem:1.01M, Peak:1.01M | Scene, RenderLayer | Updating Scene BVH | Copying BVH to device
Fra:1 Mem:38.04M (0.00M, Peak 43.46M) | Time:00:00.19 | Mem:11.41M, Peak:11.41M | Scene, RenderLayer | Updating Mesh | Computing normals
Fra:1 Mem:42.53M (0.00M, Peak 43.46M) | Time:00:00.20 | Mem:11.41M, Peak:11.41M | Scene, RenderLayer | Updating Mesh | Copying Mesh to device
Fra:1 Mem:42.04M (0.00M, Peak 43.46M) | Time:00:00.20 | Mem:15.90M, Peak:15.90M | Scene, RenderLayer | Updating Objects Flags
Fra:1 Mem:42.04M (0.00M, Peak 43.46M) | Time:00:00.20 | Mem:15.90M, Peak:15.90M | Scene, RenderLayer | Updating Images
Fra:1 Mem:42.04M (0.00M, Peak 43.46M) | Time:00:00.20 | Mem:15.90M, Peak:15.90M | Scene, RenderLayer | Updating Camera Volume
Fra:1 Mem:42.04M (0.00M, Peak 43.46M) | Time:00:00.20 | Mem:15.90M, Peak:15.90M | Scene, RenderLayer | Updating Hair Systems
Fra:1 Mem:42.04M (0.00M, Peak 43.46M) | Time:00:00.20 | Mem:15.90M, Peak:15.90M | Scene, RenderLayer | Updating Hair settings | Copying Hair settings to device
Fra:1 Mem:42.04M (0.00M, Peak 43.46M) | Time:00:00.20 | Mem:15.90M, Peak:15.90M | Scene, RenderLayer | Updating Lookup Tables
Fra:1 Mem:42.04M (0.00M, Peak 43.46M) | Time:00:00.20 | Mem:16.15M, Peak:16.15M | Scene, RenderLayer | Updating Lights
Fra:1 Mem:42.04M (0.00M, Peak 43.46M) | Time:00:00.20 | Mem:16.15M, Peak:16.15M | Scene, RenderLayer | Updating Lights | Computing distribution
Fra:1 Mem:42.04M (0.00M, Peak 43.46M) | Time:00:00.20 | Mem:16.15M, Peak:16.15M | Scene, RenderLayer | Updating Particle Systems
Fra:1 Mem:42.04M (0.00M, Peak 43.46M) | Time:00:00.20 | Mem:16.15M, Peak:16.15M | Scene, RenderLayer | Updating Particle Systems | Copying Particles to device
Fra:1 Mem:42.04M (0.00M, Peak 43.46M) | Time:00:00.20 | Mem:16.15M, Peak:16.15M | Scene, RenderLayer | Updating Integrator
Fra:1 Mem:42.08M (0.00M, Peak 43.46M) | Time:00:00.20 | Mem:16.19M, Peak:16.19M | Scene, RenderLayer | Updating Film
Fra:1 Mem:42.08M (0.00M, Peak 43.46M) | Time:00:00.20 | Mem:16.19M, Peak:16.19M | Scene, RenderLayer | Updating Lookup Tables
Fra:1 Mem:42.08M (0.00M, Peak 43.46M) | Time:00:00.20 | Mem:16.19M, Peak:16.19M | Scene, RenderLayer | Updating Baking
Fra:1 Mem:42.08M (0.00M, Peak 43.46M) | Time:00:00.20 | Mem:16.19M, Peak:16.19M | Scene, RenderLayer | Updating Device | Writing constant memory
Fra:1 Mem:42.08M (0.00M, Peak 43.46M) | Time:00:00.20 | Mem:16.19M, Peak:16.19M | Scene, RenderLayer | Path Tracing Tile 0/4, Sample 0/512
Fra:1 Mem:44.33M (0.00M, Peak 45.58M) | Time:00:00.20 | Mem:18.44M, Peak:18.44M | Scene, RenderLayer | Path Tracing Tile 1/4, Sample 0/512
Fra:1 Mem:44.33M (0.00M, Peak 46.58M) | Time:00:01.21 | Remaining:00:10.77 | Mem:18.44M, Peak:18.44M | Scene, RenderLayer | Path Tracing Tile 1/4, Sample 103/512
Fra:1 Mem:44.33M (0.00M, Peak 46.58M) | Time:00:02.22 | Remaining:00:09.73 | Mem:18.44M, Peak:18.44M | Scene, RenderLayer | Path Tracing Tile 1/4, Sample 206/512
Fra:1 Mem:44.33M (0.00M, Peak 46.58M) | Time:00:03.23 | Remaining:00:08.72 | Mem:18.44M, Peak:18.44M | Scene, RenderLayer | Path Tracing Tile 1/4, Sample 309/512
Fra:1 Mem:44.33M (0.00M, Peak 46.58M) | Time:00:04.23 | Remaining:00:07.72 | Mem:18.44M, Peak:18.44M | Scene, RenderLayer | Path Tracing Tile 1/4, Sample 411/512
Fra:1 Mem:42.08M (0.00M, Peak 46.58M) | Time:00:05.22 | Remaining:00:06.74 | Mem:16.19M, Peak:18.44M | Scene, RenderLayer | Path Tracing Tile 1/4, Sample 512/512
Fra:1 Mem:44.05M (0.00M, Peak 46.58M) | Time:00:05.22 | Remaining:00:06.75 | Mem:18.16M, Peak:18.44M | Scene, RenderLayer | Path Tracing Tile 2/4, Sample 512/512
Fra:1 Mem:44.05M (0.00M, Peak 46.58M) | Time:00:05.23 | Remaining:00:06.74 | Mem:18.16M, Peak:18.44M | Scene, RenderLayer | Path Tracing Tile 2/4, Sample 1/512
Fra:1 Mem:44.05M (0.00M, Peak 46.58M) | Time:00:06.24 | Remaining:00:05.77 | Mem:18.16M, Peak:18.44M | Scene, RenderLayer | Path Tracing Tile 2/4, Sample 116/512
Fra:1 Mem:44.05M (0.00M, Peak 46.58M) | Time:00:07.24 | Remaining:00:04.78 | Mem:18.16M, Peak:18.44M | Scene, RenderLayer | Path Tracing Tile 2/4, Sample 231/512
Fra:1 Mem:44.05M (0.00M, Peak 46.58M) | Time:00:08.24 | Remaining:00:03.81 | Mem:18.16M, Peak:18.44M | Scene, RenderLayer | Path Tracing Tile 2/4, Sample 345/512
Fra:1 Mem:44.05M (0.00M, Peak 46.58M) | Time:00:09.25 | Remaining:00:02.83 | Mem:18.16M, Peak:18.44M | Scene, RenderLayer | Path Tracing Tile 2/4, Sample 459/512
Fra:1 Mem:42.08M (0.00M, Peak 46.58M) | Time:00:09.72 | Remaining:00:02.37 | Mem:16.19M, Peak:18.44M | Scene, RenderLayer | Path Tracing Tile 2/4, Sample 512/512
Fra:1 Mem:42.65M (0.00M, Peak 46.58M) | Time:00:09.72 | Remaining:00:02.37 | Mem:16.76M, Peak:18.44M | Scene, RenderLayer | Path Tracing Tile 3/4, Sample 512/512
Fra:1 Mem:42.65M (0.00M, Peak 46.58M) | Time:00:10.25 | Remaining:00:02.10 | Mem:16.76M, Peak:18.44M | Scene, RenderLayer | Path Tracing Tile 3/4, Sample 127/512
Fra:1 Mem:42.65M (0.00M, Peak 46.58M) | Time:00:11.25 | Remaining:00:01.56 | Mem:16.76M, Peak:18.44M | Scene, RenderLayer | Path Tracing Tile 3/4, Sample 366/512
Fra:1 Mem:42.08M (0.00M, Peak 46.58M) | Time:00:11.87 | Remaining:00:01.20 | Mem:16.19M, Peak:18.44M | Scene, RenderLayer | Path Tracing Tile 3/4, Sample 512/512
Fra:1 Mem:42.58M (0.00M, Peak 46.58M) | Time:00:11.87 | Remaining:00:01.20 | Mem:16.69M, Peak:18.44M | Scene, RenderLayer | Path Tracing Tile 4/4, Sample 512/512
Fra:1 Mem:42.58M (0.00M, Peak 46.58M) | Time:00:12.25 | Remaining:00:00.98 | Mem:16.69M, Peak:18.44M | Scene, RenderLayer | Path Tracing Tile 4/4, Sample 98/512
Fra:1 Mem:42.58M (0.00M, Peak 46.58M) | Time:00:13.25 | Remaining:00:00.38 | Mem:16.69M, Peak:18.44M | Scene, RenderLayer | Path Tracing Tile 4/4, Sample 355/512
Fra:1 Mem:42.08M (0.00M, Peak 46.58M) | Time:00:13.87 | Mem:16.19M, Peak:18.44M | Scene, RenderLayer | Path Tracing Tile 4/4, Sample 512/512
Fra:1 Mem:42.08M (0.00M, Peak 46.58M) | Time:00:13.87 | Mem:16.19M, Peak:18.44M | Scene, RenderLayer | Finished
Fra:1 Mem:17.54M (0.00M, Peak 46.58M) | Time:00:13.95 | Sce: Scene Ve:0 Fa:0 La:0
Saved: 'data/clevr-cleaned-variants/meeussen/fovariant-9/render/images/CLEVR_val_000004.png'
 Time: 00:13.99 (Saving: 00:00.03)

read blend: /home/ubuntu/vdp/data/clevr_scene_data/base_scene.blend
convertViewVec: called in an invalid context
convertViewVec: called in an invalid context
convertViewVec: called in an invalid context
Fra:1 Mem:17.63M (0.00M, Peak 17.63M) | Time:00:00.00 | Preparing Scene data
Fra:1 Mem:25.64M (0.00M, Peak 26.62M) | Time:00:00.01 | Preparing Scene data
Fra:1 Mem:25.64M (0.00M, Peak 26.62M) | Time:00:00.01 | Creating Shadowbuffers
Fra:1 Mem:25.64M (0.00M, Peak 26.62M) | Time:00:00.01 | Raytree.. preparing
Fra:1 Mem:34.46M (0.00M, Peak 34.46M) | Time:00:00.02 | Raytree.. building
Fra:1 Mem:33.98M (0.00M, Peak 47.75M) | Time:00:00.16 | Raytree finished
Fra:1 Mem:33.98M (0.00M, Peak 47.75M) | Time:00:00.16 | Creating Environment maps
Fra:1 Mem:33.98M (0.00M, Peak 47.75M) | Time:00:00.16 | Caching Point Densities
Fra:1 Mem:33.98M (0.00M, Peak 47.75M) | Time:00:00.16 | Sce: Scene Ve:66054 Fa:64256 La:1
Fra:1 Mem:33.98M (0.00M, Peak 47.75M) | Time:00:00.16 | Loading voxel datasets
Fra:1 Mem:33.98M (0.00M, Peak 47.75M) | Time:00:00.16 | Sce: Scene Ve:66054 Fa:64256 La:1
Fra:1 Mem:33.98M (0.00M, Peak 47.75M) | Time:00:00.16 | Sce: Scene Ve:66054 Fa:64256 La:1
Fra:1 Mem:33.98M (0.00M, Peak 47.75M) | Time:00:00.16 | Volume preprocessing
Fra:1 Mem:33.98M (0.00M, Peak 47.75M) | Time:00:00.16 | Sce: Scene Ve:66054 Fa:64256 La:1
Fra:1 Mem:33.98M (0.00M, Peak 47.75M) | Time:00:00.16 | Sce: Scene Ve:66054 Fa:64256 La:1
Fra:1 Mem:38.05M (0.00M, Peak 47.75M) | Time:00:00.17 | Scene, Part 3-4
Fra:1 Mem:38.01M (0.00M, Peak 47.75M) | Time:00:00.17 | Scene, Part 4-4
Fra:1 Mem:37.08M (0.00M, Peak 47.75M) | Time:00:00.18 | Scene, Part 2-4
Fra:1 Mem:35.23M (0.00M, Peak 47.75M) | Time:00:00.18 | Scene, Part 1-4
Fra:1 Mem:17.52M (0.00M, Peak 47.75M) | Time:00:00.19 | Sce: Scene Ve:66054 Fa:64256 La:1
Saved: '/tmp/tmpplbs_cbs.png'
 Time: 00:00.20 (Saving: 00:00.01)

Fra:1 Mem:17.55M (0.00M, Peak 18.14M) | Time:00:00.04 | Mem:0.00M, Peak:0.00M | Scene, RenderLayer | Synchronizing object | Area
Fra:1 Mem:17.55M (0.00M, Peak 18.14M) | Time:00:00.04 | Mem:0.00M, Peak:0.00M | Scene, RenderLayer | Synchronizing object | Ground
Fra:1 Mem:17.62M (0.00M, Peak 18.14M) | Time:00:00.05 | Mem:0.00M, Peak:0.00M | Scene, RenderLayer | Synchronizing object | Empty
Fra:1 Mem:17.62M (0.00M, Peak 18.14M) | Time:00:00.05 | Mem:0.00M, Peak:0.00M | Scene, RenderLayer | Synchronizing object | Lamp_Back
Fra:1 Mem:17.62M (0.00M, Peak 18.14M) | Time:00:00.05 | Mem:0.00M, Peak:0.00M | Scene, RenderLayer | Synchronizing object | Lamp_Fill
Fra:1 Mem:17.62M (0.00M, Peak 18.14M) | Time:00:00.05 | Mem:0.00M, Peak:0.00M | Scene, RenderLayer | Synchronizing object | Lamp_Key
Fra:1 Mem:17.62M (0.00M, Peak 18.14M) | Time:00:00.05 | Mem:0.00M, Peak:0.00M | Scene, RenderLayer | Synchronizing object | Camera
Fra:1 Mem:17.62M (0.00M, Peak 18.14M) | Time:00:00.05 | Mem:0.00M, Peak:0.00M | Scene, RenderLayer | Synchronizing object | SmoothCylinder_0
Fra:1 Mem:20.40M (0.00M, Peak 23.62M) | Time:00:00.06 | Mem:0.00M, Peak:0.00M | Scene, RenderLayer | Synchronizing object | Sphere_0
Fra:1 Mem:21.89M (0.00M, Peak 23.62M) | Time:00:00.06 | Mem:0.00M, Peak:0.00M | Scene, RenderLayer | Synchronizing object | Sphere_1
Fra:1 Mem:23.15M (0.00M, Peak 24.65M) | Time:00:00.06 | Mem:0.00M, Peak:0.00M | Scene, RenderLayer | Initializing
Fra:1 Mem:23.15M (0.00M, Peak 24.65M) | Time:00:00.06 | Mem:0.00M, Peak:0.00M | Scene, RenderLayer | Loading render kernels (may take a few minutes the first time)
Fra:1 Mem:23.15M (0.00M, Peak 25.85M) | Time:00:00.08 | Mem:0.00M, Peak:0.00M | Scene, RenderLayer | Waiting for render to start
Fra:1 Mem:23.15M (0.00M, Peak 25.85M) | Time:00:00.08 | Mem:0.00M, Peak:0.00M | Scene, RenderLayer | Updating Scene
Fra:1 Mem:23.15M (0.00M, Peak 25.85M) | Time:00:00.08 | Mem:0.00M, Peak:0.00M | Scene, RenderLayer | Updating Shaders
Fra:1 Mem:23.40M (0.00M, Peak 25.85M) | Time:00:00.08 | Mem:0.00M, Peak:0.00M | Scene, RenderLayer | Updating Background
Fra:1 Mem:23.40M (0.00M, Peak 25.85M) | Time:00:00.08 | Mem:0.00M, Peak:0.00M | Scene, RenderLayer | Updating Camera
Fra:1 Mem:23.40M (0.00M, Peak 25.85M) | Time:00:00.08 | Mem:0.00M, Peak:0.00M | Scene, RenderLayer | Updating Meshes Flags
Fra:1 Mem:23.40M (0.00M, Peak 25.85M) | Time:00:00.08 | Mem:0.00M, Peak:0.00M | Scene, RenderLayer | Updating Objects
Fra:1 Mem:23.40M (0.00M, Peak 25.85M) | Time:00:00.08 | Mem:0.00M, Peak:0.00M | Scene, RenderLayer | Updating Objects | Copying Transformations to device
Fra:1 Mem:23.41M (0.00M, Peak 25.85M) | Time:00:00.08 | Mem:0.00M, Peak:0.00M | Scene, RenderLayer | Updating Objects | Applying Static Transformations
Fra:1 Mem:23.41M (0.00M, Peak 25.85M) | Time:00:00.08 | Mem:0.00M, Peak:0.00M | Scene, RenderLayer | Updating Meshes
Fra:1 Mem:25.37M (0.00M, Peak 25.85M) | Time:00:00.09 | Mem:0.00M, Peak:0.00M | Scene, RenderLayer | Updating Mesh | Computing attributes
Fra:1 Mem:25.61M (0.00M, Peak 25.85M) | Time:00:00.09 | Mem:0.00M, Peak:0.00M | Scene, RenderLayer | Updating Mesh | Copying Attributes to device
Fra:1 Mem:25.61M (0.00M, Peak 25.85M) | Time:00:00.09 | Mem:0.24M, Peak:0.24M | Scene, RenderLayer | Updating Scene BVH | Building
Fra:1 Mem:25.61M (0.00M, Peak 25.85M) | Time:00:00.09 | Mem:0.24M, Peak:0.24M | Scene, RenderLayer | Updating Scene BVH | Building BVH
Fra:1 Mem:32.99M (0.00M, Peak 32.99M) | Time:00:00.17 | Mem:0.24M, Peak:0.24M | Scene, RenderLayer | Updating Scene BVH | Packing BVH triangles and strands
Fra:1 Mem:39.88M (0.00M, Peak 39.88M) | Time:00:00.18 | Mem:0.24M, Peak:0.24M | Scene, RenderLayer | Updating Scene BVH | Packing BVH nodes
Fra:1 Mem:36.02M (0.00M, Peak 41.92M) | Time:00:00.19 | Mem:0.24M, Peak:0.24M | Scene, RenderLayer | Updating Scene BVH | Copying BVH to device
Fra:1 Mem:36.51M (0.00M, Peak 41.92M) | Time:00:00.19 | Mem:10.65M, Peak:10.65M | Scene, RenderLayer | Updating Mesh | Computing normals
Fra:1 Mem:41.00M (0.00M, Peak 41.92M) | Time:00:00.20 | Mem:10.65M, Peak:10.65M | Scene, RenderLayer | Updating Mesh | Copying Mesh to device
Fra:1 Mem:40.50M (0.00M, Peak 41.92M) | Time:00:00.20 | Mem:15.13M, Peak:15.13M | Scene, RenderLayer | Updating Objects Flags
Fra:1 Mem:40.50M (0.00M, Peak 41.92M) | Time:00:00.20 | Mem:15.13M, Peak:15.13M | Scene, RenderLayer | Updating Images
Fra:1 Mem:40.50M (0.00M, Peak 41.92M) | Time:00:00.20 | Mem:15.13M, Peak:15.13M | Scene, RenderLayer | Updating Camera Volume
Fra:1 Mem:40.50M (0.00M, Peak 41.92M) | Time:00:00.20 | Mem:15.13M, Peak:15.13M | Scene, RenderLayer | Updating Hair Systems
Fra:1 Mem:40.50M (0.00M, Peak 41.92M) | Time:00:00.20 | Mem:15.13M, Peak:15.13M | Scene, RenderLayer | Updating Hair settings | Copying Hair settings to device
Fra:1 Mem:40.50M (0.00M, Peak 41.92M) | Time:00:00.20 | Mem:15.13M, Peak:15.13M | Scene, RenderLayer | Updating Lookup Tables
Fra:1 Mem:40.50M (0.00M, Peak 41.92M) | Time:00:00.20 | Mem:15.38M, Peak:15.38M | Scene, RenderLayer | Updating Lights
Fra:1 Mem:40.50M (0.00M, Peak 41.92M) | Time:00:00.20 | Mem:15.38M, Peak:15.38M | Scene, RenderLayer | Updating Lights | Computing distribution
Fra:1 Mem:40.50M (0.00M, Peak 41.92M) | Time:00:00.20 | Mem:15.38M, Peak:15.38M | Scene, RenderLayer | Updating Particle Systems
Fra:1 Mem:40.50M (0.00M, Peak 41.92M) | Time:00:00.20 | Mem:15.38M, Peak:15.38M | Scene, RenderLayer | Updating Particle Systems | Copying Particles to device
Fra:1 Mem:40.50M (0.00M, Peak 41.92M) | Time:00:00.20 | Mem:15.38M, Peak:15.38M | Scene, RenderLayer | Updating Integrator
Fra:1 Mem:40.55M (0.00M, Peak 41.92M) | Time:00:00.20 | Mem:15.42M, Peak:15.42M | Scene, RenderLayer | Updating Film
Fra:1 Mem:40.55M (0.00M, Peak 41.92M) | Time:00:00.20 | Mem:15.42M, Peak:15.42M | Scene, RenderLayer | Updating Lookup Tables
Fra:1 Mem:40.55M (0.00M, Peak 41.92M) | Time:00:00.20 | Mem:15.43M, Peak:15.43M | Scene, RenderLayer | Updating Baking
Fra:1 Mem:40.55M (0.00M, Peak 41.92M) | Time:00:00.20 | Mem:15.43M, Peak:15.43M | Scene, RenderLayer | Updating Device | Writing constant memory
Fra:1 Mem:40.55M (0.00M, Peak 41.92M) | Time:00:00.20 | Mem:15.43M, Peak:15.43M | Scene, RenderLayer | Path Tracing Tile 0/4, Sample 0/512
Fra:1 Mem:42.80M (0.00M, Peak 44.05M) | Time:00:00.20 | Mem:17.68M, Peak:17.68M | Scene, RenderLayer | Path Tracing Tile 1/4, Sample 0/512
Fra:1 Mem:42.80M (0.00M, Peak 45.05M) | Time:00:01.20 | Remaining:00:12.12 | Mem:17.68M, Peak:17.68M | Scene, RenderLayer | Path Tracing Tile 1/4, Sample 92/512
Fra:1 Mem:42.80M (0.00M, Peak 45.05M) | Time:00:02.21 | Remaining:00:11.08 | Mem:17.68M, Peak:17.68M | Scene, RenderLayer | Path Tracing Tile 1/4, Sample 184/512
Fra:1 Mem:42.80M (0.00M, Peak 45.05M) | Time:00:03.21 | Remaining:00:10.07 | Mem:17.68M, Peak:17.68M | Scene, RenderLayer | Path Tracing Tile 1/4, Sample 276/512
Fra:1 Mem:42.80M (0.00M, Peak 45.05M) | Time:00:04.21 | Remaining:00:09.06 | Mem:17.68M, Peak:17.68M | Scene, RenderLayer | Path Tracing Tile 1/4, Sample 368/512
Fra:1 Mem:42.80M (0.00M, Peak 45.05M) | Time:00:05.22 | Remaining:00:08.07 | Mem:17.68M, Peak:17.68M | Scene, RenderLayer | Path Tracing Tile 1/4, Sample 460/512
Fra:1 Mem:40.55M (0.00M, Peak 45.05M) | Time:00:05.79 | Remaining:00:07.51 | Mem:15.43M, Peak:17.68M | Scene, RenderLayer | Path Tracing Tile 1/4, Sample 512/512
Fra:1 Mem:42.52M (0.00M, Peak 45.05M) | Time:00:05.80 | Remaining:00:07.52 | Mem:17.40M, Peak:17.68M | Scene, RenderLayer | Path Tracing Tile 2/4, Sample 512/512
Fra:1 Mem:42.52M (0.00M, Peak 45.05M) | Time:00:06.22 | Remaining:00:07.13 | Mem:17.40M, Peak:17.68M | Scene, RenderLayer | Path Tracing Tile 2/4, Sample 43/512
Fra:1 Mem:42.52M (0.00M, Peak 45.05M) | Time:00:07.23 | Remaining:00:06.19 | Mem:17.40M, Peak:17.68M | Scene, RenderLayer | Path Tracing Tile 2/4, Sample 144/512
Fra:1 Mem:42.52M (0.00M, Peak 45.05M) | Time:00:08.24 | Remaining:00:05.24 | Mem:17.40M, Peak:17.68M | Scene, RenderLayer | Path Tracing Tile 2/4, Sample 245/512
Fra:1 Mem:42.52M (0.00M, Peak 45.05M) | Time:00:09.25 | Remaining:00:04.27 | Mem:17.40M, Peak:17.68M | Scene, RenderLayer | Path Tracing Tile 2/4, Sample 346/512
Fra:1 Mem:42.52M (0.00M, Peak 45.05M) | Time:00:10.25 | Remaining:00:03.31 | Mem:17.40M, Peak:17.68M | Scene, RenderLayer | Path Tracing Tile 2/4, Sample 446/512
Fra:1 Mem:40.55M (0.00M, Peak 45.05M) | Time:00:10.91 | Remaining:00:02.67 | Mem:15.43M, Peak:17.68M | Scene, RenderLayer | Path Tracing Tile 2/4, Sample 512/512
Fra:1 Mem:41.11M (0.00M, Peak 45.05M) | Time:00:10.91 | Remaining:00:02.67 | Mem:15.99M, Peak:17.68M | Scene, RenderLayer | Path Tracing Tile 3/4, Sample 512/512
Fra:1 Mem:41.11M (0.00M, Peak 45.05M) | Time:00:11.25 | Remaining:00:02.48 | Mem:15.99M, Peak:17.68M | Scene, RenderLayer | Path Tracing Tile 3/4, Sample 79/512
Fra:1 Mem:41.11M (0.00M, Peak 45.05M) | Time:00:12.25 | Remaining:00:01.87 | Mem:15.99M, Peak:17.68M | Scene, RenderLayer | Path Tracing Tile 3/4, Sample 314/512
Fra:1 Mem:40.55M (0.00M, Peak 45.05M) | Time:00:13.10 | Remaining:00:01.32 | Mem:15.43M, Peak:17.68M | Scene, RenderLayer | Path Tracing Tile 3/4, Sample 512/512
Fra:1 Mem:41.04M (0.00M, Peak 45.05M) | Time:00:13.10 | Remaining:00:01.32 | Mem:15.92M, Peak:17.68M | Scene, RenderLayer | Path Tracing Tile 4/4, Sample 512/512
Fra:1 Mem:41.04M (0.00M, Peak 45.05M) | Time:00:13.25 | Remaining:00:01.23 | Mem:15.92M, Peak:17.68M | Scene, RenderLayer | Path Tracing Tile 4/4, Sample 38/512
Fra:1 Mem:41.04M (0.00M, Peak 45.05M) | Time:00:14.25 | Remaining:00:00.59 | Mem:15.92M, Peak:17.68M | Scene, RenderLayer | Path Tracing Tile 4/4, Sample 290/512
Fra:1 Mem:40.55M (0.00M, Peak 45.05M) | Time:00:15.13 | Mem:15.43M, Peak:17.68M | Scene, RenderLayer | Path Tracing Tile 4/4, Sample 512/512
Fra:1 Mem:40.55M (0.00M, Peak 45.05M) | Time:00:15.14 | Mem:15.43M, Peak:17.68M | Scene, RenderLayer | Finished
Fra:1 Mem:17.54M (0.00M, Peak 45.05M) | Time:00:15.22 | Sce: Scene Ve:0 Fa:0 La:0
Saved: 'data/clevr-cleaned-variants/meeussen/fovariant-9/render/images/CLEVR_val_000005.png'
 Time: 00:15.26 (Saving: 00:00.03)


Blender quit

INFO test_net.py:  81: Called with args:
INFO test_net.py:  82: Namespace(cfg_file='clevr_inference/scene_parse/mask_rcnn/configs/baselines/e2e_mask_rcnn_R-50-FPN_1x.yaml', clevr_comp_cat=1, dataset='clevr_original_val', grab_conv=False, images_dir='data/clevr-cleaned-variants/meeussen/fovariant-9/render/images', load_ckpt='/home/ubuntu/vdp/data/ns-vqa-data/pretrained/object_detector.pt', load_detectron=None, multi_gpu_testing=False, name=None, output_dir='data/clevr-cleaned-variants/meeussen/fovariant-9/infer/mask_rcnn', range=None, rendersummary_path='data/clevr-cleaned-variants/meeussen/fovariant-9/render/summary.json', set_cfgs=[], vis=False)
INFO test_net.py: 125: Testing with config:
INFO test_net.py: 126: {'BBOX_XFORM_CLIP': 4.135166556742356,
 'CLEVR': {'COMP_CAT': True},
 'CROP_RESIZE_WITH_MAX_POOL': True,
 'CUDA': False,
 'DATA_DIR': '/home/ubuntu/vdp/data/ns-vqa-data/mask_rcnn',
 'DATA_LOADER': {'NUM_THREADS': 4},
 'DEBUG': False,
 'DEDUP_BOXES': 0.0625,
 'EPS': 1e-14,
 'EXPECTED_RESULTS': [],
 'EXPECTED_RESULTS_ATOL': 0.005,
 'EXPECTED_RESULTS_EMAIL': '',
 'EXPECTED_RESULTS_RTOL': 0.1,
 'FAST_RCNN': {'CONV_HEAD_DIM': 256,
               'MLP_HEAD_DIM': 1024,
               'NUM_STACKED_CONVS': 4,
               'ROI_BOX_HEAD': 'fast_rcnn_heads.roi_2mlp_head',
               'ROI_XFORM_METHOD': 'RoIAlign',
               'ROI_XFORM_RESOLUTION': 7,
               'ROI_XFORM_SAMPLING_RATIO': 2},
 'FPN': {'COARSEST_STRIDE': 32,
         'DIM': 256,
         'EXTRA_CONV_LEVELS': False,
         'FPN_ON': True,
         'MULTILEVEL_ROIS': True,
         'MULTILEVEL_RPN': True,
         'ROI_CANONICAL_LEVEL': 4,
         'ROI_CANONICAL_SCALE': 224,
         'ROI_MAX_LEVEL': 5,
         'ROI_MIN_LEVEL': 2,
         'RPN_ANCHOR_START_SIZE': 32,
         'RPN_ASPECT_RATIOS': (0.5, 1, 2),
         'RPN_COLLECT_SCALE': 1,
         'RPN_MAX_LEVEL': 6,
         'RPN_MIN_LEVEL': 2,
         'USE_GN': False,
         'ZERO_INIT_LATERAL': False},
 'GROUP_NORM': {'DIM_PER_GP': -1, 'EPSILON': 1e-05, 'NUM_GROUPS': 32},
 'KRCNN': {'CONV_HEAD_DIM': 256,
           'CONV_HEAD_KERNEL': 3,
           'CONV_INIT': 'GaussianFill',
           'DECONV_DIM': 256,
           'DECONV_KERNEL': 4,
           'DILATION': 1,
           'HEATMAP_SIZE': -1,
           'INFERENCE_MIN_SIZE': 0,
           'KEYPOINT_CONFIDENCE': 'bbox',
           'LOSS_WEIGHT': 1.0,
           'MIN_KEYPOINT_COUNT_FOR_VALID_MINIBATCH': 20,
           'NMS_OKS': False,
           'NORMALIZE_BY_VISIBLE_KEYPOINTS': True,
           'NUM_KEYPOINTS': -1,
           'NUM_STACKED_CONVS': 8,
           'ROI_KEYPOINTS_HEAD': '',
           'ROI_XFORM_METHOD': 'RoIAlign',
           'ROI_XFORM_RESOLUTION': 7,
           'ROI_XFORM_SAMPLING_RATIO': 0,
           'UP_SCALE': -1,
           'USE_DECONV': False,
           'USE_DECONV_OUTPUT': False},
 'MATLAB': 'matlab',
 'MODEL': {'BBOX_REG_WEIGHTS': (10.0, 10.0, 5.0, 5.0),
           'CLS_AGNOSTIC_BBOX_REG': False,
           'CONV_BODY': 'FPN.fpn_ResNet50_conv5_body',
           'FASTER_RCNN': True,
           'KEYPOINTS_ON': False,
           'LOAD_IMAGENET_PRETRAINED_WEIGHTS': True,
           'MASK_ON': True,
           'NUM_CLASSES': 49,
           'RPN_ONLY': False,
           'SHARE_RES5': False,
           'TYPE': 'generalized_rcnn',
           'UNSUPERVISED_POSE': False},
 'MRCNN': {'CLS_SPECIFIC_MASK': True,
           'CONV_INIT': 'MSRAFill',
           'DILATION': 1,
           'DIM_REDUCED': 256,
           'MEMORY_EFFICIENT_LOSS': True,
           'RESOLUTION': 28,
           'ROI_MASK_HEAD': 'mask_rcnn_heads.mask_rcnn_fcn_head_v1up4convs',
           'ROI_XFORM_METHOD': 'RoIAlign',
           'ROI_XFORM_RESOLUTION': 14,
           'ROI_XFORM_SAMPLING_RATIO': 2,
           'THRESH_BINARIZE': 0.5,
           'UPSAMPLE_RATIO': 1,
           'USE_FC_OUTPUT': False,
           'WEIGHT_LOSS_MASK': 1.0},
 'NUM_GPUS': 8,
 'OUTPUT_DIR': 'Outputs',
 'PIXEL_MEANS': array([[[102.9801, 115.9465, 122.7717]]]),
 'POOLING_MODE': 'crop',
 'POOLING_SIZE': 7,
 'PYTORCH_VERSION_LESS_THAN_040': False,
 'RESNETS': {'FREEZE_AT': 2,
             'IMAGENET_PRETRAINED_WEIGHTS': 'pretrained_model/resnet50_caffe.pth',
             'NUM_GROUPS': 1,
             'RES5_DILATION': 1,
             'SHORTCUT_FUNC': 'basic_bn_shortcut',
             'STEM_FUNC': 'basic_bn_stem',
             'STRIDE_1X1': True,
             'TRANS_FUNC': 'bottleneck_transformation',
             'USE_GN': False,
             'WIDTH_PER_GROUP': 64},
 'RETINANET': {'ANCHOR_SCALE': 4,
               'ASPECT_RATIOS': (0.5, 1.0, 2.0),
               'BBOX_REG_BETA': 0.11,
               'BBOX_REG_WEIGHT': 1.0,
               'CLASS_SPECIFIC_BBOX': False,
               'INFERENCE_TH': 0.05,
               'LOSS_ALPHA': 0.25,
               'LOSS_GAMMA': 2.0,
               'NEGATIVE_OVERLAP': 0.4,
               'NUM_CONVS': 4,
               'POSITIVE_OVERLAP': 0.5,
               'PRE_NMS_TOP_N': 1000,
               'PRIOR_PROB': 0.01,
               'RETINANET_ON': False,
               'SCALES_PER_OCTAVE': 3,
               'SHARE_CLS_BBOX_TOWER': False,
               'SOFTMAX': False},
 'RFCN': {'PS_GRID_SIZE': 3},
 'RNG_SEED': 3,
 'ROOT_DIR': '/home/ubuntu/vdp/clevr_inference/scene_parse/mask_rcnn',
 'RPN': {'ASPECT_RATIOS': (0.5, 1, 2),
         'CLS_ACTIVATION': 'sigmoid',
         'OUT_DIM': 512,
         'OUT_DIM_AS_IN_DIM': True,
         'RPN_ON': True,
         'SIZES': (64, 128, 256, 512),
         'STRIDE': 16},
 'SOLVER': {'BASE_LR': 0.02,
            'BIAS_DOUBLE_LR': True,
            'BIAS_WEIGHT_DECAY': False,
            'GAMMA': 0.1,
            'LOG_LR_CHANGE_THRESHOLD': 1.1,
            'LRS': [],
            'LR_POLICY': 'steps_with_decay',
            'MAX_ITER': 30000,
            'MOMENTUM': 0.9,
            'SCALE_MOMENTUM': True,
            'SCALE_MOMENTUM_THRESHOLD': 1.1,
            'STEPS': [0, 20000, 26000],
            'STEP_SIZE': 30000,
            'TYPE': 'SGD',
            'WARM_UP_FACTOR': 0.3333333333333333,
            'WARM_UP_ITERS': 500,
            'WARM_UP_METHOD': 'linear',
            'WEIGHT_DECAY': 0.0001,
            'WEIGHT_DECAY_GN': 0.0},
 'TEST': {'BBOX_AUG': {'AREA_TH_HI': 32400,
                       'AREA_TH_LO': 2500,
                       'ASPECT_RATIOS': (),
                       'ASPECT_RATIO_H_FLIP': False,
                       'COORD_HEUR': 'UNION',
                       'ENABLED': False,
                       'H_FLIP': False,
                       'MAX_SIZE': 4000,
                       'SCALES': (),
                       'SCALE_H_FLIP': False,
                       'SCALE_SIZE_DEP': False,
                       'SCORE_HEUR': 'UNION'},
          'BBOX_REG': True,
          'BBOX_VOTE': {'ENABLED': False,
                        'SCORING_METHOD': 'ID',
                        'SCORING_METHOD_BETA': 1.0,
                        'VOTE_TH': 0.8},
          'COMPETITION_MODE': True,
          'DATASETS': ('custom(data/clevr-cleaned-variants/meeussen/fovariant-9/render/images, '
                       'data/clevr-cleaned-variants/meeussen/fovariant-9/render/summary.json)',),
          'DETECTIONS_PER_IM': 100,
          'FORCE_JSON_DATASET_EVAL': False,
          'KPS_AUG': {'AREA_TH': 32400,
                      'ASPECT_RATIOS': (),
                      'ASPECT_RATIO_H_FLIP': False,
                      'ENABLED': False,
                      'HEUR': 'HM_AVG',
                      'H_FLIP': False,
                      'MAX_SIZE': 4000,
                      'SCALES': (),
                      'SCALE_H_FLIP': False,
                      'SCALE_SIZE_DEP': False},
          'MASK_AUG': {'AREA_TH': 32400,
                       'ASPECT_RATIOS': (),
                       'ASPECT_RATIO_H_FLIP': False,
                       'ENABLED': False,
                       'HEUR': 'SOFT_AVG',
                       'H_FLIP': False,
                       'MAX_SIZE': 4000,
                       'SCALES': (),
                       'SCALE_H_FLIP': False,
                       'SCALE_SIZE_DEP': False},
          'MAX_SIZE': 1333,
          'NMS': 0.5,
          'PRECOMPUTED_PROPOSALS': False,
          'PROPOSAL_FILES': (),
          'PROPOSAL_LIMIT': 2000,
          'RPN_MIN_SIZE': 0,
          'RPN_NMS_THRESH': 0.7,
          'RPN_POST_NMS_TOP_N': 1000,
          'RPN_PRE_NMS_TOP_N': 1000,
          'SCALE': 800,
          'SCORE_THRESH': 0.05,
          'SOFT_NMS': {'ENABLED': False, 'METHOD': 'linear', 'SIGMA': 0.5}},
 'TRAIN': {'ASPECT_CROPPING': False,
           'ASPECT_GROUPING': True,
           'ASPECT_HI': 2,
           'ASPECT_LO': 0.5,
           'BATCH_SIZE_PER_IM': 512,
           'BBOX_INSIDE_WEIGHTS': (1.0, 1.0, 1.0, 1.0),
           'BBOX_NORMALIZE_MEANS': (0.0, 0.0, 0.0, 0.0),
           'BBOX_NORMALIZE_STDS': (0.1, 0.1, 0.2, 0.2),
           'BBOX_NORMALIZE_TARGETS': True,
           'BBOX_NORMALIZE_TARGETS_PRECOMPUTED': False,
           'BBOX_THRESH': 0.5,
           'BG_THRESH_HI': 0.5,
           'BG_THRESH_LO': 0.0,
           'CROWD_FILTER_THRESH': 0.7,
           'DATASETS': (),
           'FG_FRACTION': 0.25,
           'FG_THRESH': 0.5,
           'FREEZE_CONV_BODY': False,
           'GT_MIN_AREA': -1,
           'IMS_PER_BATCH': 2,
           'MAX_SIZE': 1333,
           'PROPOSAL_FILES': (),
           'RPN_BATCH_SIZE_PER_IM': 256,
           'RPN_FG_FRACTION': 0.5,
           'RPN_MIN_SIZE': 0,
           'RPN_NEGATIVE_OVERLAP': 0.3,
           'RPN_NMS_THRESH': 0.7,
           'RPN_POSITIVE_OVERLAP': 0.7,
           'RPN_POST_NMS_TOP_N': 2000,
           'RPN_PRE_NMS_TOP_N': 2000,
           'RPN_STRADDLE_THRESH': 0,
           'SCALES': (800,),
           'SNAPSHOT_ITERS': 20000,
           'USE_FLIPPED': False},
 'VIS': False,
 'VIS_TH': 0.9}
INFO test_engine.py: 352: loading checkpoint /home/ubuntu/vdp/data/ns-vqa-data/pretrained/object_detector.pt
INFO test_engine.py: 286: im_detect: range [1, 6] of 6: 1/6 1.096s + 0.004s (eta: 0:00:05)
INFO test_engine.py: 336: Wrote detections to: /home/ubuntu/vdp/data/clevr-cleaned-variants/meeussen/fovariant-9/infer/mask_rcnn/detections.pkl
INFO test_engine.py: 164: Total inference time: 5.617s


| processing proposals 1 / 6 images
| processing proposals 2 / 6 images
| processing proposals 3 / 6 images
| processing proposals 4 / 6 images
| processing proposals 5 / 6 images
| processing proposals 6 / 6 images
| saving object annotations to data/clevr-cleaned-variants/meeussen/fovariant-9/infer/attrnet/predictions.json


| options
run_dir: data/clevr-cleaned-variants/meeussen/fovariant-9/solver_ir
dataset: clevr
load_checkpoint_path: /home/ubuntu/vdp/data/ns-vqa-data/pretrained/attribute_net.pt
gpu_ids: [0]
clevr_mini_img_dir: /home/ubuntu/vdp/data/ns-vqa-data/raw/CLEVR_mini/images
clevr_mini_ann_path: /home/ubuntu/vdp/data/ns-vqa-data/attr_net/objects/clevr_mini_objs.json
concat_img: 1
split_id: 3500
batch_size: 50
num_workers: 4
learning_rate: 0.002
split: val
output_path: data/clevr-cleaned-variants/meeussen/fovariant-9/solver_ir/results.json
clevr_val_ann_path: data/clevr-cleaned-variants/meeussen/fovariant-9/infer/attrnet/predictions.json
clevr_val_img_dir: /home/ubuntu/vdp/data/ns-vqa-data/raw/CLEVR_v1.0/images/val
shuffle_data: 0
use_cat_label: 1
name: fovariant-9
| loading checkpoint from /home/ubuntu/vdp/data/ns-vqa-data/pretrained/attribute_net.pt
clevr_object.py: CLEVR_val_000000.png val 0 0
clevr_object.py: CLEVR_val_000000.png val 0 1
clevr_object.py: CLEVR_val_000000.png val 0 2
clevr_object.py: CLEVR_val_000001.png val 1 3
clevr_object.py: CLEVR_val_000001.png val 1 4
clevr_object.py: CLEVR_val_000001.png val 1 5
clevr_object.py: CLEVR_val_000002.png val 2 6
clevr_object.py: CLEVR_val_000002.png val 2 7
clevr_object.py: CLEVR_val_000002.png val 2 8
clevr_object.py: CLEVR_val_000002.png val 2 9
clevr_object.py: CLEVR_val_000003.png val 3 10
clevr_object.py: CLEVR_val_000003.png val 3 11
clevr_object.py: CLEVR_val_000004.png val 4 12
clevr_object.py: CLEVR_val_000004.png val 4 13
clevr_object.py: CLEVR_val_000004.png val 4 14
clevr_object.py: CLEVR_val_000005.png val 5 15
clevr_object.py: CLEVR_val_000005.png val 5 16
clevr_object.py: CLEVR_val_000005.png val 5 17
18 / 18 objects processed
| saving annotation file to data/clevr-cleaned-variants/meeussen/fovariant-9/solver_ir/results.json


0.json in test
THRESHOLD relate_behind objs = {'id': '0-0', 'position': [-0.0060957446694374084, -0.056955572217702866, 0.34881824254989624], 'color': 'blue', 'material': 'metal', 'shape': 'sphere', 'size': 'small'}, {'id': '0-1', 'position': [-1.364904761314392, -0.247297465801239, 0.3485026955604553], 'color': 'brown', 'material': 'metal', 'shape': 'cylinder', 'size': 'small'}
THRESHOLD relate_front objs = {'id': '0-0', 'position': [-0.0060957446694374084, -0.056955572217702866, 0.34881824254989624], 'color': 'blue', 'material': 'metal', 'shape': 'sphere', 'size': 'small'}, {'id': '0-2', 'position': [1.3275151252746582, 0.102654829621315, 0.35609662532806396], 'color': 'gray', 'material': 'metal', 'shape': 'sphere', 'size': 'small'}
THRESHOLD relate_front objs = {'id': '0-1', 'position': [-1.364904761314392, -0.247297465801239, 0.3485026955604553], 'color': 'brown', 'material': 'metal', 'shape': 'cylinder', 'size': 'small'}, {'id': '0-0', 'position': [-0.0060957446694374084, -0.056955572217702866, 0.34881824254989624], 'color': 'blue', 'material': 'metal', 'shape': 'sphere', 'size': 'small'}
THRESHOLD relate_front objs = {'id': '0-1', 'position': [-1.364904761314392, -0.247297465801239, 0.3485026955604553], 'color': 'brown', 'material': 'metal', 'shape': 'cylinder', 'size': 'small'}, {'id': '0-2', 'position': [1.3275151252746582, 0.102654829621315, 0.35609662532806396], 'color': 'gray', 'material': 'metal', 'shape': 'sphere', 'size': 'small'}
THRESHOLD relate_behind objs = {'id': '0-2', 'position': [1.3275151252746582, 0.102654829621315, 0.35609662532806396], 'color': 'gray', 'material': 'metal', 'shape': 'sphere', 'size': 'small'}, {'id': '0-0', 'position': [-0.0060957446694374084, -0.056955572217702866, 0.34881824254989624], 'color': 'blue', 'material': 'metal', 'shape': 'sphere', 'size': 'small'}
THRESHOLD relate_behind objs = {'id': '0-2', 'position': [1.3275151252746582, 0.102654829621315, 0.35609662532806396], 'color': 'gray', 'material': 'metal', 'shape': 'sphere', 'size': 'small'}, {'id': '0-1', 'position': [-1.364904761314392, -0.247297465801239, 0.3485026955604553], 'color': 'brown', 'material': 'metal', 'shape': 'cylinder', 'size': 'small'}
1.json in test
THRESHOLD relate_front objs = {'id': '1-0', 'position': [-1.4395679235458374, -0.08781356364488602, 0.3461267352104187], 'color': 'brown', 'material': 'metal', 'shape': 'cylinder', 'size': 'small'}, {'id': '1-1', 'position': [1.3258248567581177, 0.20495903491973877, 0.3527778387069702], 'color': 'gray', 'material': 'metal', 'shape': 'sphere', 'size': 'small'}
THRESHOLD relate_front objs = {'id': '1-0', 'position': [-1.4395679235458374, -0.08781356364488602, 0.3461267352104187], 'color': 'brown', 'material': 'metal', 'shape': 'cylinder', 'size': 'small'}, {'id': '1-2', 'position': [-0.017980366945266724, -0.008919499814510345, 0.3484562039375305], 'color': 'gray', 'material': 'metal', 'shape': 'sphere', 'size': 'small'}
THRESHOLD relate_behind objs = {'id': '1-1', 'position': [1.3258248567581177, 0.20495903491973877, 0.3527778387069702], 'color': 'gray', 'material': 'metal', 'shape': 'sphere', 'size': 'small'}, {'id': '1-0', 'position': [-1.4395679235458374, -0.08781356364488602, 0.3461267352104187], 'color': 'brown', 'material': 'metal', 'shape': 'cylinder', 'size': 'small'}
THRESHOLD relate_behind objs = {'id': '1-1', 'position': [1.3258248567581177, 0.20495903491973877, 0.3527778387069702], 'color': 'gray', 'material': 'metal', 'shape': 'sphere', 'size': 'small'}, {'id': '1-2', 'position': [-0.017980366945266724, -0.008919499814510345, 0.3484562039375305], 'color': 'gray', 'material': 'metal', 'shape': 'sphere', 'size': 'small'}
THRESHOLD relate_behind objs = {'id': '1-2', 'position': [-0.017980366945266724, -0.008919499814510345, 0.3484562039375305], 'color': 'gray', 'material': 'metal', 'shape': 'sphere', 'size': 'small'}, {'id': '1-0', 'position': [-1.4395679235458374, -0.08781356364488602, 0.3461267352104187], 'color': 'brown', 'material': 'metal', 'shape': 'cylinder', 'size': 'small'}
THRESHOLD relate_front objs = {'id': '1-2', 'position': [-0.017980366945266724, -0.008919499814510345, 0.3484562039375305], 'color': 'gray', 'material': 'metal', 'shape': 'sphere', 'size': 'small'}, {'id': '1-1', 'position': [1.3258248567581177, 0.20495903491973877, 0.3527778387069702], 'color': 'gray', 'material': 'metal', 'shape': 'sphere', 'size': 'small'}
2.json in test
THRESHOLD relate_behind objs = {'id': '2-0', 'position': [-1.349429726600647, -0.06305333226919174, 0.3454296886920929], 'color': 'blue', 'material': 'metal', 'shape': 'sphere', 'size': 'small'}, {'id': '2-2', 'position': [-2.79306960105896, -0.07917553186416626, 0.34840768575668335], 'color': 'brown', 'material': 'metal', 'shape': 'cylinder', 'size': 'small'}
THRESHOLD relate_front objs = {'id': '2-0', 'position': [-1.349429726600647, -0.06305333226919174, 0.3454296886920929], 'color': 'blue', 'material': 'metal', 'shape': 'sphere', 'size': 'small'}, {'id': '2-1', 'position': [0.16192185878753662, 0.08893967419862747, 0.34504595398902893], 'color': 'brown', 'material': 'metal', 'shape': 'cylinder', 'size': 'small'}
THRESHOLD relate_front objs = {'id': '2-0', 'position': [-1.349429726600647, -0.06305333226919174, 0.3454296886920929], 'color': 'blue', 'material': 'metal', 'shape': 'sphere', 'size': 'small'}, {'id': '2-3', 'position': [1.5156776905059814, 0.11086880415678024, 0.3533955216407776], 'color': 'gray', 'material': 'metal', 'shape': 'sphere', 'size': 'small'}
THRESHOLD relate_behind objs = {'id': '2-1', 'position': [0.16192185878753662, 0.08893967419862747, 0.34504595398902893], 'color': 'brown', 'material': 'metal', 'shape': 'cylinder', 'size': 'small'}, {'id': '2-0', 'position': [-1.349429726600647, -0.06305333226919174, 0.3454296886920929], 'color': 'blue', 'material': 'metal', 'shape': 'sphere', 'size': 'small'}
THRESHOLD relate_behind objs = {'id': '2-1', 'position': [0.16192185878753662, 0.08893967419862747, 0.34504595398902893], 'color': 'brown', 'material': 'metal', 'shape': 'cylinder', 'size': 'small'}, {'id': '2-2', 'position': [-2.79306960105896, -0.07917553186416626, 0.34840768575668335], 'color': 'brown', 'material': 'metal', 'shape': 'cylinder', 'size': 'small'}
THRESHOLD relate_front objs = {'id': '2-1', 'position': [0.16192185878753662, 0.08893967419862747, 0.34504595398902893], 'color': 'brown', 'material': 'metal', 'shape': 'cylinder', 'size': 'small'}, {'id': '2-3', 'position': [1.5156776905059814, 0.11086880415678024, 0.3533955216407776], 'color': 'gray', 'material': 'metal', 'shape': 'sphere', 'size': 'small'}
THRESHOLD relate_front objs = {'id': '2-2', 'position': [-2.79306960105896, -0.07917553186416626, 0.34840768575668335], 'color': 'brown', 'material': 'metal', 'shape': 'cylinder', 'size': 'small'}, {'id': '2-0', 'position': [-1.349429726600647, -0.06305333226919174, 0.3454296886920929], 'color': 'blue', 'material': 'metal', 'shape': 'sphere', 'size': 'small'}
THRESHOLD relate_front objs = {'id': '2-2', 'position': [-2.79306960105896, -0.07917553186416626, 0.34840768575668335], 'color': 'brown', 'material': 'metal', 'shape': 'cylinder', 'size': 'small'}, {'id': '2-1', 'position': [0.16192185878753662, 0.08893967419862747, 0.34504595398902893], 'color': 'brown', 'material': 'metal', 'shape': 'cylinder', 'size': 'small'}
THRESHOLD relate_front objs = {'id': '2-2', 'position': [-2.79306960105896, -0.07917553186416626, 0.34840768575668335], 'color': 'brown', 'material': 'metal', 'shape': 'cylinder', 'size': 'small'}, {'id': '2-3', 'position': [1.5156776905059814, 0.11086880415678024, 0.3533955216407776], 'color': 'gray', 'material': 'metal', 'shape': 'sphere', 'size': 'small'}
THRESHOLD relate_behind objs = {'id': '2-3', 'position': [1.5156776905059814, 0.11086880415678024, 0.3533955216407776], 'color': 'gray', 'material': 'metal', 'shape': 'sphere', 'size': 'small'}, {'id': '2-0', 'position': [-1.349429726600647, -0.06305333226919174, 0.3454296886920929], 'color': 'blue', 'material': 'metal', 'shape': 'sphere', 'size': 'small'}
THRESHOLD relate_behind objs = {'id': '2-3', 'position': [1.5156776905059814, 0.11086880415678024, 0.3533955216407776], 'color': 'gray', 'material': 'metal', 'shape': 'sphere', 'size': 'small'}, {'id': '2-1', 'position': [0.16192185878753662, 0.08893967419862747, 0.34504595398902893], 'color': 'brown', 'material': 'metal', 'shape': 'cylinder', 'size': 'small'}
THRESHOLD relate_behind objs = {'id': '2-3', 'position': [1.5156776905059814, 0.11086880415678024, 0.3533955216407776], 'color': 'gray', 'material': 'metal', 'shape': 'sphere', 'size': 'small'}, {'id': '2-2', 'position': [-2.79306960105896, -0.07917553186416626, 0.34840768575668335], 'color': 'brown', 'material': 'metal', 'shape': 'cylinder', 'size': 'small'}
3.json in train
THRESHOLD relate_behind objs = {'id': '3-0', 'position': [2.9079201221466064, 0.2232711911201477, 0.35333484411239624], 'color': 'blue', 'material': 'metal', 'shape': 'sphere', 'size': 'small'}, {'id': '3-1', 'position': [1.4364635944366455, -0.06016590818762779, 0.3507140278816223], 'color': 'brown', 'material': 'metal', 'shape': 'cylinder', 'size': 'small'}
THRESHOLD relate_front objs = {'id': '3-1', 'position': [1.4364635944366455, -0.06016590818762779, 0.3507140278816223], 'color': 'brown', 'material': 'metal', 'shape': 'cylinder', 'size': 'small'}, {'id': '3-0', 'position': [2.9079201221466064, 0.2232711911201477, 0.35333484411239624], 'color': 'blue', 'material': 'metal', 'shape': 'sphere', 'size': 'small'}
4.json in train
THRESHOLD relate_behind objs = {'id': '4-0', 'position': [1.2860139608383179, 0.2458246648311615, 0.3609867990016937], 'color': 'blue', 'material': 'metal', 'shape': 'sphere', 'size': 'small'}, {'id': '4-1', 'position': [-1.3828506469726562, 0.11367721110582352, 0.6925984621047974], 'color': 'brown', 'material': 'metal', 'shape': 'cylinder', 'size': 'large'}
THRESHOLD relate_front objs = {'id': '4-0', 'position': [1.2860139608383179, 0.2458246648311615, 0.3609867990016937], 'color': 'blue', 'material': 'metal', 'shape': 'sphere', 'size': 'small'}, {'id': '4-2', 'position': [2.6650662422180176, 0.39858904480934143, 0.3607809543609619], 'color': 'gray', 'material': 'metal', 'shape': 'sphere', 'size': 'small'}
THRESHOLD relate_front objs = {'id': '4-1', 'position': [-1.3828506469726562, 0.11367721110582352, 0.6925984621047974], 'color': 'brown', 'material': 'metal', 'shape': 'cylinder', 'size': 'large'}, {'id': '4-0', 'position': [1.2860139608383179, 0.2458246648311615, 0.3609867990016937], 'color': 'blue', 'material': 'metal', 'shape': 'sphere', 'size': 'small'}
THRESHOLD relate_front objs = {'id': '4-1', 'position': [-1.3828506469726562, 0.11367721110582352, 0.6925984621047974], 'color': 'brown', 'material': 'metal', 'shape': 'cylinder', 'size': 'large'}, {'id': '4-2', 'position': [2.6650662422180176, 0.39858904480934143, 0.3607809543609619], 'color': 'gray', 'material': 'metal', 'shape': 'sphere', 'size': 'small'}
THRESHOLD relate_behind objs = {'id': '4-2', 'position': [2.6650662422180176, 0.39858904480934143, 0.3607809543609619], 'color': 'gray', 'material': 'metal', 'shape': 'sphere', 'size': 'small'}, {'id': '4-0', 'position': [1.2860139608383179, 0.2458246648311615, 0.3609867990016937], 'color': 'blue', 'material': 'metal', 'shape': 'sphere', 'size': 'small'}
THRESHOLD relate_behind objs = {'id': '4-2', 'position': [2.6650662422180176, 0.39858904480934143, 0.3607809543609619], 'color': 'gray', 'material': 'metal', 'shape': 'sphere', 'size': 'small'}, {'id': '4-1', 'position': [-1.3828506469726562, 0.11367721110582352, 0.6925984621047974], 'color': 'brown', 'material': 'metal', 'shape': 'cylinder', 'size': 'large'}
5.json in train
THRESHOLD relate_behind objs = {'id': '5-0', 'position': [0.2084486484527588, -0.13269397616386414, 0.688745379447937], 'color': 'blue', 'material': 'metal', 'shape': 'sphere', 'size': 'large'}, {'id': '5-1', 'position': [-2.6676225662231445, -0.24889275431632996, 0.6892632246017456], 'color': 'brown', 'material': 'rubber', 'shape': 'cylinder', 'size': 'large'}
THRESHOLD relate_front objs = {'id': '5-0', 'position': [0.2084486484527588, -0.13269397616386414, 0.688745379447937], 'color': 'blue', 'material': 'metal', 'shape': 'sphere', 'size': 'large'}, {'id': '5-2', 'position': [3.0020124912261963, 0.1282038390636444, 0.696559488773346], 'color': 'gray', 'material': 'rubber', 'shape': 'sphere', 'size': 'large'}
THRESHOLD relate_front objs = {'id': '5-1', 'position': [-2.6676225662231445, -0.24889275431632996, 0.6892632246017456], 'color': 'brown', 'material': 'rubber', 'shape': 'cylinder', 'size': 'large'}, {'id': '5-0', 'position': [0.2084486484527588, -0.13269397616386414, 0.688745379447937], 'color': 'blue', 'material': 'metal', 'shape': 'sphere', 'size': 'large'}
THRESHOLD relate_front objs = {'id': '5-1', 'position': [-2.6676225662231445, -0.24889275431632996, 0.6892632246017456], 'color': 'brown', 'material': 'rubber', 'shape': 'cylinder', 'size': 'large'}, {'id': '5-2', 'position': [3.0020124912261963, 0.1282038390636444, 0.696559488773346], 'color': 'gray', 'material': 'rubber', 'shape': 'sphere', 'size': 'large'}
THRESHOLD relate_behind objs = {'id': '5-2', 'position': [3.0020124912261963, 0.1282038390636444, 0.696559488773346], 'color': 'gray', 'material': 'rubber', 'shape': 'sphere', 'size': 'large'}, {'id': '5-0', 'position': [0.2084486484527588, -0.13269397616386414, 0.688745379447937], 'color': 'blue', 'material': 'metal', 'shape': 'sphere', 'size': 'large'}
THRESHOLD relate_behind objs = {'id': '5-2', 'position': [3.0020124912261963, 0.1282038390636444, 0.696559488773346], 'color': 'gray', 'material': 'rubber', 'shape': 'sphere', 'size': 'large'}, {'id': '5-1', 'position': [-2.6676225662231445, -0.24889275431632996, 0.6892632246017456], 'color': 'brown', 'material': 'rubber', 'shape': 'cylinder', 'size': 'large'}
