Started Logging. 2022-07-10 00:48:52.460708

found bundled python: /home/ubuntu/vdp/data/blender-2.78c-linux-glibc219-x86_64/2.78/python
read blend: /home/ubuntu/vdp/data/clevr_scene_data/base_scene.blend
convertViewVec: called in an invalid context
convertViewVec: called in an invalid context
convertViewVec: called in an invalid context
Fra:1 Mem:10.66M (0.00M, Peak 10.66M) | Time:00:00.00 | Preparing Scene data
Fra:1 Mem:12.70M (0.00M, Peak 12.88M) | Time:00:00.00 | Preparing Scene data
Fra:1 Mem:12.70M (0.00M, Peak 12.88M) | Time:00:00.00 | Creating Shadowbuffers
Fra:1 Mem:12.70M (0.00M, Peak 12.88M) | Time:00:00.00 | Raytree.. preparing
Fra:1 Mem:14.61M (0.00M, Peak 14.61M) | Time:00:00.00 | Raytree.. building
Fra:1 Mem:14.51M (0.00M, Peak 17.48M) | Time:00:00.03 | Raytree finished
Fra:1 Mem:14.51M (0.00M, Peak 17.48M) | Time:00:00.03 | Creating Environment maps
Fra:1 Mem:14.51M (0.00M, Peak 17.48M) | Time:00:00.03 | Caching Point Densities
Fra:1 Mem:14.51M (0.00M, Peak 17.48M) | Time:00:00.03 | Sce: Scene Ve:11256 Fa:13851 La:1
Fra:1 Mem:14.51M (0.00M, Peak 17.48M) | Time:00:00.03 | Loading voxel datasets
Fra:1 Mem:14.51M (0.00M, Peak 17.48M) | Time:00:00.03 | Sce: Scene Ve:11256 Fa:13851 La:1
Fra:1 Mem:14.51M (0.00M, Peak 17.48M) | Time:00:00.03 | Sce: Scene Ve:11256 Fa:13851 La:1
Fra:1 Mem:14.51M (0.00M, Peak 17.48M) | Time:00:00.03 | Volume preprocessing
Fra:1 Mem:14.51M (0.00M, Peak 17.48M) | Time:00:00.03 | Sce: Scene Ve:11256 Fa:13851 La:1
Fra:1 Mem:14.51M (0.00M, Peak 17.48M) | Time:00:00.03 | Sce: Scene Ve:11256 Fa:13851 La:1
Fra:1 Mem:18.86M (0.00M, Peak 19.21M) | Time:00:00.03 | Scene, Part 3-4
Fra:1 Mem:18.54M (0.00M, Peak 19.21M) | Time:00:00.03 | Scene, Part 4-4
Fra:1 Mem:17.61M (0.00M, Peak 19.21M) | Time:00:00.04 | Scene, Part 2-4
Fra:1 Mem:15.76M (0.00M, Peak 19.21M) | Time:00:00.05 | Scene, Part 1-4
Fra:1 Mem:10.54M (0.00M, Peak 19.21M) | Time:00:00.05 | Sce: Scene Ve:11256 Fa:13851 La:1
Saved: '/tmp/tmphtcbhvg5.png'
 Time: 00:00.09 (Saving: 00:00.04)

Fra:1 Mem:10.57M (0.00M, Peak 11.17M) | Time:00:00.04 | Mem:0.00M, Peak:0.00M | Scene, RenderLayer | Synchronizing object | Area
Fra:1 Mem:10.57M (0.00M, Peak 11.17M) | Time:00:00.04 | Mem:0.00M, Peak:0.00M | Scene, RenderLayer | Synchronizing object | Ground
Fra:1 Mem:10.64M (0.00M, Peak 11.17M) | Time:00:00.04 | Mem:0.00M, Peak:0.00M | Scene, RenderLayer | Synchronizing object | Empty
Fra:1 Mem:10.64M (0.00M, Peak 11.17M) | Time:00:00.04 | Mem:0.00M, Peak:0.00M | Scene, RenderLayer | Synchronizing object | Lamp_Back
Fra:1 Mem:10.64M (0.00M, Peak 11.17M) | Time:00:00.04 | Mem:0.00M, Peak:0.00M | Scene, RenderLayer | Synchronizing object | Lamp_Fill
Fra:1 Mem:10.64M (0.00M, Peak 11.17M) | Time:00:00.04 | Mem:0.00M, Peak:0.00M | Scene, RenderLayer | Synchronizing object | Lamp_Key
Fra:1 Mem:10.64M (0.00M, Peak 11.17M) | Time:00:00.04 | Mem:0.00M, Peak:0.00M | Scene, RenderLayer | Synchronizing object | Camera
Fra:1 Mem:10.64M (0.00M, Peak 11.17M) | Time:00:00.04 | Mem:0.00M, Peak:0.00M | Scene, RenderLayer | Synchronizing object | SmoothCube_v2_0
Fra:1 Mem:10.95M (0.00M, Peak 11.32M) | Time:00:00.05 | Mem:0.00M, Peak:0.00M | Scene, RenderLayer | Synchronizing object | SmoothCube_v2_1
Fra:1 Mem:11.26M (0.00M, Peak 11.63M) | Time:00:00.05 | Mem:0.00M, Peak:0.00M | Scene, RenderLayer | Synchronizing object | SmoothCube_v2_2
Fra:1 Mem:11.57M (0.00M, Peak 11.93M) | Time:00:00.05 | Mem:0.00M, Peak:0.00M | Scene, RenderLayer | Initializing
Fra:1 Mem:11.57M (0.00M, Peak 11.93M) | Time:00:00.05 | Mem:0.00M, Peak:0.00M | Scene, RenderLayer | Loading render kernels (may take a few minutes the first time)
Fra:1 Mem:11.57M (0.00M, Peak 14.27M) | Time:00:00.06 | Mem:0.00M, Peak:0.00M | Scene, RenderLayer | Waiting for render to start
Fra:1 Mem:11.57M (0.00M, Peak 14.27M) | Time:00:00.06 | Mem:0.00M, Peak:0.00M | Scene, RenderLayer | Updating Scene
Fra:1 Mem:11.57M (0.00M, Peak 14.27M) | Time:00:00.06 | Mem:0.00M, Peak:0.00M | Scene, RenderLayer | Updating Shaders
Fra:1 Mem:12.07M (0.00M, Peak 14.27M) | Time:00:00.14 | Mem:0.00M, Peak:0.00M | Scene, RenderLayer | Updating Background
Fra:1 Mem:12.07M (0.00M, Peak 14.27M) | Time:00:00.14 | Mem:0.00M, Peak:0.00M | Scene, RenderLayer | Updating Camera
Fra:1 Mem:12.07M (0.00M, Peak 14.27M) | Time:00:00.14 | Mem:0.00M, Peak:0.00M | Scene, RenderLayer | Updating Meshes Flags
Fra:1 Mem:12.07M (0.00M, Peak 14.27M) | Time:00:00.14 | Mem:0.00M, Peak:0.00M | Scene, RenderLayer | Updating Objects
Fra:1 Mem:12.07M (0.00M, Peak 14.27M) | Time:00:00.14 | Mem:0.00M, Peak:0.00M | Scene, RenderLayer | Updating Objects | Copying Transformations to device
Fra:1 Mem:12.07M (0.00M, Peak 14.27M) | Time:00:00.14 | Mem:0.00M, Peak:0.00M | Scene, RenderLayer | Updating Objects | Applying Static Transformations
Fra:1 Mem:12.07M (0.00M, Peak 14.27M) | Time:00:00.14 | Mem:0.00M, Peak:0.00M | Scene, RenderLayer | Updating Meshes
Fra:1 Mem:12.44M (0.00M, Peak 14.27M) | Time:00:00.14 | Mem:0.00M, Peak:0.00M | Scene, RenderLayer | Updating Mesh | Computing attributes
Fra:1 Mem:12.44M (0.00M, Peak 14.27M) | Time:00:00.14 | Mem:0.00M, Peak:0.00M | Scene, RenderLayer | Updating Mesh | Copying Attributes to device
Fra:1 Mem:12.44M (0.00M, Peak 14.27M) | Time:00:00.14 | Mem:0.00M, Peak:0.00M | Scene, RenderLayer | Updating Scene BVH | Building
Fra:1 Mem:12.44M (0.00M, Peak 14.27M) | Time:00:00.14 | Mem:0.00M, Peak:0.00M | Scene, RenderLayer | Updating Scene BVH | Building BVH
Fra:1 Mem:13.81M (0.00M, Peak 14.27M) | Time:00:00.16 | Mem:0.00M, Peak:0.00M | Scene, RenderLayer | Updating Scene BVH | Packing BVH triangles and strands
Fra:1 Mem:15.09M (0.00M, Peak 15.09M) | Time:00:00.16 | Mem:0.00M, Peak:0.00M | Scene, RenderLayer | Updating Scene BVH | Packing BVH nodes
Fra:1 Mem:14.35M (0.00M, Peak 15.45M) | Time:00:00.16 | Mem:0.00M, Peak:0.00M | Scene, RenderLayer | Updating Scene BVH | Copying BVH to device
Fra:1 Mem:14.44M (0.00M, Peak 15.45M) | Time:00:00.16 | Mem:1.92M, Peak:1.92M | Scene, RenderLayer | Updating Mesh | Computing normals
Fra:1 Mem:15.27M (0.00M, Peak 15.45M) | Time:00:00.16 | Mem:1.92M, Peak:1.92M | Scene, RenderLayer | Updating Mesh | Copying Mesh to device
Fra:1 Mem:15.18M (0.00M, Peak 15.45M) | Time:00:00.16 | Mem:2.75M, Peak:2.75M | Scene, RenderLayer | Updating Objects Flags
Fra:1 Mem:15.18M (0.00M, Peak 15.45M) | Time:00:00.16 | Mem:2.75M, Peak:2.75M | Scene, RenderLayer | Updating Images
Fra:1 Mem:15.18M (0.00M, Peak 15.45M) | Time:00:00.16 | Mem:2.75M, Peak:2.75M | Scene, RenderLayer | Updating Camera Volume
Fra:1 Mem:15.18M (0.00M, Peak 15.45M) | Time:00:00.16 | Mem:2.75M, Peak:2.75M | Scene, RenderLayer | Updating Hair Systems
Fra:1 Mem:15.18M (0.00M, Peak 15.45M) | Time:00:00.16 | Mem:2.75M, Peak:2.75M | Scene, RenderLayer | Updating Hair settings | Copying Hair settings to device
Fra:1 Mem:15.18M (0.00M, Peak 15.45M) | Time:00:00.16 | Mem:2.75M, Peak:2.75M | Scene, RenderLayer | Updating Lookup Tables
Fra:1 Mem:15.18M (0.00M, Peak 15.45M) | Time:00:00.16 | Mem:3.00M, Peak:3.00M | Scene, RenderLayer | Updating Lights
Fra:1 Mem:15.18M (0.00M, Peak 15.45M) | Time:00:00.16 | Mem:3.00M, Peak:3.00M | Scene, RenderLayer | Updating Lights | Computing distribution
Fra:1 Mem:15.18M (0.00M, Peak 15.45M) | Time:00:00.16 | Mem:3.00M, Peak:3.00M | Scene, RenderLayer | Updating Particle Systems
Fra:1 Mem:15.18M (0.00M, Peak 15.45M) | Time:00:00.16 | Mem:3.00M, Peak:3.00M | Scene, RenderLayer | Updating Particle Systems | Copying Particles to device
Fra:1 Mem:15.18M (0.00M, Peak 15.45M) | Time:00:00.16 | Mem:3.00M, Peak:3.00M | Scene, RenderLayer | Updating Integrator
Fra:1 Mem:15.22M (0.00M, Peak 15.45M) | Time:00:00.16 | Mem:3.04M, Peak:3.04M | Scene, RenderLayer | Updating Film
Fra:1 Mem:15.23M (0.00M, Peak 15.48M) | Time:00:00.17 | Mem:3.04M, Peak:3.04M | Scene, RenderLayer | Updating Lookup Tables
Fra:1 Mem:15.23M (0.00M, Peak 15.48M) | Time:00:00.17 | Mem:3.04M, Peak:3.04M | Scene, RenderLayer | Updating Baking
Fra:1 Mem:15.23M (0.00M, Peak 15.48M) | Time:00:00.17 | Mem:3.04M, Peak:3.04M | Scene, RenderLayer | Updating Device | Writing constant memory
Fra:1 Mem:15.23M (0.00M, Peak 15.48M) | Time:00:00.17 | Mem:3.04M, Peak:3.04M | Scene, RenderLayer | Path Tracing Tile 0/4, Sample 0/512
Fra:1 Mem:17.48M (0.00M, Peak 18.73M) | Time:00:00.17 | Mem:5.29M, Peak:5.29M | Scene, RenderLayer | Path Tracing Tile 1/4, Sample 0/512
Fra:1 Mem:17.48M (0.00M, Peak 19.73M) | Time:00:01.17 | Remaining:00:11.95 | Mem:5.29M, Peak:5.29M | Scene, RenderLayer | Path Tracing Tile 1/4, Sample 93/512
Fra:1 Mem:17.48M (0.00M, Peak 19.73M) | Time:00:02.18 | Remaining:00:10.90 | Mem:5.29M, Peak:5.29M | Scene, RenderLayer | Path Tracing Tile 1/4, Sample 187/512
Fra:1 Mem:17.48M (0.00M, Peak 19.73M) | Time:00:03.19 | Remaining:00:09.88 | Mem:5.29M, Peak:5.29M | Scene, RenderLayer | Path Tracing Tile 1/4, Sample 281/512
Fra:1 Mem:17.48M (0.00M, Peak 19.73M) | Time:00:04.19 | Remaining:00:08.88 | Mem:5.29M, Peak:5.29M | Scene, RenderLayer | Path Tracing Tile 1/4, Sample 374/512
Fra:1 Mem:17.48M (0.00M, Peak 19.73M) | Time:00:05.19 | Remaining:00:07.89 | Mem:5.29M, Peak:5.29M | Scene, RenderLayer | Path Tracing Tile 1/4, Sample 467/512
Fra:1 Mem:15.23M (0.00M, Peak 19.73M) | Time:00:05.69 | Remaining:00:07.41 | Mem:3.04M, Peak:5.29M | Scene, RenderLayer | Path Tracing Tile 1/4, Sample 512/512
Fra:1 Mem:17.19M (0.00M, Peak 19.73M) | Time:00:05.69 | Remaining:00:07.42 | Mem:5.01M, Peak:5.29M | Scene, RenderLayer | Path Tracing Tile 2/4, Sample 512/512
Fra:1 Mem:17.19M (0.00M, Peak 19.73M) | Time:00:06.20 | Remaining:00:06.88 | Mem:5.01M, Peak:5.29M | Scene, RenderLayer | Path Tracing Tile 2/4, Sample 55/512
Fra:1 Mem:17.19M (0.00M, Peak 19.73M) | Time:00:07.20 | Remaining:00:05.84 | Mem:5.01M, Peak:5.29M | Scene, RenderLayer | Path Tracing Tile 2/4, Sample 164/512
Fra:1 Mem:17.19M (0.00M, Peak 19.73M) | Time:00:08.21 | Remaining:00:04.81 | Mem:5.01M, Peak:5.29M | Scene, RenderLayer | Path Tracing Tile 2/4, Sample 273/512
Fra:1 Mem:17.19M (0.00M, Peak 19.73M) | Time:00:09.21 | Remaining:00:03.79 | Mem:5.01M, Peak:5.29M | Scene, RenderLayer | Path Tracing Tile 2/4, Sample 381/512
Fra:1 Mem:17.19M (0.00M, Peak 19.73M) | Time:00:10.22 | Remaining:00:02.78 | Mem:5.01M, Peak:5.29M | Scene, RenderLayer | Path Tracing Tile 2/4, Sample 489/512
Fra:1 Mem:15.23M (0.00M, Peak 19.73M) | Time:00:10.44 | Remaining:00:02.56 | Mem:3.04M, Peak:5.29M | Scene, RenderLayer | Path Tracing Tile 2/4, Sample 512/512
Fra:1 Mem:15.79M (0.00M, Peak 19.73M) | Time:00:10.44 | Remaining:00:02.56 | Mem:3.61M, Peak:5.29M | Scene, RenderLayer | Path Tracing Tile 3/4, Sample 512/512
Fra:1 Mem:15.79M (0.00M, Peak 19.73M) | Time:00:11.22 | Remaining:00:02.13 | Mem:3.61M, Peak:5.29M | Scene, RenderLayer | Path Tracing Tile 3/4, Sample 183/512
Fra:1 Mem:15.79M (0.00M, Peak 19.73M) | Time:00:12.22 | Remaining:00:01.54 | Mem:3.61M, Peak:5.29M | Scene, RenderLayer | Path Tracing Tile 3/4, Sample 415/512
Fra:1 Mem:15.23M (0.00M, Peak 19.73M) | Time:00:12.64 | Remaining:00:01.28 | Mem:3.04M, Peak:5.29M | Scene, RenderLayer | Path Tracing Tile 3/4, Sample 512/512
Fra:1 Mem:15.72M (0.00M, Peak 19.73M) | Time:00:12.64 | Remaining:00:01.28 | Mem:3.54M, Peak:5.29M | Scene, RenderLayer | Path Tracing Tile 4/4, Sample 512/512
Fra:1 Mem:15.72M (0.00M, Peak 19.73M) | Time:00:13.22 | Remaining:00:00.93 | Mem:3.54M, Peak:5.29M | Scene, RenderLayer | Path Tracing Tile 4/4, Sample 147/512
Fra:1 Mem:15.72M (0.00M, Peak 19.73M) | Time:00:14.22 | Remaining:00:00.29 | Mem:3.54M, Peak:5.29M | Scene, RenderLayer | Path Tracing Tile 4/4, Sample 400/512
Fra:1 Mem:15.23M (0.00M, Peak 19.73M) | Time:00:14.67 | Mem:3.04M, Peak:5.29M | Scene, RenderLayer | Path Tracing Tile 4/4, Sample 512/512
Fra:1 Mem:15.23M (0.00M, Peak 19.73M) | Time:00:14.67 | Mem:3.04M, Peak:5.29M | Scene, RenderLayer | Finished
Fra:1 Mem:10.82M (0.00M, Peak 19.73M) | Time:00:14.75 | Sce: Scene Ve:0 Fa:0 La:0
Saved: 'data/clevr-cleaned-variants/threepack/fovariant-2/render/images/CLEVR_val_000000.png'
 Time: 00:14.79 (Saving: 00:00.03)

read blend: /home/ubuntu/vdp/data/clevr_scene_data/base_scene.blend
convertViewVec: called in an invalid context
convertViewVec: called in an invalid context
convertViewVec: called in an invalid context
Fra:1 Mem:10.92M (0.00M, Peak 10.92M) | Time:00:00.00 | Preparing Scene data
Fra:1 Mem:12.97M (0.00M, Peak 13.14M) | Time:00:00.00 | Preparing Scene data
Fra:1 Mem:12.97M (0.00M, Peak 13.14M) | Time:00:00.00 | Creating Shadowbuffers
Fra:1 Mem:12.97M (0.00M, Peak 13.14M) | Time:00:00.00 | Raytree.. preparing
Fra:1 Mem:14.87M (0.00M, Peak 14.87M) | Time:00:00.00 | Raytree.. building
Fra:1 Mem:14.77M (0.00M, Peak 17.74M) | Time:00:00.03 | Raytree finished
Fra:1 Mem:14.77M (0.00M, Peak 17.74M) | Time:00:00.03 | Creating Environment maps
Fra:1 Mem:14.77M (0.00M, Peak 17.74M) | Time:00:00.03 | Caching Point Densities
Fra:1 Mem:14.77M (0.00M, Peak 17.74M) | Time:00:00.03 | Sce: Scene Ve:11256 Fa:13847 La:1
Fra:1 Mem:14.77M (0.00M, Peak 17.74M) | Time:00:00.03 | Loading voxel datasets
Fra:1 Mem:14.77M (0.00M, Peak 17.74M) | Time:00:00.03 | Sce: Scene Ve:11256 Fa:13847 La:1
Fra:1 Mem:14.78M (0.00M, Peak 17.74M) | Time:00:00.03 | Sce: Scene Ve:11256 Fa:13847 La:1
Fra:1 Mem:14.78M (0.00M, Peak 17.74M) | Time:00:00.03 | Volume preprocessing
Fra:1 Mem:14.78M (0.00M, Peak 17.74M) | Time:00:00.03 | Sce: Scene Ve:11256 Fa:13847 La:1
Fra:1 Mem:14.78M (0.00M, Peak 17.74M) | Time:00:00.03 | Sce: Scene Ve:11256 Fa:13847 La:1
Fra:1 Mem:19.12M (0.00M, Peak 19.12M) | Time:00:00.03 | Scene, Part 3-4
Fra:1 Mem:18.81M (0.00M, Peak 19.28M) | Time:00:00.03 | Scene, Part 4-4
Fra:1 Mem:17.87M (0.00M, Peak 19.28M) | Time:00:00.04 | Scene, Part 2-4
Fra:1 Mem:16.03M (0.00M, Peak 19.28M) | Time:00:00.04 | Scene, Part 1-4
Fra:1 Mem:10.80M (0.00M, Peak 19.28M) | Time:00:00.04 | Sce: Scene Ve:11256 Fa:13847 La:1
Saved: '/tmp/tmp_g42w2dq.png'
 Time: 00:00.06 (Saving: 00:00.01)

Fra:1 Mem:10.84M (0.00M, Peak 11.43M) | Time:00:00.04 | Mem:0.00M, Peak:0.00M | Scene, RenderLayer | Synchronizing object | Area
Fra:1 Mem:10.84M (0.00M, Peak 11.43M) | Time:00:00.04 | Mem:0.00M, Peak:0.00M | Scene, RenderLayer | Synchronizing object | Ground
Fra:1 Mem:10.90M (0.00M, Peak 11.43M) | Time:00:00.04 | Mem:0.00M, Peak:0.00M | Scene, RenderLayer | Synchronizing object | Empty
Fra:1 Mem:10.90M (0.00M, Peak 11.43M) | Time:00:00.04 | Mem:0.00M, Peak:0.00M | Scene, RenderLayer | Synchronizing object | Lamp_Back
Fra:1 Mem:10.90M (0.00M, Peak 11.43M) | Time:00:00.04 | Mem:0.00M, Peak:0.00M | Scene, RenderLayer | Synchronizing object | Lamp_Fill
Fra:1 Mem:10.90M (0.00M, Peak 11.43M) | Time:00:00.04 | Mem:0.00M, Peak:0.00M | Scene, RenderLayer | Synchronizing object | Lamp_Key
Fra:1 Mem:10.90M (0.00M, Peak 11.43M) | Time:00:00.04 | Mem:0.00M, Peak:0.00M | Scene, RenderLayer | Synchronizing object | Camera
Fra:1 Mem:10.90M (0.00M, Peak 11.43M) | Time:00:00.04 | Mem:0.00M, Peak:0.00M | Scene, RenderLayer | Synchronizing object | SmoothCube_v2_0
Fra:1 Mem:11.21M (0.00M, Peak 11.58M) | Time:00:00.05 | Mem:0.00M, Peak:0.00M | Scene, RenderLayer | Synchronizing object | SmoothCube_v2_1
Fra:1 Mem:11.52M (0.00M, Peak 11.89M) | Time:00:00.05 | Mem:0.00M, Peak:0.00M | Scene, RenderLayer | Synchronizing object | SmoothCube_v2_2
Fra:1 Mem:11.83M (0.00M, Peak 12.20M) | Time:00:00.05 | Mem:0.00M, Peak:0.00M | Scene, RenderLayer | Initializing
Fra:1 Mem:11.83M (0.00M, Peak 12.20M) | Time:00:00.05 | Mem:0.00M, Peak:0.00M | Scene, RenderLayer | Loading render kernels (may take a few minutes the first time)
Fra:1 Mem:11.83M (0.00M, Peak 14.53M) | Time:00:00.06 | Mem:0.00M, Peak:0.00M | Scene, RenderLayer | Waiting for render to start
Fra:1 Mem:11.83M (0.00M, Peak 14.53M) | Time:00:00.06 | Mem:0.00M, Peak:0.00M | Scene, RenderLayer | Updating Scene
Fra:1 Mem:11.83M (0.00M, Peak 14.53M) | Time:00:00.06 | Mem:0.00M, Peak:0.00M | Scene, RenderLayer | Updating Shaders
Fra:1 Mem:12.08M (0.00M, Peak 14.53M) | Time:00:00.06 | Mem:0.00M, Peak:0.00M | Scene, RenderLayer | Updating Background
Fra:1 Mem:12.08M (0.00M, Peak 14.53M) | Time:00:00.06 | Mem:0.00M, Peak:0.00M | Scene, RenderLayer | Updating Camera
Fra:1 Mem:12.08M (0.00M, Peak 14.53M) | Time:00:00.06 | Mem:0.00M, Peak:0.00M | Scene, RenderLayer | Updating Meshes Flags
Fra:1 Mem:12.08M (0.00M, Peak 14.53M) | Time:00:00.06 | Mem:0.00M, Peak:0.00M | Scene, RenderLayer | Updating Objects
Fra:1 Mem:12.08M (0.00M, Peak 14.53M) | Time:00:00.06 | Mem:0.00M, Peak:0.00M | Scene, RenderLayer | Updating Objects | Copying Transformations to device
Fra:1 Mem:12.08M (0.00M, Peak 14.53M) | Time:00:00.06 | Mem:0.00M, Peak:0.00M | Scene, RenderLayer | Updating Objects | Applying Static Transformations
Fra:1 Mem:12.08M (0.00M, Peak 14.53M) | Time:00:00.06 | Mem:0.00M, Peak:0.00M | Scene, RenderLayer | Updating Meshes
Fra:1 Mem:12.45M (0.00M, Peak 14.53M) | Time:00:00.06 | Mem:0.00M, Peak:0.00M | Scene, RenderLayer | Updating Mesh | Computing attributes
Fra:1 Mem:12.45M (0.00M, Peak 14.53M) | Time:00:00.06 | Mem:0.00M, Peak:0.00M | Scene, RenderLayer | Updating Mesh | Copying Attributes to device
Fra:1 Mem:12.45M (0.00M, Peak 14.53M) | Time:00:00.06 | Mem:0.00M, Peak:0.00M | Scene, RenderLayer | Updating Scene BVH | Building
Fra:1 Mem:12.45M (0.00M, Peak 14.53M) | Time:00:00.06 | Mem:0.00M, Peak:0.00M | Scene, RenderLayer | Updating Scene BVH | Building BVH
Fra:1 Mem:13.82M (0.00M, Peak 14.53M) | Time:00:00.08 | Mem:0.00M, Peak:0.00M | Scene, RenderLayer | Updating Scene BVH | Packing BVH triangles and strands
Fra:1 Mem:15.10M (0.00M, Peak 15.10M) | Time:00:00.08 | Mem:0.00M, Peak:0.00M | Scene, RenderLayer | Updating Scene BVH | Packing BVH nodes
Fra:1 Mem:14.36M (0.00M, Peak 15.46M) | Time:00:00.08 | Mem:0.00M, Peak:0.00M | Scene, RenderLayer | Updating Scene BVH | Copying BVH to device
Fra:1 Mem:14.46M (0.00M, Peak 15.46M) | Time:00:00.08 | Mem:1.92M, Peak:1.92M | Scene, RenderLayer | Updating Mesh | Computing normals
Fra:1 Mem:15.28M (0.00M, Peak 15.46M) | Time:00:00.08 | Mem:1.92M, Peak:1.92M | Scene, RenderLayer | Updating Mesh | Copying Mesh to device
Fra:1 Mem:15.19M (0.00M, Peak 15.46M) | Time:00:00.08 | Mem:2.75M, Peak:2.75M | Scene, RenderLayer | Updating Objects Flags
Fra:1 Mem:15.19M (0.00M, Peak 15.46M) | Time:00:00.08 | Mem:2.75M, Peak:2.75M | Scene, RenderLayer | Updating Images
Fra:1 Mem:15.19M (0.00M, Peak 15.46M) | Time:00:00.08 | Mem:2.75M, Peak:2.75M | Scene, RenderLayer | Updating Camera Volume
Fra:1 Mem:15.19M (0.00M, Peak 15.46M) | Time:00:00.08 | Mem:2.75M, Peak:2.75M | Scene, RenderLayer | Updating Hair Systems
Fra:1 Mem:15.19M (0.00M, Peak 15.46M) | Time:00:00.08 | Mem:2.75M, Peak:2.75M | Scene, RenderLayer | Updating Hair settings | Copying Hair settings to device
Fra:1 Mem:15.19M (0.00M, Peak 15.46M) | Time:00:00.08 | Mem:2.75M, Peak:2.75M | Scene, RenderLayer | Updating Lookup Tables
Fra:1 Mem:15.19M (0.00M, Peak 15.46M) | Time:00:00.08 | Mem:3.00M, Peak:3.00M | Scene, RenderLayer | Updating Lights
Fra:1 Mem:15.19M (0.00M, Peak 15.46M) | Time:00:00.08 | Mem:3.00M, Peak:3.00M | Scene, RenderLayer | Updating Lights | Computing distribution
Fra:1 Mem:15.19M (0.00M, Peak 15.46M) | Time:00:00.08 | Mem:3.00M, Peak:3.00M | Scene, RenderLayer | Updating Particle Systems
Fra:1 Mem:15.19M (0.00M, Peak 15.46M) | Time:00:00.08 | Mem:3.00M, Peak:3.00M | Scene, RenderLayer | Updating Particle Systems | Copying Particles to device
Fra:1 Mem:15.19M (0.00M, Peak 15.46M) | Time:00:00.09 | Mem:3.00M, Peak:3.00M | Scene, RenderLayer | Updating Integrator
Fra:1 Mem:15.23M (0.00M, Peak 15.46M) | Time:00:00.09 | Mem:3.04M, Peak:3.04M | Scene, RenderLayer | Updating Film
Fra:1 Mem:15.24M (0.00M, Peak 15.49M) | Time:00:00.09 | Mem:3.04M, Peak:3.04M | Scene, RenderLayer | Updating Lookup Tables
Fra:1 Mem:15.24M (0.00M, Peak 15.49M) | Time:00:00.09 | Mem:3.04M, Peak:3.04M | Scene, RenderLayer | Updating Baking
Fra:1 Mem:15.24M (0.00M, Peak 15.49M) | Time:00:00.09 | Mem:3.04M, Peak:3.04M | Scene, RenderLayer | Updating Device | Writing constant memory
Fra:1 Mem:15.24M (0.00M, Peak 15.49M) | Time:00:00.09 | Mem:3.04M, Peak:3.04M | Scene, RenderLayer | Path Tracing Tile 0/4, Sample 0/512
Fra:1 Mem:17.49M (0.00M, Peak 18.74M) | Time:00:00.09 | Mem:5.29M, Peak:5.29M | Scene, RenderLayer | Path Tracing Tile 1/4, Sample 0/512
Fra:1 Mem:17.49M (0.00M, Peak 19.74M) | Time:00:01.10 | Remaining:00:12.03 | Mem:5.29M, Peak:5.29M | Scene, RenderLayer | Path Tracing Tile 1/4, Sample 93/512
Fra:1 Mem:17.49M (0.00M, Peak 19.74M) | Time:00:02.10 | Remaining:00:10.98 | Mem:5.29M, Peak:5.29M | Scene, RenderLayer | Path Tracing Tile 1/4, Sample 186/512
Fra:1 Mem:17.49M (0.00M, Peak 19.74M) | Time:00:03.11 | Remaining:00:09.97 | Mem:5.29M, Peak:5.29M | Scene, RenderLayer | Path Tracing Tile 1/4, Sample 279/512
Fra:1 Mem:17.49M (0.00M, Peak 19.74M) | Time:00:04.11 | Remaining:00:08.96 | Mem:5.29M, Peak:5.29M | Scene, RenderLayer | Path Tracing Tile 1/4, Sample 372/512
Fra:1 Mem:17.49M (0.00M, Peak 19.74M) | Time:00:05.12 | Remaining:00:07.96 | Mem:5.29M, Peak:5.29M | Scene, RenderLayer | Path Tracing Tile 1/4, Sample 465/512
Fra:1 Mem:15.24M (0.00M, Peak 19.74M) | Time:00:05.64 | Remaining:00:07.46 | Mem:3.04M, Peak:5.29M | Scene, RenderLayer | Path Tracing Tile 1/4, Sample 512/512
Fra:1 Mem:17.21M (0.00M, Peak 19.74M) | Time:00:05.64 | Remaining:00:07.46 | Mem:5.01M, Peak:5.29M | Scene, RenderLayer | Path Tracing Tile 2/4, Sample 512/512
Fra:1 Mem:17.21M (0.00M, Peak 19.74M) | Time:00:06.13 | Remaining:00:06.96 | Mem:5.01M, Peak:5.29M | Scene, RenderLayer | Path Tracing Tile 2/4, Sample 52/512
Fra:1 Mem:17.21M (0.00M, Peak 19.74M) | Time:00:07.13 | Remaining:00:05.92 | Mem:5.01M, Peak:5.29M | Scene, RenderLayer | Path Tracing Tile 2/4, Sample 160/512
Fra:1 Mem:17.21M (0.00M, Peak 19.74M) | Time:00:08.14 | Remaining:00:04.89 | Mem:5.01M, Peak:5.29M | Scene, RenderLayer | Path Tracing Tile 2/4, Sample 268/512
Fra:1 Mem:17.21M (0.00M, Peak 19.74M) | Time:00:09.14 | Remaining:00:03.87 | Mem:5.01M, Peak:5.29M | Scene, RenderLayer | Path Tracing Tile 2/4, Sample 375/512
Fra:1 Mem:17.21M (0.00M, Peak 19.74M) | Time:00:10.14 | Remaining:00:02.86 | Mem:5.01M, Peak:5.29M | Scene, RenderLayer | Path Tracing Tile 2/4, Sample 482/512
Fra:1 Mem:15.24M (0.00M, Peak 19.74M) | Time:00:10.42 | Remaining:00:02.58 | Mem:3.04M, Peak:5.29M | Scene, RenderLayer | Path Tracing Tile 2/4, Sample 512/512
Fra:1 Mem:15.80M (0.00M, Peak 19.74M) | Time:00:10.42 | Remaining:00:02.58 | Mem:3.61M, Peak:5.29M | Scene, RenderLayer | Path Tracing Tile 3/4, Sample 512/512
Fra:1 Mem:15.80M (0.00M, Peak 19.74M) | Time:00:11.14 | Remaining:00:02.18 | Mem:3.61M, Peak:5.29M | Scene, RenderLayer | Path Tracing Tile 3/4, Sample 168/512
Fra:1 Mem:15.80M (0.00M, Peak 19.74M) | Time:00:12.14 | Remaining:00:01.58 | Mem:3.61M, Peak:5.29M | Scene, RenderLayer | Path Tracing Tile 3/4, Sample 401/512
Fra:1 Mem:15.24M (0.00M, Peak 19.74M) | Time:00:12.62 | Remaining:00:01.29 | Mem:3.04M, Peak:5.29M | Scene, RenderLayer | Path Tracing Tile 3/4, Sample 512/512
Fra:1 Mem:15.73M (0.00M, Peak 19.74M) | Time:00:12.62 | Remaining:00:01.29 | Mem:3.54M, Peak:5.29M | Scene, RenderLayer | Path Tracing Tile 4/4, Sample 512/512
Fra:1 Mem:15.73M (0.00M, Peak 19.74M) | Time:00:13.15 | Remaining:00:00.96 | Mem:3.54M, Peak:5.29M | Scene, RenderLayer | Path Tracing Tile 4/4, Sample 133/512
Fra:1 Mem:15.73M (0.00M, Peak 19.74M) | Time:00:14.15 | Remaining:00:00.33 | Mem:3.54M, Peak:5.29M | Scene, RenderLayer | Path Tracing Tile 4/4, Sample 386/512
Fra:1 Mem:15.24M (0.00M, Peak 19.74M) | Time:00:14.65 | Mem:3.04M, Peak:5.29M | Scene, RenderLayer | Path Tracing Tile 4/4, Sample 512/512
Fra:1 Mem:15.24M (0.00M, Peak 19.74M) | Time:00:14.65 | Mem:3.04M, Peak:5.29M | Scene, RenderLayer | Finished
Fra:1 Mem:10.83M (0.00M, Peak 19.74M) | Time:00:14.73 | Sce: Scene Ve:0 Fa:0 La:0
Saved: 'data/clevr-cleaned-variants/threepack/fovariant-2/render/images/CLEVR_val_000001.png'
 Time: 00:14.77 (Saving: 00:00.03)

read blend: /home/ubuntu/vdp/data/clevr_scene_data/base_scene.blend
convertViewVec: called in an invalid context
convertViewVec: called in an invalid context
Fra:1 Mem:10.40M (0.00M, Peak 10.40M) | Time:00:00.00 | Preparing Scene data
Fra:1 Mem:11.76M (0.00M, Peak 11.94M) | Time:00:00.00 | Preparing Scene data
Fra:1 Mem:11.76M (0.00M, Peak 11.94M) | Time:00:00.00 | Creating Shadowbuffers
Fra:1 Mem:11.76M (0.00M, Peak 11.94M) | Time:00:00.00 | Raytree.. preparing
Fra:1 Mem:13.03M (0.00M, Peak 13.03M) | Time:00:00.00 | Raytree.. building
Fra:1 Mem:12.97M (0.00M, Peak 14.95M) | Time:00:00.02 | Raytree finished
Fra:1 Mem:12.97M (0.00M, Peak 14.95M) | Time:00:00.02 | Creating Environment maps
Fra:1 Mem:12.97M (0.00M, Peak 14.95M) | Time:00:00.02 | Caching Point Densities
Fra:1 Mem:12.97M (0.00M, Peak 14.95M) | Time:00:00.02 | Sce: Scene Ve:7504 Fa:9234 La:1
Fra:1 Mem:12.97M (0.00M, Peak 14.95M) | Time:00:00.02 | Loading voxel datasets
Fra:1 Mem:12.97M (0.00M, Peak 14.95M) | Time:00:00.02 | Sce: Scene Ve:7504 Fa:9234 La:1
Fra:1 Mem:12.97M (0.00M, Peak 14.95M) | Time:00:00.02 | Sce: Scene Ve:7504 Fa:9234 La:1
Fra:1 Mem:12.97M (0.00M, Peak 14.95M) | Time:00:00.02 | Volume preprocessing
Fra:1 Mem:12.97M (0.00M, Peak 14.95M) | Time:00:00.02 | Sce: Scene Ve:7504 Fa:9234 La:1
Fra:1 Mem:12.97M (0.00M, Peak 14.95M) | Time:00:00.02 | Sce: Scene Ve:7504 Fa:9234 La:1
Fra:1 Mem:17.50M (0.00M, Peak 17.67M) | Time:00:00.02 | Scene, Part 4-4
Fra:1 Mem:17.04M (0.00M, Peak 17.67M) | Time:00:00.02 | Scene, Part 3-4
Fra:1 Mem:16.07M (0.00M, Peak 17.67M) | Time:00:00.02 | Scene, Part 2-4
Fra:1 Mem:14.22M (0.00M, Peak 17.67M) | Time:00:00.03 | Scene, Part 1-4
Fra:1 Mem:10.32M (0.00M, Peak 17.67M) | Time:00:00.03 | Sce: Scene Ve:7504 Fa:9234 La:1
Saved: '/tmp/tmpvn3b3fg7.png'
 Time: 00:00.04 (Saving: 00:00.01)

Fra:1 Mem:10.35M (0.00M, Peak 10.94M) | Time:00:00.04 | Mem:0.00M, Peak:0.00M | Scene, RenderLayer | Synchronizing object | Area
Fra:1 Mem:10.35M (0.00M, Peak 10.94M) | Time:00:00.04 | Mem:0.00M, Peak:0.00M | Scene, RenderLayer | Synchronizing object | Ground
Fra:1 Mem:10.41M (0.00M, Peak 10.94M) | Time:00:00.04 | Mem:0.00M, Peak:0.00M | Scene, RenderLayer | Synchronizing object | Empty
Fra:1 Mem:10.41M (0.00M, Peak 10.94M) | Time:00:00.04 | Mem:0.00M, Peak:0.00M | Scene, RenderLayer | Synchronizing object | Lamp_Back
Fra:1 Mem:10.41M (0.00M, Peak 10.94M) | Time:00:00.04 | Mem:0.00M, Peak:0.00M | Scene, RenderLayer | Synchronizing object | Lamp_Fill
Fra:1 Mem:10.41M (0.00M, Peak 10.94M) | Time:00:00.04 | Mem:0.00M, Peak:0.00M | Scene, RenderLayer | Synchronizing object | Lamp_Key
Fra:1 Mem:10.41M (0.00M, Peak 10.94M) | Time:00:00.04 | Mem:0.00M, Peak:0.00M | Scene, RenderLayer | Synchronizing object | Camera
Fra:1 Mem:10.41M (0.00M, Peak 10.94M) | Time:00:00.04 | Mem:0.00M, Peak:0.00M | Scene, RenderLayer | Synchronizing object | SmoothCube_v2_0
Fra:1 Mem:10.72M (0.00M, Peak 11.09M) | Time:00:00.05 | Mem:0.00M, Peak:0.00M | Scene, RenderLayer | Synchronizing object | SmoothCube_v2_1
Fra:1 Mem:11.03M (0.00M, Peak 11.40M) | Time:00:00.05 | Mem:0.00M, Peak:0.00M | Scene, RenderLayer | Initializing
Fra:1 Mem:11.03M (0.00M, Peak 11.40M) | Time:00:00.05 | Mem:0.00M, Peak:0.00M | Scene, RenderLayer | Loading render kernels (may take a few minutes the first time)
Fra:1 Mem:11.03M (0.00M, Peak 13.73M) | Time:00:00.06 | Mem:0.00M, Peak:0.00M | Scene, RenderLayer | Waiting for render to start
Fra:1 Mem:11.03M (0.00M, Peak 13.73M) | Time:00:00.06 | Mem:0.00M, Peak:0.00M | Scene, RenderLayer | Updating Scene
Fra:1 Mem:11.03M (0.00M, Peak 13.73M) | Time:00:00.06 | Mem:0.00M, Peak:0.00M | Scene, RenderLayer | Updating Shaders
Fra:1 Mem:11.28M (0.00M, Peak 13.73M) | Time:00:00.06 | Mem:0.00M, Peak:0.00M | Scene, RenderLayer | Updating Background
Fra:1 Mem:11.28M (0.00M, Peak 13.73M) | Time:00:00.06 | Mem:0.00M, Peak:0.00M | Scene, RenderLayer | Updating Camera
Fra:1 Mem:11.28M (0.00M, Peak 13.73M) | Time:00:00.06 | Mem:0.00M, Peak:0.00M | Scene, RenderLayer | Updating Meshes Flags
Fra:1 Mem:11.28M (0.00M, Peak 13.73M) | Time:00:00.06 | Mem:0.00M, Peak:0.00M | Scene, RenderLayer | Updating Objects
Fra:1 Mem:11.28M (0.00M, Peak 13.73M) | Time:00:00.06 | Mem:0.00M, Peak:0.00M | Scene, RenderLayer | Updating Objects | Copying Transformations to device
Fra:1 Mem:11.28M (0.00M, Peak 13.73M) | Time:00:00.06 | Mem:0.00M, Peak:0.00M | Scene, RenderLayer | Updating Objects | Applying Static Transformations
Fra:1 Mem:11.28M (0.00M, Peak 13.73M) | Time:00:00.06 | Mem:0.00M, Peak:0.00M | Scene, RenderLayer | Updating Meshes
Fra:1 Mem:11.53M (0.00M, Peak 13.73M) | Time:00:00.06 | Mem:0.00M, Peak:0.00M | Scene, RenderLayer | Updating Mesh | Computing attributes
Fra:1 Mem:11.53M (0.00M, Peak 13.73M) | Time:00:00.06 | Mem:0.00M, Peak:0.00M | Scene, RenderLayer | Updating Mesh | Copying Attributes to device
Fra:1 Mem:11.53M (0.00M, Peak 13.73M) | Time:00:00.06 | Mem:0.00M, Peak:0.00M | Scene, RenderLayer | Updating Scene BVH | Building
Fra:1 Mem:11.53M (0.00M, Peak 13.73M) | Time:00:00.06 | Mem:0.00M, Peak:0.00M | Scene, RenderLayer | Updating Scene BVH | Building BVH
Fra:1 Mem:12.48M (0.00M, Peak 13.73M) | Time:00:00.07 | Mem:0.00M, Peak:0.00M | Scene, RenderLayer | Updating Scene BVH | Packing BVH triangles and strands
Fra:1 Mem:13.36M (0.00M, Peak 13.73M) | Time:00:00.07 | Mem:0.00M, Peak:0.00M | Scene, RenderLayer | Updating Scene BVH | Packing BVH nodes
Fra:1 Mem:12.85M (0.00M, Peak 13.73M) | Time:00:00.07 | Mem:0.00M, Peak:0.00M | Scene, RenderLayer | Updating Scene BVH | Copying BVH to device
Fra:1 Mem:12.91M (0.00M, Peak 13.73M) | Time:00:00.08 | Mem:1.32M, Peak:1.32M | Scene, RenderLayer | Updating Mesh | Computing normals
Fra:1 Mem:13.48M (0.00M, Peak 13.73M) | Time:00:00.08 | Mem:1.32M, Peak:1.32M | Scene, RenderLayer | Updating Mesh | Copying Mesh to device
Fra:1 Mem:13.42M (0.00M, Peak 13.73M) | Time:00:00.08 | Mem:1.89M, Peak:1.89M | Scene, RenderLayer | Updating Objects Flags
Fra:1 Mem:13.42M (0.00M, Peak 13.73M) | Time:00:00.08 | Mem:1.89M, Peak:1.89M | Scene, RenderLayer | Updating Images
Fra:1 Mem:13.42M (0.00M, Peak 13.73M) | Time:00:00.08 | Mem:1.89M, Peak:1.89M | Scene, RenderLayer | Updating Camera Volume
Fra:1 Mem:13.42M (0.00M, Peak 13.73M) | Time:00:00.08 | Mem:1.89M, Peak:1.89M | Scene, RenderLayer | Updating Hair Systems
Fra:1 Mem:13.42M (0.00M, Peak 13.73M) | Time:00:00.08 | Mem:1.89M, Peak:1.89M | Scene, RenderLayer | Updating Hair settings | Copying Hair settings to device
Fra:1 Mem:13.42M (0.00M, Peak 13.73M) | Time:00:00.08 | Mem:1.89M, Peak:1.89M | Scene, RenderLayer | Updating Lookup Tables
Fra:1 Mem:13.42M (0.00M, Peak 13.73M) | Time:00:00.08 | Mem:2.14M, Peak:2.14M | Scene, RenderLayer | Updating Lights
Fra:1 Mem:13.42M (0.00M, Peak 13.73M) | Time:00:00.08 | Mem:2.14M, Peak:2.14M | Scene, RenderLayer | Updating Lights | Computing distribution
Fra:1 Mem:13.42M (0.00M, Peak 13.73M) | Time:00:00.08 | Mem:2.14M, Peak:2.14M | Scene, RenderLayer | Updating Particle Systems
Fra:1 Mem:13.42M (0.00M, Peak 13.73M) | Time:00:00.08 | Mem:2.14M, Peak:2.14M | Scene, RenderLayer | Updating Particle Systems | Copying Particles to device
Fra:1 Mem:13.42M (0.00M, Peak 13.73M) | Time:00:00.08 | Mem:2.14M, Peak:2.14M | Scene, RenderLayer | Updating Integrator
Fra:1 Mem:13.46M (0.00M, Peak 13.73M) | Time:00:00.08 | Mem:2.18M, Peak:2.18M | Scene, RenderLayer | Updating Film
Fra:1 Mem:13.47M (0.00M, Peak 13.73M) | Time:00:00.08 | Mem:2.18M, Peak:2.18M | Scene, RenderLayer | Updating Lookup Tables
Fra:1 Mem:13.47M (0.00M, Peak 13.73M) | Time:00:00.08 | Mem:2.19M, Peak:2.19M | Scene, RenderLayer | Updating Baking
Fra:1 Mem:13.47M (0.00M, Peak 13.73M) | Time:00:00.08 | Mem:2.19M, Peak:2.19M | Scene, RenderLayer | Updating Device | Writing constant memory
Fra:1 Mem:13.47M (0.00M, Peak 13.73M) | Time:00:00.08 | Mem:2.19M, Peak:2.19M | Scene, RenderLayer | Path Tracing Tile 0/4, Sample 0/512
Fra:1 Mem:15.72M (0.00M, Peak 16.97M) | Time:00:00.08 | Mem:4.44M, Peak:4.44M | Scene, RenderLayer | Path Tracing Tile 1/4, Sample 0/512
Fra:1 Mem:15.72M (0.00M, Peak 17.97M) | Time:00:01.09 | Remaining:00:11.62 | Mem:4.44M, Peak:4.44M | Scene, RenderLayer | Path Tracing Tile 1/4, Sample 96/512
Fra:1 Mem:15.72M (0.00M, Peak 17.97M) | Time:00:02.10 | Remaining:00:10.59 | Mem:4.44M, Peak:4.44M | Scene, RenderLayer | Path Tracing Tile 1/4, Sample 192/512
Fra:1 Mem:15.72M (0.00M, Peak 17.97M) | Time:00:03.10 | Remaining:00:09.57 | Mem:4.44M, Peak:4.44M | Scene, RenderLayer | Path Tracing Tile 1/4, Sample 288/512
Fra:1 Mem:15.72M (0.00M, Peak 17.97M) | Time:00:04.11 | Remaining:00:08.57 | Mem:4.44M, Peak:4.44M | Scene, RenderLayer | Path Tracing Tile 1/4, Sample 384/512
Fra:1 Mem:15.72M (0.00M, Peak 17.97M) | Time:00:05.11 | Remaining:00:07.57 | Mem:4.44M, Peak:4.44M | Scene, RenderLayer | Path Tracing Tile 1/4, Sample 479/512
Fra:1 Mem:13.47M (0.00M, Peak 17.97M) | Time:00:05.46 | Remaining:00:07.23 | Mem:2.19M, Peak:4.44M | Scene, RenderLayer | Path Tracing Tile 1/4, Sample 512/512
Fra:1 Mem:15.44M (0.00M, Peak 17.97M) | Time:00:05.47 | Remaining:00:07.24 | Mem:4.15M, Peak:4.44M | Scene, RenderLayer | Path Tracing Tile 2/4, Sample 512/512
Fra:1 Mem:15.44M (0.00M, Peak 17.97M) | Time:00:06.12 | Remaining:00:06.41 | Mem:4.15M, Peak:4.44M | Scene, RenderLayer | Path Tracing Tile 2/4, Sample 80/512
Fra:1 Mem:15.44M (0.00M, Peak 17.97M) | Time:00:07.12 | Remaining:00:05.21 | Mem:4.15M, Peak:4.44M | Scene, RenderLayer | Path Tracing Tile 2/4, Sample 203/512
Fra:1 Mem:15.44M (0.00M, Peak 17.97M) | Time:00:08.13 | Remaining:00:04.06 | Mem:4.15M, Peak:4.44M | Scene, RenderLayer | Path Tracing Tile 2/4, Sample 326/512
Fra:1 Mem:15.44M (0.00M, Peak 17.97M) | Time:00:09.13 | Remaining:00:02.96 | Mem:4.15M, Peak:4.44M | Scene, RenderLayer | Path Tracing Tile 2/4, Sample 448/512
Fra:1 Mem:13.47M (0.00M, Peak 17.97M) | Time:00:09.66 | Remaining:00:02.39 | Mem:2.19M, Peak:4.44M | Scene, RenderLayer | Path Tracing Tile 2/4, Sample 512/512
Fra:1 Mem:14.03M (0.00M, Peak 17.97M) | Time:00:09.66 | Remaining:00:02.39 | Mem:2.75M, Peak:4.44M | Scene, RenderLayer | Path Tracing Tile 3/4, Sample 512/512
Fra:1 Mem:14.03M (0.00M, Peak 17.97M) | Time:00:10.14 | Remaining:00:02.15 | Mem:2.75M, Peak:4.44M | Scene, RenderLayer | Path Tracing Tile 3/4, Sample 112/512
Fra:1 Mem:14.03M (0.00M, Peak 17.97M) | Time:00:11.14 | Remaining:00:01.61 | Mem:2.75M, Peak:4.44M | Scene, RenderLayer | Path Tracing Tile 3/4, Sample 349/512
Fra:1 Mem:13.47M (0.00M, Peak 17.97M) | Time:00:11.83 | Remaining:00:01.21 | Mem:2.19M, Peak:4.44M | Scene, RenderLayer | Path Tracing Tile 3/4, Sample 512/512
Fra:1 Mem:13.96M (0.00M, Peak 17.97M) | Time:00:11.83 | Remaining:00:01.21 | Mem:2.68M, Peak:4.44M | Scene, RenderLayer | Path Tracing Tile 4/4, Sample 512/512
Fra:1 Mem:13.96M (0.00M, Peak 17.97M) | Time:00:12.14 | Remaining:00:01.03 | Mem:2.68M, Peak:4.44M | Scene, RenderLayer | Path Tracing Tile 4/4, Sample 79/512
Fra:1 Mem:13.96M (0.00M, Peak 17.97M) | Time:00:13.14 | Remaining:00:00.43 | Mem:2.68M, Peak:4.44M | Scene, RenderLayer | Path Tracing Tile 4/4, Sample 336/512
Fra:1 Mem:13.47M (0.00M, Peak 17.97M) | Time:00:13.83 | Mem:2.19M, Peak:4.44M | Scene, RenderLayer | Path Tracing Tile 4/4, Sample 512/512
Fra:1 Mem:13.47M (0.00M, Peak 17.97M) | Time:00:13.83 | Mem:2.19M, Peak:4.44M | Scene, RenderLayer | Finished
Fra:1 Mem:10.34M (0.00M, Peak 17.97M) | Time:00:13.91 | Sce: Scene Ve:0 Fa:0 La:0
Saved: 'data/clevr-cleaned-variants/threepack/fovariant-2/render/images/CLEVR_val_000002.png'
 Time: 00:13.95 (Saving: 00:00.03)

read blend: /home/ubuntu/vdp/data/clevr_scene_data/base_scene.blend
convertViewVec: called in an invalid context
convertViewVec: called in an invalid context
convertViewVec: called in an invalid context
convertViewVec: called in an invalid context
Fra:1 Mem:12.92M (0.00M, Peak 12.92M) | Time:00:00.00 | Preparing Scene data
Fra:1 Mem:16.93M (0.00M, Peak 17.10M) | Time:00:00.00 | Preparing Scene data
Fra:1 Mem:16.93M (0.00M, Peak 17.10M) | Time:00:00.00 | Creating Shadowbuffers
Fra:1 Mem:16.93M (0.00M, Peak 17.10M) | Time:00:00.00 | Raytree.. preparing
Fra:1 Mem:20.97M (0.00M, Peak 20.97M) | Time:00:00.01 | Raytree.. building
Fra:1 Mem:20.75M (0.00M, Peak 27.06M) | Time:00:00.07 | Raytree finished
Fra:1 Mem:20.75M (0.00M, Peak 27.06M) | Time:00:00.07 | Creating Environment maps
Fra:1 Mem:20.75M (0.00M, Peak 27.06M) | Time:00:00.07 | Caching Point Densities
Fra:1 Mem:20.75M (0.00M, Peak 27.06M) | Time:00:00.07 | Sce: Scene Ve:26618 Fa:29419 La:1
Fra:1 Mem:20.75M (0.00M, Peak 27.06M) | Time:00:00.07 | Loading voxel datasets
Fra:1 Mem:20.75M (0.00M, Peak 27.06M) | Time:00:00.07 | Sce: Scene Ve:26618 Fa:29419 La:1
Fra:1 Mem:20.75M (0.00M, Peak 27.06M) | Time:00:00.07 | Sce: Scene Ve:26618 Fa:29419 La:1
Fra:1 Mem:20.75M (0.00M, Peak 27.06M) | Time:00:00.07 | Volume preprocessing
Fra:1 Mem:20.75M (0.00M, Peak 27.06M) | Time:00:00.07 | Sce: Scene Ve:26618 Fa:29419 La:1
Fra:1 Mem:20.75M (0.00M, Peak 27.06M) | Time:00:00.07 | Sce: Scene Ve:26618 Fa:29419 La:1
Fra:1 Mem:24.82M (0.00M, Peak 27.06M) | Time:00:00.07 | Scene, Part 3-4
Fra:1 Mem:24.78M (0.00M, Peak 27.06M) | Time:00:00.08 | Scene, Part 4-4
Fra:1 Mem:23.85M (0.00M, Peak 27.06M) | Time:00:00.08 | Scene, Part 2-4
Fra:1 Mem:22.00M (0.00M, Peak 27.06M) | Time:00:00.08 | Scene, Part 1-4
Fra:1 Mem:12.77M (0.00M, Peak 27.06M) | Time:00:00.09 | Sce: Scene Ve:26618 Fa:29419 La:1
Saved: '/tmp/tmpw8fcbn5c.png'
 Time: 00:00.10 (Saving: 00:00.01)

Fra:1 Mem:12.80M (0.00M, Peak 13.40M) | Time:00:00.04 | Mem:0.00M, Peak:0.00M | Scene, RenderLayer | Synchronizing object | Area
Fra:1 Mem:12.80M (0.00M, Peak 13.40M) | Time:00:00.04 | Mem:0.00M, Peak:0.00M | Scene, RenderLayer | Synchronizing object | Ground
Fra:1 Mem:12.87M (0.00M, Peak 13.40M) | Time:00:00.04 | Mem:0.00M, Peak:0.00M | Scene, RenderLayer | Synchronizing object | Empty
Fra:1 Mem:12.87M (0.00M, Peak 13.40M) | Time:00:00.04 | Mem:0.00M, Peak:0.00M | Scene, RenderLayer | Synchronizing object | Lamp_Back
Fra:1 Mem:12.87M (0.00M, Peak 13.40M) | Time:00:00.04 | Mem:0.00M, Peak:0.00M | Scene, RenderLayer | Synchronizing object | Lamp_Fill
Fra:1 Mem:12.87M (0.00M, Peak 13.40M) | Time:00:00.04 | Mem:0.00M, Peak:0.00M | Scene, RenderLayer | Synchronizing object | Lamp_Key
Fra:1 Mem:12.87M (0.00M, Peak 13.40M) | Time:00:00.04 | Mem:0.00M, Peak:0.00M | Scene, RenderLayer | Synchronizing object | Camera
Fra:1 Mem:12.87M (0.00M, Peak 13.40M) | Time:00:00.04 | Mem:0.00M, Peak:0.00M | Scene, RenderLayer | Synchronizing object | Sphere_0
Fra:1 Mem:14.37M (0.00M, Peak 15.81M) | Time:00:00.05 | Mem:0.00M, Peak:0.00M | Scene, RenderLayer | Synchronizing object | SmoothCube_v2_0
Fra:1 Mem:14.73M (0.00M, Peak 15.81M) | Time:00:00.05 | Mem:0.00M, Peak:0.00M | Scene, RenderLayer | Synchronizing object | SmoothCube_v2_1
Fra:1 Mem:15.04M (0.00M, Peak 15.81M) | Time:00:00.05 | Mem:0.00M, Peak:0.00M | Scene, RenderLayer | Synchronizing object | SmoothCube_v2_2
Fra:1 Mem:15.41M (0.00M, Peak 15.81M) | Time:00:00.05 | Mem:0.00M, Peak:0.00M | Scene, RenderLayer | Initializing
Fra:1 Mem:15.41M (0.00M, Peak 15.81M) | Time:00:00.05 | Mem:0.00M, Peak:0.00M | Scene, RenderLayer | Loading render kernels (may take a few minutes the first time)
Fra:1 Mem:15.41M (0.00M, Peak 18.11M) | Time:00:00.07 | Mem:0.00M, Peak:0.00M | Scene, RenderLayer | Waiting for render to start
Fra:1 Mem:15.41M (0.00M, Peak 18.11M) | Time:00:00.07 | Mem:0.00M, Peak:0.00M | Scene, RenderLayer | Updating Scene
Fra:1 Mem:15.41M (0.00M, Peak 18.11M) | Time:00:00.07 | Mem:0.00M, Peak:0.00M | Scene, RenderLayer | Updating Shaders
Fra:1 Mem:15.66M (0.00M, Peak 18.11M) | Time:00:00.07 | Mem:0.00M, Peak:0.00M | Scene, RenderLayer | Updating Background
Fra:1 Mem:15.66M (0.00M, Peak 18.11M) | Time:00:00.07 | Mem:0.00M, Peak:0.00M | Scene, RenderLayer | Updating Camera
Fra:1 Mem:15.66M (0.00M, Peak 18.11M) | Time:00:00.07 | Mem:0.00M, Peak:0.00M | Scene, RenderLayer | Updating Meshes Flags
Fra:1 Mem:15.66M (0.00M, Peak 18.11M) | Time:00:00.07 | Mem:0.00M, Peak:0.00M | Scene, RenderLayer | Updating Objects
Fra:1 Mem:15.66M (0.00M, Peak 18.11M) | Time:00:00.07 | Mem:0.00M, Peak:0.00M | Scene, RenderLayer | Updating Objects | Copying Transformations to device
Fra:1 Mem:15.66M (0.00M, Peak 18.11M) | Time:00:00.07 | Mem:0.00M, Peak:0.00M | Scene, RenderLayer | Updating Objects | Applying Static Transformations
Fra:1 Mem:15.66M (0.00M, Peak 18.11M) | Time:00:00.07 | Mem:0.00M, Peak:0.00M | Scene, RenderLayer | Updating Meshes
Fra:1 Mem:16.50M (0.00M, Peak 18.11M) | Time:00:00.07 | Mem:0.00M, Peak:0.00M | Scene, RenderLayer | Updating Mesh | Computing attributes
Fra:1 Mem:16.84M (0.00M, Peak 18.11M) | Time:00:00.07 | Mem:0.00M, Peak:0.00M | Scene, RenderLayer | Updating Mesh | Copying Attributes to device
Fra:1 Mem:16.84M (0.00M, Peak 18.11M) | Time:00:00.07 | Mem:0.35M, Peak:0.35M | Scene, RenderLayer | Updating Scene BVH | Building
Fra:1 Mem:16.84M (0.00M, Peak 18.11M) | Time:00:00.07 | Mem:0.35M, Peak:0.35M | Scene, RenderLayer | Updating Scene BVH | Building BVH
Fra:1 Mem:19.98M (0.00M, Peak 19.98M) | Time:00:00.11 | Mem:0.35M, Peak:0.35M | Scene, RenderLayer | Updating Scene BVH | Packing BVH triangles and strands
Fra:1 Mem:22.90M (0.00M, Peak 22.90M) | Time:00:00.11 | Mem:0.35M, Peak:0.35M | Scene, RenderLayer | Updating Scene BVH | Packing BVH nodes
Fra:1 Mem:21.21M (0.00M, Peak 23.72M) | Time:00:00.12 | Mem:0.35M, Peak:0.35M | Scene, RenderLayer | Updating Scene BVH | Copying BVH to device
Fra:1 Mem:21.42M (0.00M, Peak 23.72M) | Time:00:00.12 | Mem:4.72M, Peak:4.72M | Scene, RenderLayer | Updating Mesh | Computing normals
Fra:1 Mem:23.31M (0.00M, Peak 23.72M) | Time:00:00.12 | Mem:4.72M, Peak:4.72M | Scene, RenderLayer | Updating Mesh | Copying Mesh to device
Fra:1 Mem:23.10M (0.00M, Peak 23.72M) | Time:00:00.12 | Mem:6.61M, Peak:6.61M | Scene, RenderLayer | Updating Objects Flags
Fra:1 Mem:23.10M (0.00M, Peak 23.72M) | Time:00:00.12 | Mem:6.61M, Peak:6.61M | Scene, RenderLayer | Updating Images
Fra:1 Mem:23.10M (0.00M, Peak 23.72M) | Time:00:00.12 | Mem:6.61M, Peak:6.61M | Scene, RenderLayer | Updating Camera Volume
Fra:1 Mem:23.10M (0.00M, Peak 23.72M) | Time:00:00.12 | Mem:6.61M, Peak:6.61M | Scene, RenderLayer | Updating Hair Systems
Fra:1 Mem:23.10M (0.00M, Peak 23.72M) | Time:00:00.12 | Mem:6.61M, Peak:6.61M | Scene, RenderLayer | Updating Hair settings | Copying Hair settings to device
Fra:1 Mem:23.10M (0.00M, Peak 23.72M) | Time:00:00.12 | Mem:6.61M, Peak:6.61M | Scene, RenderLayer | Updating Lookup Tables
Fra:1 Mem:23.10M (0.00M, Peak 23.72M) | Time:00:00.12 | Mem:6.86M, Peak:6.86M | Scene, RenderLayer | Updating Lights
Fra:1 Mem:23.10M (0.00M, Peak 23.72M) | Time:00:00.12 | Mem:6.86M, Peak:6.86M | Scene, RenderLayer | Updating Lights | Computing distribution
Fra:1 Mem:23.10M (0.00M, Peak 23.72M) | Time:00:00.12 | Mem:6.86M, Peak:6.86M | Scene, RenderLayer | Updating Particle Systems
Fra:1 Mem:23.10M (0.00M, Peak 23.72M) | Time:00:00.12 | Mem:6.86M, Peak:6.86M | Scene, RenderLayer | Updating Particle Systems | Copying Particles to device
Fra:1 Mem:23.10M (0.00M, Peak 23.72M) | Time:00:00.12 | Mem:6.86M, Peak:6.86M | Scene, RenderLayer | Updating Integrator
Fra:1 Mem:23.14M (0.00M, Peak 23.72M) | Time:00:00.12 | Mem:6.90M, Peak:6.90M | Scene, RenderLayer | Updating Film
Fra:1 Mem:23.14M (0.00M, Peak 23.72M) | Time:00:00.12 | Mem:6.90M, Peak:6.90M | Scene, RenderLayer | Updating Lookup Tables
Fra:1 Mem:23.14M (0.00M, Peak 23.72M) | Time:00:00.12 | Mem:6.90M, Peak:6.90M | Scene, RenderLayer | Updating Baking
Fra:1 Mem:23.14M (0.00M, Peak 23.72M) | Time:00:00.12 | Mem:6.90M, Peak:6.90M | Scene, RenderLayer | Updating Device | Writing constant memory
Fra:1 Mem:23.14M (0.00M, Peak 23.72M) | Time:00:00.12 | Mem:6.90M, Peak:6.90M | Scene, RenderLayer | Path Tracing Tile 0/4, Sample 0/512
Fra:1 Mem:25.39M (0.00M, Peak 26.64M) | Time:00:00.12 | Mem:9.15M, Peak:9.15M | Scene, RenderLayer | Path Tracing Tile 1/4, Sample 0/512
Fra:1 Mem:25.39M (0.00M, Peak 27.64M) | Time:00:01.13 | Remaining:00:11.04 | Mem:9.15M, Peak:9.15M | Scene, RenderLayer | Path Tracing Tile 1/4, Sample 100/512
Fra:1 Mem:25.39M (0.00M, Peak 27.64M) | Time:00:02.13 | Remaining:00:10.00 | Mem:9.15M, Peak:9.15M | Scene, RenderLayer | Path Tracing Tile 1/4, Sample 201/512
Fra:1 Mem:25.39M (0.00M, Peak 27.64M) | Time:00:03.14 | Remaining:00:08.98 | Mem:9.15M, Peak:9.15M | Scene, RenderLayer | Path Tracing Tile 1/4, Sample 302/512
Fra:1 Mem:25.39M (0.00M, Peak 27.64M) | Time:00:04.15 | Remaining:00:07.96 | Mem:9.15M, Peak:9.15M | Scene, RenderLayer | Path Tracing Tile 1/4, Sample 403/512
Fra:1 Mem:25.39M (0.00M, Peak 27.64M) | Time:00:05.16 | Remaining:00:06.97 | Mem:9.15M, Peak:9.15M | Scene, RenderLayer | Path Tracing Tile 1/4, Sample 503/512
Fra:1 Mem:23.14M (0.00M, Peak 27.64M) | Time:00:05.25 | Remaining:00:06.89 | Mem:6.90M, Peak:9.15M | Scene, RenderLayer | Path Tracing Tile 1/4, Sample 512/512
Fra:1 Mem:25.11M (0.00M, Peak 27.64M) | Time:00:05.25 | Remaining:00:06.89 | Mem:8.87M, Peak:9.15M | Scene, RenderLayer | Path Tracing Tile 2/4, Sample 512/512
Fra:1 Mem:25.11M (0.00M, Peak 27.64M) | Time:00:06.16 | Remaining:00:05.84 | Mem:8.87M, Peak:9.15M | Scene, RenderLayer | Path Tracing Tile 2/4, Sample 112/512
Fra:1 Mem:25.11M (0.00M, Peak 27.64M) | Time:00:07.17 | Remaining:00:04.72 | Mem:8.87M, Peak:9.15M | Scene, RenderLayer | Path Tracing Tile 2/4, Sample 236/512
Fra:1 Mem:25.11M (0.00M, Peak 27.64M) | Time:00:08.18 | Remaining:00:03.64 | Mem:8.87M, Peak:9.15M | Scene, RenderLayer | Path Tracing Tile 2/4, Sample 359/512
Fra:1 Mem:25.11M (0.00M, Peak 27.64M) | Time:00:09.18 | Remaining:00:02.59 | Mem:8.87M, Peak:9.15M | Scene, RenderLayer | Path Tracing Tile 2/4, Sample 481/512
Fra:1 Mem:23.14M (0.00M, Peak 27.64M) | Time:00:09.44 | Remaining:00:02.32 | Mem:6.90M, Peak:9.15M | Scene, RenderLayer | Path Tracing Tile 2/4, Sample 512/512
Fra:1 Mem:23.71M (0.00M, Peak 27.64M) | Time:00:09.44 | Remaining:00:02.32 | Mem:7.46M, Peak:9.15M | Scene, RenderLayer | Path Tracing Tile 3/4, Sample 512/512
Fra:1 Mem:23.71M (0.00M, Peak 27.64M) | Time:00:10.18 | Remaining:00:01.95 | Mem:7.46M, Peak:9.15M | Scene, RenderLayer | Path Tracing Tile 3/4, Sample 178/512
Fra:1 Mem:23.71M (0.00M, Peak 27.64M) | Time:00:11.18 | Remaining:00:01.41 | Mem:7.46M, Peak:9.15M | Scene, RenderLayer | Path Tracing Tile 3/4, Sample 417/512
Fra:1 Mem:23.14M (0.00M, Peak 27.64M) | Time:00:11.59 | Remaining:00:01.18 | Mem:6.90M, Peak:9.15M | Scene, RenderLayer | Path Tracing Tile 3/4, Sample 512/512
Fra:1 Mem:23.64M (0.00M, Peak 27.64M) | Time:00:11.59 | Remaining:00:01.18 | Mem:7.39M, Peak:9.15M | Scene, RenderLayer | Path Tracing Tile 4/4, Sample 512/512
Fra:1 Mem:23.64M (0.00M, Peak 27.64M) | Time:00:12.19 | Remaining:00:00.83 | Mem:7.39M, Peak:9.15M | Scene, RenderLayer | Path Tracing Tile 4/4, Sample 156/512
Fra:1 Mem:23.64M (0.00M, Peak 27.64M) | Time:00:13.19 | Remaining:00:00.23 | Mem:7.39M, Peak:9.15M | Scene, RenderLayer | Path Tracing Tile 4/4, Sample 414/512
Fra:1 Mem:23.14M (0.00M, Peak 27.64M) | Time:00:13.57 | Mem:6.90M, Peak:9.15M | Scene, RenderLayer | Path Tracing Tile 4/4, Sample 512/512
Fra:1 Mem:23.14M (0.00M, Peak 27.64M) | Time:00:13.57 | Mem:6.90M, Peak:9.15M | Scene, RenderLayer | Finished
Fra:1 Mem:12.80M (0.00M, Peak 27.64M) | Time:00:13.65 | Sce: Scene Ve:0 Fa:0 La:0
Saved: 'data/clevr-cleaned-variants/threepack/fovariant-2/render/images/CLEVR_val_000003.png'
 Time: 00:13.69 (Saving: 00:00.03)

read blend: /home/ubuntu/vdp/data/clevr_scene_data/base_scene.blend
convertViewVec: called in an invalid context
convertViewVec: called in an invalid context
convertViewVec: called in an invalid context
convertViewVec: called in an invalid context
Fra:1 Mem:15.23M (0.00M, Peak 15.23M) | Time:00:00.00 | Preparing Scene data
Fra:1 Mem:21.36M (0.00M, Peak 22.83M) | Time:00:00.01 | Preparing Scene data
Fra:1 Mem:21.36M (0.00M, Peak 22.83M) | Time:00:00.01 | Creating Shadowbuffers
Fra:1 Mem:21.36M (0.00M, Peak 22.83M) | Time:00:00.01 | Raytree.. preparing
Fra:1 Mem:27.82M (0.00M, Peak 27.82M) | Time:00:00.01 | Raytree.. building
Fra:1 Mem:27.48M (0.00M, Peak 37.56M) | Time:00:00.12 | Raytree finished
Fra:1 Mem:27.48M (0.00M, Peak 37.56M) | Time:00:00.12 | Creating Environment maps
Fra:1 Mem:27.48M (0.00M, Peak 37.56M) | Time:00:00.12 | Caching Point Densities
Fra:1 Mem:27.48M (0.00M, Peak 37.56M) | Time:00:00.12 | Sce: Scene Ve:46586 Fa:47006 La:1
Fra:1 Mem:27.48M (0.00M, Peak 37.56M) | Time:00:00.12 | Loading voxel datasets
Fra:1 Mem:27.48M (0.00M, Peak 37.56M) | Time:00:00.12 | Sce: Scene Ve:46586 Fa:47006 La:1
Fra:1 Mem:27.48M (0.00M, Peak 37.56M) | Time:00:00.12 | Sce: Scene Ve:46586 Fa:47006 La:1
Fra:1 Mem:27.48M (0.00M, Peak 37.56M) | Time:00:00.12 | Volume preprocessing
Fra:1 Mem:27.48M (0.00M, Peak 37.56M) | Time:00:00.12 | Sce: Scene Ve:46586 Fa:47006 La:1
Fra:1 Mem:27.48M (0.00M, Peak 37.56M) | Time:00:00.12 | Sce: Scene Ve:46586 Fa:47006 La:1
Fra:1 Mem:31.56M (0.00M, Peak 37.56M) | Time:00:00.12 | Scene, Part 3-4
Fra:1 Mem:31.51M (0.00M, Peak 37.56M) | Time:00:00.12 | Scene, Part 4-4
Fra:1 Mem:30.49M (0.00M, Peak 37.56M) | Time:00:00.13 | Scene, Part 1-4
Fra:1 Mem:28.58M (0.00M, Peak 37.56M) | Time:00:00.13 | Scene, Part 2-4
Fra:1 Mem:15.08M (0.00M, Peak 37.56M) | Time:00:00.13 | Sce: Scene Ve:46586 Fa:47006 La:1
Saved: '/tmp/tmpvbrvghiu.png'
 Time: 00:00.15 (Saving: 00:00.01)

Fra:1 Mem:15.11M (0.00M, Peak 15.71M) | Time:00:00.05 | Mem:0.00M, Peak:0.00M | Scene, RenderLayer | Synchronizing object | Area
Fra:1 Mem:15.11M (0.00M, Peak 15.71M) | Time:00:00.05 | Mem:0.00M, Peak:0.00M | Scene, RenderLayer | Synchronizing object | Ground
Fra:1 Mem:15.18M (0.00M, Peak 15.71M) | Time:00:00.05 | Mem:0.00M, Peak:0.00M | Scene, RenderLayer | Synchronizing object | Empty
Fra:1 Mem:15.18M (0.00M, Peak 15.71M) | Time:00:00.05 | Mem:0.00M, Peak:0.00M | Scene, RenderLayer | Synchronizing object | Lamp_Back
Fra:1 Mem:15.18M (0.00M, Peak 15.71M) | Time:00:00.05 | Mem:0.00M, Peak:0.00M | Scene, RenderLayer | Synchronizing object | Lamp_Fill
Fra:1 Mem:15.18M (0.00M, Peak 15.71M) | Time:00:00.05 | Mem:0.00M, Peak:0.00M | Scene, RenderLayer | Synchronizing object | Lamp_Key
Fra:1 Mem:15.18M (0.00M, Peak 15.71M) | Time:00:00.05 | Mem:0.00M, Peak:0.00M | Scene, RenderLayer | Synchronizing object | Camera
Fra:1 Mem:15.18M (0.00M, Peak 15.71M) | Time:00:00.05 | Mem:0.00M, Peak:0.00M | Scene, RenderLayer | Synchronizing object | SmoothCube_v2_0
Fra:1 Mem:15.49M (0.00M, Peak 15.86M) | Time:00:00.05 | Mem:0.00M, Peak:0.00M | Scene, RenderLayer | Synchronizing object | SmoothCube_v2_1
Fra:1 Mem:15.85M (0.00M, Peak 16.21M) | Time:00:00.05 | Mem:0.00M, Peak:0.00M | Scene, RenderLayer | Synchronizing object | SmoothCylinder_0
Fra:1 Mem:19.18M (0.00M, Peak 22.26M) | Time:00:00.06 | Mem:0.00M, Peak:0.00M | Scene, RenderLayer | Synchronizing object | SmoothCube_v2_2
Fra:1 Mem:19.48M (0.00M, Peak 22.26M) | Time:00:00.06 | Mem:0.00M, Peak:0.00M | Scene, RenderLayer | Initializing
Fra:1 Mem:19.48M (0.00M, Peak 22.26M) | Time:00:00.06 | Mem:0.00M, Peak:0.00M | Scene, RenderLayer | Loading render kernels (may take a few minutes the first time)
Fra:1 Mem:19.48M (0.00M, Peak 22.26M) | Time:00:00.08 | Mem:0.00M, Peak:0.00M | Scene, RenderLayer | Waiting for render to start
Fra:1 Mem:19.48M (0.00M, Peak 22.26M) | Time:00:00.08 | Mem:0.00M, Peak:0.00M | Scene, RenderLayer | Updating Scene
Fra:1 Mem:19.48M (0.00M, Peak 22.26M) | Time:00:00.08 | Mem:0.00M, Peak:0.00M | Scene, RenderLayer | Updating Shaders
Fra:1 Mem:19.74M (0.00M, Peak 22.26M) | Time:00:00.08 | Mem:0.00M, Peak:0.00M | Scene, RenderLayer | Updating Background
Fra:1 Mem:19.74M (0.00M, Peak 22.26M) | Time:00:00.08 | Mem:0.00M, Peak:0.00M | Scene, RenderLayer | Updating Camera
Fra:1 Mem:19.74M (0.00M, Peak 22.26M) | Time:00:00.08 | Mem:0.00M, Peak:0.00M | Scene, RenderLayer | Updating Meshes Flags
Fra:1 Mem:19.74M (0.00M, Peak 22.26M) | Time:00:00.08 | Mem:0.00M, Peak:0.00M | Scene, RenderLayer | Updating Objects
Fra:1 Mem:19.74M (0.00M, Peak 22.26M) | Time:00:00.08 | Mem:0.00M, Peak:0.00M | Scene, RenderLayer | Updating Objects | Copying Transformations to device
Fra:1 Mem:19.74M (0.00M, Peak 22.26M) | Time:00:00.08 | Mem:0.00M, Peak:0.00M | Scene, RenderLayer | Updating Objects | Applying Static Transformations
Fra:1 Mem:19.74M (0.00M, Peak 22.26M) | Time:00:00.08 | Mem:0.00M, Peak:0.00M | Scene, RenderLayer | Updating Meshes
Fra:1 Mem:21.11M (0.00M, Peak 22.26M) | Time:00:00.08 | Mem:0.00M, Peak:0.00M | Scene, RenderLayer | Updating Mesh | Computing attributes
Fra:1 Mem:21.71M (0.00M, Peak 22.26M) | Time:00:00.08 | Mem:0.00M, Peak:0.00M | Scene, RenderLayer | Updating Mesh | Copying Attributes to device
Fra:1 Mem:21.71M (0.00M, Peak 22.31M) | Time:00:00.08 | Mem:0.60M, Peak:0.60M | Scene, RenderLayer | Updating Scene BVH | Building
Fra:1 Mem:21.71M (0.00M, Peak 22.31M) | Time:00:00.08 | Mem:0.60M, Peak:0.60M | Scene, RenderLayer | Updating Scene BVH | Building BVH
Fra:1 Mem:26.86M (0.00M, Peak 26.86M) | Time:00:00.15 | Mem:0.60M, Peak:0.60M | Scene, RenderLayer | Updating Scene BVH | Packing BVH triangles and strands
Fra:1 Mem:31.67M (0.00M, Peak 31.67M) | Time:00:00.15 | Mem:0.60M, Peak:0.60M | Scene, RenderLayer | Updating Scene BVH | Packing BVH nodes
Fra:1 Mem:29.00M (0.00M, Peak 33.13M) | Time:00:00.16 | Mem:0.60M, Peak:0.60M | Scene, RenderLayer | Updating Scene BVH | Copying BVH to device
Fra:1 Mem:29.35M (0.00M, Peak 33.13M) | Time:00:00.16 | Mem:7.90M, Peak:7.90M | Scene, RenderLayer | Updating Mesh | Computing normals
Fra:1 Mem:32.50M (0.00M, Peak 33.13M) | Time:00:00.17 | Mem:7.90M, Peak:7.90M | Scene, RenderLayer | Updating Mesh | Copying Mesh to device
Fra:1 Mem:32.15M (0.00M, Peak 33.13M) | Time:00:00.17 | Mem:11.04M, Peak:11.04M | Scene, RenderLayer | Updating Objects Flags
Fra:1 Mem:32.15M (0.00M, Peak 33.13M) | Time:00:00.17 | Mem:11.04M, Peak:11.04M | Scene, RenderLayer | Updating Images
Fra:1 Mem:32.15M (0.00M, Peak 33.13M) | Time:00:00.17 | Mem:11.04M, Peak:11.04M | Scene, RenderLayer | Updating Camera Volume
Fra:1 Mem:32.15M (0.00M, Peak 33.13M) | Time:00:00.17 | Mem:11.04M, Peak:11.04M | Scene, RenderLayer | Updating Hair Systems
Fra:1 Mem:32.15M (0.00M, Peak 33.13M) | Time:00:00.17 | Mem:11.04M, Peak:11.04M | Scene, RenderLayer | Updating Hair settings | Copying Hair settings to device
Fra:1 Mem:32.15M (0.00M, Peak 33.13M) | Time:00:00.17 | Mem:11.04M, Peak:11.04M | Scene, RenderLayer | Updating Lookup Tables
Fra:1 Mem:32.15M (0.00M, Peak 33.13M) | Time:00:00.17 | Mem:11.29M, Peak:11.29M | Scene, RenderLayer | Updating Lights
Fra:1 Mem:32.15M (0.00M, Peak 33.13M) | Time:00:00.17 | Mem:11.30M, Peak:11.30M | Scene, RenderLayer | Updating Lights | Computing distribution
Fra:1 Mem:32.15M (0.00M, Peak 33.13M) | Time:00:00.17 | Mem:11.30M, Peak:11.30M | Scene, RenderLayer | Updating Particle Systems
Fra:1 Mem:32.15M (0.00M, Peak 33.13M) | Time:00:00.17 | Mem:11.30M, Peak:11.30M | Scene, RenderLayer | Updating Particle Systems | Copying Particles to device
Fra:1 Mem:32.15M (0.00M, Peak 33.13M) | Time:00:00.17 | Mem:11.30M, Peak:11.30M | Scene, RenderLayer | Updating Integrator
Fra:1 Mem:32.19M (0.00M, Peak 33.13M) | Time:00:00.17 | Mem:11.34M, Peak:11.34M | Scene, RenderLayer | Updating Film
Fra:1 Mem:32.20M (0.00M, Peak 33.13M) | Time:00:00.17 | Mem:11.34M, Peak:11.34M | Scene, RenderLayer | Updating Lookup Tables
Fra:1 Mem:32.20M (0.00M, Peak 33.13M) | Time:00:00.17 | Mem:11.34M, Peak:11.34M | Scene, RenderLayer | Updating Baking
Fra:1 Mem:32.20M (0.00M, Peak 33.13M) | Time:00:00.17 | Mem:11.34M, Peak:11.34M | Scene, RenderLayer | Updating Device | Writing constant memory
Fra:1 Mem:32.20M (0.00M, Peak 33.13M) | Time:00:00.17 | Mem:11.34M, Peak:11.34M | Scene, RenderLayer | Path Tracing Tile 0/4, Sample 0/512
Fra:1 Mem:34.45M (0.00M, Peak 35.70M) | Time:00:00.17 | Mem:13.59M, Peak:13.59M | Scene, RenderLayer | Path Tracing Tile 1/4, Sample 0/512
Fra:1 Mem:34.45M (0.00M, Peak 36.70M) | Time:00:01.18 | Remaining:00:12.48 | Mem:13.59M, Peak:13.59M | Scene, RenderLayer | Path Tracing Tile 1/4, Sample 90/512
Fra:1 Mem:34.45M (0.00M, Peak 36.70M) | Time:00:02.19 | Remaining:00:11.45 | Mem:13.59M, Peak:13.59M | Scene, RenderLayer | Path Tracing Tile 1/4, Sample 180/512
Fra:1 Mem:34.45M (0.00M, Peak 36.70M) | Time:00:03.20 | Remaining:00:10.44 | Mem:13.59M, Peak:13.59M | Scene, RenderLayer | Path Tracing Tile 1/4, Sample 270/512
Fra:1 Mem:34.45M (0.00M, Peak 36.70M) | Time:00:04.21 | Remaining:00:09.43 | Mem:13.59M, Peak:13.59M | Scene, RenderLayer | Path Tracing Tile 1/4, Sample 360/512
Fra:1 Mem:34.45M (0.00M, Peak 36.70M) | Time:00:05.22 | Remaining:00:08.44 | Mem:13.59M, Peak:13.59M | Scene, RenderLayer | Path Tracing Tile 1/4, Sample 449/512
Fra:1 Mem:32.20M (0.00M, Peak 36.70M) | Time:00:05.93 | Remaining:00:07.73 | Mem:11.34M, Peak:13.59M | Scene, RenderLayer | Path Tracing Tile 1/4, Sample 512/512
Fra:1 Mem:34.17M (0.00M, Peak 36.70M) | Time:00:05.93 | Remaining:00:07.74 | Mem:13.31M, Peak:13.59M | Scene, RenderLayer | Path Tracing Tile 2/4, Sample 512/512
Fra:1 Mem:34.17M (0.00M, Peak 36.70M) | Time:00:06.22 | Remaining:00:07.39 | Mem:13.31M, Peak:13.59M | Scene, RenderLayer | Path Tracing Tile 2/4, Sample 32/512
Fra:1 Mem:34.17M (0.00M, Peak 36.70M) | Time:00:07.22 | Remaining:00:06.24 | Mem:13.31M, Peak:13.59M | Scene, RenderLayer | Path Tracing Tile 2/4, Sample 142/512
Fra:1 Mem:34.17M (0.00M, Peak 36.70M) | Time:00:08.23 | Remaining:00:05.12 | Mem:13.31M, Peak:13.59M | Scene, RenderLayer | Path Tracing Tile 2/4, Sample 253/512
Fra:1 Mem:34.17M (0.00M, Peak 36.70M) | Time:00:09.24 | Remaining:00:04.04 | Mem:13.31M, Peak:13.59M | Scene, RenderLayer | Path Tracing Tile 2/4, Sample 363/512
Fra:1 Mem:34.17M (0.00M, Peak 36.70M) | Time:00:10.24 | Remaining:00:02.99 | Mem:13.31M, Peak:13.59M | Scene, RenderLayer | Path Tracing Tile 2/4, Sample 472/512
Fra:1 Mem:32.20M (0.00M, Peak 36.70M) | Time:00:10.61 | Remaining:00:02.60 | Mem:11.34M, Peak:13.59M | Scene, RenderLayer | Path Tracing Tile 2/4, Sample 512/512
Fra:1 Mem:32.76M (0.00M, Peak 36.70M) | Time:00:10.61 | Remaining:00:02.60 | Mem:11.90M, Peak:13.59M | Scene, RenderLayer | Path Tracing Tile 3/4, Sample 512/512
Fra:1 Mem:32.76M (0.00M, Peak 36.70M) | Time:00:11.23 | Remaining:00:02.25 | Mem:11.90M, Peak:13.59M | Scene, RenderLayer | Path Tracing Tile 3/4, Sample 147/512
Fra:1 Mem:32.76M (0.00M, Peak 36.70M) | Time:00:12.24 | Remaining:00:01.65 | Mem:11.90M, Peak:13.59M | Scene, RenderLayer | Path Tracing Tile 3/4, Sample 381/512
Fra:1 Mem:32.20M (0.00M, Peak 36.70M) | Time:00:12.81 | Remaining:00:01.30 | Mem:11.34M, Peak:13.59M | Scene, RenderLayer | Path Tracing Tile 3/4, Sample 512/512
Fra:1 Mem:32.69M (0.00M, Peak 36.70M) | Time:00:12.81 | Remaining:00:01.30 | Mem:11.83M, Peak:13.59M | Scene, RenderLayer | Path Tracing Tile 4/4, Sample 512/512
Fra:1 Mem:32.69M (0.00M, Peak 36.70M) | Time:00:13.24 | Remaining:00:01.03 | Mem:11.83M, Peak:13.59M | Scene, RenderLayer | Path Tracing Tile 4/4, Sample 109/512
Fra:1 Mem:32.69M (0.00M, Peak 36.70M) | Time:00:14.24 | Remaining:00:00.40 | Mem:11.83M, Peak:13.59M | Scene, RenderLayer | Path Tracing Tile 4/4, Sample 359/512
Fra:1 Mem:32.20M (0.00M, Peak 36.70M) | Time:00:14.86 | Mem:11.34M, Peak:13.59M | Scene, RenderLayer | Path Tracing Tile 4/4, Sample 512/512
Fra:1 Mem:32.20M (0.00M, Peak 36.70M) | Time:00:14.86 | Mem:11.34M, Peak:13.59M | Scene, RenderLayer | Finished
Fra:1 Mem:15.11M (0.00M, Peak 36.70M) | Time:00:14.94 | Sce: Scene Ve:0 Fa:0 La:0
Saved: 'data/clevr-cleaned-variants/threepack/fovariant-2/render/images/CLEVR_val_000004.png'
 Time: 00:14.98 (Saving: 00:00.03)

read blend: /home/ubuntu/vdp/data/clevr_scene_data/base_scene.blend
convertViewVec: called in an invalid context
convertViewVec: called in an invalid context
convertViewVec: called in an invalid context
convertViewVec: called in an invalid context
Fra:1 Mem:15.24M (0.00M, Peak 15.24M) | Time:00:00.00 | Preparing Scene data
Fra:1 Mem:21.37M (0.00M, Peak 23.52M) | Time:00:00.01 | Preparing Scene data
Fra:1 Mem:21.37M (0.00M, Peak 23.52M) | Time:00:00.01 | Creating Shadowbuffers
Fra:1 Mem:21.37M (0.00M, Peak 23.52M) | Time:00:00.01 | Raytree.. preparing
Fra:1 Mem:27.82M (0.00M, Peak 27.82M) | Time:00:00.01 | Raytree.. building
Fra:1 Mem:27.49M (0.00M, Peak 37.56M) | Time:00:00.11 | Raytree finished
Fra:1 Mem:27.49M (0.00M, Peak 37.56M) | Time:00:00.11 | Creating Environment maps
Fra:1 Mem:27.49M (0.00M, Peak 37.56M) | Time:00:00.11 | Caching Point Densities
Fra:1 Mem:27.49M (0.00M, Peak 37.56M) | Time:00:00.11 | Sce: Scene Ve:46586 Fa:47002 La:1
Fra:1 Mem:27.49M (0.00M, Peak 37.56M) | Time:00:00.11 | Loading voxel datasets
Fra:1 Mem:27.49M (0.00M, Peak 37.56M) | Time:00:00.11 | Sce: Scene Ve:46586 Fa:47002 La:1
Fra:1 Mem:27.49M (0.00M, Peak 37.56M) | Time:00:00.11 | Sce: Scene Ve:46586 Fa:47002 La:1
Fra:1 Mem:27.49M (0.00M, Peak 37.56M) | Time:00:00.11 | Volume preprocessing
Fra:1 Mem:27.49M (0.00M, Peak 37.56M) | Time:00:00.11 | Sce: Scene Ve:46586 Fa:47002 La:1
Fra:1 Mem:27.49M (0.00M, Peak 37.56M) | Time:00:00.11 | Sce: Scene Ve:46586 Fa:47002 La:1
Fra:1 Mem:31.56M (0.00M, Peak 37.56M) | Time:00:00.12 | Scene, Part 3-4
Fra:1 Mem:31.52M (0.00M, Peak 37.56M) | Time:00:00.12 | Scene, Part 4-4
Fra:1 Mem:30.49M (0.00M, Peak 37.56M) | Time:00:00.12 | Scene, Part 1-4
Fra:1 Mem:28.59M (0.00M, Peak 37.56M) | Time:00:00.13 | Scene, Part 2-4
Fra:1 Mem:15.09M (0.00M, Peak 37.56M) | Time:00:00.13 | Sce: Scene Ve:46586 Fa:47002 La:1
Saved: '/tmp/tmphsev0ig6.png'
 Time: 00:00.14 (Saving: 00:00.01)

Fra:1 Mem:15.12M (0.00M, Peak 15.72M) | Time:00:00.04 | Mem:0.00M, Peak:0.00M | Scene, RenderLayer | Synchronizing object | Area
Fra:1 Mem:15.12M (0.00M, Peak 15.72M) | Time:00:00.04 | Mem:0.00M, Peak:0.00M | Scene, RenderLayer | Synchronizing object | Ground
Fra:1 Mem:15.19M (0.00M, Peak 15.72M) | Time:00:00.04 | Mem:0.00M, Peak:0.00M | Scene, RenderLayer | Synchronizing object | Empty
Fra:1 Mem:15.19M (0.00M, Peak 15.72M) | Time:00:00.04 | Mem:0.00M, Peak:0.00M | Scene, RenderLayer | Synchronizing object | Lamp_Back
Fra:1 Mem:15.19M (0.00M, Peak 15.72M) | Time:00:00.04 | Mem:0.00M, Peak:0.00M | Scene, RenderLayer | Synchronizing object | Lamp_Fill
Fra:1 Mem:15.19M (0.00M, Peak 15.72M) | Time:00:00.04 | Mem:0.00M, Peak:0.00M | Scene, RenderLayer | Synchronizing object | Lamp_Key
Fra:1 Mem:15.19M (0.00M, Peak 15.72M) | Time:00:00.04 | Mem:0.00M, Peak:0.00M | Scene, RenderLayer | Synchronizing object | Camera
Fra:1 Mem:15.19M (0.00M, Peak 15.72M) | Time:00:00.04 | Mem:0.00M, Peak:0.00M | Scene, RenderLayer | Synchronizing object | SmoothCube_v2_0
Fra:1 Mem:15.50M (0.00M, Peak 15.86M) | Time:00:00.05 | Mem:0.00M, Peak:0.00M | Scene, RenderLayer | Synchronizing object | SmoothCube_v2_1
Fra:1 Mem:15.80M (0.00M, Peak 16.17M) | Time:00:00.05 | Mem:0.00M, Peak:0.00M | Scene, RenderLayer | Synchronizing object | SmoothCube_v2_2
Fra:1 Mem:16.11M (0.00M, Peak 16.48M) | Time:00:00.05 | Mem:0.00M, Peak:0.00M | Scene, RenderLayer | Synchronizing object | SmoothCylinder_0
Fra:1 Mem:18.89M (0.00M, Peak 22.11M) | Time:00:00.06 | Mem:0.00M, Peak:0.00M | Scene, RenderLayer | Initializing
Fra:1 Mem:18.89M (0.00M, Peak 22.11M) | Time:00:00.06 | Mem:0.00M, Peak:0.00M | Scene, RenderLayer | Loading render kernels (may take a few minutes the first time)
Fra:1 Mem:18.89M (0.00M, Peak 22.11M) | Time:00:00.07 | Mem:0.00M, Peak:0.00M | Scene, RenderLayer | Waiting for render to start
Fra:1 Mem:18.89M (0.00M, Peak 22.11M) | Time:00:00.07 | Mem:0.00M, Peak:0.00M | Scene, RenderLayer | Updating Scene
Fra:1 Mem:18.89M (0.00M, Peak 22.11M) | Time:00:00.07 | Mem:0.00M, Peak:0.00M | Scene, RenderLayer | Updating Shaders
Fra:1 Mem:19.15M (0.00M, Peak 22.11M) | Time:00:00.07 | Mem:0.00M, Peak:0.00M | Scene, RenderLayer | Updating Background
Fra:1 Mem:19.15M (0.00M, Peak 22.11M) | Time:00:00.07 | Mem:0.00M, Peak:0.00M | Scene, RenderLayer | Updating Camera
Fra:1 Mem:19.15M (0.00M, Peak 22.11M) | Time:00:00.07 | Mem:0.00M, Peak:0.00M | Scene, RenderLayer | Updating Meshes Flags
Fra:1 Mem:19.15M (0.00M, Peak 22.11M) | Time:00:00.07 | Mem:0.00M, Peak:0.00M | Scene, RenderLayer | Updating Objects
Fra:1 Mem:19.15M (0.00M, Peak 22.11M) | Time:00:00.07 | Mem:0.00M, Peak:0.00M | Scene, RenderLayer | Updating Objects | Copying Transformations to device
Fra:1 Mem:19.15M (0.00M, Peak 22.11M) | Time:00:00.07 | Mem:0.00M, Peak:0.00M | Scene, RenderLayer | Updating Objects | Applying Static Transformations
Fra:1 Mem:19.15M (0.00M, Peak 22.11M) | Time:00:00.07 | Mem:0.00M, Peak:0.00M | Scene, RenderLayer | Updating Meshes
Fra:1 Mem:20.52M (0.00M, Peak 22.11M) | Time:00:00.08 | Mem:0.00M, Peak:0.00M | Scene, RenderLayer | Updating Mesh | Computing attributes
Fra:1 Mem:20.52M (0.00M, Peak 22.11M) | Time:00:00.08 | Mem:0.00M, Peak:0.00M | Scene, RenderLayer | Updating Mesh | Copying Attributes to device
Fra:1 Mem:20.52M (0.00M, Peak 22.11M) | Time:00:00.08 | Mem:0.00M, Peak:0.00M | Scene, RenderLayer | Updating Scene BVH | Building
Fra:1 Mem:20.52M (0.00M, Peak 22.11M) | Time:00:00.08 | Mem:0.00M, Peak:0.00M | Scene, RenderLayer | Updating Scene BVH | Building BVH
Fra:1 Mem:25.68M (0.00M, Peak 25.68M) | Time:00:00.15 | Mem:0.00M, Peak:0.00M | Scene, RenderLayer | Updating Scene BVH | Packing BVH triangles and strands
Fra:1 Mem:30.48M (0.00M, Peak 30.48M) | Time:00:00.15 | Mem:0.00M, Peak:0.00M | Scene, RenderLayer | Updating Scene BVH | Packing BVH nodes
Fra:1 Mem:27.82M (0.00M, Peak 31.94M) | Time:00:00.16 | Mem:0.00M, Peak:0.00M | Scene, RenderLayer | Updating Scene BVH | Copying BVH to device
Fra:1 Mem:28.16M (0.00M, Peak 31.94M) | Time:00:00.16 | Mem:7.30M, Peak:7.30M | Scene, RenderLayer | Updating Mesh | Computing normals
Fra:1 Mem:31.31M (0.00M, Peak 31.94M) | Time:00:00.16 | Mem:7.30M, Peak:7.30M | Scene, RenderLayer | Updating Mesh | Copying Mesh to device
Fra:1 Mem:30.97M (0.00M, Peak 31.94M) | Time:00:00.16 | Mem:10.45M, Peak:10.45M | Scene, RenderLayer | Updating Objects Flags
Fra:1 Mem:30.97M (0.00M, Peak 31.94M) | Time:00:00.16 | Mem:10.45M, Peak:10.45M | Scene, RenderLayer | Updating Images
Fra:1 Mem:30.97M (0.00M, Peak 31.94M) | Time:00:00.16 | Mem:10.45M, Peak:10.45M | Scene, RenderLayer | Updating Camera Volume
Fra:1 Mem:30.97M (0.00M, Peak 31.94M) | Time:00:00.16 | Mem:10.45M, Peak:10.45M | Scene, RenderLayer | Updating Hair Systems
Fra:1 Mem:30.97M (0.00M, Peak 31.94M) | Time:00:00.16 | Mem:10.45M, Peak:10.45M | Scene, RenderLayer | Updating Hair settings | Copying Hair settings to device
Fra:1 Mem:30.97M (0.00M, Peak 31.94M) | Time:00:00.16 | Mem:10.45M, Peak:10.45M | Scene, RenderLayer | Updating Lookup Tables
Fra:1 Mem:30.97M (0.00M, Peak 31.94M) | Time:00:00.16 | Mem:10.70M, Peak:10.70M | Scene, RenderLayer | Updating Lights
Fra:1 Mem:30.97M (0.00M, Peak 31.94M) | Time:00:00.16 | Mem:10.70M, Peak:10.70M | Scene, RenderLayer | Updating Lights | Computing distribution
Fra:1 Mem:30.97M (0.00M, Peak 31.94M) | Time:00:00.16 | Mem:10.70M, Peak:10.70M | Scene, RenderLayer | Updating Particle Systems
Fra:1 Mem:30.97M (0.00M, Peak 31.94M) | Time:00:00.16 | Mem:10.70M, Peak:10.70M | Scene, RenderLayer | Updating Particle Systems | Copying Particles to device
Fra:1 Mem:30.97M (0.00M, Peak 31.94M) | Time:00:00.16 | Mem:10.70M, Peak:10.70M | Scene, RenderLayer | Updating Integrator
Fra:1 Mem:31.01M (0.00M, Peak 31.94M) | Time:00:00.16 | Mem:10.74M, Peak:10.74M | Scene, RenderLayer | Updating Film
Fra:1 Mem:31.01M (0.00M, Peak 31.94M) | Time:00:00.16 | Mem:10.74M, Peak:10.74M | Scene, RenderLayer | Updating Lookup Tables
Fra:1 Mem:31.01M (0.00M, Peak 31.94M) | Time:00:00.17 | Mem:10.74M, Peak:10.74M | Scene, RenderLayer | Updating Baking
Fra:1 Mem:31.01M (0.00M, Peak 31.94M) | Time:00:00.17 | Mem:10.74M, Peak:10.74M | Scene, RenderLayer | Updating Device | Writing constant memory
Fra:1 Mem:31.01M (0.00M, Peak 31.94M) | Time:00:00.17 | Mem:10.74M, Peak:10.74M | Scene, RenderLayer | Path Tracing Tile 0/4, Sample 0/512
Fra:1 Mem:33.26M (0.00M, Peak 34.51M) | Time:00:00.17 | Mem:12.99M, Peak:12.99M | Scene, RenderLayer | Path Tracing Tile 1/4, Sample 0/512
Fra:1 Mem:33.26M (0.00M, Peak 35.51M) | Time:00:01.18 | Remaining:00:10.65 | Mem:12.99M, Peak:12.99M | Scene, RenderLayer | Path Tracing Tile 1/4, Sample 104/512
Fra:1 Mem:33.26M (0.00M, Peak 35.51M) | Time:00:02.18 | Remaining:00:09.60 | Mem:12.99M, Peak:12.99M | Scene, RenderLayer | Path Tracing Tile 1/4, Sample 208/512
Fra:1 Mem:33.26M (0.00M, Peak 35.51M) | Time:00:03.19 | Remaining:00:08.59 | Mem:12.99M, Peak:12.99M | Scene, RenderLayer | Path Tracing Tile 1/4, Sample 312/512
Fra:1 Mem:33.26M (0.00M, Peak 35.51M) | Time:00:04.20 | Remaining:00:07.59 | Mem:12.99M, Peak:12.99M | Scene, RenderLayer | Path Tracing Tile 1/4, Sample 416/512
Fra:1 Mem:31.01M (0.00M, Peak 35.51M) | Time:00:05.13 | Remaining:00:06.67 | Mem:10.74M, Peak:12.99M | Scene, RenderLayer | Path Tracing Tile 1/4, Sample 512/512
Fra:1 Mem:32.98M (0.00M, Peak 35.51M) | Time:00:05.14 | Remaining:00:06.67 | Mem:12.71M, Peak:12.99M | Scene, RenderLayer | Path Tracing Tile 2/4, Sample 512/512
Fra:1 Mem:32.98M (0.00M, Peak 35.51M) | Time:00:05.20 | Remaining:00:06.62 | Mem:12.71M, Peak:12.99M | Scene, RenderLayer | Path Tracing Tile 2/4, Sample 7/512
Fra:1 Mem:32.98M (0.00M, Peak 35.51M) | Time:00:06.20 | Remaining:00:05.63 | Mem:12.71M, Peak:12.99M | Scene, RenderLayer | Path Tracing Tile 2/4, Sample 124/512
Fra:1 Mem:32.98M (0.00M, Peak 35.51M) | Time:00:07.20 | Remaining:00:04.64 | Mem:12.71M, Peak:12.99M | Scene, RenderLayer | Path Tracing Tile 2/4, Sample 241/512
Fra:1 Mem:32.98M (0.00M, Peak 35.51M) | Time:00:08.21 | Remaining:00:03.65 | Mem:12.71M, Peak:12.99M | Scene, RenderLayer | Path Tracing Tile 2/4, Sample 358/512
Fra:1 Mem:32.98M (0.00M, Peak 35.51M) | Time:00:09.21 | Remaining:00:02.66 | Mem:12.71M, Peak:12.99M | Scene, RenderLayer | Path Tracing Tile 2/4, Sample 474/512
Fra:1 Mem:31.01M (0.00M, Peak 35.51M) | Time:00:09.54 | Remaining:00:02.34 | Mem:10.74M, Peak:12.99M | Scene, RenderLayer | Path Tracing Tile 2/4, Sample 512/512
Fra:1 Mem:31.57M (0.00M, Peak 35.51M) | Time:00:09.54 | Remaining:00:02.34 | Mem:11.31M, Peak:12.99M | Scene, RenderLayer | Path Tracing Tile 3/4, Sample 512/512
Fra:1 Mem:31.57M (0.00M, Peak 35.51M) | Time:00:10.21 | Remaining:00:02.00 | Mem:11.31M, Peak:12.99M | Scene, RenderLayer | Path Tracing Tile 3/4, Sample 160/512
Fra:1 Mem:31.57M (0.00M, Peak 35.51M) | Time:00:11.22 | Remaining:00:01.46 | Mem:11.31M, Peak:12.99M | Scene, RenderLayer | Path Tracing Tile 3/4, Sample 397/512
Fra:1 Mem:31.01M (0.00M, Peak 35.51M) | Time:00:11.70 | Remaining:00:01.18 | Mem:10.74M, Peak:12.99M | Scene, RenderLayer | Path Tracing Tile 3/4, Sample 512/512
Fra:1 Mem:31.50M (0.00M, Peak 35.51M) | Time:00:11.70 | Remaining:00:01.18 | Mem:11.23M, Peak:12.99M | Scene, RenderLayer | Path Tracing Tile 4/4, Sample 512/512
Fra:1 Mem:31.50M (0.00M, Peak 35.51M) | Time:00:12.22 | Remaining:00:00.89 | Mem:11.23M, Peak:12.99M | Scene, RenderLayer | Path Tracing Tile 4/4, Sample 131/512
Fra:1 Mem:31.50M (0.00M, Peak 35.51M) | Time:00:13.22 | Remaining:00:00.30 | Mem:11.23M, Peak:12.99M | Scene, RenderLayer | Path Tracing Tile 4/4, Sample 385/512
Fra:1 Mem:31.01M (0.00M, Peak 35.51M) | Time:00:13.72 | Mem:10.74M, Peak:12.99M | Scene, RenderLayer | Path Tracing Tile 4/4, Sample 512/512
Fra:1 Mem:31.01M (0.00M, Peak 35.51M) | Time:00:13.72 | Mem:10.74M, Peak:12.99M | Scene, RenderLayer | Finished
Fra:1 Mem:15.12M (0.00M, Peak 35.51M) | Time:00:13.80 | Sce: Scene Ve:0 Fa:0 La:0
Saved: 'data/clevr-cleaned-variants/threepack/fovariant-2/render/images/CLEVR_val_000005.png'
 Time: 00:13.84 (Saving: 00:00.03)


Blender quit

INFO test_net.py:  81: Called with args:
INFO test_net.py:  82: Namespace(cfg_file='clevr_inference/scene_parse/mask_rcnn/configs/baselines/e2e_mask_rcnn_R-50-FPN_1x.yaml', clevr_comp_cat=1, dataset='clevr_original_val', grab_conv=False, images_dir='data/clevr-cleaned-variants/threepack/fovariant-2/render/images', load_ckpt='/home/ubuntu/vdp/data/ns-vqa-data/pretrained/object_detector.pt', load_detectron=None, multi_gpu_testing=False, name=None, output_dir='data/clevr-cleaned-variants/threepack/fovariant-2/infer/mask_rcnn', range=None, rendersummary_path='data/clevr-cleaned-variants/threepack/fovariant-2/render/summary.json', set_cfgs=[], vis=False)
INFO test_net.py: 125: Testing with config:
INFO test_net.py: 126: {'BBOX_XFORM_CLIP': 4.135166556742356,
 'CLEVR': {'COMP_CAT': True},
 'CROP_RESIZE_WITH_MAX_POOL': True,
 'CUDA': False,
 'DATA_DIR': '/home/ubuntu/vdp/data/ns-vqa-data/mask_rcnn',
 'DATA_LOADER': {'NUM_THREADS': 4},
 'DEBUG': False,
 'DEDUP_BOXES': 0.0625,
 'EPS': 1e-14,
 'EXPECTED_RESULTS': [],
 'EXPECTED_RESULTS_ATOL': 0.005,
 'EXPECTED_RESULTS_EMAIL': '',
 'EXPECTED_RESULTS_RTOL': 0.1,
 'FAST_RCNN': {'CONV_HEAD_DIM': 256,
               'MLP_HEAD_DIM': 1024,
               'NUM_STACKED_CONVS': 4,
               'ROI_BOX_HEAD': 'fast_rcnn_heads.roi_2mlp_head',
               'ROI_XFORM_METHOD': 'RoIAlign',
               'ROI_XFORM_RESOLUTION': 7,
               'ROI_XFORM_SAMPLING_RATIO': 2},
 'FPN': {'COARSEST_STRIDE': 32,
         'DIM': 256,
         'EXTRA_CONV_LEVELS': False,
         'FPN_ON': True,
         'MULTILEVEL_ROIS': True,
         'MULTILEVEL_RPN': True,
         'ROI_CANONICAL_LEVEL': 4,
         'ROI_CANONICAL_SCALE': 224,
         'ROI_MAX_LEVEL': 5,
         'ROI_MIN_LEVEL': 2,
         'RPN_ANCHOR_START_SIZE': 32,
         'RPN_ASPECT_RATIOS': (0.5, 1, 2),
         'RPN_COLLECT_SCALE': 1,
         'RPN_MAX_LEVEL': 6,
         'RPN_MIN_LEVEL': 2,
         'USE_GN': False,
         'ZERO_INIT_LATERAL': False},
 'GROUP_NORM': {'DIM_PER_GP': -1, 'EPSILON': 1e-05, 'NUM_GROUPS': 32},
 'KRCNN': {'CONV_HEAD_DIM': 256,
           'CONV_HEAD_KERNEL': 3,
           'CONV_INIT': 'GaussianFill',
           'DECONV_DIM': 256,
           'DECONV_KERNEL': 4,
           'DILATION': 1,
           'HEATMAP_SIZE': -1,
           'INFERENCE_MIN_SIZE': 0,
           'KEYPOINT_CONFIDENCE': 'bbox',
           'LOSS_WEIGHT': 1.0,
           'MIN_KEYPOINT_COUNT_FOR_VALID_MINIBATCH': 20,
           'NMS_OKS': False,
           'NORMALIZE_BY_VISIBLE_KEYPOINTS': True,
           'NUM_KEYPOINTS': -1,
           'NUM_STACKED_CONVS': 8,
           'ROI_KEYPOINTS_HEAD': '',
           'ROI_XFORM_METHOD': 'RoIAlign',
           'ROI_XFORM_RESOLUTION': 7,
           'ROI_XFORM_SAMPLING_RATIO': 0,
           'UP_SCALE': -1,
           'USE_DECONV': False,
           'USE_DECONV_OUTPUT': False},
 'MATLAB': 'matlab',
 'MODEL': {'BBOX_REG_WEIGHTS': (10.0, 10.0, 5.0, 5.0),
           'CLS_AGNOSTIC_BBOX_REG': False,
           'CONV_BODY': 'FPN.fpn_ResNet50_conv5_body',
           'FASTER_RCNN': True,
           'KEYPOINTS_ON': False,
           'LOAD_IMAGENET_PRETRAINED_WEIGHTS': True,
           'MASK_ON': True,
           'NUM_CLASSES': 49,
           'RPN_ONLY': False,
           'SHARE_RES5': False,
           'TYPE': 'generalized_rcnn',
           'UNSUPERVISED_POSE': False},
 'MRCNN': {'CLS_SPECIFIC_MASK': True,
           'CONV_INIT': 'MSRAFill',
           'DILATION': 1,
           'DIM_REDUCED': 256,
           'MEMORY_EFFICIENT_LOSS': True,
           'RESOLUTION': 28,
           'ROI_MASK_HEAD': 'mask_rcnn_heads.mask_rcnn_fcn_head_v1up4convs',
           'ROI_XFORM_METHOD': 'RoIAlign',
           'ROI_XFORM_RESOLUTION': 14,
           'ROI_XFORM_SAMPLING_RATIO': 2,
           'THRESH_BINARIZE': 0.5,
           'UPSAMPLE_RATIO': 1,
           'USE_FC_OUTPUT': False,
           'WEIGHT_LOSS_MASK': 1.0},
 'NUM_GPUS': 8,
 'OUTPUT_DIR': 'Outputs',
 'PIXEL_MEANS': array([[[102.9801, 115.9465, 122.7717]]]),
 'POOLING_MODE': 'crop',
 'POOLING_SIZE': 7,
 'PYTORCH_VERSION_LESS_THAN_040': False,
 'RESNETS': {'FREEZE_AT': 2,
             'IMAGENET_PRETRAINED_WEIGHTS': 'pretrained_model/resnet50_caffe.pth',
             'NUM_GROUPS': 1,
             'RES5_DILATION': 1,
             'SHORTCUT_FUNC': 'basic_bn_shortcut',
             'STEM_FUNC': 'basic_bn_stem',
             'STRIDE_1X1': True,
             'TRANS_FUNC': 'bottleneck_transformation',
             'USE_GN': False,
             'WIDTH_PER_GROUP': 64},
 'RETINANET': {'ANCHOR_SCALE': 4,
               'ASPECT_RATIOS': (0.5, 1.0, 2.0),
               'BBOX_REG_BETA': 0.11,
               'BBOX_REG_WEIGHT': 1.0,
               'CLASS_SPECIFIC_BBOX': False,
               'INFERENCE_TH': 0.05,
               'LOSS_ALPHA': 0.25,
               'LOSS_GAMMA': 2.0,
               'NEGATIVE_OVERLAP': 0.4,
               'NUM_CONVS': 4,
               'POSITIVE_OVERLAP': 0.5,
               'PRE_NMS_TOP_N': 1000,
               'PRIOR_PROB': 0.01,
               'RETINANET_ON': False,
               'SCALES_PER_OCTAVE': 3,
               'SHARE_CLS_BBOX_TOWER': False,
               'SOFTMAX': False},
 'RFCN': {'PS_GRID_SIZE': 3},
 'RNG_SEED': 3,
 'ROOT_DIR': '/home/ubuntu/vdp/clevr_inference/scene_parse/mask_rcnn',
 'RPN': {'ASPECT_RATIOS': (0.5, 1, 2),
         'CLS_ACTIVATION': 'sigmoid',
         'OUT_DIM': 512,
         'OUT_DIM_AS_IN_DIM': True,
         'RPN_ON': True,
         'SIZES': (64, 128, 256, 512),
         'STRIDE': 16},
 'SOLVER': {'BASE_LR': 0.02,
            'BIAS_DOUBLE_LR': True,
            'BIAS_WEIGHT_DECAY': False,
            'GAMMA': 0.1,
            'LOG_LR_CHANGE_THRESHOLD': 1.1,
            'LRS': [],
            'LR_POLICY': 'steps_with_decay',
            'MAX_ITER': 30000,
            'MOMENTUM': 0.9,
            'SCALE_MOMENTUM': True,
            'SCALE_MOMENTUM_THRESHOLD': 1.1,
            'STEPS': [0, 20000, 26000],
            'STEP_SIZE': 30000,
            'TYPE': 'SGD',
            'WARM_UP_FACTOR': 0.3333333333333333,
            'WARM_UP_ITERS': 500,
            'WARM_UP_METHOD': 'linear',
            'WEIGHT_DECAY': 0.0001,
            'WEIGHT_DECAY_GN': 0.0},
 'TEST': {'BBOX_AUG': {'AREA_TH_HI': 32400,
                       'AREA_TH_LO': 2500,
                       'ASPECT_RATIOS': (),
                       'ASPECT_RATIO_H_FLIP': False,
                       'COORD_HEUR': 'UNION',
                       'ENABLED': False,
                       'H_FLIP': False,
                       'MAX_SIZE': 4000,
                       'SCALES': (),
                       'SCALE_H_FLIP': False,
                       'SCALE_SIZE_DEP': False,
                       'SCORE_HEUR': 'UNION'},
          'BBOX_REG': True,
          'BBOX_VOTE': {'ENABLED': False,
                        'SCORING_METHOD': 'ID',
                        'SCORING_METHOD_BETA': 1.0,
                        'VOTE_TH': 0.8},
          'COMPETITION_MODE': True,
          'DATASETS': ('custom(data/clevr-cleaned-variants/threepack/fovariant-2/render/images, '
                       'data/clevr-cleaned-variants/threepack/fovariant-2/render/summary.json)',),
          'DETECTIONS_PER_IM': 100,
          'FORCE_JSON_DATASET_EVAL': False,
          'KPS_AUG': {'AREA_TH': 32400,
                      'ASPECT_RATIOS': (),
                      'ASPECT_RATIO_H_FLIP': False,
                      'ENABLED': False,
                      'HEUR': 'HM_AVG',
                      'H_FLIP': False,
                      'MAX_SIZE': 4000,
                      'SCALES': (),
                      'SCALE_H_FLIP': False,
                      'SCALE_SIZE_DEP': False},
          'MASK_AUG': {'AREA_TH': 32400,
                       'ASPECT_RATIOS': (),
                       'ASPECT_RATIO_H_FLIP': False,
                       'ENABLED': False,
                       'HEUR': 'SOFT_AVG',
                       'H_FLIP': False,
                       'MAX_SIZE': 4000,
                       'SCALES': (),
                       'SCALE_H_FLIP': False,
                       'SCALE_SIZE_DEP': False},
          'MAX_SIZE': 1333,
          'NMS': 0.5,
          'PRECOMPUTED_PROPOSALS': False,
          'PROPOSAL_FILES': (),
          'PROPOSAL_LIMIT': 2000,
          'RPN_MIN_SIZE': 0,
          'RPN_NMS_THRESH': 0.7,
          'RPN_POST_NMS_TOP_N': 1000,
          'RPN_PRE_NMS_TOP_N': 1000,
          'SCALE': 800,
          'SCORE_THRESH': 0.05,
          'SOFT_NMS': {'ENABLED': False, 'METHOD': 'linear', 'SIGMA': 0.5}},
 'TRAIN': {'ASPECT_CROPPING': False,
           'ASPECT_GROUPING': True,
           'ASPECT_HI': 2,
           'ASPECT_LO': 0.5,
           'BATCH_SIZE_PER_IM': 512,
           'BBOX_INSIDE_WEIGHTS': (1.0, 1.0, 1.0, 1.0),
           'BBOX_NORMALIZE_MEANS': (0.0, 0.0, 0.0, 0.0),
           'BBOX_NORMALIZE_STDS': (0.1, 0.1, 0.2, 0.2),
           'BBOX_NORMALIZE_TARGETS': True,
           'BBOX_NORMALIZE_TARGETS_PRECOMPUTED': False,
           'BBOX_THRESH': 0.5,
           'BG_THRESH_HI': 0.5,
           'BG_THRESH_LO': 0.0,
           'CROWD_FILTER_THRESH': 0.7,
           'DATASETS': (),
           'FG_FRACTION': 0.25,
           'FG_THRESH': 0.5,
           'FREEZE_CONV_BODY': False,
           'GT_MIN_AREA': -1,
           'IMS_PER_BATCH': 2,
           'MAX_SIZE': 1333,
           'PROPOSAL_FILES': (),
           'RPN_BATCH_SIZE_PER_IM': 256,
           'RPN_FG_FRACTION': 0.5,
           'RPN_MIN_SIZE': 0,
           'RPN_NEGATIVE_OVERLAP': 0.3,
           'RPN_NMS_THRESH': 0.7,
           'RPN_POSITIVE_OVERLAP': 0.7,
           'RPN_POST_NMS_TOP_N': 2000,
           'RPN_PRE_NMS_TOP_N': 2000,
           'RPN_STRADDLE_THRESH': 0,
           'SCALES': (800,),
           'SNAPSHOT_ITERS': 20000,
           'USE_FLIPPED': False},
 'VIS': False,
 'VIS_TH': 0.9}
INFO test_engine.py: 352: loading checkpoint /home/ubuntu/vdp/data/ns-vqa-data/pretrained/object_detector.pt
INFO test_engine.py: 286: im_detect: range [1, 6] of 6: 1/6 1.114s + 0.004s (eta: 0:00:05)
INFO test_engine.py: 336: Wrote detections to: /home/ubuntu/vdp/data/clevr-cleaned-variants/threepack/fovariant-2/infer/mask_rcnn/detections.pkl
INFO test_engine.py: 164: Total inference time: 5.595s


| processing proposals 1 / 6 images
| processing proposals 2 / 6 images
| processing proposals 3 / 6 images
| processing proposals 4 / 6 images
| processing proposals 5 / 6 images
| processing proposals 6 / 6 images
| saving object annotations to data/clevr-cleaned-variants/threepack/fovariant-2/infer/attrnet/predictions.json


| options
run_dir: data/clevr-cleaned-variants/threepack/fovariant-2/solver_ir
dataset: clevr
load_checkpoint_path: /home/ubuntu/vdp/data/ns-vqa-data/pretrained/attribute_net.pt
gpu_ids: [0]
clevr_mini_img_dir: /home/ubuntu/vdp/data/ns-vqa-data/raw/CLEVR_mini/images
clevr_mini_ann_path: /home/ubuntu/vdp/data/ns-vqa-data/attr_net/objects/clevr_mini_objs.json
concat_img: 1
split_id: 3500
batch_size: 50
num_workers: 4
learning_rate: 0.002
split: val
output_path: data/clevr-cleaned-variants/threepack/fovariant-2/solver_ir/results.json
clevr_val_ann_path: data/clevr-cleaned-variants/threepack/fovariant-2/infer/attrnet/predictions.json
clevr_val_img_dir: /home/ubuntu/vdp/data/ns-vqa-data/raw/CLEVR_v1.0/images/val
shuffle_data: 0
use_cat_label: 1
name: fovariant-2
| loading checkpoint from /home/ubuntu/vdp/data/ns-vqa-data/pretrained/attribute_net.pt
20 / 20 objects processed
| saving annotation file to data/clevr-cleaned-variants/threepack/fovariant-2/solver_ir/results.json


0.json in test
THRESHOLD relate_behind objs = {'id': '0-0', 'position': [-0.05218403786420822, -0.09496483206748962, 0.6874277591705322], 'color': 'cyan', 'material': 'rubber', 'shape': 'cube', 'size': 'large'}, {'id': '0-2', 'position': [-2.824458122253418, -0.21806743741035461, 0.6929425001144409], 'color': 'cyan', 'material': 'rubber', 'shape': 'cube', 'size': 'large'}
THRESHOLD relate_front objs = {'id': '0-0', 'position': [-0.05218403786420822, -0.09496483206748962, 0.6874277591705322], 'color': 'cyan', 'material': 'rubber', 'shape': 'cube', 'size': 'large'}, {'id': '0-1', 'position': [2.683342456817627, 0.18750634789466858, 0.6964800357818604], 'color': 'cyan', 'material': 'rubber', 'shape': 'cube', 'size': 'large'}
THRESHOLD relate_behind objs = {'id': '0-1', 'position': [2.683342456817627, 0.18750634789466858, 0.6964800357818604], 'color': 'cyan', 'material': 'rubber', 'shape': 'cube', 'size': 'large'}, {'id': '0-0', 'position': [-0.05218403786420822, -0.09496483206748962, 0.6874277591705322], 'color': 'cyan', 'material': 'rubber', 'shape': 'cube', 'size': 'large'}
THRESHOLD relate_front objs = {'id': '0-2', 'position': [-2.824458122253418, -0.21806743741035461, 0.6929425001144409], 'color': 'cyan', 'material': 'rubber', 'shape': 'cube', 'size': 'large'}, {'id': '0-0', 'position': [-0.05218403786420822, -0.09496483206748962, 0.6874277591705322], 'color': 'cyan', 'material': 'rubber', 'shape': 'cube', 'size': 'large'}
1.json in test
THRESHOLD relate_behind objs = {'id': '1-0', 'position': [-0.006390370428562164, 0.12740987539291382, 0.692598819732666], 'color': 'cyan', 'material': 'rubber', 'shape': 'cube', 'size': 'large'}, {'id': '1-2', 'position': [-2.8370771408081055, -0.07523484528064728, 0.6938533186912537], 'color': 'purple', 'material': 'rubber', 'shape': 'cube', 'size': 'large'}
THRESHOLD relate_front objs = {'id': '1-0', 'position': [-0.006390370428562164, 0.12740987539291382, 0.692598819732666], 'color': 'cyan', 'material': 'rubber', 'shape': 'cube', 'size': 'large'}, {'id': '1-1', 'position': [2.7298858165740967, 0.3345126211643219, 0.6970632672309875], 'color': 'cyan', 'material': 'rubber', 'shape': 'cube', 'size': 'large'}
THRESHOLD relate_behind objs = {'id': '1-1', 'position': [2.7298858165740967, 0.3345126211643219, 0.6970632672309875], 'color': 'cyan', 'material': 'rubber', 'shape': 'cube', 'size': 'large'}, {'id': '1-0', 'position': [-0.006390370428562164, 0.12740987539291382, 0.692598819732666], 'color': 'cyan', 'material': 'rubber', 'shape': 'cube', 'size': 'large'}
THRESHOLD relate_front objs = {'id': '1-2', 'position': [-2.8370771408081055, -0.07523484528064728, 0.6938533186912537], 'color': 'purple', 'material': 'rubber', 'shape': 'cube', 'size': 'large'}, {'id': '1-0', 'position': [-0.006390370428562164, 0.12740987539291382, 0.692598819732666], 'color': 'cyan', 'material': 'rubber', 'shape': 'cube', 'size': 'large'}
2.json in test
THRESHOLD relate_front objs = {'id': '2-0', 'position': [-2.6985020637512207, -0.28789177536964417, 0.6984269618988037], 'color': 'cyan', 'material': 'rubber', 'shape': 'cube', 'size': 'large'}, {'id': '2-1', 'position': [0.06039338931441307, -0.10275961458683014, 0.7007749676704407], 'color': 'cyan', 'material': 'rubber', 'shape': 'cube', 'size': 'large'}
THRESHOLD relate_behind objs = {'id': '2-1', 'position': [0.06039338931441307, -0.10275961458683014, 0.7007749676704407], 'color': 'cyan', 'material': 'rubber', 'shape': 'cube', 'size': 'large'}, {'id': '2-0', 'position': [-2.6985020637512207, -0.28789177536964417, 0.6984269618988037], 'color': 'cyan', 'material': 'rubber', 'shape': 'cube', 'size': 'large'}
3.json in train
THRESHOLD relate_front objs = {'id': '3-0', 'position': [-2.7600057125091553, -0.047312524169683456, 0.34566497802734375], 'color': 'brown', 'material': 'metal', 'shape': 'sphere', 'size': 'small'}, {'id': '3-1', 'position': [-0.05930574983358383, 0.12927991151809692, 0.34906816482543945], 'color': 'gray', 'material': 'rubber', 'shape': 'cube', 'size': 'small'}
THRESHOLD relate_front objs = {'id': '3-0', 'position': [-2.7600057125091553, -0.047312524169683456, 0.34566497802734375], 'color': 'brown', 'material': 'metal', 'shape': 'sphere', 'size': 'small'}, {'id': '3-2', 'position': [1.2825100421905518, 0.24625080823898315, 0.3427664637565613], 'color': 'gray', 'material': 'metal', 'shape': 'cube', 'size': 'small'}
THRESHOLD relate_front objs = {'id': '3-0', 'position': [-2.7600057125091553, -0.047312524169683456, 0.34566497802734375], 'color': 'brown', 'material': 'metal', 'shape': 'sphere', 'size': 'small'}, {'id': '3-3', 'position': [-1.4042598009109497, -0.04414651542901993, 0.338461697101593], 'color': 'gray', 'material': 'metal', 'shape': 'cube', 'size': 'small'}
THRESHOLD relate_behind objs = {'id': '3-1', 'position': [-0.05930574983358383, 0.12927991151809692, 0.34906816482543945], 'color': 'gray', 'material': 'rubber', 'shape': 'cube', 'size': 'small'}, {'id': '3-0', 'position': [-2.7600057125091553, -0.047312524169683456, 0.34566497802734375], 'color': 'brown', 'material': 'metal', 'shape': 'sphere', 'size': 'small'}
THRESHOLD relate_behind objs = {'id': '3-1', 'position': [-0.05930574983358383, 0.12927991151809692, 0.34906816482543945], 'color': 'gray', 'material': 'rubber', 'shape': 'cube', 'size': 'small'}, {'id': '3-3', 'position': [-1.4042598009109497, -0.04414651542901993, 0.338461697101593], 'color': 'gray', 'material': 'metal', 'shape': 'cube', 'size': 'small'}
THRESHOLD relate_front objs = {'id': '3-1', 'position': [-0.05930574983358383, 0.12927991151809692, 0.34906816482543945], 'color': 'gray', 'material': 'rubber', 'shape': 'cube', 'size': 'small'}, {'id': '3-2', 'position': [1.2825100421905518, 0.24625080823898315, 0.3427664637565613], 'color': 'gray', 'material': 'metal', 'shape': 'cube', 'size': 'small'}
THRESHOLD relate_behind objs = {'id': '3-2', 'position': [1.2825100421905518, 0.24625080823898315, 0.3427664637565613], 'color': 'gray', 'material': 'metal', 'shape': 'cube', 'size': 'small'}, {'id': '3-0', 'position': [-2.7600057125091553, -0.047312524169683456, 0.34566497802734375], 'color': 'brown', 'material': 'metal', 'shape': 'sphere', 'size': 'small'}
THRESHOLD relate_behind objs = {'id': '3-2', 'position': [1.2825100421905518, 0.24625080823898315, 0.3427664637565613], 'color': 'gray', 'material': 'metal', 'shape': 'cube', 'size': 'small'}, {'id': '3-1', 'position': [-0.05930574983358383, 0.12927991151809692, 0.34906816482543945], 'color': 'gray', 'material': 'rubber', 'shape': 'cube', 'size': 'small'}
THRESHOLD relate_behind objs = {'id': '3-2', 'position': [1.2825100421905518, 0.24625080823898315, 0.3427664637565613], 'color': 'gray', 'material': 'metal', 'shape': 'cube', 'size': 'small'}, {'id': '3-3', 'position': [-1.4042598009109497, -0.04414651542901993, 0.338461697101593], 'color': 'gray', 'material': 'metal', 'shape': 'cube', 'size': 'small'}
THRESHOLD relate_behind objs = {'id': '3-3', 'position': [-1.4042598009109497, -0.04414651542901993, 0.338461697101593], 'color': 'gray', 'material': 'metal', 'shape': 'cube', 'size': 'small'}, {'id': '3-0', 'position': [-2.7600057125091553, -0.047312524169683456, 0.34566497802734375], 'color': 'brown', 'material': 'metal', 'shape': 'sphere', 'size': 'small'}
THRESHOLD relate_front objs = {'id': '3-3', 'position': [-1.4042598009109497, -0.04414651542901993, 0.338461697101593], 'color': 'gray', 'material': 'metal', 'shape': 'cube', 'size': 'small'}, {'id': '3-1', 'position': [-0.05930574983358383, 0.12927991151809692, 0.34906816482543945], 'color': 'gray', 'material': 'rubber', 'shape': 'cube', 'size': 'small'}
THRESHOLD relate_front objs = {'id': '3-3', 'position': [-1.4042598009109497, -0.04414651542901993, 0.338461697101593], 'color': 'gray', 'material': 'metal', 'shape': 'cube', 'size': 'small'}, {'id': '3-2', 'position': [1.2825100421905518, 0.24625080823898315, 0.3427664637565613], 'color': 'gray', 'material': 'metal', 'shape': 'cube', 'size': 'small'}
4.json in train
THRESHOLD relate_front objs = {'id': '4-0', 'position': [-2.9690494537353516, -0.13562458753585815, 0.6977392435073853], 'color': 'brown', 'material': 'rubber', 'shape': 'cube', 'size': 'large'}, {'id': '4-2', 'position': [-0.09011866897344589, 0.1354040801525116, 0.6954503059387207], 'color': 'brown', 'material': 'metal', 'shape': 'cube', 'size': 'large'}
THRESHOLD relate_behind objs = {'id': '4-1', 'position': [2.811464548110962, 0.3360050320625305, 0.34252992272377014], 'color': 'brown', 'material': 'rubber', 'shape': 'cube', 'size': 'small'}, {'id': '4-2', 'position': [-0.09011866897344589, 0.1354040801525116, 0.6954503059387207], 'color': 'brown', 'material': 'metal', 'shape': 'cube', 'size': 'large'}
THRESHOLD relate_behind objs = {'id': '4-1', 'position': [2.811464548110962, 0.3360050320625305, 0.34252992272377014], 'color': 'brown', 'material': 'rubber', 'shape': 'cube', 'size': 'small'}, {'id': '4-3', 'position': [1.2445473670959473, 0.2741888165473938, 0.3460264801979065], 'color': 'brown', 'material': 'metal', 'shape': 'cylinder', 'size': 'small'}
THRESHOLD relate_behind objs = {'id': '4-2', 'position': [-0.09011866897344589, 0.1354040801525116, 0.6954503059387207], 'color': 'brown', 'material': 'metal', 'shape': 'cube', 'size': 'large'}, {'id': '4-0', 'position': [-2.9690494537353516, -0.13562458753585815, 0.6977392435073853], 'color': 'brown', 'material': 'rubber', 'shape': 'cube', 'size': 'large'}
THRESHOLD relate_front objs = {'id': '4-2', 'position': [-0.09011866897344589, 0.1354040801525116, 0.6954503059387207], 'color': 'brown', 'material': 'metal', 'shape': 'cube', 'size': 'large'}, {'id': '4-1', 'position': [2.811464548110962, 0.3360050320625305, 0.34252992272377014], 'color': 'brown', 'material': 'rubber', 'shape': 'cube', 'size': 'small'}
THRESHOLD relate_front objs = {'id': '4-2', 'position': [-0.09011866897344589, 0.1354040801525116, 0.6954503059387207], 'color': 'brown', 'material': 'metal', 'shape': 'cube', 'size': 'large'}, {'id': '4-3', 'position': [1.2445473670959473, 0.2741888165473938, 0.3460264801979065], 'color': 'brown', 'material': 'metal', 'shape': 'cylinder', 'size': 'small'}
THRESHOLD relate_behind objs = {'id': '4-3', 'position': [1.2445473670959473, 0.2741888165473938, 0.3460264801979065], 'color': 'brown', 'material': 'metal', 'shape': 'cylinder', 'size': 'small'}, {'id': '4-2', 'position': [-0.09011866897344589, 0.1354040801525116, 0.6954503059387207], 'color': 'brown', 'material': 'metal', 'shape': 'cube', 'size': 'large'}
THRESHOLD relate_front objs = {'id': '4-3', 'position': [1.2445473670959473, 0.2741888165473938, 0.3460264801979065], 'color': 'brown', 'material': 'metal', 'shape': 'cylinder', 'size': 'small'}, {'id': '4-1', 'position': [2.811464548110962, 0.3360050320625305, 0.34252992272377014], 'color': 'brown', 'material': 'rubber', 'shape': 'cube', 'size': 'small'}
5.json in train
THRESHOLD relate_front objs = {'id': '5-0', 'position': [-2.6494140625, -0.13111382722854614, 0.3409031629562378], 'color': 'red', 'material': 'rubber', 'shape': 'cube', 'size': 'small'}, {'id': '5-1', 'position': [-1.269402027130127, -0.010493135079741478, 0.3461487293243408], 'color': 'red', 'material': 'rubber', 'shape': 'cube', 'size': 'small'}
THRESHOLD relate_front objs = {'id': '5-0', 'position': [-2.6494140625, -0.13111382722854614, 0.3409031629562378], 'color': 'red', 'material': 'rubber', 'shape': 'cube', 'size': 'small'}, {'id': '5-2', 'position': [1.5379924774169922, 0.13573932647705078, 0.3456898331642151], 'color': 'red', 'material': 'rubber', 'shape': 'cube', 'size': 'small'}
THRESHOLD relate_front objs = {'id': '5-0', 'position': [-2.6494140625, -0.13111382722854614, 0.3409031629562378], 'color': 'red', 'material': 'rubber', 'shape': 'cube', 'size': 'small'}, {'id': '5-3', 'position': [2.874189853668213, 0.24813976883888245, 0.3360517621040344], 'color': 'red', 'material': 'rubber', 'shape': 'cylinder', 'size': 'small'}
THRESHOLD relate_behind objs = {'id': '5-1', 'position': [-1.269402027130127, -0.010493135079741478, 0.3461487293243408], 'color': 'red', 'material': 'rubber', 'shape': 'cube', 'size': 'small'}, {'id': '5-0', 'position': [-2.6494140625, -0.13111382722854614, 0.3409031629562378], 'color': 'red', 'material': 'rubber', 'shape': 'cube', 'size': 'small'}
THRESHOLD relate_front objs = {'id': '5-1', 'position': [-1.269402027130127, -0.010493135079741478, 0.3461487293243408], 'color': 'red', 'material': 'rubber', 'shape': 'cube', 'size': 'small'}, {'id': '5-2', 'position': [1.5379924774169922, 0.13573932647705078, 0.3456898331642151], 'color': 'red', 'material': 'rubber', 'shape': 'cube', 'size': 'small'}
THRESHOLD relate_front objs = {'id': '5-1', 'position': [-1.269402027130127, -0.010493135079741478, 0.3461487293243408], 'color': 'red', 'material': 'rubber', 'shape': 'cube', 'size': 'small'}, {'id': '5-3', 'position': [2.874189853668213, 0.24813976883888245, 0.3360517621040344], 'color': 'red', 'material': 'rubber', 'shape': 'cylinder', 'size': 'small'}
THRESHOLD relate_behind objs = {'id': '5-2', 'position': [1.5379924774169922, 0.13573932647705078, 0.3456898331642151], 'color': 'red', 'material': 'rubber', 'shape': 'cube', 'size': 'small'}, {'id': '5-0', 'position': [-2.6494140625, -0.13111382722854614, 0.3409031629562378], 'color': 'red', 'material': 'rubber', 'shape': 'cube', 'size': 'small'}
THRESHOLD relate_behind objs = {'id': '5-2', 'position': [1.5379924774169922, 0.13573932647705078, 0.3456898331642151], 'color': 'red', 'material': 'rubber', 'shape': 'cube', 'size': 'small'}, {'id': '5-1', 'position': [-1.269402027130127, -0.010493135079741478, 0.3461487293243408], 'color': 'red', 'material': 'rubber', 'shape': 'cube', 'size': 'small'}
THRESHOLD relate_front objs = {'id': '5-2', 'position': [1.5379924774169922, 0.13573932647705078, 0.3456898331642151], 'color': 'red', 'material': 'rubber', 'shape': 'cube', 'size': 'small'}, {'id': '5-3', 'position': [2.874189853668213, 0.24813976883888245, 0.3360517621040344], 'color': 'red', 'material': 'rubber', 'shape': 'cylinder', 'size': 'small'}
THRESHOLD relate_behind objs = {'id': '5-3', 'position': [2.874189853668213, 0.24813976883888245, 0.3360517621040344], 'color': 'red', 'material': 'rubber', 'shape': 'cylinder', 'size': 'small'}, {'id': '5-0', 'position': [-2.6494140625, -0.13111382722854614, 0.3409031629562378], 'color': 'red', 'material': 'rubber', 'shape': 'cube', 'size': 'small'}
THRESHOLD relate_behind objs = {'id': '5-3', 'position': [2.874189853668213, 0.24813976883888245, 0.3360517621040344], 'color': 'red', 'material': 'rubber', 'shape': 'cylinder', 'size': 'small'}, {'id': '5-1', 'position': [-1.269402027130127, -0.010493135079741478, 0.3461487293243408], 'color': 'red', 'material': 'rubber', 'shape': 'cube', 'size': 'small'}
THRESHOLD relate_behind objs = {'id': '5-3', 'position': [2.874189853668213, 0.24813976883888245, 0.3360517621040344], 'color': 'red', 'material': 'rubber', 'shape': 'cylinder', 'size': 'small'}, {'id': '5-2', 'position': [1.5379924774169922, 0.13573932647705078, 0.3456898331642151], 'color': 'red', 'material': 'rubber', 'shape': 'cube', 'size': 'small'}
