Started Logging. 2022-07-09 11:07:50.518760

0.json in train
THRESHOLD relate_right objs = {'id': '0-0', 'position': [2.0299746990203857, 2.1416096687316895, 0.6963898539543152], 'color': 'purple', 'material': 'metal', 'shape': 'sphere', 'size': 'large'}, {'id': '0-2', 'position': [2.080493211746216, -2.0181992053985596, 0.34776854515075684], 'color': 'yellow', 'material': 'rubber', 'shape': 'cylinder', 'size': 'small'}
THRESHOLD relate_behind objs = {'id': '0-0', 'position': [2.0299746990203857, 2.1416096687316895, 0.6963898539543152], 'color': 'purple', 'material': 'metal', 'shape': 'sphere', 'size': 'large'}, {'id': '0-1', 'position': [-0.21556362509727478, 1.8418301343917847, 0.7019160389900208], 'color': 'purple', 'material': 'metal', 'shape': 'sphere', 'size': 'large'}
THRESHOLD relate_front objs = {'id': '0-1', 'position': [-0.21556362509727478, 1.8418301343917847, 0.7019160389900208], 'color': 'purple', 'material': 'metal', 'shape': 'sphere', 'size': 'large'}, {'id': '0-0', 'position': [2.0299746990203857, 2.1416096687316895, 0.6963898539543152], 'color': 'purple', 'material': 'metal', 'shape': 'sphere', 'size': 'large'}
THRESHOLD relate_left objs = {'id': '0-2', 'position': [2.080493211746216, -2.0181992053985596, 0.34776854515075684], 'color': 'yellow', 'material': 'rubber', 'shape': 'cylinder', 'size': 'small'}, {'id': '0-0', 'position': [2.0299746990203857, 2.1416096687316895, 0.6963898539543152], 'color': 'purple', 'material': 'metal', 'shape': 'sphere', 'size': 'large'}
THRESHOLD relate_behind objs = {'id': '0-2', 'position': [2.080493211746216, -2.0181992053985596, 0.34776854515075684], 'color': 'yellow', 'material': 'rubber', 'shape': 'cylinder', 'size': 'small'}, {'id': '0-3', 'position': [-0.011804923415184021, -2.309460401535034, 0.34248054027557373], 'color': 'yellow', 'material': 'rubber', 'shape': 'cylinder', 'size': 'small'}
THRESHOLD relate_front objs = {'id': '0-3', 'position': [-0.011804923415184021, -2.309460401535034, 0.34248054027557373], 'color': 'yellow', 'material': 'rubber', 'shape': 'cylinder', 'size': 'small'}, {'id': '0-2', 'position': [2.080493211746216, -2.0181992053985596, 0.34776854515075684], 'color': 'yellow', 'material': 'rubber', 'shape': 'cylinder', 'size': 'small'}
1.json in test
THRESHOLD relate_behind objs = {'id': '1-0', 'position': [2.144960880279541, -1.899717092514038, 0.3470466136932373], 'color': 'purple', 'material': 'metal', 'shape': 'sphere', 'size': 'small'}, {'id': '1-1', 'position': [0.1381145566701889, -2.0616953372955322, 0.3459874391555786], 'color': 'purple', 'material': 'metal', 'shape': 'sphere', 'size': 'small'}
THRESHOLD relate_front objs = {'id': '1-1', 'position': [0.1381145566701889, -2.0616953372955322, 0.3459874391555786], 'color': 'purple', 'material': 'metal', 'shape': 'sphere', 'size': 'small'}, {'id': '1-0', 'position': [2.144960880279541, -1.899717092514038, 0.3470466136932373], 'color': 'purple', 'material': 'metal', 'shape': 'sphere', 'size': 'small'}
THRESHOLD relate_front objs = {'id': '1-2', 'position': [-0.1851469874382019, 2.0134527683258057, 0.34188735485076904], 'color': 'yellow', 'material': 'rubber', 'shape': 'cylinder', 'size': 'small'}, {'id': '1-3', 'position': [1.9190775156021118, 2.199828863143921, 0.33902984857559204], 'color': 'yellow', 'material': 'rubber', 'shape': 'cylinder', 'size': 'small'}
THRESHOLD relate_behind objs = {'id': '1-3', 'position': [1.9190775156021118, 2.199828863143921, 0.33902984857559204], 'color': 'yellow', 'material': 'rubber', 'shape': 'cylinder', 'size': 'small'}, {'id': '1-2', 'position': [-0.1851469874382019, 2.0134527683258057, 0.34188735485076904], 'color': 'yellow', 'material': 'rubber', 'shape': 'cylinder', 'size': 'small'}
2.json in test
THRESHOLD relate_front objs = {'id': '2-0', 'position': [-0.10488904267549515, 1.7191119194030762, 0.7087149024009705], 'color': 'purple', 'material': 'metal', 'shape': 'sphere', 'size': 'large'}, {'id': '2-1', 'position': [2.0872247219085693, 2.11617112159729, 0.6904268264770508], 'color': 'purple', 'material': 'metal', 'shape': 'sphere', 'size': 'large'}
THRESHOLD relate_behind objs = {'id': '2-1', 'position': [2.0872247219085693, 2.11617112159729, 0.6904268264770508], 'color': 'purple', 'material': 'metal', 'shape': 'sphere', 'size': 'large'}, {'id': '2-0', 'position': [-0.10488904267549515, 1.7191119194030762, 0.7087149024009705], 'color': 'purple', 'material': 'metal', 'shape': 'sphere', 'size': 'large'}
THRESHOLD relate_behind objs = {'id': '2-2', 'position': [2.4514284133911133, -1.619465947151184, 0.3524717688560486], 'color': 'yellow', 'material': 'rubber', 'shape': 'cube', 'size': 'small'}, {'id': '2-3', 'position': [0.14940954744815826, -1.9243053197860718, 0.35101139545440674], 'color': 'yellow', 'material': 'rubber', 'shape': 'cube', 'size': 'small'}
THRESHOLD relate_front objs = {'id': '2-3', 'position': [0.14940954744815826, -1.9243053197860718, 0.35101139545440674], 'color': 'yellow', 'material': 'rubber', 'shape': 'cube', 'size': 'small'}, {'id': '2-2', 'position': [2.4514284133911133, -1.619465947151184, 0.3524717688560486], 'color': 'yellow', 'material': 'rubber', 'shape': 'cube', 'size': 'small'}
3.json in test
THRESHOLD relate_behind objs = {'id': '3-0', 'position': [-0.25531241297721863, 2.01589298248291, 0.7025246620178223], 'color': 'gray', 'material': 'metal', 'shape': 'sphere', 'size': 'large'}, {'id': '3-1', 'position': [-2.1946475505828857, 1.773616075515747, 0.6960489153862], 'color': 'gray', 'material': 'metal', 'shape': 'sphere', 'size': 'large'}
THRESHOLD relate_front objs = {'id': '3-0', 'position': [-0.25531241297721863, 2.01589298248291, 0.7025246620178223], 'color': 'gray', 'material': 'metal', 'shape': 'sphere', 'size': 'large'}, {'id': '3-2', 'position': [1.8863927125930786, 2.192831039428711, 0.6856985092163086], 'color': 'gray', 'material': 'metal', 'shape': 'sphere', 'size': 'large'}
THRESHOLD relate_front objs = {'id': '3-1', 'position': [-2.1946475505828857, 1.773616075515747, 0.6960489153862], 'color': 'gray', 'material': 'metal', 'shape': 'sphere', 'size': 'large'}, {'id': '3-0', 'position': [-0.25531241297721863, 2.01589298248291, 0.7025246620178223], 'color': 'gray', 'material': 'metal', 'shape': 'sphere', 'size': 'large'}
THRESHOLD relate_behind objs = {'id': '3-2', 'position': [1.8863927125930786, 2.192831039428711, 0.6856985092163086], 'color': 'gray', 'material': 'metal', 'shape': 'sphere', 'size': 'large'}, {'id': '3-0', 'position': [-0.25531241297721863, 2.01589298248291, 0.7025246620178223], 'color': 'gray', 'material': 'metal', 'shape': 'sphere', 'size': 'large'}
THRESHOLD relate_behind objs = {'id': '3-3', 'position': [0.12122208625078201, -2.624455451965332, 0.35064074397087097], 'color': 'yellow', 'material': 'rubber', 'shape': 'cylinder', 'size': 'small'}, {'id': '3-5', 'position': [-1.217640995979309, -2.7299699783325195, 0.3448426425457001], 'color': 'yellow', 'material': 'rubber', 'shape': 'cylinder', 'size': 'small'}
THRESHOLD relate_front objs = {'id': '3-3', 'position': [0.12122208625078201, -2.624455451965332, 0.35064074397087097], 'color': 'yellow', 'material': 'rubber', 'shape': 'cylinder', 'size': 'small'}, {'id': '3-4', 'position': [1.4303721189498901, -2.518764019012451, 0.3532748818397522], 'color': 'yellow', 'material': 'rubber', 'shape': 'cylinder', 'size': 'small'}
THRESHOLD relate_behind objs = {'id': '3-4', 'position': [1.4303721189498901, -2.518764019012451, 0.3532748818397522], 'color': 'yellow', 'material': 'rubber', 'shape': 'cylinder', 'size': 'small'}, {'id': '3-3', 'position': [0.12122208625078201, -2.624455451965332, 0.35064074397087097], 'color': 'yellow', 'material': 'rubber', 'shape': 'cylinder', 'size': 'small'}
THRESHOLD relate_behind objs = {'id': '3-4', 'position': [1.4303721189498901, -2.518764019012451, 0.3532748818397522], 'color': 'yellow', 'material': 'rubber', 'shape': 'cylinder', 'size': 'small'}, {'id': '3-5', 'position': [-1.217640995979309, -2.7299699783325195, 0.3448426425457001], 'color': 'yellow', 'material': 'rubber', 'shape': 'cylinder', 'size': 'small'}
THRESHOLD relate_front objs = {'id': '3-5', 'position': [-1.217640995979309, -2.7299699783325195, 0.3448426425457001], 'color': 'yellow', 'material': 'rubber', 'shape': 'cylinder', 'size': 'small'}, {'id': '3-3', 'position': [0.12122208625078201, -2.624455451965332, 0.35064074397087097], 'color': 'yellow', 'material': 'rubber', 'shape': 'cylinder', 'size': 'small'}
THRESHOLD relate_front objs = {'id': '3-5', 'position': [-1.217640995979309, -2.7299699783325195, 0.3448426425457001], 'color': 'yellow', 'material': 'rubber', 'shape': 'cylinder', 'size': 'small'}, {'id': '3-4', 'position': [1.4303721189498901, -2.518764019012451, 0.3532748818397522], 'color': 'yellow', 'material': 'rubber', 'shape': 'cylinder', 'size': 'small'}
4.json in train
THRESHOLD relate_behind objs = {'id': '4-0', 'position': [0.072908416390419, -2.730055093765259, 0.3439532220363617], 'color': 'cyan', 'material': 'rubber', 'shape': 'cylinder', 'size': 'small'}, {'id': '4-1', 'position': [1.4365812540054321, -2.7390658855438232, 0.344409316778183], 'color': 'cyan', 'material': 'rubber', 'shape': 'cylinder', 'size': 'small'}
THRESHOLD relate_front objs = {'id': '4-1', 'position': [1.4365812540054321, -2.7390658855438232, 0.344409316778183], 'color': 'cyan', 'material': 'rubber', 'shape': 'cylinder', 'size': 'small'}, {'id': '4-0', 'position': [0.072908416390419, -2.730055093765259, 0.3439532220363617], 'color': 'cyan', 'material': 'rubber', 'shape': 'cylinder', 'size': 'small'}
THRESHOLD relate_front objs = {'id': '4-2', 'position': [-0.27805548906326294, 1.775968313217163, 0.6907784938812256], 'color': 'red', 'material': 'metal', 'shape': 'sphere', 'size': 'large'}, {'id': '4-3', 'position': [1.961459755897522, 2.125135898590088, 0.6905415654182434], 'color': 'red', 'material': 'metal', 'shape': 'sphere', 'size': 'large'}
THRESHOLD relate_behind objs = {'id': '4-3', 'position': [1.961459755897522, 2.125135898590088, 0.6905415654182434], 'color': 'red', 'material': 'metal', 'shape': 'sphere', 'size': 'large'}, {'id': '4-2', 'position': [-0.27805548906326294, 1.775968313217163, 0.6907784938812256], 'color': 'red', 'material': 'metal', 'shape': 'sphere', 'size': 'large'}
5.json in train
