Started Logging. 2022-07-09 21:55:22.033352

0.json in train
THRESHOLD relate_behind objs = {'id': '0-0', 'position': [0.0402885377407074, 0.15017485618591309, 0.6904413104057312], 'color': 'cyan', 'material': 'metal', 'shape': 'cube', 'size': 'large'}, {'id': '0-1', 'position': [-2.686537742614746, -0.015100152231752872, 0.6977593898773193], 'color': 'purple', 'material': 'metal', 'shape': 'sphere', 'size': 'large'}
THRESHOLD relate_front objs = {'id': '0-1', 'position': [-2.686537742614746, -0.015100152231752872, 0.6977593898773193], 'color': 'purple', 'material': 'metal', 'shape': 'sphere', 'size': 'large'}, {'id': '0-0', 'position': [0.0402885377407074, 0.15017485618591309, 0.6904413104057312], 'color': 'cyan', 'material': 'metal', 'shape': 'cube', 'size': 'large'}
1.json in test
THRESHOLD relate_behind objs = {'id': '1-0', 'position': [2.9296627044677734, 0.12879738211631775, 0.6835696697235107], 'color': 'blue', 'material': 'metal', 'shape': 'sphere', 'size': 'large'}, {'id': '1-2', 'position': [0.05000285059213638, 0.0583513006567955, 0.6885671019554138], 'color': 'brown', 'material': 'metal', 'shape': 'cube', 'size': 'large'}
THRESHOLD relate_front objs = {'id': '1-1', 'position': [-2.796598196029663, -0.2879968285560608, 0.7026322484016418], 'color': 'blue', 'material': 'metal', 'shape': 'sphere', 'size': 'large'}, {'id': '1-2', 'position': [0.05000285059213638, 0.0583513006567955, 0.6885671019554138], 'color': 'brown', 'material': 'metal', 'shape': 'cube', 'size': 'large'}
THRESHOLD relate_behind objs = {'id': '1-2', 'position': [0.05000285059213638, 0.0583513006567955, 0.6885671019554138], 'color': 'brown', 'material': 'metal', 'shape': 'cube', 'size': 'large'}, {'id': '1-1', 'position': [-2.796598196029663, -0.2879968285560608, 0.7026322484016418], 'color': 'blue', 'material': 'metal', 'shape': 'sphere', 'size': 'large'}
THRESHOLD relate_front objs = {'id': '1-2', 'position': [0.05000285059213638, 0.0583513006567955, 0.6885671019554138], 'color': 'brown', 'material': 'metal', 'shape': 'cube', 'size': 'large'}, {'id': '1-0', 'position': [2.9296627044677734, 0.12879738211631775, 0.6835696697235107], 'color': 'blue', 'material': 'metal', 'shape': 'sphere', 'size': 'large'}
2.json in test
THRESHOLD relate_behind objs = {'id': '2-0', 'position': [-0.0054520368576049805, -0.06394736468791962, 0.6902509331703186], 'color': 'blue', 'material': 'metal', 'shape': 'sphere', 'size': 'large'}, {'id': '2-1', 'position': [-2.9027364253997803, -0.19401219487190247, 0.6918574571609497], 'color': 'cyan', 'material': 'metal', 'shape': 'cube', 'size': 'large'}
THRESHOLD relate_front objs = {'id': '2-1', 'position': [-2.9027364253997803, -0.19401219487190247, 0.6918574571609497], 'color': 'cyan', 'material': 'metal', 'shape': 'cube', 'size': 'large'}, {'id': '2-0', 'position': [-0.0054520368576049805, -0.06394736468791962, 0.6902509331703186], 'color': 'blue', 'material': 'metal', 'shape': 'sphere', 'size': 'large'}
3.json in test
THRESHOLD relate_front objs = {'id': '3-0', 'position': [0.11254529654979706, 0.0029602572321891785, 0.6904518604278564], 'color': 'blue', 'material': 'metal', 'shape': 'sphere', 'size': 'large'}, {'id': '3-1', 'position': [2.8401622772216797, 0.13794201612472534, 0.6883314251899719], 'color': 'brown', 'material': 'metal', 'shape': 'cube', 'size': 'large'}
THRESHOLD relate_behind objs = {'id': '3-1', 'position': [2.8401622772216797, 0.13794201612472534, 0.6883314251899719], 'color': 'brown', 'material': 'metal', 'shape': 'cube', 'size': 'large'}, {'id': '3-0', 'position': [0.11254529654979706, 0.0029602572321891785, 0.6904518604278564], 'color': 'blue', 'material': 'metal', 'shape': 'sphere', 'size': 'large'}
4.json in train
THRESHOLD relate_behind objs = {'id': '4-0', 'position': [1.2311512231826782, -0.0008519599214196205, 0.3402206301689148], 'color': 'cyan', 'material': 'metal', 'shape': 'sphere', 'size': 'small'}, {'id': '4-1', 'position': [-1.4054239988327026, -0.07323941588401794, 0.34280264377593994], 'color': 'cyan', 'material': 'metal', 'shape': 'sphere', 'size': 'small'}
THRESHOLD relate_behind objs = {'id': '4-0', 'position': [1.2311512231826782, -0.0008519599214196205, 0.3402206301689148], 'color': 'cyan', 'material': 'metal', 'shape': 'sphere', 'size': 'small'}, {'id': '4-3', 'position': [-0.0994281992316246, -0.14528319239616394, 0.345111608505249], 'color': 'purple', 'material': 'metal', 'shape': 'cube', 'size': 'small'}
THRESHOLD relate_front objs = {'id': '4-0', 'position': [1.2311512231826782, -0.0008519599214196205, 0.3402206301689148], 'color': 'cyan', 'material': 'metal', 'shape': 'sphere', 'size': 'small'}, {'id': '4-2', 'position': [2.7000949382781982, 0.16389676928520203, 0.33952799439430237], 'color': 'purple', 'material': 'rubber', 'shape': 'cube', 'size': 'small'}
THRESHOLD relate_behind objs = {'id': '4-1', 'position': [-1.4054239988327026, -0.07323941588401794, 0.34280264377593994], 'color': 'cyan', 'material': 'metal', 'shape': 'sphere', 'size': 'small'}, {'id': '4-3', 'position': [-0.0994281992316246, -0.14528319239616394, 0.345111608505249], 'color': 'purple', 'material': 'metal', 'shape': 'cube', 'size': 'small'}
THRESHOLD relate_front objs = {'id': '4-1', 'position': [-1.4054239988327026, -0.07323941588401794, 0.34280264377593994], 'color': 'cyan', 'material': 'metal', 'shape': 'sphere', 'size': 'small'}, {'id': '4-0', 'position': [1.2311512231826782, -0.0008519599214196205, 0.3402206301689148], 'color': 'cyan', 'material': 'metal', 'shape': 'sphere', 'size': 'small'}
THRESHOLD relate_front objs = {'id': '4-1', 'position': [-1.4054239988327026, -0.07323941588401794, 0.34280264377593994], 'color': 'cyan', 'material': 'metal', 'shape': 'sphere', 'size': 'small'}, {'id': '4-2', 'position': [2.7000949382781982, 0.16389676928520203, 0.33952799439430237], 'color': 'purple', 'material': 'rubber', 'shape': 'cube', 'size': 'small'}
THRESHOLD relate_behind objs = {'id': '4-2', 'position': [2.7000949382781982, 0.16389676928520203, 0.33952799439430237], 'color': 'purple', 'material': 'rubber', 'shape': 'cube', 'size': 'small'}, {'id': '4-0', 'position': [1.2311512231826782, -0.0008519599214196205, 0.3402206301689148], 'color': 'cyan', 'material': 'metal', 'shape': 'sphere', 'size': 'small'}
THRESHOLD relate_behind objs = {'id': '4-2', 'position': [2.7000949382781982, 0.16389676928520203, 0.33952799439430237], 'color': 'purple', 'material': 'rubber', 'shape': 'cube', 'size': 'small'}, {'id': '4-1', 'position': [-1.4054239988327026, -0.07323941588401794, 0.34280264377593994], 'color': 'cyan', 'material': 'metal', 'shape': 'sphere', 'size': 'small'}
THRESHOLD relate_behind objs = {'id': '4-2', 'position': [2.7000949382781982, 0.16389676928520203, 0.33952799439430237], 'color': 'purple', 'material': 'rubber', 'shape': 'cube', 'size': 'small'}, {'id': '4-3', 'position': [-0.0994281992316246, -0.14528319239616394, 0.345111608505249], 'color': 'purple', 'material': 'metal', 'shape': 'cube', 'size': 'small'}
THRESHOLD relate_front objs = {'id': '4-3', 'position': [-0.0994281992316246, -0.14528319239616394, 0.345111608505249], 'color': 'purple', 'material': 'metal', 'shape': 'cube', 'size': 'small'}, {'id': '4-0', 'position': [1.2311512231826782, -0.0008519599214196205, 0.3402206301689148], 'color': 'cyan', 'material': 'metal', 'shape': 'sphere', 'size': 'small'}
THRESHOLD relate_front objs = {'id': '4-3', 'position': [-0.0994281992316246, -0.14528319239616394, 0.345111608505249], 'color': 'purple', 'material': 'metal', 'shape': 'cube', 'size': 'small'}, {'id': '4-1', 'position': [-1.4054239988327026, -0.07323941588401794, 0.34280264377593994], 'color': 'cyan', 'material': 'metal', 'shape': 'sphere', 'size': 'small'}
THRESHOLD relate_front objs = {'id': '4-3', 'position': [-0.0994281992316246, -0.14528319239616394, 0.345111608505249], 'color': 'purple', 'material': 'metal', 'shape': 'cube', 'size': 'small'}, {'id': '4-2', 'position': [2.7000949382781982, 0.16389676928520203, 0.33952799439430237], 'color': 'purple', 'material': 'rubber', 'shape': 'cube', 'size': 'small'}
5.json in train
THRESHOLD relate_behind objs = {'id': '5-0', 'position': [1.50324285030365, 0.06050998717546463, 0.3379862904548645], 'color': 'cyan', 'material': 'metal', 'shape': 'cube', 'size': 'small'}, {'id': '5-1', 'position': [-1.3407554626464844, -0.2835180461406708, 0.6950260400772095], 'color': 'purple', 'material': 'rubber', 'shape': 'sphere', 'size': 'large'}
THRESHOLD relate_front objs = {'id': '5-1', 'position': [-1.3407554626464844, -0.2835180461406708, 0.6950260400772095], 'color': 'purple', 'material': 'rubber', 'shape': 'sphere', 'size': 'large'}, {'id': '5-0', 'position': [1.50324285030365, 0.06050998717546463, 0.3379862904548645], 'color': 'cyan', 'material': 'metal', 'shape': 'cube', 'size': 'small'}
