Started Logging. 2022-07-09 21:27:32.343962

0.json in train
THRESHOLD relate_front objs = {'id': '0-0', 'position': [-2.7888858318328857, -0.11312760412693024, 0.6949862241744995], 'color': 'brown', 'material': 'metal', 'shape': 'sphere', 'size': 'large'}, {'id': '0-1', 'position': [-0.0212414488196373, 0.07239247113466263, 0.6865107417106628], 'color': 'purple', 'material': 'metal', 'shape': 'cube', 'size': 'large'}
THRESHOLD relate_behind objs = {'id': '0-1', 'position': [-0.0212414488196373, 0.07239247113466263, 0.6865107417106628], 'color': 'purple', 'material': 'metal', 'shape': 'cube', 'size': 'large'}, {'id': '0-0', 'position': [-2.7888858318328857, -0.11312760412693024, 0.6949862241744995], 'color': 'brown', 'material': 'metal', 'shape': 'sphere', 'size': 'large'}
1.json in test
THRESHOLD relate_behind objs = {'id': '1-0', 'position': [2.933812141418457, 0.20341122150421143, 0.6817042827606201], 'color': 'cyan', 'material': 'metal', 'shape': 'sphere', 'size': 'large'}, {'id': '1-2', 'position': [0.2038998305797577, 0.03897702321410179, 0.6879721879959106], 'color': 'red', 'material': 'metal', 'shape': 'cube', 'size': 'large'}
THRESHOLD relate_front objs = {'id': '1-1', 'position': [-2.6445772647857666, -0.2684246301651001, 0.6995457410812378], 'color': 'cyan', 'material': 'metal', 'shape': 'sphere', 'size': 'large'}, {'id': '1-2', 'position': [0.2038998305797577, 0.03897702321410179, 0.6879721879959106], 'color': 'red', 'material': 'metal', 'shape': 'cube', 'size': 'large'}
THRESHOLD relate_behind objs = {'id': '1-2', 'position': [0.2038998305797577, 0.03897702321410179, 0.6879721879959106], 'color': 'red', 'material': 'metal', 'shape': 'cube', 'size': 'large'}, {'id': '1-1', 'position': [-2.6445772647857666, -0.2684246301651001, 0.6995457410812378], 'color': 'cyan', 'material': 'metal', 'shape': 'sphere', 'size': 'large'}
THRESHOLD relate_front objs = {'id': '1-2', 'position': [0.2038998305797577, 0.03897702321410179, 0.6879721879959106], 'color': 'red', 'material': 'metal', 'shape': 'cube', 'size': 'large'}, {'id': '1-0', 'position': [2.933812141418457, 0.20341122150421143, 0.6817042827606201], 'color': 'cyan', 'material': 'metal', 'shape': 'sphere', 'size': 'large'}
2.json in test
THRESHOLD relate_behind objs = {'id': '2-0', 'position': [-0.02711588889360428, 0.030584175139665604, 0.6897920370101929], 'color': 'cyan', 'material': 'metal', 'shape': 'sphere', 'size': 'large'}, {'id': '2-1', 'position': [-2.8375349044799805, -0.34434136748313904, 0.699013352394104], 'color': 'purple', 'material': 'metal', 'shape': 'cube', 'size': 'large'}
THRESHOLD relate_front objs = {'id': '2-1', 'position': [-2.8375349044799805, -0.34434136748313904, 0.699013352394104], 'color': 'purple', 'material': 'metal', 'shape': 'cube', 'size': 'large'}, {'id': '2-0', 'position': [-0.02711588889360428, 0.030584175139665604, 0.6897920370101929], 'color': 'cyan', 'material': 'metal', 'shape': 'sphere', 'size': 'large'}
3.json in test
THRESHOLD relate_front objs = {'id': '3-0', 'position': [0.21901220083236694, 0.07635500282049179, 0.6883418560028076], 'color': 'cyan', 'material': 'metal', 'shape': 'sphere', 'size': 'large'}, {'id': '3-1', 'position': [2.772923469543457, 0.20567739009857178, 0.6815138459205627], 'color': 'red', 'material': 'metal', 'shape': 'cube', 'size': 'large'}
THRESHOLD relate_behind objs = {'id': '3-1', 'position': [2.772923469543457, 0.20567739009857178, 0.6815138459205627], 'color': 'red', 'material': 'metal', 'shape': 'cube', 'size': 'large'}, {'id': '3-0', 'position': [0.21901220083236694, 0.07635500282049179, 0.6883418560028076], 'color': 'cyan', 'material': 'metal', 'shape': 'sphere', 'size': 'large'}
4.json in train
THRESHOLD relate_behind objs = {'id': '4-0', 'position': [2.6946663856506348, 0.16881880164146423, 0.33906427025794983], 'color': 'brown', 'material': 'rubber', 'shape': 'cube', 'size': 'small'}, {'id': '4-1', 'position': [-0.125887930393219, -0.02405545487999916, 0.3445720672607422], 'color': 'brown', 'material': 'metal', 'shape': 'cube', 'size': 'small'}
THRESHOLD relate_behind objs = {'id': '4-0', 'position': [2.6946663856506348, 0.16881880164146423, 0.33906427025794983], 'color': 'brown', 'material': 'rubber', 'shape': 'cube', 'size': 'small'}, {'id': '4-2', 'position': [-1.4334381818771362, -0.1488713026046753, 0.3429068326950073], 'color': 'purple', 'material': 'metal', 'shape': 'sphere', 'size': 'small'}
THRESHOLD relate_behind objs = {'id': '4-0', 'position': [2.6946663856506348, 0.16881880164146423, 0.33906427025794983], 'color': 'brown', 'material': 'rubber', 'shape': 'cube', 'size': 'small'}, {'id': '4-3', 'position': [1.2884472608566284, 0.10391206294298172, 0.34207451343536377], 'color': 'purple', 'material': 'metal', 'shape': 'sphere', 'size': 'small'}
THRESHOLD relate_behind objs = {'id': '4-1', 'position': [-0.125887930393219, -0.02405545487999916, 0.3445720672607422], 'color': 'brown', 'material': 'metal', 'shape': 'cube', 'size': 'small'}, {'id': '4-2', 'position': [-1.4334381818771362, -0.1488713026046753, 0.3429068326950073], 'color': 'purple', 'material': 'metal', 'shape': 'sphere', 'size': 'small'}
THRESHOLD relate_front objs = {'id': '4-1', 'position': [-0.125887930393219, -0.02405545487999916, 0.3445720672607422], 'color': 'brown', 'material': 'metal', 'shape': 'cube', 'size': 'small'}, {'id': '4-0', 'position': [2.6946663856506348, 0.16881880164146423, 0.33906427025794983], 'color': 'brown', 'material': 'rubber', 'shape': 'cube', 'size': 'small'}
THRESHOLD relate_front objs = {'id': '4-1', 'position': [-0.125887930393219, -0.02405545487999916, 0.3445720672607422], 'color': 'brown', 'material': 'metal', 'shape': 'cube', 'size': 'small'}, {'id': '4-3', 'position': [1.2884472608566284, 0.10391206294298172, 0.34207451343536377], 'color': 'purple', 'material': 'metal', 'shape': 'sphere', 'size': 'small'}
THRESHOLD relate_front objs = {'id': '4-2', 'position': [-1.4334381818771362, -0.1488713026046753, 0.3429068326950073], 'color': 'purple', 'material': 'metal', 'shape': 'sphere', 'size': 'small'}, {'id': '4-0', 'position': [2.6946663856506348, 0.16881880164146423, 0.33906427025794983], 'color': 'brown', 'material': 'rubber', 'shape': 'cube', 'size': 'small'}
THRESHOLD relate_front objs = {'id': '4-2', 'position': [-1.4334381818771362, -0.1488713026046753, 0.3429068326950073], 'color': 'purple', 'material': 'metal', 'shape': 'sphere', 'size': 'small'}, {'id': '4-1', 'position': [-0.125887930393219, -0.02405545487999916, 0.3445720672607422], 'color': 'brown', 'material': 'metal', 'shape': 'cube', 'size': 'small'}
THRESHOLD relate_front objs = {'id': '4-2', 'position': [-1.4334381818771362, -0.1488713026046753, 0.3429068326950073], 'color': 'purple', 'material': 'metal', 'shape': 'sphere', 'size': 'small'}, {'id': '4-3', 'position': [1.2884472608566284, 0.10391206294298172, 0.34207451343536377], 'color': 'purple', 'material': 'metal', 'shape': 'sphere', 'size': 'small'}
THRESHOLD relate_behind objs = {'id': '4-3', 'position': [1.2884472608566284, 0.10391206294298172, 0.34207451343536377], 'color': 'purple', 'material': 'metal', 'shape': 'sphere', 'size': 'small'}, {'id': '4-1', 'position': [-0.125887930393219, -0.02405545487999916, 0.3445720672607422], 'color': 'brown', 'material': 'metal', 'shape': 'cube', 'size': 'small'}
THRESHOLD relate_behind objs = {'id': '4-3', 'position': [1.2884472608566284, 0.10391206294298172, 0.34207451343536377], 'color': 'purple', 'material': 'metal', 'shape': 'sphere', 'size': 'small'}, {'id': '4-2', 'position': [-1.4334381818771362, -0.1488713026046753, 0.3429068326950073], 'color': 'purple', 'material': 'metal', 'shape': 'sphere', 'size': 'small'}
THRESHOLD relate_front objs = {'id': '4-3', 'position': [1.2884472608566284, 0.10391206294298172, 0.34207451343536377], 'color': 'purple', 'material': 'metal', 'shape': 'sphere', 'size': 'small'}, {'id': '4-0', 'position': [2.6946663856506348, 0.16881880164146423, 0.33906427025794983], 'color': 'brown', 'material': 'rubber', 'shape': 'cube', 'size': 'small'}
5.json in train
THRESHOLD relate_front objs = {'id': '5-0', 'position': [-1.356075644493103, -0.2899148166179657, 0.6949260234832764], 'color': 'brown', 'material': 'rubber', 'shape': 'sphere', 'size': 'large'}, {'id': '5-1', 'position': [1.5086103677749634, -0.08436916768550873, 0.34062594175338745], 'color': 'purple', 'material': 'metal', 'shape': 'cube', 'size': 'small'}
THRESHOLD relate_behind objs = {'id': '5-1', 'position': [1.5086103677749634, -0.08436916768550873, 0.34062594175338745], 'color': 'purple', 'material': 'metal', 'shape': 'cube', 'size': 'small'}, {'id': '5-0', 'position': [-1.356075644493103, -0.2899148166179657, 0.6949260234832764], 'color': 'brown', 'material': 'rubber', 'shape': 'sphere', 'size': 'large'}
