Started Logging. 2022-07-09 22:54:25.096501

found bundled python: /home/ubuntu/vdp/data/blender-2.78c-linux-glibc219-x86_64/2.78/python
read blend: /home/ubuntu/vdp/data/clevr_scene_data/base_scene.blend
convertViewVec: called in an invalid context
convertViewVec: called in an invalid context
convertViewVec: called in an invalid context
Fra:1 Mem:12.12M (0.00M, Peak 12.12M) | Time:00:00.00 | Preparing Scene data
Fra:1 Mem:15.44M (0.00M, Peak 15.62M) | Time:00:00.00 | Preparing Scene data
Fra:1 Mem:15.44M (0.00M, Peak 15.62M) | Time:00:00.00 | Creating Shadowbuffers
Fra:1 Mem:15.44M (0.00M, Peak 15.62M) | Time:00:00.00 | Raytree.. preparing
Fra:1 Mem:18.84M (0.00M, Peak 18.84M) | Time:00:00.00 | Raytree.. building
Fra:1 Mem:18.66M (0.00M, Peak 23.97M) | Time:00:00.06 | Raytree finished
Fra:1 Mem:18.66M (0.00M, Peak 23.97M) | Time:00:00.06 | Creating Environment maps
Fra:1 Mem:18.66M (0.00M, Peak 23.97M) | Time:00:00.06 | Caching Point Densities
Fra:1 Mem:18.66M (0.00M, Peak 23.97M) | Time:00:00.06 | Sce: Scene Ve:22866 Fa:24783 La:1
Fra:1 Mem:18.66M (0.00M, Peak 23.97M) | Time:00:00.06 | Loading voxel datasets
Fra:1 Mem:18.66M (0.00M, Peak 23.97M) | Time:00:00.06 | Sce: Scene Ve:22866 Fa:24783 La:1
Fra:1 Mem:18.66M (0.00M, Peak 23.97M) | Time:00:00.06 | Sce: Scene Ve:22866 Fa:24783 La:1
Fra:1 Mem:18.66M (0.00M, Peak 23.97M) | Time:00:00.06 | Volume preprocessing
Fra:1 Mem:18.66M (0.00M, Peak 23.97M) | Time:00:00.06 | Sce: Scene Ve:22866 Fa:24783 La:1
Fra:1 Mem:18.66M (0.00M, Peak 23.97M) | Time:00:00.06 | Sce: Scene Ve:22866 Fa:24783 La:1
Fra:1 Mem:23.01M (0.00M, Peak 23.97M) | Time:00:00.06 | Scene, Part 3-4
Fra:1 Mem:22.69M (0.00M, Peak 23.97M) | Time:00:00.06 | Scene, Part 4-4
Fra:1 Mem:21.76M (0.00M, Peak 23.97M) | Time:00:00.07 | Scene, Part 2-4
Fra:1 Mem:19.91M (0.00M, Peak 23.97M) | Time:00:00.07 | Scene, Part 1-4
Fra:1 Mem:12.00M (0.00M, Peak 23.97M) | Time:00:00.07 | Sce: Scene Ve:22866 Fa:24783 La:1
Saved: '/tmp/tmpdd7xcjl6.png'
 Time: 00:00.12 (Saving: 00:00.04)

Fra:1 Mem:12.03M (0.00M, Peak 12.63M) | Time:00:00.04 | Mem:0.00M, Peak:0.00M | Scene, RenderLayer | Synchronizing object | Area
Fra:1 Mem:12.03M (0.00M, Peak 12.63M) | Time:00:00.04 | Mem:0.00M, Peak:0.00M | Scene, RenderLayer | Synchronizing object | Ground
Fra:1 Mem:12.10M (0.00M, Peak 12.63M) | Time:00:00.04 | Mem:0.00M, Peak:0.00M | Scene, RenderLayer | Synchronizing object | Empty
Fra:1 Mem:12.10M (0.00M, Peak 12.63M) | Time:00:00.04 | Mem:0.00M, Peak:0.00M | Scene, RenderLayer | Synchronizing object | Lamp_Back
Fra:1 Mem:12.10M (0.00M, Peak 12.63M) | Time:00:00.04 | Mem:0.00M, Peak:0.00M | Scene, RenderLayer | Synchronizing object | Lamp_Fill
Fra:1 Mem:12.10M (0.00M, Peak 12.63M) | Time:00:00.04 | Mem:0.00M, Peak:0.00M | Scene, RenderLayer | Synchronizing object | Lamp_Key
Fra:1 Mem:12.10M (0.00M, Peak 12.63M) | Time:00:00.04 | Mem:0.00M, Peak:0.00M | Scene, RenderLayer | Synchronizing object | Camera
Fra:1 Mem:12.10M (0.00M, Peak 12.63M) | Time:00:00.04 | Mem:0.00M, Peak:0.00M | Scene, RenderLayer | Synchronizing object | Sphere_0
Fra:1 Mem:13.60M (0.00M, Peak 15.03M) | Time:00:00.05 | Mem:0.00M, Peak:0.00M | Scene, RenderLayer | Synchronizing object | SmoothCube_v2_0
Fra:1 Mem:13.96M (0.00M, Peak 15.03M) | Time:00:00.05 | Mem:0.00M, Peak:0.00M | Scene, RenderLayer | Synchronizing object | SmoothCube_v2_1
Fra:1 Mem:14.33M (0.00M, Peak 15.03M) | Time:00:00.05 | Mem:0.00M, Peak:0.00M | Scene, RenderLayer | Initializing
Fra:1 Mem:14.33M (0.00M, Peak 15.03M) | Time:00:00.05 | Mem:0.00M, Peak:0.00M | Scene, RenderLayer | Loading render kernels (may take a few minutes the first time)
Fra:1 Mem:14.33M (0.00M, Peak 17.03M) | Time:00:00.07 | Mem:0.00M, Peak:0.00M | Scene, RenderLayer | Waiting for render to start
Fra:1 Mem:14.33M (0.00M, Peak 17.03M) | Time:00:00.07 | Mem:0.00M, Peak:0.00M | Scene, RenderLayer | Updating Scene
Fra:1 Mem:14.33M (0.00M, Peak 17.03M) | Time:00:00.07 | Mem:0.00M, Peak:0.00M | Scene, RenderLayer | Updating Shaders
Fra:1 Mem:14.83M (0.00M, Peak 17.03M) | Time:00:00.15 | Mem:0.00M, Peak:0.00M | Scene, RenderLayer | Updating Background
Fra:1 Mem:14.83M (0.00M, Peak 17.03M) | Time:00:00.15 | Mem:0.00M, Peak:0.00M | Scene, RenderLayer | Updating Camera
Fra:1 Mem:14.83M (0.00M, Peak 17.03M) | Time:00:00.15 | Mem:0.00M, Peak:0.00M | Scene, RenderLayer | Updating Meshes Flags
Fra:1 Mem:14.83M (0.00M, Peak 17.03M) | Time:00:00.15 | Mem:0.00M, Peak:0.00M | Scene, RenderLayer | Updating Objects
Fra:1 Mem:14.83M (0.00M, Peak 17.03M) | Time:00:00.15 | Mem:0.00M, Peak:0.00M | Scene, RenderLayer | Updating Objects | Copying Transformations to device
Fra:1 Mem:14.83M (0.00M, Peak 17.03M) | Time:00:00.15 | Mem:0.00M, Peak:0.00M | Scene, RenderLayer | Updating Objects | Applying Static Transformations
Fra:1 Mem:14.83M (0.00M, Peak 17.03M) | Time:00:00.15 | Mem:0.00M, Peak:0.00M | Scene, RenderLayer | Updating Meshes
Fra:1 Mem:15.55M (0.00M, Peak 17.03M) | Time:00:00.15 | Mem:0.00M, Peak:0.00M | Scene, RenderLayer | Updating Mesh | Computing attributes
Fra:1 Mem:15.90M (0.00M, Peak 17.03M) | Time:00:00.15 | Mem:0.00M, Peak:0.00M | Scene, RenderLayer | Updating Mesh | Copying Attributes to device
Fra:1 Mem:15.90M (0.00M, Peak 17.03M) | Time:00:00.15 | Mem:0.35M, Peak:0.35M | Scene, RenderLayer | Updating Scene BVH | Building
Fra:1 Mem:15.90M (0.00M, Peak 17.03M) | Time:00:00.15 | Mem:0.35M, Peak:0.35M | Scene, RenderLayer | Updating Scene BVH | Building BVH
Fra:1 Mem:18.60M (0.00M, Peak 18.60M) | Time:00:00.18 | Mem:0.35M, Peak:0.35M | Scene, RenderLayer | Updating Scene BVH | Packing BVH triangles and strands
Fra:1 Mem:21.12M (0.00M, Peak 21.12M) | Time:00:00.18 | Mem:0.35M, Peak:0.35M | Scene, RenderLayer | Updating Scene BVH | Packing BVH nodes
Fra:1 Mem:19.67M (0.00M, Peak 21.83M) | Time:00:00.19 | Mem:0.35M, Peak:0.35M | Scene, RenderLayer | Updating Scene BVH | Copying BVH to device
Fra:1 Mem:19.85M (0.00M, Peak 21.83M) | Time:00:00.19 | Mem:4.12M, Peak:4.12M | Scene, RenderLayer | Updating Mesh | Computing normals
Fra:1 Mem:21.48M (0.00M, Peak 21.83M) | Time:00:00.19 | Mem:4.12M, Peak:4.12M | Scene, RenderLayer | Updating Mesh | Copying Mesh to device
Fra:1 Mem:21.30M (0.00M, Peak 21.83M) | Time:00:00.19 | Mem:5.75M, Peak:5.75M | Scene, RenderLayer | Updating Objects Flags
Fra:1 Mem:21.30M (0.00M, Peak 21.83M) | Time:00:00.19 | Mem:5.75M, Peak:5.75M | Scene, RenderLayer | Updating Images
Fra:1 Mem:21.30M (0.00M, Peak 21.83M) | Time:00:00.19 | Mem:5.75M, Peak:5.75M | Scene, RenderLayer | Updating Camera Volume
Fra:1 Mem:21.30M (0.00M, Peak 21.83M) | Time:00:00.19 | Mem:5.75M, Peak:5.75M | Scene, RenderLayer | Updating Hair Systems
Fra:1 Mem:21.30M (0.00M, Peak 21.83M) | Time:00:00.19 | Mem:5.75M, Peak:5.75M | Scene, RenderLayer | Updating Hair settings | Copying Hair settings to device
Fra:1 Mem:21.30M (0.00M, Peak 21.83M) | Time:00:00.19 | Mem:5.75M, Peak:5.75M | Scene, RenderLayer | Updating Lookup Tables
Fra:1 Mem:21.30M (0.00M, Peak 21.83M) | Time:00:00.19 | Mem:6.00M, Peak:6.00M | Scene, RenderLayer | Updating Lights
Fra:1 Mem:21.30M (0.00M, Peak 21.83M) | Time:00:00.19 | Mem:6.00M, Peak:6.00M | Scene, RenderLayer | Updating Lights | Computing distribution
Fra:1 Mem:21.30M (0.00M, Peak 21.83M) | Time:00:00.19 | Mem:6.00M, Peak:6.00M | Scene, RenderLayer | Updating Particle Systems
Fra:1 Mem:21.30M (0.00M, Peak 21.83M) | Time:00:00.19 | Mem:6.00M, Peak:6.00M | Scene, RenderLayer | Updating Particle Systems | Copying Particles to device
Fra:1 Mem:21.30M (0.00M, Peak 21.83M) | Time:00:00.19 | Mem:6.00M, Peak:6.00M | Scene, RenderLayer | Updating Integrator
Fra:1 Mem:21.34M (0.00M, Peak 21.83M) | Time:00:00.19 | Mem:6.04M, Peak:6.04M | Scene, RenderLayer | Updating Film
Fra:1 Mem:21.34M (0.00M, Peak 21.83M) | Time:00:00.19 | Mem:6.04M, Peak:6.04M | Scene, RenderLayer | Updating Lookup Tables
Fra:1 Mem:21.34M (0.00M, Peak 21.83M) | Time:00:00.19 | Mem:6.04M, Peak:6.04M | Scene, RenderLayer | Updating Baking
Fra:1 Mem:21.34M (0.00M, Peak 21.83M) | Time:00:00.19 | Mem:6.04M, Peak:6.04M | Scene, RenderLayer | Updating Device | Writing constant memory
Fra:1 Mem:21.34M (0.00M, Peak 21.83M) | Time:00:00.19 | Mem:6.04M, Peak:6.04M | Scene, RenderLayer | Path Tracing Tile 0/4, Sample 0/512
Fra:1 Mem:23.59M (0.00M, Peak 24.84M) | Time:00:00.19 | Mem:8.29M, Peak:8.29M | Scene, RenderLayer | Path Tracing Tile 1/4, Sample 0/512
Fra:1 Mem:23.59M (0.00M, Peak 25.84M) | Time:00:01.20 | Remaining:00:12.76 | Mem:8.29M, Peak:8.29M | Scene, RenderLayer | Path Tracing Tile 1/4, Sample 88/512
Fra:1 Mem:23.59M (0.00M, Peak 25.84M) | Time:00:02.21 | Remaining:00:11.73 | Mem:8.29M, Peak:8.29M | Scene, RenderLayer | Path Tracing Tile 1/4, Sample 176/512
Fra:1 Mem:23.59M (0.00M, Peak 25.84M) | Time:00:03.21 | Remaining:00:10.71 | Mem:8.29M, Peak:8.29M | Scene, RenderLayer | Path Tracing Tile 1/4, Sample 264/512
Fra:1 Mem:23.59M (0.00M, Peak 25.84M) | Time:00:04.22 | Remaining:00:09.70 | Mem:8.29M, Peak:8.29M | Scene, RenderLayer | Path Tracing Tile 1/4, Sample 352/512
Fra:1 Mem:23.59M (0.00M, Peak 25.84M) | Time:00:05.22 | Remaining:00:08.71 | Mem:8.29M, Peak:8.29M | Scene, RenderLayer | Path Tracing Tile 1/4, Sample 439/512
Fra:1 Mem:21.34M (0.00M, Peak 25.84M) | Time:00:06.06 | Remaining:00:07.89 | Mem:6.04M, Peak:8.29M | Scene, RenderLayer | Path Tracing Tile 1/4, Sample 512/512
Fra:1 Mem:23.31M (0.00M, Peak 25.84M) | Time:00:06.07 | Remaining:00:07.89 | Mem:8.01M, Peak:8.29M | Scene, RenderLayer | Path Tracing Tile 2/4, Sample 512/512
Fra:1 Mem:23.31M (0.00M, Peak 25.84M) | Time:00:06.23 | Remaining:00:07.68 | Mem:8.01M, Peak:8.29M | Scene, RenderLayer | Path Tracing Tile 2/4, Sample 18/512
Fra:1 Mem:23.31M (0.00M, Peak 25.84M) | Time:00:07.23 | Remaining:00:06.45 | Mem:8.01M, Peak:8.29M | Scene, RenderLayer | Path Tracing Tile 2/4, Sample 130/512
Fra:1 Mem:23.31M (0.00M, Peak 25.84M) | Time:00:08.23 | Remaining:00:05.29 | Mem:8.01M, Peak:8.29M | Scene, RenderLayer | Path Tracing Tile 2/4, Sample 242/512
Fra:1 Mem:23.31M (0.00M, Peak 25.84M) | Time:00:09.24 | Remaining:00:04.16 | Mem:8.01M, Peak:8.29M | Scene, RenderLayer | Path Tracing Tile 2/4, Sample 354/512
Fra:1 Mem:23.31M (0.00M, Peak 25.84M) | Time:00:10.24 | Remaining:00:03.07 | Mem:8.01M, Peak:8.29M | Scene, RenderLayer | Path Tracing Tile 2/4, Sample 465/512
Fra:1 Mem:21.34M (0.00M, Peak 25.84M) | Time:00:10.67 | Remaining:00:02.61 | Mem:6.04M, Peak:8.29M | Scene, RenderLayer | Path Tracing Tile 2/4, Sample 512/512
Fra:1 Mem:21.90M (0.00M, Peak 25.84M) | Time:00:10.67 | Remaining:00:02.61 | Mem:6.60M, Peak:8.29M | Scene, RenderLayer | Path Tracing Tile 3/4, Sample 512/512
Fra:1 Mem:21.90M (0.00M, Peak 25.84M) | Time:00:11.25 | Remaining:00:02.29 | Mem:6.60M, Peak:8.29M | Scene, RenderLayer | Path Tracing Tile 3/4, Sample 135/512
Fra:1 Mem:21.90M (0.00M, Peak 25.84M) | Time:00:12.25 | Remaining:00:01.69 | Mem:6.60M, Peak:8.29M | Scene, RenderLayer | Path Tracing Tile 3/4, Sample 367/512
Fra:1 Mem:21.34M (0.00M, Peak 25.84M) | Time:00:13.22 | Remaining:00:01.34 | Mem:6.04M, Peak:8.29M | Scene, RenderLayer | Path Tracing Tile 3/4, Sample 512/512
Fra:1 Mem:21.83M (0.00M, Peak 25.84M) | Time:00:13.22 | Remaining:00:01.34 | Mem:6.53M, Peak:8.29M | Scene, RenderLayer | Path Tracing Tile 4/4, Sample 512/512
Fra:1 Mem:21.83M (0.00M, Peak 25.84M) | Time:00:13.25 | Remaining:00:01.33 | Mem:6.53M, Peak:8.29M | Scene, RenderLayer | Path Tracing Tile 4/4, Sample 4/512
Fra:1 Mem:21.83M (0.00M, Peak 25.84M) | Time:00:14.25 | Remaining:00:00.69 | Mem:6.53M, Peak:8.29M | Scene, RenderLayer | Path Tracing Tile 4/4, Sample 253/512
Fra:1 Mem:21.83M (0.00M, Peak 25.84M) | Time:00:15.26 | Remaining:00:00.01 | Mem:6.53M, Peak:8.29M | Scene, RenderLayer | Path Tracing Tile 4/4, Sample 505/512
Fra:1 Mem:21.34M (0.00M, Peak 25.84M) | Time:00:15.29 | Mem:6.04M, Peak:8.29M | Scene, RenderLayer | Path Tracing Tile 4/4, Sample 512/512
Fra:1 Mem:21.34M (0.00M, Peak 25.84M) | Time:00:15.29 | Mem:6.04M, Peak:8.29M | Scene, RenderLayer | Finished
Fra:1 Mem:12.28M (0.00M, Peak 25.84M) | Time:00:15.36 | Sce: Scene Ve:0 Fa:0 La:0
Saved: 'data/clevr-cleaned-variants/aphaeresis/fovariant-17/render/images/CLEVR_val_000000.png'
 Time: 00:15.40 (Saving: 00:00.03)

read blend: /home/ubuntu/vdp/data/clevr_scene_data/base_scene.blend
convertViewVec: called in an invalid context
convertViewVec: called in an invalid context
convertViewVec: called in an invalid context
Fra:1 Mem:19.90M (0.00M, Peak 19.90M) | Time:00:00.00 | Preparing Scene data
Fra:1 Mem:30.04M (0.00M, Peak 32.19M) | Time:00:00.02 | Preparing Scene data
Fra:1 Mem:30.04M (0.00M, Peak 32.19M) | Time:00:00.02 | Creating Shadowbuffers
Fra:1 Mem:30.04M (0.00M, Peak 32.19M) | Time:00:00.02 | Raytree.. preparing
Fra:1 Mem:41.28M (0.00M, Peak 41.28M) | Time:00:00.03 | Raytree.. building
Fra:1 Mem:40.67M (0.00M, Peak 58.22M) | Time:00:00.21 | Raytree finished
Fra:1 Mem:40.67M (0.00M, Peak 58.22M) | Time:00:00.21 | Creating Environment maps
Fra:1 Mem:40.67M (0.00M, Peak 58.22M) | Time:00:00.21 | Caching Point Densities
Fra:1 Mem:40.67M (0.00M, Peak 58.22M) | Time:00:00.21 | Sce: Scene Ve:86022 Fa:81857 La:1
Fra:1 Mem:40.67M (0.00M, Peak 58.22M) | Time:00:00.21 | Loading voxel datasets
Fra:1 Mem:40.67M (0.00M, Peak 58.22M) | Time:00:00.21 | Sce: Scene Ve:86022 Fa:81857 La:1
Fra:1 Mem:40.68M (0.00M, Peak 58.22M) | Time:00:00.21 | Sce: Scene Ve:86022 Fa:81857 La:1
Fra:1 Mem:40.68M (0.00M, Peak 58.22M) | Time:00:00.21 | Volume preprocessing
Fra:1 Mem:40.68M (0.00M, Peak 58.22M) | Time:00:00.21 | Sce: Scene Ve:86022 Fa:81857 La:1
Fra:1 Mem:40.68M (0.00M, Peak 58.22M) | Time:00:00.21 | Sce: Scene Ve:86022 Fa:81857 La:1
Fra:1 Mem:44.75M (0.00M, Peak 58.22M) | Time:00:00.22 | Scene, Part 3-4
Fra:1 Mem:44.71M (0.00M, Peak 58.22M) | Time:00:00.22 | Scene, Part 4-4
Fra:1 Mem:43.68M (0.00M, Peak 58.22M) | Time:00:00.23 | Scene, Part 1-4
Fra:1 Mem:41.77M (0.00M, Peak 58.22M) | Time:00:00.23 | Scene, Part 2-4
Fra:1 Mem:19.79M (0.00M, Peak 58.22M) | Time:00:00.24 | Sce: Scene Ve:86022 Fa:81857 La:1
Saved: '/tmp/tmpuooxg9h_.png'
 Time: 00:00.25 (Saving: 00:00.01)

Fra:1 Mem:19.82M (0.00M, Peak 20.42M) | Time:00:00.05 | Mem:0.00M, Peak:0.00M | Scene, RenderLayer | Synchronizing object | Area
Fra:1 Mem:19.82M (0.00M, Peak 20.42M) | Time:00:00.05 | Mem:0.00M, Peak:0.00M | Scene, RenderLayer | Synchronizing object | Ground
Fra:1 Mem:19.89M (0.00M, Peak 20.42M) | Time:00:00.05 | Mem:0.00M, Peak:0.00M | Scene, RenderLayer | Synchronizing object | Empty
Fra:1 Mem:19.89M (0.00M, Peak 20.42M) | Time:00:00.05 | Mem:0.00M, Peak:0.00M | Scene, RenderLayer | Synchronizing object | Lamp_Back
Fra:1 Mem:19.89M (0.00M, Peak 20.42M) | Time:00:00.05 | Mem:0.00M, Peak:0.00M | Scene, RenderLayer | Synchronizing object | Lamp_Fill
Fra:1 Mem:19.89M (0.00M, Peak 20.42M) | Time:00:00.05 | Mem:0.00M, Peak:0.00M | Scene, RenderLayer | Synchronizing object | Lamp_Key
Fra:1 Mem:19.89M (0.00M, Peak 20.42M) | Time:00:00.05 | Mem:0.00M, Peak:0.00M | Scene, RenderLayer | Synchronizing object | Camera
Fra:1 Mem:19.89M (0.00M, Peak 20.42M) | Time:00:00.05 | Mem:0.00M, Peak:0.00M | Scene, RenderLayer | Synchronizing object | Sphere_0
Fra:1 Mem:21.38M (0.00M, Peak 22.82M) | Time:00:00.05 | Mem:0.00M, Peak:0.00M | Scene, RenderLayer | Synchronizing object | SmoothCylinder_0
Fra:1 Mem:24.70M (0.00M, Peak 27.79M) | Time:00:00.06 | Mem:0.00M, Peak:0.00M | Scene, RenderLayer | Synchronizing object | SmoothCylinder_1
Fra:1 Mem:28.03M (0.00M, Peak 31.11M) | Time:00:00.08 | Mem:0.00M, Peak:0.00M | Scene, RenderLayer | Initializing
Fra:1 Mem:28.03M (0.00M, Peak 31.11M) | Time:00:00.08 | Mem:0.00M, Peak:0.00M | Scene, RenderLayer | Loading render kernels (may take a few minutes the first time)
Fra:1 Mem:28.03M (0.00M, Peak 31.11M) | Time:00:00.09 | Mem:0.00M, Peak:0.00M | Scene, RenderLayer | Waiting for render to start
Fra:1 Mem:28.03M (0.00M, Peak 31.11M) | Time:00:00.09 | Mem:0.00M, Peak:0.00M | Scene, RenderLayer | Updating Scene
Fra:1 Mem:28.03M (0.00M, Peak 31.11M) | Time:00:00.09 | Mem:0.00M, Peak:0.00M | Scene, RenderLayer | Updating Shaders
Fra:1 Mem:28.28M (0.00M, Peak 31.11M) | Time:00:00.09 | Mem:0.00M, Peak:0.00M | Scene, RenderLayer | Updating Background
Fra:1 Mem:28.28M (0.00M, Peak 31.11M) | Time:00:00.09 | Mem:0.00M, Peak:0.00M | Scene, RenderLayer | Updating Camera
Fra:1 Mem:28.28M (0.00M, Peak 31.11M) | Time:00:00.09 | Mem:0.00M, Peak:0.00M | Scene, RenderLayer | Updating Meshes Flags
Fra:1 Mem:28.28M (0.00M, Peak 31.11M) | Time:00:00.09 | Mem:0.00M, Peak:0.00M | Scene, RenderLayer | Updating Objects
Fra:1 Mem:28.28M (0.00M, Peak 31.11M) | Time:00:00.09 | Mem:0.00M, Peak:0.00M | Scene, RenderLayer | Updating Objects | Copying Transformations to device
Fra:1 Mem:28.28M (0.00M, Peak 31.11M) | Time:00:00.09 | Mem:0.00M, Peak:0.00M | Scene, RenderLayer | Updating Objects | Applying Static Transformations
Fra:1 Mem:28.28M (0.00M, Peak 31.11M) | Time:00:00.09 | Mem:0.00M, Peak:0.00M | Scene, RenderLayer | Updating Meshes
Fra:1 Mem:30.79M (0.00M, Peak 31.11M) | Time:00:00.10 | Mem:0.00M, Peak:0.00M | Scene, RenderLayer | Updating Mesh | Computing attributes
Fra:1 Mem:32.10M (0.00M, Peak 32.10M) | Time:00:00.10 | Mem:0.00M, Peak:0.00M | Scene, RenderLayer | Updating Mesh | Copying Attributes to device
Fra:1 Mem:32.10M (0.00M, Peak 33.41M) | Time:00:00.10 | Mem:1.32M, Peak:1.32M | Scene, RenderLayer | Updating Scene BVH | Building
Fra:1 Mem:32.10M (0.00M, Peak 33.41M) | Time:00:00.10 | Mem:1.32M, Peak:1.32M | Scene, RenderLayer | Updating Scene BVH | Building BVH
Fra:1 Mem:41.50M (0.00M, Peak 41.50M) | Time:00:00.21 | Mem:1.32M, Peak:1.32M | Scene, RenderLayer | Updating Scene BVH | Packing BVH triangles and strands
Fra:1 Mem:50.28M (0.00M, Peak 50.28M) | Time:00:00.22 | Mem:1.32M, Peak:1.32M | Scene, RenderLayer | Updating Scene BVH | Packing BVH nodes
Fra:1 Mem:45.43M (0.00M, Peak 52.95M) | Time:00:00.23 | Mem:1.32M, Peak:1.32M | Scene, RenderLayer | Updating Scene BVH | Copying BVH to device
Fra:1 Mem:46.05M (0.00M, Peak 52.95M) | Time:00:00.24 | Mem:14.64M, Peak:14.64M | Scene, RenderLayer | Updating Mesh | Computing normals
Fra:1 Mem:51.80M (0.00M, Peak 52.95M) | Time:00:00.24 | Mem:14.64M, Peak:14.64M | Scene, RenderLayer | Updating Mesh | Copying Mesh to device
Fra:1 Mem:51.18M (0.00M, Peak 52.95M) | Time:00:00.24 | Mem:20.39M, Peak:20.39M | Scene, RenderLayer | Updating Objects Flags
Fra:1 Mem:51.18M (0.00M, Peak 52.95M) | Time:00:00.24 | Mem:20.39M, Peak:20.39M | Scene, RenderLayer | Updating Images
Fra:1 Mem:51.18M (0.00M, Peak 52.95M) | Time:00:00.24 | Mem:20.39M, Peak:20.39M | Scene, RenderLayer | Updating Camera Volume
Fra:1 Mem:51.18M (0.00M, Peak 52.95M) | Time:00:00.24 | Mem:20.39M, Peak:20.39M | Scene, RenderLayer | Updating Hair Systems
Fra:1 Mem:51.18M (0.00M, Peak 52.95M) | Time:00:00.24 | Mem:20.39M, Peak:20.39M | Scene, RenderLayer | Updating Hair settings | Copying Hair settings to device
Fra:1 Mem:51.18M (0.00M, Peak 52.95M) | Time:00:00.24 | Mem:20.39M, Peak:20.39M | Scene, RenderLayer | Updating Lookup Tables
Fra:1 Mem:51.18M (0.00M, Peak 52.95M) | Time:00:00.24 | Mem:20.64M, Peak:20.64M | Scene, RenderLayer | Updating Lights
Fra:1 Mem:51.18M (0.00M, Peak 52.95M) | Time:00:00.24 | Mem:20.64M, Peak:20.64M | Scene, RenderLayer | Updating Lights | Computing distribution
Fra:1 Mem:51.18M (0.00M, Peak 52.95M) | Time:00:00.24 | Mem:20.64M, Peak:20.64M | Scene, RenderLayer | Updating Particle Systems
Fra:1 Mem:51.18M (0.00M, Peak 52.95M) | Time:00:00.24 | Mem:20.64M, Peak:20.64M | Scene, RenderLayer | Updating Particle Systems | Copying Particles to device
Fra:1 Mem:51.18M (0.00M, Peak 52.95M) | Time:00:00.24 | Mem:20.64M, Peak:20.64M | Scene, RenderLayer | Updating Integrator
Fra:1 Mem:51.22M (0.00M, Peak 52.95M) | Time:00:00.24 | Mem:20.69M, Peak:20.69M | Scene, RenderLayer | Updating Film
Fra:1 Mem:51.22M (0.00M, Peak 52.95M) | Time:00:00.24 | Mem:20.69M, Peak:20.69M | Scene, RenderLayer | Updating Lookup Tables
Fra:1 Mem:51.22M (0.00M, Peak 52.95M) | Time:00:00.24 | Mem:20.69M, Peak:20.69M | Scene, RenderLayer | Updating Baking
Fra:1 Mem:51.22M (0.00M, Peak 52.95M) | Time:00:00.24 | Mem:20.69M, Peak:20.69M | Scene, RenderLayer | Updating Device | Writing constant memory
Fra:1 Mem:51.22M (0.00M, Peak 52.95M) | Time:00:00.24 | Mem:20.69M, Peak:20.69M | Scene, RenderLayer | Path Tracing Tile 0/4, Sample 0/512
Fra:1 Mem:53.47M (0.00M, Peak 54.72M) | Time:00:00.25 | Mem:22.94M, Peak:22.94M | Scene, RenderLayer | Path Tracing Tile 1/4, Sample 0/512
Fra:1 Mem:53.47M (0.00M, Peak 55.72M) | Time:00:01.25 | Remaining:00:11.97 | Mem:22.94M, Peak:22.94M | Scene, RenderLayer | Path Tracing Tile 1/4, Sample 93/512
Fra:1 Mem:53.47M (0.00M, Peak 55.72M) | Time:00:02.25 | Remaining:00:10.94 | Mem:22.94M, Peak:22.94M | Scene, RenderLayer | Path Tracing Tile 1/4, Sample 186/512
Fra:1 Mem:53.47M (0.00M, Peak 55.72M) | Time:00:03.25 | Remaining:00:09.93 | Mem:22.94M, Peak:22.94M | Scene, RenderLayer | Path Tracing Tile 1/4, Sample 279/512
Fra:1 Mem:53.47M (0.00M, Peak 55.72M) | Time:00:04.26 | Remaining:00:08.93 | Mem:22.94M, Peak:22.94M | Scene, RenderLayer | Path Tracing Tile 1/4, Sample 372/512
Fra:1 Mem:53.47M (0.00M, Peak 55.72M) | Time:00:05.26 | Remaining:00:07.93 | Mem:22.94M, Peak:22.94M | Scene, RenderLayer | Path Tracing Tile 1/4, Sample 465/512
Fra:1 Mem:51.22M (0.00M, Peak 55.72M) | Time:00:05.78 | Remaining:00:07.43 | Mem:20.69M, Peak:22.94M | Scene, RenderLayer | Path Tracing Tile 1/4, Sample 512/512
Fra:1 Mem:53.19M (0.00M, Peak 55.72M) | Time:00:05.78 | Remaining:00:07.43 | Mem:22.66M, Peak:22.94M | Scene, RenderLayer | Path Tracing Tile 2/4, Sample 512/512
Fra:1 Mem:53.19M (0.00M, Peak 55.72M) | Time:00:06.27 | Remaining:00:06.94 | Mem:22.66M, Peak:22.94M | Scene, RenderLayer | Path Tracing Tile 2/4, Sample 52/512
Fra:1 Mem:53.19M (0.00M, Peak 55.72M) | Time:00:07.28 | Remaining:00:05.92 | Mem:22.66M, Peak:22.94M | Scene, RenderLayer | Path Tracing Tile 2/4, Sample 159/512
Fra:1 Mem:53.19M (0.00M, Peak 55.72M) | Time:00:08.29 | Remaining:00:04.91 | Mem:22.66M, Peak:22.94M | Scene, RenderLayer | Path Tracing Tile 2/4, Sample 266/512
Fra:1 Mem:53.19M (0.00M, Peak 55.72M) | Time:00:09.29 | Remaining:00:03.91 | Mem:22.66M, Peak:22.94M | Scene, RenderLayer | Path Tracing Tile 2/4, Sample 372/512
Fra:1 Mem:53.19M (0.00M, Peak 55.72M) | Time:00:10.30 | Remaining:00:02.91 | Mem:22.66M, Peak:22.94M | Scene, RenderLayer | Path Tracing Tile 2/4, Sample 478/512
Fra:1 Mem:51.22M (0.00M, Peak 55.72M) | Time:00:10.62 | Remaining:00:02.59 | Mem:20.69M, Peak:22.94M | Scene, RenderLayer | Path Tracing Tile 2/4, Sample 512/512
Fra:1 Mem:51.79M (0.00M, Peak 55.72M) | Time:00:10.63 | Remaining:00:02.59 | Mem:21.25M, Peak:22.94M | Scene, RenderLayer | Path Tracing Tile 3/4, Sample 512/512
Fra:1 Mem:51.79M (0.00M, Peak 55.72M) | Time:00:11.30 | Remaining:00:02.21 | Mem:21.25M, Peak:22.94M | Scene, RenderLayer | Path Tracing Tile 3/4, Sample 159/512
Fra:1 Mem:51.79M (0.00M, Peak 55.72M) | Time:00:12.30 | Remaining:00:01.61 | Mem:21.25M, Peak:22.94M | Scene, RenderLayer | Path Tracing Tile 3/4, Sample 393/512
Fra:1 Mem:51.22M (0.00M, Peak 55.72M) | Time:00:12.82 | Remaining:00:01.29 | Mem:20.69M, Peak:22.94M | Scene, RenderLayer | Path Tracing Tile 3/4, Sample 512/512
Fra:1 Mem:51.71M (0.00M, Peak 55.72M) | Time:00:12.82 | Remaining:00:01.29 | Mem:21.18M, Peak:22.94M | Scene, RenderLayer | Path Tracing Tile 4/4, Sample 512/512
Fra:1 Mem:51.71M (0.00M, Peak 55.72M) | Time:00:13.30 | Remaining:00:00.99 | Mem:21.18M, Peak:22.94M | Scene, RenderLayer | Path Tracing Tile 4/4, Sample 124/512
Fra:1 Mem:51.71M (0.00M, Peak 55.72M) | Time:00:14.31 | Remaining:00:00.35 | Mem:21.18M, Peak:22.94M | Scene, RenderLayer | Path Tracing Tile 4/4, Sample 377/512
Fra:1 Mem:51.22M (0.00M, Peak 55.72M) | Time:00:14.85 | Mem:20.69M, Peak:22.94M | Scene, RenderLayer | Path Tracing Tile 4/4, Sample 512/512
Fra:1 Mem:51.22M (0.00M, Peak 55.72M) | Time:00:14.85 | Mem:20.69M, Peak:22.94M | Scene, RenderLayer | Finished
Fra:1 Mem:19.82M (0.00M, Peak 55.72M) | Time:00:14.93 | Sce: Scene Ve:0 Fa:0 La:0
Saved: 'data/clevr-cleaned-variants/aphaeresis/fovariant-17/render/images/CLEVR_val_000001.png'
 Time: 00:14.97 (Saving: 00:00.03)

read blend: /home/ubuntu/vdp/data/clevr_scene_data/base_scene.blend
convertViewVec: called in an invalid context
convertViewVec: called in an invalid context
convertViewVec: called in an invalid context
convertViewVec: called in an invalid context
Fra:1 Mem:12.92M (0.00M, Peak 12.92M) | Time:00:00.00 | Preparing Scene data
Fra:1 Mem:16.92M (0.00M, Peak 17.10M) | Time:00:00.00 | Preparing Scene data
Fra:1 Mem:16.92M (0.00M, Peak 17.10M) | Time:00:00.00 | Creating Shadowbuffers
Fra:1 Mem:16.92M (0.00M, Peak 17.10M) | Time:00:00.00 | Raytree.. preparing
Fra:1 Mem:20.96M (0.00M, Peak 20.96M) | Time:00:00.01 | Raytree.. building
Fra:1 Mem:20.75M (0.00M, Peak 27.06M) | Time:00:00.07 | Raytree finished
Fra:1 Mem:20.75M (0.00M, Peak 27.06M) | Time:00:00.07 | Creating Environment maps
Fra:1 Mem:20.75M (0.00M, Peak 27.06M) | Time:00:00.07 | Caching Point Densities
Fra:1 Mem:20.75M (0.00M, Peak 27.06M) | Time:00:00.07 | Sce: Scene Ve:26618 Fa:29409 La:1
Fra:1 Mem:20.75M (0.00M, Peak 27.06M) | Time:00:00.07 | Loading voxel datasets
Fra:1 Mem:20.75M (0.00M, Peak 27.06M) | Time:00:00.07 | Sce: Scene Ve:26618 Fa:29409 La:1
Fra:1 Mem:20.75M (0.00M, Peak 27.06M) | Time:00:00.07 | Sce: Scene Ve:26618 Fa:29409 La:1
Fra:1 Mem:20.75M (0.00M, Peak 27.06M) | Time:00:00.07 | Volume preprocessing
Fra:1 Mem:20.75M (0.00M, Peak 27.06M) | Time:00:00.07 | Sce: Scene Ve:26618 Fa:29409 La:1
Fra:1 Mem:20.75M (0.00M, Peak 27.06M) | Time:00:00.07 | Sce: Scene Ve:26618 Fa:29409 La:1
Fra:1 Mem:25.28M (0.00M, Peak 27.06M) | Time:00:00.07 | Scene, Part 4-4
Fra:1 Mem:24.82M (0.00M, Peak 27.06M) | Time:00:00.07 | Scene, Part 3-4
Fra:1 Mem:23.84M (0.00M, Peak 27.06M) | Time:00:00.08 | Scene, Part 2-4
Fra:1 Mem:22.00M (0.00M, Peak 27.06M) | Time:00:00.08 | Scene, Part 1-4
Fra:1 Mem:12.77M (0.00M, Peak 27.06M) | Time:00:00.08 | Sce: Scene Ve:26618 Fa:29409 La:1
Saved: '/tmp/tmpvhvyr5vh.png'
 Time: 00:00.10 (Saving: 00:00.01)

Fra:1 Mem:12.80M (0.00M, Peak 13.40M) | Time:00:00.04 | Mem:0.00M, Peak:0.00M | Scene, RenderLayer | Synchronizing object | Area
Fra:1 Mem:12.80M (0.00M, Peak 13.40M) | Time:00:00.04 | Mem:0.00M, Peak:0.00M | Scene, RenderLayer | Synchronizing object | Ground
Fra:1 Mem:12.87M (0.00M, Peak 13.40M) | Time:00:00.04 | Mem:0.00M, Peak:0.00M | Scene, RenderLayer | Synchronizing object | Empty
Fra:1 Mem:12.87M (0.00M, Peak 13.40M) | Time:00:00.04 | Mem:0.00M, Peak:0.00M | Scene, RenderLayer | Synchronizing object | Lamp_Back
Fra:1 Mem:12.87M (0.00M, Peak 13.40M) | Time:00:00.04 | Mem:0.00M, Peak:0.00M | Scene, RenderLayer | Synchronizing object | Lamp_Fill
Fra:1 Mem:12.87M (0.00M, Peak 13.40M) | Time:00:00.04 | Mem:0.00M, Peak:0.00M | Scene, RenderLayer | Synchronizing object | Lamp_Key
Fra:1 Mem:12.87M (0.00M, Peak 13.40M) | Time:00:00.04 | Mem:0.00M, Peak:0.00M | Scene, RenderLayer | Synchronizing object | Camera
Fra:1 Mem:12.87M (0.00M, Peak 13.40M) | Time:00:00.04 | Mem:0.00M, Peak:0.00M | Scene, RenderLayer | Synchronizing object | SmoothCube_v2_0
Fra:1 Mem:13.23M (0.00M, Peak 13.59M) | Time:00:00.05 | Mem:0.00M, Peak:0.00M | Scene, RenderLayer | Synchronizing object | Sphere_0
Fra:1 Mem:14.73M (0.00M, Peak 16.17M) | Time:00:00.05 | Mem:0.00M, Peak:0.00M | Scene, RenderLayer | Synchronizing object | SmoothCube_v2_1
Fra:1 Mem:15.09M (0.00M, Peak 16.17M) | Time:00:00.05 | Mem:0.00M, Peak:0.00M | Scene, RenderLayer | Synchronizing object | SmoothCube_v2_2
Fra:1 Mem:15.46M (0.00M, Peak 16.17M) | Time:00:00.05 | Mem:0.00M, Peak:0.00M | Scene, RenderLayer | Initializing
Fra:1 Mem:15.46M (0.00M, Peak 16.17M) | Time:00:00.05 | Mem:0.00M, Peak:0.00M | Scene, RenderLayer | Loading render kernels (may take a few minutes the first time)
Fra:1 Mem:15.46M (0.00M, Peak 18.16M) | Time:00:00.07 | Mem:0.00M, Peak:0.00M | Scene, RenderLayer | Waiting for render to start
Fra:1 Mem:15.46M (0.00M, Peak 18.16M) | Time:00:00.07 | Mem:0.00M, Peak:0.00M | Scene, RenderLayer | Updating Scene
Fra:1 Mem:15.46M (0.00M, Peak 18.16M) | Time:00:00.07 | Mem:0.00M, Peak:0.00M | Scene, RenderLayer | Updating Shaders
Fra:1 Mem:15.71M (0.00M, Peak 18.16M) | Time:00:00.07 | Mem:0.00M, Peak:0.00M | Scene, RenderLayer | Updating Background
Fra:1 Mem:15.71M (0.00M, Peak 18.16M) | Time:00:00.07 | Mem:0.00M, Peak:0.00M | Scene, RenderLayer | Updating Camera
Fra:1 Mem:15.71M (0.00M, Peak 18.16M) | Time:00:00.07 | Mem:0.00M, Peak:0.00M | Scene, RenderLayer | Updating Meshes Flags
Fra:1 Mem:15.71M (0.00M, Peak 18.16M) | Time:00:00.07 | Mem:0.00M, Peak:0.00M | Scene, RenderLayer | Updating Objects
Fra:1 Mem:15.71M (0.00M, Peak 18.16M) | Time:00:00.07 | Mem:0.00M, Peak:0.00M | Scene, RenderLayer | Updating Objects | Copying Transformations to device
Fra:1 Mem:15.71M (0.00M, Peak 18.16M) | Time:00:00.07 | Mem:0.00M, Peak:0.00M | Scene, RenderLayer | Updating Objects | Applying Static Transformations
Fra:1 Mem:15.71M (0.00M, Peak 18.16M) | Time:00:00.07 | Mem:0.00M, Peak:0.00M | Scene, RenderLayer | Updating Meshes
Fra:1 Mem:16.55M (0.00M, Peak 18.16M) | Time:00:00.07 | Mem:0.00M, Peak:0.00M | Scene, RenderLayer | Updating Mesh | Computing attributes
Fra:1 Mem:16.96M (0.00M, Peak 18.16M) | Time:00:00.07 | Mem:0.00M, Peak:0.00M | Scene, RenderLayer | Updating Mesh | Copying Attributes to device
Fra:1 Mem:16.95M (0.00M, Peak 18.16M) | Time:00:00.07 | Mem:0.41M, Peak:0.41M | Scene, RenderLayer | Updating Scene BVH | Building
Fra:1 Mem:16.95M (0.00M, Peak 18.16M) | Time:00:00.07 | Mem:0.41M, Peak:0.41M | Scene, RenderLayer | Updating Scene BVH | Building BVH
Fra:1 Mem:20.09M (0.00M, Peak 20.09M) | Time:00:00.11 | Mem:0.41M, Peak:0.41M | Scene, RenderLayer | Updating Scene BVH | Packing BVH triangles and strands
Fra:1 Mem:23.01M (0.00M, Peak 23.01M) | Time:00:00.11 | Mem:0.41M, Peak:0.41M | Scene, RenderLayer | Updating Scene BVH | Packing BVH nodes
Fra:1 Mem:21.33M (0.00M, Peak 23.83M) | Time:00:00.11 | Mem:0.41M, Peak:0.41M | Scene, RenderLayer | Updating Scene BVH | Copying BVH to device
Fra:1 Mem:21.53M (0.00M, Peak 23.83M) | Time:00:00.11 | Mem:4.78M, Peak:4.78M | Scene, RenderLayer | Updating Mesh | Computing normals
Fra:1 Mem:23.42M (0.00M, Peak 23.83M) | Time:00:00.11 | Mem:4.78M, Peak:4.78M | Scene, RenderLayer | Updating Mesh | Copying Mesh to device
Fra:1 Mem:23.21M (0.00M, Peak 23.83M) | Time:00:00.12 | Mem:6.66M, Peak:6.66M | Scene, RenderLayer | Updating Objects Flags
Fra:1 Mem:23.21M (0.00M, Peak 23.83M) | Time:00:00.12 | Mem:6.66M, Peak:6.66M | Scene, RenderLayer | Updating Images
Fra:1 Mem:23.21M (0.00M, Peak 23.83M) | Time:00:00.12 | Mem:6.66M, Peak:6.66M | Scene, RenderLayer | Updating Camera Volume
Fra:1 Mem:23.21M (0.00M, Peak 23.83M) | Time:00:00.12 | Mem:6.66M, Peak:6.66M | Scene, RenderLayer | Updating Hair Systems
Fra:1 Mem:23.21M (0.00M, Peak 23.83M) | Time:00:00.12 | Mem:6.66M, Peak:6.66M | Scene, RenderLayer | Updating Hair settings | Copying Hair settings to device
Fra:1 Mem:23.21M (0.00M, Peak 23.83M) | Time:00:00.12 | Mem:6.66M, Peak:6.66M | Scene, RenderLayer | Updating Lookup Tables
Fra:1 Mem:23.21M (0.00M, Peak 23.83M) | Time:00:00.12 | Mem:6.91M, Peak:6.91M | Scene, RenderLayer | Updating Lights
Fra:1 Mem:23.21M (0.00M, Peak 23.83M) | Time:00:00.12 | Mem:6.91M, Peak:6.91M | Scene, RenderLayer | Updating Lights | Computing distribution
Fra:1 Mem:23.21M (0.00M, Peak 23.83M) | Time:00:00.12 | Mem:6.91M, Peak:6.91M | Scene, RenderLayer | Updating Particle Systems
Fra:1 Mem:23.21M (0.00M, Peak 23.83M) | Time:00:00.12 | Mem:6.91M, Peak:6.91M | Scene, RenderLayer | Updating Particle Systems | Copying Particles to device
Fra:1 Mem:23.21M (0.00M, Peak 23.83M) | Time:00:00.12 | Mem:6.91M, Peak:6.91M | Scene, RenderLayer | Updating Integrator
Fra:1 Mem:23.25M (0.00M, Peak 23.83M) | Time:00:00.12 | Mem:6.96M, Peak:6.96M | Scene, RenderLayer | Updating Film
Fra:1 Mem:23.25M (0.00M, Peak 23.83M) | Time:00:00.12 | Mem:6.96M, Peak:6.96M | Scene, RenderLayer | Updating Lookup Tables
Fra:1 Mem:23.25M (0.00M, Peak 23.83M) | Time:00:00.12 | Mem:6.96M, Peak:6.96M | Scene, RenderLayer | Updating Baking
Fra:1 Mem:23.25M (0.00M, Peak 23.83M) | Time:00:00.12 | Mem:6.96M, Peak:6.96M | Scene, RenderLayer | Updating Device | Writing constant memory
Fra:1 Mem:23.25M (0.00M, Peak 23.83M) | Time:00:00.12 | Mem:6.96M, Peak:6.96M | Scene, RenderLayer | Path Tracing Tile 0/4, Sample 0/512
Fra:1 Mem:25.50M (0.00M, Peak 26.75M) | Time:00:00.12 | Mem:9.21M, Peak:9.21M | Scene, RenderLayer | Path Tracing Tile 1/4, Sample 0/512
Fra:1 Mem:25.50M (0.00M, Peak 27.75M) | Time:00:01.12 | Remaining:00:11.08 | Mem:9.21M, Peak:9.21M | Scene, RenderLayer | Path Tracing Tile 1/4, Sample 100/512
Fra:1 Mem:25.50M (0.00M, Peak 27.75M) | Time:00:02.13 | Remaining:00:10.04 | Mem:9.21M, Peak:9.21M | Scene, RenderLayer | Path Tracing Tile 1/4, Sample 200/512
Fra:1 Mem:25.50M (0.00M, Peak 27.75M) | Time:00:03.13 | Remaining:00:09.03 | Mem:9.21M, Peak:9.21M | Scene, RenderLayer | Path Tracing Tile 1/4, Sample 300/512
Fra:1 Mem:25.50M (0.00M, Peak 27.75M) | Time:00:04.14 | Remaining:00:08.03 | Mem:9.21M, Peak:9.21M | Scene, RenderLayer | Path Tracing Tile 1/4, Sample 400/512
Fra:1 Mem:25.50M (0.00M, Peak 27.75M) | Time:00:05.14 | Remaining:00:07.05 | Mem:9.21M, Peak:9.21M | Scene, RenderLayer | Path Tracing Tile 1/4, Sample 499/512
Fra:1 Mem:23.25M (0.00M, Peak 27.75M) | Time:00:05.27 | Remaining:00:06.92 | Mem:6.96M, Peak:9.21M | Scene, RenderLayer | Path Tracing Tile 1/4, Sample 512/512
Fra:1 Mem:25.22M (0.00M, Peak 27.75M) | Time:00:05.28 | Remaining:00:06.93 | Mem:8.93M, Peak:9.21M | Scene, RenderLayer | Path Tracing Tile 2/4, Sample 512/512
Fra:1 Mem:25.22M (0.00M, Peak 27.75M) | Time:00:06.14 | Remaining:00:05.96 | Mem:8.93M, Peak:9.21M | Scene, RenderLayer | Path Tracing Tile 2/4, Sample 104/512
Fra:1 Mem:25.22M (0.00M, Peak 27.75M) | Time:00:07.14 | Remaining:00:04.88 | Mem:8.93M, Peak:9.21M | Scene, RenderLayer | Path Tracing Tile 2/4, Sample 224/512
Fra:1 Mem:25.22M (0.00M, Peak 27.75M) | Time:00:08.15 | Remaining:00:03.82 | Mem:8.93M, Peak:9.21M | Scene, RenderLayer | Path Tracing Tile 2/4, Sample 344/512
Fra:1 Mem:25.22M (0.00M, Peak 27.75M) | Time:00:09.15 | Remaining:00:02.78 | Mem:8.93M, Peak:9.21M | Scene, RenderLayer | Path Tracing Tile 2/4, Sample 463/512
Fra:1 Mem:23.25M (0.00M, Peak 27.75M) | Time:00:09.57 | Remaining:00:02.36 | Mem:6.96M, Peak:9.21M | Scene, RenderLayer | Path Tracing Tile 2/4, Sample 512/512
Fra:1 Mem:23.82M (0.00M, Peak 27.75M) | Time:00:09.57 | Remaining:00:02.36 | Mem:7.52M, Peak:9.21M | Scene, RenderLayer | Path Tracing Tile 3/4, Sample 512/512
Fra:1 Mem:23.82M (0.00M, Peak 27.75M) | Time:00:10.15 | Remaining:00:02.07 | Mem:7.52M, Peak:9.21M | Scene, RenderLayer | Path Tracing Tile 3/4, Sample 139/512
Fra:1 Mem:23.82M (0.00M, Peak 27.75M) | Time:00:11.16 | Remaining:00:01.52 | Mem:7.52M, Peak:9.21M | Scene, RenderLayer | Path Tracing Tile 3/4, Sample 376/512
Fra:1 Mem:23.25M (0.00M, Peak 27.75M) | Time:00:11.74 | Remaining:00:01.19 | Mem:6.96M, Peak:9.21M | Scene, RenderLayer | Path Tracing Tile 3/4, Sample 512/512
Fra:1 Mem:23.75M (0.00M, Peak 27.75M) | Time:00:11.74 | Remaining:00:01.19 | Mem:7.45M, Peak:9.21M | Scene, RenderLayer | Path Tracing Tile 4/4, Sample 512/512
Fra:1 Mem:23.75M (0.00M, Peak 27.75M) | Time:00:12.16 | Remaining:00:00.95 | Mem:7.45M, Peak:9.21M | Scene, RenderLayer | Path Tracing Tile 4/4, Sample 107/512
Fra:1 Mem:23.75M (0.00M, Peak 27.75M) | Time:00:13.16 | Remaining:00:00.37 | Mem:7.45M, Peak:9.21M | Scene, RenderLayer | Path Tracing Tile 4/4, Sample 359/512
Fra:1 Mem:23.25M (0.00M, Peak 27.75M) | Time:00:13.77 | Mem:6.96M, Peak:9.21M | Scene, RenderLayer | Path Tracing Tile 4/4, Sample 512/512
Fra:1 Mem:23.25M (0.00M, Peak 27.75M) | Time:00:13.77 | Mem:6.96M, Peak:9.21M | Scene, RenderLayer | Finished
Fra:1 Mem:12.80M (0.00M, Peak 27.75M) | Time:00:13.85 | Sce: Scene Ve:0 Fa:0 La:0
Saved: 'data/clevr-cleaned-variants/aphaeresis/fovariant-17/render/images/CLEVR_val_000002.png'
 Time: 00:13.89 (Saving: 00:00.03)

read blend: /home/ubuntu/vdp/data/clevr_scene_data/base_scene.blend
convertViewVec: called in an invalid context
convertViewVec: called in an invalid context
convertViewVec: called in an invalid context
Fra:1 Mem:12.40M (0.00M, Peak 12.40M) | Time:00:00.00 | Preparing Scene data
Fra:1 Mem:15.72M (0.00M, Peak 15.90M) | Time:00:00.00 | Preparing Scene data
Fra:1 Mem:15.72M (0.00M, Peak 15.90M) | Time:00:00.00 | Creating Shadowbuffers
Fra:1 Mem:15.72M (0.00M, Peak 15.90M) | Time:00:00.00 | Raytree.. preparing
Fra:1 Mem:19.13M (0.00M, Peak 19.13M) | Time:00:00.01 | Raytree.. building
Fra:1 Mem:18.94M (0.00M, Peak 24.25M) | Time:00:00.06 | Raytree finished
Fra:1 Mem:18.94M (0.00M, Peak 24.25M) | Time:00:00.06 | Creating Environment maps
Fra:1 Mem:18.94M (0.00M, Peak 24.25M) | Time:00:00.06 | Caching Point Densities
Fra:1 Mem:18.94M (0.00M, Peak 24.25M) | Time:00:00.06 | Sce: Scene Ve:22866 Fa:24781 La:1
Fra:1 Mem:18.94M (0.00M, Peak 24.25M) | Time:00:00.06 | Loading voxel datasets
Fra:1 Mem:18.94M (0.00M, Peak 24.25M) | Time:00:00.06 | Sce: Scene Ve:22866 Fa:24781 La:1
Fra:1 Mem:18.95M (0.00M, Peak 24.25M) | Time:00:00.06 | Sce: Scene Ve:22866 Fa:24781 La:1
Fra:1 Mem:18.95M (0.00M, Peak 24.25M) | Time:00:00.06 | Volume preprocessing
Fra:1 Mem:18.95M (0.00M, Peak 24.25M) | Time:00:00.06 | Sce: Scene Ve:22866 Fa:24781 La:1
Fra:1 Mem:18.95M (0.00M, Peak 24.25M) | Time:00:00.06 | Sce: Scene Ve:22866 Fa:24781 La:1
Fra:1 Mem:23.01M (0.00M, Peak 24.25M) | Time:00:00.06 | Scene, Part 3-4
Fra:1 Mem:22.97M (0.00M, Peak 24.25M) | Time:00:00.06 | Scene, Part 4-4
Fra:1 Mem:22.04M (0.00M, Peak 24.25M) | Time:00:00.07 | Scene, Part 2-4
Fra:1 Mem:20.20M (0.00M, Peak 24.25M) | Time:00:00.07 | Scene, Part 1-4
Fra:1 Mem:12.28M (0.00M, Peak 24.25M) | Time:00:00.08 | Sce: Scene Ve:22866 Fa:24781 La:1
Saved: '/tmp/tmpys8hif11.png'
 Time: 00:00.09 (Saving: 00:00.01)

Fra:1 Mem:12.32M (0.00M, Peak 12.91M) | Time:00:00.04 | Mem:0.00M, Peak:0.00M | Scene, RenderLayer | Synchronizing object | Area
Fra:1 Mem:12.32M (0.00M, Peak 12.91M) | Time:00:00.04 | Mem:0.00M, Peak:0.00M | Scene, RenderLayer | Synchronizing object | Ground
Fra:1 Mem:12.38M (0.00M, Peak 12.91M) | Time:00:00.04 | Mem:0.00M, Peak:0.00M | Scene, RenderLayer | Synchronizing object | Empty
Fra:1 Mem:12.38M (0.00M, Peak 12.91M) | Time:00:00.04 | Mem:0.00M, Peak:0.00M | Scene, RenderLayer | Synchronizing object | Lamp_Back
Fra:1 Mem:12.38M (0.00M, Peak 12.91M) | Time:00:00.04 | Mem:0.00M, Peak:0.00M | Scene, RenderLayer | Synchronizing object | Lamp_Fill
Fra:1 Mem:12.38M (0.00M, Peak 12.91M) | Time:00:00.04 | Mem:0.00M, Peak:0.00M | Scene, RenderLayer | Synchronizing object | Lamp_Key
Fra:1 Mem:12.38M (0.00M, Peak 12.91M) | Time:00:00.04 | Mem:0.00M, Peak:0.00M | Scene, RenderLayer | Synchronizing object | Camera
Fra:1 Mem:12.38M (0.00M, Peak 12.91M) | Time:00:00.04 | Mem:0.00M, Peak:0.00M | Scene, RenderLayer | Synchronizing object | Sphere_0
Fra:1 Mem:13.88M (0.00M, Peak 15.32M) | Time:00:00.05 | Mem:0.00M, Peak:0.00M | Scene, RenderLayer | Synchronizing object | SmoothCube_v2_0
Fra:1 Mem:14.19M (0.00M, Peak 15.32M) | Time:00:00.05 | Mem:0.00M, Peak:0.00M | Scene, RenderLayer | Synchronizing object | SmoothCube_v2_1
Fra:1 Mem:14.49M (0.00M, Peak 15.32M) | Time:00:00.05 | Mem:0.00M, Peak:0.00M | Scene, RenderLayer | Initializing
Fra:1 Mem:14.49M (0.00M, Peak 15.32M) | Time:00:00.05 | Mem:0.00M, Peak:0.00M | Scene, RenderLayer | Loading render kernels (may take a few minutes the first time)
Fra:1 Mem:14.49M (0.00M, Peak 17.20M) | Time:00:00.07 | Mem:0.00M, Peak:0.00M | Scene, RenderLayer | Waiting for render to start
Fra:1 Mem:14.49M (0.00M, Peak 17.20M) | Time:00:00.07 | Mem:0.00M, Peak:0.00M | Scene, RenderLayer | Updating Scene
Fra:1 Mem:14.49M (0.00M, Peak 17.20M) | Time:00:00.07 | Mem:0.00M, Peak:0.00M | Scene, RenderLayer | Updating Shaders
Fra:1 Mem:14.75M (0.00M, Peak 17.20M) | Time:00:00.07 | Mem:0.00M, Peak:0.00M | Scene, RenderLayer | Updating Background
Fra:1 Mem:14.75M (0.00M, Peak 17.20M) | Time:00:00.07 | Mem:0.00M, Peak:0.00M | Scene, RenderLayer | Updating Camera
Fra:1 Mem:14.75M (0.00M, Peak 17.20M) | Time:00:00.07 | Mem:0.00M, Peak:0.00M | Scene, RenderLayer | Updating Meshes Flags
Fra:1 Mem:14.75M (0.00M, Peak 17.20M) | Time:00:00.07 | Mem:0.00M, Peak:0.00M | Scene, RenderLayer | Updating Objects
Fra:1 Mem:14.75M (0.00M, Peak 17.20M) | Time:00:00.07 | Mem:0.00M, Peak:0.00M | Scene, RenderLayer | Updating Objects | Copying Transformations to device
Fra:1 Mem:14.75M (0.00M, Peak 17.20M) | Time:00:00.07 | Mem:0.00M, Peak:0.00M | Scene, RenderLayer | Updating Objects | Applying Static Transformations
Fra:1 Mem:14.75M (0.00M, Peak 17.20M) | Time:00:00.07 | Mem:0.00M, Peak:0.00M | Scene, RenderLayer | Updating Meshes
Fra:1 Mem:15.47M (0.00M, Peak 17.20M) | Time:00:00.07 | Mem:0.00M, Peak:0.00M | Scene, RenderLayer | Updating Mesh | Computing attributes
Fra:1 Mem:15.70M (0.00M, Peak 17.20M) | Time:00:00.07 | Mem:0.00M, Peak:0.00M | Scene, RenderLayer | Updating Mesh | Copying Attributes to device
Fra:1 Mem:15.70M (0.00M, Peak 17.20M) | Time:00:00.07 | Mem:0.24M, Peak:0.24M | Scene, RenderLayer | Updating Scene BVH | Building
Fra:1 Mem:15.70M (0.00M, Peak 17.20M) | Time:00:00.07 | Mem:0.24M, Peak:0.24M | Scene, RenderLayer | Updating Scene BVH | Building BVH
Fra:1 Mem:18.41M (0.00M, Peak 18.41M) | Time:00:00.10 | Mem:0.24M, Peak:0.24M | Scene, RenderLayer | Updating Scene BVH | Packing BVH triangles and strands
Fra:1 Mem:20.93M (0.00M, Peak 20.93M) | Time:00:00.11 | Mem:0.24M, Peak:0.24M | Scene, RenderLayer | Updating Scene BVH | Packing BVH nodes
Fra:1 Mem:19.47M (0.00M, Peak 21.64M) | Time:00:00.11 | Mem:0.24M, Peak:0.24M | Scene, RenderLayer | Updating Scene BVH | Copying BVH to device
Fra:1 Mem:19.65M (0.00M, Peak 21.64M) | Time:00:00.11 | Mem:4.01M, Peak:4.01M | Scene, RenderLayer | Updating Mesh | Computing normals
Fra:1 Mem:21.28M (0.00M, Peak 21.64M) | Time:00:00.11 | Mem:4.01M, Peak:4.01M | Scene, RenderLayer | Updating Mesh | Copying Mesh to device
Fra:1 Mem:21.10M (0.00M, Peak 21.64M) | Time:00:00.11 | Mem:5.63M, Peak:5.63M | Scene, RenderLayer | Updating Objects Flags
Fra:1 Mem:21.10M (0.00M, Peak 21.64M) | Time:00:00.11 | Mem:5.63M, Peak:5.63M | Scene, RenderLayer | Updating Images
Fra:1 Mem:21.10M (0.00M, Peak 21.64M) | Time:00:00.11 | Mem:5.63M, Peak:5.63M | Scene, RenderLayer | Updating Camera Volume
Fra:1 Mem:21.10M (0.00M, Peak 21.64M) | Time:00:00.11 | Mem:5.63M, Peak:5.63M | Scene, RenderLayer | Updating Hair Systems
Fra:1 Mem:21.10M (0.00M, Peak 21.64M) | Time:00:00.11 | Mem:5.63M, Peak:5.63M | Scene, RenderLayer | Updating Hair settings | Copying Hair settings to device
Fra:1 Mem:21.10M (0.00M, Peak 21.64M) | Time:00:00.11 | Mem:5.63M, Peak:5.63M | Scene, RenderLayer | Updating Lookup Tables
Fra:1 Mem:21.10M (0.00M, Peak 21.64M) | Time:00:00.11 | Mem:5.88M, Peak:5.88M | Scene, RenderLayer | Updating Lights
Fra:1 Mem:21.10M (0.00M, Peak 21.64M) | Time:00:00.11 | Mem:5.89M, Peak:5.89M | Scene, RenderLayer | Updating Lights | Computing distribution
Fra:1 Mem:21.10M (0.00M, Peak 21.64M) | Time:00:00.11 | Mem:5.89M, Peak:5.89M | Scene, RenderLayer | Updating Particle Systems
Fra:1 Mem:21.10M (0.00M, Peak 21.64M) | Time:00:00.11 | Mem:5.89M, Peak:5.89M | Scene, RenderLayer | Updating Particle Systems | Copying Particles to device
Fra:1 Mem:21.10M (0.00M, Peak 21.64M) | Time:00:00.11 | Mem:5.89M, Peak:5.89M | Scene, RenderLayer | Updating Integrator
Fra:1 Mem:21.14M (0.00M, Peak 21.64M) | Time:00:00.11 | Mem:5.93M, Peak:5.93M | Scene, RenderLayer | Updating Film
Fra:1 Mem:21.15M (0.00M, Peak 21.64M) | Time:00:00.11 | Mem:5.93M, Peak:5.93M | Scene, RenderLayer | Updating Lookup Tables
Fra:1 Mem:21.15M (0.00M, Peak 21.64M) | Time:00:00.11 | Mem:5.93M, Peak:5.93M | Scene, RenderLayer | Updating Baking
Fra:1 Mem:21.15M (0.00M, Peak 21.64M) | Time:00:00.11 | Mem:5.93M, Peak:5.93M | Scene, RenderLayer | Updating Device | Writing constant memory
Fra:1 Mem:21.15M (0.00M, Peak 21.64M) | Time:00:00.11 | Mem:5.93M, Peak:5.93M | Scene, RenderLayer | Path Tracing Tile 0/4, Sample 0/512
Fra:1 Mem:23.40M (0.00M, Peak 24.65M) | Time:00:00.12 | Mem:8.18M, Peak:8.18M | Scene, RenderLayer | Path Tracing Tile 1/4, Sample 0/512
Fra:1 Mem:23.40M (0.00M, Peak 25.65M) | Time:00:01.12 | Remaining:00:12.53 | Mem:8.18M, Peak:8.18M | Scene, RenderLayer | Path Tracing Tile 1/4, Sample 89/512
Fra:1 Mem:23.40M (0.00M, Peak 25.65M) | Time:00:02.13 | Remaining:00:11.48 | Mem:8.18M, Peak:8.18M | Scene, RenderLayer | Path Tracing Tile 1/4, Sample 179/512
Fra:1 Mem:23.40M (0.00M, Peak 25.65M) | Time:00:03.14 | Remaining:00:10.46 | Mem:8.18M, Peak:8.18M | Scene, RenderLayer | Path Tracing Tile 1/4, Sample 269/512
Fra:1 Mem:23.40M (0.00M, Peak 25.65M) | Time:00:04.14 | Remaining:00:09.46 | Mem:8.18M, Peak:8.18M | Scene, RenderLayer | Path Tracing Tile 1/4, Sample 358/512
Fra:1 Mem:23.40M (0.00M, Peak 25.65M) | Time:00:05.14 | Remaining:00:08.47 | Mem:8.18M, Peak:8.18M | Scene, RenderLayer | Path Tracing Tile 1/4, Sample 447/512
Fra:1 Mem:21.15M (0.00M, Peak 25.65M) | Time:00:05.88 | Remaining:00:07.74 | Mem:5.93M, Peak:8.18M | Scene, RenderLayer | Path Tracing Tile 1/4, Sample 512/512
Fra:1 Mem:23.11M (0.00M, Peak 25.65M) | Time:00:05.88 | Remaining:00:07.75 | Mem:7.90M, Peak:8.18M | Scene, RenderLayer | Path Tracing Tile 2/4, Sample 512/512
Fra:1 Mem:23.11M (0.00M, Peak 25.65M) | Time:00:06.15 | Remaining:00:07.44 | Mem:7.90M, Peak:8.18M | Scene, RenderLayer | Path Tracing Tile 2/4, Sample 29/512
Fra:1 Mem:23.11M (0.00M, Peak 25.65M) | Time:00:07.16 | Remaining:00:06.33 | Mem:7.90M, Peak:8.18M | Scene, RenderLayer | Path Tracing Tile 2/4, Sample 137/512
Fra:1 Mem:23.11M (0.00M, Peak 25.65M) | Time:00:08.17 | Remaining:00:05.25 | Mem:7.90M, Peak:8.18M | Scene, RenderLayer | Path Tracing Tile 2/4, Sample 245/512
Fra:1 Mem:23.11M (0.00M, Peak 25.65M) | Time:00:09.17 | Remaining:00:04.19 | Mem:7.90M, Peak:8.18M | Scene, RenderLayer | Path Tracing Tile 2/4, Sample 352/512
Fra:1 Mem:23.11M (0.00M, Peak 25.65M) | Time:00:10.18 | Remaining:00:03.15 | Mem:7.90M, Peak:8.18M | Scene, RenderLayer | Path Tracing Tile 2/4, Sample 459/512
Fra:1 Mem:21.15M (0.00M, Peak 25.65M) | Time:00:10.68 | Remaining:00:02.64 | Mem:5.93M, Peak:8.18M | Scene, RenderLayer | Path Tracing Tile 2/4, Sample 512/512
Fra:1 Mem:21.71M (0.00M, Peak 25.65M) | Time:00:10.68 | Remaining:00:02.64 | Mem:6.49M, Peak:8.18M | Scene, RenderLayer | Path Tracing Tile 3/4, Sample 512/512
Fra:1 Mem:21.71M (0.00M, Peak 25.65M) | Time:00:11.18 | Remaining:00:02.35 | Mem:6.49M, Peak:8.18M | Scene, RenderLayer | Path Tracing Tile 3/4, Sample 117/512
Fra:1 Mem:21.71M (0.00M, Peak 25.65M) | Time:00:12.18 | Remaining:00:01.75 | Mem:6.49M, Peak:8.18M | Scene, RenderLayer | Path Tracing Tile 3/4, Sample 351/512
Fra:1 Mem:21.15M (0.00M, Peak 25.65M) | Time:00:12.88 | Remaining:00:01.31 | Mem:5.93M, Peak:8.18M | Scene, RenderLayer | Path Tracing Tile 3/4, Sample 512/512
Fra:1 Mem:21.64M (0.00M, Peak 25.65M) | Time:00:12.88 | Remaining:00:01.31 | Mem:6.42M, Peak:8.18M | Scene, RenderLayer | Path Tracing Tile 4/4, Sample 512/512
Fra:1 Mem:21.64M (0.00M, Peak 25.65M) | Time:00:13.18 | Remaining:00:01.12 | Mem:6.42M, Peak:8.18M | Scene, RenderLayer | Path Tracing Tile 4/4, Sample 77/512
Fra:1 Mem:21.64M (0.00M, Peak 25.65M) | Time:00:14.18 | Remaining:00:00.48 | Mem:6.42M, Peak:8.18M | Scene, RenderLayer | Path Tracing Tile 4/4, Sample 329/512
Fra:1 Mem:21.15M (0.00M, Peak 25.65M) | Time:00:14.91 | Mem:5.93M, Peak:8.18M | Scene, RenderLayer | Path Tracing Tile 4/4, Sample 512/512
Fra:1 Mem:21.15M (0.00M, Peak 25.65M) | Time:00:14.91 | Mem:5.93M, Peak:8.18M | Scene, RenderLayer | Finished
Fra:1 Mem:12.31M (0.00M, Peak 25.65M) | Time:00:14.99 | Sce: Scene Ve:0 Fa:0 La:0
Saved: 'data/clevr-cleaned-variants/aphaeresis/fovariant-17/render/images/CLEVR_val_000003.png'
 Time: 00:15.03 (Saving: 00:00.03)

read blend: /home/ubuntu/vdp/data/clevr_scene_data/base_scene.blend
convertViewVec: called in an invalid context
convertViewVec: called in an invalid context
convertViewVec: called in an invalid context
convertViewVec: called in an invalid context
Fra:1 Mem:12.93M (0.00M, Peak 12.93M) | Time:00:00.00 | Preparing Scene data
Fra:1 Mem:16.94M (0.00M, Peak 17.11M) | Time:00:00.00 | Preparing Scene data
Fra:1 Mem:16.94M (0.00M, Peak 17.11M) | Time:00:00.00 | Creating Shadowbuffers
Fra:1 Mem:16.94M (0.00M, Peak 17.11M) | Time:00:00.00 | Raytree.. preparing
Fra:1 Mem:20.98M (0.00M, Peak 20.98M) | Time:00:00.01 | Raytree.. building
Fra:1 Mem:20.76M (0.00M, Peak 27.07M) | Time:00:00.07 | Raytree finished
Fra:1 Mem:20.76M (0.00M, Peak 27.07M) | Time:00:00.07 | Creating Environment maps
Fra:1 Mem:20.76M (0.00M, Peak 27.07M) | Time:00:00.07 | Caching Point Densities
Fra:1 Mem:20.76M (0.00M, Peak 27.07M) | Time:00:00.07 | Sce: Scene Ve:26618 Fa:29418 La:1
Fra:1 Mem:20.76M (0.00M, Peak 27.07M) | Time:00:00.07 | Loading voxel datasets
Fra:1 Mem:20.76M (0.00M, Peak 27.07M) | Time:00:00.07 | Sce: Scene Ve:26618 Fa:29418 La:1
Fra:1 Mem:20.76M (0.00M, Peak 27.07M) | Time:00:00.07 | Sce: Scene Ve:26618 Fa:29418 La:1
Fra:1 Mem:20.76M (0.00M, Peak 27.07M) | Time:00:00.07 | Volume preprocessing
Fra:1 Mem:20.76M (0.00M, Peak 27.07M) | Time:00:00.07 | Sce: Scene Ve:26618 Fa:29418 La:1
Fra:1 Mem:20.76M (0.00M, Peak 27.07M) | Time:00:00.07 | Sce: Scene Ve:26618 Fa:29418 La:1
Fra:1 Mem:24.83M (0.00M, Peak 27.07M) | Time:00:00.07 | Scene, Part 3-4
Fra:1 Mem:24.79M (0.00M, Peak 27.07M) | Time:00:00.07 | Scene, Part 4-4
Fra:1 Mem:23.86M (0.00M, Peak 27.07M) | Time:00:00.08 | Scene, Part 2-4
Fra:1 Mem:22.01M (0.00M, Peak 27.07M) | Time:00:00.08 | Scene, Part 1-4
Fra:1 Mem:12.78M (0.00M, Peak 27.07M) | Time:00:00.08 | Sce: Scene Ve:26618 Fa:29418 La:1
Saved: '/tmp/tmpyi1rrb3e.png'
 Time: 00:00.10 (Saving: 00:00.01)

Fra:1 Mem:12.81M (0.00M, Peak 13.41M) | Time:00:00.04 | Mem:0.00M, Peak:0.00M | Scene, RenderLayer | Synchronizing object | Area
Fra:1 Mem:12.81M (0.00M, Peak 13.41M) | Time:00:00.04 | Mem:0.00M, Peak:0.00M | Scene, RenderLayer | Synchronizing object | Ground
Fra:1 Mem:12.88M (0.00M, Peak 13.41M) | Time:00:00.04 | Mem:0.00M, Peak:0.00M | Scene, RenderLayer | Synchronizing object | Empty
Fra:1 Mem:12.88M (0.00M, Peak 13.41M) | Time:00:00.04 | Mem:0.00M, Peak:0.00M | Scene, RenderLayer | Synchronizing object | Lamp_Back
Fra:1 Mem:12.88M (0.00M, Peak 13.41M) | Time:00:00.04 | Mem:0.00M, Peak:0.00M | Scene, RenderLayer | Synchronizing object | Lamp_Fill
Fra:1 Mem:12.88M (0.00M, Peak 13.41M) | Time:00:00.04 | Mem:0.00M, Peak:0.00M | Scene, RenderLayer | Synchronizing object | Lamp_Key
Fra:1 Mem:12.88M (0.00M, Peak 13.41M) | Time:00:00.04 | Mem:0.00M, Peak:0.00M | Scene, RenderLayer | Synchronizing object | Camera
Fra:1 Mem:12.88M (0.00M, Peak 13.41M) | Time:00:00.04 | Mem:0.00M, Peak:0.00M | Scene, RenderLayer | Synchronizing object | Sphere_0
Fra:1 Mem:14.38M (0.00M, Peak 15.82M) | Time:00:00.05 | Mem:0.00M, Peak:0.00M | Scene, RenderLayer | Synchronizing object | SmoothCube_v2_0
Fra:1 Mem:14.68M (0.00M, Peak 15.82M) | Time:00:00.05 | Mem:0.00M, Peak:0.00M | Scene, RenderLayer | Synchronizing object | SmoothCube_v2_1
Fra:1 Mem:15.05M (0.00M, Peak 15.82M) | Time:00:00.05 | Mem:0.00M, Peak:0.00M | Scene, RenderLayer | Synchronizing object | SmoothCube_v2_2
Fra:1 Mem:15.42M (0.00M, Peak 15.82M) | Time:00:00.05 | Mem:0.00M, Peak:0.00M | Scene, RenderLayer | Initializing
Fra:1 Mem:15.42M (0.00M, Peak 15.82M) | Time:00:00.05 | Mem:0.00M, Peak:0.00M | Scene, RenderLayer | Loading render kernels (may take a few minutes the first time)
Fra:1 Mem:15.42M (0.00M, Peak 18.12M) | Time:00:00.07 | Mem:0.00M, Peak:0.00M | Scene, RenderLayer | Waiting for render to start
Fra:1 Mem:15.42M (0.00M, Peak 18.12M) | Time:00:00.07 | Mem:0.00M, Peak:0.00M | Scene, RenderLayer | Updating Scene
Fra:1 Mem:15.42M (0.00M, Peak 18.12M) | Time:00:00.07 | Mem:0.00M, Peak:0.00M | Scene, RenderLayer | Updating Shaders
Fra:1 Mem:15.67M (0.00M, Peak 18.12M) | Time:00:00.07 | Mem:0.00M, Peak:0.00M | Scene, RenderLayer | Updating Background
Fra:1 Mem:15.67M (0.00M, Peak 18.12M) | Time:00:00.07 | Mem:0.00M, Peak:0.00M | Scene, RenderLayer | Updating Camera
Fra:1 Mem:15.67M (0.00M, Peak 18.12M) | Time:00:00.07 | Mem:0.00M, Peak:0.00M | Scene, RenderLayer | Updating Meshes Flags
Fra:1 Mem:15.67M (0.00M, Peak 18.12M) | Time:00:00.07 | Mem:0.00M, Peak:0.00M | Scene, RenderLayer | Updating Objects
Fra:1 Mem:15.67M (0.00M, Peak 18.12M) | Time:00:00.07 | Mem:0.00M, Peak:0.00M | Scene, RenderLayer | Updating Objects | Copying Transformations to device
Fra:1 Mem:15.67M (0.00M, Peak 18.12M) | Time:00:00.07 | Mem:0.00M, Peak:0.00M | Scene, RenderLayer | Updating Objects | Applying Static Transformations
Fra:1 Mem:15.67M (0.00M, Peak 18.12M) | Time:00:00.07 | Mem:0.00M, Peak:0.00M | Scene, RenderLayer | Updating Meshes
Fra:1 Mem:16.51M (0.00M, Peak 18.12M) | Time:00:00.07 | Mem:0.00M, Peak:0.00M | Scene, RenderLayer | Updating Mesh | Computing attributes
Fra:1 Mem:16.86M (0.00M, Peak 18.12M) | Time:00:00.07 | Mem:0.00M, Peak:0.00M | Scene, RenderLayer | Updating Mesh | Copying Attributes to device
Fra:1 Mem:16.85M (0.00M, Peak 18.12M) | Time:00:00.07 | Mem:0.35M, Peak:0.35M | Scene, RenderLayer | Updating Scene BVH | Building
Fra:1 Mem:16.85M (0.00M, Peak 18.12M) | Time:00:00.07 | Mem:0.35M, Peak:0.35M | Scene, RenderLayer | Updating Scene BVH | Building BVH
Fra:1 Mem:19.99M (0.00M, Peak 19.99M) | Time:00:00.11 | Mem:0.35M, Peak:0.35M | Scene, RenderLayer | Updating Scene BVH | Packing BVH triangles and strands
Fra:1 Mem:22.91M (0.00M, Peak 22.91M) | Time:00:00.11 | Mem:0.35M, Peak:0.35M | Scene, RenderLayer | Updating Scene BVH | Packing BVH nodes
Fra:1 Mem:21.22M (0.00M, Peak 23.73M) | Time:00:00.12 | Mem:0.35M, Peak:0.35M | Scene, RenderLayer | Updating Scene BVH | Copying BVH to device
Fra:1 Mem:21.43M (0.00M, Peak 23.73M) | Time:00:00.12 | Mem:4.72M, Peak:4.72M | Scene, RenderLayer | Updating Mesh | Computing normals
Fra:1 Mem:23.31M (0.00M, Peak 23.73M) | Time:00:00.12 | Mem:4.72M, Peak:4.72M | Scene, RenderLayer | Updating Mesh | Copying Mesh to device
Fra:1 Mem:23.10M (0.00M, Peak 23.73M) | Time:00:00.12 | Mem:6.60M, Peak:6.60M | Scene, RenderLayer | Updating Objects Flags
Fra:1 Mem:23.10M (0.00M, Peak 23.73M) | Time:00:00.12 | Mem:6.60M, Peak:6.60M | Scene, RenderLayer | Updating Images
Fra:1 Mem:23.10M (0.00M, Peak 23.73M) | Time:00:00.12 | Mem:6.60M, Peak:6.60M | Scene, RenderLayer | Updating Camera Volume
Fra:1 Mem:23.10M (0.00M, Peak 23.73M) | Time:00:00.12 | Mem:6.60M, Peak:6.60M | Scene, RenderLayer | Updating Hair Systems
Fra:1 Mem:23.10M (0.00M, Peak 23.73M) | Time:00:00.12 | Mem:6.60M, Peak:6.60M | Scene, RenderLayer | Updating Hair settings | Copying Hair settings to device
Fra:1 Mem:23.10M (0.00M, Peak 23.73M) | Time:00:00.12 | Mem:6.60M, Peak:6.60M | Scene, RenderLayer | Updating Lookup Tables
Fra:1 Mem:23.10M (0.00M, Peak 23.73M) | Time:00:00.12 | Mem:6.85M, Peak:6.85M | Scene, RenderLayer | Updating Lights
Fra:1 Mem:23.10M (0.00M, Peak 23.73M) | Time:00:00.12 | Mem:6.85M, Peak:6.85M | Scene, RenderLayer | Updating Lights | Computing distribution
Fra:1 Mem:23.11M (0.00M, Peak 23.73M) | Time:00:00.12 | Mem:6.85M, Peak:6.85M | Scene, RenderLayer | Updating Particle Systems
Fra:1 Mem:23.11M (0.00M, Peak 23.73M) | Time:00:00.12 | Mem:6.85M, Peak:6.85M | Scene, RenderLayer | Updating Particle Systems | Copying Particles to device
Fra:1 Mem:23.11M (0.00M, Peak 23.73M) | Time:00:00.12 | Mem:6.85M, Peak:6.85M | Scene, RenderLayer | Updating Integrator
Fra:1 Mem:23.15M (0.00M, Peak 23.73M) | Time:00:00.12 | Mem:6.89M, Peak:6.89M | Scene, RenderLayer | Updating Film
Fra:1 Mem:23.15M (0.00M, Peak 23.73M) | Time:00:00.12 | Mem:6.89M, Peak:6.89M | Scene, RenderLayer | Updating Lookup Tables
Fra:1 Mem:23.15M (0.00M, Peak 23.73M) | Time:00:00.12 | Mem:6.90M, Peak:6.90M | Scene, RenderLayer | Updating Baking
Fra:1 Mem:23.15M (0.00M, Peak 23.73M) | Time:00:00.12 | Mem:6.90M, Peak:6.90M | Scene, RenderLayer | Updating Device | Writing constant memory
Fra:1 Mem:23.15M (0.00M, Peak 23.73M) | Time:00:00.12 | Mem:6.90M, Peak:6.90M | Scene, RenderLayer | Path Tracing Tile 0/4, Sample 0/512
Fra:1 Mem:25.40M (0.00M, Peak 26.65M) | Time:00:00.12 | Mem:9.15M, Peak:9.15M | Scene, RenderLayer | Path Tracing Tile 1/4, Sample 0/512
Fra:1 Mem:25.40M (0.00M, Peak 27.65M) | Time:00:01.13 | Remaining:00:11.20 | Mem:9.15M, Peak:9.15M | Scene, RenderLayer | Path Tracing Tile 1/4, Sample 99/512
Fra:1 Mem:25.40M (0.00M, Peak 27.65M) | Time:00:02.13 | Remaining:00:10.18 | Mem:9.15M, Peak:9.15M | Scene, RenderLayer | Path Tracing Tile 1/4, Sample 198/512
Fra:1 Mem:25.40M (0.00M, Peak 27.65M) | Time:00:03.14 | Remaining:00:09.17 | Mem:9.15M, Peak:9.15M | Scene, RenderLayer | Path Tracing Tile 1/4, Sample 297/512
Fra:1 Mem:25.40M (0.00M, Peak 27.65M) | Time:00:04.14 | Remaining:00:08.16 | Mem:9.15M, Peak:9.15M | Scene, RenderLayer | Path Tracing Tile 1/4, Sample 396/512
Fra:1 Mem:25.40M (0.00M, Peak 27.65M) | Time:00:05.14 | Remaining:00:07.17 | Mem:9.15M, Peak:9.15M | Scene, RenderLayer | Path Tracing Tile 1/4, Sample 494/512
Fra:1 Mem:23.15M (0.00M, Peak 27.65M) | Time:00:05.33 | Remaining:00:07.00 | Mem:6.90M, Peak:9.15M | Scene, RenderLayer | Path Tracing Tile 1/4, Sample 512/512
Fra:1 Mem:25.12M (0.00M, Peak 27.65M) | Time:00:05.33 | Remaining:00:07.00 | Mem:8.87M, Peak:9.15M | Scene, RenderLayer | Path Tracing Tile 2/4, Sample 512/512
Fra:1 Mem:25.12M (0.00M, Peak 27.65M) | Time:00:06.15 | Remaining:00:06.19 | Mem:8.87M, Peak:9.15M | Scene, RenderLayer | Path Tracing Tile 2/4, Sample 91/512
Fra:1 Mem:25.12M (0.00M, Peak 27.65M) | Time:00:07.16 | Remaining:00:05.20 | Mem:8.87M, Peak:9.15M | Scene, RenderLayer | Path Tracing Tile 2/4, Sample 203/512
Fra:1 Mem:25.12M (0.00M, Peak 27.65M) | Time:00:08.16 | Remaining:00:04.22 | Mem:8.87M, Peak:9.15M | Scene, RenderLayer | Path Tracing Tile 2/4, Sample 314/512
Fra:1 Mem:25.12M (0.00M, Peak 27.65M) | Time:00:09.16 | Remaining:00:03.23 | Mem:8.87M, Peak:9.15M | Scene, RenderLayer | Path Tracing Tile 2/4, Sample 425/512
Fra:1 Mem:23.15M (0.00M, Peak 27.65M) | Time:00:09.96 | Remaining:00:02.45 | Mem:6.90M, Peak:9.15M | Scene, RenderLayer | Path Tracing Tile 2/4, Sample 512/512
Fra:1 Mem:23.71M (0.00M, Peak 27.65M) | Time:00:09.96 | Remaining:00:02.45 | Mem:7.46M, Peak:9.15M | Scene, RenderLayer | Path Tracing Tile 3/4, Sample 512/512
Fra:1 Mem:23.71M (0.00M, Peak 27.65M) | Time:00:10.16 | Remaining:00:02.35 | Mem:7.46M, Peak:9.15M | Scene, RenderLayer | Path Tracing Tile 3/4, Sample 49/512
Fra:1 Mem:23.71M (0.00M, Peak 27.65M) | Time:00:11.17 | Remaining:00:01.80 | Mem:7.46M, Peak:9.15M | Scene, RenderLayer | Path Tracing Tile 3/4, Sample 286/512
Fra:1 Mem:23.15M (0.00M, Peak 27.65M) | Time:00:12.13 | Remaining:00:01.23 | Mem:6.90M, Peak:9.15M | Scene, RenderLayer | Path Tracing Tile 3/4, Sample 512/512
Fra:1 Mem:23.64M (0.00M, Peak 27.65M) | Time:00:12.13 | Remaining:00:01.23 | Mem:7.39M, Peak:9.15M | Scene, RenderLayer | Path Tracing Tile 4/4, Sample 512/512
Fra:1 Mem:23.64M (0.00M, Peak 27.65M) | Time:00:12.17 | Remaining:00:01.21 | Mem:7.39M, Peak:9.15M | Scene, RenderLayer | Path Tracing Tile 4/4, Sample 9/512
Fra:1 Mem:23.64M (0.00M, Peak 27.65M) | Time:00:13.17 | Remaining:00:00.62 | Mem:7.39M, Peak:9.15M | Scene, RenderLayer | Path Tracing Tile 4/4, Sample 263/512
Fra:1 Mem:23.15M (0.00M, Peak 27.65M) | Time:00:14.15 | Mem:6.90M, Peak:9.15M | Scene, RenderLayer | Path Tracing Tile 4/4, Sample 512/512
Fra:1 Mem:23.15M (0.00M, Peak 27.65M) | Time:00:14.15 | Mem:6.90M, Peak:9.15M | Scene, RenderLayer | Finished
Fra:1 Mem:12.81M (0.00M, Peak 27.65M) | Time:00:14.23 | Sce: Scene Ve:0 Fa:0 La:0
Saved: 'data/clevr-cleaned-variants/aphaeresis/fovariant-17/render/images/CLEVR_val_000004.png'
 Time: 00:14.27 (Saving: 00:00.03)

read blend: /home/ubuntu/vdp/data/clevr_scene_data/base_scene.blend
convertViewVec: called in an invalid context
convertViewVec: called in an invalid context
Fra:1 Mem:11.88M (0.00M, Peak 11.88M) | Time:00:00.00 | Preparing Scene data
Fra:1 Mem:14.53M (0.00M, Peak 14.83M) | Time:00:00.00 | Preparing Scene data
Fra:1 Mem:14.53M (0.00M, Peak 14.83M) | Time:00:00.00 | Creating Shadowbuffers
Fra:1 Mem:14.53M (0.00M, Peak 14.83M) | Time:00:00.00 | Raytree.. preparing
Fra:1 Mem:17.29M (0.00M, Peak 17.29M) | Time:00:00.00 | Raytree.. building
Fra:1 Mem:17.14M (0.00M, Peak 21.47M) | Time:00:00.05 | Raytree finished
Fra:1 Mem:17.14M (0.00M, Peak 21.47M) | Time:00:00.05 | Creating Environment maps
Fra:1 Mem:17.14M (0.00M, Peak 21.47M) | Time:00:00.05 | Caching Point Densities
Fra:1 Mem:17.14M (0.00M, Peak 21.47M) | Time:00:00.05 | Sce: Scene Ve:19114 Fa:20152 La:1
Fra:1 Mem:17.14M (0.00M, Peak 21.47M) | Time:00:00.05 | Loading voxel datasets
Fra:1 Mem:17.14M (0.00M, Peak 21.47M) | Time:00:00.05 | Sce: Scene Ve:19114 Fa:20152 La:1
Fra:1 Mem:17.14M (0.00M, Peak 21.47M) | Time:00:00.05 | Sce: Scene Ve:19114 Fa:20152 La:1
Fra:1 Mem:17.14M (0.00M, Peak 21.47M) | Time:00:00.05 | Volume preprocessing
Fra:1 Mem:17.14M (0.00M, Peak 21.47M) | Time:00:00.05 | Sce: Scene Ve:19114 Fa:20152 La:1
Fra:1 Mem:17.14M (0.00M, Peak 21.47M) | Time:00:00.05 | Sce: Scene Ve:19114 Fa:20152 La:1
Fra:1 Mem:21.21M (0.00M, Peak 21.47M) | Time:00:00.05 | Scene, Part 3-4
Fra:1 Mem:21.17M (0.00M, Peak 21.65M) | Time:00:00.05 | Scene, Part 4-4
Fra:1 Mem:20.24M (0.00M, Peak 21.65M) | Time:00:00.06 | Scene, Part 2-4
Fra:1 Mem:18.40M (0.00M, Peak 21.65M) | Time:00:00.06 | Scene, Part 1-4
Fra:1 Mem:11.80M (0.00M, Peak 21.65M) | Time:00:00.06 | Sce: Scene Ve:19114 Fa:20152 La:1
Saved: '/tmp/tmpgnm5ryv2.png'
 Time: 00:00.08 (Saving: 00:00.01)

Fra:1 Mem:11.83M (0.00M, Peak 12.43M) | Time:00:00.04 | Mem:0.00M, Peak:0.00M | Scene, RenderLayer | Synchronizing object | Area
Fra:1 Mem:11.83M (0.00M, Peak 12.43M) | Time:00:00.04 | Mem:0.00M, Peak:0.00M | Scene, RenderLayer | Synchronizing object | Ground
Fra:1 Mem:11.90M (0.00M, Peak 12.43M) | Time:00:00.04 | Mem:0.00M, Peak:0.00M | Scene, RenderLayer | Synchronizing object | Empty
Fra:1 Mem:11.90M (0.00M, Peak 12.43M) | Time:00:00.04 | Mem:0.00M, Peak:0.00M | Scene, RenderLayer | Synchronizing object | Lamp_Back
Fra:1 Mem:11.90M (0.00M, Peak 12.43M) | Time:00:00.04 | Mem:0.00M, Peak:0.00M | Scene, RenderLayer | Synchronizing object | Lamp_Fill
Fra:1 Mem:11.90M (0.00M, Peak 12.43M) | Time:00:00.04 | Mem:0.00M, Peak:0.00M | Scene, RenderLayer | Synchronizing object | Lamp_Key
Fra:1 Mem:11.90M (0.00M, Peak 12.43M) | Time:00:00.04 | Mem:0.00M, Peak:0.00M | Scene, RenderLayer | Synchronizing object | Camera
Fra:1 Mem:11.90M (0.00M, Peak 12.43M) | Time:00:00.04 | Mem:0.00M, Peak:0.00M | Scene, RenderLayer | Synchronizing object | Sphere_0
Fra:1 Mem:13.16M (0.00M, Peak 14.66M) | Time:00:00.05 | Mem:0.00M, Peak:0.00M | Scene, RenderLayer | Synchronizing object | SmoothCube_v2_0
Fra:1 Mem:13.47M (0.00M, Peak 14.66M) | Time:00:00.05 | Mem:0.00M, Peak:0.00M | Scene, RenderLayer | Initializing
Fra:1 Mem:13.47M (0.00M, Peak 14.66M) | Time:00:00.05 | Mem:0.00M, Peak:0.00M | Scene, RenderLayer | Loading render kernels (may take a few minutes the first time)
Fra:1 Mem:13.47M (0.00M, Peak 16.17M) | Time:00:00.06 | Mem:0.00M, Peak:0.00M | Scene, RenderLayer | Waiting for render to start
Fra:1 Mem:13.47M (0.00M, Peak 16.17M) | Time:00:00.06 | Mem:0.00M, Peak:0.00M | Scene, RenderLayer | Updating Scene
Fra:1 Mem:13.47M (0.00M, Peak 16.17M) | Time:00:00.06 | Mem:0.00M, Peak:0.00M | Scene, RenderLayer | Updating Shaders
Fra:1 Mem:13.72M (0.00M, Peak 16.17M) | Time:00:00.07 | Mem:0.00M, Peak:0.00M | Scene, RenderLayer | Updating Background
Fra:1 Mem:13.72M (0.00M, Peak 16.17M) | Time:00:00.07 | Mem:0.00M, Peak:0.00M | Scene, RenderLayer | Updating Camera
Fra:1 Mem:13.72M (0.00M, Peak 16.17M) | Time:00:00.07 | Mem:0.00M, Peak:0.00M | Scene, RenderLayer | Updating Meshes Flags
Fra:1 Mem:13.72M (0.00M, Peak 16.17M) | Time:00:00.07 | Mem:0.00M, Peak:0.00M | Scene, RenderLayer | Updating Objects
Fra:1 Mem:13.72M (0.00M, Peak 16.17M) | Time:00:00.07 | Mem:0.00M, Peak:0.00M | Scene, RenderLayer | Updating Objects | Copying Transformations to device
Fra:1 Mem:13.72M (0.00M, Peak 16.17M) | Time:00:00.07 | Mem:0.00M, Peak:0.00M | Scene, RenderLayer | Updating Objects | Applying Static Transformations
Fra:1 Mem:13.72M (0.00M, Peak 16.17M) | Time:00:00.07 | Mem:0.00M, Peak:0.00M | Scene, RenderLayer | Updating Meshes
Fra:1 Mem:14.33M (0.00M, Peak 16.17M) | Time:00:00.07 | Mem:0.00M, Peak:0.00M | Scene, RenderLayer | Updating Mesh | Computing attributes
Fra:1 Mem:14.33M (0.00M, Peak 16.17M) | Time:00:00.07 | Mem:0.00M, Peak:0.00M | Scene, RenderLayer | Updating Mesh | Copying Attributes to device
Fra:1 Mem:14.33M (0.00M, Peak 16.17M) | Time:00:00.07 | Mem:0.00M, Peak:0.00M | Scene, RenderLayer | Updating Scene BVH | Building
Fra:1 Mem:14.33M (0.00M, Peak 16.17M) | Time:00:00.07 | Mem:0.00M, Peak:0.00M | Scene, RenderLayer | Updating Scene BVH | Building BVH
Fra:1 Mem:16.60M (0.00M, Peak 16.60M) | Time:00:00.09 | Mem:0.00M, Peak:0.00M | Scene, RenderLayer | Updating Scene BVH | Packing BVH triangles and strands
Fra:1 Mem:18.72M (0.00M, Peak 18.72M) | Time:00:00.10 | Mem:0.00M, Peak:0.00M | Scene, RenderLayer | Updating Scene BVH | Packing BVH nodes
Fra:1 Mem:17.50M (0.00M, Peak 19.32M) | Time:00:00.10 | Mem:0.00M, Peak:0.00M | Scene, RenderLayer | Updating Scene BVH | Copying BVH to device
Fra:1 Mem:17.65M (0.00M, Peak 19.32M) | Time:00:00.10 | Mem:3.17M, Peak:3.17M | Scene, RenderLayer | Updating Mesh | Computing normals
Fra:1 Mem:19.02M (0.00M, Peak 19.32M) | Time:00:00.10 | Mem:3.17M, Peak:3.17M | Scene, RenderLayer | Updating Mesh | Copying Mesh to device
Fra:1 Mem:18.87M (0.00M, Peak 19.32M) | Time:00:00.10 | Mem:4.54M, Peak:4.54M | Scene, RenderLayer | Updating Objects Flags
Fra:1 Mem:18.87M (0.00M, Peak 19.32M) | Time:00:00.10 | Mem:4.54M, Peak:4.54M | Scene, RenderLayer | Updating Images
Fra:1 Mem:18.87M (0.00M, Peak 19.32M) | Time:00:00.10 | Mem:4.54M, Peak:4.54M | Scene, RenderLayer | Updating Camera Volume
Fra:1 Mem:18.87M (0.00M, Peak 19.32M) | Time:00:00.10 | Mem:4.54M, Peak:4.54M | Scene, RenderLayer | Updating Hair Systems
Fra:1 Mem:18.87M (0.00M, Peak 19.32M) | Time:00:00.10 | Mem:4.54M, Peak:4.54M | Scene, RenderLayer | Updating Hair settings | Copying Hair settings to device
Fra:1 Mem:18.87M (0.00M, Peak 19.32M) | Time:00:00.10 | Mem:4.54M, Peak:4.54M | Scene, RenderLayer | Updating Lookup Tables
Fra:1 Mem:18.87M (0.00M, Peak 19.32M) | Time:00:00.10 | Mem:4.79M, Peak:4.79M | Scene, RenderLayer | Updating Lights
Fra:1 Mem:18.87M (0.00M, Peak 19.32M) | Time:00:00.10 | Mem:4.79M, Peak:4.79M | Scene, RenderLayer | Updating Lights | Computing distribution
Fra:1 Mem:18.87M (0.00M, Peak 19.32M) | Time:00:00.10 | Mem:4.79M, Peak:4.79M | Scene, RenderLayer | Updating Particle Systems
Fra:1 Mem:18.87M (0.00M, Peak 19.32M) | Time:00:00.10 | Mem:4.79M, Peak:4.79M | Scene, RenderLayer | Updating Particle Systems | Copying Particles to device
Fra:1 Mem:18.87M (0.00M, Peak 19.32M) | Time:00:00.10 | Mem:4.79M, Peak:4.79M | Scene, RenderLayer | Updating Integrator
Fra:1 Mem:18.91M (0.00M, Peak 19.32M) | Time:00:00.10 | Mem:4.83M, Peak:4.83M | Scene, RenderLayer | Updating Film
Fra:1 Mem:18.91M (0.00M, Peak 19.32M) | Time:00:00.10 | Mem:4.83M, Peak:4.83M | Scene, RenderLayer | Updating Lookup Tables
Fra:1 Mem:18.91M (0.00M, Peak 19.32M) | Time:00:00.10 | Mem:4.84M, Peak:4.84M | Scene, RenderLayer | Updating Baking
Fra:1 Mem:18.91M (0.00M, Peak 19.32M) | Time:00:00.10 | Mem:4.84M, Peak:4.84M | Scene, RenderLayer | Updating Device | Writing constant memory
Fra:1 Mem:18.91M (0.00M, Peak 19.32M) | Time:00:00.10 | Mem:4.84M, Peak:4.84M | Scene, RenderLayer | Path Tracing Tile 0/4, Sample 0/512
Fra:1 Mem:21.16M (0.00M, Peak 22.41M) | Time:00:00.11 | Mem:7.09M, Peak:7.09M | Scene, RenderLayer | Path Tracing Tile 1/4, Sample 0/512
Fra:1 Mem:21.16M (0.00M, Peak 23.41M) | Time:00:01.11 | Remaining:00:11.40 | Mem:7.09M, Peak:7.09M | Scene, RenderLayer | Path Tracing Tile 1/4, Sample 97/512
Fra:1 Mem:21.16M (0.00M, Peak 23.41M) | Time:00:02.12 | Remaining:00:10.37 | Mem:7.09M, Peak:7.09M | Scene, RenderLayer | Path Tracing Tile 1/4, Sample 195/512
Fra:1 Mem:21.16M (0.00M, Peak 23.41M) | Time:00:03.12 | Remaining:00:09.37 | Mem:7.09M, Peak:7.09M | Scene, RenderLayer | Path Tracing Tile 1/4, Sample 292/512
Fra:1 Mem:21.16M (0.00M, Peak 23.41M) | Time:00:04.12 | Remaining:00:08.37 | Mem:7.09M, Peak:7.09M | Scene, RenderLayer | Path Tracing Tile 1/4, Sample 389/512
Fra:1 Mem:21.16M (0.00M, Peak 23.41M) | Time:00:05.12 | Remaining:00:07.37 | Mem:7.09M, Peak:7.09M | Scene, RenderLayer | Path Tracing Tile 1/4, Sample 486/512
Fra:1 Mem:18.91M (0.00M, Peak 23.41M) | Time:00:05.40 | Remaining:00:07.11 | Mem:4.84M, Peak:7.09M | Scene, RenderLayer | Path Tracing Tile 1/4, Sample 512/512
Fra:1 Mem:20.88M (0.00M, Peak 23.41M) | Time:00:05.40 | Remaining:00:07.11 | Mem:6.81M, Peak:7.09M | Scene, RenderLayer | Path Tracing Tile 2/4, Sample 512/512
Fra:1 Mem:20.88M (0.00M, Peak 23.41M) | Time:00:06.12 | Remaining:00:06.26 | Mem:6.81M, Peak:7.09M | Scene, RenderLayer | Path Tracing Tile 2/4, Sample 87/512
Fra:1 Mem:20.88M (0.00M, Peak 23.41M) | Time:00:07.13 | Remaining:00:05.12 | Mem:6.81M, Peak:7.09M | Scene, RenderLayer | Path Tracing Tile 2/4, Sample 208/512
Fra:1 Mem:20.88M (0.00M, Peak 23.41M) | Time:00:08.13 | Remaining:00:04.02 | Mem:6.81M, Peak:7.09M | Scene, RenderLayer | Path Tracing Tile 2/4, Sample 328/512
Fra:1 Mem:20.88M (0.00M, Peak 23.41M) | Time:00:09.13 | Remaining:00:02.96 | Mem:6.81M, Peak:7.09M | Scene, RenderLayer | Path Tracing Tile 2/4, Sample 447/512
Fra:1 Mem:18.91M (0.00M, Peak 23.41M) | Time:00:09.68 | Remaining:00:02.39 | Mem:4.84M, Peak:7.09M | Scene, RenderLayer | Path Tracing Tile 2/4, Sample 512/512
Fra:1 Mem:19.47M (0.00M, Peak 23.41M) | Time:00:09.68 | Remaining:00:02.39 | Mem:5.40M, Peak:7.09M | Scene, RenderLayer | Path Tracing Tile 3/4, Sample 512/512
Fra:1 Mem:19.47M (0.00M, Peak 23.41M) | Time:00:10.13 | Remaining:00:02.16 | Mem:5.40M, Peak:7.09M | Scene, RenderLayer | Path Tracing Tile 3/4, Sample 108/512
Fra:1 Mem:19.47M (0.00M, Peak 23.41M) | Time:00:11.13 | Remaining:00:01.61 | Mem:5.40M, Peak:7.09M | Scene, RenderLayer | Path Tracing Tile 3/4, Sample 347/512
Fra:1 Mem:18.91M (0.00M, Peak 23.41M) | Time:00:11.83 | Remaining:00:01.20 | Mem:4.84M, Peak:7.09M | Scene, RenderLayer | Path Tracing Tile 3/4, Sample 512/512
Fra:1 Mem:19.40M (0.00M, Peak 23.41M) | Time:00:11.83 | Remaining:00:01.20 | Mem:5.33M, Peak:7.09M | Scene, RenderLayer | Path Tracing Tile 4/4, Sample 512/512
Fra:1 Mem:19.40M (0.00M, Peak 23.41M) | Time:00:12.14 | Remaining:00:01.03 | Mem:5.33M, Peak:7.09M | Scene, RenderLayer | Path Tracing Tile 4/4, Sample 77/512
Fra:1 Mem:19.40M (0.00M, Peak 23.41M) | Time:00:13.14 | Remaining:00:00.44 | Mem:5.33M, Peak:7.09M | Scene, RenderLayer | Path Tracing Tile 4/4, Sample 329/512
Fra:1 Mem:18.91M (0.00M, Peak 23.41M) | Time:00:13.87 | Mem:4.84M, Peak:7.09M | Scene, RenderLayer | Path Tracing Tile 4/4, Sample 512/512
Fra:1 Mem:18.91M (0.00M, Peak 23.41M) | Time:00:13.87 | Mem:4.84M, Peak:7.09M | Scene, RenderLayer | Finished
Fra:1 Mem:11.83M (0.00M, Peak 23.41M) | Time:00:13.95 | Sce: Scene Ve:0 Fa:0 La:0
Saved: 'data/clevr-cleaned-variants/aphaeresis/fovariant-17/render/images/CLEVR_val_000005.png'
 Time: 00:13.99 (Saving: 00:00.03)


Blender quit

INFO test_net.py:  81: Called with args:
INFO test_net.py:  82: Namespace(cfg_file='clevr_inference/scene_parse/mask_rcnn/configs/baselines/e2e_mask_rcnn_R-50-FPN_1x.yaml', clevr_comp_cat=1, dataset='clevr_original_val', grab_conv=False, images_dir='data/clevr-cleaned-variants/aphaeresis/fovariant-17/render/images', load_ckpt='/home/ubuntu/vdp/data/ns-vqa-data/pretrained/object_detector.pt', load_detectron=None, multi_gpu_testing=False, name=None, output_dir='data/clevr-cleaned-variants/aphaeresis/fovariant-17/infer/mask_rcnn', range=None, rendersummary_path='data/clevr-cleaned-variants/aphaeresis/fovariant-17/render/summary.json', set_cfgs=[], vis=False)
INFO test_net.py: 125: Testing with config:
INFO test_net.py: 126: {'BBOX_XFORM_CLIP': 4.135166556742356,
 'CLEVR': {'COMP_CAT': True},
 'CROP_RESIZE_WITH_MAX_POOL': True,
 'CUDA': False,
 'DATA_DIR': '/home/ubuntu/vdp/data/ns-vqa-data/mask_rcnn',
 'DATA_LOADER': {'NUM_THREADS': 4},
 'DEBUG': False,
 'DEDUP_BOXES': 0.0625,
 'EPS': 1e-14,
 'EXPECTED_RESULTS': [],
 'EXPECTED_RESULTS_ATOL': 0.005,
 'EXPECTED_RESULTS_EMAIL': '',
 'EXPECTED_RESULTS_RTOL': 0.1,
 'FAST_RCNN': {'CONV_HEAD_DIM': 256,
               'MLP_HEAD_DIM': 1024,
               'NUM_STACKED_CONVS': 4,
               'ROI_BOX_HEAD': 'fast_rcnn_heads.roi_2mlp_head',
               'ROI_XFORM_METHOD': 'RoIAlign',
               'ROI_XFORM_RESOLUTION': 7,
               'ROI_XFORM_SAMPLING_RATIO': 2},
 'FPN': {'COARSEST_STRIDE': 32,
         'DIM': 256,
         'EXTRA_CONV_LEVELS': False,
         'FPN_ON': True,
         'MULTILEVEL_ROIS': True,
         'MULTILEVEL_RPN': True,
         'ROI_CANONICAL_LEVEL': 4,
         'ROI_CANONICAL_SCALE': 224,
         'ROI_MAX_LEVEL': 5,
         'ROI_MIN_LEVEL': 2,
         'RPN_ANCHOR_START_SIZE': 32,
         'RPN_ASPECT_RATIOS': (0.5, 1, 2),
         'RPN_COLLECT_SCALE': 1,
         'RPN_MAX_LEVEL': 6,
         'RPN_MIN_LEVEL': 2,
         'USE_GN': False,
         'ZERO_INIT_LATERAL': False},
 'GROUP_NORM': {'DIM_PER_GP': -1, 'EPSILON': 1e-05, 'NUM_GROUPS': 32},
 'KRCNN': {'CONV_HEAD_DIM': 256,
           'CONV_HEAD_KERNEL': 3,
           'CONV_INIT': 'GaussianFill',
           'DECONV_DIM': 256,
           'DECONV_KERNEL': 4,
           'DILATION': 1,
           'HEATMAP_SIZE': -1,
           'INFERENCE_MIN_SIZE': 0,
           'KEYPOINT_CONFIDENCE': 'bbox',
           'LOSS_WEIGHT': 1.0,
           'MIN_KEYPOINT_COUNT_FOR_VALID_MINIBATCH': 20,
           'NMS_OKS': False,
           'NORMALIZE_BY_VISIBLE_KEYPOINTS': True,
           'NUM_KEYPOINTS': -1,
           'NUM_STACKED_CONVS': 8,
           'ROI_KEYPOINTS_HEAD': '',
           'ROI_XFORM_METHOD': 'RoIAlign',
           'ROI_XFORM_RESOLUTION': 7,
           'ROI_XFORM_SAMPLING_RATIO': 0,
           'UP_SCALE': -1,
           'USE_DECONV': False,
           'USE_DECONV_OUTPUT': False},
 'MATLAB': 'matlab',
 'MODEL': {'BBOX_REG_WEIGHTS': (10.0, 10.0, 5.0, 5.0),
           'CLS_AGNOSTIC_BBOX_REG': False,
           'CONV_BODY': 'FPN.fpn_ResNet50_conv5_body',
           'FASTER_RCNN': True,
           'KEYPOINTS_ON': False,
           'LOAD_IMAGENET_PRETRAINED_WEIGHTS': True,
           'MASK_ON': True,
           'NUM_CLASSES': 49,
           'RPN_ONLY': False,
           'SHARE_RES5': False,
           'TYPE': 'generalized_rcnn',
           'UNSUPERVISED_POSE': False},
 'MRCNN': {'CLS_SPECIFIC_MASK': True,
           'CONV_INIT': 'MSRAFill',
           'DILATION': 1,
           'DIM_REDUCED': 256,
           'MEMORY_EFFICIENT_LOSS': True,
           'RESOLUTION': 28,
           'ROI_MASK_HEAD': 'mask_rcnn_heads.mask_rcnn_fcn_head_v1up4convs',
           'ROI_XFORM_METHOD': 'RoIAlign',
           'ROI_XFORM_RESOLUTION': 14,
           'ROI_XFORM_SAMPLING_RATIO': 2,
           'THRESH_BINARIZE': 0.5,
           'UPSAMPLE_RATIO': 1,
           'USE_FC_OUTPUT': False,
           'WEIGHT_LOSS_MASK': 1.0},
 'NUM_GPUS': 8,
 'OUTPUT_DIR': 'Outputs',
 'PIXEL_MEANS': array([[[102.9801, 115.9465, 122.7717]]]),
 'POOLING_MODE': 'crop',
 'POOLING_SIZE': 7,
 'PYTORCH_VERSION_LESS_THAN_040': False,
 'RESNETS': {'FREEZE_AT': 2,
             'IMAGENET_PRETRAINED_WEIGHTS': 'pretrained_model/resnet50_caffe.pth',
             'NUM_GROUPS': 1,
             'RES5_DILATION': 1,
             'SHORTCUT_FUNC': 'basic_bn_shortcut',
             'STEM_FUNC': 'basic_bn_stem',
             'STRIDE_1X1': True,
             'TRANS_FUNC': 'bottleneck_transformation',
             'USE_GN': False,
             'WIDTH_PER_GROUP': 64},
 'RETINANET': {'ANCHOR_SCALE': 4,
               'ASPECT_RATIOS': (0.5, 1.0, 2.0),
               'BBOX_REG_BETA': 0.11,
               'BBOX_REG_WEIGHT': 1.0,
               'CLASS_SPECIFIC_BBOX': False,
               'INFERENCE_TH': 0.05,
               'LOSS_ALPHA': 0.25,
               'LOSS_GAMMA': 2.0,
               'NEGATIVE_OVERLAP': 0.4,
               'NUM_CONVS': 4,
               'POSITIVE_OVERLAP': 0.5,
               'PRE_NMS_TOP_N': 1000,
               'PRIOR_PROB': 0.01,
               'RETINANET_ON': False,
               'SCALES_PER_OCTAVE': 3,
               'SHARE_CLS_BBOX_TOWER': False,
               'SOFTMAX': False},
 'RFCN': {'PS_GRID_SIZE': 3},
 'RNG_SEED': 3,
 'ROOT_DIR': '/home/ubuntu/vdp/clevr_inference/scene_parse/mask_rcnn',
 'RPN': {'ASPECT_RATIOS': (0.5, 1, 2),
         'CLS_ACTIVATION': 'sigmoid',
         'OUT_DIM': 512,
         'OUT_DIM_AS_IN_DIM': True,
         'RPN_ON': True,
         'SIZES': (64, 128, 256, 512),
         'STRIDE': 16},
 'SOLVER': {'BASE_LR': 0.02,
            'BIAS_DOUBLE_LR': True,
            'BIAS_WEIGHT_DECAY': False,
            'GAMMA': 0.1,
            'LOG_LR_CHANGE_THRESHOLD': 1.1,
            'LRS': [],
            'LR_POLICY': 'steps_with_decay',
            'MAX_ITER': 30000,
            'MOMENTUM': 0.9,
            'SCALE_MOMENTUM': True,
            'SCALE_MOMENTUM_THRESHOLD': 1.1,
            'STEPS': [0, 20000, 26000],
            'STEP_SIZE': 30000,
            'TYPE': 'SGD',
            'WARM_UP_FACTOR': 0.3333333333333333,
            'WARM_UP_ITERS': 500,
            'WARM_UP_METHOD': 'linear',
            'WEIGHT_DECAY': 0.0001,
            'WEIGHT_DECAY_GN': 0.0},
 'TEST': {'BBOX_AUG': {'AREA_TH_HI': 32400,
                       'AREA_TH_LO': 2500,
                       'ASPECT_RATIOS': (),
                       'ASPECT_RATIO_H_FLIP': False,
                       'COORD_HEUR': 'UNION',
                       'ENABLED': False,
                       'H_FLIP': False,
                       'MAX_SIZE': 4000,
                       'SCALES': (),
                       'SCALE_H_FLIP': False,
                       'SCALE_SIZE_DEP': False,
                       'SCORE_HEUR': 'UNION'},
          'BBOX_REG': True,
          'BBOX_VOTE': {'ENABLED': False,
                        'SCORING_METHOD': 'ID',
                        'SCORING_METHOD_BETA': 1.0,
                        'VOTE_TH': 0.8},
          'COMPETITION_MODE': True,
          'DATASETS': ('custom(data/clevr-cleaned-variants/aphaeresis/fovariant-17/render/images, '
                       'data/clevr-cleaned-variants/aphaeresis/fovariant-17/render/summary.json)',),
          'DETECTIONS_PER_IM': 100,
          'FORCE_JSON_DATASET_EVAL': False,
          'KPS_AUG': {'AREA_TH': 32400,
                      'ASPECT_RATIOS': (),
                      'ASPECT_RATIO_H_FLIP': False,
                      'ENABLED': False,
                      'HEUR': 'HM_AVG',
                      'H_FLIP': False,
                      'MAX_SIZE': 4000,
                      'SCALES': (),
                      'SCALE_H_FLIP': False,
                      'SCALE_SIZE_DEP': False},
          'MASK_AUG': {'AREA_TH': 32400,
                       'ASPECT_RATIOS': (),
                       'ASPECT_RATIO_H_FLIP': False,
                       'ENABLED': False,
                       'HEUR': 'SOFT_AVG',
                       'H_FLIP': False,
                       'MAX_SIZE': 4000,
                       'SCALES': (),
                       'SCALE_H_FLIP': False,
                       'SCALE_SIZE_DEP': False},
          'MAX_SIZE': 1333,
          'NMS': 0.5,
          'PRECOMPUTED_PROPOSALS': False,
          'PROPOSAL_FILES': (),
          'PROPOSAL_LIMIT': 2000,
          'RPN_MIN_SIZE': 0,
          'RPN_NMS_THRESH': 0.7,
          'RPN_POST_NMS_TOP_N': 1000,
          'RPN_PRE_NMS_TOP_N': 1000,
          'SCALE': 800,
          'SCORE_THRESH': 0.05,
          'SOFT_NMS': {'ENABLED': False, 'METHOD': 'linear', 'SIGMA': 0.5}},
 'TRAIN': {'ASPECT_CROPPING': False,
           'ASPECT_GROUPING': True,
           'ASPECT_HI': 2,
           'ASPECT_LO': 0.5,
           'BATCH_SIZE_PER_IM': 512,
           'BBOX_INSIDE_WEIGHTS': (1.0, 1.0, 1.0, 1.0),
           'BBOX_NORMALIZE_MEANS': (0.0, 0.0, 0.0, 0.0),
           'BBOX_NORMALIZE_STDS': (0.1, 0.1, 0.2, 0.2),
           'BBOX_NORMALIZE_TARGETS': True,
           'BBOX_NORMALIZE_TARGETS_PRECOMPUTED': False,
           'BBOX_THRESH': 0.5,
           'BG_THRESH_HI': 0.5,
           'BG_THRESH_LO': 0.0,
           'CROWD_FILTER_THRESH': 0.7,
           'DATASETS': (),
           'FG_FRACTION': 0.25,
           'FG_THRESH': 0.5,
           'FREEZE_CONV_BODY': False,
           'GT_MIN_AREA': -1,
           'IMS_PER_BATCH': 2,
           'MAX_SIZE': 1333,
           'PROPOSAL_FILES': (),
           'RPN_BATCH_SIZE_PER_IM': 256,
           'RPN_FG_FRACTION': 0.5,
           'RPN_MIN_SIZE': 0,
           'RPN_NEGATIVE_OVERLAP': 0.3,
           'RPN_NMS_THRESH': 0.7,
           'RPN_POSITIVE_OVERLAP': 0.7,
           'RPN_POST_NMS_TOP_N': 2000,
           'RPN_PRE_NMS_TOP_N': 2000,
           'RPN_STRADDLE_THRESH': 0,
           'SCALES': (800,),
           'SNAPSHOT_ITERS': 20000,
           'USE_FLIPPED': False},
 'VIS': False,
 'VIS_TH': 0.9}
INFO test_engine.py: 352: loading checkpoint /home/ubuntu/vdp/data/ns-vqa-data/pretrained/object_detector.pt
INFO test_engine.py: 286: im_detect: range [1, 6] of 6: 1/6 1.125s + 0.004s (eta: 0:00:05)
INFO test_engine.py: 336: Wrote detections to: /home/ubuntu/vdp/data/clevr-cleaned-variants/aphaeresis/fovariant-17/infer/mask_rcnn/detections.pkl
INFO test_engine.py: 164: Total inference time: 5.720s


| processing proposals 1 / 6 images
| processing proposals 2 / 6 images
| processing proposals 3 / 6 images
| processing proposals 4 / 6 images
| processing proposals 5 / 6 images
| processing proposals 6 / 6 images
| saving object annotations to data/clevr-cleaned-variants/aphaeresis/fovariant-17/infer/attrnet/predictions.json


| options
run_dir: data/clevr-cleaned-variants/aphaeresis/fovariant-17/solver_ir
dataset: clevr
load_checkpoint_path: /home/ubuntu/vdp/data/ns-vqa-data/pretrained/attribute_net.pt
gpu_ids: [0]
clevr_mini_img_dir: /home/ubuntu/vdp/data/ns-vqa-data/raw/CLEVR_mini/images
clevr_mini_ann_path: /home/ubuntu/vdp/data/ns-vqa-data/attr_net/objects/clevr_mini_objs.json
concat_img: 1
split_id: 3500
batch_size: 50
num_workers: 4
learning_rate: 0.002
split: val
output_path: data/clevr-cleaned-variants/aphaeresis/fovariant-17/solver_ir/results.json
clevr_val_ann_path: data/clevr-cleaned-variants/aphaeresis/fovariant-17/infer/attrnet/predictions.json
clevr_val_img_dir: /home/ubuntu/vdp/data/ns-vqa-data/raw/CLEVR_v1.0/images/val
shuffle_data: 0
use_cat_label: 1
name: fovariant-17
| loading checkpoint from /home/ubuntu/vdp/data/ns-vqa-data/pretrained/attribute_net.pt
clevr_object.py: CLEVR_val_000000.png val 0 0
clevr_object.py: CLEVR_val_000000.png val 0 1
clevr_object.py: CLEVR_val_000000.png val 0 2
clevr_object.py: CLEVR_val_000001.png val 1 3
clevr_object.py: CLEVR_val_000001.png val 1 4
clevr_object.py: CLEVR_val_000001.png val 1 5
clevr_object.py: CLEVR_val_000002.png val 2 6
clevr_object.py: CLEVR_val_000002.png val 2 7
clevr_object.py: CLEVR_val_000002.png val 2 8
clevr_object.py: CLEVR_val_000002.png val 2 9
clevr_object.py: CLEVR_val_000003.png val 3 10
clevr_object.py: CLEVR_val_000003.png val 3 11
clevr_object.py: CLEVR_val_000003.png val 3 12
clevr_object.py: CLEVR_val_000004.png val 4 13
clevr_object.py: CLEVR_val_000004.png val 4 14
clevr_object.py: CLEVR_val_000004.png val 4 15
clevr_object.py: CLEVR_val_000004.png val 4 16
clevr_object.py: CLEVR_val_000005.png val 5 17
clevr_object.py: CLEVR_val_000005.png val 5 18
19 / 19 objects processed
| saving annotation file to data/clevr-cleaned-variants/aphaeresis/fovariant-17/solver_ir/results.json


0.json in test
THRESHOLD relate_behind objs = {'id': '0-0', 'position': [2.6815860271453857, 0.20477032661437988, 0.6932054758071899], 'color': 'gray', 'material': 'metal', 'shape': 'cube', 'size': 'large'}, {'id': '0-1', 'position': [-0.7099985480308533, 0.07276393473148346, 0.6907966136932373], 'color': 'gray', 'material': 'metal', 'shape': 'cube', 'size': 'large'}
THRESHOLD relate_behind objs = {'id': '0-0', 'position': [2.6815860271453857, 0.20477032661437988, 0.6932054758071899], 'color': 'gray', 'material': 'metal', 'shape': 'cube', 'size': 'large'}, {'id': '0-2', 'position': [-2.7920219898223877, -0.11066535860300064, 0.6939398646354675], 'color': 'gray', 'material': 'metal', 'shape': 'sphere', 'size': 'large'}
THRESHOLD relate_behind objs = {'id': '0-1', 'position': [-0.7099985480308533, 0.07276393473148346, 0.6907966136932373], 'color': 'gray', 'material': 'metal', 'shape': 'cube', 'size': 'large'}, {'id': '0-2', 'position': [-2.7920219898223877, -0.11066535860300064, 0.6939398646354675], 'color': 'gray', 'material': 'metal', 'shape': 'sphere', 'size': 'large'}
THRESHOLD relate_front objs = {'id': '0-1', 'position': [-0.7099985480308533, 0.07276393473148346, 0.6907966136932373], 'color': 'gray', 'material': 'metal', 'shape': 'cube', 'size': 'large'}, {'id': '0-0', 'position': [2.6815860271453857, 0.20477032661437988, 0.6932054758071899], 'color': 'gray', 'material': 'metal', 'shape': 'cube', 'size': 'large'}
THRESHOLD relate_front objs = {'id': '0-2', 'position': [-2.7920219898223877, -0.11066535860300064, 0.6939398646354675], 'color': 'gray', 'material': 'metal', 'shape': 'sphere', 'size': 'large'}, {'id': '0-0', 'position': [2.6815860271453857, 0.20477032661437988, 0.6932054758071899], 'color': 'gray', 'material': 'metal', 'shape': 'cube', 'size': 'large'}
THRESHOLD relate_front objs = {'id': '0-2', 'position': [-2.7920219898223877, -0.11066535860300064, 0.6939398646354675], 'color': 'gray', 'material': 'metal', 'shape': 'sphere', 'size': 'large'}, {'id': '0-1', 'position': [-0.7099985480308533, 0.07276393473148346, 0.6907966136932373], 'color': 'gray', 'material': 'metal', 'shape': 'cube', 'size': 'large'}
1.json in test
THRESHOLD relate_front objs = {'id': '1-0', 'position': [0.7748129963874817, 0.2826882600784302, 0.6902167797088623], 'color': 'gray', 'material': 'metal', 'shape': 'cylinder', 'size': 'large'}, {'id': '1-1', 'position': [2.862926721572876, 0.37687328457832336, 0.679803729057312], 'color': 'gray', 'material': 'metal', 'shape': 'cylinder', 'size': 'large'}
THRESHOLD relate_behind objs = {'id': '1-1', 'position': [2.862926721572876, 0.37687328457832336, 0.679803729057312], 'color': 'gray', 'material': 'metal', 'shape': 'cylinder', 'size': 'large'}, {'id': '1-0', 'position': [0.7748129963874817, 0.2826882600784302, 0.6902167797088623], 'color': 'gray', 'material': 'metal', 'shape': 'cylinder', 'size': 'large'}
2.json in test
THRESHOLD relate_front objs = {'id': '2-0', 'position': [-2.8740270137786865, -0.0016137156635522842, 0.34101539850234985], 'color': 'gray', 'material': 'metal', 'shape': 'cube', 'size': 'small'}, {'id': '2-1', 'position': [-0.03573118895292282, 0.2563319504261017, 0.3422989249229431], 'color': 'gray', 'material': 'metal', 'shape': 'cube', 'size': 'small'}
THRESHOLD relate_front objs = {'id': '2-0', 'position': [-2.8740270137786865, -0.0016137156635522842, 0.34101539850234985], 'color': 'gray', 'material': 'metal', 'shape': 'cube', 'size': 'small'}, {'id': '2-2', 'position': [2.8266115188598633, 0.37260016798973083, 0.33589068055152893], 'color': 'gray', 'material': 'metal', 'shape': 'cube', 'size': 'small'}
THRESHOLD relate_front objs = {'id': '2-0', 'position': [-2.8740270137786865, -0.0016137156635522842, 0.34101539850234985], 'color': 'gray', 'material': 'metal', 'shape': 'cube', 'size': 'small'}, {'id': '2-3', 'position': [-1.4797706604003906, 0.1126258447766304, 0.34324172139167786], 'color': 'gray', 'material': 'metal', 'shape': 'sphere', 'size': 'small'}
THRESHOLD relate_behind objs = {'id': '2-1', 'position': [-0.03573118895292282, 0.2563319504261017, 0.3422989249229431], 'color': 'gray', 'material': 'metal', 'shape': 'cube', 'size': 'small'}, {'id': '2-0', 'position': [-2.8740270137786865, -0.0016137156635522842, 0.34101539850234985], 'color': 'gray', 'material': 'metal', 'shape': 'cube', 'size': 'small'}
THRESHOLD relate_behind objs = {'id': '2-1', 'position': [-0.03573118895292282, 0.2563319504261017, 0.3422989249229431], 'color': 'gray', 'material': 'metal', 'shape': 'cube', 'size': 'small'}, {'id': '2-3', 'position': [-1.4797706604003906, 0.1126258447766304, 0.34324172139167786], 'color': 'gray', 'material': 'metal', 'shape': 'sphere', 'size': 'small'}
THRESHOLD relate_front objs = {'id': '2-1', 'position': [-0.03573118895292282, 0.2563319504261017, 0.3422989249229431], 'color': 'gray', 'material': 'metal', 'shape': 'cube', 'size': 'small'}, {'id': '2-2', 'position': [2.8266115188598633, 0.37260016798973083, 0.33589068055152893], 'color': 'gray', 'material': 'metal', 'shape': 'cube', 'size': 'small'}
THRESHOLD relate_behind objs = {'id': '2-2', 'position': [2.8266115188598633, 0.37260016798973083, 0.33589068055152893], 'color': 'gray', 'material': 'metal', 'shape': 'cube', 'size': 'small'}, {'id': '2-0', 'position': [-2.8740270137786865, -0.0016137156635522842, 0.34101539850234985], 'color': 'gray', 'material': 'metal', 'shape': 'cube', 'size': 'small'}
THRESHOLD relate_behind objs = {'id': '2-2', 'position': [2.8266115188598633, 0.37260016798973083, 0.33589068055152893], 'color': 'gray', 'material': 'metal', 'shape': 'cube', 'size': 'small'}, {'id': '2-1', 'position': [-0.03573118895292282, 0.2563319504261017, 0.3422989249229431], 'color': 'gray', 'material': 'metal', 'shape': 'cube', 'size': 'small'}
THRESHOLD relate_behind objs = {'id': '2-2', 'position': [2.8266115188598633, 0.37260016798973083, 0.33589068055152893], 'color': 'gray', 'material': 'metal', 'shape': 'cube', 'size': 'small'}, {'id': '2-3', 'position': [-1.4797706604003906, 0.1126258447766304, 0.34324172139167786], 'color': 'gray', 'material': 'metal', 'shape': 'sphere', 'size': 'small'}
THRESHOLD relate_behind objs = {'id': '2-3', 'position': [-1.4797706604003906, 0.1126258447766304, 0.34324172139167786], 'color': 'gray', 'material': 'metal', 'shape': 'sphere', 'size': 'small'}, {'id': '2-0', 'position': [-2.8740270137786865, -0.0016137156635522842, 0.34101539850234985], 'color': 'gray', 'material': 'metal', 'shape': 'cube', 'size': 'small'}
THRESHOLD relate_front objs = {'id': '2-3', 'position': [-1.4797706604003906, 0.1126258447766304, 0.34324172139167786], 'color': 'gray', 'material': 'metal', 'shape': 'sphere', 'size': 'small'}, {'id': '2-1', 'position': [-0.03573118895292282, 0.2563319504261017, 0.3422989249229431], 'color': 'gray', 'material': 'metal', 'shape': 'cube', 'size': 'small'}
THRESHOLD relate_front objs = {'id': '2-3', 'position': [-1.4797706604003906, 0.1126258447766304, 0.34324172139167786], 'color': 'gray', 'material': 'metal', 'shape': 'sphere', 'size': 'small'}, {'id': '2-2', 'position': [2.8266115188598633, 0.37260016798973083, 0.33589068055152893], 'color': 'gray', 'material': 'metal', 'shape': 'cube', 'size': 'small'}
3.json in train
THRESHOLD relate_front objs = {'id': '3-0', 'position': [-2.7254478931427, -0.18510004878044128, 0.7058828473091125], 'color': 'gray', 'material': 'metal', 'shape': 'sphere', 'size': 'large'}, {'id': '3-1', 'position': [2.8430750370025635, 0.19686183333396912, 0.6919567584991455], 'color': 'yellow', 'material': 'rubber', 'shape': 'cube', 'size': 'large'}
THRESHOLD relate_front objs = {'id': '3-0', 'position': [-2.7254478931427, -0.18510004878044128, 0.7058828473091125], 'color': 'gray', 'material': 'metal', 'shape': 'sphere', 'size': 'large'}, {'id': '3-2', 'position': [0.11405257135629654, 0.031815964728593826, 0.6902930736541748], 'color': 'yellow', 'material': 'rubber', 'shape': 'cube', 'size': 'large'}
THRESHOLD relate_behind objs = {'id': '3-1', 'position': [2.8430750370025635, 0.19686183333396912, 0.6919567584991455], 'color': 'yellow', 'material': 'rubber', 'shape': 'cube', 'size': 'large'}, {'id': '3-0', 'position': [-2.7254478931427, -0.18510004878044128, 0.7058828473091125], 'color': 'gray', 'material': 'metal', 'shape': 'sphere', 'size': 'large'}
THRESHOLD relate_behind objs = {'id': '3-1', 'position': [2.8430750370025635, 0.19686183333396912, 0.6919567584991455], 'color': 'yellow', 'material': 'rubber', 'shape': 'cube', 'size': 'large'}, {'id': '3-2', 'position': [0.11405257135629654, 0.031815964728593826, 0.6902930736541748], 'color': 'yellow', 'material': 'rubber', 'shape': 'cube', 'size': 'large'}
THRESHOLD relate_behind objs = {'id': '3-2', 'position': [0.11405257135629654, 0.031815964728593826, 0.6902930736541748], 'color': 'yellow', 'material': 'rubber', 'shape': 'cube', 'size': 'large'}, {'id': '3-0', 'position': [-2.7254478931427, -0.18510004878044128, 0.7058828473091125], 'color': 'gray', 'material': 'metal', 'shape': 'sphere', 'size': 'large'}
THRESHOLD relate_front objs = {'id': '3-2', 'position': [0.11405257135629654, 0.031815964728593826, 0.6902930736541748], 'color': 'yellow', 'material': 'rubber', 'shape': 'cube', 'size': 'large'}, {'id': '3-1', 'position': [2.8430750370025635, 0.19686183333396912, 0.6919567584991455], 'color': 'yellow', 'material': 'rubber', 'shape': 'cube', 'size': 'large'}
4.json in train
THRESHOLD relate_behind objs = {'id': '4-0', 'position': [-0.10049215704202652, -0.018167337402701378, 0.6910163164138794], 'color': 'brown', 'material': 'rubber', 'shape': 'cube', 'size': 'large'}, {'id': '4-1', 'position': [-2.873192071914673, -0.26081934571266174, 0.3458309471607208], 'color': 'red', 'material': 'metal', 'shape': 'sphere', 'size': 'small'}
THRESHOLD relate_front objs = {'id': '4-0', 'position': [-0.10049215704202652, -0.018167337402701378, 0.6910163164138794], 'color': 'brown', 'material': 'rubber', 'shape': 'cube', 'size': 'large'}, {'id': '4-2', 'position': [3.2664833068847656, 0.36363163590431213, 0.3416432738304138], 'color': 'yellow', 'material': 'metal', 'shape': 'cube', 'size': 'small'}
THRESHOLD relate_front objs = {'id': '4-0', 'position': [-0.10049215704202652, -0.018167337402701378, 0.6910163164138794], 'color': 'brown', 'material': 'rubber', 'shape': 'cube', 'size': 'large'}, {'id': '4-3', 'position': [1.9902031421661377, 0.2014426589012146, 0.34513652324676514], 'color': 'yellow', 'material': 'metal', 'shape': 'cube', 'size': 'small'}
THRESHOLD relate_front objs = {'id': '4-1', 'position': [-2.873192071914673, -0.26081934571266174, 0.3458309471607208], 'color': 'red', 'material': 'metal', 'shape': 'sphere', 'size': 'small'}, {'id': '4-0', 'position': [-0.10049215704202652, -0.018167337402701378, 0.6910163164138794], 'color': 'brown', 'material': 'rubber', 'shape': 'cube', 'size': 'large'}
THRESHOLD relate_behind objs = {'id': '4-2', 'position': [3.2664833068847656, 0.36363163590431213, 0.3416432738304138], 'color': 'yellow', 'material': 'metal', 'shape': 'cube', 'size': 'small'}, {'id': '4-0', 'position': [-0.10049215704202652, -0.018167337402701378, 0.6910163164138794], 'color': 'brown', 'material': 'rubber', 'shape': 'cube', 'size': 'large'}
THRESHOLD relate_behind objs = {'id': '4-2', 'position': [3.2664833068847656, 0.36363163590431213, 0.3416432738304138], 'color': 'yellow', 'material': 'metal', 'shape': 'cube', 'size': 'small'}, {'id': '4-3', 'position': [1.9902031421661377, 0.2014426589012146, 0.34513652324676514], 'color': 'yellow', 'material': 'metal', 'shape': 'cube', 'size': 'small'}
THRESHOLD relate_behind objs = {'id': '4-3', 'position': [1.9902031421661377, 0.2014426589012146, 0.34513652324676514], 'color': 'yellow', 'material': 'metal', 'shape': 'cube', 'size': 'small'}, {'id': '4-0', 'position': [-0.10049215704202652, -0.018167337402701378, 0.6910163164138794], 'color': 'brown', 'material': 'rubber', 'shape': 'cube', 'size': 'large'}
THRESHOLD relate_front objs = {'id': '4-3', 'position': [1.9902031421661377, 0.2014426589012146, 0.34513652324676514], 'color': 'yellow', 'material': 'metal', 'shape': 'cube', 'size': 'small'}, {'id': '4-2', 'position': [3.2664833068847656, 0.36363163590431213, 0.3416432738304138], 'color': 'yellow', 'material': 'metal', 'shape': 'cube', 'size': 'small'}
5.json in train
THRESHOLD relate_behind objs = {'id': '5-0', 'position': [1.416694164276123, -0.036015741527080536, 0.3376367688179016], 'color': 'brown', 'material': 'rubber', 'shape': 'cube', 'size': 'small'}, {'id': '5-1', 'position': [-1.269960641860962, -0.2886648178100586, 0.69393390417099], 'color': 'red', 'material': 'rubber', 'shape': 'sphere', 'size': 'large'}
THRESHOLD relate_front objs = {'id': '5-1', 'position': [-1.269960641860962, -0.2886648178100586, 0.69393390417099], 'color': 'red', 'material': 'rubber', 'shape': 'sphere', 'size': 'large'}, {'id': '5-0', 'position': [1.416694164276123, -0.036015741527080536, 0.3376367688179016], 'color': 'brown', 'material': 'rubber', 'shape': 'cube', 'size': 'small'}
