Started Logging. 2022-07-09 10:41:02.179720

0.json in train
THRESHOLD relate_right objs = {'id': '0-0', 'position': [2.176600694656372, 2.020042657852173, 0.7069730162620544], 'color': 'blue', 'material': 'metal', 'shape': 'sphere', 'size': 'large'}, {'id': '0-3', 'position': [2.221691370010376, -1.9417102336883545, 0.3571653366088867], 'color': 'red', 'material': 'rubber', 'shape': 'cylinder', 'size': 'small'}
THRESHOLD relate_behind objs = {'id': '0-0', 'position': [2.176600694656372, 2.020042657852173, 0.7069730162620544], 'color': 'blue', 'material': 'metal', 'shape': 'sphere', 'size': 'large'}, {'id': '0-1', 'position': [-0.011774718761444092, 1.779446005821228, 0.7077072262763977], 'color': 'blue', 'material': 'metal', 'shape': 'sphere', 'size': 'large'}
THRESHOLD relate_front objs = {'id': '0-1', 'position': [-0.011774718761444092, 1.779446005821228, 0.7077072262763977], 'color': 'blue', 'material': 'metal', 'shape': 'sphere', 'size': 'large'}, {'id': '0-0', 'position': [2.176600694656372, 2.020042657852173, 0.7069730162620544], 'color': 'blue', 'material': 'metal', 'shape': 'sphere', 'size': 'large'}
THRESHOLD relate_front objs = {'id': '0-2', 'position': [0.23998239636421204, -2.165288209915161, 0.34784603118896484], 'color': 'red', 'material': 'rubber', 'shape': 'cylinder', 'size': 'small'}, {'id': '0-3', 'position': [2.221691370010376, -1.9417102336883545, 0.3571653366088867], 'color': 'red', 'material': 'rubber', 'shape': 'cylinder', 'size': 'small'}
THRESHOLD relate_left objs = {'id': '0-3', 'position': [2.221691370010376, -1.9417102336883545, 0.3571653366088867], 'color': 'red', 'material': 'rubber', 'shape': 'cylinder', 'size': 'small'}, {'id': '0-0', 'position': [2.176600694656372, 2.020042657852173, 0.7069730162620544], 'color': 'blue', 'material': 'metal', 'shape': 'sphere', 'size': 'large'}
THRESHOLD relate_behind objs = {'id': '0-3', 'position': [2.221691370010376, -1.9417102336883545, 0.3571653366088867], 'color': 'red', 'material': 'rubber', 'shape': 'cylinder', 'size': 'small'}, {'id': '0-2', 'position': [0.23998239636421204, -2.165288209915161, 0.34784603118896484], 'color': 'red', 'material': 'rubber', 'shape': 'cylinder', 'size': 'small'}
1.json in test
THRESHOLD relate_front objs = {'id': '1-0', 'position': [0.154455304145813, -2.058955669403076, 0.34569278359413147], 'color': 'blue', 'material': 'metal', 'shape': 'sphere', 'size': 'small'}, {'id': '1-1', 'position': [2.141195058822632, -1.9080849885940552, 0.3468500077724457], 'color': 'blue', 'material': 'metal', 'shape': 'sphere', 'size': 'small'}
THRESHOLD relate_behind objs = {'id': '1-1', 'position': [2.141195058822632, -1.9080849885940552, 0.3468500077724457], 'color': 'blue', 'material': 'metal', 'shape': 'sphere', 'size': 'small'}, {'id': '1-0', 'position': [0.154455304145813, -2.058955669403076, 0.34569278359413147], 'color': 'blue', 'material': 'metal', 'shape': 'sphere', 'size': 'small'}
THRESHOLD relate_front objs = {'id': '1-2', 'position': [-0.19074931740760803, 2.121677875518799, 0.34190094470977783], 'color': 'red', 'material': 'rubber', 'shape': 'cylinder', 'size': 'small'}, {'id': '1-3', 'position': [1.9262264966964722, 2.191965341567993, 0.3400077819824219], 'color': 'red', 'material': 'rubber', 'shape': 'cylinder', 'size': 'small'}
THRESHOLD relate_behind objs = {'id': '1-3', 'position': [1.9262264966964722, 2.191965341567993, 0.3400077819824219], 'color': 'red', 'material': 'rubber', 'shape': 'cylinder', 'size': 'small'}, {'id': '1-2', 'position': [-0.19074931740760803, 2.121677875518799, 0.34190094470977783], 'color': 'red', 'material': 'rubber', 'shape': 'cylinder', 'size': 'small'}
2.json in test
THRESHOLD relate_front objs = {'id': '2-0', 'position': [-0.24308517575263977, 2.0646743774414062, 0.7132828831672668], 'color': 'blue', 'material': 'metal', 'shape': 'sphere', 'size': 'large'}, {'id': '2-1', 'position': [1.903038501739502, 2.2168209552764893, 0.6956745982170105], 'color': 'blue', 'material': 'metal', 'shape': 'sphere', 'size': 'large'}
THRESHOLD relate_behind objs = {'id': '2-1', 'position': [1.903038501739502, 2.2168209552764893, 0.6956745982170105], 'color': 'blue', 'material': 'metal', 'shape': 'sphere', 'size': 'large'}, {'id': '2-0', 'position': [-0.24308517575263977, 2.0646743774414062, 0.7132828831672668], 'color': 'blue', 'material': 'metal', 'shape': 'sphere', 'size': 'large'}
THRESHOLD relate_front objs = {'id': '2-2', 'position': [0.04740496352314949, -1.688131332397461, 0.3605286478996277], 'color': 'red', 'material': 'rubber', 'shape': 'cube', 'size': 'small'}, {'id': '2-3', 'position': [2.4818546772003174, -1.5682626962661743, 0.34968388080596924], 'color': 'red', 'material': 'rubber', 'shape': 'cube', 'size': 'small'}
THRESHOLD relate_behind objs = {'id': '2-3', 'position': [2.4818546772003174, -1.5682626962661743, 0.34968388080596924], 'color': 'red', 'material': 'rubber', 'shape': 'cube', 'size': 'small'}, {'id': '2-2', 'position': [0.04740496352314949, -1.688131332397461, 0.3605286478996277], 'color': 'red', 'material': 'rubber', 'shape': 'cube', 'size': 'small'}
3.json in test
THRESHOLD relate_front objs = {'id': '3-0', 'position': [-2.1292643547058105, 1.8961321115493774, 0.6972764134407043], 'color': 'brown', 'material': 'metal', 'shape': 'sphere', 'size': 'large'}, {'id': '3-1', 'position': [2.030290126800537, 2.089348554611206, 0.6900413632392883], 'color': 'brown', 'material': 'metal', 'shape': 'sphere', 'size': 'large'}
THRESHOLD relate_front objs = {'id': '3-0', 'position': [-2.1292643547058105, 1.8961321115493774, 0.6972764134407043], 'color': 'brown', 'material': 'metal', 'shape': 'sphere', 'size': 'large'}, {'id': '3-2', 'position': [-0.03312554210424423, 1.9940646886825562, 0.6921789050102234], 'color': 'brown', 'material': 'metal', 'shape': 'sphere', 'size': 'large'}
THRESHOLD relate_behind objs = {'id': '3-1', 'position': [2.030290126800537, 2.089348554611206, 0.6900413632392883], 'color': 'brown', 'material': 'metal', 'shape': 'sphere', 'size': 'large'}, {'id': '3-0', 'position': [-2.1292643547058105, 1.8961321115493774, 0.6972764134407043], 'color': 'brown', 'material': 'metal', 'shape': 'sphere', 'size': 'large'}
THRESHOLD relate_behind objs = {'id': '3-1', 'position': [2.030290126800537, 2.089348554611206, 0.6900413632392883], 'color': 'brown', 'material': 'metal', 'shape': 'sphere', 'size': 'large'}, {'id': '3-2', 'position': [-0.03312554210424423, 1.9940646886825562, 0.6921789050102234], 'color': 'brown', 'material': 'metal', 'shape': 'sphere', 'size': 'large'}
THRESHOLD relate_behind objs = {'id': '3-2', 'position': [-0.03312554210424423, 1.9940646886825562, 0.6921789050102234], 'color': 'brown', 'material': 'metal', 'shape': 'sphere', 'size': 'large'}, {'id': '3-0', 'position': [-2.1292643547058105, 1.8961321115493774, 0.6972764134407043], 'color': 'brown', 'material': 'metal', 'shape': 'sphere', 'size': 'large'}
THRESHOLD relate_front objs = {'id': '3-2', 'position': [-0.03312554210424423, 1.9940646886825562, 0.6921789050102234], 'color': 'brown', 'material': 'metal', 'shape': 'sphere', 'size': 'large'}, {'id': '3-1', 'position': [2.030290126800537, 2.089348554611206, 0.6900413632392883], 'color': 'brown', 'material': 'metal', 'shape': 'sphere', 'size': 'large'}
THRESHOLD relate_behind objs = {'id': '3-3', 'position': [0.23506855964660645, -2.6386795043945312, 0.3446005582809448], 'color': 'red', 'material': 'rubber', 'shape': 'cylinder', 'size': 'small'}, {'id': '3-4', 'position': [-1.0267938375473022, -2.8926286697387695, 0.34149014949798584], 'color': 'red', 'material': 'rubber', 'shape': 'cylinder', 'size': 'small'}
THRESHOLD relate_front objs = {'id': '3-3', 'position': [0.23506855964660645, -2.6386795043945312, 0.3446005582809448], 'color': 'red', 'material': 'rubber', 'shape': 'cylinder', 'size': 'small'}, {'id': '3-5', 'position': [1.4662060737609863, -2.4379663467407227, 0.34565335512161255], 'color': 'red', 'material': 'rubber', 'shape': 'cylinder', 'size': 'small'}
THRESHOLD relate_front objs = {'id': '3-4', 'position': [-1.0267938375473022, -2.8926286697387695, 0.34149014949798584], 'color': 'red', 'material': 'rubber', 'shape': 'cylinder', 'size': 'small'}, {'id': '3-3', 'position': [0.23506855964660645, -2.6386795043945312, 0.3446005582809448], 'color': 'red', 'material': 'rubber', 'shape': 'cylinder', 'size': 'small'}
THRESHOLD relate_behind objs = {'id': '3-5', 'position': [1.4662060737609863, -2.4379663467407227, 0.34565335512161255], 'color': 'red', 'material': 'rubber', 'shape': 'cylinder', 'size': 'small'}, {'id': '3-3', 'position': [0.23506855964660645, -2.6386795043945312, 0.3446005582809448], 'color': 'red', 'material': 'rubber', 'shape': 'cylinder', 'size': 'small'}
4.json in train
THRESHOLD relate_left objs = {'id': '4-0', 'position': [0.10903385281562805, -2.653118848800659, 0.3437372148036957], 'color': 'gray', 'material': 'rubber', 'shape': 'cylinder', 'size': 'small'}, {'id': '4-3', 'position': [-0.08646631985902786, 1.9860159158706665, 0.6991052031517029], 'color': 'purple', 'material': 'metal', 'shape': 'sphere', 'size': 'large'}
THRESHOLD relate_front objs = {'id': '4-0', 'position': [0.10903385281562805, -2.653118848800659, 0.3437372148036957], 'color': 'gray', 'material': 'rubber', 'shape': 'cylinder', 'size': 'small'}, {'id': '4-1', 'position': [1.5808933973312378, -2.6043894290924072, 0.339505136013031], 'color': 'gray', 'material': 'rubber', 'shape': 'cylinder', 'size': 'small'}
THRESHOLD relate_behind objs = {'id': '4-1', 'position': [1.5808933973312378, -2.6043894290924072, 0.339505136013031], 'color': 'gray', 'material': 'rubber', 'shape': 'cylinder', 'size': 'small'}, {'id': '4-0', 'position': [0.10903385281562805, -2.653118848800659, 0.3437372148036957], 'color': 'gray', 'material': 'rubber', 'shape': 'cylinder', 'size': 'small'}
THRESHOLD relate_behind objs = {'id': '4-2', 'position': [1.9511619806289673, 2.1477339267730713, 0.6961399912834167], 'color': 'purple', 'material': 'metal', 'shape': 'sphere', 'size': 'large'}, {'id': '4-3', 'position': [-0.08646631985902786, 1.9860159158706665, 0.6991052031517029], 'color': 'purple', 'material': 'metal', 'shape': 'sphere', 'size': 'large'}
THRESHOLD relate_right objs = {'id': '4-3', 'position': [-0.08646631985902786, 1.9860159158706665, 0.6991052031517029], 'color': 'purple', 'material': 'metal', 'shape': 'sphere', 'size': 'large'}, {'id': '4-0', 'position': [0.10903385281562805, -2.653118848800659, 0.3437372148036957], 'color': 'gray', 'material': 'rubber', 'shape': 'cylinder', 'size': 'small'}
THRESHOLD relate_front objs = {'id': '4-3', 'position': [-0.08646631985902786, 1.9860159158706665, 0.6991052031517029], 'color': 'purple', 'material': 'metal', 'shape': 'sphere', 'size': 'large'}, {'id': '4-2', 'position': [1.9511619806289673, 2.1477339267730713, 0.6961399912834167], 'color': 'purple', 'material': 'metal', 'shape': 'sphere', 'size': 'large'}
5.json in train
