Started Logging. 2022-07-10 05:45:22.863811

found bundled python: /home/ubuntu/vdp/data/blender-2.78c-linux-glibc219-x86_64/2.78/python
read blend: /home/ubuntu/vdp/data/clevr_scene_data/base_scene.blend
convertViewVec: called in an invalid context
convertViewVec: called in an invalid context
convertViewVec: called in an invalid context
Fra:1 Mem:13.58M (0.00M, Peak 13.58M) | Time:00:00.00 | Preparing Scene data
Fra:1 Mem:18.18M (0.00M, Peak 19.17M) | Time:00:00.00 | Preparing Scene data
Fra:1 Mem:18.18M (0.00M, Peak 19.17M) | Time:00:00.00 | Creating Shadowbuffers
Fra:1 Mem:18.18M (0.00M, Peak 19.17M) | Time:00:00.00 | Raytree.. preparing
Fra:1 Mem:23.09M (0.00M, Peak 23.09M) | Time:00:00.01 | Raytree.. building
Fra:1 Mem:22.83M (0.00M, Peak 30.50M) | Time:00:00.09 | Raytree finished
Fra:1 Mem:22.83M (0.00M, Peak 30.50M) | Time:00:00.09 | Creating Environment maps
Fra:1 Mem:22.83M (0.00M, Peak 30.50M) | Time:00:00.09 | Caching Point Densities
Fra:1 Mem:22.83M (0.00M, Peak 30.50M) | Time:00:00.09 | Sce: Scene Ve:34476 Fa:35716 La:1
Fra:1 Mem:22.83M (0.00M, Peak 30.50M) | Time:00:00.09 | Loading voxel datasets
Fra:1 Mem:22.83M (0.00M, Peak 30.50M) | Time:00:00.09 | Sce: Scene Ve:34476 Fa:35716 La:1
Fra:1 Mem:22.83M (0.00M, Peak 30.50M) | Time:00:00.09 | Sce: Scene Ve:34476 Fa:35716 La:1
Fra:1 Mem:22.83M (0.00M, Peak 30.50M) | Time:00:00.09 | Volume preprocessing
Fra:1 Mem:22.83M (0.00M, Peak 30.50M) | Time:00:00.09 | Sce: Scene Ve:34476 Fa:35716 La:1
Fra:1 Mem:22.83M (0.00M, Peak 30.50M) | Time:00:00.09 | Sce: Scene Ve:34476 Fa:35716 La:1
Fra:1 Mem:27.18M (0.00M, Peak 30.50M) | Time:00:00.09 | Scene, Part 4-4
Fra:1 Mem:26.90M (0.00M, Peak 30.50M) | Time:00:00.09 | Scene, Part 3-4
Fra:1 Mem:25.93M (0.00M, Peak 30.50M) | Time:00:00.10 | Scene, Part 2-4
Fra:1 Mem:24.09M (0.00M, Peak 30.50M) | Time:00:00.10 | Scene, Part 1-4
Fra:1 Mem:13.47M (0.00M, Peak 30.50M) | Time:00:00.11 | Sce: Scene Ve:34476 Fa:35716 La:1
Saved: '/tmp/tmp03oou8bh.png'
 Time: 00:00.15 (Saving: 00:00.04)

Fra:1 Mem:13.50M (0.00M, Peak 14.09M) | Time:00:00.04 | Mem:0.00M, Peak:0.00M | Scene, RenderLayer | Synchronizing object | Area
Fra:1 Mem:13.50M (0.00M, Peak 14.09M) | Time:00:00.04 | Mem:0.00M, Peak:0.00M | Scene, RenderLayer | Synchronizing object | Ground
Fra:1 Mem:13.57M (0.00M, Peak 14.09M) | Time:00:00.04 | Mem:0.00M, Peak:0.00M | Scene, RenderLayer | Synchronizing object | Empty
Fra:1 Mem:13.57M (0.00M, Peak 14.09M) | Time:00:00.04 | Mem:0.00M, Peak:0.00M | Scene, RenderLayer | Synchronizing object | Lamp_Back
Fra:1 Mem:13.57M (0.00M, Peak 14.09M) | Time:00:00.04 | Mem:0.00M, Peak:0.00M | Scene, RenderLayer | Synchronizing object | Lamp_Fill
Fra:1 Mem:13.57M (0.00M, Peak 14.09M) | Time:00:00.04 | Mem:0.00M, Peak:0.00M | Scene, RenderLayer | Synchronizing object | Lamp_Key
Fra:1 Mem:13.57M (0.00M, Peak 14.09M) | Time:00:00.04 | Mem:0.00M, Peak:0.00M | Scene, RenderLayer | Synchronizing object | Camera
Fra:1 Mem:13.57M (0.00M, Peak 14.09M) | Time:00:00.04 | Mem:0.00M, Peak:0.00M | Scene, RenderLayer | Synchronizing object | Sphere_0
Fra:1 Mem:14.83M (0.00M, Peak 16.32M) | Time:00:00.05 | Mem:0.00M, Peak:0.00M | Scene, RenderLayer | Synchronizing object | SmoothCube_v2_0
Fra:1 Mem:15.13M (0.00M, Peak 16.32M) | Time:00:00.05 | Mem:0.00M, Peak:0.00M | Scene, RenderLayer | Synchronizing object | Sphere_1
Fra:1 Mem:16.40M (0.00M, Peak 17.89M) | Time:00:00.05 | Mem:0.00M, Peak:0.00M | Scene, RenderLayer | Initializing
Fra:1 Mem:16.40M (0.00M, Peak 17.89M) | Time:00:00.05 | Mem:0.00M, Peak:0.00M | Scene, RenderLayer | Loading render kernels (may take a few minutes the first time)
Fra:1 Mem:16.40M (0.00M, Peak 19.10M) | Time:00:00.07 | Mem:0.00M, Peak:0.00M | Scene, RenderLayer | Waiting for render to start
Fra:1 Mem:16.40M (0.00M, Peak 19.10M) | Time:00:00.07 | Mem:0.00M, Peak:0.00M | Scene, RenderLayer | Updating Scene
Fra:1 Mem:16.40M (0.00M, Peak 19.10M) | Time:00:00.07 | Mem:0.00M, Peak:0.00M | Scene, RenderLayer | Updating Shaders
Fra:1 Mem:16.90M (0.00M, Peak 19.10M) | Time:00:00.15 | Mem:0.00M, Peak:0.00M | Scene, RenderLayer | Updating Background
Fra:1 Mem:16.90M (0.00M, Peak 19.10M) | Time:00:00.15 | Mem:0.00M, Peak:0.00M | Scene, RenderLayer | Updating Camera
Fra:1 Mem:16.90M (0.00M, Peak 19.10M) | Time:00:00.15 | Mem:0.00M, Peak:0.00M | Scene, RenderLayer | Updating Meshes Flags
Fra:1 Mem:16.90M (0.00M, Peak 19.10M) | Time:00:00.15 | Mem:0.00M, Peak:0.00M | Scene, RenderLayer | Updating Objects
Fra:1 Mem:16.90M (0.00M, Peak 19.10M) | Time:00:00.15 | Mem:0.00M, Peak:0.00M | Scene, RenderLayer | Updating Objects | Copying Transformations to device
Fra:1 Mem:16.90M (0.00M, Peak 19.10M) | Time:00:00.15 | Mem:0.00M, Peak:0.00M | Scene, RenderLayer | Updating Objects | Applying Static Transformations
Fra:1 Mem:16.90M (0.00M, Peak 19.10M) | Time:00:00.15 | Mem:0.00M, Peak:0.00M | Scene, RenderLayer | Updating Meshes
Fra:1 Mem:17.97M (0.00M, Peak 19.10M) | Time:00:00.15 | Mem:0.00M, Peak:0.00M | Scene, RenderLayer | Updating Mesh | Computing attributes
Fra:1 Mem:17.97M (0.00M, Peak 19.10M) | Time:00:00.15 | Mem:0.00M, Peak:0.00M | Scene, RenderLayer | Updating Mesh | Copying Attributes to device
Fra:1 Mem:17.97M (0.00M, Peak 19.10M) | Time:00:00.15 | Mem:0.00M, Peak:0.00M | Scene, RenderLayer | Updating Scene BVH | Building
Fra:1 Mem:17.97M (0.00M, Peak 19.10M) | Time:00:00.15 | Mem:0.00M, Peak:0.00M | Scene, RenderLayer | Updating Scene BVH | Building BVH
Fra:1 Mem:22.01M (0.00M, Peak 22.01M) | Time:00:00.20 | Mem:0.00M, Peak:0.00M | Scene, RenderLayer | Updating Scene BVH | Packing BVH triangles and strands
Fra:1 Mem:25.77M (0.00M, Peak 25.77M) | Time:00:00.20 | Mem:0.00M, Peak:0.00M | Scene, RenderLayer | Updating Scene BVH | Packing BVH nodes
Fra:1 Mem:23.60M (0.00M, Peak 26.83M) | Time:00:00.21 | Mem:0.00M, Peak:0.00M | Scene, RenderLayer | Updating Scene BVH | Copying BVH to device
Fra:1 Mem:23.87M (0.00M, Peak 26.83M) | Time:00:00.21 | Mem:5.63M, Peak:5.63M | Scene, RenderLayer | Updating Mesh | Computing normals
Fra:1 Mem:26.29M (0.00M, Peak 26.83M) | Time:00:00.21 | Mem:5.63M, Peak:5.63M | Scene, RenderLayer | Updating Mesh | Copying Mesh to device
Fra:1 Mem:26.02M (0.00M, Peak 26.83M) | Time:00:00.21 | Mem:8.05M, Peak:8.05M | Scene, RenderLayer | Updating Objects Flags
Fra:1 Mem:26.02M (0.00M, Peak 26.83M) | Time:00:00.21 | Mem:8.05M, Peak:8.05M | Scene, RenderLayer | Updating Images
Fra:1 Mem:26.02M (0.00M, Peak 26.83M) | Time:00:00.21 | Mem:8.05M, Peak:8.05M | Scene, RenderLayer | Updating Camera Volume
Fra:1 Mem:26.02M (0.00M, Peak 26.83M) | Time:00:00.21 | Mem:8.05M, Peak:8.05M | Scene, RenderLayer | Updating Hair Systems
Fra:1 Mem:26.02M (0.00M, Peak 26.83M) | Time:00:00.21 | Mem:8.05M, Peak:8.05M | Scene, RenderLayer | Updating Hair settings | Copying Hair settings to device
Fra:1 Mem:26.02M (0.00M, Peak 26.83M) | Time:00:00.21 | Mem:8.05M, Peak:8.05M | Scene, RenderLayer | Updating Lookup Tables
Fra:1 Mem:26.02M (0.00M, Peak 26.83M) | Time:00:00.21 | Mem:8.30M, Peak:8.30M | Scene, RenderLayer | Updating Lights
Fra:1 Mem:26.02M (0.00M, Peak 26.83M) | Time:00:00.21 | Mem:8.30M, Peak:8.30M | Scene, RenderLayer | Updating Lights | Computing distribution
Fra:1 Mem:26.02M (0.00M, Peak 26.83M) | Time:00:00.21 | Mem:8.30M, Peak:8.30M | Scene, RenderLayer | Updating Particle Systems
Fra:1 Mem:26.02M (0.00M, Peak 26.83M) | Time:00:00.21 | Mem:8.30M, Peak:8.30M | Scene, RenderLayer | Updating Particle Systems | Copying Particles to device
Fra:1 Mem:26.02M (0.00M, Peak 26.83M) | Time:00:00.21 | Mem:8.30M, Peak:8.30M | Scene, RenderLayer | Updating Integrator
Fra:1 Mem:26.06M (0.00M, Peak 26.83M) | Time:00:00.21 | Mem:8.34M, Peak:8.34M | Scene, RenderLayer | Updating Film
Fra:1 Mem:26.07M (0.00M, Peak 26.83M) | Time:00:00.21 | Mem:8.34M, Peak:8.34M | Scene, RenderLayer | Updating Lookup Tables
Fra:1 Mem:26.07M (0.00M, Peak 26.83M) | Time:00:00.21 | Mem:8.35M, Peak:8.35M | Scene, RenderLayer | Updating Baking
Fra:1 Mem:26.07M (0.00M, Peak 26.83M) | Time:00:00.21 | Mem:8.35M, Peak:8.35M | Scene, RenderLayer | Updating Device | Writing constant memory
Fra:1 Mem:26.07M (0.00M, Peak 26.83M) | Time:00:00.21 | Mem:8.35M, Peak:8.35M | Scene, RenderLayer | Path Tracing Tile 0/4, Sample 0/512
Fra:1 Mem:28.32M (0.00M, Peak 29.57M) | Time:00:00.22 | Mem:10.60M, Peak:10.60M | Scene, RenderLayer | Path Tracing Tile 1/4, Sample 0/512
Fra:1 Mem:28.32M (0.00M, Peak 30.57M) | Time:00:01.22 | Remaining:00:10.38 | Mem:10.60M, Peak:10.60M | Scene, RenderLayer | Path Tracing Tile 1/4, Sample 106/512
Fra:1 Mem:28.32M (0.00M, Peak 30.57M) | Time:00:02.22 | Remaining:00:09.31 | Mem:10.60M, Peak:10.60M | Scene, RenderLayer | Path Tracing Tile 1/4, Sample 213/512
Fra:1 Mem:28.32M (0.00M, Peak 30.57M) | Time:00:03.23 | Remaining:00:08.31 | Mem:10.60M, Peak:10.60M | Scene, RenderLayer | Path Tracing Tile 1/4, Sample 319/512
Fra:1 Mem:28.32M (0.00M, Peak 30.57M) | Time:00:04.23 | Remaining:00:07.32 | Mem:10.60M, Peak:10.60M | Scene, RenderLayer | Path Tracing Tile 1/4, Sample 425/512
Fra:1 Mem:26.07M (0.00M, Peak 30.57M) | Time:00:05.06 | Remaining:00:06.51 | Mem:8.35M, Peak:10.60M | Scene, RenderLayer | Path Tracing Tile 1/4, Sample 512/512
Fra:1 Mem:28.04M (0.00M, Peak 30.57M) | Time:00:05.06 | Remaining:00:06.51 | Mem:10.32M, Peak:10.60M | Scene, RenderLayer | Path Tracing Tile 2/4, Sample 512/512
Fra:1 Mem:28.04M (0.00M, Peak 30.57M) | Time:00:05.23 | Remaining:00:06.33 | Mem:10.32M, Peak:10.60M | Scene, RenderLayer | Path Tracing Tile 2/4, Sample 21/512
Fra:1 Mem:28.04M (0.00M, Peak 30.57M) | Time:00:06.24 | Remaining:00:05.33 | Mem:10.32M, Peak:10.60M | Scene, RenderLayer | Path Tracing Tile 2/4, Sample 142/512
Fra:1 Mem:28.04M (0.00M, Peak 30.57M) | Time:00:07.24 | Remaining:00:04.33 | Mem:10.32M, Peak:10.60M | Scene, RenderLayer | Path Tracing Tile 2/4, Sample 263/512
Fra:1 Mem:28.04M (0.00M, Peak 30.57M) | Time:00:08.24 | Remaining:00:03.33 | Mem:10.32M, Peak:10.60M | Scene, RenderLayer | Path Tracing Tile 2/4, Sample 384/512
Fra:1 Mem:28.04M (0.00M, Peak 30.57M) | Time:00:09.25 | Remaining:00:02.34 | Mem:10.32M, Peak:10.60M | Scene, RenderLayer | Path Tracing Tile 2/4, Sample 504/512
Fra:1 Mem:26.07M (0.00M, Peak 30.57M) | Time:00:09.32 | Remaining:00:02.27 | Mem:8.35M, Peak:10.60M | Scene, RenderLayer | Path Tracing Tile 2/4, Sample 512/512
Fra:1 Mem:26.63M (0.00M, Peak 30.57M) | Time:00:09.32 | Remaining:00:02.27 | Mem:8.91M, Peak:10.60M | Scene, RenderLayer | Path Tracing Tile 3/4, Sample 512/512
Fra:1 Mem:26.63M (0.00M, Peak 30.57M) | Time:00:10.25 | Remaining:00:01.81 | Mem:8.91M, Peak:10.60M | Scene, RenderLayer | Path Tracing Tile 3/4, Sample 224/512
Fra:1 Mem:26.63M (0.00M, Peak 30.57M) | Time:00:11.25 | Remaining:00:01.27 | Mem:8.91M, Peak:10.60M | Scene, RenderLayer | Path Tracing Tile 3/4, Sample 463/512
Fra:1 Mem:26.07M (0.00M, Peak 30.57M) | Time:00:11.45 | Remaining:00:01.15 | Mem:8.35M, Peak:10.60M | Scene, RenderLayer | Path Tracing Tile 3/4, Sample 512/512
Fra:1 Mem:26.56M (0.00M, Peak 30.57M) | Time:00:11.45 | Remaining:00:01.15 | Mem:8.84M, Peak:10.60M | Scene, RenderLayer | Path Tracing Tile 4/4, Sample 512/512
Fra:1 Mem:26.56M (0.00M, Peak 30.57M) | Time:00:12.25 | Remaining:00:00.70 | Mem:8.84M, Peak:10.60M | Scene, RenderLayer | Path Tracing Tile 4/4, Sample 207/512
Fra:1 Mem:26.56M (0.00M, Peak 30.57M) | Time:00:13.25 | Remaining:00:00.11 | Mem:8.84M, Peak:10.60M | Scene, RenderLayer | Path Tracing Tile 4/4, Sample 466/512
Fra:1 Mem:26.07M (0.00M, Peak 30.57M) | Time:00:13.43 | Mem:8.35M, Peak:10.60M | Scene, RenderLayer | Path Tracing Tile 4/4, Sample 512/512
Fra:1 Mem:26.07M (0.00M, Peak 30.57M) | Time:00:13.43 | Mem:8.35M, Peak:10.60M | Scene, RenderLayer | Finished
Fra:1 Mem:13.74M (0.00M, Peak 30.57M) | Time:00:13.51 | Sce: Scene Ve:0 Fa:0 La:0
Saved: 'data/clevr-cleaned-puzzles/breaking/render/images/CLEVR_val_000000.png'
 Time: 00:13.55 (Saving: 00:00.03)

read blend: /home/ubuntu/vdp/data/clevr_scene_data/base_scene.blend
convertViewVec: called in an invalid context
convertViewVec: called in an invalid context
convertViewVec: called in an invalid context
convertViewVec: called in an invalid context
Fra:1 Mem:15.83M (0.00M, Peak 15.83M) | Time:00:00.00 | Preparing Scene data
Fra:1 Mem:22.39M (0.00M, Peak 23.38M) | Time:00:00.01 | Preparing Scene data
Fra:1 Mem:22.39M (0.00M, Peak 23.38M) | Time:00:00.01 | Creating Shadowbuffers
Fra:1 Mem:22.39M (0.00M, Peak 23.38M) | Time:00:00.01 | Raytree.. preparing
Fra:1 Mem:29.44M (0.00M, Peak 29.44M) | Time:00:00.01 | Raytree.. building
Fra:1 Mem:29.06M (0.00M, Peak 40.05M) | Time:00:00.13 | Raytree finished
Fra:1 Mem:29.06M (0.00M, Peak 40.05M) | Time:00:00.13 | Creating Environment maps
Fra:1 Mem:29.06M (0.00M, Peak 40.05M) | Time:00:00.13 | Caching Point Densities
Fra:1 Mem:29.06M (0.00M, Peak 40.05M) | Time:00:00.13 | Sce: Scene Ve:49838 Fa:51277 La:1
Fra:1 Mem:29.06M (0.00M, Peak 40.05M) | Time:00:00.13 | Loading voxel datasets
Fra:1 Mem:29.06M (0.00M, Peak 40.05M) | Time:00:00.13 | Sce: Scene Ve:49838 Fa:51277 La:1
Fra:1 Mem:29.06M (0.00M, Peak 40.05M) | Time:00:00.13 | Sce: Scene Ve:49838 Fa:51277 La:1
Fra:1 Mem:29.06M (0.00M, Peak 40.05M) | Time:00:00.13 | Volume preprocessing
Fra:1 Mem:29.06M (0.00M, Peak 40.05M) | Time:00:00.13 | Sce: Scene Ve:49838 Fa:51277 La:1
Fra:1 Mem:29.06M (0.00M, Peak 40.05M) | Time:00:00.13 | Sce: Scene Ve:49838 Fa:51277 La:1
Fra:1 Mem:33.51M (0.00M, Peak 40.05M) | Time:00:00.13 | Scene, Part 3-4
Fra:1 Mem:33.09M (0.00M, Peak 40.05M) | Time:00:00.13 | Scene, Part 4-4
Fra:1 Mem:32.06M (0.00M, Peak 40.05M) | Time:00:00.15 | Scene, Part 1-4
Fra:1 Mem:30.16M (0.00M, Peak 40.05M) | Time:00:00.15 | Scene, Part 2-4
Fra:1 Mem:15.68M (0.00M, Peak 40.05M) | Time:00:00.15 | Sce: Scene Ve:49838 Fa:51277 La:1
Saved: '/tmp/tmp_nt54jp3.png'
 Time: 00:00.17 (Saving: 00:00.01)

Fra:1 Mem:15.72M (0.00M, Peak 16.31M) | Time:00:00.04 | Mem:0.00M, Peak:0.00M | Scene, RenderLayer | Synchronizing object | Area
Fra:1 Mem:15.72M (0.00M, Peak 16.31M) | Time:00:00.04 | Mem:0.00M, Peak:0.00M | Scene, RenderLayer | Synchronizing object | Ground
Fra:1 Mem:15.78M (0.00M, Peak 16.31M) | Time:00:00.04 | Mem:0.00M, Peak:0.00M | Scene, RenderLayer | Synchronizing object | Empty
Fra:1 Mem:15.78M (0.00M, Peak 16.31M) | Time:00:00.04 | Mem:0.00M, Peak:0.00M | Scene, RenderLayer | Synchronizing object | Lamp_Back
Fra:1 Mem:15.78M (0.00M, Peak 16.31M) | Time:00:00.04 | Mem:0.00M, Peak:0.00M | Scene, RenderLayer | Synchronizing object | Lamp_Fill
Fra:1 Mem:15.78M (0.00M, Peak 16.31M) | Time:00:00.04 | Mem:0.00M, Peak:0.00M | Scene, RenderLayer | Synchronizing object | Lamp_Key
Fra:1 Mem:15.78M (0.00M, Peak 16.31M) | Time:00:00.04 | Mem:0.00M, Peak:0.00M | Scene, RenderLayer | Synchronizing object | Camera
Fra:1 Mem:15.78M (0.00M, Peak 16.31M) | Time:00:00.04 | Mem:0.00M, Peak:0.00M | Scene, RenderLayer | Synchronizing object | Sphere_0
Fra:1 Mem:17.04M (0.00M, Peak 18.54M) | Time:00:00.05 | Mem:0.00M, Peak:0.00M | Scene, RenderLayer | Synchronizing object | SmoothCube_v2_0
Fra:1 Mem:17.35M (0.00M, Peak 18.54M) | Time:00:00.05 | Mem:0.00M, Peak:0.00M | Scene, RenderLayer | Synchronizing object | Sphere_1
Fra:1 Mem:18.61M (0.00M, Peak 20.11M) | Time:00:00.05 | Mem:0.00M, Peak:0.00M | Scene, RenderLayer | Synchronizing object | Sphere_2
Fra:1 Mem:19.87M (0.00M, Peak 21.37M) | Time:00:00.06 | Mem:0.00M, Peak:0.00M | Scene, RenderLayer | Initializing
Fra:1 Mem:19.87M (0.00M, Peak 21.37M) | Time:00:00.06 | Mem:0.00M, Peak:0.00M | Scene, RenderLayer | Loading render kernels (may take a few minutes the first time)
Fra:1 Mem:19.87M (0.00M, Peak 22.57M) | Time:00:00.07 | Mem:0.00M, Peak:0.00M | Scene, RenderLayer | Waiting for render to start
Fra:1 Mem:19.87M (0.00M, Peak 22.57M) | Time:00:00.07 | Mem:0.00M, Peak:0.00M | Scene, RenderLayer | Updating Scene
Fra:1 Mem:19.87M (0.00M, Peak 22.57M) | Time:00:00.07 | Mem:0.00M, Peak:0.00M | Scene, RenderLayer | Updating Shaders
Fra:1 Mem:20.13M (0.00M, Peak 22.57M) | Time:00:00.07 | Mem:0.00M, Peak:0.00M | Scene, RenderLayer | Updating Background
Fra:1 Mem:20.13M (0.00M, Peak 22.57M) | Time:00:00.07 | Mem:0.00M, Peak:0.00M | Scene, RenderLayer | Updating Camera
Fra:1 Mem:20.13M (0.00M, Peak 22.57M) | Time:00:00.07 | Mem:0.00M, Peak:0.00M | Scene, RenderLayer | Updating Meshes Flags
Fra:1 Mem:20.13M (0.00M, Peak 22.57M) | Time:00:00.07 | Mem:0.00M, Peak:0.00M | Scene, RenderLayer | Updating Objects
Fra:1 Mem:20.13M (0.00M, Peak 22.57M) | Time:00:00.07 | Mem:0.00M, Peak:0.00M | Scene, RenderLayer | Updating Objects | Copying Transformations to device
Fra:1 Mem:20.13M (0.00M, Peak 22.57M) | Time:00:00.07 | Mem:0.00M, Peak:0.00M | Scene, RenderLayer | Updating Objects | Applying Static Transformations
Fra:1 Mem:20.13M (0.00M, Peak 22.57M) | Time:00:00.07 | Mem:0.00M, Peak:0.00M | Scene, RenderLayer | Updating Meshes
Fra:1 Mem:21.67M (0.00M, Peak 22.57M) | Time:00:00.08 | Mem:0.00M, Peak:0.00M | Scene, RenderLayer | Updating Mesh | Computing attributes
Fra:1 Mem:21.67M (0.00M, Peak 22.57M) | Time:00:00.08 | Mem:0.00M, Peak:0.00M | Scene, RenderLayer | Updating Mesh | Copying Attributes to device
Fra:1 Mem:21.67M (0.00M, Peak 22.57M) | Time:00:00.08 | Mem:0.00M, Peak:0.00M | Scene, RenderLayer | Updating Scene BVH | Building
Fra:1 Mem:21.67M (0.00M, Peak 22.57M) | Time:00:00.08 | Mem:0.00M, Peak:0.00M | Scene, RenderLayer | Updating Scene BVH | Building BVH
Fra:1 Mem:27.46M (0.00M, Peak 27.46M) | Time:00:00.14 | Mem:0.00M, Peak:0.00M | Scene, RenderLayer | Updating Scene BVH | Packing BVH triangles and strands
Fra:1 Mem:32.86M (0.00M, Peak 32.86M) | Time:00:00.15 | Mem:0.00M, Peak:0.00M | Scene, RenderLayer | Updating Scene BVH | Packing BVH nodes
Fra:1 Mem:29.75M (0.00M, Peak 34.39M) | Time:00:00.16 | Mem:0.00M, Peak:0.00M | Scene, RenderLayer | Updating Scene BVH | Copying BVH to device
Fra:1 Mem:30.14M (0.00M, Peak 34.39M) | Time:00:00.16 | Mem:8.08M, Peak:8.08M | Scene, RenderLayer | Updating Mesh | Computing normals
Fra:1 Mem:33.62M (0.00M, Peak 34.39M) | Time:00:00.16 | Mem:8.08M, Peak:8.08M | Scene, RenderLayer | Updating Mesh | Copying Mesh to device
Fra:1 Mem:33.23M (0.00M, Peak 34.39M) | Time:00:00.16 | Mem:11.56M, Peak:11.56M | Scene, RenderLayer | Updating Objects Flags
Fra:1 Mem:33.23M (0.00M, Peak 34.39M) | Time:00:00.16 | Mem:11.56M, Peak:11.56M | Scene, RenderLayer | Updating Images
Fra:1 Mem:33.23M (0.00M, Peak 34.39M) | Time:00:00.16 | Mem:11.56M, Peak:11.56M | Scene, RenderLayer | Updating Camera Volume
Fra:1 Mem:33.23M (0.00M, Peak 34.39M) | Time:00:00.16 | Mem:11.56M, Peak:11.56M | Scene, RenderLayer | Updating Hair Systems
Fra:1 Mem:33.23M (0.00M, Peak 34.39M) | Time:00:00.16 | Mem:11.56M, Peak:11.56M | Scene, RenderLayer | Updating Hair settings | Copying Hair settings to device
Fra:1 Mem:33.23M (0.00M, Peak 34.39M) | Time:00:00.16 | Mem:11.56M, Peak:11.56M | Scene, RenderLayer | Updating Lookup Tables
Fra:1 Mem:33.23M (0.00M, Peak 34.39M) | Time:00:00.16 | Mem:11.81M, Peak:11.81M | Scene, RenderLayer | Updating Lights
Fra:1 Mem:33.23M (0.00M, Peak 34.39M) | Time:00:00.16 | Mem:11.81M, Peak:11.81M | Scene, RenderLayer | Updating Lights | Computing distribution
Fra:1 Mem:33.23M (0.00M, Peak 34.39M) | Time:00:00.16 | Mem:11.81M, Peak:11.81M | Scene, RenderLayer | Updating Particle Systems
Fra:1 Mem:33.23M (0.00M, Peak 34.39M) | Time:00:00.16 | Mem:11.81M, Peak:11.81M | Scene, RenderLayer | Updating Particle Systems | Copying Particles to device
Fra:1 Mem:33.23M (0.00M, Peak 34.39M) | Time:00:00.16 | Mem:11.81M, Peak:11.81M | Scene, RenderLayer | Updating Integrator
Fra:1 Mem:33.27M (0.00M, Peak 34.39M) | Time:00:00.16 | Mem:11.85M, Peak:11.85M | Scene, RenderLayer | Updating Film
Fra:1 Mem:33.28M (0.00M, Peak 34.39M) | Time:00:00.16 | Mem:11.85M, Peak:11.85M | Scene, RenderLayer | Updating Lookup Tables
Fra:1 Mem:33.28M (0.00M, Peak 34.39M) | Time:00:00.16 | Mem:11.86M, Peak:11.86M | Scene, RenderLayer | Updating Baking
Fra:1 Mem:33.28M (0.00M, Peak 34.39M) | Time:00:00.16 | Mem:11.86M, Peak:11.86M | Scene, RenderLayer | Updating Device | Writing constant memory
Fra:1 Mem:33.28M (0.00M, Peak 34.39M) | Time:00:00.16 | Mem:11.86M, Peak:11.86M | Scene, RenderLayer | Path Tracing Tile 0/4, Sample 0/512
Fra:1 Mem:35.53M (0.00M, Peak 36.78M) | Time:00:00.17 | Mem:14.11M, Peak:14.11M | Scene, RenderLayer | Path Tracing Tile 1/4, Sample 0/512
Fra:1 Mem:35.53M (0.00M, Peak 37.78M) | Time:00:01.17 | Remaining:00:10.47 | Mem:14.11M, Peak:14.11M | Scene, RenderLayer | Path Tracing Tile 1/4, Sample 105/512
Fra:1 Mem:35.53M (0.00M, Peak 37.78M) | Time:00:02.18 | Remaining:00:09.43 | Mem:14.11M, Peak:14.11M | Scene, RenderLayer | Path Tracing Tile 1/4, Sample 211/512
Fra:1 Mem:35.53M (0.00M, Peak 37.78M) | Time:00:03.18 | Remaining:00:08.44 | Mem:14.11M, Peak:14.11M | Scene, RenderLayer | Path Tracing Tile 1/4, Sample 316/512
Fra:1 Mem:35.53M (0.00M, Peak 37.78M) | Time:00:04.19 | Remaining:00:07.45 | Mem:14.11M, Peak:14.11M | Scene, RenderLayer | Path Tracing Tile 1/4, Sample 421/512
Fra:1 Mem:33.28M (0.00M, Peak 37.78M) | Time:00:05.07 | Remaining:00:06.58 | Mem:11.86M, Peak:14.11M | Scene, RenderLayer | Path Tracing Tile 1/4, Sample 512/512
Fra:1 Mem:35.24M (0.00M, Peak 37.78M) | Time:00:05.07 | Remaining:00:06.59 | Mem:13.83M, Peak:14.11M | Scene, RenderLayer | Path Tracing Tile 2/4, Sample 512/512
Fra:1 Mem:35.24M (0.00M, Peak 37.78M) | Time:00:05.19 | Remaining:00:06.48 | Mem:13.83M, Peak:14.11M | Scene, RenderLayer | Path Tracing Tile 2/4, Sample 14/512
Fra:1 Mem:35.24M (0.00M, Peak 37.78M) | Time:00:06.20 | Remaining:00:05.57 | Mem:13.83M, Peak:14.11M | Scene, RenderLayer | Path Tracing Tile 2/4, Sample 128/512
Fra:1 Mem:35.24M (0.00M, Peak 37.78M) | Time:00:07.20 | Remaining:00:04.63 | Mem:13.83M, Peak:14.11M | Scene, RenderLayer | Path Tracing Tile 2/4, Sample 242/512
Fra:1 Mem:35.24M (0.00M, Peak 37.78M) | Time:00:08.21 | Remaining:00:03.68 | Mem:13.83M, Peak:14.11M | Scene, RenderLayer | Path Tracing Tile 2/4, Sample 355/512
Fra:1 Mem:35.24M (0.00M, Peak 37.78M) | Time:00:09.21 | Remaining:00:02.73 | Mem:13.83M, Peak:14.11M | Scene, RenderLayer | Path Tracing Tile 2/4, Sample 468/512
Fra:1 Mem:33.28M (0.00M, Peak 37.78M) | Time:00:09.61 | Remaining:00:02.36 | Mem:11.86M, Peak:14.11M | Scene, RenderLayer | Path Tracing Tile 2/4, Sample 512/512
Fra:1 Mem:33.84M (0.00M, Peak 37.78M) | Time:00:09.61 | Remaining:00:02.36 | Mem:12.42M, Peak:14.11M | Scene, RenderLayer | Path Tracing Tile 3/4, Sample 512/512
Fra:1 Mem:33.84M (0.00M, Peak 37.78M) | Time:00:10.21 | Remaining:00:02.05 | Mem:12.42M, Peak:14.11M | Scene, RenderLayer | Path Tracing Tile 3/4, Sample 145/512
Fra:1 Mem:33.84M (0.00M, Peak 37.78M) | Time:00:11.22 | Remaining:00:01.50 | Mem:12.42M, Peak:14.11M | Scene, RenderLayer | Path Tracing Tile 3/4, Sample 385/512
Fra:1 Mem:33.28M (0.00M, Peak 37.78M) | Time:00:11.75 | Remaining:00:01.19 | Mem:11.86M, Peak:14.11M | Scene, RenderLayer | Path Tracing Tile 3/4, Sample 512/512
Fra:1 Mem:33.77M (0.00M, Peak 37.78M) | Time:00:11.75 | Remaining:00:01.19 | Mem:12.35M, Peak:14.11M | Scene, RenderLayer | Path Tracing Tile 4/4, Sample 512/512
Fra:1 Mem:33.77M (0.00M, Peak 37.78M) | Time:00:12.22 | Remaining:00:00.92 | Mem:12.35M, Peak:14.11M | Scene, RenderLayer | Path Tracing Tile 4/4, Sample 121/512
Fra:1 Mem:33.77M (0.00M, Peak 37.78M) | Time:00:13.22 | Remaining:00:00.32 | Mem:12.35M, Peak:14.11M | Scene, RenderLayer | Path Tracing Tile 4/4, Sample 378/512
Fra:1 Mem:33.28M (0.00M, Peak 37.78M) | Time:00:13.74 | Mem:11.86M, Peak:14.11M | Scene, RenderLayer | Path Tracing Tile 4/4, Sample 512/512
Fra:1 Mem:33.28M (0.00M, Peak 37.78M) | Time:00:13.74 | Mem:11.86M, Peak:14.11M | Scene, RenderLayer | Finished
Fra:1 Mem:15.71M (0.00M, Peak 37.78M) | Time:00:13.82 | Sce: Scene Ve:0 Fa:0 La:0
Saved: 'data/clevr-cleaned-puzzles/breaking/render/images/CLEVR_val_000001.png'
 Time: 00:13.86 (Saving: 00:00.03)

read blend: /home/ubuntu/vdp/data/clevr_scene_data/base_scene.blend
convertViewVec: called in an invalid context
convertViewVec: called in an invalid context
convertViewVec: called in an invalid context
Fra:1 Mem:12.39M (0.00M, Peak 12.39M) | Time:00:00.00 | Preparing Scene data
Fra:1 Mem:15.72M (0.00M, Peak 16.02M) | Time:00:00.00 | Preparing Scene data
Fra:1 Mem:15.72M (0.00M, Peak 16.02M) | Time:00:00.00 | Creating Shadowbuffers
Fra:1 Mem:15.72M (0.00M, Peak 16.02M) | Time:00:00.00 | Raytree.. preparing
Fra:1 Mem:19.12M (0.00M, Peak 19.12M) | Time:00:00.00 | Raytree.. building
Fra:1 Mem:18.94M (0.00M, Peak 24.25M) | Time:00:00.06 | Raytree finished
Fra:1 Mem:18.94M (0.00M, Peak 24.25M) | Time:00:00.06 | Creating Environment maps
Fra:1 Mem:18.94M (0.00M, Peak 24.25M) | Time:00:00.06 | Caching Point Densities
Fra:1 Mem:18.94M (0.00M, Peak 24.25M) | Time:00:00.06 | Sce: Scene Ve:22866 Fa:24780 La:1
Fra:1 Mem:18.94M (0.00M, Peak 24.25M) | Time:00:00.06 | Loading voxel datasets
Fra:1 Mem:18.94M (0.00M, Peak 24.25M) | Time:00:00.06 | Sce: Scene Ve:22866 Fa:24780 La:1
Fra:1 Mem:18.94M (0.00M, Peak 24.25M) | Time:00:00.06 | Sce: Scene Ve:22866 Fa:24780 La:1
Fra:1 Mem:18.94M (0.00M, Peak 24.25M) | Time:00:00.06 | Volume preprocessing
Fra:1 Mem:18.94M (0.00M, Peak 24.25M) | Time:00:00.06 | Sce: Scene Ve:22866 Fa:24780 La:1
Fra:1 Mem:18.94M (0.00M, Peak 24.25M) | Time:00:00.06 | Sce: Scene Ve:22866 Fa:24780 La:1
Fra:1 Mem:23.01M (0.00M, Peak 24.25M) | Time:00:00.06 | Scene, Part 3-4
Fra:1 Mem:22.97M (0.00M, Peak 24.25M) | Time:00:00.06 | Scene, Part 4-4
Fra:1 Mem:22.03M (0.00M, Peak 24.25M) | Time:00:00.06 | Scene, Part 2-4
Fra:1 Mem:20.19M (0.00M, Peak 24.25M) | Time:00:00.07 | Scene, Part 1-4
Fra:1 Mem:12.28M (0.00M, Peak 24.25M) | Time:00:00.07 | Sce: Scene Ve:22866 Fa:24780 La:1
Saved: '/tmp/tmpuwd4pekz.png'
 Time: 00:00.08 (Saving: 00:00.01)

Fra:1 Mem:12.31M (0.00M, Peak 12.90M) | Time:00:00.04 | Mem:0.00M, Peak:0.00M | Scene, RenderLayer | Synchronizing object | Area
Fra:1 Mem:12.31M (0.00M, Peak 12.90M) | Time:00:00.04 | Mem:0.00M, Peak:0.00M | Scene, RenderLayer | Synchronizing object | Ground
Fra:1 Mem:12.38M (0.00M, Peak 12.90M) | Time:00:00.04 | Mem:0.00M, Peak:0.00M | Scene, RenderLayer | Synchronizing object | Empty
Fra:1 Mem:12.38M (0.00M, Peak 12.90M) | Time:00:00.04 | Mem:0.00M, Peak:0.00M | Scene, RenderLayer | Synchronizing object | Lamp_Back
Fra:1 Mem:12.38M (0.00M, Peak 12.90M) | Time:00:00.04 | Mem:0.00M, Peak:0.00M | Scene, RenderLayer | Synchronizing object | Lamp_Fill
Fra:1 Mem:12.38M (0.00M, Peak 12.90M) | Time:00:00.04 | Mem:0.00M, Peak:0.00M | Scene, RenderLayer | Synchronizing object | Lamp_Key
Fra:1 Mem:12.38M (0.00M, Peak 12.90M) | Time:00:00.04 | Mem:0.00M, Peak:0.00M | Scene, RenderLayer | Synchronizing object | Camera
Fra:1 Mem:12.38M (0.00M, Peak 12.90M) | Time:00:00.04 | Mem:0.00M, Peak:0.00M | Scene, RenderLayer | Synchronizing object | SmoothCube_v2_0
Fra:1 Mem:12.68M (0.00M, Peak 13.05M) | Time:00:00.04 | Mem:0.00M, Peak:0.00M | Scene, RenderLayer | Synchronizing object | Sphere_0
Fra:1 Mem:13.94M (0.00M, Peak 15.44M) | Time:00:00.05 | Mem:0.00M, Peak:0.00M | Scene, RenderLayer | Synchronizing object | SmoothCube_v2_1
Fra:1 Mem:14.25M (0.00M, Peak 15.44M) | Time:00:00.05 | Mem:0.00M, Peak:0.00M | Scene, RenderLayer | Initializing
Fra:1 Mem:14.25M (0.00M, Peak 15.44M) | Time:00:00.05 | Mem:0.00M, Peak:0.00M | Scene, RenderLayer | Loading render kernels (may take a few minutes the first time)
Fra:1 Mem:14.25M (0.00M, Peak 16.95M) | Time:00:00.06 | Mem:0.00M, Peak:0.00M | Scene, RenderLayer | Waiting for render to start
Fra:1 Mem:14.25M (0.00M, Peak 16.95M) | Time:00:00.06 | Mem:0.00M, Peak:0.00M | Scene, RenderLayer | Updating Scene
Fra:1 Mem:14.25M (0.00M, Peak 16.95M) | Time:00:00.06 | Mem:0.00M, Peak:0.00M | Scene, RenderLayer | Updating Shaders
Fra:1 Mem:14.51M (0.00M, Peak 16.95M) | Time:00:00.06 | Mem:0.00M, Peak:0.00M | Scene, RenderLayer | Updating Background
Fra:1 Mem:14.51M (0.00M, Peak 16.95M) | Time:00:00.06 | Mem:0.00M, Peak:0.00M | Scene, RenderLayer | Updating Camera
Fra:1 Mem:14.51M (0.00M, Peak 16.95M) | Time:00:00.06 | Mem:0.00M, Peak:0.00M | Scene, RenderLayer | Updating Meshes Flags
Fra:1 Mem:14.51M (0.00M, Peak 16.95M) | Time:00:00.06 | Mem:0.00M, Peak:0.00M | Scene, RenderLayer | Updating Objects
Fra:1 Mem:14.51M (0.00M, Peak 16.95M) | Time:00:00.06 | Mem:0.00M, Peak:0.00M | Scene, RenderLayer | Updating Objects | Copying Transformations to device
Fra:1 Mem:14.51M (0.00M, Peak 16.95M) | Time:00:00.06 | Mem:0.00M, Peak:0.00M | Scene, RenderLayer | Updating Objects | Applying Static Transformations
Fra:1 Mem:14.51M (0.00M, Peak 16.95M) | Time:00:00.06 | Mem:0.00M, Peak:0.00M | Scene, RenderLayer | Updating Meshes
Fra:1 Mem:15.23M (0.00M, Peak 16.95M) | Time:00:00.07 | Mem:0.00M, Peak:0.00M | Scene, RenderLayer | Updating Mesh | Computing attributes
Fra:1 Mem:15.23M (0.00M, Peak 16.95M) | Time:00:00.07 | Mem:0.00M, Peak:0.00M | Scene, RenderLayer | Updating Mesh | Copying Attributes to device
Fra:1 Mem:15.23M (0.00M, Peak 16.95M) | Time:00:00.07 | Mem:0.00M, Peak:0.00M | Scene, RenderLayer | Updating Scene BVH | Building
Fra:1 Mem:15.23M (0.00M, Peak 16.95M) | Time:00:00.07 | Mem:0.00M, Peak:0.00M | Scene, RenderLayer | Updating Scene BVH | Building BVH
Fra:1 Mem:17.93M (0.00M, Peak 17.93M) | Time:00:00.10 | Mem:0.00M, Peak:0.00M | Scene, RenderLayer | Updating Scene BVH | Packing BVH triangles and strands
Fra:1 Mem:20.45M (0.00M, Peak 20.45M) | Time:00:00.10 | Mem:0.00M, Peak:0.00M | Scene, RenderLayer | Updating Scene BVH | Packing BVH nodes
Fra:1 Mem:19.00M (0.00M, Peak 21.16M) | Time:00:00.10 | Mem:0.00M, Peak:0.00M | Scene, RenderLayer | Updating Scene BVH | Copying BVH to device
Fra:1 Mem:19.18M (0.00M, Peak 21.16M) | Time:00:00.11 | Mem:3.78M, Peak:3.78M | Scene, RenderLayer | Updating Mesh | Computing normals
Fra:1 Mem:20.80M (0.00M, Peak 21.16M) | Time:00:00.11 | Mem:3.78M, Peak:3.78M | Scene, RenderLayer | Updating Mesh | Copying Mesh to device
Fra:1 Mem:20.62M (0.00M, Peak 21.16M) | Time:00:00.11 | Mem:5.40M, Peak:5.40M | Scene, RenderLayer | Updating Objects Flags
Fra:1 Mem:20.62M (0.00M, Peak 21.16M) | Time:00:00.11 | Mem:5.40M, Peak:5.40M | Scene, RenderLayer | Updating Images
Fra:1 Mem:20.62M (0.00M, Peak 21.16M) | Time:00:00.11 | Mem:5.40M, Peak:5.40M | Scene, RenderLayer | Updating Camera Volume
Fra:1 Mem:20.62M (0.00M, Peak 21.16M) | Time:00:00.11 | Mem:5.40M, Peak:5.40M | Scene, RenderLayer | Updating Hair Systems
Fra:1 Mem:20.62M (0.00M, Peak 21.16M) | Time:00:00.11 | Mem:5.40M, Peak:5.40M | Scene, RenderLayer | Updating Hair settings | Copying Hair settings to device
Fra:1 Mem:20.62M (0.00M, Peak 21.16M) | Time:00:00.11 | Mem:5.40M, Peak:5.40M | Scene, RenderLayer | Updating Lookup Tables
Fra:1 Mem:20.62M (0.00M, Peak 21.16M) | Time:00:00.11 | Mem:5.65M, Peak:5.65M | Scene, RenderLayer | Updating Lights
Fra:1 Mem:20.63M (0.00M, Peak 21.16M) | Time:00:00.11 | Mem:5.65M, Peak:5.65M | Scene, RenderLayer | Updating Lights | Computing distribution
Fra:1 Mem:20.63M (0.00M, Peak 21.16M) | Time:00:00.11 | Mem:5.65M, Peak:5.65M | Scene, RenderLayer | Updating Particle Systems
Fra:1 Mem:20.63M (0.00M, Peak 21.16M) | Time:00:00.11 | Mem:5.65M, Peak:5.65M | Scene, RenderLayer | Updating Particle Systems | Copying Particles to device
Fra:1 Mem:20.63M (0.00M, Peak 21.16M) | Time:00:00.11 | Mem:5.65M, Peak:5.65M | Scene, RenderLayer | Updating Integrator
Fra:1 Mem:20.67M (0.00M, Peak 21.16M) | Time:00:00.11 | Mem:5.69M, Peak:5.69M | Scene, RenderLayer | Updating Film
Fra:1 Mem:20.67M (0.00M, Peak 21.16M) | Time:00:00.11 | Mem:5.69M, Peak:5.69M | Scene, RenderLayer | Updating Lookup Tables
Fra:1 Mem:20.67M (0.00M, Peak 21.16M) | Time:00:00.11 | Mem:5.70M, Peak:5.70M | Scene, RenderLayer | Updating Baking
Fra:1 Mem:20.67M (0.00M, Peak 21.16M) | Time:00:00.11 | Mem:5.70M, Peak:5.70M | Scene, RenderLayer | Updating Device | Writing constant memory
Fra:1 Mem:20.67M (0.00M, Peak 21.16M) | Time:00:00.11 | Mem:5.70M, Peak:5.70M | Scene, RenderLayer | Path Tracing Tile 0/4, Sample 0/512
Fra:1 Mem:22.92M (0.00M, Peak 24.17M) | Time:00:00.11 | Mem:7.95M, Peak:7.95M | Scene, RenderLayer | Path Tracing Tile 1/4, Sample 0/512
Fra:1 Mem:22.92M (0.00M, Peak 25.17M) | Time:00:01.12 | Remaining:00:10.42 | Mem:7.95M, Peak:7.95M | Scene, RenderLayer | Path Tracing Tile 1/4, Sample 106/512
Fra:1 Mem:22.92M (0.00M, Peak 25.17M) | Time:00:02.13 | Remaining:00:09.35 | Mem:7.95M, Peak:7.95M | Scene, RenderLayer | Path Tracing Tile 1/4, Sample 213/512
Fra:1 Mem:22.92M (0.00M, Peak 25.17M) | Time:00:03.13 | Remaining:00:08.35 | Mem:7.95M, Peak:7.95M | Scene, RenderLayer | Path Tracing Tile 1/4, Sample 319/512
Fra:1 Mem:22.92M (0.00M, Peak 25.17M) | Time:00:04.14 | Remaining:00:07.35 | Mem:7.95M, Peak:7.95M | Scene, RenderLayer | Path Tracing Tile 1/4, Sample 425/512
Fra:1 Mem:20.67M (0.00M, Peak 25.17M) | Time:00:04.97 | Remaining:00:06.53 | Mem:5.70M, Peak:7.95M | Scene, RenderLayer | Path Tracing Tile 1/4, Sample 512/512
Fra:1 Mem:22.64M (0.00M, Peak 25.17M) | Time:00:04.98 | Remaining:00:06.54 | Mem:7.66M, Peak:7.95M | Scene, RenderLayer | Path Tracing Tile 2/4, Sample 512/512
Fra:1 Mem:22.64M (0.00M, Peak 25.17M) | Time:00:05.14 | Remaining:00:06.37 | Mem:7.66M, Peak:7.95M | Scene, RenderLayer | Path Tracing Tile 2/4, Sample 20/512
Fra:1 Mem:22.64M (0.00M, Peak 25.17M) | Time:00:06.15 | Remaining:00:05.33 | Mem:7.66M, Peak:7.95M | Scene, RenderLayer | Path Tracing Tile 2/4, Sample 143/512
Fra:1 Mem:22.64M (0.00M, Peak 25.17M) | Time:00:07.15 | Remaining:00:04.30 | Mem:7.66M, Peak:7.95M | Scene, RenderLayer | Path Tracing Tile 2/4, Sample 266/512
Fra:1 Mem:22.64M (0.00M, Peak 25.17M) | Time:00:08.15 | Remaining:00:03.29 | Mem:7.66M, Peak:7.95M | Scene, RenderLayer | Path Tracing Tile 2/4, Sample 388/512
Fra:1 Mem:22.64M (0.00M, Peak 25.17M) | Time:00:09.16 | Remaining:00:02.28 | Mem:7.66M, Peak:7.95M | Scene, RenderLayer | Path Tracing Tile 2/4, Sample 510/512
Fra:1 Mem:20.67M (0.00M, Peak 25.17M) | Time:00:09.18 | Remaining:00:02.26 | Mem:5.70M, Peak:7.95M | Scene, RenderLayer | Path Tracing Tile 2/4, Sample 512/512
Fra:1 Mem:21.23M (0.00M, Peak 25.17M) | Time:00:09.18 | Remaining:00:02.26 | Mem:6.26M, Peak:7.95M | Scene, RenderLayer | Path Tracing Tile 3/4, Sample 512/512
Fra:1 Mem:21.23M (0.00M, Peak 25.17M) | Time:00:10.16 | Remaining:00:01.78 | Mem:6.26M, Peak:7.95M | Scene, RenderLayer | Path Tracing Tile 3/4, Sample 236/512
Fra:1 Mem:21.23M (0.00M, Peak 25.17M) | Time:00:11.16 | Remaining:00:01.24 | Mem:6.26M, Peak:7.95M | Scene, RenderLayer | Path Tracing Tile 3/4, Sample 475/512
Fra:1 Mem:20.67M (0.00M, Peak 25.17M) | Time:00:11.32 | Remaining:00:01.15 | Mem:5.70M, Peak:7.95M | Scene, RenderLayer | Path Tracing Tile 3/4, Sample 512/512
Fra:1 Mem:21.16M (0.00M, Peak 25.17M) | Time:00:11.32 | Remaining:00:01.15 | Mem:6.19M, Peak:7.95M | Scene, RenderLayer | Path Tracing Tile 4/4, Sample 512/512
Fra:1 Mem:21.16M (0.00M, Peak 25.17M) | Time:00:12.16 | Remaining:00:00.67 | Mem:6.19M, Peak:7.95M | Scene, RenderLayer | Path Tracing Tile 4/4, Sample 220/512
Fra:1 Mem:21.16M (0.00M, Peak 25.17M) | Time:00:13.17 | Remaining:00:00.07 | Mem:6.19M, Peak:7.95M | Scene, RenderLayer | Path Tracing Tile 4/4, Sample 479/512
Fra:1 Mem:20.67M (0.00M, Peak 25.17M) | Time:00:13.29 | Mem:5.70M, Peak:7.95M | Scene, RenderLayer | Path Tracing Tile 4/4, Sample 512/512
Fra:1 Mem:20.67M (0.00M, Peak 25.17M) | Time:00:13.29 | Mem:5.70M, Peak:7.95M | Scene, RenderLayer | Finished
Fra:1 Mem:12.30M (0.00M, Peak 25.17M) | Time:00:13.37 | Sce: Scene Ve:0 Fa:0 La:0
Saved: 'data/clevr-cleaned-puzzles/breaking/render/images/CLEVR_val_000002.png'
 Time: 00:13.41 (Saving: 00:00.03)

read blend: /home/ubuntu/vdp/data/clevr_scene_data/base_scene.blend
convertViewVec: called in an invalid context
convertViewVec: called in an invalid context
convertViewVec: called in an invalid context
convertViewVec: called in an invalid context
Fra:1 Mem:18.15M (0.00M, Peak 18.15M) | Time:00:00.00 | Preparing Scene data
Fra:1 Mem:26.84M (0.00M, Peak 27.83M) | Time:00:00.01 | Preparing Scene data
Fra:1 Mem:26.84M (0.00M, Peak 27.83M) | Time:00:00.01 | Creating Shadowbuffers
Fra:1 Mem:26.84M (0.00M, Peak 27.83M) | Time:00:00.01 | Raytree.. preparing
Fra:1 Mem:36.30M (0.00M, Peak 36.30M) | Time:00:00.02 | Raytree.. building
Fra:1 Mem:35.80M (0.00M, Peak 50.57M) | Time:00:00.18 | Raytree finished
Fra:1 Mem:35.80M (0.00M, Peak 50.57M) | Time:00:00.18 | Creating Environment maps
Fra:1 Mem:35.80M (0.00M, Peak 50.57M) | Time:00:00.18 | Caching Point Densities
Fra:1 Mem:35.80M (0.00M, Peak 50.57M) | Time:00:00.18 | Sce: Scene Ve:69806 Fa:68867 La:1
Fra:1 Mem:35.80M (0.00M, Peak 50.57M) | Time:00:00.18 | Loading voxel datasets
Fra:1 Mem:35.80M (0.00M, Peak 50.57M) | Time:00:00.18 | Sce: Scene Ve:69806 Fa:68867 La:1
Fra:1 Mem:35.80M (0.00M, Peak 50.57M) | Time:00:00.18 | Sce: Scene Ve:69806 Fa:68867 La:1
Fra:1 Mem:35.80M (0.00M, Peak 50.57M) | Time:00:00.18 | Volume preprocessing
Fra:1 Mem:35.80M (0.00M, Peak 50.57M) | Time:00:00.18 | Sce: Scene Ve:69806 Fa:68867 La:1
Fra:1 Mem:35.80M (0.00M, Peak 50.57M) | Time:00:00.18 | Sce: Scene Ve:69806 Fa:68867 La:1
Fra:1 Mem:40.15M (0.00M, Peak 50.57M) | Time:00:00.18 | Scene, Part 3-4
Fra:1 Mem:39.84M (0.00M, Peak 50.57M) | Time:00:00.18 | Scene, Part 4-4
Fra:1 Mem:38.90M (0.00M, Peak 50.57M) | Time:00:00.19 | Scene, Part 2-4
Fra:1 Mem:37.06M (0.00M, Peak 50.57M) | Time:00:00.19 | Scene, Part 1-4
Fra:1 Mem:18.01M (0.00M, Peak 50.57M) | Time:00:00.19 | Sce: Scene Ve:69806 Fa:68867 La:1
Saved: '/tmp/tmpapcglj6r.png'
 Time: 00:00.21 (Saving: 00:00.01)

Fra:1 Mem:18.04M (0.00M, Peak 18.63M) | Time:00:00.04 | Mem:0.00M, Peak:0.00M | Scene, RenderLayer | Synchronizing object | Area
Fra:1 Mem:18.04M (0.00M, Peak 18.63M) | Time:00:00.04 | Mem:0.00M, Peak:0.00M | Scene, RenderLayer | Synchronizing object | Ground
Fra:1 Mem:18.11M (0.00M, Peak 18.63M) | Time:00:00.04 | Mem:0.00M, Peak:0.00M | Scene, RenderLayer | Synchronizing object | Empty
Fra:1 Mem:18.11M (0.00M, Peak 18.63M) | Time:00:00.04 | Mem:0.00M, Peak:0.00M | Scene, RenderLayer | Synchronizing object | Lamp_Back
Fra:1 Mem:18.11M (0.00M, Peak 18.63M) | Time:00:00.04 | Mem:0.00M, Peak:0.00M | Scene, RenderLayer | Synchronizing object | Lamp_Fill
Fra:1 Mem:18.11M (0.00M, Peak 18.63M) | Time:00:00.04 | Mem:0.00M, Peak:0.00M | Scene, RenderLayer | Synchronizing object | Lamp_Key
Fra:1 Mem:18.11M (0.00M, Peak 18.63M) | Time:00:00.04 | Mem:0.00M, Peak:0.00M | Scene, RenderLayer | Synchronizing object | Camera
Fra:1 Mem:18.11M (0.00M, Peak 18.63M) | Time:00:00.04 | Mem:0.00M, Peak:0.00M | Scene, RenderLayer | Synchronizing object | SmoothCube_v2_0
Fra:1 Mem:18.41M (0.00M, Peak 18.78M) | Time:00:00.04 | Mem:0.00M, Peak:0.00M | Scene, RenderLayer | Synchronizing object | Sphere_0
Fra:1 Mem:19.68M (0.00M, Peak 21.17M) | Time:00:00.05 | Mem:0.00M, Peak:0.00M | Scene, RenderLayer | Synchronizing object | SmoothCylinder_0
Fra:1 Mem:22.46M (0.00M, Peak 25.68M) | Time:00:00.06 | Mem:0.00M, Peak:0.00M | Scene, RenderLayer | Synchronizing object | Sphere_1
Fra:1 Mem:23.72M (0.00M, Peak 25.68M) | Time:00:00.06 | Mem:0.00M, Peak:0.00M | Scene, RenderLayer | Initializing
Fra:1 Mem:23.72M (0.00M, Peak 25.68M) | Time:00:00.06 | Mem:0.00M, Peak:0.00M | Scene, RenderLayer | Loading render kernels (may take a few minutes the first time)
Fra:1 Mem:23.72M (0.00M, Peak 26.42M) | Time:00:00.08 | Mem:0.00M, Peak:0.00M | Scene, RenderLayer | Waiting for render to start
Fra:1 Mem:23.72M (0.00M, Peak 26.42M) | Time:00:00.08 | Mem:0.00M, Peak:0.00M | Scene, RenderLayer | Updating Scene
Fra:1 Mem:23.72M (0.00M, Peak 26.42M) | Time:00:00.08 | Mem:0.00M, Peak:0.00M | Scene, RenderLayer | Updating Shaders
Fra:1 Mem:23.97M (0.00M, Peak 26.42M) | Time:00:00.08 | Mem:0.00M, Peak:0.00M | Scene, RenderLayer | Updating Background
Fra:1 Mem:23.97M (0.00M, Peak 26.42M) | Time:00:00.08 | Mem:0.00M, Peak:0.00M | Scene, RenderLayer | Updating Camera
Fra:1 Mem:23.97M (0.00M, Peak 26.42M) | Time:00:00.08 | Mem:0.00M, Peak:0.00M | Scene, RenderLayer | Updating Meshes Flags
Fra:1 Mem:23.97M (0.00M, Peak 26.42M) | Time:00:00.08 | Mem:0.00M, Peak:0.00M | Scene, RenderLayer | Updating Objects
Fra:1 Mem:23.97M (0.00M, Peak 26.42M) | Time:00:00.08 | Mem:0.00M, Peak:0.00M | Scene, RenderLayer | Updating Objects | Copying Transformations to device
Fra:1 Mem:23.97M (0.00M, Peak 26.42M) | Time:00:00.08 | Mem:0.00M, Peak:0.00M | Scene, RenderLayer | Updating Objects | Applying Static Transformations
Fra:1 Mem:23.97M (0.00M, Peak 26.42M) | Time:00:00.08 | Mem:0.00M, Peak:0.00M | Scene, RenderLayer | Updating Meshes
Fra:1 Mem:26.06M (0.00M, Peak 26.42M) | Time:00:00.08 | Mem:0.00M, Peak:0.00M | Scene, RenderLayer | Updating Mesh | Computing attributes
Fra:1 Mem:26.06M (0.00M, Peak 26.42M) | Time:00:00.08 | Mem:0.00M, Peak:0.00M | Scene, RenderLayer | Updating Mesh | Copying Attributes to device
Fra:1 Mem:26.06M (0.00M, Peak 26.42M) | Time:00:00.08 | Mem:0.00M, Peak:0.00M | Scene, RenderLayer | Updating Scene BVH | Building
Fra:1 Mem:26.06M (0.00M, Peak 26.42M) | Time:00:00.08 | Mem:0.00M, Peak:0.00M | Scene, RenderLayer | Updating Scene BVH | Building BVH
Fra:1 Mem:33.87M (0.00M, Peak 33.87M) | Time:00:00.18 | Mem:0.00M, Peak:0.00M | Scene, RenderLayer | Updating Scene BVH | Packing BVH triangles and strands
Fra:1 Mem:41.15M (0.00M, Peak 41.16M) | Time:00:00.19 | Mem:0.00M, Peak:0.00M | Scene, RenderLayer | Updating Scene BVH | Packing BVH nodes
Fra:1 Mem:37.05M (0.00M, Peak 43.30M) | Time:00:00.20 | Mem:0.00M, Peak:0.00M | Scene, RenderLayer | Updating Scene BVH | Copying BVH to device
Fra:1 Mem:37.58M (0.00M, Peak 43.30M) | Time:00:00.20 | Mem:11.00M, Peak:11.00M | Scene, RenderLayer | Updating Mesh | Computing normals
Fra:1 Mem:42.32M (0.00M, Peak 43.30M) | Time:00:00.21 | Mem:11.00M, Peak:11.00M | Scene, RenderLayer | Updating Mesh | Copying Mesh to device
Fra:1 Mem:41.80M (0.00M, Peak 43.30M) | Time:00:00.21 | Mem:15.75M, Peak:15.75M | Scene, RenderLayer | Updating Objects Flags
Fra:1 Mem:41.80M (0.00M, Peak 43.30M) | Time:00:00.21 | Mem:15.75M, Peak:15.75M | Scene, RenderLayer | Updating Images
Fra:1 Mem:41.80M (0.00M, Peak 43.30M) | Time:00:00.21 | Mem:15.75M, Peak:15.75M | Scene, RenderLayer | Updating Camera Volume
Fra:1 Mem:41.80M (0.00M, Peak 43.30M) | Time:00:00.21 | Mem:15.75M, Peak:15.75M | Scene, RenderLayer | Updating Hair Systems
Fra:1 Mem:41.80M (0.00M, Peak 43.30M) | Time:00:00.21 | Mem:15.75M, Peak:15.75M | Scene, RenderLayer | Updating Hair settings | Copying Hair settings to device
Fra:1 Mem:41.80M (0.00M, Peak 43.30M) | Time:00:00.21 | Mem:15.75M, Peak:15.75M | Scene, RenderLayer | Updating Lookup Tables
Fra:1 Mem:41.80M (0.00M, Peak 43.30M) | Time:00:00.21 | Mem:16.00M, Peak:16.00M | Scene, RenderLayer | Updating Lights
Fra:1 Mem:41.80M (0.00M, Peak 43.30M) | Time:00:00.21 | Mem:16.00M, Peak:16.00M | Scene, RenderLayer | Updating Lights | Computing distribution
Fra:1 Mem:41.80M (0.00M, Peak 43.30M) | Time:00:00.21 | Mem:16.00M, Peak:16.00M | Scene, RenderLayer | Updating Particle Systems
Fra:1 Mem:41.80M (0.00M, Peak 43.30M) | Time:00:00.21 | Mem:16.00M, Peak:16.00M | Scene, RenderLayer | Updating Particle Systems | Copying Particles to device
Fra:1 Mem:41.80M (0.00M, Peak 43.30M) | Time:00:00.21 | Mem:16.00M, Peak:16.00M | Scene, RenderLayer | Updating Integrator
Fra:1 Mem:41.84M (0.00M, Peak 43.30M) | Time:00:00.21 | Mem:16.04M, Peak:16.04M | Scene, RenderLayer | Updating Film
Fra:1 Mem:41.84M (0.00M, Peak 43.30M) | Time:00:00.21 | Mem:16.04M, Peak:16.04M | Scene, RenderLayer | Updating Lookup Tables
Fra:1 Mem:41.84M (0.00M, Peak 43.30M) | Time:00:00.21 | Mem:16.04M, Peak:16.04M | Scene, RenderLayer | Updating Baking
Fra:1 Mem:41.84M (0.00M, Peak 43.30M) | Time:00:00.21 | Mem:16.04M, Peak:16.04M | Scene, RenderLayer | Updating Device | Writing constant memory
Fra:1 Mem:41.84M (0.00M, Peak 43.30M) | Time:00:00.21 | Mem:16.04M, Peak:16.04M | Scene, RenderLayer | Path Tracing Tile 0/4, Sample 0/512
Fra:1 Mem:44.09M (0.00M, Peak 45.34M) | Time:00:00.21 | Mem:18.29M, Peak:18.29M | Scene, RenderLayer | Path Tracing Tile 1/4, Sample 0/512
Fra:1 Mem:44.09M (0.00M, Peak 46.34M) | Time:00:01.22 | Remaining:00:10.98 | Mem:18.29M, Peak:18.29M | Scene, RenderLayer | Path Tracing Tile 1/4, Sample 101/512
Fra:1 Mem:44.09M (0.00M, Peak 46.34M) | Time:00:02.22 | Remaining:00:09.95 | Mem:18.29M, Peak:18.29M | Scene, RenderLayer | Path Tracing Tile 1/4, Sample 202/512
Fra:1 Mem:44.09M (0.00M, Peak 46.34M) | Time:00:03.23 | Remaining:00:08.94 | Mem:18.29M, Peak:18.29M | Scene, RenderLayer | Path Tracing Tile 1/4, Sample 303/512
Fra:1 Mem:44.09M (0.00M, Peak 46.34M) | Time:00:04.23 | Remaining:00:07.95 | Mem:18.29M, Peak:18.29M | Scene, RenderLayer | Path Tracing Tile 1/4, Sample 403/512
Fra:1 Mem:44.09M (0.00M, Peak 46.34M) | Time:00:05.23 | Remaining:00:06.96 | Mem:18.29M, Peak:18.29M | Scene, RenderLayer | Path Tracing Tile 1/4, Sample 503/512
Fra:1 Mem:41.84M (0.00M, Peak 46.34M) | Time:00:05.33 | Remaining:00:06.87 | Mem:16.04M, Peak:18.29M | Scene, RenderLayer | Path Tracing Tile 1/4, Sample 512/512
Fra:1 Mem:43.81M (0.00M, Peak 46.34M) | Time:00:05.33 | Remaining:00:06.88 | Mem:18.01M, Peak:18.29M | Scene, RenderLayer | Path Tracing Tile 2/4, Sample 512/512
Fra:1 Mem:43.81M (0.00M, Peak 46.34M) | Time:00:06.23 | Remaining:00:05.89 | Mem:18.01M, Peak:18.29M | Scene, RenderLayer | Path Tracing Tile 2/4, Sample 108/512
Fra:1 Mem:43.81M (0.00M, Peak 46.34M) | Time:00:07.24 | Remaining:00:04.82 | Mem:18.01M, Peak:18.29M | Scene, RenderLayer | Path Tracing Tile 2/4, Sample 228/512
Fra:1 Mem:43.81M (0.00M, Peak 46.34M) | Time:00:08.24 | Remaining:00:03.78 | Mem:18.01M, Peak:18.29M | Scene, RenderLayer | Path Tracing Tile 2/4, Sample 347/512
Fra:1 Mem:43.81M (0.00M, Peak 46.34M) | Time:00:09.24 | Remaining:00:02.76 | Mem:18.01M, Peak:18.29M | Scene, RenderLayer | Path Tracing Tile 2/4, Sample 465/512
Fra:1 Mem:41.84M (0.00M, Peak 46.34M) | Time:00:09.64 | Remaining:00:02.35 | Mem:16.04M, Peak:18.29M | Scene, RenderLayer | Path Tracing Tile 2/4, Sample 512/512
Fra:1 Mem:42.41M (0.00M, Peak 46.34M) | Time:00:09.64 | Remaining:00:02.35 | Mem:16.61M, Peak:18.29M | Scene, RenderLayer | Path Tracing Tile 3/4, Sample 512/512
Fra:1 Mem:42.41M (0.00M, Peak 46.34M) | Time:00:10.24 | Remaining:00:02.05 | Mem:16.61M, Peak:18.29M | Scene, RenderLayer | Path Tracing Tile 3/4, Sample 143/512
Fra:1 Mem:42.41M (0.00M, Peak 46.34M) | Time:00:11.25 | Remaining:00:01.51 | Mem:16.61M, Peak:18.29M | Scene, RenderLayer | Path Tracing Tile 3/4, Sample 380/512
Fra:1 Mem:41.84M (0.00M, Peak 46.34M) | Time:00:11.81 | Remaining:00:01.19 | Mem:16.04M, Peak:18.29M | Scene, RenderLayer | Path Tracing Tile 3/4, Sample 512/512
Fra:1 Mem:42.34M (0.00M, Peak 46.34M) | Time:00:11.81 | Remaining:00:01.19 | Mem:16.53M, Peak:18.29M | Scene, RenderLayer | Path Tracing Tile 4/4, Sample 512/512
Fra:1 Mem:42.34M (0.00M, Peak 46.34M) | Time:00:12.25 | Remaining:00:00.94 | Mem:16.53M, Peak:18.29M | Scene, RenderLayer | Path Tracing Tile 4/4, Sample 113/512
Fra:1 Mem:42.34M (0.00M, Peak 46.34M) | Time:00:13.25 | Remaining:00:00.35 | Mem:16.53M, Peak:18.29M | Scene, RenderLayer | Path Tracing Tile 4/4, Sample 367/512
Fra:1 Mem:41.84M (0.00M, Peak 46.34M) | Time:00:13.82 | Mem:16.04M, Peak:18.29M | Scene, RenderLayer | Path Tracing Tile 4/4, Sample 512/512
Fra:1 Mem:41.84M (0.00M, Peak 46.34M) | Time:00:13.82 | Mem:16.04M, Peak:18.29M | Scene, RenderLayer | Finished
Fra:1 Mem:18.04M (0.00M, Peak 46.34M) | Time:00:13.90 | Sce: Scene Ve:0 Fa:0 La:0
Saved: 'data/clevr-cleaned-puzzles/breaking/render/images/CLEVR_val_000003.png'
 Time: 00:13.94 (Saving: 00:00.03)

read blend: /home/ubuntu/vdp/data/clevr_scene_data/base_scene.blend
convertViewVec: called in an invalid context
convertViewVec: called in an invalid context
convertViewVec: called in an invalid context
Fra:1 Mem:17.63M (0.00M, Peak 17.63M) | Time:00:00.00 | Preparing Scene data
Fra:1 Mem:25.64M (0.00M, Peak 26.62M) | Time:00:00.01 | Preparing Scene data
Fra:1 Mem:25.64M (0.00M, Peak 26.62M) | Time:00:00.01 | Creating Shadowbuffers
Fra:1 Mem:25.64M (0.00M, Peak 26.62M) | Time:00:00.01 | Raytree.. preparing
Fra:1 Mem:34.46M (0.00M, Peak 34.46M) | Time:00:00.02 | Raytree.. building
Fra:1 Mem:33.98M (0.00M, Peak 47.75M) | Time:00:00.16 | Raytree finished
Fra:1 Mem:33.98M (0.00M, Peak 47.75M) | Time:00:00.16 | Creating Environment maps
Fra:1 Mem:33.98M (0.00M, Peak 47.75M) | Time:00:00.16 | Caching Point Densities
Fra:1 Mem:33.98M (0.00M, Peak 47.75M) | Time:00:00.16 | Sce: Scene Ve:66054 Fa:64250 La:1
Fra:1 Mem:33.98M (0.00M, Peak 47.75M) | Time:00:00.16 | Loading voxel datasets
Fra:1 Mem:33.98M (0.00M, Peak 47.75M) | Time:00:00.16 | Sce: Scene Ve:66054 Fa:64250 La:1
Fra:1 Mem:33.98M (0.00M, Peak 47.75M) | Time:00:00.16 | Sce: Scene Ve:66054 Fa:64250 La:1
Fra:1 Mem:33.98M (0.00M, Peak 47.75M) | Time:00:00.16 | Volume preprocessing
Fra:1 Mem:33.98M (0.00M, Peak 47.75M) | Time:00:00.16 | Sce: Scene Ve:66054 Fa:64250 La:1
Fra:1 Mem:33.98M (0.00M, Peak 47.75M) | Time:00:00.16 | Sce: Scene Ve:66054 Fa:64250 La:1
Fra:1 Mem:38.05M (0.00M, Peak 47.75M) | Time:00:00.17 | Scene, Part 3-4
Fra:1 Mem:38.01M (0.00M, Peak 47.75M) | Time:00:00.17 | Scene, Part 4-4
Fra:1 Mem:37.08M (0.00M, Peak 47.75M) | Time:00:00.18 | Scene, Part 2-4
Fra:1 Mem:35.24M (0.00M, Peak 47.75M) | Time:00:00.19 | Scene, Part 1-4
Fra:1 Mem:17.52M (0.00M, Peak 47.75M) | Time:00:00.19 | Sce: Scene Ve:66054 Fa:64250 La:1
Saved: '/tmp/tmpj7nr1eyf.png'
 Time: 00:00.20 (Saving: 00:00.01)

Fra:1 Mem:17.55M (0.00M, Peak 18.15M) | Time:00:00.04 | Mem:0.00M, Peak:0.00M | Scene, RenderLayer | Synchronizing object | Area
Fra:1 Mem:17.55M (0.00M, Peak 18.15M) | Time:00:00.04 | Mem:0.00M, Peak:0.00M | Scene, RenderLayer | Synchronizing object | Ground
Fra:1 Mem:17.62M (0.00M, Peak 18.15M) | Time:00:00.04 | Mem:0.00M, Peak:0.00M | Scene, RenderLayer | Synchronizing object | Empty
Fra:1 Mem:17.62M (0.00M, Peak 18.15M) | Time:00:00.04 | Mem:0.00M, Peak:0.00M | Scene, RenderLayer | Synchronizing object | Lamp_Back
Fra:1 Mem:17.62M (0.00M, Peak 18.15M) | Time:00:00.04 | Mem:0.00M, Peak:0.00M | Scene, RenderLayer | Synchronizing object | Lamp_Fill
Fra:1 Mem:17.62M (0.00M, Peak 18.15M) | Time:00:00.04 | Mem:0.00M, Peak:0.00M | Scene, RenderLayer | Synchronizing object | Lamp_Key
Fra:1 Mem:17.62M (0.00M, Peak 18.15M) | Time:00:00.04 | Mem:0.00M, Peak:0.00M | Scene, RenderLayer | Synchronizing object | Camera
Fra:1 Mem:17.62M (0.00M, Peak 18.15M) | Time:00:00.04 | Mem:0.00M, Peak:0.00M | Scene, RenderLayer | Synchronizing object | Sphere_0
Fra:1 Mem:18.88M (0.00M, Peak 20.38M) | Time:00:00.05 | Mem:0.00M, Peak:0.00M | Scene, RenderLayer | Synchronizing object | SmoothCylinder_0
Fra:1 Mem:21.66M (0.00M, Peak 24.88M) | Time:00:00.06 | Mem:0.00M, Peak:0.00M | Scene, RenderLayer | Synchronizing object | Sphere_1
Fra:1 Mem:22.92M (0.00M, Peak 24.88M) | Time:00:00.06 | Mem:0.00M, Peak:0.00M | Scene, RenderLayer | Initializing
Fra:1 Mem:22.92M (0.00M, Peak 24.88M) | Time:00:00.06 | Mem:0.00M, Peak:0.00M | Scene, RenderLayer | Loading render kernels (may take a few minutes the first time)
Fra:1 Mem:22.92M (0.00M, Peak 25.62M) | Time:00:00.08 | Mem:0.00M, Peak:0.00M | Scene, RenderLayer | Waiting for render to start
Fra:1 Mem:22.92M (0.00M, Peak 25.62M) | Time:00:00.08 | Mem:0.00M, Peak:0.00M | Scene, RenderLayer | Updating Scene
Fra:1 Mem:22.92M (0.00M, Peak 25.62M) | Time:00:00.08 | Mem:0.00M, Peak:0.00M | Scene, RenderLayer | Updating Shaders
Fra:1 Mem:23.17M (0.00M, Peak 25.62M) | Time:00:00.08 | Mem:0.00M, Peak:0.00M | Scene, RenderLayer | Updating Background
Fra:1 Mem:23.17M (0.00M, Peak 25.62M) | Time:00:00.08 | Mem:0.00M, Peak:0.00M | Scene, RenderLayer | Updating Camera
Fra:1 Mem:23.17M (0.00M, Peak 25.62M) | Time:00:00.08 | Mem:0.00M, Peak:0.00M | Scene, RenderLayer | Updating Meshes Flags
Fra:1 Mem:23.17M (0.00M, Peak 25.62M) | Time:00:00.08 | Mem:0.00M, Peak:0.00M | Scene, RenderLayer | Updating Objects
Fra:1 Mem:23.17M (0.00M, Peak 25.62M) | Time:00:00.08 | Mem:0.00M, Peak:0.00M | Scene, RenderLayer | Updating Objects | Copying Transformations to device
Fra:1 Mem:23.17M (0.00M, Peak 25.62M) | Time:00:00.08 | Mem:0.00M, Peak:0.00M | Scene, RenderLayer | Updating Objects | Applying Static Transformations
Fra:1 Mem:23.17M (0.00M, Peak 25.62M) | Time:00:00.08 | Mem:0.00M, Peak:0.00M | Scene, RenderLayer | Updating Meshes
Fra:1 Mem:25.14M (0.00M, Peak 25.62M) | Time:00:00.08 | Mem:0.00M, Peak:0.00M | Scene, RenderLayer | Updating Mesh | Computing attributes
Fra:1 Mem:25.14M (0.00M, Peak 25.62M) | Time:00:00.08 | Mem:0.00M, Peak:0.00M | Scene, RenderLayer | Updating Mesh | Copying Attributes to device
Fra:1 Mem:25.14M (0.00M, Peak 25.62M) | Time:00:00.08 | Mem:0.00M, Peak:0.00M | Scene, RenderLayer | Updating Scene BVH | Building
Fra:1 Mem:25.14M (0.00M, Peak 25.62M) | Time:00:00.08 | Mem:0.00M, Peak:0.00M | Scene, RenderLayer | Updating Scene BVH | Building BVH
Fra:1 Mem:32.52M (0.00M, Peak 32.52M) | Time:00:00.17 | Mem:0.00M, Peak:0.00M | Scene, RenderLayer | Updating Scene BVH | Packing BVH triangles and strands
Fra:1 Mem:39.41M (0.00M, Peak 39.41M) | Time:00:00.18 | Mem:0.00M, Peak:0.00M | Scene, RenderLayer | Updating Scene BVH | Packing BVH nodes
Fra:1 Mem:35.54M (0.00M, Peak 41.45M) | Time:00:00.19 | Mem:0.00M, Peak:0.00M | Scene, RenderLayer | Updating Scene BVH | Copying BVH to device
Fra:1 Mem:36.04M (0.00M, Peak 41.45M) | Time:00:00.19 | Mem:10.41M, Peak:10.41M | Scene, RenderLayer | Updating Mesh | Computing normals
Fra:1 Mem:40.52M (0.00M, Peak 41.45M) | Time:00:00.19 | Mem:10.41M, Peak:10.41M | Scene, RenderLayer | Updating Mesh | Copying Mesh to device
Fra:1 Mem:40.03M (0.00M, Peak 41.45M) | Time:00:00.19 | Mem:14.89M, Peak:14.89M | Scene, RenderLayer | Updating Objects Flags
Fra:1 Mem:40.03M (0.00M, Peak 41.45M) | Time:00:00.19 | Mem:14.89M, Peak:14.89M | Scene, RenderLayer | Updating Images
Fra:1 Mem:40.03M (0.00M, Peak 41.45M) | Time:00:00.19 | Mem:14.89M, Peak:14.89M | Scene, RenderLayer | Updating Camera Volume
Fra:1 Mem:40.03M (0.00M, Peak 41.45M) | Time:00:00.19 | Mem:14.89M, Peak:14.89M | Scene, RenderLayer | Updating Hair Systems
Fra:1 Mem:40.03M (0.00M, Peak 41.45M) | Time:00:00.20 | Mem:14.89M, Peak:14.89M | Scene, RenderLayer | Updating Hair settings | Copying Hair settings to device
Fra:1 Mem:40.03M (0.00M, Peak 41.45M) | Time:00:00.20 | Mem:14.89M, Peak:14.89M | Scene, RenderLayer | Updating Lookup Tables
Fra:1 Mem:40.03M (0.00M, Peak 41.45M) | Time:00:00.20 | Mem:15.14M, Peak:15.14M | Scene, RenderLayer | Updating Lights
Fra:1 Mem:40.03M (0.00M, Peak 41.45M) | Time:00:00.20 | Mem:15.14M, Peak:15.14M | Scene, RenderLayer | Updating Lights | Computing distribution
Fra:1 Mem:40.03M (0.00M, Peak 41.45M) | Time:00:00.20 | Mem:15.14M, Peak:15.14M | Scene, RenderLayer | Updating Particle Systems
Fra:1 Mem:40.03M (0.00M, Peak 41.45M) | Time:00:00.20 | Mem:15.14M, Peak:15.14M | Scene, RenderLayer | Updating Particle Systems | Copying Particles to device
Fra:1 Mem:40.03M (0.00M, Peak 41.45M) | Time:00:00.20 | Mem:15.14M, Peak:15.14M | Scene, RenderLayer | Updating Integrator
Fra:1 Mem:40.07M (0.00M, Peak 41.45M) | Time:00:00.20 | Mem:15.18M, Peak:15.18M | Scene, RenderLayer | Updating Film
Fra:1 Mem:40.08M (0.00M, Peak 41.45M) | Time:00:00.20 | Mem:15.18M, Peak:15.18M | Scene, RenderLayer | Updating Lookup Tables
Fra:1 Mem:40.08M (0.00M, Peak 41.45M) | Time:00:00.20 | Mem:15.19M, Peak:15.19M | Scene, RenderLayer | Updating Baking
Fra:1 Mem:40.08M (0.00M, Peak 41.45M) | Time:00:00.20 | Mem:15.19M, Peak:15.19M | Scene, RenderLayer | Updating Device | Writing constant memory
Fra:1 Mem:40.08M (0.00M, Peak 41.45M) | Time:00:00.20 | Mem:15.19M, Peak:15.19M | Scene, RenderLayer | Path Tracing Tile 0/4, Sample 0/512
Fra:1 Mem:42.33M (0.00M, Peak 43.58M) | Time:00:00.20 | Mem:17.44M, Peak:17.44M | Scene, RenderLayer | Path Tracing Tile 1/4, Sample 0/512
Fra:1 Mem:42.33M (0.00M, Peak 44.58M) | Time:00:01.20 | Remaining:00:12.42 | Mem:17.44M, Peak:17.44M | Scene, RenderLayer | Path Tracing Tile 1/4, Sample 90/512
Fra:1 Mem:42.33M (0.00M, Peak 44.58M) | Time:00:02.21 | Remaining:00:11.39 | Mem:17.44M, Peak:17.44M | Scene, RenderLayer | Path Tracing Tile 1/4, Sample 180/512
Fra:1 Mem:42.33M (0.00M, Peak 44.58M) | Time:00:03.21 | Remaining:00:10.37 | Mem:17.44M, Peak:17.44M | Scene, RenderLayer | Path Tracing Tile 1/4, Sample 270/512
Fra:1 Mem:42.33M (0.00M, Peak 44.58M) | Time:00:04.21 | Remaining:00:09.36 | Mem:17.44M, Peak:17.44M | Scene, RenderLayer | Path Tracing Tile 1/4, Sample 360/512
Fra:1 Mem:42.33M (0.00M, Peak 44.58M) | Time:00:05.22 | Remaining:00:08.37 | Mem:17.44M, Peak:17.44M | Scene, RenderLayer | Path Tracing Tile 1/4, Sample 450/512
Fra:1 Mem:40.08M (0.00M, Peak 44.58M) | Time:00:05.92 | Remaining:00:07.68 | Mem:15.19M, Peak:17.44M | Scene, RenderLayer | Path Tracing Tile 1/4, Sample 512/512
Fra:1 Mem:42.04M (0.00M, Peak 44.58M) | Time:00:05.92 | Remaining:00:07.69 | Mem:17.16M, Peak:17.44M | Scene, RenderLayer | Path Tracing Tile 2/4, Sample 512/512
Fra:1 Mem:42.04M (0.00M, Peak 44.58M) | Time:00:06.23 | Remaining:00:07.37 | Mem:17.16M, Peak:17.44M | Scene, RenderLayer | Path Tracing Tile 2/4, Sample 32/512
Fra:1 Mem:42.04M (0.00M, Peak 44.58M) | Time:00:07.23 | Remaining:00:06.36 | Mem:17.16M, Peak:17.44M | Scene, RenderLayer | Path Tracing Tile 2/4, Sample 135/512
Fra:1 Mem:42.04M (0.00M, Peak 44.58M) | Time:00:08.23 | Remaining:00:05.35 | Mem:17.16M, Peak:17.44M | Scene, RenderLayer | Path Tracing Tile 2/4, Sample 238/512
Fra:1 Mem:42.04M (0.00M, Peak 44.58M) | Time:00:09.24 | Remaining:00:04.34 | Mem:17.16M, Peak:17.44M | Scene, RenderLayer | Path Tracing Tile 2/4, Sample 341/512
Fra:1 Mem:42.04M (0.00M, Peak 44.58M) | Time:00:10.24 | Remaining:00:03.35 | Mem:17.16M, Peak:17.44M | Scene, RenderLayer | Path Tracing Tile 2/4, Sample 443/512
Fra:1 Mem:40.08M (0.00M, Peak 44.58M) | Time:00:10.92 | Remaining:00:02.68 | Mem:15.19M, Peak:17.44M | Scene, RenderLayer | Path Tracing Tile 2/4, Sample 512/512
Fra:1 Mem:40.64M (0.00M, Peak 44.58M) | Time:00:10.92 | Remaining:00:02.68 | Mem:15.75M, Peak:17.44M | Scene, RenderLayer | Path Tracing Tile 3/4, Sample 512/512
Fra:1 Mem:40.64M (0.00M, Peak 44.58M) | Time:00:11.24 | Remaining:00:02.49 | Mem:15.75M, Peak:17.44M | Scene, RenderLayer | Path Tracing Tile 3/4, Sample 75/512
Fra:1 Mem:40.64M (0.00M, Peak 44.58M) | Time:00:12.24 | Remaining:00:01.88 | Mem:15.75M, Peak:17.44M | Scene, RenderLayer | Path Tracing Tile 3/4, Sample 310/512
Fra:1 Mem:40.08M (0.00M, Peak 44.58M) | Time:00:13.12 | Remaining:00:01.33 | Mem:15.19M, Peak:17.44M | Scene, RenderLayer | Path Tracing Tile 3/4, Sample 512/512
Fra:1 Mem:40.57M (0.00M, Peak 44.58M) | Time:00:13.12 | Remaining:00:01.33 | Mem:15.68M, Peak:17.44M | Scene, RenderLayer | Path Tracing Tile 4/4, Sample 512/512
Fra:1 Mem:40.57M (0.00M, Peak 44.58M) | Time:00:13.25 | Remaining:00:01.24 | Mem:15.68M, Peak:17.44M | Scene, RenderLayer | Path Tracing Tile 4/4, Sample 33/512
Fra:1 Mem:40.57M (0.00M, Peak 44.58M) | Time:00:14.25 | Remaining:00:00.60 | Mem:15.68M, Peak:17.44M | Scene, RenderLayer | Path Tracing Tile 4/4, Sample 287/512
Fra:1 Mem:40.08M (0.00M, Peak 44.58M) | Time:00:15.14 | Mem:15.19M, Peak:17.44M | Scene, RenderLayer | Path Tracing Tile 4/4, Sample 512/512
Fra:1 Mem:40.08M (0.00M, Peak 44.58M) | Time:00:15.14 | Mem:15.19M, Peak:17.44M | Scene, RenderLayer | Finished
Fra:1 Mem:17.55M (0.00M, Peak 44.58M) | Time:00:15.22 | Sce: Scene Ve:0 Fa:0 La:0
Saved: 'data/clevr-cleaned-puzzles/breaking/render/images/CLEVR_val_000004.png'
 Time: 00:15.26 (Saving: 00:00.03)

read blend: /home/ubuntu/vdp/data/clevr_scene_data/base_scene.blend
convertViewVec: called in an invalid context
convertViewVec: called in an invalid context
convertViewVec: called in an invalid context
convertViewVec: called in an invalid context
Fra:1 Mem:14.40M (0.00M, Peak 14.40M) | Time:00:00.00 | Preparing Scene data
Fra:1 Mem:19.68M (0.00M, Peak 20.66M) | Time:00:00.01 | Preparing Scene data
Fra:1 Mem:19.68M (0.00M, Peak 20.66M) | Time:00:00.01 | Creating Shadowbuffers
Fra:1 Mem:19.68M (0.00M, Peak 20.66M) | Time:00:00.01 | Raytree.. preparing
Fra:1 Mem:25.22M (0.00M, Peak 25.22M) | Time:00:00.01 | Raytree.. building
Fra:1 Mem:24.93M (0.00M, Peak 33.58M) | Time:00:00.10 | Raytree finished
Fra:1 Mem:24.93M (0.00M, Peak 33.58M) | Time:00:00.10 | Creating Environment maps
Fra:1 Mem:24.93M (0.00M, Peak 33.58M) | Time:00:00.10 | Caching Point Densities
Fra:1 Mem:24.93M (0.00M, Peak 33.58M) | Time:00:00.10 | Sce: Scene Ve:38228 Fa:40341 La:1
Fra:1 Mem:24.93M (0.00M, Peak 33.58M) | Time:00:00.10 | Loading voxel datasets
Fra:1 Mem:24.93M (0.00M, Peak 33.58M) | Time:00:00.10 | Sce: Scene Ve:38228 Fa:40341 La:1
Fra:1 Mem:24.93M (0.00M, Peak 33.58M) | Time:00:00.10 | Sce: Scene Ve:38228 Fa:40341 La:1
Fra:1 Mem:24.93M (0.00M, Peak 33.58M) | Time:00:00.10 | Volume preprocessing
Fra:1 Mem:24.93M (0.00M, Peak 33.58M) | Time:00:00.10 | Sce: Scene Ve:38228 Fa:40341 La:1
Fra:1 Mem:24.93M (0.00M, Peak 33.58M) | Time:00:00.10 | Sce: Scene Ve:38228 Fa:40341 La:1
Fra:1 Mem:29.44M (0.00M, Peak 33.58M) | Time:00:00.10 | Scene, Part 3-4
Fra:1 Mem:28.96M (0.00M, Peak 33.58M) | Time:00:00.10 | Scene, Part 4-4
Fra:1 Mem:27.28M (0.00M, Peak 33.58M) | Time:00:00.12 | Scene, Part 2-4
Fra:1 Mem:26.19M (0.00M, Peak 33.58M) | Time:00:00.12 | Scene, Part 1-4
Fra:1 Mem:14.25M (0.00M, Peak 33.58M) | Time:00:00.12 | Sce: Scene Ve:38228 Fa:40341 La:1
Saved: '/tmp/tmp00jxl4es.png'
 Time: 00:00.13 (Saving: 00:00.01)

Fra:1 Mem:14.28M (0.00M, Peak 14.88M) | Time:00:00.04 | Mem:0.00M, Peak:0.00M | Scene, RenderLayer | Synchronizing object | Area
Fra:1 Mem:14.28M (0.00M, Peak 14.88M) | Time:00:00.04 | Mem:0.00M, Peak:0.00M | Scene, RenderLayer | Synchronizing object | Ground
Fra:1 Mem:14.35M (0.00M, Peak 14.88M) | Time:00:00.04 | Mem:0.00M, Peak:0.00M | Scene, RenderLayer | Synchronizing object | Empty
Fra:1 Mem:14.35M (0.00M, Peak 14.88M) | Time:00:00.04 | Mem:0.00M, Peak:0.00M | Scene, RenderLayer | Synchronizing object | Lamp_Back
Fra:1 Mem:14.35M (0.00M, Peak 14.88M) | Time:00:00.04 | Mem:0.00M, Peak:0.00M | Scene, RenderLayer | Synchronizing object | Lamp_Fill
Fra:1 Mem:14.35M (0.00M, Peak 14.88M) | Time:00:00.04 | Mem:0.00M, Peak:0.00M | Scene, RenderLayer | Synchronizing object | Lamp_Key
Fra:1 Mem:14.35M (0.00M, Peak 14.88M) | Time:00:00.04 | Mem:0.00M, Peak:0.00M | Scene, RenderLayer | Synchronizing object | Camera
Fra:1 Mem:14.35M (0.00M, Peak 14.88M) | Time:00:00.04 | Mem:0.00M, Peak:0.00M | Scene, RenderLayer | Synchronizing object | SmoothCube_v2_0
Fra:1 Mem:14.71M (0.00M, Peak 15.07M) | Time:00:00.05 | Mem:0.00M, Peak:0.00M | Scene, RenderLayer | Synchronizing object | Sphere_0
Fra:1 Mem:15.97M (0.00M, Peak 17.47M) | Time:00:00.05 | Mem:0.00M, Peak:0.00M | Scene, RenderLayer | Synchronizing object | SmoothCube_v2_1
Fra:1 Mem:16.34M (0.00M, Peak 17.47M) | Time:00:00.05 | Mem:0.00M, Peak:0.00M | Scene, RenderLayer | Synchronizing object | Sphere_1
Fra:1 Mem:17.83M (0.00M, Peak 19.27M) | Time:00:00.06 | Mem:0.00M, Peak:0.00M | Scene, RenderLayer | Initializing
Fra:1 Mem:17.83M (0.00M, Peak 19.27M) | Time:00:00.06 | Mem:0.00M, Peak:0.00M | Scene, RenderLayer | Loading render kernels (may take a few minutes the first time)
Fra:1 Mem:17.83M (0.00M, Peak 20.53M) | Time:00:00.07 | Mem:0.00M, Peak:0.00M | Scene, RenderLayer | Waiting for render to start
Fra:1 Mem:17.83M (0.00M, Peak 20.53M) | Time:00:00.07 | Mem:0.00M, Peak:0.00M | Scene, RenderLayer | Updating Scene
Fra:1 Mem:17.83M (0.00M, Peak 20.53M) | Time:00:00.07 | Mem:0.00M, Peak:0.00M | Scene, RenderLayer | Updating Shaders
Fra:1 Mem:18.09M (0.00M, Peak 20.53M) | Time:00:00.07 | Mem:0.00M, Peak:0.00M | Scene, RenderLayer | Updating Background
Fra:1 Mem:18.09M (0.00M, Peak 20.53M) | Time:00:00.07 | Mem:0.00M, Peak:0.00M | Scene, RenderLayer | Updating Camera
Fra:1 Mem:18.09M (0.00M, Peak 20.53M) | Time:00:00.07 | Mem:0.00M, Peak:0.00M | Scene, RenderLayer | Updating Meshes Flags
Fra:1 Mem:18.09M (0.00M, Peak 20.53M) | Time:00:00.07 | Mem:0.00M, Peak:0.00M | Scene, RenderLayer | Updating Objects
Fra:1 Mem:18.09M (0.00M, Peak 20.53M) | Time:00:00.07 | Mem:0.00M, Peak:0.00M | Scene, RenderLayer | Updating Objects | Copying Transformations to device
Fra:1 Mem:18.09M (0.00M, Peak 20.53M) | Time:00:00.07 | Mem:0.00M, Peak:0.00M | Scene, RenderLayer | Updating Objects | Applying Static Transformations
Fra:1 Mem:18.09M (0.00M, Peak 20.53M) | Time:00:00.07 | Mem:0.00M, Peak:0.00M | Scene, RenderLayer | Updating Meshes
Fra:1 Mem:19.28M (0.00M, Peak 20.53M) | Time:00:00.07 | Mem:0.00M, Peak:0.00M | Scene, RenderLayer | Updating Mesh | Computing attributes
Fra:1 Mem:19.63M (0.00M, Peak 20.53M) | Time:00:00.07 | Mem:0.00M, Peak:0.00M | Scene, RenderLayer | Updating Mesh | Copying Attributes to device
Fra:1 Mem:19.63M (0.00M, Peak 20.53M) | Time:00:00.08 | Mem:0.35M, Peak:0.35M | Scene, RenderLayer | Updating Scene BVH | Building
Fra:1 Mem:19.63M (0.00M, Peak 20.53M) | Time:00:00.08 | Mem:0.35M, Peak:0.35M | Scene, RenderLayer | Updating Scene BVH | Building BVH
Fra:1 Mem:24.09M (0.00M, Peak 24.09M) | Time:00:00.12 | Mem:0.35M, Peak:0.35M | Scene, RenderLayer | Updating Scene BVH | Packing BVH triangles and strands
Fra:1 Mem:28.25M (0.00M, Peak 28.25M) | Time:00:00.13 | Mem:0.35M, Peak:0.35M | Scene, RenderLayer | Updating Scene BVH | Packing BVH nodes
Fra:1 Mem:25.85M (0.00M, Peak 29.42M) | Time:00:00.13 | Mem:0.35M, Peak:0.35M | Scene, RenderLayer | Updating Scene BVH | Copying BVH to device
Fra:1 Mem:26.15M (0.00M, Peak 29.42M) | Time:00:00.14 | Mem:6.58M, Peak:6.58M | Scene, RenderLayer | Updating Mesh | Computing normals
Fra:1 Mem:28.83M (0.00M, Peak 29.42M) | Time:00:00.14 | Mem:6.58M, Peak:6.58M | Scene, RenderLayer | Updating Mesh | Copying Mesh to device
Fra:1 Mem:28.53M (0.00M, Peak 29.42M) | Time:00:00.14 | Mem:9.26M, Peak:9.26M | Scene, RenderLayer | Updating Objects Flags
Fra:1 Mem:28.53M (0.00M, Peak 29.42M) | Time:00:00.14 | Mem:9.26M, Peak:9.26M | Scene, RenderLayer | Updating Images
Fra:1 Mem:28.53M (0.00M, Peak 29.42M) | Time:00:00.14 | Mem:9.26M, Peak:9.26M | Scene, RenderLayer | Updating Camera Volume
Fra:1 Mem:28.53M (0.00M, Peak 29.42M) | Time:00:00.14 | Mem:9.26M, Peak:9.26M | Scene, RenderLayer | Updating Hair Systems
Fra:1 Mem:28.53M (0.00M, Peak 29.42M) | Time:00:00.14 | Mem:9.26M, Peak:9.26M | Scene, RenderLayer | Updating Hair settings | Copying Hair settings to device
Fra:1 Mem:28.53M (0.00M, Peak 29.42M) | Time:00:00.14 | Mem:9.26M, Peak:9.26M | Scene, RenderLayer | Updating Lookup Tables
Fra:1 Mem:28.53M (0.00M, Peak 29.42M) | Time:00:00.14 | Mem:9.51M, Peak:9.51M | Scene, RenderLayer | Updating Lights
Fra:1 Mem:28.53M (0.00M, Peak 29.42M) | Time:00:00.14 | Mem:9.51M, Peak:9.51M | Scene, RenderLayer | Updating Lights | Computing distribution
Fra:1 Mem:28.53M (0.00M, Peak 29.42M) | Time:00:00.14 | Mem:9.51M, Peak:9.51M | Scene, RenderLayer | Updating Particle Systems
Fra:1 Mem:28.53M (0.00M, Peak 29.42M) | Time:00:00.14 | Mem:9.51M, Peak:9.51M | Scene, RenderLayer | Updating Particle Systems | Copying Particles to device
Fra:1 Mem:28.53M (0.00M, Peak 29.42M) | Time:00:00.14 | Mem:9.51M, Peak:9.51M | Scene, RenderLayer | Updating Integrator
Fra:1 Mem:28.57M (0.00M, Peak 29.42M) | Time:00:00.14 | Mem:9.55M, Peak:9.55M | Scene, RenderLayer | Updating Film
Fra:1 Mem:28.58M (0.00M, Peak 29.42M) | Time:00:00.14 | Mem:9.55M, Peak:9.55M | Scene, RenderLayer | Updating Lookup Tables
Fra:1 Mem:28.58M (0.00M, Peak 29.42M) | Time:00:00.14 | Mem:9.55M, Peak:9.55M | Scene, RenderLayer | Updating Baking
Fra:1 Mem:28.58M (0.00M, Peak 29.42M) | Time:00:00.14 | Mem:9.55M, Peak:9.55M | Scene, RenderLayer | Updating Device | Writing constant memory
Fra:1 Mem:28.58M (0.00M, Peak 29.42M) | Time:00:00.14 | Mem:9.55M, Peak:9.55M | Scene, RenderLayer | Path Tracing Tile 0/4, Sample 0/512
Fra:1 Mem:30.83M (0.00M, Peak 32.08M) | Time:00:00.14 | Mem:11.80M, Peak:11.80M | Scene, RenderLayer | Path Tracing Tile 1/4, Sample 0/512
Fra:1 Mem:30.83M (0.00M, Peak 33.08M) | Time:00:01.15 | Remaining:00:10.88 | Mem:11.80M, Peak:11.80M | Scene, RenderLayer | Path Tracing Tile 1/4, Sample 102/512
Fra:1 Mem:30.83M (0.00M, Peak 33.08M) | Time:00:02.16 | Remaining:00:09.85 | Mem:11.80M, Peak:11.80M | Scene, RenderLayer | Path Tracing Tile 1/4, Sample 204/512
Fra:1 Mem:30.83M (0.00M, Peak 33.08M) | Time:00:03.17 | Remaining:00:08.84 | Mem:11.80M, Peak:11.80M | Scene, RenderLayer | Path Tracing Tile 1/4, Sample 306/512
Fra:1 Mem:30.83M (0.00M, Peak 33.08M) | Time:00:04.17 | Remaining:00:07.85 | Mem:11.80M, Peak:11.80M | Scene, RenderLayer | Path Tracing Tile 1/4, Sample 407/512
Fra:1 Mem:30.83M (0.00M, Peak 33.08M) | Time:00:05.18 | Remaining:00:06.86 | Mem:11.80M, Peak:11.80M | Scene, RenderLayer | Path Tracing Tile 1/4, Sample 508/512
Fra:1 Mem:28.58M (0.00M, Peak 33.08M) | Time:00:05.22 | Remaining:00:06.82 | Mem:9.55M, Peak:11.80M | Scene, RenderLayer | Path Tracing Tile 1/4, Sample 512/512
Fra:1 Mem:30.54M (0.00M, Peak 33.08M) | Time:00:05.22 | Remaining:00:06.83 | Mem:11.52M, Peak:11.80M | Scene, RenderLayer | Path Tracing Tile 2/4, Sample 512/512
Fra:1 Mem:30.54M (0.00M, Peak 33.08M) | Time:00:06.18 | Remaining:00:05.89 | Mem:11.52M, Peak:11.80M | Scene, RenderLayer | Path Tracing Tile 2/4, Sample 109/512
Fra:1 Mem:30.54M (0.00M, Peak 33.08M) | Time:00:07.19 | Remaining:00:04.91 | Mem:11.52M, Peak:11.80M | Scene, RenderLayer | Path Tracing Tile 2/4, Sample 223/512
Fra:1 Mem:30.54M (0.00M, Peak 33.08M) | Time:00:08.20 | Remaining:00:03.92 | Mem:11.52M, Peak:11.80M | Scene, RenderLayer | Path Tracing Tile 2/4, Sample 337/512
Fra:1 Mem:30.54M (0.00M, Peak 33.08M) | Time:00:09.20 | Remaining:00:02.94 | Mem:11.52M, Peak:11.80M | Scene, RenderLayer | Path Tracing Tile 2/4, Sample 450/512
Fra:1 Mem:28.58M (0.00M, Peak 33.08M) | Time:00:09.76 | Remaining:00:02.40 | Mem:9.55M, Peak:11.80M | Scene, RenderLayer | Path Tracing Tile 2/4, Sample 512/512
Fra:1 Mem:29.14M (0.00M, Peak 33.08M) | Time:00:09.76 | Remaining:00:02.40 | Mem:10.11M, Peak:11.80M | Scene, RenderLayer | Path Tracing Tile 3/4, Sample 512/512
Fra:1 Mem:29.14M (0.00M, Peak 33.08M) | Time:00:10.20 | Remaining:00:02.17 | Mem:10.11M, Peak:11.80M | Scene, RenderLayer | Path Tracing Tile 3/4, Sample 106/512
Fra:1 Mem:29.14M (0.00M, Peak 33.08M) | Time:00:11.21 | Remaining:00:01.62 | Mem:10.11M, Peak:11.80M | Scene, RenderLayer | Path Tracing Tile 3/4, Sample 344/512
Fra:1 Mem:28.58M (0.00M, Peak 33.08M) | Time:00:11.92 | Remaining:00:01.21 | Mem:9.55M, Peak:11.80M | Scene, RenderLayer | Path Tracing Tile 3/4, Sample 512/512
Fra:1 Mem:29.07M (0.00M, Peak 33.08M) | Time:00:11.92 | Remaining:00:01.21 | Mem:10.04M, Peak:11.80M | Scene, RenderLayer | Path Tracing Tile 4/4, Sample 512/512
Fra:1 Mem:29.07M (0.00M, Peak 33.08M) | Time:00:12.21 | Remaining:00:01.04 | Mem:10.04M, Peak:11.80M | Scene, RenderLayer | Path Tracing Tile 4/4, Sample 73/512
Fra:1 Mem:29.07M (0.00M, Peak 33.08M) | Time:00:13.21 | Remaining:00:00.45 | Mem:10.04M, Peak:11.80M | Scene, RenderLayer | Path Tracing Tile 4/4, Sample 326/512
Fra:1 Mem:28.58M (0.00M, Peak 33.08M) | Time:00:13.95 | Mem:9.55M, Peak:11.80M | Scene, RenderLayer | Path Tracing Tile 4/4, Sample 512/512
Fra:1 Mem:28.58M (0.00M, Peak 33.08M) | Time:00:13.95 | Mem:9.55M, Peak:11.80M | Scene, RenderLayer | Finished
Fra:1 Mem:14.28M (0.00M, Peak 33.08M) | Time:00:14.03 | Sce: Scene Ve:0 Fa:0 La:0
Saved: 'data/clevr-cleaned-puzzles/breaking/render/images/CLEVR_val_000005.png'
 Time: 00:14.07 (Saving: 00:00.03)


Blender quit

INFO test_net.py:  81: Called with args:
INFO test_net.py:  82: Namespace(cfg_file='clevr_inference/scene_parse/mask_rcnn/configs/baselines/e2e_mask_rcnn_R-50-FPN_1x.yaml', clevr_comp_cat=1, dataset='clevr_original_val', grab_conv=False, images_dir='data/clevr-cleaned-puzzles/breaking/render/images', load_ckpt='/home/ubuntu/vdp/data/ns-vqa-data/pretrained/object_detector.pt', load_detectron=None, multi_gpu_testing=False, name=None, output_dir='data/clevr-cleaned-puzzles/breaking/infer/mask_rcnn', range=None, rendersummary_path='data/clevr-cleaned-puzzles/breaking/render/summary.json', set_cfgs=[], vis=False)
INFO test_net.py: 125: Testing with config:
INFO test_net.py: 126: {'BBOX_XFORM_CLIP': 4.135166556742356,
 'CLEVR': {'COMP_CAT': True},
 'CROP_RESIZE_WITH_MAX_POOL': True,
 'CUDA': False,
 'DATA_DIR': '/home/ubuntu/vdp/data/ns-vqa-data/mask_rcnn',
 'DATA_LOADER': {'NUM_THREADS': 4},
 'DEBUG': False,
 'DEDUP_BOXES': 0.0625,
 'EPS': 1e-14,
 'EXPECTED_RESULTS': [],
 'EXPECTED_RESULTS_ATOL': 0.005,
 'EXPECTED_RESULTS_EMAIL': '',
 'EXPECTED_RESULTS_RTOL': 0.1,
 'FAST_RCNN': {'CONV_HEAD_DIM': 256,
               'MLP_HEAD_DIM': 1024,
               'NUM_STACKED_CONVS': 4,
               'ROI_BOX_HEAD': 'fast_rcnn_heads.roi_2mlp_head',
               'ROI_XFORM_METHOD': 'RoIAlign',
               'ROI_XFORM_RESOLUTION': 7,
               'ROI_XFORM_SAMPLING_RATIO': 2},
 'FPN': {'COARSEST_STRIDE': 32,
         'DIM': 256,
         'EXTRA_CONV_LEVELS': False,
         'FPN_ON': True,
         'MULTILEVEL_ROIS': True,
         'MULTILEVEL_RPN': True,
         'ROI_CANONICAL_LEVEL': 4,
         'ROI_CANONICAL_SCALE': 224,
         'ROI_MAX_LEVEL': 5,
         'ROI_MIN_LEVEL': 2,
         'RPN_ANCHOR_START_SIZE': 32,
         'RPN_ASPECT_RATIOS': (0.5, 1, 2),
         'RPN_COLLECT_SCALE': 1,
         'RPN_MAX_LEVEL': 6,
         'RPN_MIN_LEVEL': 2,
         'USE_GN': False,
         'ZERO_INIT_LATERAL': False},
 'GROUP_NORM': {'DIM_PER_GP': -1, 'EPSILON': 1e-05, 'NUM_GROUPS': 32},
 'KRCNN': {'CONV_HEAD_DIM': 256,
           'CONV_HEAD_KERNEL': 3,
           'CONV_INIT': 'GaussianFill',
           'DECONV_DIM': 256,
           'DECONV_KERNEL': 4,
           'DILATION': 1,
           'HEATMAP_SIZE': -1,
           'INFERENCE_MIN_SIZE': 0,
           'KEYPOINT_CONFIDENCE': 'bbox',
           'LOSS_WEIGHT': 1.0,
           'MIN_KEYPOINT_COUNT_FOR_VALID_MINIBATCH': 20,
           'NMS_OKS': False,
           'NORMALIZE_BY_VISIBLE_KEYPOINTS': True,
           'NUM_KEYPOINTS': -1,
           'NUM_STACKED_CONVS': 8,
           'ROI_KEYPOINTS_HEAD': '',
           'ROI_XFORM_METHOD': 'RoIAlign',
           'ROI_XFORM_RESOLUTION': 7,
           'ROI_XFORM_SAMPLING_RATIO': 0,
           'UP_SCALE': -1,
           'USE_DECONV': False,
           'USE_DECONV_OUTPUT': False},
 'MATLAB': 'matlab',
 'MODEL': {'BBOX_REG_WEIGHTS': (10.0, 10.0, 5.0, 5.0),
           'CLS_AGNOSTIC_BBOX_REG': False,
           'CONV_BODY': 'FPN.fpn_ResNet50_conv5_body',
           'FASTER_RCNN': True,
           'KEYPOINTS_ON': False,
           'LOAD_IMAGENET_PRETRAINED_WEIGHTS': True,
           'MASK_ON': True,
           'NUM_CLASSES': 49,
           'RPN_ONLY': False,
           'SHARE_RES5': False,
           'TYPE': 'generalized_rcnn',
           'UNSUPERVISED_POSE': False},
 'MRCNN': {'CLS_SPECIFIC_MASK': True,
           'CONV_INIT': 'MSRAFill',
           'DILATION': 1,
           'DIM_REDUCED': 256,
           'MEMORY_EFFICIENT_LOSS': True,
           'RESOLUTION': 28,
           'ROI_MASK_HEAD': 'mask_rcnn_heads.mask_rcnn_fcn_head_v1up4convs',
           'ROI_XFORM_METHOD': 'RoIAlign',
           'ROI_XFORM_RESOLUTION': 14,
           'ROI_XFORM_SAMPLING_RATIO': 2,
           'THRESH_BINARIZE': 0.5,
           'UPSAMPLE_RATIO': 1,
           'USE_FC_OUTPUT': False,
           'WEIGHT_LOSS_MASK': 1.0},
 'NUM_GPUS': 8,
 'OUTPUT_DIR': 'Outputs',
 'PIXEL_MEANS': array([[[102.9801, 115.9465, 122.7717]]]),
 'POOLING_MODE': 'crop',
 'POOLING_SIZE': 7,
 'PYTORCH_VERSION_LESS_THAN_040': False,
 'RESNETS': {'FREEZE_AT': 2,
             'IMAGENET_PRETRAINED_WEIGHTS': 'pretrained_model/resnet50_caffe.pth',
             'NUM_GROUPS': 1,
             'RES5_DILATION': 1,
             'SHORTCUT_FUNC': 'basic_bn_shortcut',
             'STEM_FUNC': 'basic_bn_stem',
             'STRIDE_1X1': True,
             'TRANS_FUNC': 'bottleneck_transformation',
             'USE_GN': False,
             'WIDTH_PER_GROUP': 64},
 'RETINANET': {'ANCHOR_SCALE': 4,
               'ASPECT_RATIOS': (0.5, 1.0, 2.0),
               'BBOX_REG_BETA': 0.11,
               'BBOX_REG_WEIGHT': 1.0,
               'CLASS_SPECIFIC_BBOX': False,
               'INFERENCE_TH': 0.05,
               'LOSS_ALPHA': 0.25,
               'LOSS_GAMMA': 2.0,
               'NEGATIVE_OVERLAP': 0.4,
               'NUM_CONVS': 4,
               'POSITIVE_OVERLAP': 0.5,
               'PRE_NMS_TOP_N': 1000,
               'PRIOR_PROB': 0.01,
               'RETINANET_ON': False,
               'SCALES_PER_OCTAVE': 3,
               'SHARE_CLS_BBOX_TOWER': False,
               'SOFTMAX': False},
 'RFCN': {'PS_GRID_SIZE': 3},
 'RNG_SEED': 3,
 'ROOT_DIR': '/home/ubuntu/vdp/clevr_inference/scene_parse/mask_rcnn',
 'RPN': {'ASPECT_RATIOS': (0.5, 1, 2),
         'CLS_ACTIVATION': 'sigmoid',
         'OUT_DIM': 512,
         'OUT_DIM_AS_IN_DIM': True,
         'RPN_ON': True,
         'SIZES': (64, 128, 256, 512),
         'STRIDE': 16},
 'SOLVER': {'BASE_LR': 0.02,
            'BIAS_DOUBLE_LR': True,
            'BIAS_WEIGHT_DECAY': False,
            'GAMMA': 0.1,
            'LOG_LR_CHANGE_THRESHOLD': 1.1,
            'LRS': [],
            'LR_POLICY': 'steps_with_decay',
            'MAX_ITER': 30000,
            'MOMENTUM': 0.9,
            'SCALE_MOMENTUM': True,
            'SCALE_MOMENTUM_THRESHOLD': 1.1,
            'STEPS': [0, 20000, 26000],
            'STEP_SIZE': 30000,
            'TYPE': 'SGD',
            'WARM_UP_FACTOR': 0.3333333333333333,
            'WARM_UP_ITERS': 500,
            'WARM_UP_METHOD': 'linear',
            'WEIGHT_DECAY': 0.0001,
            'WEIGHT_DECAY_GN': 0.0},
 'TEST': {'BBOX_AUG': {'AREA_TH_HI': 32400,
                       'AREA_TH_LO': 2500,
                       'ASPECT_RATIOS': (),
                       'ASPECT_RATIO_H_FLIP': False,
                       'COORD_HEUR': 'UNION',
                       'ENABLED': False,
                       'H_FLIP': False,
                       'MAX_SIZE': 4000,
                       'SCALES': (),
                       'SCALE_H_FLIP': False,
                       'SCALE_SIZE_DEP': False,
                       'SCORE_HEUR': 'UNION'},
          'BBOX_REG': True,
          'BBOX_VOTE': {'ENABLED': False,
                        'SCORING_METHOD': 'ID',
                        'SCORING_METHOD_BETA': 1.0,
                        'VOTE_TH': 0.8},
          'COMPETITION_MODE': True,
          'DATASETS': ('custom(data/clevr-cleaned-puzzles/breaking/render/images, '
                       'data/clevr-cleaned-puzzles/breaking/render/summary.json)',),
          'DETECTIONS_PER_IM': 100,
          'FORCE_JSON_DATASET_EVAL': False,
          'KPS_AUG': {'AREA_TH': 32400,
                      'ASPECT_RATIOS': (),
                      'ASPECT_RATIO_H_FLIP': False,
                      'ENABLED': False,
                      'HEUR': 'HM_AVG',
                      'H_FLIP': False,
                      'MAX_SIZE': 4000,
                      'SCALES': (),
                      'SCALE_H_FLIP': False,
                      'SCALE_SIZE_DEP': False},
          'MASK_AUG': {'AREA_TH': 32400,
                       'ASPECT_RATIOS': (),
                       'ASPECT_RATIO_H_FLIP': False,
                       'ENABLED': False,
                       'HEUR': 'SOFT_AVG',
                       'H_FLIP': False,
                       'MAX_SIZE': 4000,
                       'SCALES': (),
                       'SCALE_H_FLIP': False,
                       'SCALE_SIZE_DEP': False},
          'MAX_SIZE': 1333,
          'NMS': 0.5,
          'PRECOMPUTED_PROPOSALS': False,
          'PROPOSAL_FILES': (),
          'PROPOSAL_LIMIT': 2000,
          'RPN_MIN_SIZE': 0,
          'RPN_NMS_THRESH': 0.7,
          'RPN_POST_NMS_TOP_N': 1000,
          'RPN_PRE_NMS_TOP_N': 1000,
          'SCALE': 800,
          'SCORE_THRESH': 0.05,
          'SOFT_NMS': {'ENABLED': False, 'METHOD': 'linear', 'SIGMA': 0.5}},
 'TRAIN': {'ASPECT_CROPPING': False,
           'ASPECT_GROUPING': True,
           'ASPECT_HI': 2,
           'ASPECT_LO': 0.5,
           'BATCH_SIZE_PER_IM': 512,
           'BBOX_INSIDE_WEIGHTS': (1.0, 1.0, 1.0, 1.0),
           'BBOX_NORMALIZE_MEANS': (0.0, 0.0, 0.0, 0.0),
           'BBOX_NORMALIZE_STDS': (0.1, 0.1, 0.2, 0.2),
           'BBOX_NORMALIZE_TARGETS': True,
           'BBOX_NORMALIZE_TARGETS_PRECOMPUTED': False,
           'BBOX_THRESH': 0.5,
           'BG_THRESH_HI': 0.5,
           'BG_THRESH_LO': 0.0,
           'CROWD_FILTER_THRESH': 0.7,
           'DATASETS': (),
           'FG_FRACTION': 0.25,
           'FG_THRESH': 0.5,
           'FREEZE_CONV_BODY': False,
           'GT_MIN_AREA': -1,
           'IMS_PER_BATCH': 2,
           'MAX_SIZE': 1333,
           'PROPOSAL_FILES': (),
           'RPN_BATCH_SIZE_PER_IM': 256,
           'RPN_FG_FRACTION': 0.5,
           'RPN_MIN_SIZE': 0,
           'RPN_NEGATIVE_OVERLAP': 0.3,
           'RPN_NMS_THRESH': 0.7,
           'RPN_POSITIVE_OVERLAP': 0.7,
           'RPN_POST_NMS_TOP_N': 2000,
           'RPN_PRE_NMS_TOP_N': 2000,
           'RPN_STRADDLE_THRESH': 0,
           'SCALES': (800,),
           'SNAPSHOT_ITERS': 20000,
           'USE_FLIPPED': False},
 'VIS': False,
 'VIS_TH': 0.9}
INFO test_engine.py: 352: loading checkpoint /home/ubuntu/vdp/data/ns-vqa-data/pretrained/object_detector.pt
INFO test_engine.py: 286: im_detect: range [1, 6] of 6: 1/6 1.099s + 0.004s (eta: 0:00:05)
INFO test_engine.py: 336: Wrote detections to: /home/ubuntu/vdp/data/clevr-cleaned-puzzles/breaking/infer/mask_rcnn/detections.pkl
INFO test_engine.py: 164: Total inference time: 5.615s


| processing proposals 1 / 6 images
| processing proposals 2 / 6 images
| processing proposals 3 / 6 images
| processing proposals 4 / 6 images
| processing proposals 5 / 6 images
| processing proposals 6 / 6 images
| saving object annotations to data/clevr-cleaned-puzzles/breaking/infer/attrnet/predictions.json


| options
run_dir: data/clevr-cleaned-puzzles/breaking/solver_ir
dataset: clevr
load_checkpoint_path: /home/ubuntu/vdp/data/ns-vqa-data/pretrained/attribute_net.pt
gpu_ids: [0]
clevr_mini_img_dir: /home/ubuntu/vdp/data/ns-vqa-data/raw/CLEVR_mini/images
clevr_mini_ann_path: /home/ubuntu/vdp/data/ns-vqa-data/attr_net/objects/clevr_mini_objs.json
concat_img: 1
split_id: 3500
batch_size: 50
num_workers: 4
learning_rate: 0.002
split: val
output_path: data/clevr-cleaned-puzzles/breaking/solver_ir/results.json
clevr_val_ann_path: data/clevr-cleaned-puzzles/breaking/infer/attrnet/predictions.json
clevr_val_img_dir: /home/ubuntu/vdp/data/ns-vqa-data/raw/CLEVR_v1.0/images/val
shuffle_data: 0
use_cat_label: 1
name: breaking
| loading checkpoint from /home/ubuntu/vdp/data/ns-vqa-data/pretrained/attribute_net.pt
clevr_object.py: CLEVR_val_000000.png val 0 0
clevr_object.py: CLEVR_val_000000.png val 0 1
clevr_object.py: CLEVR_val_000000.png val 0 2
clevr_object.py: CLEVR_val_000001.png val 1 3
clevr_object.py: CLEVR_val_000001.png val 1 4
clevr_object.py: CLEVR_val_000001.png val 1 5
clevr_object.py: CLEVR_val_000001.png val 1 6
clevr_object.py: CLEVR_val_000002.png val 2 7
clevr_object.py: CLEVR_val_000002.png val 2 8
clevr_object.py: CLEVR_val_000002.png val 2 9
clevr_object.py: CLEVR_val_000003.png val 3 10
clevr_object.py: CLEVR_val_000003.png val 3 11
clevr_object.py: CLEVR_val_000003.png val 3 12
clevr_object.py: CLEVR_val_000003.png val 3 13
clevr_object.py: CLEVR_val_000004.png val 4 14
clevr_object.py: CLEVR_val_000004.png val 4 15
clevr_object.py: CLEVR_val_000004.png val 4 16
clevr_object.py: CLEVR_val_000005.png val 5 17
clevr_object.py: CLEVR_val_000005.png val 5 18
clevr_object.py: CLEVR_val_000005.png val 5 19
clevr_object.py: CLEVR_val_000005.png val 5 20
21 / 21 objects processed
| saving annotation file to data/clevr-cleaned-puzzles/breaking/solver_ir/results.json


0.json in test
THRESHOLD relate_behind objs = {'id': '0-0', 'position': [1.3657832145690918, 0.17354241013526917, 0.36579397320747375], 'color': 'red', 'material': 'rubber', 'shape': 'sphere', 'size': 'small'}, {'id': '0-1', 'position': [-1.4160192012786865, -0.0837785080075264, 0.3575626015663147], 'color': 'red', 'material': 'rubber', 'shape': 'sphere', 'size': 'small'}
THRESHOLD relate_behind objs = {'id': '0-0', 'position': [1.3657832145690918, 0.17354241013526917, 0.36579397320747375], 'color': 'red', 'material': 'rubber', 'shape': 'sphere', 'size': 'small'}, {'id': '0-2', 'position': [0.02633756399154663, 0.02507680654525757, 0.3568269610404968], 'color': 'yellow', 'material': 'rubber', 'shape': 'cube', 'size': 'small'}
THRESHOLD relate_front objs = {'id': '0-1', 'position': [-1.4160192012786865, -0.0837785080075264, 0.3575626015663147], 'color': 'red', 'material': 'rubber', 'shape': 'sphere', 'size': 'small'}, {'id': '0-0', 'position': [1.3657832145690918, 0.17354241013526917, 0.36579397320747375], 'color': 'red', 'material': 'rubber', 'shape': 'sphere', 'size': 'small'}
THRESHOLD relate_front objs = {'id': '0-1', 'position': [-1.4160192012786865, -0.0837785080075264, 0.3575626015663147], 'color': 'red', 'material': 'rubber', 'shape': 'sphere', 'size': 'small'}, {'id': '0-2', 'position': [0.02633756399154663, 0.02507680654525757, 0.3568269610404968], 'color': 'yellow', 'material': 'rubber', 'shape': 'cube', 'size': 'small'}
THRESHOLD relate_behind objs = {'id': '0-2', 'position': [0.02633756399154663, 0.02507680654525757, 0.3568269610404968], 'color': 'yellow', 'material': 'rubber', 'shape': 'cube', 'size': 'small'}, {'id': '0-1', 'position': [-1.4160192012786865, -0.0837785080075264, 0.3575626015663147], 'color': 'red', 'material': 'rubber', 'shape': 'sphere', 'size': 'small'}
THRESHOLD relate_front objs = {'id': '0-2', 'position': [0.02633756399154663, 0.02507680654525757, 0.3568269610404968], 'color': 'yellow', 'material': 'rubber', 'shape': 'cube', 'size': 'small'}, {'id': '0-0', 'position': [1.3657832145690918, 0.17354241013526917, 0.36579397320747375], 'color': 'red', 'material': 'rubber', 'shape': 'sphere', 'size': 'small'}
1.json in test
THRESHOLD relate_behind objs = {'id': '1-0', 'position': [0.029124870896339417, 0.039635952562093735, 0.35650622844696045], 'color': 'red', 'material': 'rubber', 'shape': 'cube', 'size': 'small'}, {'id': '1-2', 'position': [-1.4158964157104492, -0.16328909993171692, 0.3561725616455078], 'color': 'red', 'material': 'rubber', 'shape': 'sphere', 'size': 'small'}
THRESHOLD relate_front objs = {'id': '1-0', 'position': [0.029124870896339417, 0.039635952562093735, 0.35650622844696045], 'color': 'red', 'material': 'rubber', 'shape': 'cube', 'size': 'small'}, {'id': '1-1', 'position': [2.8761003017425537, 0.28841543197631836, 0.36742183566093445], 'color': 'red', 'material': 'rubber', 'shape': 'sphere', 'size': 'small'}
THRESHOLD relate_front objs = {'id': '1-0', 'position': [0.029124870896339417, 0.039635952562093735, 0.35650622844696045], 'color': 'red', 'material': 'rubber', 'shape': 'cube', 'size': 'small'}, {'id': '1-3', 'position': [1.3869198560714722, 0.2581818103790283, 0.36020493507385254], 'color': 'yellow', 'material': 'rubber', 'shape': 'sphere', 'size': 'small'}
THRESHOLD relate_behind objs = {'id': '1-1', 'position': [2.8761003017425537, 0.28841543197631836, 0.36742183566093445], 'color': 'red', 'material': 'rubber', 'shape': 'sphere', 'size': 'small'}, {'id': '1-0', 'position': [0.029124870896339417, 0.039635952562093735, 0.35650622844696045], 'color': 'red', 'material': 'rubber', 'shape': 'cube', 'size': 'small'}
THRESHOLD relate_behind objs = {'id': '1-1', 'position': [2.8761003017425537, 0.28841543197631836, 0.36742183566093445], 'color': 'red', 'material': 'rubber', 'shape': 'sphere', 'size': 'small'}, {'id': '1-3', 'position': [1.3869198560714722, 0.2581818103790283, 0.36020493507385254], 'color': 'yellow', 'material': 'rubber', 'shape': 'sphere', 'size': 'small'}
THRESHOLD relate_front objs = {'id': '1-2', 'position': [-1.4158964157104492, -0.16328909993171692, 0.3561725616455078], 'color': 'red', 'material': 'rubber', 'shape': 'sphere', 'size': 'small'}, {'id': '1-0', 'position': [0.029124870896339417, 0.039635952562093735, 0.35650622844696045], 'color': 'red', 'material': 'rubber', 'shape': 'cube', 'size': 'small'}
THRESHOLD relate_behind objs = {'id': '1-3', 'position': [1.3869198560714722, 0.2581818103790283, 0.36020493507385254], 'color': 'yellow', 'material': 'rubber', 'shape': 'sphere', 'size': 'small'}, {'id': '1-0', 'position': [0.029124870896339417, 0.039635952562093735, 0.35650622844696045], 'color': 'red', 'material': 'rubber', 'shape': 'cube', 'size': 'small'}
THRESHOLD relate_front objs = {'id': '1-3', 'position': [1.3869198560714722, 0.2581818103790283, 0.36020493507385254], 'color': 'yellow', 'material': 'rubber', 'shape': 'sphere', 'size': 'small'}, {'id': '1-1', 'position': [2.8761003017425537, 0.28841543197631836, 0.36742183566093445], 'color': 'red', 'material': 'rubber', 'shape': 'sphere', 'size': 'small'}
2.json in test
THRESHOLD relate_front objs = {'id': '2-0', 'position': [-1.401387095451355, -0.10581228137016296, 0.35736215114593506], 'color': 'red', 'material': 'rubber', 'shape': 'cube', 'size': 'small'}, {'id': '2-1', 'position': [1.4304600954055786, 0.08801308274269104, 0.36282896995544434], 'color': 'red', 'material': 'rubber', 'shape': 'cube', 'size': 'small'}
THRESHOLD relate_front objs = {'id': '2-0', 'position': [-1.401387095451355, -0.10581228137016296, 0.35736215114593506], 'color': 'red', 'material': 'rubber', 'shape': 'cube', 'size': 'small'}, {'id': '2-2', 'position': [0.04201512411236763, 0.17596346139907837, 0.3550657033920288], 'color': 'yellow', 'material': 'rubber', 'shape': 'sphere', 'size': 'small'}
THRESHOLD relate_behind objs = {'id': '2-1', 'position': [1.4304600954055786, 0.08801308274269104, 0.36282896995544434], 'color': 'red', 'material': 'rubber', 'shape': 'cube', 'size': 'small'}, {'id': '2-0', 'position': [-1.401387095451355, -0.10581228137016296, 0.35736215114593506], 'color': 'red', 'material': 'rubber', 'shape': 'cube', 'size': 'small'}
THRESHOLD relate_front objs = {'id': '2-1', 'position': [1.4304600954055786, 0.08801308274269104, 0.36282896995544434], 'color': 'red', 'material': 'rubber', 'shape': 'cube', 'size': 'small'}, {'id': '2-2', 'position': [0.04201512411236763, 0.17596346139907837, 0.3550657033920288], 'color': 'yellow', 'material': 'rubber', 'shape': 'sphere', 'size': 'small'}
THRESHOLD relate_behind objs = {'id': '2-2', 'position': [0.04201512411236763, 0.17596346139907837, 0.3550657033920288], 'color': 'yellow', 'material': 'rubber', 'shape': 'sphere', 'size': 'small'}, {'id': '2-0', 'position': [-1.401387095451355, -0.10581228137016296, 0.35736215114593506], 'color': 'red', 'material': 'rubber', 'shape': 'cube', 'size': 'small'}
THRESHOLD relate_behind objs = {'id': '2-2', 'position': [0.04201512411236763, 0.17596346139907837, 0.3550657033920288], 'color': 'yellow', 'material': 'rubber', 'shape': 'sphere', 'size': 'small'}, {'id': '2-1', 'position': [1.4304600954055786, 0.08801308274269104, 0.36282896995544434], 'color': 'red', 'material': 'rubber', 'shape': 'cube', 'size': 'small'}
3.json in train
THRESHOLD relate_behind objs = {'id': '3-0', 'position': [0.08579380065202713, 0.025847285985946655, 0.3734677731990814], 'color': 'cyan', 'material': 'rubber', 'shape': 'cylinder', 'size': 'small'}, {'id': '3-1', 'position': [-2.872638702392578, -0.1751801073551178, 0.3515773415565491], 'color': 'red', 'material': 'rubber', 'shape': 'cube', 'size': 'small'}
THRESHOLD relate_behind objs = {'id': '3-0', 'position': [0.08579380065202713, 0.025847285985946655, 0.3734677731990814], 'color': 'cyan', 'material': 'rubber', 'shape': 'cylinder', 'size': 'small'}, {'id': '3-3', 'position': [-1.3997442722320557, -0.09686603397130966, 0.346573144197464], 'color': 'yellow', 'material': 'rubber', 'shape': 'sphere', 'size': 'small'}
THRESHOLD relate_front objs = {'id': '3-0', 'position': [0.08579380065202713, 0.025847285985946655, 0.3734677731990814], 'color': 'cyan', 'material': 'rubber', 'shape': 'cylinder', 'size': 'small'}, {'id': '3-2', 'position': [1.3529824018478394, 0.16267266869544983, 0.36537185311317444], 'color': 'yellow', 'material': 'rubber', 'shape': 'sphere', 'size': 'small'}
THRESHOLD relate_front objs = {'id': '3-1', 'position': [-2.872638702392578, -0.1751801073551178, 0.3515773415565491], 'color': 'red', 'material': 'rubber', 'shape': 'cube', 'size': 'small'}, {'id': '3-0', 'position': [0.08579380065202713, 0.025847285985946655, 0.3734677731990814], 'color': 'cyan', 'material': 'rubber', 'shape': 'cylinder', 'size': 'small'}
THRESHOLD relate_front objs = {'id': '3-1', 'position': [-2.872638702392578, -0.1751801073551178, 0.3515773415565491], 'color': 'red', 'material': 'rubber', 'shape': 'cube', 'size': 'small'}, {'id': '3-2', 'position': [1.3529824018478394, 0.16267266869544983, 0.36537185311317444], 'color': 'yellow', 'material': 'rubber', 'shape': 'sphere', 'size': 'small'}
THRESHOLD relate_front objs = {'id': '3-1', 'position': [-2.872638702392578, -0.1751801073551178, 0.3515773415565491], 'color': 'red', 'material': 'rubber', 'shape': 'cube', 'size': 'small'}, {'id': '3-3', 'position': [-1.3997442722320557, -0.09686603397130966, 0.346573144197464], 'color': 'yellow', 'material': 'rubber', 'shape': 'sphere', 'size': 'small'}
THRESHOLD relate_behind objs = {'id': '3-2', 'position': [1.3529824018478394, 0.16267266869544983, 0.36537185311317444], 'color': 'yellow', 'material': 'rubber', 'shape': 'sphere', 'size': 'small'}, {'id': '3-0', 'position': [0.08579380065202713, 0.025847285985946655, 0.3734677731990814], 'color': 'cyan', 'material': 'rubber', 'shape': 'cylinder', 'size': 'small'}
THRESHOLD relate_behind objs = {'id': '3-2', 'position': [1.3529824018478394, 0.16267266869544983, 0.36537185311317444], 'color': 'yellow', 'material': 'rubber', 'shape': 'sphere', 'size': 'small'}, {'id': '3-1', 'position': [-2.872638702392578, -0.1751801073551178, 0.3515773415565491], 'color': 'red', 'material': 'rubber', 'shape': 'cube', 'size': 'small'}
THRESHOLD relate_behind objs = {'id': '3-2', 'position': [1.3529824018478394, 0.16267266869544983, 0.36537185311317444], 'color': 'yellow', 'material': 'rubber', 'shape': 'sphere', 'size': 'small'}, {'id': '3-3', 'position': [-1.3997442722320557, -0.09686603397130966, 0.346573144197464], 'color': 'yellow', 'material': 'rubber', 'shape': 'sphere', 'size': 'small'}
THRESHOLD relate_behind objs = {'id': '3-3', 'position': [-1.3997442722320557, -0.09686603397130966, 0.346573144197464], 'color': 'yellow', 'material': 'rubber', 'shape': 'sphere', 'size': 'small'}, {'id': '3-1', 'position': [-2.872638702392578, -0.1751801073551178, 0.3515773415565491], 'color': 'red', 'material': 'rubber', 'shape': 'cube', 'size': 'small'}
THRESHOLD relate_front objs = {'id': '3-3', 'position': [-1.3997442722320557, -0.09686603397130966, 0.346573144197464], 'color': 'yellow', 'material': 'rubber', 'shape': 'sphere', 'size': 'small'}, {'id': '3-0', 'position': [0.08579380065202713, 0.025847285985946655, 0.3734677731990814], 'color': 'cyan', 'material': 'rubber', 'shape': 'cylinder', 'size': 'small'}
THRESHOLD relate_front objs = {'id': '3-3', 'position': [-1.3997442722320557, -0.09686603397130966, 0.346573144197464], 'color': 'yellow', 'material': 'rubber', 'shape': 'sphere', 'size': 'small'}, {'id': '3-2', 'position': [1.3529824018478394, 0.16267266869544983, 0.36537185311317444], 'color': 'yellow', 'material': 'rubber', 'shape': 'sphere', 'size': 'small'}
4.json in train
THRESHOLD relate_behind objs = {'id': '4-0', 'position': [2.8573901653289795, 0.21694234013557434, 0.7126572132110596], 'color': 'blue', 'material': 'rubber', 'shape': 'sphere', 'size': 'large'}, {'id': '4-2', 'position': [-0.000417366623878479, -0.014374364167451859, 0.6963833570480347], 'color': 'yellow', 'material': 'rubber', 'shape': 'cylinder', 'size': 'large'}
THRESHOLD relate_front objs = {'id': '4-1', 'position': [-2.8178024291992188, -0.25212883949279785, 0.7063859701156616], 'color': 'blue', 'material': 'rubber', 'shape': 'sphere', 'size': 'large'}, {'id': '4-2', 'position': [-0.000417366623878479, -0.014374364167451859, 0.6963833570480347], 'color': 'yellow', 'material': 'rubber', 'shape': 'cylinder', 'size': 'large'}
THRESHOLD relate_behind objs = {'id': '4-2', 'position': [-0.000417366623878479, -0.014374364167451859, 0.6963833570480347], 'color': 'yellow', 'material': 'rubber', 'shape': 'cylinder', 'size': 'large'}, {'id': '4-1', 'position': [-2.8178024291992188, -0.25212883949279785, 0.7063859701156616], 'color': 'blue', 'material': 'rubber', 'shape': 'sphere', 'size': 'large'}
THRESHOLD relate_front objs = {'id': '4-2', 'position': [-0.000417366623878479, -0.014374364167451859, 0.6963833570480347], 'color': 'yellow', 'material': 'rubber', 'shape': 'cylinder', 'size': 'large'}, {'id': '4-0', 'position': [2.8573901653289795, 0.21694234013557434, 0.7126572132110596], 'color': 'blue', 'material': 'rubber', 'shape': 'sphere', 'size': 'large'}
5.json in train
THRESHOLD relate_behind objs = {'id': '5-0', 'position': [-1.4164930582046509, -0.08131048083305359, 0.35725289583206177], 'color': 'purple', 'material': 'rubber', 'shape': 'sphere', 'size': 'small'}, {'id': '5-2', 'position': [-2.780921697616577, -0.13805946707725525, 0.34893643856048584], 'color': 'red', 'material': 'metal', 'shape': 'cube', 'size': 'small'}
THRESHOLD relate_front objs = {'id': '5-0', 'position': [-1.4164930582046509, -0.08131048083305359, 0.35725289583206177], 'color': 'purple', 'material': 'rubber', 'shape': 'sphere', 'size': 'small'}, {'id': '5-3', 'position': [1.3970377445220947, 0.11712834984064102, 0.37015223503112793], 'color': 'red', 'material': 'metal', 'shape': 'cube', 'size': 'small'}
THRESHOLD relate_behind objs = {'id': '5-1', 'position': [2.820223808288574, 0.3559668958187103, 0.3600645065307617], 'color': 'purple', 'material': 'metal', 'shape': 'sphere', 'size': 'small'}, {'id': '5-3', 'position': [1.3970377445220947, 0.11712834984064102, 0.37015223503112793], 'color': 'red', 'material': 'metal', 'shape': 'cube', 'size': 'small'}
THRESHOLD relate_front objs = {'id': '5-2', 'position': [-2.780921697616577, -0.13805946707725525, 0.34893643856048584], 'color': 'red', 'material': 'metal', 'shape': 'cube', 'size': 'small'}, {'id': '5-0', 'position': [-1.4164930582046509, -0.08131048083305359, 0.35725289583206177], 'color': 'purple', 'material': 'rubber', 'shape': 'sphere', 'size': 'small'}
THRESHOLD relate_front objs = {'id': '5-2', 'position': [-2.780921697616577, -0.13805946707725525, 0.34893643856048584], 'color': 'red', 'material': 'metal', 'shape': 'cube', 'size': 'small'}, {'id': '5-3', 'position': [1.3970377445220947, 0.11712834984064102, 0.37015223503112793], 'color': 'red', 'material': 'metal', 'shape': 'cube', 'size': 'small'}
THRESHOLD relate_behind objs = {'id': '5-3', 'position': [1.3970377445220947, 0.11712834984064102, 0.37015223503112793], 'color': 'red', 'material': 'metal', 'shape': 'cube', 'size': 'small'}, {'id': '5-0', 'position': [-1.4164930582046509, -0.08131048083305359, 0.35725289583206177], 'color': 'purple', 'material': 'rubber', 'shape': 'sphere', 'size': 'small'}
THRESHOLD relate_behind objs = {'id': '5-3', 'position': [1.3970377445220947, 0.11712834984064102, 0.37015223503112793], 'color': 'red', 'material': 'metal', 'shape': 'cube', 'size': 'small'}, {'id': '5-2', 'position': [-2.780921697616577, -0.13805946707725525, 0.34893643856048584], 'color': 'red', 'material': 'metal', 'shape': 'cube', 'size': 'small'}
THRESHOLD relate_front objs = {'id': '5-3', 'position': [1.3970377445220947, 0.11712834984064102, 0.37015223503112793], 'color': 'red', 'material': 'metal', 'shape': 'cube', 'size': 'small'}, {'id': '5-1', 'position': [2.820223808288574, 0.3559668958187103, 0.3600645065307617], 'color': 'purple', 'material': 'metal', 'shape': 'sphere', 'size': 'small'}
