Started Logging. 2022-07-09 22:50:08.286183

found bundled python: /home/ubuntu/vdp-tool-chain/data/blender-2.78c-linux-glibc219-x86_64/2.78/python
read blend: /home/ubuntu/vdp-tool-chain/data/clevr_scene_data/base_scene.blend
convertViewVec: called in an invalid context
convertViewVec: called in an invalid context
convertViewVec: called in an invalid context
Fra:1 Mem:18.18M (0.00M, Peak 18.18M) | Time:00:00.00 | Preparing Scene data
Fra:1 Mem:27.03M (0.00M, Peak 29.18M) | Time:00:00.01 | Preparing Scene data
Fra:1 Mem:27.03M (0.00M, Peak 29.18M) | Time:00:00.01 | Creating Shadowbuffers
Fra:1 Mem:27.03M (0.00M, Peak 29.18M) | Time:00:00.01 | Raytree.. preparing
Fra:1 Mem:36.77M (0.00M, Peak 36.77M) | Time:00:00.02 | Raytree.. building
Fra:1 Mem:36.26M (0.00M, Peak 51.47M) | Time:00:00.17 | Raytree finished
Fra:1 Mem:36.26M (0.00M, Peak 51.47M) | Time:00:00.17 | Creating Environment maps
Fra:1 Mem:36.26M (0.00M, Peak 51.47M) | Time:00:00.17 | Caching Point Densities
Fra:1 Mem:36.26M (0.00M, Peak 51.47M) | Time:00:00.17 | Sce: Scene Ve:74412 Fa:70918 La:1
Fra:1 Mem:36.26M (0.00M, Peak 51.47M) | Time:00:00.17 | Loading voxel datasets
Fra:1 Mem:36.26M (0.00M, Peak 51.47M) | Time:00:00.17 | Sce: Scene Ve:74412 Fa:70918 La:1
Fra:1 Mem:36.26M (0.00M, Peak 51.47M) | Time:00:00.17 | Sce: Scene Ve:74412 Fa:70918 La:1
Fra:1 Mem:36.26M (0.00M, Peak 51.47M) | Time:00:00.17 | Volume preprocessing
Fra:1 Mem:36.26M (0.00M, Peak 51.47M) | Time:00:00.17 | Sce: Scene Ve:74412 Fa:70918 La:1
Fra:1 Mem:36.26M (0.00M, Peak 51.47M) | Time:00:00.17 | Sce: Scene Ve:74412 Fa:70918 La:1
Fra:1 Mem:40.79M (0.00M, Peak 51.47M) | Time:00:00.18 | Scene, Part 4-4
Fra:1 Mem:40.33M (0.00M, Peak 51.47M) | Time:00:00.18 | Scene, Part 3-4
Fra:1 Mem:39.36M (0.00M, Peak 51.47M) | Time:00:00.19 | Scene, Part 2-4
Fra:1 Mem:37.51M (0.00M, Peak 51.47M) | Time:00:00.19 | Scene, Part 1-4
Fra:1 Mem:18.06M (0.00M, Peak 51.47M) | Time:00:00.19 | Sce: Scene Ve:74412 Fa:70918 La:1
Saved: '/tmp/tmpij8h9azd.png'
 Time: 00:00.24 (Saving: 00:00.04)

Fra:1 Mem:18.10M (0.00M, Peak 18.69M) | Time:00:00.05 | Mem:0.00M, Peak:0.00M | Scene, RenderLayer | Synchronizing object | Area
Fra:1 Mem:18.10M (0.00M, Peak 18.69M) | Time:00:00.05 | Mem:0.00M, Peak:0.00M | Scene, RenderLayer | Synchronizing object | Ground
Fra:1 Mem:18.16M (0.00M, Peak 18.69M) | Time:00:00.05 | Mem:0.00M, Peak:0.00M | Scene, RenderLayer | Synchronizing object | Empty
Fra:1 Mem:18.16M (0.00M, Peak 18.69M) | Time:00:00.05 | Mem:0.00M, Peak:0.00M | Scene, RenderLayer | Synchronizing object | Lamp_Back
Fra:1 Mem:18.16M (0.00M, Peak 18.69M) | Time:00:00.05 | Mem:0.00M, Peak:0.00M | Scene, RenderLayer | Synchronizing object | Lamp_Fill
Fra:1 Mem:18.16M (0.00M, Peak 18.69M) | Time:00:00.05 | Mem:0.00M, Peak:0.00M | Scene, RenderLayer | Synchronizing object | Lamp_Key
Fra:1 Mem:18.16M (0.00M, Peak 18.69M) | Time:00:00.05 | Mem:0.00M, Peak:0.00M | Scene, RenderLayer | Synchronizing object | Camera
Fra:1 Mem:18.16M (0.00M, Peak 18.69M) | Time:00:00.05 | Mem:0.00M, Peak:0.00M | Scene, RenderLayer | Synchronizing object | SmoothCube_v2_0
Fra:1 Mem:18.53M (0.00M, Peak 18.88M) | Time:00:00.05 | Mem:0.00M, Peak:0.00M | Scene, RenderLayer | Synchronizing object | SmoothCylinder_0
Fra:1 Mem:21.85M (0.00M, Peak 24.94M) | Time:00:00.06 | Mem:0.00M, Peak:0.00M | Scene, RenderLayer | Synchronizing object | SmoothCylinder_1
Fra:1 Mem:25.17M (0.00M, Peak 28.26M) | Time:00:00.07 | Mem:0.00M, Peak:0.00M | Scene, RenderLayer | Initializing
Fra:1 Mem:25.17M (0.00M, Peak 28.26M) | Time:00:00.07 | Mem:0.00M, Peak:0.00M | Scene, RenderLayer | Loading render kernels (may take a few minutes the first time)
Fra:1 Mem:25.17M (0.00M, Peak 28.26M) | Time:00:00.08 | Mem:0.00M, Peak:0.00M | Scene, RenderLayer | Waiting for render to start
Fra:1 Mem:25.17M (0.00M, Peak 28.26M) | Time:00:00.08 | Mem:0.00M, Peak:0.00M | Scene, RenderLayer | Updating Scene
Fra:1 Mem:25.17M (0.00M, Peak 28.26M) | Time:00:00.08 | Mem:0.00M, Peak:0.00M | Scene, RenderLayer | Updating Shaders
Fra:1 Mem:25.67M (0.00M, Peak 28.26M) | Time:00:00.16 | Mem:0.00M, Peak:0.00M | Scene, RenderLayer | Updating Background
Fra:1 Mem:25.67M (0.00M, Peak 28.26M) | Time:00:00.16 | Mem:0.00M, Peak:0.00M | Scene, RenderLayer | Updating Camera
Fra:1 Mem:25.67M (0.00M, Peak 28.26M) | Time:00:00.16 | Mem:0.00M, Peak:0.00M | Scene, RenderLayer | Updating Meshes Flags
Fra:1 Mem:25.67M (0.00M, Peak 28.26M) | Time:00:00.16 | Mem:0.00M, Peak:0.00M | Scene, RenderLayer | Updating Objects
Fra:1 Mem:25.67M (0.00M, Peak 28.26M) | Time:00:00.16 | Mem:0.00M, Peak:0.00M | Scene, RenderLayer | Updating Objects | Copying Transformations to device
Fra:1 Mem:25.67M (0.00M, Peak 28.26M) | Time:00:00.17 | Mem:0.00M, Peak:0.00M | Scene, RenderLayer | Updating Objects | Applying Static Transformations
Fra:1 Mem:25.67M (0.00M, Peak 28.26M) | Time:00:00.17 | Mem:0.00M, Peak:0.00M | Scene, RenderLayer | Updating Meshes
Fra:1 Mem:27.83M (0.00M, Peak 28.26M) | Time:00:00.17 | Mem:0.00M, Peak:0.00M | Scene, RenderLayer | Updating Mesh | Computing attributes
Fra:1 Mem:28.96M (0.00M, Peak 28.96M) | Time:00:00.17 | Mem:0.00M, Peak:0.00M | Scene, RenderLayer | Updating Mesh | Copying Attributes to device
Fra:1 Mem:28.96M (0.00M, Peak 30.10M) | Time:00:00.17 | Mem:1.14M, Peak:1.14M | Scene, RenderLayer | Updating Scene BVH | Building
Fra:1 Mem:28.96M (0.00M, Peak 30.10M) | Time:00:00.17 | Mem:1.14M, Peak:1.14M | Scene, RenderLayer | Updating Scene BVH | Building BVH
Fra:1 Mem:37.04M (0.00M, Peak 37.04M) | Time:00:00.27 | Mem:1.14M, Peak:1.14M | Scene, RenderLayer | Updating Scene BVH | Packing BVH triangles and strands
Fra:1 Mem:44.57M (0.00M, Peak 44.57M) | Time:00:00.27 | Mem:1.14M, Peak:1.14M | Scene, RenderLayer | Updating Scene BVH | Packing BVH nodes
Fra:1 Mem:40.44M (0.00M, Peak 46.90M) | Time:00:00.28 | Mem:1.14M, Peak:1.14M | Scene, RenderLayer | Updating Scene BVH | Copying BVH to device
Fra:1 Mem:40.98M (0.00M, Peak 46.90M) | Time:00:00.29 | Mem:12.62M, Peak:12.62M | Scene, RenderLayer | Updating Mesh | Computing normals
Fra:1 Mem:45.94M (0.00M, Peak 46.90M) | Time:00:00.29 | Mem:12.62M, Peak:12.62M | Scene, RenderLayer | Updating Mesh | Copying Mesh to device
Fra:1 Mem:45.40M (0.00M, Peak 46.90M) | Time:00:00.29 | Mem:17.57M, Peak:17.57M | Scene, RenderLayer | Updating Objects Flags
Fra:1 Mem:45.40M (0.00M, Peak 46.90M) | Time:00:00.29 | Mem:17.57M, Peak:17.57M | Scene, RenderLayer | Updating Images
Fra:1 Mem:45.40M (0.00M, Peak 46.90M) | Time:00:00.29 | Mem:17.57M, Peak:17.57M | Scene, RenderLayer | Updating Camera Volume
Fra:1 Mem:45.40M (0.00M, Peak 46.90M) | Time:00:00.29 | Mem:17.57M, Peak:17.57M | Scene, RenderLayer | Updating Hair Systems
Fra:1 Mem:45.40M (0.00M, Peak 46.90M) | Time:00:00.29 | Mem:17.57M, Peak:17.57M | Scene, RenderLayer | Updating Hair settings | Copying Hair settings to device
Fra:1 Mem:45.40M (0.00M, Peak 46.90M) | Time:00:00.29 | Mem:17.57M, Peak:17.57M | Scene, RenderLayer | Updating Lookup Tables
Fra:1 Mem:45.40M (0.00M, Peak 46.90M) | Time:00:00.29 | Mem:17.82M, Peak:17.82M | Scene, RenderLayer | Updating Lights
Fra:1 Mem:45.40M (0.00M, Peak 46.90M) | Time:00:00.29 | Mem:17.82M, Peak:17.82M | Scene, RenderLayer | Updating Lights | Computing distribution
Fra:1 Mem:45.40M (0.00M, Peak 46.90M) | Time:00:00.29 | Mem:17.82M, Peak:17.82M | Scene, RenderLayer | Updating Particle Systems
Fra:1 Mem:45.40M (0.00M, Peak 46.90M) | Time:00:00.29 | Mem:17.82M, Peak:17.82M | Scene, RenderLayer | Updating Particle Systems | Copying Particles to device
Fra:1 Mem:45.40M (0.00M, Peak 46.90M) | Time:00:00.29 | Mem:17.82M, Peak:17.82M | Scene, RenderLayer | Updating Integrator
Fra:1 Mem:45.44M (0.00M, Peak 46.90M) | Time:00:00.30 | Mem:17.86M, Peak:17.86M | Scene, RenderLayer | Updating Film
Fra:1 Mem:45.44M (0.00M, Peak 46.90M) | Time:00:00.30 | Mem:17.86M, Peak:17.86M | Scene, RenderLayer | Updating Lookup Tables
Fra:1 Mem:45.44M (0.00M, Peak 46.90M) | Time:00:00.30 | Mem:17.87M, Peak:17.87M | Scene, RenderLayer | Updating Baking
Fra:1 Mem:45.44M (0.00M, Peak 46.90M) | Time:00:00.30 | Mem:17.87M, Peak:17.87M | Scene, RenderLayer | Updating Device | Writing constant memory
Fra:1 Mem:45.44M (0.00M, Peak 46.90M) | Time:00:00.30 | Mem:17.87M, Peak:17.87M | Scene, RenderLayer | Path Tracing Tile 0/4, Sample 0/512
Fra:1 Mem:47.69M (0.00M, Peak 48.94M) | Time:00:00.30 | Mem:20.12M, Peak:20.12M | Scene, RenderLayer | Path Tracing Tile 1/4, Sample 0/512
Fra:1 Mem:47.69M (0.00M, Peak 49.94M) | Time:00:01.30 | Remaining:00:12.23 | Mem:20.12M, Peak:20.12M | Scene, RenderLayer | Path Tracing Tile 1/4, Sample 91/512
Fra:1 Mem:47.69M (0.00M, Peak 49.94M) | Time:00:02.30 | Remaining:00:11.23 | Mem:20.12M, Peak:20.12M | Scene, RenderLayer | Path Tracing Tile 1/4, Sample 182/512
Fra:1 Mem:47.69M (0.00M, Peak 49.94M) | Time:00:03.31 | Remaining:00:10.20 | Mem:20.12M, Peak:20.12M | Scene, RenderLayer | Path Tracing Tile 1/4, Sample 274/512
Fra:1 Mem:47.69M (0.00M, Peak 49.94M) | Time:00:04.32 | Remaining:00:09.20 | Mem:20.12M, Peak:20.12M | Scene, RenderLayer | Path Tracing Tile 1/4, Sample 365/512
Fra:1 Mem:47.69M (0.00M, Peak 49.94M) | Time:00:05.33 | Remaining:00:08.20 | Mem:20.12M, Peak:20.12M | Scene, RenderLayer | Path Tracing Tile 1/4, Sample 456/512
Fra:1 Mem:45.44M (0.00M, Peak 49.94M) | Time:00:05.95 | Remaining:00:07.59 | Mem:17.87M, Peak:20.12M | Scene, RenderLayer | Path Tracing Tile 1/4, Sample 512/512
Fra:1 Mem:47.41M (0.00M, Peak 49.94M) | Time:00:05.95 | Remaining:00:07.60 | Mem:19.84M, Peak:20.12M | Scene, RenderLayer | Path Tracing Tile 2/4, Sample 512/512
Fra:1 Mem:47.41M (0.00M, Peak 49.94M) | Time:00:06.33 | Remaining:00:07.16 | Mem:19.84M, Peak:20.12M | Scene, RenderLayer | Path Tracing Tile 2/4, Sample 42/512
Fra:1 Mem:47.41M (0.00M, Peak 49.94M) | Time:00:07.33 | Remaining:00:06.03 | Mem:19.84M, Peak:20.12M | Scene, RenderLayer | Path Tracing Tile 2/4, Sample 153/512
Fra:1 Mem:47.41M (0.00M, Peak 49.94M) | Time:00:08.33 | Remaining:00:04.94 | Mem:19.84M, Peak:20.12M | Scene, RenderLayer | Path Tracing Tile 2/4, Sample 264/512
Fra:1 Mem:47.41M (0.00M, Peak 49.94M) | Time:00:09.34 | Remaining:00:03.87 | Mem:19.84M, Peak:20.12M | Scene, RenderLayer | Path Tracing Tile 2/4, Sample 375/512
Fra:1 Mem:47.41M (0.00M, Peak 49.94M) | Time:00:10.34 | Remaining:00:02.82 | Mem:19.84M, Peak:20.12M | Scene, RenderLayer | Path Tracing Tile 2/4, Sample 485/512
Fra:1 Mem:45.44M (0.00M, Peak 49.94M) | Time:00:10.59 | Remaining:00:02.57 | Mem:17.87M, Peak:20.12M | Scene, RenderLayer | Path Tracing Tile 2/4, Sample 512/512
Fra:1 Mem:46.01M (0.00M, Peak 49.94M) | Time:00:10.59 | Remaining:00:02.57 | Mem:18.43M, Peak:20.12M | Scene, RenderLayer | Path Tracing Tile 3/4, Sample 512/512
Fra:1 Mem:46.01M (0.00M, Peak 49.94M) | Time:00:11.34 | Remaining:00:02.15 | Mem:18.43M, Peak:20.12M | Scene, RenderLayer | Path Tracing Tile 3/4, Sample 176/512
Fra:1 Mem:46.01M (0.00M, Peak 49.94M) | Time:00:12.34 | Remaining:00:01.56 | Mem:18.43M, Peak:20.12M | Scene, RenderLayer | Path Tracing Tile 3/4, Sample 408/512
Fra:1 Mem:45.44M (0.00M, Peak 49.94M) | Time:00:12.80 | Remaining:00:01.28 | Mem:17.87M, Peak:20.12M | Scene, RenderLayer | Path Tracing Tile 3/4, Sample 512/512
Fra:1 Mem:45.94M (0.00M, Peak 49.94M) | Time:00:12.80 | Remaining:00:01.28 | Mem:18.36M, Peak:20.12M | Scene, RenderLayer | Path Tracing Tile 4/4, Sample 512/512
Fra:1 Mem:45.94M (0.00M, Peak 49.94M) | Time:00:13.34 | Remaining:00:00.95 | Mem:18.36M, Peak:20.12M | Scene, RenderLayer | Path Tracing Tile 4/4, Sample 138/512
Fra:1 Mem:45.94M (0.00M, Peak 49.94M) | Time:00:14.35 | Remaining:00:00.32 | Mem:18.36M, Peak:20.12M | Scene, RenderLayer | Path Tracing Tile 4/4, Sample 388/512
Fra:1 Mem:45.44M (0.00M, Peak 49.94M) | Time:00:14.85 | Mem:17.87M, Peak:20.12M | Scene, RenderLayer | Path Tracing Tile 4/4, Sample 512/512
Fra:1 Mem:45.44M (0.00M, Peak 49.94M) | Time:00:14.85 | Mem:17.87M, Peak:20.12M | Scene, RenderLayer | Finished
Fra:1 Mem:18.34M (0.00M, Peak 49.94M) | Time:00:14.93 | Sce: Scene Ve:0 Fa:0 La:0
Saved: 'data/clevr-cleaned-variants/aphaeresis/fovariant-3/render/images/CLEVR_val_000000.png'
 Time: 00:14.97 (Saving: 00:00.03)

read blend: /home/ubuntu/vdp-tool-chain/data/clevr_scene_data/base_scene.blend
convertViewVec: called in an invalid context
convertViewVec: called in an invalid context
convertViewVec: called in an invalid context
Fra:1 Mem:13.84M (0.00M, Peak 13.84M) | Time:00:00.00 | Preparing Scene data
Fra:1 Mem:18.44M (0.00M, Peak 19.43M) | Time:00:00.00 | Preparing Scene data
Fra:1 Mem:18.44M (0.00M, Peak 19.43M) | Time:00:00.00 | Creating Shadowbuffers
Fra:1 Mem:18.44M (0.00M, Peak 19.43M) | Time:00:00.00 | Raytree.. preparing
Fra:1 Mem:23.35M (0.00M, Peak 23.35M) | Time:00:00.01 | Raytree.. building
Fra:1 Mem:23.09M (0.00M, Peak 30.76M) | Time:00:00.09 | Raytree finished
Fra:1 Mem:23.09M (0.00M, Peak 30.76M) | Time:00:00.09 | Creating Environment maps
Fra:1 Mem:23.09M (0.00M, Peak 30.76M) | Time:00:00.09 | Caching Point Densities
Fra:1 Mem:23.09M (0.00M, Peak 30.76M) | Time:00:00.09 | Sce: Scene Ve:34476 Fa:35712 La:1
Fra:1 Mem:23.09M (0.00M, Peak 30.76M) | Time:00:00.09 | Loading voxel datasets
Fra:1 Mem:23.09M (0.00M, Peak 30.76M) | Time:00:00.09 | Sce: Scene Ve:34476 Fa:35712 La:1
Fra:1 Mem:23.09M (0.00M, Peak 30.76M) | Time:00:00.09 | Sce: Scene Ve:34476 Fa:35712 La:1
Fra:1 Mem:23.09M (0.00M, Peak 30.76M) | Time:00:00.09 | Volume preprocessing
Fra:1 Mem:23.09M (0.00M, Peak 30.76M) | Time:00:00.09 | Sce: Scene Ve:34476 Fa:35712 La:1
Fra:1 Mem:23.09M (0.00M, Peak 30.76M) | Time:00:00.09 | Sce: Scene Ve:34476 Fa:35712 La:1
Fra:1 Mem:27.60M (0.00M, Peak 30.76M) | Time:00:00.09 | Scene, Part 3-4
Fra:1 Mem:27.13M (0.00M, Peak 30.76M) | Time:00:00.09 | Scene, Part 4-4
Fra:1 Mem:26.10M (0.00M, Peak 30.76M) | Time:00:00.10 | Scene, Part 1-4
Fra:1 Mem:24.19M (0.00M, Peak 30.76M) | Time:00:00.11 | Scene, Part 2-4
Fra:1 Mem:13.73M (0.00M, Peak 30.76M) | Time:00:00.11 | Sce: Scene Ve:34476 Fa:35712 La:1
Saved: '/tmp/tmpbahkauc4.png'
 Time: 00:00.13 (Saving: 00:00.01)

Fra:1 Mem:13.76M (0.00M, Peak 14.36M) | Time:00:00.04 | Mem:0.00M, Peak:0.00M | Scene, RenderLayer | Synchronizing object | Area
Fra:1 Mem:13.76M (0.00M, Peak 14.36M) | Time:00:00.04 | Mem:0.00M, Peak:0.00M | Scene, RenderLayer | Synchronizing object | Ground
Fra:1 Mem:13.83M (0.00M, Peak 14.36M) | Time:00:00.05 | Mem:0.00M, Peak:0.00M | Scene, RenderLayer | Synchronizing object | Empty
Fra:1 Mem:13.83M (0.00M, Peak 14.36M) | Time:00:00.05 | Mem:0.00M, Peak:0.00M | Scene, RenderLayer | Synchronizing object | Lamp_Back
Fra:1 Mem:13.83M (0.00M, Peak 14.36M) | Time:00:00.05 | Mem:0.00M, Peak:0.00M | Scene, RenderLayer | Synchronizing object | Lamp_Fill
Fra:1 Mem:13.83M (0.00M, Peak 14.36M) | Time:00:00.05 | Mem:0.00M, Peak:0.00M | Scene, RenderLayer | Synchronizing object | Lamp_Key
Fra:1 Mem:13.83M (0.00M, Peak 14.36M) | Time:00:00.05 | Mem:0.00M, Peak:0.00M | Scene, RenderLayer | Synchronizing object | Camera
Fra:1 Mem:13.83M (0.00M, Peak 14.36M) | Time:00:00.05 | Mem:0.00M, Peak:0.00M | Scene, RenderLayer | Synchronizing object | SmoothCube_v2_0
Fra:1 Mem:14.19M (0.00M, Peak 14.55M) | Time:00:00.05 | Mem:0.00M, Peak:0.00M | Scene, RenderLayer | Synchronizing object | Sphere_0
Fra:1 Mem:15.69M (0.00M, Peak 17.13M) | Time:00:00.05 | Mem:0.00M, Peak:0.00M | Scene, RenderLayer | Synchronizing object | Sphere_1
Fra:1 Mem:17.18M (0.00M, Peak 18.62M) | Time:00:00.06 | Mem:0.00M, Peak:0.00M | Scene, RenderLayer | Initializing
Fra:1 Mem:17.18M (0.00M, Peak 18.62M) | Time:00:00.06 | Mem:0.00M, Peak:0.00M | Scene, RenderLayer | Loading render kernels (may take a few minutes the first time)
Fra:1 Mem:17.18M (0.00M, Peak 19.88M) | Time:00:00.07 | Mem:0.00M, Peak:0.00M | Scene, RenderLayer | Waiting for render to start
Fra:1 Mem:17.18M (0.00M, Peak 19.88M) | Time:00:00.07 | Mem:0.00M, Peak:0.00M | Scene, RenderLayer | Updating Scene
Fra:1 Mem:17.18M (0.00M, Peak 19.88M) | Time:00:00.07 | Mem:0.00M, Peak:0.00M | Scene, RenderLayer | Updating Shaders
Fra:1 Mem:17.44M (0.00M, Peak 19.88M) | Time:00:00.07 | Mem:0.00M, Peak:0.00M | Scene, RenderLayer | Updating Background
Fra:1 Mem:17.44M (0.00M, Peak 19.88M) | Time:00:00.07 | Mem:0.00M, Peak:0.00M | Scene, RenderLayer | Updating Camera
Fra:1 Mem:17.44M (0.00M, Peak 19.88M) | Time:00:00.07 | Mem:0.00M, Peak:0.00M | Scene, RenderLayer | Updating Meshes Flags
Fra:1 Mem:17.44M (0.00M, Peak 19.88M) | Time:00:00.07 | Mem:0.00M, Peak:0.00M | Scene, RenderLayer | Updating Objects
Fra:1 Mem:17.44M (0.00M, Peak 19.88M) | Time:00:00.07 | Mem:0.00M, Peak:0.00M | Scene, RenderLayer | Updating Objects | Copying Transformations to device
Fra:1 Mem:17.44M (0.00M, Peak 19.88M) | Time:00:00.07 | Mem:0.00M, Peak:0.00M | Scene, RenderLayer | Updating Objects | Applying Static Transformations
Fra:1 Mem:17.44M (0.00M, Peak 19.88M) | Time:00:00.07 | Mem:0.00M, Peak:0.00M | Scene, RenderLayer | Updating Meshes
Fra:1 Mem:18.51M (0.00M, Peak 19.88M) | Time:00:00.08 | Mem:0.00M, Peak:0.00M | Scene, RenderLayer | Updating Mesh | Computing attributes
Fra:1 Mem:19.04M (0.00M, Peak 19.88M) | Time:00:00.08 | Mem:0.00M, Peak:0.00M | Scene, RenderLayer | Updating Mesh | Copying Attributes to device
Fra:1 Mem:19.04M (0.00M, Peak 19.88M) | Time:00:00.08 | Mem:0.53M, Peak:0.53M | Scene, RenderLayer | Updating Scene BVH | Building
Fra:1 Mem:19.04M (0.00M, Peak 19.88M) | Time:00:00.08 | Mem:0.53M, Peak:0.53M | Scene, RenderLayer | Updating Scene BVH | Building BVH
Fra:1 Mem:23.07M (0.00M, Peak 23.07M) | Time:00:00.12 | Mem:0.53M, Peak:0.53M | Scene, RenderLayer | Updating Scene BVH | Packing BVH triangles and strands
Fra:1 Mem:26.83M (0.00M, Peak 26.83M) | Time:00:00.12 | Mem:0.53M, Peak:0.53M | Scene, RenderLayer | Updating Scene BVH | Packing BVH nodes
Fra:1 Mem:24.66M (0.00M, Peak 27.88M) | Time:00:00.13 | Mem:0.53M, Peak:0.53M | Scene, RenderLayer | Updating Scene BVH | Copying BVH to device
Fra:1 Mem:24.93M (0.00M, Peak 27.88M) | Time:00:00.13 | Mem:6.15M, Peak:6.15M | Scene, RenderLayer | Updating Mesh | Computing normals
Fra:1 Mem:27.35M (0.00M, Peak 27.88M) | Time:00:00.13 | Mem:6.15M, Peak:6.15M | Scene, RenderLayer | Updating Mesh | Copying Mesh to device
Fra:1 Mem:27.08M (0.00M, Peak 27.88M) | Time:00:00.13 | Mem:8.57M, Peak:8.57M | Scene, RenderLayer | Updating Objects Flags
Fra:1 Mem:27.08M (0.00M, Peak 27.88M) | Time:00:00.13 | Mem:8.57M, Peak:8.57M | Scene, RenderLayer | Updating Images
Fra:1 Mem:27.08M (0.00M, Peak 27.88M) | Time:00:00.13 | Mem:8.57M, Peak:8.57M | Scene, RenderLayer | Updating Camera Volume
Fra:1 Mem:27.08M (0.00M, Peak 27.88M) | Time:00:00.13 | Mem:8.57M, Peak:8.57M | Scene, RenderLayer | Updating Hair Systems
Fra:1 Mem:27.08M (0.00M, Peak 27.88M) | Time:00:00.13 | Mem:8.57M, Peak:8.57M | Scene, RenderLayer | Updating Hair settings | Copying Hair settings to device
Fra:1 Mem:27.08M (0.00M, Peak 27.88M) | Time:00:00.13 | Mem:8.57M, Peak:8.57M | Scene, RenderLayer | Updating Lookup Tables
Fra:1 Mem:27.08M (0.00M, Peak 27.88M) | Time:00:00.13 | Mem:8.82M, Peak:8.82M | Scene, RenderLayer | Updating Lights
Fra:1 Mem:27.08M (0.00M, Peak 27.88M) | Time:00:00.13 | Mem:8.82M, Peak:8.82M | Scene, RenderLayer | Updating Lights | Computing distribution
Fra:1 Mem:27.08M (0.00M, Peak 27.88M) | Time:00:00.13 | Mem:8.82M, Peak:8.82M | Scene, RenderLayer | Updating Particle Systems
Fra:1 Mem:27.08M (0.00M, Peak 27.88M) | Time:00:00.13 | Mem:8.82M, Peak:8.82M | Scene, RenderLayer | Updating Particle Systems | Copying Particles to device
Fra:1 Mem:27.08M (0.00M, Peak 27.88M) | Time:00:00.13 | Mem:8.82M, Peak:8.82M | Scene, RenderLayer | Updating Integrator
Fra:1 Mem:27.12M (0.00M, Peak 27.88M) | Time:00:00.13 | Mem:8.86M, Peak:8.86M | Scene, RenderLayer | Updating Film
Fra:1 Mem:27.13M (0.00M, Peak 27.88M) | Time:00:00.13 | Mem:8.86M, Peak:8.86M | Scene, RenderLayer | Updating Lookup Tables
Fra:1 Mem:27.13M (0.00M, Peak 27.88M) | Time:00:00.13 | Mem:8.87M, Peak:8.87M | Scene, RenderLayer | Updating Baking
Fra:1 Mem:27.13M (0.00M, Peak 27.88M) | Time:00:00.13 | Mem:8.87M, Peak:8.87M | Scene, RenderLayer | Updating Device | Writing constant memory
Fra:1 Mem:27.13M (0.00M, Peak 27.88M) | Time:00:00.13 | Mem:8.87M, Peak:8.87M | Scene, RenderLayer | Path Tracing Tile 0/4, Sample 0/512
Fra:1 Mem:29.38M (0.00M, Peak 30.63M) | Time:00:00.14 | Mem:11.12M, Peak:11.12M | Scene, RenderLayer | Path Tracing Tile 1/4, Sample 0/512
Fra:1 Mem:29.38M (0.00M, Peak 31.63M) | Time:00:01.14 | Remaining:00:12.13 | Mem:11.12M, Peak:11.12M | Scene, RenderLayer | Path Tracing Tile 1/4, Sample 92/512
Fra:1 Mem:29.38M (0.00M, Peak 31.63M) | Time:00:02.14 | Remaining:00:11.09 | Mem:11.12M, Peak:11.12M | Scene, RenderLayer | Path Tracing Tile 1/4, Sample 184/512
Fra:1 Mem:29.38M (0.00M, Peak 31.63M) | Time:00:03.15 | Remaining:00:10.07 | Mem:11.12M, Peak:11.12M | Scene, RenderLayer | Path Tracing Tile 1/4, Sample 276/512
Fra:1 Mem:29.38M (0.00M, Peak 31.63M) | Time:00:04.15 | Remaining:00:09.07 | Mem:11.12M, Peak:11.12M | Scene, RenderLayer | Path Tracing Tile 1/4, Sample 368/512
Fra:1 Mem:29.38M (0.00M, Peak 31.63M) | Time:00:05.16 | Remaining:00:08.08 | Mem:11.12M, Peak:11.12M | Scene, RenderLayer | Path Tracing Tile 1/4, Sample 460/512
Fra:1 Mem:27.13M (0.00M, Peak 31.63M) | Time:00:05.73 | Remaining:00:07.52 | Mem:8.87M, Peak:11.12M | Scene, RenderLayer | Path Tracing Tile 1/4, Sample 512/512
Fra:1 Mem:29.09M (0.00M, Peak 31.63M) | Time:00:05.73 | Remaining:00:07.52 | Mem:10.84M, Peak:11.12M | Scene, RenderLayer | Path Tracing Tile 2/4, Sample 512/512
Fra:1 Mem:29.09M (0.00M, Peak 31.63M) | Time:00:06.17 | Remaining:00:07.13 | Mem:10.84M, Peak:11.12M | Scene, RenderLayer | Path Tracing Tile 2/4, Sample 43/512
Fra:1 Mem:29.09M (0.00M, Peak 31.63M) | Time:00:07.17 | Remaining:00:06.21 | Mem:10.84M, Peak:11.12M | Scene, RenderLayer | Path Tracing Tile 2/4, Sample 143/512
Fra:1 Mem:29.09M (0.00M, Peak 31.63M) | Time:00:08.17 | Remaining:00:05.27 | Mem:10.84M, Peak:11.12M | Scene, RenderLayer | Path Tracing Tile 2/4, Sample 243/512
Fra:1 Mem:29.09M (0.00M, Peak 31.63M) | Time:00:09.18 | Remaining:00:04.32 | Mem:10.84M, Peak:11.12M | Scene, RenderLayer | Path Tracing Tile 2/4, Sample 343/512
Fra:1 Mem:29.09M (0.00M, Peak 31.63M) | Time:00:10.18 | Remaining:00:03.36 | Mem:10.84M, Peak:11.12M | Scene, RenderLayer | Path Tracing Tile 2/4, Sample 442/512
Fra:1 Mem:27.13M (0.00M, Peak 31.63M) | Time:00:10.89 | Remaining:00:02.68 | Mem:8.87M, Peak:11.12M | Scene, RenderLayer | Path Tracing Tile 2/4, Sample 512/512
Fra:1 Mem:27.69M (0.00M, Peak 31.63M) | Time:00:10.90 | Remaining:00:02.69 | Mem:9.43M, Peak:11.12M | Scene, RenderLayer | Path Tracing Tile 3/4, Sample 512/512
Fra:1 Mem:27.69M (0.00M, Peak 31.63M) | Time:00:11.18 | Remaining:00:02.52 | Mem:9.43M, Peak:11.12M | Scene, RenderLayer | Path Tracing Tile 3/4, Sample 67/512
Fra:1 Mem:27.69M (0.00M, Peak 31.63M) | Time:00:12.18 | Remaining:00:01.91 | Mem:9.43M, Peak:11.12M | Scene, RenderLayer | Path Tracing Tile 3/4, Sample 301/512
Fra:1 Mem:27.13M (0.00M, Peak 31.63M) | Time:00:13.09 | Remaining:00:01.33 | Mem:8.87M, Peak:11.12M | Scene, RenderLayer | Path Tracing Tile 3/4, Sample 512/512
Fra:1 Mem:27.62M (0.00M, Peak 31.63M) | Time:00:13.09 | Remaining:00:01.33 | Mem:9.36M, Peak:11.12M | Scene, RenderLayer | Path Tracing Tile 4/4, Sample 512/512
Fra:1 Mem:27.62M (0.00M, Peak 31.63M) | Time:00:13.19 | Remaining:00:01.27 | Mem:9.36M, Peak:11.12M | Scene, RenderLayer | Path Tracing Tile 4/4, Sample 23/512
Fra:1 Mem:27.62M (0.00M, Peak 31.63M) | Time:00:14.19 | Remaining:00:00.63 | Mem:9.36M, Peak:11.12M | Scene, RenderLayer | Path Tracing Tile 4/4, Sample 275/512
Fra:1 Mem:27.13M (0.00M, Peak 31.63M) | Time:00:15.13 | Mem:8.87M, Peak:11.12M | Scene, RenderLayer | Path Tracing Tile 4/4, Sample 512/512
Fra:1 Mem:27.13M (0.00M, Peak 31.63M) | Time:00:15.13 | Mem:8.87M, Peak:11.12M | Scene, RenderLayer | Finished
Fra:1 Mem:13.76M (0.00M, Peak 31.63M) | Time:00:15.21 | Sce: Scene Ve:0 Fa:0 La:0
Saved: 'data/clevr-cleaned-variants/aphaeresis/fovariant-3/render/images/CLEVR_val_000001.png'
 Time: 00:15.25 (Saving: 00:00.03)

read blend: /home/ubuntu/vdp-tool-chain/data/clevr_scene_data/base_scene.blend
convertViewVec: called in an invalid context
convertViewVec: called in an invalid context
convertViewVec: called in an invalid context
convertViewVec: called in an invalid context
Fra:1 Mem:22.74M (0.00M, Peak 22.74M) | Time:00:00.00 | Preparing Scene data
Fra:1 Mem:35.68M (0.00M, Peak 37.83M) | Time:00:00.03 | Preparing Scene data
Fra:1 Mem:35.68M (0.00M, Peak 37.83M) | Time:00:00.03 | Creating Shadowbuffers
Fra:1 Mem:35.68M (0.00M, Peak 37.83M) | Time:00:00.03 | Raytree.. preparing
Fra:1 Mem:49.98M (0.00M, Peak 49.98M) | Time:00:00.04 | Raytree.. building
Fra:1 Mem:49.22M (0.00M, Peak 71.53M) | Time:00:00.27 | Raytree finished
Fra:1 Mem:49.22M (0.00M, Peak 71.53M) | Time:00:00.27 | Creating Environment maps
Fra:1 Mem:49.22M (0.00M, Peak 71.53M) | Time:00:00.27 | Caching Point Densities
Fra:1 Mem:49.22M (0.00M, Peak 71.53M) | Time:00:00.27 | Sce: Scene Ve:109742 Fa:104072 La:1
Fra:1 Mem:49.22M (0.00M, Peak 71.53M) | Time:00:00.27 | Loading voxel datasets
Fra:1 Mem:49.22M (0.00M, Peak 71.53M) | Time:00:00.27 | Sce: Scene Ve:109742 Fa:104072 La:1
Fra:1 Mem:49.22M (0.00M, Peak 71.53M) | Time:00:00.27 | Sce: Scene Ve:109742 Fa:104072 La:1
Fra:1 Mem:49.22M (0.00M, Peak 71.53M) | Time:00:00.27 | Volume preprocessing
Fra:1 Mem:49.22M (0.00M, Peak 71.53M) | Time:00:00.27 | Sce: Scene Ve:109742 Fa:104072 La:1
Fra:1 Mem:49.22M (0.00M, Peak 71.53M) | Time:00:00.27 | Sce: Scene Ve:109742 Fa:104072 La:1
Fra:1 Mem:53.57M (0.00M, Peak 71.53M) | Time:00:00.28 | Scene, Part 3-4
Fra:1 Mem:53.25M (0.00M, Peak 71.53M) | Time:00:00.28 | Scene, Part 4-4
Fra:1 Mem:52.32M (0.00M, Peak 71.53M) | Time:00:00.28 | Scene, Part 2-4
Fra:1 Mem:50.47M (0.00M, Peak 71.53M) | Time:00:00.29 | Scene, Part 1-4
Fra:1 Mem:22.59M (0.00M, Peak 71.53M) | Time:00:00.29 | Sce: Scene Ve:109742 Fa:104072 La:1
Saved: '/tmp/tmp3p73ikbj.png'
 Time: 00:00.31 (Saving: 00:00.01)

Fra:1 Mem:22.63M (0.00M, Peak 23.22M) | Time:00:00.04 | Mem:0.00M, Peak:0.00M | Scene, RenderLayer | Synchronizing object | Area
Fra:1 Mem:22.63M (0.00M, Peak 23.22M) | Time:00:00.04 | Mem:0.00M, Peak:0.00M | Scene, RenderLayer | Synchronizing object | Ground
Fra:1 Mem:22.69M (0.00M, Peak 23.22M) | Time:00:00.05 | Mem:0.00M, Peak:0.00M | Scene, RenderLayer | Synchronizing object | Empty
Fra:1 Mem:22.69M (0.00M, Peak 23.22M) | Time:00:00.05 | Mem:0.00M, Peak:0.00M | Scene, RenderLayer | Synchronizing object | Lamp_Back
Fra:1 Mem:22.69M (0.00M, Peak 23.22M) | Time:00:00.05 | Mem:0.00M, Peak:0.00M | Scene, RenderLayer | Synchronizing object | Lamp_Fill
Fra:1 Mem:22.69M (0.00M, Peak 23.22M) | Time:00:00.05 | Mem:0.00M, Peak:0.00M | Scene, RenderLayer | Synchronizing object | Lamp_Key
Fra:1 Mem:22.69M (0.00M, Peak 23.22M) | Time:00:00.05 | Mem:0.00M, Peak:0.00M | Scene, RenderLayer | Synchronizing object | Camera
Fra:1 Mem:22.69M (0.00M, Peak 23.22M) | Time:00:00.05 | Mem:0.00M, Peak:0.00M | Scene, RenderLayer | Synchronizing object | SmoothCylinder_0
Fra:1 Mem:26.01M (0.00M, Peak 29.10M) | Time:00:00.06 | Mem:0.00M, Peak:0.00M | Scene, RenderLayer | Synchronizing object | SmoothCube_v2_0
Fra:1 Mem:26.38M (0.00M, Peak 29.10M) | Time:00:00.06 | Mem:0.00M, Peak:0.00M | Scene, RenderLayer | Synchronizing object | SmoothCylinder_1
Fra:1 Mem:29.70M (0.00M, Peak 32.79M) | Time:00:00.07 | Mem:0.00M, Peak:0.00M | Scene, RenderLayer | Synchronizing object | SmoothCylinder_2
Fra:1 Mem:33.02M (0.00M, Peak 36.11M) | Time:00:00.08 | Mem:0.00M, Peak:0.00M | Scene, RenderLayer | Initializing
Fra:1 Mem:33.02M (0.00M, Peak 36.11M) | Time:00:00.08 | Mem:0.00M, Peak:0.00M | Scene, RenderLayer | Loading render kernels (may take a few minutes the first time)
Fra:1 Mem:33.02M (0.00M, Peak 36.11M) | Time:00:00.10 | Mem:0.00M, Peak:0.00M | Scene, RenderLayer | Waiting for render to start
Fra:1 Mem:33.02M (0.00M, Peak 36.11M) | Time:00:00.10 | Mem:0.00M, Peak:0.00M | Scene, RenderLayer | Updating Scene
Fra:1 Mem:33.02M (0.00M, Peak 36.11M) | Time:00:00.10 | Mem:0.00M, Peak:0.00M | Scene, RenderLayer | Updating Shaders
Fra:1 Mem:33.28M (0.00M, Peak 36.11M) | Time:00:00.10 | Mem:0.00M, Peak:0.00M | Scene, RenderLayer | Updating Background
Fra:1 Mem:33.28M (0.00M, Peak 36.11M) | Time:00:00.10 | Mem:0.00M, Peak:0.00M | Scene, RenderLayer | Updating Camera
Fra:1 Mem:33.28M (0.00M, Peak 36.11M) | Time:00:00.10 | Mem:0.00M, Peak:0.00M | Scene, RenderLayer | Updating Meshes Flags
Fra:1 Mem:33.28M (0.00M, Peak 36.11M) | Time:00:00.10 | Mem:0.00M, Peak:0.00M | Scene, RenderLayer | Updating Objects
Fra:1 Mem:33.28M (0.00M, Peak 36.11M) | Time:00:00.10 | Mem:0.00M, Peak:0.00M | Scene, RenderLayer | Updating Objects | Copying Transformations to device
Fra:1 Mem:33.28M (0.00M, Peak 36.11M) | Time:00:00.10 | Mem:0.00M, Peak:0.00M | Scene, RenderLayer | Updating Objects | Applying Static Transformations
Fra:1 Mem:33.28M (0.00M, Peak 36.11M) | Time:00:00.10 | Mem:0.00M, Peak:0.00M | Scene, RenderLayer | Updating Meshes
Fra:1 Mem:36.44M (0.00M, Peak 36.44M) | Time:00:00.11 | Mem:0.00M, Peak:0.00M | Scene, RenderLayer | Updating Mesh | Computing attributes
Fra:1 Mem:38.11M (0.00M, Peak 38.11M) | Time:00:00.11 | Mem:0.00M, Peak:0.00M | Scene, RenderLayer | Updating Mesh | Copying Attributes to device
Fra:1 Mem:38.11M (0.00M, Peak 39.79M) | Time:00:00.11 | Mem:1.68M, Peak:1.68M | Scene, RenderLayer | Updating Scene BVH | Building
Fra:1 Mem:38.11M (0.00M, Peak 39.79M) | Time:00:00.11 | Mem:1.68M, Peak:1.68M | Scene, RenderLayer | Updating Scene BVH | Building BVH
Fra:1 Mem:49.97M (0.00M, Peak 49.97M) | Time:00:00.26 | Mem:1.68M, Peak:1.68M | Scene, RenderLayer | Updating Scene BVH | Packing BVH triangles and strands
Fra:1 Mem:61.03M (0.00M, Peak 61.03M) | Time:00:00.27 | Mem:1.68M, Peak:1.68M | Scene, RenderLayer | Updating Scene BVH | Packing BVH nodes
Fra:1 Mem:54.96M (0.00M, Peak 64.45M) | Time:00:00.28 | Mem:1.68M, Peak:1.68M | Scene, RenderLayer | Updating Scene BVH | Copying BVH to device
Fra:1 Mem:55.75M (0.00M, Peak 64.45M) | Time:00:00.29 | Mem:18.53M, Peak:18.53M | Scene, RenderLayer | Updating Mesh | Computing normals
Fra:1 Mem:63.03M (0.00M, Peak 64.45M) | Time:00:00.29 | Mem:18.53M, Peak:18.53M | Scene, RenderLayer | Updating Mesh | Copying Mesh to device
Fra:1 Mem:62.24M (0.00M, Peak 64.45M) | Time:00:00.30 | Mem:25.80M, Peak:25.80M | Scene, RenderLayer | Updating Objects Flags
Fra:1 Mem:62.24M (0.00M, Peak 64.45M) | Time:00:00.30 | Mem:25.80M, Peak:25.80M | Scene, RenderLayer | Updating Images
Fra:1 Mem:62.24M (0.00M, Peak 64.45M) | Time:00:00.30 | Mem:25.80M, Peak:25.80M | Scene, RenderLayer | Updating Camera Volume
Fra:1 Mem:62.24M (0.00M, Peak 64.45M) | Time:00:00.30 | Mem:25.80M, Peak:25.80M | Scene, RenderLayer | Updating Hair Systems
Fra:1 Mem:62.24M (0.00M, Peak 64.45M) | Time:00:00.30 | Mem:25.80M, Peak:25.80M | Scene, RenderLayer | Updating Hair settings | Copying Hair settings to device
Fra:1 Mem:62.24M (0.00M, Peak 64.45M) | Time:00:00.30 | Mem:25.80M, Peak:25.80M | Scene, RenderLayer | Updating Lookup Tables
Fra:1 Mem:62.24M (0.00M, Peak 64.45M) | Time:00:00.30 | Mem:26.05M, Peak:26.05M | Scene, RenderLayer | Updating Lights
Fra:1 Mem:62.24M (0.00M, Peak 64.45M) | Time:00:00.30 | Mem:26.05M, Peak:26.05M | Scene, RenderLayer | Updating Lights | Computing distribution
Fra:1 Mem:62.24M (0.00M, Peak 64.45M) | Time:00:00.30 | Mem:26.05M, Peak:26.05M | Scene, RenderLayer | Updating Particle Systems
Fra:1 Mem:62.24M (0.00M, Peak 64.45M) | Time:00:00.30 | Mem:26.05M, Peak:26.05M | Scene, RenderLayer | Updating Particle Systems | Copying Particles to device
Fra:1 Mem:62.24M (0.00M, Peak 64.45M) | Time:00:00.30 | Mem:26.05M, Peak:26.05M | Scene, RenderLayer | Updating Integrator
Fra:1 Mem:62.28M (0.00M, Peak 64.45M) | Time:00:00.30 | Mem:26.09M, Peak:26.09M | Scene, RenderLayer | Updating Film
Fra:1 Mem:62.28M (0.00M, Peak 64.45M) | Time:00:00.30 | Mem:26.09M, Peak:26.09M | Scene, RenderLayer | Updating Lookup Tables
Fra:1 Mem:62.28M (0.00M, Peak 64.45M) | Time:00:00.30 | Mem:26.10M, Peak:26.10M | Scene, RenderLayer | Updating Baking
Fra:1 Mem:62.28M (0.00M, Peak 64.45M) | Time:00:00.30 | Mem:26.10M, Peak:26.10M | Scene, RenderLayer | Updating Device | Writing constant memory
Fra:1 Mem:62.28M (0.00M, Peak 64.45M) | Time:00:00.30 | Mem:26.10M, Peak:26.10M | Scene, RenderLayer | Path Tracing Tile 0/4, Sample 0/512
Fra:1 Mem:64.53M (0.00M, Peak 65.78M) | Time:00:00.30 | Mem:28.35M, Peak:28.35M | Scene, RenderLayer | Path Tracing Tile 1/4, Sample 0/512
Fra:1 Mem:64.53M (0.00M, Peak 66.78M) | Time:00:01.31 | Remaining:00:10.77 | Mem:28.35M, Peak:28.35M | Scene, RenderLayer | Path Tracing Tile 1/4, Sample 103/512
Fra:1 Mem:64.53M (0.00M, Peak 66.78M) | Time:00:02.31 | Remaining:00:09.73 | Mem:28.35M, Peak:28.35M | Scene, RenderLayer | Path Tracing Tile 1/4, Sample 206/512
Fra:1 Mem:64.53M (0.00M, Peak 66.78M) | Time:00:03.32 | Remaining:00:08.72 | Mem:28.35M, Peak:28.35M | Scene, RenderLayer | Path Tracing Tile 1/4, Sample 309/512
Fra:1 Mem:64.53M (0.00M, Peak 66.78M) | Time:00:04.32 | Remaining:00:07.73 | Mem:28.35M, Peak:28.35M | Scene, RenderLayer | Path Tracing Tile 1/4, Sample 411/512
Fra:1 Mem:62.28M (0.00M, Peak 66.78M) | Time:00:05.32 | Remaining:00:06.75 | Mem:26.10M, Peak:28.35M | Scene, RenderLayer | Path Tracing Tile 1/4, Sample 512/512
Fra:1 Mem:64.25M (0.00M, Peak 66.78M) | Time:00:05.32 | Remaining:00:06.75 | Mem:28.07M, Peak:28.35M | Scene, RenderLayer | Path Tracing Tile 2/4, Sample 512/512
Fra:1 Mem:64.25M (0.00M, Peak 66.78M) | Time:00:05.33 | Remaining:00:06.74 | Mem:28.07M, Peak:28.35M | Scene, RenderLayer | Path Tracing Tile 2/4, Sample 1/512
Fra:1 Mem:64.25M (0.00M, Peak 66.78M) | Time:00:06.34 | Remaining:00:05.64 | Mem:28.07M, Peak:28.35M | Scene, RenderLayer | Path Tracing Tile 2/4, Sample 124/512
Fra:1 Mem:64.25M (0.00M, Peak 66.78M) | Time:00:07.35 | Remaining:00:04.56 | Mem:28.07M, Peak:28.35M | Scene, RenderLayer | Path Tracing Tile 2/4, Sample 247/512
Fra:1 Mem:64.25M (0.00M, Peak 66.78M) | Time:00:08.35 | Remaining:00:03.52 | Mem:28.07M, Peak:28.35M | Scene, RenderLayer | Path Tracing Tile 2/4, Sample 369/512
Fra:1 Mem:64.25M (0.00M, Peak 66.78M) | Time:00:09.35 | Remaining:00:02.49 | Mem:28.07M, Peak:28.35M | Scene, RenderLayer | Path Tracing Tile 2/4, Sample 490/512
Fra:1 Mem:62.28M (0.00M, Peak 66.78M) | Time:00:09.54 | Remaining:00:02.30 | Mem:26.10M, Peak:28.35M | Scene, RenderLayer | Path Tracing Tile 2/4, Sample 512/512
Fra:1 Mem:62.84M (0.00M, Peak 66.78M) | Time:00:09.54 | Remaining:00:02.30 | Mem:26.66M, Peak:28.35M | Scene, RenderLayer | Path Tracing Tile 3/4, Sample 512/512
Fra:1 Mem:62.84M (0.00M, Peak 66.78M) | Time:00:10.35 | Remaining:00:01.90 | Mem:26.66M, Peak:28.35M | Scene, RenderLayer | Path Tracing Tile 3/4, Sample 195/512
Fra:1 Mem:62.84M (0.00M, Peak 66.78M) | Time:00:11.35 | Remaining:00:01.36 | Mem:26.66M, Peak:28.35M | Scene, RenderLayer | Path Tracing Tile 3/4, Sample 432/512
Fra:1 Mem:62.28M (0.00M, Peak 66.78M) | Time:00:11.69 | Remaining:00:01.17 | Mem:26.10M, Peak:28.35M | Scene, RenderLayer | Path Tracing Tile 3/4, Sample 512/512
Fra:1 Mem:62.77M (0.00M, Peak 66.78M) | Time:00:11.69 | Remaining:00:01.17 | Mem:26.59M, Peak:28.35M | Scene, RenderLayer | Path Tracing Tile 4/4, Sample 512/512
Fra:1 Mem:62.77M (0.00M, Peak 66.78M) | Time:00:12.35 | Remaining:00:00.80 | Mem:26.59M, Peak:28.35M | Scene, RenderLayer | Path Tracing Tile 4/4, Sample 170/512
Fra:1 Mem:62.77M (0.00M, Peak 66.78M) | Time:00:13.36 | Remaining:00:00.20 | Mem:26.59M, Peak:28.35M | Scene, RenderLayer | Path Tracing Tile 4/4, Sample 426/512
Fra:1 Mem:62.28M (0.00M, Peak 66.78M) | Time:00:13.69 | Mem:26.10M, Peak:28.35M | Scene, RenderLayer | Path Tracing Tile 4/4, Sample 512/512
Fra:1 Mem:62.28M (0.00M, Peak 66.78M) | Time:00:13.69 | Mem:26.10M, Peak:28.35M | Scene, RenderLayer | Finished
Fra:1 Mem:22.62M (0.00M, Peak 66.78M) | Time:00:13.78 | Sce: Scene Ve:0 Fa:0 La:0
Saved: 'data/clevr-cleaned-variants/aphaeresis/fovariant-3/render/images/CLEVR_val_000002.png'
 Time: 00:13.82 (Saving: 00:00.03)

read blend: /home/ubuntu/vdp-tool-chain/data/clevr_scene_data/base_scene.blend
convertViewVec: called in an invalid context
convertViewVec: called in an invalid context
convertViewVec: called in an invalid context
Fra:1 Mem:18.46M (0.00M, Peak 18.46M) | Time:00:00.00 | Preparing Scene data
Fra:1 Mem:27.32M (0.00M, Peak 29.47M) | Time:00:00.02 | Preparing Scene data
Fra:1 Mem:27.32M (0.00M, Peak 29.47M) | Time:00:00.02 | Creating Shadowbuffers
Fra:1 Mem:27.32M (0.00M, Peak 29.47M) | Time:00:00.02 | Raytree.. preparing
Fra:1 Mem:37.06M (0.00M, Peak 37.06M) | Time:00:00.02 | Raytree.. building
Fra:1 Mem:36.55M (0.00M, Peak 51.75M) | Time:00:00.18 | Raytree finished
Fra:1 Mem:36.55M (0.00M, Peak 51.75M) | Time:00:00.18 | Creating Environment maps
Fra:1 Mem:36.55M (0.00M, Peak 51.75M) | Time:00:00.18 | Caching Point Densities
Fra:1 Mem:36.55M (0.00M, Peak 51.75M) | Time:00:00.18 | Sce: Scene Ve:74412 Fa:70919 La:1
Fra:1 Mem:36.55M (0.00M, Peak 51.75M) | Time:00:00.18 | Loading voxel datasets
Fra:1 Mem:36.55M (0.00M, Peak 51.75M) | Time:00:00.18 | Sce: Scene Ve:74412 Fa:70919 La:1
Fra:1 Mem:36.55M (0.00M, Peak 51.75M) | Time:00:00.18 | Sce: Scene Ve:74412 Fa:70919 La:1
Fra:1 Mem:36.55M (0.00M, Peak 51.75M) | Time:00:00.18 | Volume preprocessing
Fra:1 Mem:36.55M (0.00M, Peak 51.75M) | Time:00:00.18 | Sce: Scene Ve:74412 Fa:70919 La:1
Fra:1 Mem:36.55M (0.00M, Peak 51.75M) | Time:00:00.18 | Sce: Scene Ve:74412 Fa:70919 La:1
Fra:1 Mem:40.89M (0.00M, Peak 51.75M) | Time:00:00.19 | Scene, Part 3-4
Fra:1 Mem:40.58M (0.00M, Peak 51.75M) | Time:00:00.19 | Scene, Part 4-4
Fra:1 Mem:39.55M (0.00M, Peak 51.75M) | Time:00:00.20 | Scene, Part 1-4
Fra:1 Mem:37.64M (0.00M, Peak 51.75M) | Time:00:00.20 | Scene, Part 2-4
Fra:1 Mem:18.35M (0.00M, Peak 51.75M) | Time:00:00.21 | Sce: Scene Ve:74412 Fa:70919 La:1
Saved: '/tmp/tmpa9xdpmf7.png'
 Time: 00:00.22 (Saving: 00:00.01)

Fra:1 Mem:18.38M (0.00M, Peak 18.98M) | Time:00:00.04 | Mem:0.00M, Peak:0.00M | Scene, RenderLayer | Synchronizing object | Area
Fra:1 Mem:18.38M (0.00M, Peak 18.98M) | Time:00:00.04 | Mem:0.00M, Peak:0.00M | Scene, RenderLayer | Synchronizing object | Ground
Fra:1 Mem:18.45M (0.00M, Peak 18.98M) | Time:00:00.05 | Mem:0.00M, Peak:0.00M | Scene, RenderLayer | Synchronizing object | Empty
Fra:1 Mem:18.45M (0.00M, Peak 18.98M) | Time:00:00.05 | Mem:0.00M, Peak:0.00M | Scene, RenderLayer | Synchronizing object | Lamp_Back
Fra:1 Mem:18.45M (0.00M, Peak 18.98M) | Time:00:00.05 | Mem:0.00M, Peak:0.00M | Scene, RenderLayer | Synchronizing object | Lamp_Fill
Fra:1 Mem:18.45M (0.00M, Peak 18.98M) | Time:00:00.05 | Mem:0.00M, Peak:0.00M | Scene, RenderLayer | Synchronizing object | Lamp_Key
Fra:1 Mem:18.45M (0.00M, Peak 18.98M) | Time:00:00.05 | Mem:0.00M, Peak:0.00M | Scene, RenderLayer | Synchronizing object | Camera
Fra:1 Mem:18.45M (0.00M, Peak 18.98M) | Time:00:00.05 | Mem:0.00M, Peak:0.00M | Scene, RenderLayer | Synchronizing object | SmoothCube_v2_0
Fra:1 Mem:18.81M (0.00M, Peak 19.17M) | Time:00:00.05 | Mem:0.00M, Peak:0.00M | Scene, RenderLayer | Synchronizing object | SmoothCylinder_0
Fra:1 Mem:21.60M (0.00M, Peak 24.82M) | Time:00:00.06 | Mem:0.00M, Peak:0.00M | Scene, RenderLayer | Synchronizing object | SmoothCylinder_1
Fra:1 Mem:24.38M (0.00M, Peak 27.60M) | Time:00:00.07 | Mem:0.00M, Peak:0.00M | Scene, RenderLayer | Initializing
Fra:1 Mem:24.38M (0.00M, Peak 27.60M) | Time:00:00.07 | Mem:0.00M, Peak:0.00M | Scene, RenderLayer | Loading render kernels (may take a few minutes the first time)
Fra:1 Mem:24.38M (0.00M, Peak 27.60M) | Time:00:00.08 | Mem:0.00M, Peak:0.00M | Scene, RenderLayer | Waiting for render to start
Fra:1 Mem:24.38M (0.00M, Peak 27.60M) | Time:00:00.08 | Mem:0.00M, Peak:0.00M | Scene, RenderLayer | Updating Scene
Fra:1 Mem:24.38M (0.00M, Peak 27.60M) | Time:00:00.08 | Mem:0.00M, Peak:0.00M | Scene, RenderLayer | Updating Shaders
Fra:1 Mem:24.63M (0.00M, Peak 27.60M) | Time:00:00.08 | Mem:0.00M, Peak:0.00M | Scene, RenderLayer | Updating Background
Fra:1 Mem:24.63M (0.00M, Peak 27.60M) | Time:00:00.08 | Mem:0.00M, Peak:0.00M | Scene, RenderLayer | Updating Camera
Fra:1 Mem:24.63M (0.00M, Peak 27.60M) | Time:00:00.08 | Mem:0.00M, Peak:0.00M | Scene, RenderLayer | Updating Meshes Flags
Fra:1 Mem:24.63M (0.00M, Peak 27.60M) | Time:00:00.08 | Mem:0.00M, Peak:0.00M | Scene, RenderLayer | Updating Objects
Fra:1 Mem:24.63M (0.00M, Peak 27.60M) | Time:00:00.08 | Mem:0.00M, Peak:0.00M | Scene, RenderLayer | Updating Objects | Copying Transformations to device
Fra:1 Mem:24.63M (0.00M, Peak 27.60M) | Time:00:00.08 | Mem:0.00M, Peak:0.00M | Scene, RenderLayer | Updating Objects | Applying Static Transformations
Fra:1 Mem:24.63M (0.00M, Peak 27.60M) | Time:00:00.08 | Mem:0.00M, Peak:0.00M | Scene, RenderLayer | Updating Meshes
Fra:1 Mem:26.78M (0.00M, Peak 27.60M) | Time:00:00.09 | Mem:0.00M, Peak:0.00M | Scene, RenderLayer | Updating Mesh | Computing attributes
Fra:1 Mem:26.84M (0.00M, Peak 27.60M) | Time:00:00.09 | Mem:0.00M, Peak:0.00M | Scene, RenderLayer | Updating Mesh | Copying Attributes to device
Fra:1 Mem:26.84M (0.00M, Peak 27.60M) | Time:00:00.09 | Mem:0.06M, Peak:0.06M | Scene, RenderLayer | Updating Scene BVH | Building
Fra:1 Mem:26.84M (0.00M, Peak 27.60M) | Time:00:00.09 | Mem:0.06M, Peak:0.06M | Scene, RenderLayer | Updating Scene BVH | Building BVH
Fra:1 Mem:34.92M (0.00M, Peak 34.92M) | Time:00:00.18 | Mem:0.06M, Peak:0.06M | Scene, RenderLayer | Updating Scene BVH | Packing BVH triangles and strands
Fra:1 Mem:42.45M (0.00M, Peak 42.45M) | Time:00:00.19 | Mem:0.06M, Peak:0.06M | Scene, RenderLayer | Updating Scene BVH | Packing BVH nodes
Fra:1 Mem:38.32M (0.00M, Peak 44.78M) | Time:00:00.20 | Mem:0.06M, Peak:0.06M | Scene, RenderLayer | Updating Scene BVH | Copying BVH to device
Fra:1 Mem:38.85M (0.00M, Peak 44.78M) | Time:00:00.20 | Mem:11.53M, Peak:11.53M | Scene, RenderLayer | Updating Mesh | Computing normals
Fra:1 Mem:43.81M (0.00M, Peak 44.78M) | Time:00:00.21 | Mem:11.53M, Peak:11.53M | Scene, RenderLayer | Updating Mesh | Copying Mesh to device
Fra:1 Mem:43.27M (0.00M, Peak 44.78M) | Time:00:00.21 | Mem:16.49M, Peak:16.49M | Scene, RenderLayer | Updating Objects Flags
Fra:1 Mem:43.27M (0.00M, Peak 44.78M) | Time:00:00.21 | Mem:16.49M, Peak:16.49M | Scene, RenderLayer | Updating Images
Fra:1 Mem:43.27M (0.00M, Peak 44.78M) | Time:00:00.21 | Mem:16.49M, Peak:16.49M | Scene, RenderLayer | Updating Camera Volume
Fra:1 Mem:43.27M (0.00M, Peak 44.78M) | Time:00:00.21 | Mem:16.49M, Peak:16.49M | Scene, RenderLayer | Updating Hair Systems
Fra:1 Mem:43.27M (0.00M, Peak 44.78M) | Time:00:00.21 | Mem:16.49M, Peak:16.49M | Scene, RenderLayer | Updating Hair settings | Copying Hair settings to device
Fra:1 Mem:43.27M (0.00M, Peak 44.78M) | Time:00:00.21 | Mem:16.49M, Peak:16.49M | Scene, RenderLayer | Updating Lookup Tables
Fra:1 Mem:43.27M (0.00M, Peak 44.78M) | Time:00:00.21 | Mem:16.74M, Peak:16.74M | Scene, RenderLayer | Updating Lights
Fra:1 Mem:43.27M (0.00M, Peak 44.78M) | Time:00:00.21 | Mem:16.74M, Peak:16.74M | Scene, RenderLayer | Updating Lights | Computing distribution
Fra:1 Mem:43.27M (0.00M, Peak 44.78M) | Time:00:00.21 | Mem:16.74M, Peak:16.74M | Scene, RenderLayer | Updating Particle Systems
Fra:1 Mem:43.27M (0.00M, Peak 44.78M) | Time:00:00.21 | Mem:16.74M, Peak:16.74M | Scene, RenderLayer | Updating Particle Systems | Copying Particles to device
Fra:1 Mem:43.27M (0.00M, Peak 44.78M) | Time:00:00.21 | Mem:16.74M, Peak:16.74M | Scene, RenderLayer | Updating Integrator
Fra:1 Mem:43.31M (0.00M, Peak 44.78M) | Time:00:00.21 | Mem:16.78M, Peak:16.78M | Scene, RenderLayer | Updating Film
Fra:1 Mem:43.31M (0.00M, Peak 44.78M) | Time:00:00.21 | Mem:16.78M, Peak:16.78M | Scene, RenderLayer | Updating Lookup Tables
Fra:1 Mem:43.31M (0.00M, Peak 44.78M) | Time:00:00.21 | Mem:16.78M, Peak:16.78M | Scene, RenderLayer | Updating Baking
Fra:1 Mem:43.31M (0.00M, Peak 44.78M) | Time:00:00.21 | Mem:16.78M, Peak:16.78M | Scene, RenderLayer | Updating Device | Writing constant memory
Fra:1 Mem:43.31M (0.00M, Peak 44.78M) | Time:00:00.21 | Mem:16.78M, Peak:16.78M | Scene, RenderLayer | Path Tracing Tile 0/4, Sample 0/512
Fra:1 Mem:45.56M (0.00M, Peak 46.82M) | Time:00:00.21 | Mem:19.03M, Peak:19.03M | Scene, RenderLayer | Path Tracing Tile 1/4, Sample 0/512
Fra:1 Mem:45.56M (0.00M, Peak 47.82M) | Time:00:01.21 | Remaining:00:12.24 | Mem:19.03M, Peak:19.03M | Scene, RenderLayer | Path Tracing Tile 1/4, Sample 91/512
Fra:1 Mem:45.56M (0.00M, Peak 47.82M) | Time:00:02.22 | Remaining:00:11.22 | Mem:19.03M, Peak:19.03M | Scene, RenderLayer | Path Tracing Tile 1/4, Sample 182/512
Fra:1 Mem:45.56M (0.00M, Peak 47.82M) | Time:00:03.23 | Remaining:00:10.19 | Mem:19.03M, Peak:19.03M | Scene, RenderLayer | Path Tracing Tile 1/4, Sample 274/512
Fra:1 Mem:45.56M (0.00M, Peak 47.82M) | Time:00:04.23 | Remaining:00:09.19 | Mem:19.03M, Peak:19.03M | Scene, RenderLayer | Path Tracing Tile 1/4, Sample 365/512
Fra:1 Mem:45.56M (0.00M, Peak 47.82M) | Time:00:05.23 | Remaining:00:08.19 | Mem:19.03M, Peak:19.03M | Scene, RenderLayer | Path Tracing Tile 1/4, Sample 456/512
Fra:1 Mem:43.31M (0.00M, Peak 47.82M) | Time:00:05.85 | Remaining:00:07.58 | Mem:16.78M, Peak:19.03M | Scene, RenderLayer | Path Tracing Tile 1/4, Sample 512/512
Fra:1 Mem:45.28M (0.00M, Peak 47.82M) | Time:00:05.86 | Remaining:00:07.58 | Mem:18.75M, Peak:19.03M | Scene, RenderLayer | Path Tracing Tile 2/4, Sample 512/512
Fra:1 Mem:45.28M (0.00M, Peak 47.82M) | Time:00:06.24 | Remaining:00:07.17 | Mem:18.75M, Peak:19.03M | Scene, RenderLayer | Path Tracing Tile 2/4, Sample 41/512
Fra:1 Mem:45.28M (0.00M, Peak 47.82M) | Time:00:07.25 | Remaining:00:06.12 | Mem:18.75M, Peak:19.03M | Scene, RenderLayer | Path Tracing Tile 2/4, Sample 148/512
Fra:1 Mem:45.28M (0.00M, Peak 47.82M) | Time:00:08.25 | Remaining:00:05.08 | Mem:18.75M, Peak:19.03M | Scene, RenderLayer | Path Tracing Tile 2/4, Sample 255/512
Fra:1 Mem:45.28M (0.00M, Peak 47.82M) | Time:00:09.26 | Remaining:00:04.05 | Mem:18.75M, Peak:19.03M | Scene, RenderLayer | Path Tracing Tile 2/4, Sample 362/512
Fra:1 Mem:45.28M (0.00M, Peak 47.82M) | Time:00:10.26 | Remaining:00:03.03 | Mem:18.75M, Peak:19.03M | Scene, RenderLayer | Path Tracing Tile 2/4, Sample 468/512
Fra:1 Mem:43.31M (0.00M, Peak 47.82M) | Time:00:10.68 | Remaining:00:02.61 | Mem:16.78M, Peak:19.03M | Scene, RenderLayer | Path Tracing Tile 2/4, Sample 512/512
Fra:1 Mem:43.88M (0.00M, Peak 47.82M) | Time:00:10.68 | Remaining:00:02.61 | Mem:17.35M, Peak:19.03M | Scene, RenderLayer | Path Tracing Tile 3/4, Sample 512/512
Fra:1 Mem:43.88M (0.00M, Peak 47.82M) | Time:00:11.26 | Remaining:00:02.29 | Mem:17.35M, Peak:19.03M | Scene, RenderLayer | Path Tracing Tile 3/4, Sample 136/512
Fra:1 Mem:43.88M (0.00M, Peak 47.82M) | Time:00:12.27 | Remaining:00:01.69 | Mem:17.35M, Peak:19.03M | Scene, RenderLayer | Path Tracing Tile 3/4, Sample 369/512
Fra:1 Mem:43.31M (0.00M, Peak 47.82M) | Time:00:12.89 | Remaining:00:01.30 | Mem:16.78M, Peak:19.03M | Scene, RenderLayer | Path Tracing Tile 3/4, Sample 512/512
Fra:1 Mem:43.81M (0.00M, Peak 47.82M) | Time:00:12.89 | Remaining:00:01.30 | Mem:17.28M, Peak:19.03M | Scene, RenderLayer | Path Tracing Tile 4/4, Sample 512/512
Fra:1 Mem:43.81M (0.00M, Peak 47.82M) | Time:00:13.27 | Remaining:00:01.07 | Mem:17.28M, Peak:19.03M | Scene, RenderLayer | Path Tracing Tile 4/4, Sample 95/512
Fra:1 Mem:43.81M (0.00M, Peak 47.82M) | Time:00:14.27 | Remaining:00:00.44 | Mem:17.28M, Peak:19.03M | Scene, RenderLayer | Path Tracing Tile 4/4, Sample 344/512
Fra:1 Mem:43.31M (0.00M, Peak 47.82M) | Time:00:14.95 | Mem:16.78M, Peak:19.03M | Scene, RenderLayer | Path Tracing Tile 4/4, Sample 512/512
Fra:1 Mem:43.31M (0.00M, Peak 47.82M) | Time:00:14.95 | Mem:16.78M, Peak:19.03M | Scene, RenderLayer | Finished
Fra:1 Mem:18.38M (0.00M, Peak 47.82M) | Time:00:15.04 | Sce: Scene Ve:0 Fa:0 La:0
Saved: 'data/clevr-cleaned-variants/aphaeresis/fovariant-3/render/images/CLEVR_val_000003.png'
 Time: 00:15.08 (Saving: 00:00.03)

read blend: /home/ubuntu/vdp-tool-chain/data/clevr_scene_data/base_scene.blend
convertViewVec: called in an invalid context
convertViewVec: called in an invalid context
convertViewVec: called in an invalid context
convertViewVec: called in an invalid context
Fra:1 Mem:22.76M (0.00M, Peak 22.76M) | Time:00:00.00 | Preparing Scene data
Fra:1 Mem:35.70M (0.00M, Peak 37.85M) | Time:00:00.03 | Preparing Scene data
Fra:1 Mem:35.70M (0.00M, Peak 37.85M) | Time:00:00.03 | Creating Shadowbuffers
Fra:1 Mem:35.70M (0.00M, Peak 37.85M) | Time:00:00.03 | Raytree.. preparing
Fra:1 Mem:49.99M (0.00M, Peak 49.99M) | Time:00:00.04 | Raytree.. building
Fra:1 Mem:49.24M (0.00M, Peak 71.55M) | Time:00:00.30 | Raytree finished
Fra:1 Mem:49.24M (0.00M, Peak 71.55M) | Time:00:00.30 | Creating Environment maps
Fra:1 Mem:49.24M (0.00M, Peak 71.55M) | Time:00:00.30 | Caching Point Densities
Fra:1 Mem:49.24M (0.00M, Peak 71.55M) | Time:00:00.30 | Sce: Scene Ve:109742 Fa:104075 La:1
Fra:1 Mem:49.24M (0.00M, Peak 71.55M) | Time:00:00.30 | Loading voxel datasets
Fra:1 Mem:49.24M (0.00M, Peak 71.55M) | Time:00:00.30 | Sce: Scene Ve:109742 Fa:104075 La:1
Fra:1 Mem:49.24M (0.00M, Peak 71.55M) | Time:00:00.30 | Sce: Scene Ve:109742 Fa:104075 La:1
Fra:1 Mem:49.24M (0.00M, Peak 71.55M) | Time:00:00.30 | Volume preprocessing
Fra:1 Mem:49.24M (0.00M, Peak 71.55M) | Time:00:00.30 | Sce: Scene Ve:109742 Fa:104075 La:1
Fra:1 Mem:49.24M (0.00M, Peak 71.55M) | Time:00:00.30 | Sce: Scene Ve:109742 Fa:104075 La:1
Fra:1 Mem:53.31M (0.00M, Peak 71.55M) | Time:00:00.32 | Scene, Part 3-4
Fra:1 Mem:53.27M (0.00M, Peak 71.55M) | Time:00:00.32 | Scene, Part 4-4
Fra:1 Mem:52.24M (0.00M, Peak 71.55M) | Time:00:00.32 | Scene, Part 1-4
Fra:1 Mem:50.34M (0.00M, Peak 71.55M) | Time:00:00.34 | Scene, Part 2-4
Fra:1 Mem:22.61M (0.00M, Peak 71.55M) | Time:00:00.35 | Sce: Scene Ve:109742 Fa:104075 La:1
Saved: '/tmp/tmp7t17jw5z.png'
 Time: 00:00.39 (Saving: 00:00.03)

Fra:1 Mem:22.64M (0.00M, Peak 23.24M) | Time:00:00.13 | Mem:0.00M, Peak:0.00M | Scene, RenderLayer | Synchronizing object | Area
Fra:1 Mem:22.64M (0.00M, Peak 23.24M) | Time:00:00.13 | Mem:0.00M, Peak:0.00M | Scene, RenderLayer | Synchronizing object | Ground
Fra:1 Mem:22.71M (0.00M, Peak 23.24M) | Time:00:00.13 | Mem:0.00M, Peak:0.00M | Scene, RenderLayer | Synchronizing object | Empty
Fra:1 Mem:22.71M (0.00M, Peak 23.24M) | Time:00:00.13 | Mem:0.00M, Peak:0.00M | Scene, RenderLayer | Synchronizing object | Lamp_Back
Fra:1 Mem:22.71M (0.00M, Peak 23.24M) | Time:00:00.13 | Mem:0.00M, Peak:0.00M | Scene, RenderLayer | Synchronizing object | Lamp_Fill
Fra:1 Mem:22.71M (0.00M, Peak 23.24M) | Time:00:00.13 | Mem:0.00M, Peak:0.00M | Scene, RenderLayer | Synchronizing object | Lamp_Key
Fra:1 Mem:22.71M (0.00M, Peak 23.24M) | Time:00:00.13 | Mem:0.00M, Peak:0.00M | Scene, RenderLayer | Synchronizing object | Camera
Fra:1 Mem:22.71M (0.00M, Peak 23.24M) | Time:00:00.13 | Mem:0.00M, Peak:0.00M | Scene, RenderLayer | Synchronizing object | SmoothCube_v2_0
Fra:1 Mem:23.08M (0.00M, Peak 23.43M) | Time:00:00.13 | Mem:0.00M, Peak:0.00M | Scene, RenderLayer | Synchronizing object | SmoothCylinder_0
Fra:1 Mem:25.86M (0.00M, Peak 29.08M) | Time:00:00.15 | Mem:0.00M, Peak:0.00M | Scene, RenderLayer | Synchronizing object | SmoothCylinder_1
Fra:1 Mem:29.18M (0.00M, Peak 32.26M) | Time:00:00.18 | Mem:0.00M, Peak:0.00M | Scene, RenderLayer | Synchronizing object | SmoothCylinder_2
Fra:1 Mem:32.50M (0.00M, Peak 35.58M) | Time:00:00.21 | Mem:0.00M, Peak:0.00M | Scene, RenderLayer | Initializing
Fra:1 Mem:32.50M (0.00M, Peak 35.58M) | Time:00:00.21 | Mem:0.00M, Peak:0.00M | Scene, RenderLayer | Loading render kernels (may take a few minutes the first time)
Fra:1 Mem:32.50M (0.00M, Peak 35.58M) | Time:00:00.25 | Mem:0.00M, Peak:0.00M | Scene, RenderLayer | Waiting for render to start
Fra:1 Mem:32.50M (0.00M, Peak 35.58M) | Time:00:00.25 | Mem:0.00M, Peak:0.00M | Scene, RenderLayer | Updating Scene
Fra:1 Mem:32.50M (0.00M, Peak 35.58M) | Time:00:00.25 | Mem:0.00M, Peak:0.00M | Scene, RenderLayer | Updating Shaders
Fra:1 Mem:32.75M (0.00M, Peak 35.58M) | Time:00:00.25 | Mem:0.00M, Peak:0.00M | Scene, RenderLayer | Updating Background
Fra:1 Mem:32.75M (0.00M, Peak 35.58M) | Time:00:00.25 | Mem:0.00M, Peak:0.00M | Scene, RenderLayer | Updating Camera
Fra:1 Mem:32.75M (0.00M, Peak 35.58M) | Time:00:00.25 | Mem:0.00M, Peak:0.00M | Scene, RenderLayer | Updating Meshes Flags
Fra:1 Mem:32.75M (0.00M, Peak 35.58M) | Time:00:00.25 | Mem:0.00M, Peak:0.00M | Scene, RenderLayer | Updating Objects
Fra:1 Mem:32.75M (0.00M, Peak 35.58M) | Time:00:00.25 | Mem:0.00M, Peak:0.00M | Scene, RenderLayer | Updating Objects | Copying Transformations to device
Fra:1 Mem:32.75M (0.00M, Peak 35.58M) | Time:00:00.26 | Mem:0.00M, Peak:0.00M | Scene, RenderLayer | Updating Objects | Applying Static Transformations
Fra:1 Mem:32.75M (0.00M, Peak 35.58M) | Time:00:00.26 | Mem:0.00M, Peak:0.00M | Scene, RenderLayer | Updating Meshes
Fra:1 Mem:35.91M (0.00M, Peak 35.91M) | Time:00:00.28 | Mem:0.00M, Peak:0.00M | Scene, RenderLayer | Updating Mesh | Computing attributes
Fra:1 Mem:37.05M (0.00M, Peak 37.05M) | Time:00:00.28 | Mem:0.00M, Peak:0.00M | Scene, RenderLayer | Updating Mesh | Copying Attributes to device
Fra:1 Mem:37.05M (0.00M, Peak 38.19M) | Time:00:00.28 | Mem:1.14M, Peak:1.14M | Scene, RenderLayer | Updating Scene BVH | Building
Fra:1 Mem:37.05M (0.00M, Peak 38.19M) | Time:00:00.28 | Mem:1.14M, Peak:1.14M | Scene, RenderLayer | Updating Scene BVH | Building BVH
Fra:1 Mem:48.90M (0.00M, Peak 48.90M) | Time:00:00.56 | Mem:1.14M, Peak:1.14M | Scene, RenderLayer | Updating Scene BVH | Building BVH 70%, duplicates 0%
Fra:1 Mem:48.90M (0.00M, Peak 48.90M) | Time:00:00.60 | Mem:1.14M, Peak:1.14M | Scene, RenderLayer | Updating Scene BVH | Packing BVH triangles and strands
Fra:1 Mem:59.97M (0.00M, Peak 59.97M) | Time:00:00.61 | Mem:1.14M, Peak:1.14M | Scene, RenderLayer | Updating Scene BVH | Packing BVH nodes
Fra:1 Mem:53.90M (0.00M, Peak 63.39M) | Time:00:00.63 | Mem:1.14M, Peak:1.14M | Scene, RenderLayer | Updating Scene BVH | Copying BVH to device
Fra:1 Mem:54.69M (0.00M, Peak 63.39M) | Time:00:00.63 | Mem:17.99M, Peak:17.99M | Scene, RenderLayer | Updating Mesh | Computing normals
Fra:1 Mem:61.97M (0.00M, Peak 63.39M) | Time:00:00.64 | Mem:17.99M, Peak:17.99M | Scene, RenderLayer | Updating Mesh | Copying Mesh to device
Fra:1 Mem:61.18M (0.00M, Peak 63.39M) | Time:00:00.64 | Mem:25.27M, Peak:25.27M | Scene, RenderLayer | Updating Objects Flags
Fra:1 Mem:61.18M (0.00M, Peak 63.39M) | Time:00:00.64 | Mem:25.27M, Peak:25.27M | Scene, RenderLayer | Updating Images
Fra:1 Mem:61.18M (0.00M, Peak 63.39M) | Time:00:00.64 | Mem:25.27M, Peak:25.27M | Scene, RenderLayer | Updating Camera Volume
Fra:1 Mem:61.18M (0.00M, Peak 63.39M) | Time:00:00.64 | Mem:25.27M, Peak:25.27M | Scene, RenderLayer | Updating Hair Systems
Fra:1 Mem:61.18M (0.00M, Peak 63.39M) | Time:00:00.64 | Mem:25.27M, Peak:25.27M | Scene, RenderLayer | Updating Hair settings | Copying Hair settings to device
Fra:1 Mem:61.18M (0.00M, Peak 63.39M) | Time:00:00.64 | Mem:25.27M, Peak:25.27M | Scene, RenderLayer | Updating Lookup Tables
Fra:1 Mem:61.18M (0.00M, Peak 63.39M) | Time:00:00.64 | Mem:25.52M, Peak:25.52M | Scene, RenderLayer | Updating Lights
Fra:1 Mem:61.18M (0.00M, Peak 63.39M) | Time:00:00.64 | Mem:25.52M, Peak:25.52M | Scene, RenderLayer | Updating Lights | Computing distribution
Fra:1 Mem:61.18M (0.00M, Peak 63.39M) | Time:00:00.64 | Mem:25.52M, Peak:25.52M | Scene, RenderLayer | Updating Particle Systems
Fra:1 Mem:61.18M (0.00M, Peak 63.39M) | Time:00:00.64 | Mem:25.52M, Peak:25.52M | Scene, RenderLayer | Updating Particle Systems | Copying Particles to device
Fra:1 Mem:61.18M (0.00M, Peak 63.39M) | Time:00:00.64 | Mem:25.52M, Peak:25.52M | Scene, RenderLayer | Updating Integrator
Fra:1 Mem:61.22M (0.00M, Peak 63.39M) | Time:00:00.64 | Mem:25.56M, Peak:25.56M | Scene, RenderLayer | Updating Film
Fra:1 Mem:61.22M (0.00M, Peak 63.39M) | Time:00:00.64 | Mem:25.56M, Peak:25.56M | Scene, RenderLayer | Updating Lookup Tables
Fra:1 Mem:61.22M (0.00M, Peak 63.39M) | Time:00:00.64 | Mem:25.56M, Peak:25.56M | Scene, RenderLayer | Updating Baking
Fra:1 Mem:61.22M (0.00M, Peak 63.39M) | Time:00:00.64 | Mem:25.56M, Peak:25.56M | Scene, RenderLayer | Updating Device | Writing constant memory
Fra:1 Mem:61.22M (0.00M, Peak 63.39M) | Time:00:00.64 | Mem:25.56M, Peak:25.56M | Scene, RenderLayer | Path Tracing Tile 0/4, Sample 0/512
Fra:1 Mem:63.47M (0.00M, Peak 64.72M) | Time:00:00.65 | Mem:27.81M, Peak:27.81M | Scene, RenderLayer | Path Tracing Tile 1/4, Sample 0/512
Fra:1 Mem:63.47M (0.00M, Peak 65.72M) | Time:00:01.65 | Remaining:00:11.15 | Mem:27.81M, Peak:27.81M | Scene, RenderLayer | Path Tracing Tile 1/4, Sample 99/512
Fra:1 Mem:63.47M (0.00M, Peak 65.72M) | Time:00:02.65 | Remaining:00:10.14 | Mem:27.81M, Peak:27.81M | Scene, RenderLayer | Path Tracing Tile 1/4, Sample 198/512
Fra:1 Mem:63.47M (0.00M, Peak 65.72M) | Time:00:03.65 | Remaining:00:09.14 | Mem:27.81M, Peak:27.81M | Scene, RenderLayer | Path Tracing Tile 1/4, Sample 297/512
Fra:1 Mem:63.47M (0.00M, Peak 65.72M) | Time:00:04.65 | Remaining:00:08.14 | Mem:27.81M, Peak:27.81M | Scene, RenderLayer | Path Tracing Tile 1/4, Sample 396/512
Fra:1 Mem:63.47M (0.00M, Peak 65.72M) | Time:00:05.66 | Remaining:00:07.14 | Mem:27.81M, Peak:27.81M | Scene, RenderLayer | Path Tracing Tile 1/4, Sample 495/512
Fra:1 Mem:61.22M (0.00M, Peak 65.72M) | Time:00:05.84 | Remaining:00:06.98 | Mem:25.56M, Peak:27.81M | Scene, RenderLayer | Path Tracing Tile 1/4, Sample 512/512
Fra:1 Mem:63.19M (0.00M, Peak 65.72M) | Time:00:05.84 | Remaining:00:06.98 | Mem:27.53M, Peak:27.81M | Scene, RenderLayer | Path Tracing Tile 2/4, Sample 512/512
Fra:1 Mem:63.19M (0.00M, Peak 65.72M) | Time:00:06.67 | Remaining:00:06.19 | Mem:27.53M, Peak:27.81M | Scene, RenderLayer | Path Tracing Tile 2/4, Sample 91/512
Fra:1 Mem:63.19M (0.00M, Peak 65.72M) | Time:00:07.67 | Remaining:00:05.23 | Mem:27.53M, Peak:27.81M | Scene, RenderLayer | Path Tracing Tile 2/4, Sample 201/512
Fra:1 Mem:63.19M (0.00M, Peak 65.72M) | Time:00:08.67 | Remaining:00:04.25 | Mem:27.53M, Peak:27.81M | Scene, RenderLayer | Path Tracing Tile 2/4, Sample 311/512
Fra:1 Mem:63.19M (0.00M, Peak 65.72M) | Time:00:09.68 | Remaining:00:03.28 | Mem:27.53M, Peak:27.81M | Scene, RenderLayer | Path Tracing Tile 2/4, Sample 421/512
Fra:1 Mem:61.22M (0.00M, Peak 65.72M) | Time:00:10.52 | Remaining:00:02.46 | Mem:25.56M, Peak:27.81M | Scene, RenderLayer | Path Tracing Tile 2/4, Sample 512/512
Fra:1 Mem:61.78M (0.00M, Peak 65.72M) | Time:00:10.52 | Remaining:00:02.46 | Mem:26.12M, Peak:27.81M | Scene, RenderLayer | Path Tracing Tile 3/4, Sample 512/512
Fra:1 Mem:61.78M (0.00M, Peak 65.72M) | Time:00:10.68 | Remaining:00:02.38 | Mem:26.12M, Peak:27.81M | Scene, RenderLayer | Path Tracing Tile 3/4, Sample 38/512
Fra:1 Mem:61.78M (0.00M, Peak 65.72M) | Time:00:11.69 | Remaining:00:01.83 | Mem:26.12M, Peak:27.81M | Scene, RenderLayer | Path Tracing Tile 3/4, Sample 275/512
Fra:1 Mem:61.78M (0.00M, Peak 65.72M) | Time:00:12.69 | Remaining:00:01.24 | Mem:26.12M, Peak:27.81M | Scene, RenderLayer | Path Tracing Tile 3/4, Sample 510/512
Fra:1 Mem:61.22M (0.00M, Peak 65.72M) | Time:00:12.70 | Remaining:00:01.24 | Mem:25.56M, Peak:27.81M | Scene, RenderLayer | Path Tracing Tile 3/4, Sample 512/512
Fra:1 Mem:61.71M (0.00M, Peak 65.72M) | Time:00:12.70 | Remaining:00:01.24 | Mem:26.05M, Peak:27.81M | Scene, RenderLayer | Path Tracing Tile 4/4, Sample 512/512
Fra:1 Mem:61.71M (0.00M, Peak 65.72M) | Time:00:13.69 | Remaining:00:00.65 | Mem:26.05M, Peak:27.81M | Scene, RenderLayer | Path Tracing Tile 4/4, Sample 249/512
Fra:1 Mem:61.71M (0.00M, Peak 65.72M) | Time:00:14.69 | Remaining:00:00.03 | Mem:26.05M, Peak:27.81M | Scene, RenderLayer | Path Tracing Tile 4/4, Sample 499/512
Fra:1 Mem:61.22M (0.00M, Peak 65.72M) | Time:00:14.74 | Mem:25.56M, Peak:27.81M | Scene, RenderLayer | Path Tracing Tile 4/4, Sample 512/512
Fra:1 Mem:61.22M (0.00M, Peak 65.72M) | Time:00:14.74 | Mem:25.56M, Peak:27.81M | Scene, RenderLayer | Finished
Fra:1 Mem:22.64M (0.00M, Peak 65.72M) | Time:00:14.83 | Sce: Scene Ve:0 Fa:0 La:0
Saved: 'data/clevr-cleaned-variants/aphaeresis/fovariant-3/render/images/CLEVR_val_000004.png'
 Time: 00:14.87 (Saving: 00:00.03)

read blend: /home/ubuntu/vdp-tool-chain/data/clevr_scene_data/base_scene.blend
convertViewVec: called in an invalid context
convertViewVec: called in an invalid context
Fra:1 Mem:14.19M (0.00M, Peak 14.19M) | Time:00:00.00 | Preparing Scene data
Fra:1 Mem:18.96M (0.00M, Peak 21.11M) | Time:00:00.01 | Preparing Scene data
Fra:1 Mem:18.96M (0.00M, Peak 21.11M) | Time:00:00.01 | Creating Shadowbuffers
Fra:1 Mem:18.96M (0.00M, Peak 21.11M) | Time:00:00.01 | Raytree.. preparing
Fra:1 Mem:24.14M (0.00M, Peak 24.14M) | Time:00:00.01 | Raytree.. building
Fra:1 Mem:23.87M (0.00M, Peak 31.98M) | Time:00:00.09 | Raytree finished
Fra:1 Mem:23.87M (0.00M, Peak 31.98M) | Time:00:00.09 | Creating Environment maps
Fra:1 Mem:23.87M (0.00M, Peak 31.98M) | Time:00:00.09 | Caching Point Densities
Fra:1 Mem:23.87M (0.00M, Peak 31.98M) | Time:00:00.09 | Sce: Scene Ve:39082 Fa:37767 La:1
Fra:1 Mem:23.87M (0.00M, Peak 31.98M) | Time:00:00.09 | Loading voxel datasets
Fra:1 Mem:23.87M (0.00M, Peak 31.98M) | Time:00:00.09 | Sce: Scene Ve:39082 Fa:37767 La:1
Fra:1 Mem:23.87M (0.00M, Peak 31.98M) | Time:00:00.09 | Sce: Scene Ve:39082 Fa:37767 La:1
Fra:1 Mem:23.87M (0.00M, Peak 31.98M) | Time:00:00.09 | Volume preprocessing
Fra:1 Mem:23.87M (0.00M, Peak 31.98M) | Time:00:00.09 | Sce: Scene Ve:39082 Fa:37767 La:1
Fra:1 Mem:23.87M (0.00M, Peak 31.98M) | Time:00:00.09 | Sce: Scene Ve:39082 Fa:37767 La:1
Fra:1 Mem:28.40M (0.00M, Peak 31.98M) | Time:00:00.09 | Scene, Part 4-4
Fra:1 Mem:27.94M (0.00M, Peak 31.98M) | Time:00:00.10 | Scene, Part 3-4
Fra:1 Mem:26.88M (0.00M, Peak 31.98M) | Time:00:00.10 | Scene, Part 1-4
Fra:1 Mem:24.97M (0.00M, Peak 31.98M) | Time:00:00.10 | Scene, Part 2-4
Fra:1 Mem:14.11M (0.00M, Peak 31.98M) | Time:00:00.11 | Sce: Scene Ve:39082 Fa:37767 La:1
Saved: '/tmp/tmp55ad_0ct.png'
 Time: 00:00.12 (Saving: 00:00.01)

Fra:1 Mem:14.13M (0.00M, Peak 14.73M) | Time:00:00.04 | Mem:0.00M, Peak:0.00M | Scene, RenderLayer | Synchronizing object | Area
Fra:1 Mem:14.13M (0.00M, Peak 14.73M) | Time:00:00.04 | Mem:0.00M, Peak:0.00M | Scene, RenderLayer | Synchronizing object | Ground
Fra:1 Mem:14.20M (0.00M, Peak 14.73M) | Time:00:00.04 | Mem:0.00M, Peak:0.00M | Scene, RenderLayer | Synchronizing object | Empty
Fra:1 Mem:14.20M (0.00M, Peak 14.73M) | Time:00:00.04 | Mem:0.00M, Peak:0.00M | Scene, RenderLayer | Synchronizing object | Lamp_Back
Fra:1 Mem:14.20M (0.00M, Peak 14.73M) | Time:00:00.04 | Mem:0.00M, Peak:0.00M | Scene, RenderLayer | Synchronizing object | Lamp_Fill
Fra:1 Mem:14.20M (0.00M, Peak 14.73M) | Time:00:00.04 | Mem:0.00M, Peak:0.00M | Scene, RenderLayer | Synchronizing object | Lamp_Key
Fra:1 Mem:14.20M (0.00M, Peak 14.73M) | Time:00:00.04 | Mem:0.00M, Peak:0.00M | Scene, RenderLayer | Synchronizing object | Camera
Fra:1 Mem:14.20M (0.00M, Peak 14.73M) | Time:00:00.04 | Mem:0.00M, Peak:0.00M | Scene, RenderLayer | Synchronizing object | SmoothCube_v2_0
Fra:1 Mem:14.51M (0.00M, Peak 14.88M) | Time:00:00.05 | Mem:0.00M, Peak:0.00M | Scene, RenderLayer | Synchronizing object | SmoothCylinder_0
Fra:1 Mem:17.29M (0.00M, Peak 20.51M) | Time:00:00.06 | Mem:0.00M, Peak:0.00M | Scene, RenderLayer | Initializing
Fra:1 Mem:17.29M (0.00M, Peak 20.51M) | Time:00:00.06 | Mem:0.00M, Peak:0.00M | Scene, RenderLayer | Loading render kernels (may take a few minutes the first time)
Fra:1 Mem:17.29M (0.00M, Peak 20.51M) | Time:00:00.07 | Mem:0.00M, Peak:0.00M | Scene, RenderLayer | Waiting for render to start
Fra:1 Mem:17.29M (0.00M, Peak 20.51M) | Time:00:00.07 | Mem:0.00M, Peak:0.00M | Scene, RenderLayer | Updating Scene
Fra:1 Mem:17.29M (0.00M, Peak 20.51M) | Time:00:00.07 | Mem:0.00M, Peak:0.00M | Scene, RenderLayer | Updating Shaders
Fra:1 Mem:17.54M (0.00M, Peak 20.51M) | Time:00:00.07 | Mem:0.00M, Peak:0.00M | Scene, RenderLayer | Updating Background
Fra:1 Mem:17.54M (0.00M, Peak 20.51M) | Time:00:00.07 | Mem:0.00M, Peak:0.00M | Scene, RenderLayer | Updating Camera
Fra:1 Mem:17.54M (0.00M, Peak 20.51M) | Time:00:00.07 | Mem:0.00M, Peak:0.00M | Scene, RenderLayer | Updating Meshes Flags
Fra:1 Mem:17.54M (0.00M, Peak 20.51M) | Time:00:00.07 | Mem:0.00M, Peak:0.00M | Scene, RenderLayer | Updating Objects
Fra:1 Mem:17.54M (0.00M, Peak 20.51M) | Time:00:00.07 | Mem:0.00M, Peak:0.00M | Scene, RenderLayer | Updating Objects | Copying Transformations to device
Fra:1 Mem:17.55M (0.00M, Peak 20.51M) | Time:00:00.07 | Mem:0.00M, Peak:0.00M | Scene, RenderLayer | Updating Objects | Applying Static Transformations
Fra:1 Mem:17.55M (0.00M, Peak 20.51M) | Time:00:00.07 | Mem:0.00M, Peak:0.00M | Scene, RenderLayer | Updating Meshes
Fra:1 Mem:18.69M (0.00M, Peak 20.51M) | Time:00:00.07 | Mem:0.00M, Peak:0.00M | Scene, RenderLayer | Updating Mesh | Computing attributes
Fra:1 Mem:18.69M (0.00M, Peak 20.51M) | Time:00:00.07 | Mem:0.00M, Peak:0.00M | Scene, RenderLayer | Updating Mesh | Copying Attributes to device
Fra:1 Mem:18.69M (0.00M, Peak 20.51M) | Time:00:00.07 | Mem:0.00M, Peak:0.00M | Scene, RenderLayer | Updating Scene BVH | Building
Fra:1 Mem:18.69M (0.00M, Peak 20.51M) | Time:00:00.07 | Mem:0.00M, Peak:0.00M | Scene, RenderLayer | Updating Scene BVH | Building BVH
Fra:1 Mem:22.99M (0.00M, Peak 22.99M) | Time:00:00.13 | Mem:0.00M, Peak:0.00M | Scene, RenderLayer | Updating Scene BVH | Packing BVH triangles and strands
Fra:1 Mem:26.99M (0.00M, Peak 26.99M) | Time:00:00.13 | Mem:0.00M, Peak:0.00M | Scene, RenderLayer | Updating Scene BVH | Packing BVH nodes
Fra:1 Mem:24.78M (0.00M, Peak 28.22M) | Time:00:00.14 | Mem:0.00M, Peak:0.00M | Scene, RenderLayer | Updating Scene BVH | Copying BVH to device
Fra:1 Mem:25.07M (0.00M, Peak 28.22M) | Time:00:00.14 | Mem:6.10M, Peak:6.10M | Scene, RenderLayer | Updating Mesh | Computing normals
Fra:1 Mem:27.70M (0.00M, Peak 28.22M) | Time:00:00.14 | Mem:6.10M, Peak:6.10M | Scene, RenderLayer | Updating Mesh | Copying Mesh to device
Fra:1 Mem:27.42M (0.00M, Peak 28.22M) | Time:00:00.14 | Mem:8.73M, Peak:8.73M | Scene, RenderLayer | Updating Objects Flags
Fra:1 Mem:27.42M (0.00M, Peak 28.22M) | Time:00:00.14 | Mem:8.73M, Peak:8.73M | Scene, RenderLayer | Updating Images
Fra:1 Mem:27.42M (0.00M, Peak 28.22M) | Time:00:00.14 | Mem:8.73M, Peak:8.73M | Scene, RenderLayer | Updating Camera Volume
Fra:1 Mem:27.42M (0.00M, Peak 28.22M) | Time:00:00.14 | Mem:8.73M, Peak:8.73M | Scene, RenderLayer | Updating Hair Systems
Fra:1 Mem:27.42M (0.00M, Peak 28.22M) | Time:00:00.14 | Mem:8.73M, Peak:8.73M | Scene, RenderLayer | Updating Hair settings | Copying Hair settings to device
Fra:1 Mem:27.42M (0.00M, Peak 28.22M) | Time:00:00.14 | Mem:8.73M, Peak:8.73M | Scene, RenderLayer | Updating Lookup Tables
Fra:1 Mem:27.42M (0.00M, Peak 28.22M) | Time:00:00.14 | Mem:8.98M, Peak:8.98M | Scene, RenderLayer | Updating Lights
Fra:1 Mem:27.42M (0.00M, Peak 28.22M) | Time:00:00.14 | Mem:8.98M, Peak:8.98M | Scene, RenderLayer | Updating Lights | Computing distribution
Fra:1 Mem:27.42M (0.00M, Peak 28.22M) | Time:00:00.14 | Mem:8.98M, Peak:8.98M | Scene, RenderLayer | Updating Particle Systems
Fra:1 Mem:27.42M (0.00M, Peak 28.22M) | Time:00:00.14 | Mem:8.98M, Peak:8.98M | Scene, RenderLayer | Updating Particle Systems | Copying Particles to device
Fra:1 Mem:27.42M (0.00M, Peak 28.22M) | Time:00:00.14 | Mem:8.98M, Peak:8.98M | Scene, RenderLayer | Updating Integrator
Fra:1 Mem:27.46M (0.00M, Peak 28.22M) | Time:00:00.14 | Mem:9.02M, Peak:9.02M | Scene, RenderLayer | Updating Film
Fra:1 Mem:27.46M (0.00M, Peak 28.22M) | Time:00:00.15 | Mem:9.02M, Peak:9.02M | Scene, RenderLayer | Updating Lookup Tables
Fra:1 Mem:27.46M (0.00M, Peak 28.22M) | Time:00:00.15 | Mem:9.03M, Peak:9.03M | Scene, RenderLayer | Updating Baking
Fra:1 Mem:27.46M (0.00M, Peak 28.22M) | Time:00:00.15 | Mem:9.03M, Peak:9.03M | Scene, RenderLayer | Updating Device | Writing constant memory
Fra:1 Mem:27.46M (0.00M, Peak 28.22M) | Time:00:00.15 | Mem:9.03M, Peak:9.03M | Scene, RenderLayer | Path Tracing Tile 0/4, Sample 0/512
Fra:1 Mem:29.71M (0.00M, Peak 30.96M) | Time:00:00.15 | Mem:11.28M, Peak:11.28M | Scene, RenderLayer | Path Tracing Tile 1/4, Sample 0/512
Fra:1 Mem:29.71M (0.00M, Peak 31.96M) | Time:00:01.15 | Remaining:00:10.81 | Mem:11.28M, Peak:11.28M | Scene, RenderLayer | Path Tracing Tile 1/4, Sample 102/512
Fra:1 Mem:29.71M (0.00M, Peak 31.96M) | Time:00:02.16 | Remaining:00:09.76 | Mem:11.28M, Peak:11.28M | Scene, RenderLayer | Path Tracing Tile 1/4, Sample 205/512
Fra:1 Mem:29.71M (0.00M, Peak 31.96M) | Time:00:03.16 | Remaining:00:08.76 | Mem:11.28M, Peak:11.28M | Scene, RenderLayer | Path Tracing Tile 1/4, Sample 307/512
Fra:1 Mem:29.71M (0.00M, Peak 31.96M) | Time:00:04.16 | Remaining:00:07.76 | Mem:11.28M, Peak:11.28M | Scene, RenderLayer | Path Tracing Tile 1/4, Sample 409/512
Fra:1 Mem:29.71M (0.00M, Peak 31.96M) | Time:00:05.17 | Remaining:00:06.77 | Mem:11.28M, Peak:11.28M | Scene, RenderLayer | Path Tracing Tile 1/4, Sample 511/512
Fra:1 Mem:27.46M (0.00M, Peak 31.96M) | Time:00:05.18 | Remaining:00:06.76 | Mem:9.03M, Peak:11.28M | Scene, RenderLayer | Path Tracing Tile 1/4, Sample 512/512
Fra:1 Mem:29.43M (0.00M, Peak 31.96M) | Time:00:05.19 | Remaining:00:06.77 | Mem:10.99M, Peak:11.28M | Scene, RenderLayer | Path Tracing Tile 2/4, Sample 512/512
Fra:1 Mem:29.43M (0.00M, Peak 31.96M) | Time:00:06.17 | Remaining:00:05.69 | Mem:10.99M, Peak:11.28M | Scene, RenderLayer | Path Tracing Tile 2/4, Sample 120/512
Fra:1 Mem:29.43M (0.00M, Peak 31.96M) | Time:00:07.17 | Remaining:00:04.62 | Mem:10.99M, Peak:11.28M | Scene, RenderLayer | Path Tracing Tile 2/4, Sample 242/512
Fra:1 Mem:29.43M (0.00M, Peak 31.96M) | Time:00:08.17 | Remaining:00:03.58 | Mem:10.99M, Peak:11.28M | Scene, RenderLayer | Path Tracing Tile 2/4, Sample 363/512
Fra:1 Mem:29.43M (0.00M, Peak 31.96M) | Time:00:09.18 | Remaining:00:02.55 | Mem:10.99M, Peak:11.28M | Scene, RenderLayer | Path Tracing Tile 2/4, Sample 484/512
Fra:1 Mem:27.46M (0.00M, Peak 31.96M) | Time:00:09.41 | Remaining:00:02.31 | Mem:9.03M, Peak:11.28M | Scene, RenderLayer | Path Tracing Tile 2/4, Sample 512/512
Fra:1 Mem:28.03M (0.00M, Peak 31.96M) | Time:00:09.41 | Remaining:00:02.31 | Mem:9.59M, Peak:11.28M | Scene, RenderLayer | Path Tracing Tile 3/4, Sample 512/512
Fra:1 Mem:28.03M (0.00M, Peak 31.96M) | Time:00:10.18 | Remaining:00:01.93 | Mem:9.59M, Peak:11.28M | Scene, RenderLayer | Path Tracing Tile 3/4, Sample 184/512
Fra:1 Mem:28.03M (0.00M, Peak 31.96M) | Time:00:11.18 | Remaining:00:01.39 | Mem:9.59M, Peak:11.28M | Scene, RenderLayer | Path Tracing Tile 3/4, Sample 422/512
Fra:1 Mem:27.46M (0.00M, Peak 31.96M) | Time:00:11.56 | Remaining:00:01.17 | Mem:9.03M, Peak:11.28M | Scene, RenderLayer | Path Tracing Tile 3/4, Sample 512/512
Fra:1 Mem:27.96M (0.00M, Peak 31.96M) | Time:00:11.56 | Remaining:00:01.17 | Mem:9.52M, Peak:11.28M | Scene, RenderLayer | Path Tracing Tile 4/4, Sample 512/512
Fra:1 Mem:27.96M (0.00M, Peak 31.96M) | Time:00:12.18 | Remaining:00:00.82 | Mem:9.52M, Peak:11.28M | Scene, RenderLayer | Path Tracing Tile 4/4, Sample 161/512
Fra:1 Mem:27.96M (0.00M, Peak 31.96M) | Time:00:13.18 | Remaining:00:00.22 | Mem:9.52M, Peak:11.28M | Scene, RenderLayer | Path Tracing Tile 4/4, Sample 419/512
Fra:1 Mem:27.46M (0.00M, Peak 31.96M) | Time:00:13.55 | Mem:9.03M, Peak:11.28M | Scene, RenderLayer | Path Tracing Tile 4/4, Sample 512/512
Fra:1 Mem:27.46M (0.00M, Peak 31.96M) | Time:00:13.55 | Mem:9.03M, Peak:11.28M | Scene, RenderLayer | Finished
Fra:1 Mem:14.13M (0.00M, Peak 31.96M) | Time:00:13.63 | Sce: Scene Ve:0 Fa:0 La:0
Saved: 'data/clevr-cleaned-variants/aphaeresis/fovariant-3/render/images/CLEVR_val_000005.png'
 Time: 00:13.66 (Saving: 00:00.03)


Blender quit

INFO test_net.py:  81: Called with args:
INFO test_net.py:  82: Namespace(cfg_file='clevr_inference/scene_parse/mask_rcnn/configs/baselines/e2e_mask_rcnn_R-50-FPN_1x.yaml', clevr_comp_cat=1, dataset='clevr_original_val', grab_conv=False, images_dir='data/clevr-cleaned-variants/aphaeresis/fovariant-3/render/images', load_ckpt='/home/ubuntu/vdp-tool-chain/data/ns-vqa-data/pretrained/object_detector.pt', load_detectron=None, multi_gpu_testing=False, name=None, output_dir='data/clevr-cleaned-variants/aphaeresis/fovariant-3/infer/mask_rcnn', range=None, rendersummary_path='data/clevr-cleaned-variants/aphaeresis/fovariant-3/render/summary.json', set_cfgs=[], vis=False)
INFO test_net.py: 125: Testing with config:
INFO test_net.py: 126: {'BBOX_XFORM_CLIP': 4.135166556742356,
 'CLEVR': {'COMP_CAT': True},
 'CROP_RESIZE_WITH_MAX_POOL': True,
 'CUDA': False,
 'DATA_DIR': '/home/ubuntu/vdp-tool-chain/data/ns-vqa-data/mask_rcnn',
 'DATA_LOADER': {'NUM_THREADS': 4},
 'DEBUG': False,
 'DEDUP_BOXES': 0.0625,
 'EPS': 1e-14,
 'EXPECTED_RESULTS': [],
 'EXPECTED_RESULTS_ATOL': 0.005,
 'EXPECTED_RESULTS_EMAIL': '',
 'EXPECTED_RESULTS_RTOL': 0.1,
 'FAST_RCNN': {'CONV_HEAD_DIM': 256,
               'MLP_HEAD_DIM': 1024,
               'NUM_STACKED_CONVS': 4,
               'ROI_BOX_HEAD': 'fast_rcnn_heads.roi_2mlp_head',
               'ROI_XFORM_METHOD': 'RoIAlign',
               'ROI_XFORM_RESOLUTION': 7,
               'ROI_XFORM_SAMPLING_RATIO': 2},
 'FPN': {'COARSEST_STRIDE': 32,
         'DIM': 256,
         'EXTRA_CONV_LEVELS': False,
         'FPN_ON': True,
         'MULTILEVEL_ROIS': True,
         'MULTILEVEL_RPN': True,
         'ROI_CANONICAL_LEVEL': 4,
         'ROI_CANONICAL_SCALE': 224,
         'ROI_MAX_LEVEL': 5,
         'ROI_MIN_LEVEL': 2,
         'RPN_ANCHOR_START_SIZE': 32,
         'RPN_ASPECT_RATIOS': (0.5, 1, 2),
         'RPN_COLLECT_SCALE': 1,
         'RPN_MAX_LEVEL': 6,
         'RPN_MIN_LEVEL': 2,
         'USE_GN': False,
         'ZERO_INIT_LATERAL': False},
 'GROUP_NORM': {'DIM_PER_GP': -1, 'EPSILON': 1e-05, 'NUM_GROUPS': 32},
 'KRCNN': {'CONV_HEAD_DIM': 256,
           'CONV_HEAD_KERNEL': 3,
           'CONV_INIT': 'GaussianFill',
           'DECONV_DIM': 256,
           'DECONV_KERNEL': 4,
           'DILATION': 1,
           'HEATMAP_SIZE': -1,
           'INFERENCE_MIN_SIZE': 0,
           'KEYPOINT_CONFIDENCE': 'bbox',
           'LOSS_WEIGHT': 1.0,
           'MIN_KEYPOINT_COUNT_FOR_VALID_MINIBATCH': 20,
           'NMS_OKS': False,
           'NORMALIZE_BY_VISIBLE_KEYPOINTS': True,
           'NUM_KEYPOINTS': -1,
           'NUM_STACKED_CONVS': 8,
           'ROI_KEYPOINTS_HEAD': '',
           'ROI_XFORM_METHOD': 'RoIAlign',
           'ROI_XFORM_RESOLUTION': 7,
           'ROI_XFORM_SAMPLING_RATIO': 0,
           'UP_SCALE': -1,
           'USE_DECONV': False,
           'USE_DECONV_OUTPUT': False},
 'MATLAB': 'matlab',
 'MODEL': {'BBOX_REG_WEIGHTS': (10.0, 10.0, 5.0, 5.0),
           'CLS_AGNOSTIC_BBOX_REG': False,
           'CONV_BODY': 'FPN.fpn_ResNet50_conv5_body',
           'FASTER_RCNN': True,
           'KEYPOINTS_ON': False,
           'LOAD_IMAGENET_PRETRAINED_WEIGHTS': True,
           'MASK_ON': True,
           'NUM_CLASSES': 49,
           'RPN_ONLY': False,
           'SHARE_RES5': False,
           'TYPE': 'generalized_rcnn',
           'UNSUPERVISED_POSE': False},
 'MRCNN': {'CLS_SPECIFIC_MASK': True,
           'CONV_INIT': 'MSRAFill',
           'DILATION': 1,
           'DIM_REDUCED': 256,
           'MEMORY_EFFICIENT_LOSS': True,
           'RESOLUTION': 28,
           'ROI_MASK_HEAD': 'mask_rcnn_heads.mask_rcnn_fcn_head_v1up4convs',
           'ROI_XFORM_METHOD': 'RoIAlign',
           'ROI_XFORM_RESOLUTION': 14,
           'ROI_XFORM_SAMPLING_RATIO': 2,
           'THRESH_BINARIZE': 0.5,
           'UPSAMPLE_RATIO': 1,
           'USE_FC_OUTPUT': False,
           'WEIGHT_LOSS_MASK': 1.0},
 'NUM_GPUS': 8,
 'OUTPUT_DIR': 'Outputs',
 'PIXEL_MEANS': array([[[102.9801, 115.9465, 122.7717]]]),
 'POOLING_MODE': 'crop',
 'POOLING_SIZE': 7,
 'PYTORCH_VERSION_LESS_THAN_040': False,
 'RESNETS': {'FREEZE_AT': 2,
             'IMAGENET_PRETRAINED_WEIGHTS': 'pretrained_model/resnet50_caffe.pth',
             'NUM_GROUPS': 1,
             'RES5_DILATION': 1,
             'SHORTCUT_FUNC': 'basic_bn_shortcut',
             'STEM_FUNC': 'basic_bn_stem',
             'STRIDE_1X1': True,
             'TRANS_FUNC': 'bottleneck_transformation',
             'USE_GN': False,
             'WIDTH_PER_GROUP': 64},
 'RETINANET': {'ANCHOR_SCALE': 4,
               'ASPECT_RATIOS': (0.5, 1.0, 2.0),
               'BBOX_REG_BETA': 0.11,
               'BBOX_REG_WEIGHT': 1.0,
               'CLASS_SPECIFIC_BBOX': False,
               'INFERENCE_TH': 0.05,
               'LOSS_ALPHA': 0.25,
               'LOSS_GAMMA': 2.0,
               'NEGATIVE_OVERLAP': 0.4,
               'NUM_CONVS': 4,
               'POSITIVE_OVERLAP': 0.5,
               'PRE_NMS_TOP_N': 1000,
               'PRIOR_PROB': 0.01,
               'RETINANET_ON': False,
               'SCALES_PER_OCTAVE': 3,
               'SHARE_CLS_BBOX_TOWER': False,
               'SOFTMAX': False},
 'RFCN': {'PS_GRID_SIZE': 3},
 'RNG_SEED': 3,
 'ROOT_DIR': '/home/ubuntu/vdp-tool-chain/clevr_inference/scene_parse/mask_rcnn',
 'RPN': {'ASPECT_RATIOS': (0.5, 1, 2),
         'CLS_ACTIVATION': 'sigmoid',
         'OUT_DIM': 512,
         'OUT_DIM_AS_IN_DIM': True,
         'RPN_ON': True,
         'SIZES': (64, 128, 256, 512),
         'STRIDE': 16},
 'SOLVER': {'BASE_LR': 0.02,
            'BIAS_DOUBLE_LR': True,
            'BIAS_WEIGHT_DECAY': False,
            'GAMMA': 0.1,
            'LOG_LR_CHANGE_THRESHOLD': 1.1,
            'LRS': [],
            'LR_POLICY': 'steps_with_decay',
            'MAX_ITER': 30000,
            'MOMENTUM': 0.9,
            'SCALE_MOMENTUM': True,
            'SCALE_MOMENTUM_THRESHOLD': 1.1,
            'STEPS': [0, 20000, 26000],
            'STEP_SIZE': 30000,
            'TYPE': 'SGD',
            'WARM_UP_FACTOR': 0.3333333333333333,
            'WARM_UP_ITERS': 500,
            'WARM_UP_METHOD': 'linear',
            'WEIGHT_DECAY': 0.0001,
            'WEIGHT_DECAY_GN': 0.0},
 'TEST': {'BBOX_AUG': {'AREA_TH_HI': 32400,
                       'AREA_TH_LO': 2500,
                       'ASPECT_RATIOS': (),
                       'ASPECT_RATIO_H_FLIP': False,
                       'COORD_HEUR': 'UNION',
                       'ENABLED': False,
                       'H_FLIP': False,
                       'MAX_SIZE': 4000,
                       'SCALES': (),
                       'SCALE_H_FLIP': False,
                       'SCALE_SIZE_DEP': False,
                       'SCORE_HEUR': 'UNION'},
          'BBOX_REG': True,
          'BBOX_VOTE': {'ENABLED': False,
                        'SCORING_METHOD': 'ID',
                        'SCORING_METHOD_BETA': 1.0,
                        'VOTE_TH': 0.8},
          'COMPETITION_MODE': True,
          'DATASETS': ('custom(data/clevr-cleaned-variants/aphaeresis/fovariant-3/render/images, '
                       'data/clevr-cleaned-variants/aphaeresis/fovariant-3/render/summary.json)',),
          'DETECTIONS_PER_IM': 100,
          'FORCE_JSON_DATASET_EVAL': False,
          'KPS_AUG': {'AREA_TH': 32400,
                      'ASPECT_RATIOS': (),
                      'ASPECT_RATIO_H_FLIP': False,
                      'ENABLED': False,
                      'HEUR': 'HM_AVG',
                      'H_FLIP': False,
                      'MAX_SIZE': 4000,
                      'SCALES': (),
                      'SCALE_H_FLIP': False,
                      'SCALE_SIZE_DEP': False},
          'MASK_AUG': {'AREA_TH': 32400,
                       'ASPECT_RATIOS': (),
                       'ASPECT_RATIO_H_FLIP': False,
                       'ENABLED': False,
                       'HEUR': 'SOFT_AVG',
                       'H_FLIP': False,
                       'MAX_SIZE': 4000,
                       'SCALES': (),
                       'SCALE_H_FLIP': False,
                       'SCALE_SIZE_DEP': False},
          'MAX_SIZE': 1333,
          'NMS': 0.5,
          'PRECOMPUTED_PROPOSALS': False,
          'PROPOSAL_FILES': (),
          'PROPOSAL_LIMIT': 2000,
          'RPN_MIN_SIZE': 0,
          'RPN_NMS_THRESH': 0.7,
          'RPN_POST_NMS_TOP_N': 1000,
          'RPN_PRE_NMS_TOP_N': 1000,
          'SCALE': 800,
          'SCORE_THRESH': 0.05,
          'SOFT_NMS': {'ENABLED': False, 'METHOD': 'linear', 'SIGMA': 0.5}},
 'TRAIN': {'ASPECT_CROPPING': False,
           'ASPECT_GROUPING': True,
           'ASPECT_HI': 2,
           'ASPECT_LO': 0.5,
           'BATCH_SIZE_PER_IM': 512,
           'BBOX_INSIDE_WEIGHTS': (1.0, 1.0, 1.0, 1.0),
           'BBOX_NORMALIZE_MEANS': (0.0, 0.0, 0.0, 0.0),
           'BBOX_NORMALIZE_STDS': (0.1, 0.1, 0.2, 0.2),
           'BBOX_NORMALIZE_TARGETS': True,
           'BBOX_NORMALIZE_TARGETS_PRECOMPUTED': False,
           'BBOX_THRESH': 0.5,
           'BG_THRESH_HI': 0.5,
           'BG_THRESH_LO': 0.0,
           'CROWD_FILTER_THRESH': 0.7,
           'DATASETS': (),
           'FG_FRACTION': 0.25,
           'FG_THRESH': 0.5,
           'FREEZE_CONV_BODY': False,
           'GT_MIN_AREA': -1,
           'IMS_PER_BATCH': 2,
           'MAX_SIZE': 1333,
           'PROPOSAL_FILES': (),
           'RPN_BATCH_SIZE_PER_IM': 256,
           'RPN_FG_FRACTION': 0.5,
           'RPN_MIN_SIZE': 0,
           'RPN_NEGATIVE_OVERLAP': 0.3,
           'RPN_NMS_THRESH': 0.7,
           'RPN_POSITIVE_OVERLAP': 0.7,
           'RPN_POST_NMS_TOP_N': 2000,
           'RPN_PRE_NMS_TOP_N': 2000,
           'RPN_STRADDLE_THRESH': 0,
           'SCALES': (800,),
           'SNAPSHOT_ITERS': 20000,
           'USE_FLIPPED': False},
 'VIS': False,
 'VIS_TH': 0.9}
INFO test_engine.py: 352: loading checkpoint /home/ubuntu/vdp-tool-chain/data/ns-vqa-data/pretrained/object_detector.pt
INFO test_engine.py: 286: im_detect: range [1, 6] of 6: 1/6 1.107s + 0.004s (eta: 0:00:05)
INFO test_engine.py: 336: Wrote detections to: /home/ubuntu/vdp-tool-chain/data/clevr-cleaned-variants/aphaeresis/fovariant-3/infer/mask_rcnn/detections.pkl
INFO test_engine.py: 164: Total inference time: 5.653s


| processing proposals 1 / 6 images
| processing proposals 2 / 6 images
| processing proposals 3 / 6 images
| processing proposals 4 / 6 images
| processing proposals 5 / 6 images
| processing proposals 6 / 6 images
| saving object annotations to data/clevr-cleaned-variants/aphaeresis/fovariant-3/infer/attrnet/predictions.json


| options
run_dir: data/clevr-cleaned-variants/aphaeresis/fovariant-3/solver_ir
dataset: clevr
load_checkpoint_path: /home/ubuntu/vdp-tool-chain/data/ns-vqa-data/pretrained/attribute_net.pt
gpu_ids: [0]
clevr_mini_img_dir: /home/ubuntu/vdp-tool-chain/data/ns-vqa-data/raw/CLEVR_mini/images
clevr_mini_ann_path: /home/ubuntu/vdp-tool-chain/data/ns-vqa-data/attr_net/objects/clevr_mini_objs.json
concat_img: 1
split_id: 3500
batch_size: 50
num_workers: 4
learning_rate: 0.002
split: val
output_path: data/clevr-cleaned-variants/aphaeresis/fovariant-3/solver_ir/results.json
clevr_val_ann_path: data/clevr-cleaned-variants/aphaeresis/fovariant-3/infer/attrnet/predictions.json
clevr_val_img_dir: /home/ubuntu/vdp-tool-chain/data/ns-vqa-data/raw/CLEVR_v1.0/images/val
shuffle_data: 0
use_cat_label: 1
name: fovariant-3
| loading checkpoint from /home/ubuntu/vdp-tool-chain/data/ns-vqa-data/pretrained/attribute_net.pt
clevr_object.py: CLEVR_val_000000.png val 0 0
clevr_object.py: CLEVR_val_000000.png val 0 1
clevr_object.py: CLEVR_val_000000.png val 0 2
clevr_object.py: CLEVR_val_000001.png val 1 3
clevr_object.py: CLEVR_val_000001.png val 1 4
clevr_object.py: CLEVR_val_000001.png val 1 5
clevr_object.py: CLEVR_val_000002.png val 2 6
clevr_object.py: CLEVR_val_000002.png val 2 7
clevr_object.py: CLEVR_val_000002.png val 2 8
clevr_object.py: CLEVR_val_000002.png val 2 9
clevr_object.py: CLEVR_val_000003.png val 3 10
clevr_object.py: CLEVR_val_000003.png val 3 11
clevr_object.py: CLEVR_val_000003.png val 3 12
clevr_object.py: CLEVR_val_000004.png val 4 13
clevr_object.py: CLEVR_val_000004.png val 4 14
clevr_object.py: CLEVR_val_000004.png val 4 15
clevr_object.py: CLEVR_val_000004.png val 4 16
clevr_object.py: CLEVR_val_000005.png val 5 17
clevr_object.py: CLEVR_val_000005.png val 5 18
19 / 19 objects processed
| saving annotation file to data/clevr-cleaned-variants/aphaeresis/fovariant-3/solver_ir/results.json


0.json in test
THRESHOLD relate_front objs = {'id': '0-0', 'position': [-2.811161994934082, -0.2192375361919403, 0.694735586643219], 'color': 'brown', 'material': 'metal', 'shape': 'cube', 'size': 'large'}, {'id': '0-1', 'position': [-0.6752673387527466, -0.134371817111969, 0.6951456069946289], 'color': 'brown', 'material': 'metal', 'shape': 'cylinder', 'size': 'large'}
THRESHOLD relate_front objs = {'id': '0-0', 'position': [-2.811161994934082, -0.2192375361919403, 0.694735586643219], 'color': 'brown', 'material': 'metal', 'shape': 'cube', 'size': 'large'}, {'id': '0-2', 'position': [2.754946708679199, 0.11650479584932327, 0.6906965970993042], 'color': 'brown', 'material': 'metal', 'shape': 'cylinder', 'size': 'large'}
THRESHOLD relate_behind objs = {'id': '0-1', 'position': [-0.6752673387527466, -0.134371817111969, 0.6951456069946289], 'color': 'brown', 'material': 'metal', 'shape': 'cylinder', 'size': 'large'}, {'id': '0-0', 'position': [-2.811161994934082, -0.2192375361919403, 0.694735586643219], 'color': 'brown', 'material': 'metal', 'shape': 'cube', 'size': 'large'}
THRESHOLD relate_front objs = {'id': '0-1', 'position': [-0.6752673387527466, -0.134371817111969, 0.6951456069946289], 'color': 'brown', 'material': 'metal', 'shape': 'cylinder', 'size': 'large'}, {'id': '0-2', 'position': [2.754946708679199, 0.11650479584932327, 0.6906965970993042], 'color': 'brown', 'material': 'metal', 'shape': 'cylinder', 'size': 'large'}
THRESHOLD relate_behind objs = {'id': '0-2', 'position': [2.754946708679199, 0.11650479584932327, 0.6906965970993042], 'color': 'brown', 'material': 'metal', 'shape': 'cylinder', 'size': 'large'}, {'id': '0-0', 'position': [-2.811161994934082, -0.2192375361919403, 0.694735586643219], 'color': 'brown', 'material': 'metal', 'shape': 'cube', 'size': 'large'}
THRESHOLD relate_behind objs = {'id': '0-2', 'position': [2.754946708679199, 0.11650479584932327, 0.6906965970993042], 'color': 'brown', 'material': 'metal', 'shape': 'cylinder', 'size': 'large'}, {'id': '0-1', 'position': [-0.6752673387527466, -0.134371817111969, 0.6951456069946289], 'color': 'brown', 'material': 'metal', 'shape': 'cylinder', 'size': 'large'}
1.json in test
THRESHOLD relate_front objs = {'id': '1-0', 'position': [-2.930368423461914, -0.10989249497652054, 0.7048400044441223], 'color': 'brown', 'material': 'metal', 'shape': 'cube', 'size': 'large'}, {'id': '1-1', 'position': [0.5980463027954102, 0.14680373668670654, 0.7008275389671326], 'color': 'brown', 'material': 'metal', 'shape': 'sphere', 'size': 'large'}
THRESHOLD relate_front objs = {'id': '1-0', 'position': [-2.930368423461914, -0.10989249497652054, 0.7048400044441223], 'color': 'brown', 'material': 'metal', 'shape': 'cube', 'size': 'large'}, {'id': '1-2', 'position': [2.7853846549987793, 0.2206212282180786, 0.6943213939666748], 'color': 'brown', 'material': 'metal', 'shape': 'sphere', 'size': 'large'}
THRESHOLD relate_behind objs = {'id': '1-1', 'position': [0.5980463027954102, 0.14680373668670654, 0.7008275389671326], 'color': 'brown', 'material': 'metal', 'shape': 'sphere', 'size': 'large'}, {'id': '1-0', 'position': [-2.930368423461914, -0.10989249497652054, 0.7048400044441223], 'color': 'brown', 'material': 'metal', 'shape': 'cube', 'size': 'large'}
THRESHOLD relate_front objs = {'id': '1-1', 'position': [0.5980463027954102, 0.14680373668670654, 0.7008275389671326], 'color': 'brown', 'material': 'metal', 'shape': 'sphere', 'size': 'large'}, {'id': '1-2', 'position': [2.7853846549987793, 0.2206212282180786, 0.6943213939666748], 'color': 'brown', 'material': 'metal', 'shape': 'sphere', 'size': 'large'}
THRESHOLD relate_behind objs = {'id': '1-2', 'position': [2.7853846549987793, 0.2206212282180786, 0.6943213939666748], 'color': 'brown', 'material': 'metal', 'shape': 'sphere', 'size': 'large'}, {'id': '1-0', 'position': [-2.930368423461914, -0.10989249497652054, 0.7048400044441223], 'color': 'brown', 'material': 'metal', 'shape': 'cube', 'size': 'large'}
THRESHOLD relate_behind objs = {'id': '1-2', 'position': [2.7853846549987793, 0.2206212282180786, 0.6943213939666748], 'color': 'brown', 'material': 'metal', 'shape': 'sphere', 'size': 'large'}, {'id': '1-1', 'position': [0.5980463027954102, 0.14680373668670654, 0.7008275389671326], 'color': 'brown', 'material': 'metal', 'shape': 'sphere', 'size': 'large'}
2.json in test
THRESHOLD relate_behind objs = {'id': '2-0', 'position': [-1.4647752046585083, 0.10311640053987503, 0.3449631929397583], 'color': 'brown', 'material': 'metal', 'shape': 'cube', 'size': 'small'}, {'id': '2-2', 'position': [-2.84155011177063, -0.02673628367483616, 0.3501102328300476], 'color': 'brown', 'material': 'metal', 'shape': 'cylinder', 'size': 'small'}
THRESHOLD relate_front objs = {'id': '2-0', 'position': [-1.4647752046585083, 0.10311640053987503, 0.3449631929397583], 'color': 'brown', 'material': 'metal', 'shape': 'cube', 'size': 'small'}, {'id': '2-1', 'position': [0.0699276253581047, 0.2355993688106537, 0.34138524532318115], 'color': 'brown', 'material': 'metal', 'shape': 'cylinder', 'size': 'small'}
THRESHOLD relate_front objs = {'id': '2-0', 'position': [-1.4647752046585083, 0.10311640053987503, 0.3449631929397583], 'color': 'brown', 'material': 'metal', 'shape': 'cube', 'size': 'small'}, {'id': '2-3', 'position': [2.8082289695739746, 0.41981813311576843, 0.34207355976104736], 'color': 'brown', 'material': 'metal', 'shape': 'cylinder', 'size': 'small'}
THRESHOLD relate_behind objs = {'id': '2-1', 'position': [0.0699276253581047, 0.2355993688106537, 0.34138524532318115], 'color': 'brown', 'material': 'metal', 'shape': 'cylinder', 'size': 'small'}, {'id': '2-0', 'position': [-1.4647752046585083, 0.10311640053987503, 0.3449631929397583], 'color': 'brown', 'material': 'metal', 'shape': 'cube', 'size': 'small'}
THRESHOLD relate_behind objs = {'id': '2-1', 'position': [0.0699276253581047, 0.2355993688106537, 0.34138524532318115], 'color': 'brown', 'material': 'metal', 'shape': 'cylinder', 'size': 'small'}, {'id': '2-2', 'position': [-2.84155011177063, -0.02673628367483616, 0.3501102328300476], 'color': 'brown', 'material': 'metal', 'shape': 'cylinder', 'size': 'small'}
THRESHOLD relate_front objs = {'id': '2-1', 'position': [0.0699276253581047, 0.2355993688106537, 0.34138524532318115], 'color': 'brown', 'material': 'metal', 'shape': 'cylinder', 'size': 'small'}, {'id': '2-3', 'position': [2.8082289695739746, 0.41981813311576843, 0.34207355976104736], 'color': 'brown', 'material': 'metal', 'shape': 'cylinder', 'size': 'small'}
THRESHOLD relate_front objs = {'id': '2-2', 'position': [-2.84155011177063, -0.02673628367483616, 0.3501102328300476], 'color': 'brown', 'material': 'metal', 'shape': 'cylinder', 'size': 'small'}, {'id': '2-0', 'position': [-1.4647752046585083, 0.10311640053987503, 0.3449631929397583], 'color': 'brown', 'material': 'metal', 'shape': 'cube', 'size': 'small'}
THRESHOLD relate_front objs = {'id': '2-2', 'position': [-2.84155011177063, -0.02673628367483616, 0.3501102328300476], 'color': 'brown', 'material': 'metal', 'shape': 'cylinder', 'size': 'small'}, {'id': '2-1', 'position': [0.0699276253581047, 0.2355993688106537, 0.34138524532318115], 'color': 'brown', 'material': 'metal', 'shape': 'cylinder', 'size': 'small'}
THRESHOLD relate_behind objs = {'id': '2-3', 'position': [2.8082289695739746, 0.41981813311576843, 0.34207355976104736], 'color': 'brown', 'material': 'metal', 'shape': 'cylinder', 'size': 'small'}, {'id': '2-0', 'position': [-1.4647752046585083, 0.10311640053987503, 0.3449631929397583], 'color': 'brown', 'material': 'metal', 'shape': 'cube', 'size': 'small'}
THRESHOLD relate_behind objs = {'id': '2-3', 'position': [2.8082289695739746, 0.41981813311576843, 0.34207355976104736], 'color': 'brown', 'material': 'metal', 'shape': 'cylinder', 'size': 'small'}, {'id': '2-1', 'position': [0.0699276253581047, 0.2355993688106537, 0.34138524532318115], 'color': 'brown', 'material': 'metal', 'shape': 'cylinder', 'size': 'small'}
3.json in train
THRESHOLD relate_front objs = {'id': '3-0', 'position': [-2.7894768714904785, -0.26214075088500977, 0.6999148726463318], 'color': 'brown', 'material': 'metal', 'shape': 'cube', 'size': 'large'}, {'id': '3-1', 'position': [2.8031721115112305, 0.04678624868392944, 0.6901240944862366], 'color': 'red', 'material': 'rubber', 'shape': 'cylinder', 'size': 'large'}
THRESHOLD relate_front objs = {'id': '3-0', 'position': [-2.7894768714904785, -0.26214075088500977, 0.6999148726463318], 'color': 'brown', 'material': 'metal', 'shape': 'cube', 'size': 'large'}, {'id': '3-2', 'position': [0.08437027037143707, -0.03804563730955124, 0.6889000535011292], 'color': 'red', 'material': 'rubber', 'shape': 'cylinder', 'size': 'large'}
THRESHOLD relate_behind objs = {'id': '3-1', 'position': [2.8031721115112305, 0.04678624868392944, 0.6901240944862366], 'color': 'red', 'material': 'rubber', 'shape': 'cylinder', 'size': 'large'}, {'id': '3-0', 'position': [-2.7894768714904785, -0.26214075088500977, 0.6999148726463318], 'color': 'brown', 'material': 'metal', 'shape': 'cube', 'size': 'large'}
THRESHOLD relate_behind objs = {'id': '3-1', 'position': [2.8031721115112305, 0.04678624868392944, 0.6901240944862366], 'color': 'red', 'material': 'rubber', 'shape': 'cylinder', 'size': 'large'}, {'id': '3-2', 'position': [0.08437027037143707, -0.03804563730955124, 0.6889000535011292], 'color': 'red', 'material': 'rubber', 'shape': 'cylinder', 'size': 'large'}
THRESHOLD relate_behind objs = {'id': '3-2', 'position': [0.08437027037143707, -0.03804563730955124, 0.6889000535011292], 'color': 'red', 'material': 'rubber', 'shape': 'cylinder', 'size': 'large'}, {'id': '3-0', 'position': [-2.7894768714904785, -0.26214075088500977, 0.6999148726463318], 'color': 'brown', 'material': 'metal', 'shape': 'cube', 'size': 'large'}
THRESHOLD relate_front objs = {'id': '3-2', 'position': [0.08437027037143707, -0.03804563730955124, 0.6889000535011292], 'color': 'red', 'material': 'rubber', 'shape': 'cylinder', 'size': 'large'}, {'id': '3-1', 'position': [2.8031721115112305, 0.04678624868392944, 0.6901240944862366], 'color': 'red', 'material': 'rubber', 'shape': 'cylinder', 'size': 'large'}
4.json in train
THRESHOLD relate_behind objs = {'id': '4-0', 'position': [0.09327515214681625, 0.12667518854141235, 0.6887382864952087], 'color': 'blue', 'material': 'rubber', 'shape': 'cylinder', 'size': 'large'}, {'id': '4-1', 'position': [-2.736163377761841, -0.09445326030254364, 0.34289395809173584], 'color': 'gray', 'material': 'metal', 'shape': 'cube', 'size': 'small'}
THRESHOLD relate_front objs = {'id': '4-0', 'position': [0.09327515214681625, 0.12667518854141235, 0.6887382864952087], 'color': 'blue', 'material': 'rubber', 'shape': 'cylinder', 'size': 'large'}, {'id': '4-2', 'position': [3.504110813140869, 0.4141734540462494, 0.33844858407974243], 'color': 'red', 'material': 'metal', 'shape': 'cylinder', 'size': 'small'}
THRESHOLD relate_front objs = {'id': '4-0', 'position': [0.09327515214681625, 0.12667518854141235, 0.6887382864952087], 'color': 'blue', 'material': 'rubber', 'shape': 'cylinder', 'size': 'large'}, {'id': '4-3', 'position': [2.167158842086792, 0.21190354228019714, 0.34467363357543945], 'color': 'red', 'material': 'metal', 'shape': 'cylinder', 'size': 'small'}
THRESHOLD relate_front objs = {'id': '4-1', 'position': [-2.736163377761841, -0.09445326030254364, 0.34289395809173584], 'color': 'gray', 'material': 'metal', 'shape': 'cube', 'size': 'small'}, {'id': '4-0', 'position': [0.09327515214681625, 0.12667518854141235, 0.6887382864952087], 'color': 'blue', 'material': 'rubber', 'shape': 'cylinder', 'size': 'large'}
THRESHOLD relate_front objs = {'id': '4-1', 'position': [-2.736163377761841, -0.09445326030254364, 0.34289395809173584], 'color': 'gray', 'material': 'metal', 'shape': 'cube', 'size': 'small'}, {'id': '4-3', 'position': [2.167158842086792, 0.21190354228019714, 0.34467363357543945], 'color': 'red', 'material': 'metal', 'shape': 'cylinder', 'size': 'small'}
THRESHOLD relate_behind objs = {'id': '4-2', 'position': [3.504110813140869, 0.4141734540462494, 0.33844858407974243], 'color': 'red', 'material': 'metal', 'shape': 'cylinder', 'size': 'small'}, {'id': '4-0', 'position': [0.09327515214681625, 0.12667518854141235, 0.6887382864952087], 'color': 'blue', 'material': 'rubber', 'shape': 'cylinder', 'size': 'large'}
THRESHOLD relate_behind objs = {'id': '4-2', 'position': [3.504110813140869, 0.4141734540462494, 0.33844858407974243], 'color': 'red', 'material': 'metal', 'shape': 'cylinder', 'size': 'small'}, {'id': '4-3', 'position': [2.167158842086792, 0.21190354228019714, 0.34467363357543945], 'color': 'red', 'material': 'metal', 'shape': 'cylinder', 'size': 'small'}
THRESHOLD relate_behind objs = {'id': '4-3', 'position': [2.167158842086792, 0.21190354228019714, 0.34467363357543945], 'color': 'red', 'material': 'metal', 'shape': 'cylinder', 'size': 'small'}, {'id': '4-0', 'position': [0.09327515214681625, 0.12667518854141235, 0.6887382864952087], 'color': 'blue', 'material': 'rubber', 'shape': 'cylinder', 'size': 'large'}
THRESHOLD relate_behind objs = {'id': '4-3', 'position': [2.167158842086792, 0.21190354228019714, 0.34467363357543945], 'color': 'red', 'material': 'metal', 'shape': 'cylinder', 'size': 'small'}, {'id': '4-1', 'position': [-2.736163377761841, -0.09445326030254364, 0.34289395809173584], 'color': 'gray', 'material': 'metal', 'shape': 'cube', 'size': 'small'}
THRESHOLD relate_front objs = {'id': '4-3', 'position': [2.167158842086792, 0.21190354228019714, 0.34467363357543945], 'color': 'red', 'material': 'metal', 'shape': 'cylinder', 'size': 'small'}, {'id': '4-2', 'position': [3.504110813140869, 0.4141734540462494, 0.33844858407974243], 'color': 'red', 'material': 'metal', 'shape': 'cylinder', 'size': 'small'}
5.json in train
THRESHOLD relate_behind objs = {'id': '5-0', 'position': [1.4394644498825073, 0.16681885719299316, 0.33903610706329346], 'color': 'blue', 'material': 'rubber', 'shape': 'cylinder', 'size': 'small'}, {'id': '5-1', 'position': [-1.3075206279754639, -0.019211361184716225, 0.6937427520751953], 'color': 'gray', 'material': 'rubber', 'shape': 'cube', 'size': 'large'}
THRESHOLD relate_front objs = {'id': '5-1', 'position': [-1.3075206279754639, -0.019211361184716225, 0.6937427520751953], 'color': 'gray', 'material': 'rubber', 'shape': 'cube', 'size': 'large'}, {'id': '5-0', 'position': [1.4394644498825073, 0.16681885719299316, 0.33903610706329346], 'color': 'blue', 'material': 'rubber', 'shape': 'cylinder', 'size': 'small'}
