Started Logging. 2022-07-09 18:58:44.640334

found bundled python: /home/ubuntu/vdp-tool-chain/data/blender-2.78c-linux-glibc219-x86_64/2.78/python
read blend: /home/ubuntu/vdp-tool-chain/data/clevr_scene_data/base_scene.blend
convertViewVec: called in an invalid context
convertViewVec: called in an invalid context
convertViewVec: called in an invalid context
Fra:1 Mem:14.42M (0.00M, Peak 14.42M) | Time:00:00.00 | Preparing Scene data
Fra:1 Mem:19.87M (0.00M, Peak 20.65M) | Time:00:00.01 | Preparing Scene data
Fra:1 Mem:19.87M (0.00M, Peak 20.65M) | Time:00:00.01 | Creating Shadowbuffers
Fra:1 Mem:19.87M (0.00M, Peak 20.65M) | Time:00:00.01 | Raytree.. preparing
Fra:1 Mem:25.69M (0.00M, Peak 25.69M) | Time:00:00.01 | Raytree.. building
Fra:1 Mem:25.38M (0.00M, Peak 34.48M) | Time:00:00.10 | Raytree finished
Fra:1 Mem:25.38M (0.00M, Peak 34.48M) | Time:00:00.10 | Creating Environment maps
Fra:1 Mem:25.38M (0.00M, Peak 34.48M) | Time:00:00.10 | Caching Point Densities
Fra:1 Mem:25.38M (0.00M, Peak 34.48M) | Time:00:00.10 | Sce: Scene Ve:42834 Fa:42386 La:1
Fra:1 Mem:25.38M (0.00M, Peak 34.48M) | Time:00:00.10 | Loading voxel datasets
Fra:1 Mem:25.38M (0.00M, Peak 34.48M) | Time:00:00.10 | Sce: Scene Ve:42834 Fa:42386 La:1
Fra:1 Mem:25.39M (0.00M, Peak 34.48M) | Time:00:00.10 | Sce: Scene Ve:42834 Fa:42386 La:1
Fra:1 Mem:25.39M (0.00M, Peak 34.48M) | Time:00:00.10 | Volume preprocessing
Fra:1 Mem:25.39M (0.00M, Peak 34.48M) | Time:00:00.10 | Sce: Scene Ve:42834 Fa:42386 La:1
Fra:1 Mem:25.39M (0.00M, Peak 34.48M) | Time:00:00.10 | Sce: Scene Ve:42834 Fa:42386 La:1
Fra:1 Mem:29.92M (0.00M, Peak 34.48M) | Time:00:00.10 | Scene, Part 4-4
Fra:1 Mem:29.46M (0.00M, Peak 34.48M) | Time:00:00.11 | Scene, Part 3-4
Fra:1 Mem:28.49M (0.00M, Peak 34.48M) | Time:00:00.12 | Scene, Part 2-4
Fra:1 Mem:26.64M (0.00M, Peak 34.48M) | Time:00:00.12 | Scene, Part 1-4
Fra:1 Mem:14.30M (0.00M, Peak 34.48M) | Time:00:00.12 | Sce: Scene Ve:42834 Fa:42386 La:1
Saved: '/tmp/tmpk0n3wojr.png'
 Time: 00:00.17 (Saving: 00:00.04)

Fra:1 Mem:14.33M (0.00M, Peak 14.93M) | Time:00:00.04 | Mem:0.00M, Peak:0.00M | Scene, RenderLayer | Synchronizing object | Area
Fra:1 Mem:14.33M (0.00M, Peak 14.93M) | Time:00:00.04 | Mem:0.00M, Peak:0.00M | Scene, RenderLayer | Synchronizing object | Ground
Fra:1 Mem:14.40M (0.00M, Peak 14.93M) | Time:00:00.04 | Mem:0.00M, Peak:0.00M | Scene, RenderLayer | Synchronizing object | Empty
Fra:1 Mem:14.40M (0.00M, Peak 14.93M) | Time:00:00.04 | Mem:0.00M, Peak:0.00M | Scene, RenderLayer | Synchronizing object | Lamp_Back
Fra:1 Mem:14.40M (0.00M, Peak 14.93M) | Time:00:00.04 | Mem:0.00M, Peak:0.00M | Scene, RenderLayer | Synchronizing object | Lamp_Fill
Fra:1 Mem:14.40M (0.00M, Peak 14.93M) | Time:00:00.04 | Mem:0.00M, Peak:0.00M | Scene, RenderLayer | Synchronizing object | Lamp_Key
Fra:1 Mem:14.40M (0.00M, Peak 14.93M) | Time:00:00.04 | Mem:0.00M, Peak:0.00M | Scene, RenderLayer | Synchronizing object | Camera
Fra:1 Mem:14.40M (0.00M, Peak 14.93M) | Time:00:00.04 | Mem:0.00M, Peak:0.00M | Scene, RenderLayer | Synchronizing object | SmoothCylinder_0
Fra:1 Mem:17.72M (0.00M, Peak 20.81M) | Time:00:00.06 | Mem:0.00M, Peak:0.00M | Scene, RenderLayer | Synchronizing object | SmoothCube_v2_0
Fra:1 Mem:18.09M (0.00M, Peak 20.81M) | Time:00:00.06 | Mem:0.00M, Peak:0.00M | Scene, RenderLayer | Synchronizing object | SmoothCube_v2_1
Fra:1 Mem:18.45M (0.00M, Peak 20.81M) | Time:00:00.06 | Mem:0.00M, Peak:0.00M | Scene, RenderLayer | Initializing
Fra:1 Mem:18.45M (0.00M, Peak 20.81M) | Time:00:00.06 | Mem:0.00M, Peak:0.00M | Scene, RenderLayer | Loading render kernels (may take a few minutes the first time)
Fra:1 Mem:18.45M (0.00M, Peak 21.15M) | Time:00:00.07 | Mem:0.00M, Peak:0.00M | Scene, RenderLayer | Waiting for render to start
Fra:1 Mem:18.45M (0.00M, Peak 21.15M) | Time:00:00.07 | Mem:0.00M, Peak:0.00M | Scene, RenderLayer | Updating Scene
Fra:1 Mem:18.45M (0.00M, Peak 21.15M) | Time:00:00.07 | Mem:0.00M, Peak:0.00M | Scene, RenderLayer | Updating Shaders
Fra:1 Mem:18.96M (0.00M, Peak 21.15M) | Time:00:00.15 | Mem:0.00M, Peak:0.00M | Scene, RenderLayer | Updating Background
Fra:1 Mem:18.96M (0.00M, Peak 21.15M) | Time:00:00.15 | Mem:0.00M, Peak:0.00M | Scene, RenderLayer | Updating Camera
Fra:1 Mem:18.96M (0.00M, Peak 21.15M) | Time:00:00.15 | Mem:0.00M, Peak:0.00M | Scene, RenderLayer | Updating Meshes Flags
Fra:1 Mem:18.96M (0.00M, Peak 21.15M) | Time:00:00.15 | Mem:0.00M, Peak:0.00M | Scene, RenderLayer | Updating Objects
Fra:1 Mem:18.96M (0.00M, Peak 21.15M) | Time:00:00.15 | Mem:0.00M, Peak:0.00M | Scene, RenderLayer | Updating Objects | Copying Transformations to device
Fra:1 Mem:18.96M (0.00M, Peak 21.15M) | Time:00:00.15 | Mem:0.00M, Peak:0.00M | Scene, RenderLayer | Updating Objects | Applying Static Transformations
Fra:1 Mem:18.96M (0.00M, Peak 21.15M) | Time:00:00.15 | Mem:0.00M, Peak:0.00M | Scene, RenderLayer | Updating Meshes
Fra:1 Mem:20.22M (0.00M, Peak 21.15M) | Time:00:00.16 | Mem:0.00M, Peak:0.00M | Scene, RenderLayer | Updating Mesh | Computing attributes
Fra:1 Mem:20.87M (0.00M, Peak 21.15M) | Time:00:00.16 | Mem:0.00M, Peak:0.00M | Scene, RenderLayer | Updating Mesh | Copying Attributes to device
Fra:1 Mem:20.87M (0.00M, Peak 21.52M) | Time:00:00.16 | Mem:0.66M, Peak:0.66M | Scene, RenderLayer | Updating Scene BVH | Building
Fra:1 Mem:20.87M (0.00M, Peak 21.52M) | Time:00:00.16 | Mem:0.66M, Peak:0.66M | Scene, RenderLayer | Updating Scene BVH | Building BVH
Fra:1 Mem:25.59M (0.00M, Peak 25.59M) | Time:00:00.22 | Mem:0.66M, Peak:0.66M | Scene, RenderLayer | Updating Scene BVH | Packing BVH triangles and strands
Fra:1 Mem:30.00M (0.00M, Peak 30.00M) | Time:00:00.22 | Mem:0.66M, Peak:0.66M | Scene, RenderLayer | Updating Scene BVH | Packing BVH nodes
Fra:1 Mem:27.57M (0.00M, Peak 31.35M) | Time:00:00.23 | Mem:0.66M, Peak:0.66M | Scene, RenderLayer | Updating Scene BVH | Copying BVH to device
Fra:1 Mem:27.88M (0.00M, Peak 31.35M) | Time:00:00.23 | Mem:7.35M, Peak:7.35M | Scene, RenderLayer | Updating Mesh | Computing normals
Fra:1 Mem:30.77M (0.00M, Peak 31.35M) | Time:00:00.23 | Mem:7.35M, Peak:7.35M | Scene, RenderLayer | Updating Mesh | Copying Mesh to device
Fra:1 Mem:30.46M (0.00M, Peak 31.35M) | Time:00:00.23 | Mem:10.24M, Peak:10.24M | Scene, RenderLayer | Updating Objects Flags
Fra:1 Mem:30.46M (0.00M, Peak 31.35M) | Time:00:00.23 | Mem:10.24M, Peak:10.24M | Scene, RenderLayer | Updating Images
Fra:1 Mem:30.46M (0.00M, Peak 31.35M) | Time:00:00.23 | Mem:10.24M, Peak:10.24M | Scene, RenderLayer | Updating Camera Volume
Fra:1 Mem:30.46M (0.00M, Peak 31.35M) | Time:00:00.23 | Mem:10.24M, Peak:10.24M | Scene, RenderLayer | Updating Hair Systems
Fra:1 Mem:30.46M (0.00M, Peak 31.35M) | Time:00:00.23 | Mem:10.24M, Peak:10.24M | Scene, RenderLayer | Updating Hair settings | Copying Hair settings to device
Fra:1 Mem:30.46M (0.00M, Peak 31.35M) | Time:00:00.23 | Mem:10.24M, Peak:10.24M | Scene, RenderLayer | Updating Lookup Tables
Fra:1 Mem:30.46M (0.00M, Peak 31.35M) | Time:00:00.23 | Mem:10.49M, Peak:10.49M | Scene, RenderLayer | Updating Lights
Fra:1 Mem:30.46M (0.00M, Peak 31.35M) | Time:00:00.23 | Mem:10.49M, Peak:10.49M | Scene, RenderLayer | Updating Lights | Computing distribution
Fra:1 Mem:30.46M (0.00M, Peak 31.35M) | Time:00:00.23 | Mem:10.49M, Peak:10.49M | Scene, RenderLayer | Updating Particle Systems
Fra:1 Mem:30.46M (0.00M, Peak 31.35M) | Time:00:00.23 | Mem:10.49M, Peak:10.49M | Scene, RenderLayer | Updating Particle Systems | Copying Particles to device
Fra:1 Mem:30.46M (0.00M, Peak 31.35M) | Time:00:00.23 | Mem:10.49M, Peak:10.49M | Scene, RenderLayer | Updating Integrator
Fra:1 Mem:30.50M (0.00M, Peak 31.35M) | Time:00:00.23 | Mem:10.53M, Peak:10.53M | Scene, RenderLayer | Updating Film
Fra:1 Mem:30.50M (0.00M, Peak 31.35M) | Time:00:00.23 | Mem:10.53M, Peak:10.53M | Scene, RenderLayer | Updating Lookup Tables
Fra:1 Mem:30.50M (0.00M, Peak 31.35M) | Time:00:00.23 | Mem:10.54M, Peak:10.54M | Scene, RenderLayer | Updating Baking
Fra:1 Mem:30.50M (0.00M, Peak 31.35M) | Time:00:00.23 | Mem:10.54M, Peak:10.54M | Scene, RenderLayer | Updating Device | Writing constant memory
Fra:1 Mem:30.50M (0.00M, Peak 31.35M) | Time:00:00.23 | Mem:10.54M, Peak:10.54M | Scene, RenderLayer | Path Tracing Tile 0/4, Sample 0/512
Fra:1 Mem:32.75M (0.00M, Peak 34.00M) | Time:00:00.24 | Mem:12.79M, Peak:12.79M | Scene, RenderLayer | Path Tracing Tile 1/4, Sample 0/512
Fra:1 Mem:32.75M (0.00M, Peak 35.00M) | Time:00:01.24 | Remaining:00:11.76 | Mem:12.79M, Peak:12.79M | Scene, RenderLayer | Path Tracing Tile 1/4, Sample 95/512
Fra:1 Mem:32.75M (0.00M, Peak 35.00M) | Time:00:02.25 | Remaining:00:10.71 | Mem:12.79M, Peak:12.79M | Scene, RenderLayer | Path Tracing Tile 1/4, Sample 190/512
Fra:1 Mem:32.75M (0.00M, Peak 35.00M) | Time:00:03.26 | Remaining:00:09.70 | Mem:12.79M, Peak:12.79M | Scene, RenderLayer | Path Tracing Tile 1/4, Sample 285/512
Fra:1 Mem:32.75M (0.00M, Peak 35.00M) | Time:00:04.26 | Remaining:00:08.71 | Mem:12.79M, Peak:12.79M | Scene, RenderLayer | Path Tracing Tile 1/4, Sample 379/512
Fra:1 Mem:32.75M (0.00M, Peak 35.00M) | Time:00:05.26 | Remaining:00:07.72 | Mem:12.79M, Peak:12.79M | Scene, RenderLayer | Path Tracing Tile 1/4, Sample 473/512
Fra:1 Mem:30.50M (0.00M, Peak 35.00M) | Time:00:05.68 | Remaining:00:07.32 | Mem:10.54M, Peak:12.79M | Scene, RenderLayer | Path Tracing Tile 1/4, Sample 512/512
Fra:1 Mem:32.47M (0.00M, Peak 35.00M) | Time:00:05.68 | Remaining:00:07.32 | Mem:12.51M, Peak:12.79M | Scene, RenderLayer | Path Tracing Tile 2/4, Sample 512/512
Fra:1 Mem:32.47M (0.00M, Peak 35.00M) | Time:00:06.27 | Remaining:00:06.73 | Mem:12.51M, Peak:12.79M | Scene, RenderLayer | Path Tracing Tile 2/4, Sample 63/512
Fra:1 Mem:32.47M (0.00M, Peak 35.00M) | Time:00:07.27 | Remaining:00:05.72 | Mem:12.51M, Peak:12.79M | Scene, RenderLayer | Path Tracing Tile 2/4, Sample 171/512
Fra:1 Mem:32.47M (0.00M, Peak 35.00M) | Time:00:08.28 | Remaining:00:04.72 | Mem:12.51M, Peak:12.79M | Scene, RenderLayer | Path Tracing Tile 2/4, Sample 279/512
Fra:1 Mem:32.47M (0.00M, Peak 35.00M) | Time:00:09.28 | Remaining:00:03.73 | Mem:12.51M, Peak:12.79M | Scene, RenderLayer | Path Tracing Tile 2/4, Sample 386/512
Fra:1 Mem:32.47M (0.00M, Peak 35.00M) | Time:00:10.29 | Remaining:00:02.73 | Mem:12.51M, Peak:12.79M | Scene, RenderLayer | Path Tracing Tile 2/4, Sample 493/512
Fra:1 Mem:30.50M (0.00M, Peak 35.00M) | Time:00:10.47 | Remaining:00:02.55 | Mem:10.54M, Peak:12.79M | Scene, RenderLayer | Path Tracing Tile 2/4, Sample 512/512
Fra:1 Mem:31.06M (0.00M, Peak 35.00M) | Time:00:10.47 | Remaining:00:02.55 | Mem:11.10M, Peak:12.79M | Scene, RenderLayer | Path Tracing Tile 3/4, Sample 512/512
Fra:1 Mem:31.06M (0.00M, Peak 35.00M) | Time:00:11.29 | Remaining:00:02.10 | Mem:11.10M, Peak:12.79M | Scene, RenderLayer | Path Tracing Tile 3/4, Sample 193/512
Fra:1 Mem:31.06M (0.00M, Peak 35.00M) | Time:00:12.29 | Remaining:00:01.50 | Mem:11.10M, Peak:12.79M | Scene, RenderLayer | Path Tracing Tile 3/4, Sample 427/512
Fra:1 Mem:30.50M (0.00M, Peak 35.00M) | Time:00:12.66 | Remaining:00:01.27 | Mem:10.54M, Peak:12.79M | Scene, RenderLayer | Path Tracing Tile 3/4, Sample 512/512
Fra:1 Mem:30.99M (0.00M, Peak 35.00M) | Time:00:12.66 | Remaining:00:01.27 | Mem:11.03M, Peak:12.79M | Scene, RenderLayer | Path Tracing Tile 4/4, Sample 512/512
Fra:1 Mem:30.99M (0.00M, Peak 35.00M) | Time:00:13.29 | Remaining:00:00.89 | Mem:11.03M, Peak:12.79M | Scene, RenderLayer | Path Tracing Tile 4/4, Sample 160/512
Fra:1 Mem:30.99M (0.00M, Peak 35.00M) | Time:00:14.30 | Remaining:00:00.25 | Mem:11.03M, Peak:12.79M | Scene, RenderLayer | Path Tracing Tile 4/4, Sample 413/512
Fra:1 Mem:30.50M (0.00M, Peak 35.00M) | Time:00:14.69 | Mem:10.54M, Peak:12.79M | Scene, RenderLayer | Path Tracing Tile 4/4, Sample 512/512
Fra:1 Mem:30.50M (0.00M, Peak 35.00M) | Time:00:14.69 | Mem:10.54M, Peak:12.79M | Scene, RenderLayer | Finished
Fra:1 Mem:14.58M (0.00M, Peak 35.00M) | Time:00:14.77 | Sce: Scene Ve:0 Fa:0 La:0
Saved: 'data/clevr-cleaned-variants/train/fovariant-3/render/images/CLEVR_val_000000.png'
 Time: 00:14.81 (Saving: 00:00.04)

read blend: /home/ubuntu/vdp-tool-chain/data/clevr_scene_data/base_scene.blend
convertViewVec: called in an invalid context
convertViewVec: called in an invalid context
convertViewVec: called in an invalid context
Fra:1 Mem:14.68M (0.00M, Peak 14.68M) | Time:00:00.00 | Preparing Scene data
Fra:1 Mem:20.13M (0.00M, Peak 21.60M) | Time:00:00.01 | Preparing Scene data
Fra:1 Mem:20.13M (0.00M, Peak 21.60M) | Time:00:00.01 | Creating Shadowbuffers
Fra:1 Mem:20.13M (0.00M, Peak 21.60M) | Time:00:00.01 | Raytree.. preparing
Fra:1 Mem:25.95M (0.00M, Peak 25.95M) | Time:00:00.01 | Raytree.. building
Fra:1 Mem:25.65M (0.00M, Peak 34.74M) | Time:00:00.10 | Raytree finished
Fra:1 Mem:25.65M (0.00M, Peak 34.74M) | Time:00:00.10 | Creating Environment maps
Fra:1 Mem:25.65M (0.00M, Peak 34.74M) | Time:00:00.10 | Caching Point Densities
Fra:1 Mem:25.65M (0.00M, Peak 34.74M) | Time:00:00.10 | Sce: Scene Ve:42834 Fa:42389 La:1
Fra:1 Mem:25.65M (0.00M, Peak 34.74M) | Time:00:00.10 | Loading voxel datasets
Fra:1 Mem:25.65M (0.00M, Peak 34.74M) | Time:00:00.10 | Sce: Scene Ve:42834 Fa:42389 La:1
Fra:1 Mem:25.65M (0.00M, Peak 34.74M) | Time:00:00.10 | Sce: Scene Ve:42834 Fa:42389 La:1
Fra:1 Mem:25.65M (0.00M, Peak 34.74M) | Time:00:00.10 | Volume preprocessing
Fra:1 Mem:25.65M (0.00M, Peak 34.74M) | Time:00:00.10 | Sce: Scene Ve:42834 Fa:42389 La:1
Fra:1 Mem:25.65M (0.00M, Peak 34.74M) | Time:00:00.10 | Sce: Scene Ve:42834 Fa:42389 La:1
Fra:1 Mem:29.94M (0.00M, Peak 34.74M) | Time:00:00.10 | Scene, Part 3-4
Fra:1 Mem:29.68M (0.00M, Peak 34.74M) | Time:00:00.11 | Scene, Part 4-4
Fra:1 Mem:28.75M (0.00M, Peak 34.74M) | Time:00:00.12 | Scene, Part 2-4
Fra:1 Mem:26.90M (0.00M, Peak 34.74M) | Time:00:00.12 | Scene, Part 1-4
Fra:1 Mem:14.57M (0.00M, Peak 34.74M) | Time:00:00.12 | Sce: Scene Ve:42834 Fa:42389 La:1
Saved: '/tmp/tmpjhwn_viu.png'
 Time: 00:00.14 (Saving: 00:00.01)

Fra:1 Mem:14.60M (0.00M, Peak 15.19M) | Time:00:00.05 | Mem:0.00M, Peak:0.00M | Scene, RenderLayer | Synchronizing object | Area
Fra:1 Mem:14.60M (0.00M, Peak 15.19M) | Time:00:00.05 | Mem:0.00M, Peak:0.00M | Scene, RenderLayer | Synchronizing object | Ground
Fra:1 Mem:14.67M (0.00M, Peak 15.19M) | Time:00:00.05 | Mem:0.00M, Peak:0.00M | Scene, RenderLayer | Synchronizing object | Empty
Fra:1 Mem:14.67M (0.00M, Peak 15.19M) | Time:00:00.05 | Mem:0.00M, Peak:0.00M | Scene, RenderLayer | Synchronizing object | Lamp_Back
Fra:1 Mem:14.67M (0.00M, Peak 15.19M) | Time:00:00.05 | Mem:0.00M, Peak:0.00M | Scene, RenderLayer | Synchronizing object | Lamp_Fill
Fra:1 Mem:14.67M (0.00M, Peak 15.19M) | Time:00:00.05 | Mem:0.00M, Peak:0.00M | Scene, RenderLayer | Synchronizing object | Lamp_Key
Fra:1 Mem:14.67M (0.00M, Peak 15.19M) | Time:00:00.05 | Mem:0.00M, Peak:0.00M | Scene, RenderLayer | Synchronizing object | Camera
Fra:1 Mem:14.67M (0.00M, Peak 15.19M) | Time:00:00.05 | Mem:0.00M, Peak:0.00M | Scene, RenderLayer | Synchronizing object | SmoothCube_v2_0
Fra:1 Mem:15.03M (0.00M, Peak 15.38M) | Time:00:00.05 | Mem:0.00M, Peak:0.00M | Scene, RenderLayer | Synchronizing object | SmoothCylinder_0
Fra:1 Mem:18.35M (0.00M, Peak 21.44M) | Time:00:00.06 | Mem:0.00M, Peak:0.00M | Scene, RenderLayer | Synchronizing object | SmoothCube_v2_1
Fra:1 Mem:18.72M (0.00M, Peak 21.44M) | Time:00:00.06 | Mem:0.00M, Peak:0.00M | Scene, RenderLayer | Initializing
Fra:1 Mem:18.72M (0.00M, Peak 21.44M) | Time:00:00.06 | Mem:0.00M, Peak:0.00M | Scene, RenderLayer | Loading render kernels (may take a few minutes the first time)
Fra:1 Mem:18.72M (0.00M, Peak 21.44M) | Time:00:00.08 | Mem:0.00M, Peak:0.00M | Scene, RenderLayer | Waiting for render to start
Fra:1 Mem:18.72M (0.00M, Peak 21.44M) | Time:00:00.08 | Mem:0.00M, Peak:0.00M | Scene, RenderLayer | Updating Scene
Fra:1 Mem:18.72M (0.00M, Peak 21.44M) | Time:00:00.08 | Mem:0.00M, Peak:0.00M | Scene, RenderLayer | Updating Shaders
Fra:1 Mem:18.97M (0.00M, Peak 21.44M) | Time:00:00.08 | Mem:0.00M, Peak:0.00M | Scene, RenderLayer | Updating Background
Fra:1 Mem:18.97M (0.00M, Peak 21.44M) | Time:00:00.08 | Mem:0.00M, Peak:0.00M | Scene, RenderLayer | Updating Camera
Fra:1 Mem:18.97M (0.00M, Peak 21.44M) | Time:00:00.08 | Mem:0.00M, Peak:0.00M | Scene, RenderLayer | Updating Meshes Flags
Fra:1 Mem:18.97M (0.00M, Peak 21.44M) | Time:00:00.08 | Mem:0.00M, Peak:0.00M | Scene, RenderLayer | Updating Objects
Fra:1 Mem:18.97M (0.00M, Peak 21.44M) | Time:00:00.08 | Mem:0.00M, Peak:0.00M | Scene, RenderLayer | Updating Objects | Copying Transformations to device
Fra:1 Mem:18.97M (0.00M, Peak 21.44M) | Time:00:00.08 | Mem:0.00M, Peak:0.00M | Scene, RenderLayer | Updating Objects | Applying Static Transformations
Fra:1 Mem:18.97M (0.00M, Peak 21.44M) | Time:00:00.08 | Mem:0.00M, Peak:0.00M | Scene, RenderLayer | Updating Meshes
Fra:1 Mem:20.23M (0.00M, Peak 21.44M) | Time:00:00.08 | Mem:0.00M, Peak:0.00M | Scene, RenderLayer | Updating Mesh | Computing attributes
Fra:1 Mem:20.88M (0.00M, Peak 21.44M) | Time:00:00.08 | Mem:0.00M, Peak:0.00M | Scene, RenderLayer | Updating Mesh | Copying Attributes to device
Fra:1 Mem:20.88M (0.00M, Peak 21.54M) | Time:00:00.08 | Mem:0.66M, Peak:0.66M | Scene, RenderLayer | Updating Scene BVH | Building
Fra:1 Mem:20.88M (0.00M, Peak 21.54M) | Time:00:00.08 | Mem:0.66M, Peak:0.66M | Scene, RenderLayer | Updating Scene BVH | Building BVH
Fra:1 Mem:25.61M (0.00M, Peak 25.61M) | Time:00:00.14 | Mem:0.66M, Peak:0.66M | Scene, RenderLayer | Updating Scene BVH | Packing BVH triangles and strands
Fra:1 Mem:30.02M (0.00M, Peak 30.02M) | Time:00:00.14 | Mem:0.66M, Peak:0.66M | Scene, RenderLayer | Updating Scene BVH | Packing BVH nodes
Fra:1 Mem:27.58M (0.00M, Peak 31.36M) | Time:00:00.15 | Mem:0.66M, Peak:0.66M | Scene, RenderLayer | Updating Scene BVH | Copying BVH to device
Fra:1 Mem:27.89M (0.00M, Peak 31.36M) | Time:00:00.15 | Mem:7.35M, Peak:7.35M | Scene, RenderLayer | Updating Mesh | Computing normals
Fra:1 Mem:30.78M (0.00M, Peak 31.36M) | Time:00:00.15 | Mem:7.35M, Peak:7.35M | Scene, RenderLayer | Updating Mesh | Copying Mesh to device
Fra:1 Mem:30.47M (0.00M, Peak 31.36M) | Time:00:00.15 | Mem:10.24M, Peak:10.24M | Scene, RenderLayer | Updating Objects Flags
Fra:1 Mem:30.47M (0.00M, Peak 31.36M) | Time:00:00.15 | Mem:10.24M, Peak:10.24M | Scene, RenderLayer | Updating Images
Fra:1 Mem:30.47M (0.00M, Peak 31.36M) | Time:00:00.15 | Mem:10.24M, Peak:10.24M | Scene, RenderLayer | Updating Camera Volume
Fra:1 Mem:30.47M (0.00M, Peak 31.36M) | Time:00:00.15 | Mem:10.24M, Peak:10.24M | Scene, RenderLayer | Updating Hair Systems
Fra:1 Mem:30.47M (0.00M, Peak 31.36M) | Time:00:00.15 | Mem:10.24M, Peak:10.24M | Scene, RenderLayer | Updating Hair settings | Copying Hair settings to device
Fra:1 Mem:30.47M (0.00M, Peak 31.36M) | Time:00:00.15 | Mem:10.24M, Peak:10.24M | Scene, RenderLayer | Updating Lookup Tables
Fra:1 Mem:30.47M (0.00M, Peak 31.36M) | Time:00:00.15 | Mem:10.49M, Peak:10.49M | Scene, RenderLayer | Updating Lights
Fra:1 Mem:30.47M (0.00M, Peak 31.36M) | Time:00:00.15 | Mem:10.49M, Peak:10.49M | Scene, RenderLayer | Updating Lights | Computing distribution
Fra:1 Mem:30.47M (0.00M, Peak 31.36M) | Time:00:00.15 | Mem:10.49M, Peak:10.49M | Scene, RenderLayer | Updating Particle Systems
Fra:1 Mem:30.47M (0.00M, Peak 31.36M) | Time:00:00.15 | Mem:10.49M, Peak:10.49M | Scene, RenderLayer | Updating Particle Systems | Copying Particles to device
Fra:1 Mem:30.47M (0.00M, Peak 31.36M) | Time:00:00.15 | Mem:10.49M, Peak:10.49M | Scene, RenderLayer | Updating Integrator
Fra:1 Mem:30.51M (0.00M, Peak 31.36M) | Time:00:00.16 | Mem:10.53M, Peak:10.53M | Scene, RenderLayer | Updating Film
Fra:1 Mem:30.51M (0.00M, Peak 31.36M) | Time:00:00.16 | Mem:10.53M, Peak:10.53M | Scene, RenderLayer | Updating Lookup Tables
Fra:1 Mem:30.51M (0.00M, Peak 31.36M) | Time:00:00.16 | Mem:10.54M, Peak:10.54M | Scene, RenderLayer | Updating Baking
Fra:1 Mem:30.51M (0.00M, Peak 31.36M) | Time:00:00.16 | Mem:10.54M, Peak:10.54M | Scene, RenderLayer | Updating Device | Writing constant memory
Fra:1 Mem:30.51M (0.00M, Peak 31.36M) | Time:00:00.16 | Mem:10.54M, Peak:10.54M | Scene, RenderLayer | Path Tracing Tile 0/4, Sample 0/512
Fra:1 Mem:32.76M (0.00M, Peak 34.02M) | Time:00:00.16 | Mem:12.79M, Peak:12.79M | Scene, RenderLayer | Path Tracing Tile 1/4, Sample 0/512
Fra:1 Mem:32.76M (0.00M, Peak 35.02M) | Time:00:01.17 | Remaining:00:12.02 | Mem:12.79M, Peak:12.79M | Scene, RenderLayer | Path Tracing Tile 1/4, Sample 93/512
Fra:1 Mem:32.76M (0.00M, Peak 35.02M) | Time:00:02.17 | Remaining:00:10.98 | Mem:12.79M, Peak:12.79M | Scene, RenderLayer | Path Tracing Tile 1/4, Sample 186/512
Fra:1 Mem:32.76M (0.00M, Peak 35.02M) | Time:00:03.18 | Remaining:00:09.96 | Mem:12.79M, Peak:12.79M | Scene, RenderLayer | Path Tracing Tile 1/4, Sample 279/512
Fra:1 Mem:32.76M (0.00M, Peak 35.02M) | Time:00:04.18 | Remaining:00:08.96 | Mem:12.79M, Peak:12.79M | Scene, RenderLayer | Path Tracing Tile 1/4, Sample 372/512
Fra:1 Mem:32.76M (0.00M, Peak 35.02M) | Time:00:05.18 | Remaining:00:07.97 | Mem:12.79M, Peak:12.79M | Scene, RenderLayer | Path Tracing Tile 1/4, Sample 464/512
Fra:1 Mem:30.51M (0.00M, Peak 35.02M) | Time:00:05.71 | Remaining:00:07.46 | Mem:10.54M, Peak:12.79M | Scene, RenderLayer | Path Tracing Tile 1/4, Sample 512/512
Fra:1 Mem:32.48M (0.00M, Peak 35.02M) | Time:00:05.71 | Remaining:00:07.46 | Mem:12.51M, Peak:12.79M | Scene, RenderLayer | Path Tracing Tile 2/4, Sample 512/512
Fra:1 Mem:32.48M (0.00M, Peak 35.02M) | Time:00:06.18 | Remaining:00:06.96 | Mem:12.51M, Peak:12.79M | Scene, RenderLayer | Path Tracing Tile 2/4, Sample 51/512
Fra:1 Mem:32.48M (0.00M, Peak 35.02M) | Time:00:07.18 | Remaining:00:05.92 | Mem:12.51M, Peak:12.79M | Scene, RenderLayer | Path Tracing Tile 2/4, Sample 159/512
Fra:1 Mem:32.48M (0.00M, Peak 35.02M) | Time:00:08.19 | Remaining:00:04.89 | Mem:12.51M, Peak:12.79M | Scene, RenderLayer | Path Tracing Tile 2/4, Sample 267/512
Fra:1 Mem:32.48M (0.00M, Peak 35.02M) | Time:00:09.19 | Remaining:00:03.87 | Mem:12.51M, Peak:12.79M | Scene, RenderLayer | Path Tracing Tile 2/4, Sample 375/512
Fra:1 Mem:32.48M (0.00M, Peak 35.02M) | Time:00:10.19 | Remaining:00:02.86 | Mem:12.51M, Peak:12.79M | Scene, RenderLayer | Path Tracing Tile 2/4, Sample 482/512
Fra:1 Mem:30.51M (0.00M, Peak 35.02M) | Time:00:10.48 | Remaining:00:02.58 | Mem:10.54M, Peak:12.79M | Scene, RenderLayer | Path Tracing Tile 2/4, Sample 512/512
Fra:1 Mem:31.08M (0.00M, Peak 35.02M) | Time:00:10.48 | Remaining:00:02.58 | Mem:11.10M, Peak:12.79M | Scene, RenderLayer | Path Tracing Tile 3/4, Sample 512/512
Fra:1 Mem:31.08M (0.00M, Peak 35.02M) | Time:00:11.19 | Remaining:00:02.18 | Mem:11.10M, Peak:12.79M | Scene, RenderLayer | Path Tracing Tile 3/4, Sample 167/512
Fra:1 Mem:31.08M (0.00M, Peak 35.02M) | Time:00:12.19 | Remaining:00:01.59 | Mem:11.10M, Peak:12.79M | Scene, RenderLayer | Path Tracing Tile 3/4, Sample 399/512
Fra:1 Mem:30.51M (0.00M, Peak 35.02M) | Time:00:12.69 | Remaining:00:01.28 | Mem:10.54M, Peak:12.79M | Scene, RenderLayer | Path Tracing Tile 3/4, Sample 512/512
Fra:1 Mem:31.01M (0.00M, Peak 35.02M) | Time:00:12.69 | Remaining:00:01.28 | Mem:11.03M, Peak:12.79M | Scene, RenderLayer | Path Tracing Tile 4/4, Sample 512/512
Fra:1 Mem:31.01M (0.00M, Peak 35.02M) | Time:00:13.20 | Remaining:00:00.98 | Mem:11.03M, Peak:12.79M | Scene, RenderLayer | Path Tracing Tile 4/4, Sample 128/512
Fra:1 Mem:31.01M (0.00M, Peak 35.02M) | Time:00:14.20 | Remaining:00:00.35 | Mem:11.03M, Peak:12.79M | Scene, RenderLayer | Path Tracing Tile 4/4, Sample 377/512
Fra:1 Mem:30.51M (0.00M, Peak 35.02M) | Time:00:14.74 | Mem:10.54M, Peak:12.79M | Scene, RenderLayer | Path Tracing Tile 4/4, Sample 512/512
Fra:1 Mem:30.51M (0.00M, Peak 35.02M) | Time:00:14.74 | Mem:10.54M, Peak:12.79M | Scene, RenderLayer | Finished
Fra:1 Mem:14.59M (0.00M, Peak 35.02M) | Time:00:14.82 | Sce: Scene Ve:0 Fa:0 La:0
Saved: 'data/clevr-cleaned-variants/train/fovariant-3/render/images/CLEVR_val_000001.png'
 Time: 00:14.86 (Saving: 00:00.03)

read blend: /home/ubuntu/vdp-tool-chain/data/clevr_scene_data/base_scene.blend
convertViewVec: called in an invalid context
convertViewVec: called in an invalid context
convertViewVec: called in an invalid context
Fra:1 Mem:14.69M (0.00M, Peak 14.69M) | Time:00:00.00 | Preparing Scene data
Fra:1 Mem:20.14M (0.00M, Peak 20.93M) | Time:00:00.01 | Preparing Scene data
Fra:1 Mem:20.14M (0.00M, Peak 20.93M) | Time:00:00.01 | Creating Shadowbuffers
Fra:1 Mem:20.14M (0.00M, Peak 20.93M) | Time:00:00.01 | Raytree.. preparing
Fra:1 Mem:25.96M (0.00M, Peak 25.96M) | Time:00:00.01 | Raytree.. building
Fra:1 Mem:25.66M (0.00M, Peak 34.75M) | Time:00:00.10 | Raytree finished
Fra:1 Mem:25.66M (0.00M, Peak 34.75M) | Time:00:00.10 | Creating Environment maps
Fra:1 Mem:25.66M (0.00M, Peak 34.75M) | Time:00:00.10 | Caching Point Densities
Fra:1 Mem:25.66M (0.00M, Peak 34.75M) | Time:00:00.10 | Sce: Scene Ve:42834 Fa:42384 La:1
Fra:1 Mem:25.66M (0.00M, Peak 34.75M) | Time:00:00.10 | Loading voxel datasets
Fra:1 Mem:25.66M (0.00M, Peak 34.75M) | Time:00:00.10 | Sce: Scene Ve:42834 Fa:42384 La:1
Fra:1 Mem:25.66M (0.00M, Peak 34.75M) | Time:00:00.10 | Sce: Scene Ve:42834 Fa:42384 La:1
Fra:1 Mem:25.66M (0.00M, Peak 34.75M) | Time:00:00.10 | Volume preprocessing
Fra:1 Mem:25.66M (0.00M, Peak 34.75M) | Time:00:00.10 | Sce: Scene Ve:42834 Fa:42384 La:1
Fra:1 Mem:25.66M (0.00M, Peak 34.75M) | Time:00:00.10 | Sce: Scene Ve:42834 Fa:42384 La:1
Fra:1 Mem:30.19M (0.00M, Peak 34.75M) | Time:00:00.10 | Scene, Part 4-4
Fra:1 Mem:29.73M (0.00M, Peak 34.75M) | Time:00:00.10 | Scene, Part 3-4
Fra:1 Mem:28.76M (0.00M, Peak 34.75M) | Time:00:00.11 | Scene, Part 2-4
Fra:1 Mem:26.91M (0.00M, Peak 34.75M) | Time:00:00.11 | Scene, Part 1-4
Fra:1 Mem:14.57M (0.00M, Peak 34.75M) | Time:00:00.12 | Sce: Scene Ve:42834 Fa:42384 La:1
Saved: '/tmp/tmp93np9omg.png'
 Time: 00:00.13 (Saving: 00:00.01)

Fra:1 Mem:14.61M (0.00M, Peak 15.20M) | Time:00:00.05 | Mem:0.00M, Peak:0.00M | Scene, RenderLayer | Synchronizing object | Area
Fra:1 Mem:14.61M (0.00M, Peak 15.20M) | Time:00:00.05 | Mem:0.00M, Peak:0.00M | Scene, RenderLayer | Synchronizing object | Ground
Fra:1 Mem:14.67M (0.00M, Peak 15.20M) | Time:00:00.05 | Mem:0.00M, Peak:0.00M | Scene, RenderLayer | Synchronizing object | Empty
Fra:1 Mem:14.67M (0.00M, Peak 15.20M) | Time:00:00.05 | Mem:0.00M, Peak:0.00M | Scene, RenderLayer | Synchronizing object | Lamp_Back
Fra:1 Mem:14.67M (0.00M, Peak 15.20M) | Time:00:00.05 | Mem:0.00M, Peak:0.00M | Scene, RenderLayer | Synchronizing object | Lamp_Fill
Fra:1 Mem:14.67M (0.00M, Peak 15.20M) | Time:00:00.05 | Mem:0.00M, Peak:0.00M | Scene, RenderLayer | Synchronizing object | Lamp_Key
Fra:1 Mem:14.67M (0.00M, Peak 15.20M) | Time:00:00.05 | Mem:0.00M, Peak:0.00M | Scene, RenderLayer | Synchronizing object | Camera
Fra:1 Mem:14.67M (0.00M, Peak 15.20M) | Time:00:00.05 | Mem:0.00M, Peak:0.00M | Scene, RenderLayer | Synchronizing object | SmoothCylinder_0
Fra:1 Mem:17.46M (0.00M, Peak 20.68M) | Time:00:00.05 | Mem:0.00M, Peak:0.00M | Scene, RenderLayer | Synchronizing object | SmoothCube_v2_0
Fra:1 Mem:17.82M (0.00M, Peak 20.68M) | Time:00:00.06 | Mem:0.00M, Peak:0.00M | Scene, RenderLayer | Synchronizing object | SmoothCube_v2_1
Fra:1 Mem:18.19M (0.00M, Peak 20.68M) | Time:00:00.06 | Mem:0.00M, Peak:0.00M | Scene, RenderLayer | Initializing
Fra:1 Mem:18.19M (0.00M, Peak 20.68M) | Time:00:00.06 | Mem:0.00M, Peak:0.00M | Scene, RenderLayer | Loading render kernels (may take a few minutes the first time)
Fra:1 Mem:18.19M (0.00M, Peak 20.89M) | Time:00:00.07 | Mem:0.00M, Peak:0.00M | Scene, RenderLayer | Waiting for render to start
Fra:1 Mem:18.19M (0.00M, Peak 20.89M) | Time:00:00.07 | Mem:0.00M, Peak:0.00M | Scene, RenderLayer | Updating Scene
Fra:1 Mem:18.19M (0.00M, Peak 20.89M) | Time:00:00.07 | Mem:0.00M, Peak:0.00M | Scene, RenderLayer | Updating Shaders
Fra:1 Mem:18.44M (0.00M, Peak 20.89M) | Time:00:00.07 | Mem:0.00M, Peak:0.00M | Scene, RenderLayer | Updating Background
Fra:1 Mem:18.44M (0.00M, Peak 20.89M) | Time:00:00.07 | Mem:0.00M, Peak:0.00M | Scene, RenderLayer | Updating Camera
Fra:1 Mem:18.44M (0.00M, Peak 20.89M) | Time:00:00.07 | Mem:0.00M, Peak:0.00M | Scene, RenderLayer | Updating Meshes Flags
Fra:1 Mem:18.44M (0.00M, Peak 20.89M) | Time:00:00.07 | Mem:0.00M, Peak:0.00M | Scene, RenderLayer | Updating Objects
Fra:1 Mem:18.44M (0.00M, Peak 20.89M) | Time:00:00.07 | Mem:0.00M, Peak:0.00M | Scene, RenderLayer | Updating Objects | Copying Transformations to device
Fra:1 Mem:18.44M (0.00M, Peak 20.89M) | Time:00:00.07 | Mem:0.00M, Peak:0.00M | Scene, RenderLayer | Updating Objects | Applying Static Transformations
Fra:1 Mem:18.44M (0.00M, Peak 20.89M) | Time:00:00.07 | Mem:0.00M, Peak:0.00M | Scene, RenderLayer | Updating Meshes
Fra:1 Mem:19.70M (0.00M, Peak 20.89M) | Time:00:00.08 | Mem:0.00M, Peak:0.00M | Scene, RenderLayer | Updating Mesh | Computing attributes
Fra:1 Mem:19.81M (0.00M, Peak 20.89M) | Time:00:00.08 | Mem:0.00M, Peak:0.00M | Scene, RenderLayer | Updating Mesh | Copying Attributes to device
Fra:1 Mem:19.81M (0.00M, Peak 20.89M) | Time:00:00.08 | Mem:0.12M, Peak:0.12M | Scene, RenderLayer | Updating Scene BVH | Building
Fra:1 Mem:19.81M (0.00M, Peak 20.89M) | Time:00:00.08 | Mem:0.12M, Peak:0.12M | Scene, RenderLayer | Updating Scene BVH | Building BVH
Fra:1 Mem:24.54M (0.00M, Peak 24.54M) | Time:00:00.14 | Mem:0.12M, Peak:0.12M | Scene, RenderLayer | Updating Scene BVH | Packing BVH triangles and strands
Fra:1 Mem:28.95M (0.00M, Peak 28.95M) | Time:00:00.14 | Mem:0.12M, Peak:0.12M | Scene, RenderLayer | Updating Scene BVH | Packing BVH nodes
Fra:1 Mem:26.51M (0.00M, Peak 30.29M) | Time:00:00.15 | Mem:0.12M, Peak:0.12M | Scene, RenderLayer | Updating Scene BVH | Copying BVH to device
Fra:1 Mem:26.82M (0.00M, Peak 30.29M) | Time:00:00.15 | Mem:6.81M, Peak:6.81M | Scene, RenderLayer | Updating Mesh | Computing normals
Fra:1 Mem:29.71M (0.00M, Peak 30.29M) | Time:00:00.15 | Mem:6.81M, Peak:6.81M | Scene, RenderLayer | Updating Mesh | Copying Mesh to device
Fra:1 Mem:29.40M (0.00M, Peak 30.29M) | Time:00:00.15 | Mem:9.70M, Peak:9.70M | Scene, RenderLayer | Updating Objects Flags
Fra:1 Mem:29.40M (0.00M, Peak 30.29M) | Time:00:00.15 | Mem:9.70M, Peak:9.70M | Scene, RenderLayer | Updating Images
Fra:1 Mem:29.40M (0.00M, Peak 30.29M) | Time:00:00.15 | Mem:9.70M, Peak:9.70M | Scene, RenderLayer | Updating Camera Volume
Fra:1 Mem:29.40M (0.00M, Peak 30.29M) | Time:00:00.15 | Mem:9.70M, Peak:9.70M | Scene, RenderLayer | Updating Hair Systems
Fra:1 Mem:29.40M (0.00M, Peak 30.29M) | Time:00:00.15 | Mem:9.70M, Peak:9.70M | Scene, RenderLayer | Updating Hair settings | Copying Hair settings to device
Fra:1 Mem:29.40M (0.00M, Peak 30.29M) | Time:00:00.15 | Mem:9.70M, Peak:9.70M | Scene, RenderLayer | Updating Lookup Tables
Fra:1 Mem:29.40M (0.00M, Peak 30.29M) | Time:00:00.15 | Mem:9.95M, Peak:9.95M | Scene, RenderLayer | Updating Lights
Fra:1 Mem:29.40M (0.00M, Peak 30.29M) | Time:00:00.15 | Mem:9.95M, Peak:9.95M | Scene, RenderLayer | Updating Lights | Computing distribution
Fra:1 Mem:29.40M (0.00M, Peak 30.29M) | Time:00:00.15 | Mem:9.95M, Peak:9.95M | Scene, RenderLayer | Updating Particle Systems
Fra:1 Mem:29.40M (0.00M, Peak 30.29M) | Time:00:00.15 | Mem:9.95M, Peak:9.95M | Scene, RenderLayer | Updating Particle Systems | Copying Particles to device
Fra:1 Mem:29.40M (0.00M, Peak 30.29M) | Time:00:00.15 | Mem:9.95M, Peak:9.95M | Scene, RenderLayer | Updating Integrator
Fra:1 Mem:29.44M (0.00M, Peak 30.29M) | Time:00:00.15 | Mem:10.00M, Peak:10.00M | Scene, RenderLayer | Updating Film
Fra:1 Mem:29.45M (0.00M, Peak 30.29M) | Time:00:00.15 | Mem:10.00M, Peak:10.00M | Scene, RenderLayer | Updating Lookup Tables
Fra:1 Mem:29.45M (0.00M, Peak 30.29M) | Time:00:00.16 | Mem:10.00M, Peak:10.00M | Scene, RenderLayer | Updating Baking
Fra:1 Mem:29.45M (0.00M, Peak 30.29M) | Time:00:00.16 | Mem:10.00M, Peak:10.00M | Scene, RenderLayer | Updating Device | Writing constant memory
Fra:1 Mem:29.45M (0.00M, Peak 30.29M) | Time:00:00.16 | Mem:10.00M, Peak:10.00M | Scene, RenderLayer | Path Tracing Tile 0/4, Sample 0/512
Fra:1 Mem:31.70M (0.00M, Peak 32.95M) | Time:00:00.16 | Mem:12.25M, Peak:12.25M | Scene, RenderLayer | Path Tracing Tile 1/4, Sample 0/512
Fra:1 Mem:31.70M (0.00M, Peak 33.95M) | Time:00:01.17 | Remaining:00:11.78 | Mem:12.25M, Peak:12.25M | Scene, RenderLayer | Path Tracing Tile 1/4, Sample 95/512
Fra:1 Mem:31.70M (0.00M, Peak 33.95M) | Time:00:02.18 | Remaining:00:10.74 | Mem:12.25M, Peak:12.25M | Scene, RenderLayer | Path Tracing Tile 1/4, Sample 190/512
Fra:1 Mem:31.70M (0.00M, Peak 33.95M) | Time:00:03.18 | Remaining:00:09.72 | Mem:12.25M, Peak:12.25M | Scene, RenderLayer | Path Tracing Tile 1/4, Sample 285/512
Fra:1 Mem:31.70M (0.00M, Peak 33.95M) | Time:00:04.18 | Remaining:00:08.72 | Mem:12.25M, Peak:12.25M | Scene, RenderLayer | Path Tracing Tile 1/4, Sample 379/512
Fra:1 Mem:31.70M (0.00M, Peak 33.95M) | Time:00:05.19 | Remaining:00:07.73 | Mem:12.25M, Peak:12.25M | Scene, RenderLayer | Path Tracing Tile 1/4, Sample 473/512
Fra:1 Mem:29.45M (0.00M, Peak 33.95M) | Time:00:05.61 | Remaining:00:07.32 | Mem:10.00M, Peak:12.25M | Scene, RenderLayer | Path Tracing Tile 1/4, Sample 512/512
Fra:1 Mem:31.41M (0.00M, Peak 33.95M) | Time:00:05.61 | Remaining:00:07.33 | Mem:11.97M, Peak:12.25M | Scene, RenderLayer | Path Tracing Tile 2/4, Sample 512/512
Fra:1 Mem:31.41M (0.00M, Peak 33.95M) | Time:00:06.19 | Remaining:00:06.65 | Mem:11.97M, Peak:12.25M | Scene, RenderLayer | Path Tracing Tile 2/4, Sample 67/512
Fra:1 Mem:31.41M (0.00M, Peak 33.95M) | Time:00:07.19 | Remaining:00:05.52 | Mem:11.97M, Peak:12.25M | Scene, RenderLayer | Path Tracing Tile 2/4, Sample 183/512
Fra:1 Mem:31.41M (0.00M, Peak 33.95M) | Time:00:08.20 | Remaining:00:04.43 | Mem:11.97M, Peak:12.25M | Scene, RenderLayer | Path Tracing Tile 2/4, Sample 299/512
Fra:1 Mem:31.41M (0.00M, Peak 33.95M) | Time:00:09.20 | Remaining:00:03.35 | Mem:11.97M, Peak:12.25M | Scene, RenderLayer | Path Tracing Tile 2/4, Sample 415/512
Fra:1 Mem:29.45M (0.00M, Peak 33.95M) | Time:00:10.05 | Remaining:00:02.47 | Mem:10.00M, Peak:12.25M | Scene, RenderLayer | Path Tracing Tile 2/4, Sample 512/512
Fra:1 Mem:30.01M (0.00M, Peak 33.95M) | Time:00:10.05 | Remaining:00:02.47 | Mem:10.56M, Peak:12.25M | Scene, RenderLayer | Path Tracing Tile 3/4, Sample 512/512
Fra:1 Mem:30.01M (0.00M, Peak 33.95M) | Time:00:10.20 | Remaining:00:02.39 | Mem:10.56M, Peak:12.25M | Scene, RenderLayer | Path Tracing Tile 3/4, Sample 35/512
Fra:1 Mem:30.01M (0.00M, Peak 33.95M) | Time:00:11.20 | Remaining:00:01.84 | Mem:10.56M, Peak:12.25M | Scene, RenderLayer | Path Tracing Tile 3/4, Sample 272/512
Fra:1 Mem:30.01M (0.00M, Peak 33.95M) | Time:00:12.21 | Remaining:00:01.25 | Mem:10.56M, Peak:12.25M | Scene, RenderLayer | Path Tracing Tile 3/4, Sample 507/512
Fra:1 Mem:29.45M (0.00M, Peak 33.95M) | Time:00:12.23 | Remaining:00:01.24 | Mem:10.00M, Peak:12.25M | Scene, RenderLayer | Path Tracing Tile 3/4, Sample 512/512
Fra:1 Mem:29.94M (0.00M, Peak 33.95M) | Time:00:12.23 | Remaining:00:01.24 | Mem:10.49M, Peak:12.25M | Scene, RenderLayer | Path Tracing Tile 4/4, Sample 512/512
Fra:1 Mem:29.94M (0.00M, Peak 33.95M) | Time:00:13.21 | Remaining:00:00.65 | Mem:10.49M, Peak:12.25M | Scene, RenderLayer | Path Tracing Tile 4/4, Sample 251/512
Fra:1 Mem:29.94M (0.00M, Peak 33.95M) | Time:00:14.21 | Remaining:00:00.01 | Mem:10.49M, Peak:12.25M | Scene, RenderLayer | Path Tracing Tile 4/4, Sample 507/512
Fra:1 Mem:29.45M (0.00M, Peak 33.95M) | Time:00:14.23 | Mem:10.00M, Peak:12.25M | Scene, RenderLayer | Path Tracing Tile 4/4, Sample 512/512
Fra:1 Mem:29.45M (0.00M, Peak 33.95M) | Time:00:14.23 | Mem:10.00M, Peak:12.25M | Scene, RenderLayer | Finished
Fra:1 Mem:14.60M (0.00M, Peak 33.95M) | Time:00:14.31 | Sce: Scene Ve:0 Fa:0 La:0
Saved: 'data/clevr-cleaned-variants/train/fovariant-3/render/images/CLEVR_val_000002.png'
 Time: 00:14.35 (Saving: 00:00.03)

read blend: /home/ubuntu/vdp-tool-chain/data/clevr_scene_data/base_scene.blend
convertViewVec: called in an invalid context
convertViewVec: called in an invalid context
convertViewVec: called in an invalid context
Fra:1 Mem:14.70M (0.00M, Peak 14.70M) | Time:00:00.00 | Preparing Scene data
Fra:1 Mem:20.15M (0.00M, Peak 20.93M) | Time:00:00.01 | Preparing Scene data
Fra:1 Mem:20.15M (0.00M, Peak 20.93M) | Time:00:00.01 | Creating Shadowbuffers
Fra:1 Mem:20.15M (0.00M, Peak 20.93M) | Time:00:00.01 | Raytree.. preparing
Fra:1 Mem:25.97M (0.00M, Peak 25.97M) | Time:00:00.01 | Raytree.. building
Fra:1 Mem:25.66M (0.00M, Peak 34.75M) | Time:00:00.10 | Raytree finished
Fra:1 Mem:25.66M (0.00M, Peak 34.75M) | Time:00:00.10 | Creating Environment maps
Fra:1 Mem:25.66M (0.00M, Peak 34.75M) | Time:00:00.10 | Caching Point Densities
Fra:1 Mem:25.66M (0.00M, Peak 34.75M) | Time:00:00.10 | Sce: Scene Ve:42834 Fa:42383 La:1
Fra:1 Mem:25.66M (0.00M, Peak 34.75M) | Time:00:00.10 | Loading voxel datasets
Fra:1 Mem:25.66M (0.00M, Peak 34.75M) | Time:00:00.10 | Sce: Scene Ve:42834 Fa:42383 La:1
Fra:1 Mem:25.67M (0.00M, Peak 34.75M) | Time:00:00.10 | Sce: Scene Ve:42834 Fa:42383 La:1
Fra:1 Mem:25.67M (0.00M, Peak 34.75M) | Time:00:00.10 | Volume preprocessing
Fra:1 Mem:25.67M (0.00M, Peak 34.75M) | Time:00:00.10 | Sce: Scene Ve:42834 Fa:42383 La:1
Fra:1 Mem:25.67M (0.00M, Peak 34.75M) | Time:00:00.10 | Sce: Scene Ve:42834 Fa:42383 La:1
Fra:1 Mem:29.74M (0.00M, Peak 34.75M) | Time:00:00.10 | Scene, Part 3-4
Fra:1 Mem:29.70M (0.00M, Peak 34.75M) | Time:00:00.10 | Scene, Part 4-4
Fra:1 Mem:28.77M (0.00M, Peak 34.75M) | Time:00:00.11 | Scene, Part 2-4
Fra:1 Mem:26.92M (0.00M, Peak 34.75M) | Time:00:00.12 | Scene, Part 1-4
Fra:1 Mem:14.58M (0.00M, Peak 34.75M) | Time:00:00.12 | Sce: Scene Ve:42834 Fa:42383 La:1
Saved: '/tmp/tmpxquy3vgp.png'
 Time: 00:00.13 (Saving: 00:00.01)

Fra:1 Mem:14.61M (0.00M, Peak 15.21M) | Time:00:00.04 | Mem:0.00M, Peak:0.00M | Scene, RenderLayer | Synchronizing object | Area
Fra:1 Mem:14.61M (0.00M, Peak 15.21M) | Time:00:00.04 | Mem:0.00M, Peak:0.00M | Scene, RenderLayer | Synchronizing object | Ground
Fra:1 Mem:14.68M (0.00M, Peak 15.21M) | Time:00:00.05 | Mem:0.00M, Peak:0.00M | Scene, RenderLayer | Synchronizing object | Empty
Fra:1 Mem:14.68M (0.00M, Peak 15.21M) | Time:00:00.05 | Mem:0.00M, Peak:0.00M | Scene, RenderLayer | Synchronizing object | Lamp_Back
Fra:1 Mem:14.68M (0.00M, Peak 15.21M) | Time:00:00.05 | Mem:0.00M, Peak:0.00M | Scene, RenderLayer | Synchronizing object | Lamp_Fill
Fra:1 Mem:14.68M (0.00M, Peak 15.21M) | Time:00:00.05 | Mem:0.00M, Peak:0.00M | Scene, RenderLayer | Synchronizing object | Lamp_Key
Fra:1 Mem:14.68M (0.00M, Peak 15.21M) | Time:00:00.05 | Mem:0.00M, Peak:0.00M | Scene, RenderLayer | Synchronizing object | Camera
Fra:1 Mem:14.68M (0.00M, Peak 15.21M) | Time:00:00.05 | Mem:0.00M, Peak:0.00M | Scene, RenderLayer | Synchronizing object | SmoothCylinder_0
Fra:1 Mem:18.00M (0.00M, Peak 21.09M) | Time:00:00.06 | Mem:0.00M, Peak:0.00M | Scene, RenderLayer | Synchronizing object | SmoothCube_v2_0
Fra:1 Mem:18.31M (0.00M, Peak 21.09M) | Time:00:00.06 | Mem:0.00M, Peak:0.00M | Scene, RenderLayer | Synchronizing object | SmoothCube_v2_1
Fra:1 Mem:18.62M (0.00M, Peak 21.09M) | Time:00:00.06 | Mem:0.00M, Peak:0.00M | Scene, RenderLayer | Initializing
Fra:1 Mem:18.62M (0.00M, Peak 21.09M) | Time:00:00.06 | Mem:0.00M, Peak:0.00M | Scene, RenderLayer | Loading render kernels (may take a few minutes the first time)
Fra:1 Mem:18.62M (0.00M, Peak 21.32M) | Time:00:00.07 | Mem:0.00M, Peak:0.00M | Scene, RenderLayer | Waiting for render to start
Fra:1 Mem:18.62M (0.00M, Peak 21.32M) | Time:00:00.07 | Mem:0.00M, Peak:0.00M | Scene, RenderLayer | Updating Scene
Fra:1 Mem:18.62M (0.00M, Peak 21.32M) | Time:00:00.07 | Mem:0.00M, Peak:0.00M | Scene, RenderLayer | Updating Shaders
Fra:1 Mem:18.87M (0.00M, Peak 21.32M) | Time:00:00.08 | Mem:0.00M, Peak:0.00M | Scene, RenderLayer | Updating Background
Fra:1 Mem:18.87M (0.00M, Peak 21.32M) | Time:00:00.08 | Mem:0.00M, Peak:0.00M | Scene, RenderLayer | Updating Camera
Fra:1 Mem:18.87M (0.00M, Peak 21.32M) | Time:00:00.08 | Mem:0.00M, Peak:0.00M | Scene, RenderLayer | Updating Meshes Flags
Fra:1 Mem:18.87M (0.00M, Peak 21.32M) | Time:00:00.08 | Mem:0.00M, Peak:0.00M | Scene, RenderLayer | Updating Objects
Fra:1 Mem:18.87M (0.00M, Peak 21.32M) | Time:00:00.08 | Mem:0.00M, Peak:0.00M | Scene, RenderLayer | Updating Objects | Copying Transformations to device
Fra:1 Mem:18.87M (0.00M, Peak 21.32M) | Time:00:00.08 | Mem:0.00M, Peak:0.00M | Scene, RenderLayer | Updating Objects | Applying Static Transformations
Fra:1 Mem:18.87M (0.00M, Peak 21.32M) | Time:00:00.08 | Mem:0.00M, Peak:0.00M | Scene, RenderLayer | Updating Meshes
Fra:1 Mem:20.13M (0.00M, Peak 21.32M) | Time:00:00.08 | Mem:0.00M, Peak:0.00M | Scene, RenderLayer | Updating Mesh | Computing attributes
Fra:1 Mem:20.67M (0.00M, Peak 21.32M) | Time:00:00.08 | Mem:0.00M, Peak:0.00M | Scene, RenderLayer | Updating Mesh | Copying Attributes to device
Fra:1 Mem:20.67M (0.00M, Peak 21.32M) | Time:00:00.08 | Mem:0.54M, Peak:0.54M | Scene, RenderLayer | Updating Scene BVH | Building
Fra:1 Mem:20.67M (0.00M, Peak 21.32M) | Time:00:00.08 | Mem:0.54M, Peak:0.54M | Scene, RenderLayer | Updating Scene BVH | Building BVH
Fra:1 Mem:25.39M (0.00M, Peak 25.40M) | Time:00:00.14 | Mem:0.54M, Peak:0.54M | Scene, RenderLayer | Updating Scene BVH | Packing BVH triangles and strands
Fra:1 Mem:29.80M (0.00M, Peak 29.80M) | Time:00:00.14 | Mem:0.54M, Peak:0.54M | Scene, RenderLayer | Updating Scene BVH | Packing BVH nodes
Fra:1 Mem:27.37M (0.00M, Peak 31.15M) | Time:00:00.15 | Mem:0.54M, Peak:0.54M | Scene, RenderLayer | Updating Scene BVH | Copying BVH to device
Fra:1 Mem:27.68M (0.00M, Peak 31.15M) | Time:00:00.15 | Mem:7.24M, Peak:7.24M | Scene, RenderLayer | Updating Mesh | Computing normals
Fra:1 Mem:30.57M (0.00M, Peak 31.15M) | Time:00:00.15 | Mem:7.24M, Peak:7.24M | Scene, RenderLayer | Updating Mesh | Copying Mesh to device
Fra:1 Mem:30.26M (0.00M, Peak 31.15M) | Time:00:00.15 | Mem:10.13M, Peak:10.13M | Scene, RenderLayer | Updating Objects Flags
Fra:1 Mem:30.26M (0.00M, Peak 31.15M) | Time:00:00.15 | Mem:10.13M, Peak:10.13M | Scene, RenderLayer | Updating Images
Fra:1 Mem:30.26M (0.00M, Peak 31.15M) | Time:00:00.15 | Mem:10.13M, Peak:10.13M | Scene, RenderLayer | Updating Camera Volume
Fra:1 Mem:30.26M (0.00M, Peak 31.15M) | Time:00:00.15 | Mem:10.13M, Peak:10.13M | Scene, RenderLayer | Updating Hair Systems
Fra:1 Mem:30.26M (0.00M, Peak 31.15M) | Time:00:00.15 | Mem:10.13M, Peak:10.13M | Scene, RenderLayer | Updating Hair settings | Copying Hair settings to device
Fra:1 Mem:30.26M (0.00M, Peak 31.15M) | Time:00:00.15 | Mem:10.13M, Peak:10.13M | Scene, RenderLayer | Updating Lookup Tables
Fra:1 Mem:30.26M (0.00M, Peak 31.15M) | Time:00:00.15 | Mem:10.38M, Peak:10.38M | Scene, RenderLayer | Updating Lights
Fra:1 Mem:30.26M (0.00M, Peak 31.15M) | Time:00:00.15 | Mem:10.38M, Peak:10.38M | Scene, RenderLayer | Updating Lights | Computing distribution
Fra:1 Mem:30.26M (0.00M, Peak 31.15M) | Time:00:00.15 | Mem:10.38M, Peak:10.38M | Scene, RenderLayer | Updating Particle Systems
Fra:1 Mem:30.26M (0.00M, Peak 31.15M) | Time:00:00.15 | Mem:10.38M, Peak:10.38M | Scene, RenderLayer | Updating Particle Systems | Copying Particles to device
Fra:1 Mem:30.26M (0.00M, Peak 31.15M) | Time:00:00.15 | Mem:10.38M, Peak:10.38M | Scene, RenderLayer | Updating Integrator
Fra:1 Mem:30.30M (0.00M, Peak 31.15M) | Time:00:00.15 | Mem:10.42M, Peak:10.42M | Scene, RenderLayer | Updating Film
Fra:1 Mem:30.30M (0.00M, Peak 31.15M) | Time:00:00.16 | Mem:10.42M, Peak:10.42M | Scene, RenderLayer | Updating Lookup Tables
Fra:1 Mem:30.30M (0.00M, Peak 31.15M) | Time:00:00.16 | Mem:10.42M, Peak:10.42M | Scene, RenderLayer | Updating Baking
Fra:1 Mem:30.30M (0.00M, Peak 31.15M) | Time:00:00.16 | Mem:10.42M, Peak:10.42M | Scene, RenderLayer | Updating Device | Writing constant memory
Fra:1 Mem:30.30M (0.00M, Peak 31.15M) | Time:00:00.16 | Mem:10.42M, Peak:10.42M | Scene, RenderLayer | Path Tracing Tile 0/4, Sample 0/512
Fra:1 Mem:32.55M (0.00M, Peak 33.80M) | Time:00:00.16 | Mem:12.67M, Peak:12.67M | Scene, RenderLayer | Path Tracing Tile 1/4, Sample 0/512
Fra:1 Mem:32.55M (0.00M, Peak 34.80M) | Time:00:01.16 | Remaining:00:12.08 | Mem:12.67M, Peak:12.67M | Scene, RenderLayer | Path Tracing Tile 1/4, Sample 92/512
Fra:1 Mem:32.55M (0.00M, Peak 34.80M) | Time:00:02.17 | Remaining:00:11.04 | Mem:12.67M, Peak:12.67M | Scene, RenderLayer | Path Tracing Tile 1/4, Sample 185/512
Fra:1 Mem:32.55M (0.00M, Peak 34.80M) | Time:00:03.17 | Remaining:00:10.04 | Mem:12.67M, Peak:12.67M | Scene, RenderLayer | Path Tracing Tile 1/4, Sample 277/512
Fra:1 Mem:32.55M (0.00M, Peak 34.80M) | Time:00:04.17 | Remaining:00:09.04 | Mem:12.67M, Peak:12.67M | Scene, RenderLayer | Path Tracing Tile 1/4, Sample 369/512
Fra:1 Mem:32.55M (0.00M, Peak 34.80M) | Time:00:05.17 | Remaining:00:08.04 | Mem:12.67M, Peak:12.67M | Scene, RenderLayer | Path Tracing Tile 1/4, Sample 461/512
Fra:1 Mem:30.30M (0.00M, Peak 34.80M) | Time:00:05.74 | Remaining:00:07.49 | Mem:10.42M, Peak:12.67M | Scene, RenderLayer | Path Tracing Tile 1/4, Sample 512/512
Fra:1 Mem:32.27M (0.00M, Peak 34.80M) | Time:00:05.74 | Remaining:00:07.50 | Mem:12.39M, Peak:12.67M | Scene, RenderLayer | Path Tracing Tile 2/4, Sample 512/512
Fra:1 Mem:32.27M (0.00M, Peak 34.80M) | Time:00:06.18 | Remaining:00:07.04 | Mem:12.39M, Peak:12.67M | Scene, RenderLayer | Path Tracing Tile 2/4, Sample 47/512
Fra:1 Mem:32.27M (0.00M, Peak 34.80M) | Time:00:07.19 | Remaining:00:06.01 | Mem:12.39M, Peak:12.67M | Scene, RenderLayer | Path Tracing Tile 2/4, Sample 154/512
Fra:1 Mem:32.27M (0.00M, Peak 34.80M) | Time:00:08.20 | Remaining:00:04.99 | Mem:12.39M, Peak:12.67M | Scene, RenderLayer | Path Tracing Tile 2/4, Sample 261/512
Fra:1 Mem:32.27M (0.00M, Peak 34.80M) | Time:00:09.20 | Remaining:00:03.98 | Mem:12.39M, Peak:12.67M | Scene, RenderLayer | Path Tracing Tile 2/4, Sample 367/512
Fra:1 Mem:32.27M (0.00M, Peak 34.80M) | Time:00:10.21 | Remaining:00:02.97 | Mem:12.39M, Peak:12.67M | Scene, RenderLayer | Path Tracing Tile 2/4, Sample 473/512
Fra:1 Mem:30.30M (0.00M, Peak 34.80M) | Time:00:10.58 | Remaining:00:02.60 | Mem:10.42M, Peak:12.67M | Scene, RenderLayer | Path Tracing Tile 2/4, Sample 512/512
Fra:1 Mem:30.86M (0.00M, Peak 34.80M) | Time:00:10.58 | Remaining:00:02.60 | Mem:10.99M, Peak:12.67M | Scene, RenderLayer | Path Tracing Tile 3/4, Sample 512/512
Fra:1 Mem:30.86M (0.00M, Peak 34.80M) | Time:00:11.21 | Remaining:00:02.25 | Mem:10.99M, Peak:12.67M | Scene, RenderLayer | Path Tracing Tile 3/4, Sample 146/512
Fra:1 Mem:30.86M (0.00M, Peak 34.80M) | Time:00:12.21 | Remaining:00:01.65 | Mem:10.99M, Peak:12.67M | Scene, RenderLayer | Path Tracing Tile 3/4, Sample 379/512
Fra:1 Mem:30.30M (0.00M, Peak 34.80M) | Time:00:12.78 | Remaining:00:01.30 | Mem:10.42M, Peak:12.67M | Scene, RenderLayer | Path Tracing Tile 3/4, Sample 512/512
Fra:1 Mem:30.79M (0.00M, Peak 34.80M) | Time:00:12.79 | Remaining:00:01.30 | Mem:10.92M, Peak:12.67M | Scene, RenderLayer | Path Tracing Tile 4/4, Sample 512/512
Fra:1 Mem:30.79M (0.00M, Peak 34.80M) | Time:00:13.21 | Remaining:00:01.03 | Mem:10.92M, Peak:12.67M | Scene, RenderLayer | Path Tracing Tile 4/4, Sample 108/512
Fra:1 Mem:30.79M (0.00M, Peak 34.80M) | Time:00:14.21 | Remaining:00:00.40 | Mem:10.92M, Peak:12.67M | Scene, RenderLayer | Path Tracing Tile 4/4, Sample 360/512
Fra:1 Mem:30.30M (0.00M, Peak 34.80M) | Time:00:14.82 | Mem:10.42M, Peak:12.67M | Scene, RenderLayer | Path Tracing Tile 4/4, Sample 512/512
Fra:1 Mem:30.30M (0.00M, Peak 34.80M) | Time:00:14.82 | Mem:10.42M, Peak:12.67M | Scene, RenderLayer | Finished
Fra:1 Mem:14.61M (0.00M, Peak 34.80M) | Time:00:14.90 | Sce: Scene Ve:0 Fa:0 La:0
Saved: 'data/clevr-cleaned-variants/train/fovariant-3/render/images/CLEVR_val_000003.png'
 Time: 00:14.94 (Saving: 00:00.03)

read blend: /home/ubuntu/vdp-tool-chain/data/clevr_scene_data/base_scene.blend
convertViewVec: called in an invalid context
convertViewVec: called in an invalid context
convertViewVec: called in an invalid context
convertViewVec: called in an invalid context
Fra:1 Mem:15.23M (0.00M, Peak 15.23M) | Time:00:00.00 | Preparing Scene data
Fra:1 Mem:21.36M (0.00M, Peak 21.54M) | Time:00:00.01 | Preparing Scene data
Fra:1 Mem:21.36M (0.00M, Peak 21.54M) | Time:00:00.01 | Creating Shadowbuffers
Fra:1 Mem:21.36M (0.00M, Peak 21.54M) | Time:00:00.01 | Raytree.. preparing
Fra:1 Mem:27.82M (0.00M, Peak 27.82M) | Time:00:00.01 | Raytree.. building
Fra:1 Mem:27.48M (0.00M, Peak 37.56M) | Time:00:00.11 | Raytree finished
Fra:1 Mem:27.48M (0.00M, Peak 37.56M) | Time:00:00.11 | Creating Environment maps
Fra:1 Mem:27.48M (0.00M, Peak 37.56M) | Time:00:00.11 | Caching Point Densities
Fra:1 Mem:27.48M (0.00M, Peak 37.56M) | Time:00:00.11 | Sce: Scene Ve:46586 Fa:47005 La:1
Fra:1 Mem:27.48M (0.00M, Peak 37.56M) | Time:00:00.11 | Loading voxel datasets
Fra:1 Mem:27.48M (0.00M, Peak 37.56M) | Time:00:00.11 | Sce: Scene Ve:46586 Fa:47005 La:1
Fra:1 Mem:27.49M (0.00M, Peak 37.56M) | Time:00:00.11 | Sce: Scene Ve:46586 Fa:47005 La:1
Fra:1 Mem:27.49M (0.00M, Peak 37.56M) | Time:00:00.11 | Volume preprocessing
Fra:1 Mem:27.49M (0.00M, Peak 37.56M) | Time:00:00.11 | Sce: Scene Ve:46586 Fa:47005 La:1
Fra:1 Mem:27.49M (0.00M, Peak 37.56M) | Time:00:00.11 | Sce: Scene Ve:46586 Fa:47005 La:1
Fra:1 Mem:31.56M (0.00M, Peak 37.56M) | Time:00:00.12 | Scene, Part 3-4
Fra:1 Mem:31.52M (0.00M, Peak 37.56M) | Time:00:00.12 | Scene, Part 4-4
Fra:1 Mem:30.58M (0.00M, Peak 37.56M) | Time:00:00.13 | Scene, Part 2-4
Fra:1 Mem:28.74M (0.00M, Peak 37.56M) | Time:00:00.13 | Scene, Part 1-4
Fra:1 Mem:15.08M (0.00M, Peak 37.56M) | Time:00:00.13 | Sce: Scene Ve:46586 Fa:47005 La:1
Saved: '/tmp/tmpjnaa7l4n.png'
 Time: 00:00.15 (Saving: 00:00.01)

Fra:1 Mem:15.12M (0.00M, Peak 15.71M) | Time:00:00.05 | Mem:0.00M, Peak:0.00M | Scene, RenderLayer | Synchronizing object | Area
Fra:1 Mem:15.12M (0.00M, Peak 15.71M) | Time:00:00.05 | Mem:0.00M, Peak:0.00M | Scene, RenderLayer | Synchronizing object | Ground
Fra:1 Mem:15.18M (0.00M, Peak 15.71M) | Time:00:00.05 | Mem:0.00M, Peak:0.00M | Scene, RenderLayer | Synchronizing object | Empty
Fra:1 Mem:15.18M (0.00M, Peak 15.71M) | Time:00:00.05 | Mem:0.00M, Peak:0.00M | Scene, RenderLayer | Synchronizing object | Lamp_Back
Fra:1 Mem:15.18M (0.00M, Peak 15.71M) | Time:00:00.05 | Mem:0.00M, Peak:0.00M | Scene, RenderLayer | Synchronizing object | Lamp_Fill
Fra:1 Mem:15.18M (0.00M, Peak 15.71M) | Time:00:00.05 | Mem:0.00M, Peak:0.00M | Scene, RenderLayer | Synchronizing object | Lamp_Key
Fra:1 Mem:15.18M (0.00M, Peak 15.71M) | Time:00:00.05 | Mem:0.00M, Peak:0.00M | Scene, RenderLayer | Synchronizing object | Camera
Fra:1 Mem:15.18M (0.00M, Peak 15.71M) | Time:00:00.05 | Mem:0.00M, Peak:0.00M | Scene, RenderLayer | Synchronizing object | SmoothCylinder_0
Fra:1 Mem:18.50M (0.00M, Peak 21.59M) | Time:00:00.06 | Mem:0.00M, Peak:0.00M | Scene, RenderLayer | Synchronizing object | SmoothCube_v2_0
Fra:1 Mem:18.87M (0.00M, Peak 21.59M) | Time:00:00.06 | Mem:0.00M, Peak:0.00M | Scene, RenderLayer | Synchronizing object | SmoothCube_v2_1
Fra:1 Mem:19.18M (0.00M, Peak 21.59M) | Time:00:00.06 | Mem:0.00M, Peak:0.00M | Scene, RenderLayer | Synchronizing object | SmoothCube_v2_2
Fra:1 Mem:19.49M (0.00M, Peak 21.59M) | Time:00:00.06 | Mem:0.00M, Peak:0.00M | Scene, RenderLayer | Initializing
Fra:1 Mem:19.49M (0.00M, Peak 21.59M) | Time:00:00.06 | Mem:0.00M, Peak:0.00M | Scene, RenderLayer | Loading render kernels (may take a few minutes the first time)
Fra:1 Mem:19.49M (0.00M, Peak 22.19M) | Time:00:00.08 | Mem:0.00M, Peak:0.00M | Scene, RenderLayer | Waiting for render to start
Fra:1 Mem:19.49M (0.00M, Peak 22.19M) | Time:00:00.08 | Mem:0.00M, Peak:0.00M | Scene, RenderLayer | Updating Scene
Fra:1 Mem:19.49M (0.00M, Peak 22.19M) | Time:00:00.08 | Mem:0.00M, Peak:0.00M | Scene, RenderLayer | Updating Shaders
Fra:1 Mem:19.74M (0.00M, Peak 22.19M) | Time:00:00.08 | Mem:0.00M, Peak:0.00M | Scene, RenderLayer | Updating Background
Fra:1 Mem:19.74M (0.00M, Peak 22.19M) | Time:00:00.08 | Mem:0.00M, Peak:0.00M | Scene, RenderLayer | Updating Camera
Fra:1 Mem:19.74M (0.00M, Peak 22.19M) | Time:00:00.08 | Mem:0.00M, Peak:0.00M | Scene, RenderLayer | Updating Meshes Flags
Fra:1 Mem:19.74M (0.00M, Peak 22.19M) | Time:00:00.08 | Mem:0.00M, Peak:0.00M | Scene, RenderLayer | Updating Objects
Fra:1 Mem:19.74M (0.00M, Peak 22.19M) | Time:00:00.08 | Mem:0.00M, Peak:0.00M | Scene, RenderLayer | Updating Objects | Copying Transformations to device
Fra:1 Mem:19.74M (0.00M, Peak 22.19M) | Time:00:00.08 | Mem:0.00M, Peak:0.00M | Scene, RenderLayer | Updating Objects | Applying Static Transformations
Fra:1 Mem:19.74M (0.00M, Peak 22.19M) | Time:00:00.08 | Mem:0.00M, Peak:0.00M | Scene, RenderLayer | Updating Meshes
Fra:1 Mem:21.11M (0.00M, Peak 22.19M) | Time:00:00.08 | Mem:0.00M, Peak:0.00M | Scene, RenderLayer | Updating Mesh | Computing attributes
Fra:1 Mem:21.71M (0.00M, Peak 22.19M) | Time:00:00.08 | Mem:0.00M, Peak:0.00M | Scene, RenderLayer | Updating Mesh | Copying Attributes to device
Fra:1 Mem:21.71M (0.00M, Peak 22.31M) | Time:00:00.08 | Mem:0.60M, Peak:0.60M | Scene, RenderLayer | Updating Scene BVH | Building
Fra:1 Mem:21.71M (0.00M, Peak 22.31M) | Time:00:00.08 | Mem:0.60M, Peak:0.60M | Scene, RenderLayer | Updating Scene BVH | Building BVH
Fra:1 Mem:26.86M (0.00M, Peak 26.86M) | Time:00:00.15 | Mem:0.60M, Peak:0.60M | Scene, RenderLayer | Updating Scene BVH | Packing BVH triangles and strands
Fra:1 Mem:31.67M (0.00M, Peak 31.67M) | Time:00:00.15 | Mem:0.60M, Peak:0.60M | Scene, RenderLayer | Updating Scene BVH | Packing BVH nodes
Fra:1 Mem:29.00M (0.00M, Peak 33.13M) | Time:00:00.16 | Mem:0.60M, Peak:0.60M | Scene, RenderLayer | Updating Scene BVH | Copying BVH to device
Fra:1 Mem:29.35M (0.00M, Peak 33.13M) | Time:00:00.16 | Mem:7.89M, Peak:7.89M | Scene, RenderLayer | Updating Mesh | Computing normals
Fra:1 Mem:32.50M (0.00M, Peak 33.13M) | Time:00:00.16 | Mem:7.89M, Peak:7.89M | Scene, RenderLayer | Updating Mesh | Copying Mesh to device
Fra:1 Mem:32.15M (0.00M, Peak 33.13M) | Time:00:00.17 | Mem:11.04M, Peak:11.04M | Scene, RenderLayer | Updating Objects Flags
Fra:1 Mem:32.15M (0.00M, Peak 33.13M) | Time:00:00.17 | Mem:11.04M, Peak:11.04M | Scene, RenderLayer | Updating Images
Fra:1 Mem:32.15M (0.00M, Peak 33.13M) | Time:00:00.17 | Mem:11.04M, Peak:11.04M | Scene, RenderLayer | Updating Camera Volume
Fra:1 Mem:32.15M (0.00M, Peak 33.13M) | Time:00:00.17 | Mem:11.04M, Peak:11.04M | Scene, RenderLayer | Updating Hair Systems
Fra:1 Mem:32.15M (0.00M, Peak 33.13M) | Time:00:00.17 | Mem:11.04M, Peak:11.04M | Scene, RenderLayer | Updating Hair settings | Copying Hair settings to device
Fra:1 Mem:32.15M (0.00M, Peak 33.13M) | Time:00:00.17 | Mem:11.04M, Peak:11.04M | Scene, RenderLayer | Updating Lookup Tables
Fra:1 Mem:32.15M (0.00M, Peak 33.13M) | Time:00:00.17 | Mem:11.29M, Peak:11.29M | Scene, RenderLayer | Updating Lights
Fra:1 Mem:32.15M (0.00M, Peak 33.13M) | Time:00:00.17 | Mem:11.29M, Peak:11.29M | Scene, RenderLayer | Updating Lights | Computing distribution
Fra:1 Mem:32.15M (0.00M, Peak 33.13M) | Time:00:00.17 | Mem:11.29M, Peak:11.29M | Scene, RenderLayer | Updating Particle Systems
Fra:1 Mem:32.15M (0.00M, Peak 33.13M) | Time:00:00.17 | Mem:11.29M, Peak:11.29M | Scene, RenderLayer | Updating Particle Systems | Copying Particles to device
Fra:1 Mem:32.15M (0.00M, Peak 33.13M) | Time:00:00.17 | Mem:11.29M, Peak:11.29M | Scene, RenderLayer | Updating Integrator
Fra:1 Mem:32.20M (0.00M, Peak 33.13M) | Time:00:00.17 | Mem:11.33M, Peak:11.33M | Scene, RenderLayer | Updating Film
Fra:1 Mem:32.20M (0.00M, Peak 33.13M) | Time:00:00.17 | Mem:11.33M, Peak:11.33M | Scene, RenderLayer | Updating Lookup Tables
Fra:1 Mem:32.20M (0.00M, Peak 33.13M) | Time:00:00.17 | Mem:11.34M, Peak:11.34M | Scene, RenderLayer | Updating Baking
Fra:1 Mem:32.20M (0.00M, Peak 33.13M) | Time:00:00.17 | Mem:11.34M, Peak:11.34M | Scene, RenderLayer | Updating Device | Writing constant memory
Fra:1 Mem:32.20M (0.00M, Peak 33.13M) | Time:00:00.17 | Mem:11.34M, Peak:11.34M | Scene, RenderLayer | Path Tracing Tile 0/4, Sample 0/512
Fra:1 Mem:34.45M (0.00M, Peak 35.70M) | Time:00:00.17 | Mem:13.59M, Peak:13.59M | Scene, RenderLayer | Path Tracing Tile 1/4, Sample 0/512
Fra:1 Mem:34.45M (0.00M, Peak 36.70M) | Time:00:01.17 | Remaining:00:10.81 | Mem:13.59M, Peak:13.59M | Scene, RenderLayer | Path Tracing Tile 1/4, Sample 102/512
Fra:1 Mem:34.45M (0.00M, Peak 36.70M) | Time:00:02.18 | Remaining:00:09.77 | Mem:13.59M, Peak:13.59M | Scene, RenderLayer | Path Tracing Tile 1/4, Sample 205/512
Fra:1 Mem:34.45M (0.00M, Peak 36.70M) | Time:00:03.18 | Remaining:00:08.76 | Mem:13.59M, Peak:13.59M | Scene, RenderLayer | Path Tracing Tile 1/4, Sample 307/512
Fra:1 Mem:34.45M (0.00M, Peak 36.70M) | Time:00:04.18 | Remaining:00:07.76 | Mem:13.59M, Peak:13.59M | Scene, RenderLayer | Path Tracing Tile 1/4, Sample 409/512
Fra:1 Mem:34.45M (0.00M, Peak 36.70M) | Time:00:05.19 | Remaining:00:06.77 | Mem:13.59M, Peak:13.59M | Scene, RenderLayer | Path Tracing Tile 1/4, Sample 511/512
Fra:1 Mem:32.20M (0.00M, Peak 36.70M) | Time:00:05.21 | Remaining:00:06.77 | Mem:11.34M, Peak:13.59M | Scene, RenderLayer | Path Tracing Tile 1/4, Sample 512/512
Fra:1 Mem:34.17M (0.00M, Peak 36.70M) | Time:00:05.21 | Remaining:00:06.77 | Mem:13.31M, Peak:13.59M | Scene, RenderLayer | Path Tracing Tile 2/4, Sample 512/512
Fra:1 Mem:34.17M (0.00M, Peak 36.70M) | Time:00:06.20 | Remaining:00:05.65 | Mem:13.31M, Peak:13.59M | Scene, RenderLayer | Path Tracing Tile 2/4, Sample 123/512
Fra:1 Mem:34.17M (0.00M, Peak 36.70M) | Time:00:07.20 | Remaining:00:04.55 | Mem:13.31M, Peak:13.59M | Scene, RenderLayer | Path Tracing Tile 2/4, Sample 247/512
Fra:1 Mem:34.17M (0.00M, Peak 36.70M) | Time:00:08.20 | Remaining:00:03.50 | Mem:13.31M, Peak:13.59M | Scene, RenderLayer | Path Tracing Tile 2/4, Sample 370/512
Fra:1 Mem:34.17M (0.00M, Peak 36.70M) | Time:00:09.21 | Remaining:00:02.45 | Mem:13.31M, Peak:13.59M | Scene, RenderLayer | Path Tracing Tile 2/4, Sample 493/512
Fra:1 Mem:32.20M (0.00M, Peak 36.70M) | Time:00:09.36 | Remaining:00:02.29 | Mem:11.34M, Peak:13.59M | Scene, RenderLayer | Path Tracing Tile 2/4, Sample 512/512
Fra:1 Mem:32.76M (0.00M, Peak 36.70M) | Time:00:09.37 | Remaining:00:02.29 | Mem:11.90M, Peak:13.59M | Scene, RenderLayer | Path Tracing Tile 3/4, Sample 512/512
Fra:1 Mem:32.76M (0.00M, Peak 36.70M) | Time:00:10.21 | Remaining:00:01.88 | Mem:11.90M, Peak:13.59M | Scene, RenderLayer | Path Tracing Tile 3/4, Sample 202/512
Fra:1 Mem:32.76M (0.00M, Peak 36.70M) | Time:00:11.21 | Remaining:00:01.34 | Mem:11.90M, Peak:13.59M | Scene, RenderLayer | Path Tracing Tile 3/4, Sample 440/512
Fra:1 Mem:32.20M (0.00M, Peak 36.70M) | Time:00:11.51 | Remaining:00:01.16 | Mem:11.34M, Peak:13.59M | Scene, RenderLayer | Path Tracing Tile 3/4, Sample 512/512
Fra:1 Mem:32.69M (0.00M, Peak 36.70M) | Time:00:11.51 | Remaining:00:01.16 | Mem:11.83M, Peak:13.59M | Scene, RenderLayer | Path Tracing Tile 4/4, Sample 512/512
Fra:1 Mem:32.69M (0.00M, Peak 36.70M) | Time:00:12.21 | Remaining:00:00.77 | Mem:11.83M, Peak:13.59M | Scene, RenderLayer | Path Tracing Tile 4/4, Sample 181/512
Fra:1 Mem:32.69M (0.00M, Peak 36.70M) | Time:00:13.21 | Remaining:00:00.17 | Mem:11.83M, Peak:13.59M | Scene, RenderLayer | Path Tracing Tile 4/4, Sample 439/512
Fra:1 Mem:32.20M (0.00M, Peak 36.70M) | Time:00:13.50 | Mem:11.34M, Peak:13.59M | Scene, RenderLayer | Path Tracing Tile 4/4, Sample 512/512
Fra:1 Mem:32.20M (0.00M, Peak 36.70M) | Time:00:13.50 | Mem:11.34M, Peak:13.59M | Scene, RenderLayer | Finished
Fra:1 Mem:15.11M (0.00M, Peak 36.70M) | Time:00:13.58 | Sce: Scene Ve:0 Fa:0 La:0
Saved: 'data/clevr-cleaned-variants/train/fovariant-3/render/images/CLEVR_val_000004.png'
 Time: 00:13.62 (Saving: 00:00.03)

read blend: /home/ubuntu/vdp-tool-chain/data/clevr_scene_data/base_scene.blend
convertViewVec: called in an invalid context
convertViewVec: called in an invalid context
Fra:1 Mem:14.18M (0.00M, Peak 14.19M) | Time:00:00.00 | Preparing Scene data
Fra:1 Mem:18.95M (0.00M, Peak 20.42M) | Time:00:00.01 | Preparing Scene data
Fra:1 Mem:18.95M (0.00M, Peak 20.42M) | Time:00:00.01 | Creating Shadowbuffers
Fra:1 Mem:18.95M (0.00M, Peak 20.42M) | Time:00:00.01 | Raytree.. preparing
Fra:1 Mem:24.14M (0.00M, Peak 24.14M) | Time:00:00.01 | Raytree.. building
Fra:1 Mem:23.87M (0.00M, Peak 31.97M) | Time:00:00.09 | Raytree finished
Fra:1 Mem:23.87M (0.00M, Peak 31.97M) | Time:00:00.09 | Creating Environment maps
Fra:1 Mem:23.87M (0.00M, Peak 31.97M) | Time:00:00.09 | Caching Point Densities
Fra:1 Mem:23.87M (0.00M, Peak 31.97M) | Time:00:00.09 | Sce: Scene Ve:39082 Fa:37766 La:1
Fra:1 Mem:23.87M (0.00M, Peak 31.97M) | Time:00:00.09 | Loading voxel datasets
Fra:1 Mem:23.87M (0.00M, Peak 31.97M) | Time:00:00.09 | Sce: Scene Ve:39082 Fa:37766 La:1
Fra:1 Mem:23.87M (0.00M, Peak 31.97M) | Time:00:00.09 | Sce: Scene Ve:39082 Fa:37766 La:1
Fra:1 Mem:23.87M (0.00M, Peak 31.97M) | Time:00:00.09 | Volume preprocessing
Fra:1 Mem:23.87M (0.00M, Peak 31.97M) | Time:00:00.09 | Sce: Scene Ve:39082 Fa:37766 La:1
Fra:1 Mem:23.87M (0.00M, Peak 31.97M) | Time:00:00.09 | Sce: Scene Ve:39082 Fa:37766 La:1
Fra:1 Mem:27.94M (0.00M, Peak 31.97M) | Time:00:00.09 | Scene, Part 3-4
Fra:1 Mem:27.90M (0.00M, Peak 31.97M) | Time:00:00.09 | Scene, Part 4-4
Fra:1 Mem:26.97M (0.00M, Peak 31.97M) | Time:00:00.11 | Scene, Part 2-4
Fra:1 Mem:25.12M (0.00M, Peak 31.97M) | Time:00:00.11 | Scene, Part 1-4
Fra:1 Mem:14.10M (0.00M, Peak 31.97M) | Time:00:00.11 | Sce: Scene Ve:39082 Fa:37766 La:1
Saved: '/tmp/tmpnsde72m3.png'
 Time: 00:00.12 (Saving: 00:00.01)

Fra:1 Mem:14.13M (0.00M, Peak 14.73M) | Time:00:00.05 | Mem:0.00M, Peak:0.00M | Scene, RenderLayer | Synchronizing object | Area
Fra:1 Mem:14.13M (0.00M, Peak 14.73M) | Time:00:00.05 | Mem:0.00M, Peak:0.00M | Scene, RenderLayer | Synchronizing object | Ground
Fra:1 Mem:14.20M (0.00M, Peak 14.73M) | Time:00:00.05 | Mem:0.00M, Peak:0.00M | Scene, RenderLayer | Synchronizing object | Empty
Fra:1 Mem:14.20M (0.00M, Peak 14.73M) | Time:00:00.05 | Mem:0.00M, Peak:0.00M | Scene, RenderLayer | Synchronizing object | Lamp_Back
Fra:1 Mem:14.20M (0.00M, Peak 14.73M) | Time:00:00.05 | Mem:0.00M, Peak:0.00M | Scene, RenderLayer | Synchronizing object | Lamp_Fill
Fra:1 Mem:14.20M (0.00M, Peak 14.73M) | Time:00:00.05 | Mem:0.00M, Peak:0.00M | Scene, RenderLayer | Synchronizing object | Lamp_Key
Fra:1 Mem:14.20M (0.00M, Peak 14.73M) | Time:00:00.05 | Mem:0.00M, Peak:0.00M | Scene, RenderLayer | Synchronizing object | Camera
Fra:1 Mem:14.20M (0.00M, Peak 14.73M) | Time:00:00.05 | Mem:0.00M, Peak:0.00M | Scene, RenderLayer | Synchronizing object | SmoothCylinder_0
Fra:1 Mem:17.52M (0.00M, Peak 20.61M) | Time:00:00.06 | Mem:0.00M, Peak:0.00M | Scene, RenderLayer | Synchronizing object | SmoothCube_v2_0
Fra:1 Mem:17.83M (0.00M, Peak 20.61M) | Time:00:00.06 | Mem:0.00M, Peak:0.00M | Scene, RenderLayer | Initializing
Fra:1 Mem:17.83M (0.00M, Peak 20.61M) | Time:00:00.06 | Mem:0.00M, Peak:0.00M | Scene, RenderLayer | Loading render kernels (may take a few minutes the first time)
Fra:1 Mem:17.83M (0.00M, Peak 20.61M) | Time:00:00.07 | Mem:0.00M, Peak:0.00M | Scene, RenderLayer | Waiting for render to start
Fra:1 Mem:17.83M (0.00M, Peak 20.61M) | Time:00:00.07 | Mem:0.00M, Peak:0.00M | Scene, RenderLayer | Updating Scene
Fra:1 Mem:17.83M (0.00M, Peak 20.61M) | Time:00:00.07 | Mem:0.00M, Peak:0.00M | Scene, RenderLayer | Updating Shaders
Fra:1 Mem:18.08M (0.00M, Peak 20.61M) | Time:00:00.07 | Mem:0.00M, Peak:0.00M | Scene, RenderLayer | Updating Background
Fra:1 Mem:18.08M (0.00M, Peak 20.61M) | Time:00:00.07 | Mem:0.00M, Peak:0.00M | Scene, RenderLayer | Updating Camera
Fra:1 Mem:18.08M (0.00M, Peak 20.61M) | Time:00:00.07 | Mem:0.00M, Peak:0.00M | Scene, RenderLayer | Updating Meshes Flags
Fra:1 Mem:18.08M (0.00M, Peak 20.61M) | Time:00:00.07 | Mem:0.00M, Peak:0.00M | Scene, RenderLayer | Updating Objects
Fra:1 Mem:18.08M (0.00M, Peak 20.61M) | Time:00:00.07 | Mem:0.00M, Peak:0.00M | Scene, RenderLayer | Updating Objects | Copying Transformations to device
Fra:1 Mem:18.08M (0.00M, Peak 20.61M) | Time:00:00.08 | Mem:0.00M, Peak:0.00M | Scene, RenderLayer | Updating Objects | Applying Static Transformations
Fra:1 Mem:18.08M (0.00M, Peak 20.61M) | Time:00:00.08 | Mem:0.00M, Peak:0.00M | Scene, RenderLayer | Updating Meshes
Fra:1 Mem:19.23M (0.00M, Peak 20.61M) | Time:00:00.08 | Mem:0.00M, Peak:0.00M | Scene, RenderLayer | Updating Mesh | Computing attributes
Fra:1 Mem:19.77M (0.00M, Peak 20.61M) | Time:00:00.08 | Mem:0.00M, Peak:0.00M | Scene, RenderLayer | Updating Mesh | Copying Attributes to device
Fra:1 Mem:19.77M (0.00M, Peak 20.61M) | Time:00:00.08 | Mem:0.54M, Peak:0.54M | Scene, RenderLayer | Updating Scene BVH | Building
Fra:1 Mem:19.77M (0.00M, Peak 20.61M) | Time:00:00.08 | Mem:0.54M, Peak:0.54M | Scene, RenderLayer | Updating Scene BVH | Building BVH
Fra:1 Mem:24.06M (0.00M, Peak 24.06M) | Time:00:00.13 | Mem:0.54M, Peak:0.54M | Scene, RenderLayer | Updating Scene BVH | Packing BVH triangles and strands
Fra:1 Mem:28.07M (0.00M, Peak 28.07M) | Time:00:00.14 | Mem:0.54M, Peak:0.54M | Scene, RenderLayer | Updating Scene BVH | Packing BVH nodes
Fra:1 Mem:25.86M (0.00M, Peak 29.30M) | Time:00:00.14 | Mem:0.54M, Peak:0.54M | Scene, RenderLayer | Updating Scene BVH | Copying BVH to device
Fra:1 Mem:26.15M (0.00M, Peak 29.30M) | Time:00:00.15 | Mem:6.64M, Peak:6.64M | Scene, RenderLayer | Updating Mesh | Computing normals
Fra:1 Mem:28.78M (0.00M, Peak 29.30M) | Time:00:00.15 | Mem:6.64M, Peak:6.64M | Scene, RenderLayer | Updating Mesh | Copying Mesh to device
Fra:1 Mem:28.49M (0.00M, Peak 29.30M) | Time:00:00.15 | Mem:9.27M, Peak:9.27M | Scene, RenderLayer | Updating Objects Flags
Fra:1 Mem:28.49M (0.00M, Peak 29.30M) | Time:00:00.15 | Mem:9.27M, Peak:9.27M | Scene, RenderLayer | Updating Images
Fra:1 Mem:28.49M (0.00M, Peak 29.30M) | Time:00:00.15 | Mem:9.27M, Peak:9.27M | Scene, RenderLayer | Updating Camera Volume
Fra:1 Mem:28.49M (0.00M, Peak 29.30M) | Time:00:00.15 | Mem:9.27M, Peak:9.27M | Scene, RenderLayer | Updating Hair Systems
Fra:1 Mem:28.49M (0.00M, Peak 29.30M) | Time:00:00.15 | Mem:9.27M, Peak:9.27M | Scene, RenderLayer | Updating Hair settings | Copying Hair settings to device
Fra:1 Mem:28.49M (0.00M, Peak 29.30M) | Time:00:00.15 | Mem:9.27M, Peak:9.27M | Scene, RenderLayer | Updating Lookup Tables
Fra:1 Mem:28.49M (0.00M, Peak 29.30M) | Time:00:00.15 | Mem:9.52M, Peak:9.52M | Scene, RenderLayer | Updating Lights
Fra:1 Mem:28.50M (0.00M, Peak 29.30M) | Time:00:00.15 | Mem:9.52M, Peak:9.52M | Scene, RenderLayer | Updating Lights | Computing distribution
Fra:1 Mem:28.50M (0.00M, Peak 29.30M) | Time:00:00.15 | Mem:9.52M, Peak:9.52M | Scene, RenderLayer | Updating Particle Systems
Fra:1 Mem:28.50M (0.00M, Peak 29.30M) | Time:00:00.15 | Mem:9.52M, Peak:9.52M | Scene, RenderLayer | Updating Particle Systems | Copying Particles to device
Fra:1 Mem:28.50M (0.00M, Peak 29.30M) | Time:00:00.15 | Mem:9.52M, Peak:9.52M | Scene, RenderLayer | Updating Integrator
Fra:1 Mem:28.54M (0.00M, Peak 29.30M) | Time:00:00.15 | Mem:9.56M, Peak:9.56M | Scene, RenderLayer | Updating Film
Fra:1 Mem:28.54M (0.00M, Peak 29.30M) | Time:00:00.15 | Mem:9.56M, Peak:9.56M | Scene, RenderLayer | Updating Lookup Tables
Fra:1 Mem:28.54M (0.00M, Peak 29.30M) | Time:00:00.15 | Mem:9.57M, Peak:9.57M | Scene, RenderLayer | Updating Baking
Fra:1 Mem:28.54M (0.00M, Peak 29.30M) | Time:00:00.15 | Mem:9.57M, Peak:9.57M | Scene, RenderLayer | Updating Device | Writing constant memory
Fra:1 Mem:28.54M (0.00M, Peak 29.30M) | Time:00:00.15 | Mem:9.57M, Peak:9.57M | Scene, RenderLayer | Path Tracing Tile 0/4, Sample 0/512
Fra:1 Mem:30.79M (0.00M, Peak 32.04M) | Time:00:00.15 | Mem:11.82M, Peak:11.82M | Scene, RenderLayer | Path Tracing Tile 1/4, Sample 0/512
Fra:1 Mem:30.79M (0.00M, Peak 33.04M) | Time:00:01.16 | Remaining:00:10.44 | Mem:11.82M, Peak:11.82M | Scene, RenderLayer | Path Tracing Tile 1/4, Sample 106/512
Fra:1 Mem:30.79M (0.00M, Peak 33.04M) | Time:00:02.17 | Remaining:00:09.39 | Mem:11.82M, Peak:11.82M | Scene, RenderLayer | Path Tracing Tile 1/4, Sample 212/512
Fra:1 Mem:30.79M (0.00M, Peak 33.04M) | Time:00:03.17 | Remaining:00:08.39 | Mem:11.82M, Peak:11.82M | Scene, RenderLayer | Path Tracing Tile 1/4, Sample 318/512
Fra:1 Mem:30.79M (0.00M, Peak 33.04M) | Time:00:04.18 | Remaining:00:07.39 | Mem:11.82M, Peak:11.82M | Scene, RenderLayer | Path Tracing Tile 1/4, Sample 423/512
Fra:1 Mem:28.54M (0.00M, Peak 33.04M) | Time:00:05.03 | Remaining:00:06.55 | Mem:9.57M, Peak:11.82M | Scene, RenderLayer | Path Tracing Tile 1/4, Sample 512/512
Fra:1 Mem:30.51M (0.00M, Peak 33.04M) | Time:00:05.03 | Remaining:00:06.56 | Mem:11.53M, Peak:11.82M | Scene, RenderLayer | Path Tracing Tile 2/4, Sample 512/512
Fra:1 Mem:30.51M (0.00M, Peak 33.04M) | Time:00:05.18 | Remaining:00:06.42 | Mem:11.53M, Peak:11.82M | Scene, RenderLayer | Path Tracing Tile 2/4, Sample 17/512
Fra:1 Mem:30.51M (0.00M, Peak 33.04M) | Time:00:06.19 | Remaining:00:05.46 | Mem:11.53M, Peak:11.82M | Scene, RenderLayer | Path Tracing Tile 2/4, Sample 135/512
Fra:1 Mem:30.51M (0.00M, Peak 33.04M) | Time:00:07.19 | Remaining:00:04.48 | Mem:11.53M, Peak:11.82M | Scene, RenderLayer | Path Tracing Tile 2/4, Sample 253/512
Fra:1 Mem:30.51M (0.00M, Peak 33.04M) | Time:00:08.20 | Remaining:00:03.50 | Mem:11.53M, Peak:11.82M | Scene, RenderLayer | Path Tracing Tile 2/4, Sample 370/512
Fra:1 Mem:30.51M (0.00M, Peak 33.04M) | Time:00:09.20 | Remaining:00:02.53 | Mem:11.53M, Peak:11.82M | Scene, RenderLayer | Path Tracing Tile 2/4, Sample 486/512
Fra:1 Mem:28.54M (0.00M, Peak 33.04M) | Time:00:09.43 | Remaining:00:02.31 | Mem:9.57M, Peak:11.82M | Scene, RenderLayer | Path Tracing Tile 2/4, Sample 512/512
Fra:1 Mem:29.10M (0.00M, Peak 33.04M) | Time:00:09.43 | Remaining:00:02.31 | Mem:10.13M, Peak:11.82M | Scene, RenderLayer | Path Tracing Tile 3/4, Sample 512/512
Fra:1 Mem:29.10M (0.00M, Peak 33.04M) | Time:00:10.20 | Remaining:00:01.93 | Mem:10.13M, Peak:11.82M | Scene, RenderLayer | Path Tracing Tile 3/4, Sample 186/512
Fra:1 Mem:29.10M (0.00M, Peak 33.04M) | Time:00:11.21 | Remaining:00:01.38 | Mem:10.13M, Peak:11.82M | Scene, RenderLayer | Path Tracing Tile 3/4, Sample 425/512
Fra:1 Mem:28.54M (0.00M, Peak 33.04M) | Time:00:11.57 | Remaining:00:01.17 | Mem:9.57M, Peak:11.82M | Scene, RenderLayer | Path Tracing Tile 3/4, Sample 512/512
Fra:1 Mem:29.03M (0.00M, Peak 33.04M) | Time:00:11.57 | Remaining:00:01.17 | Mem:10.06M, Peak:11.82M | Scene, RenderLayer | Path Tracing Tile 4/4, Sample 512/512
Fra:1 Mem:29.03M (0.00M, Peak 33.04M) | Time:00:12.21 | Remaining:00:00.81 | Mem:10.06M, Peak:11.82M | Scene, RenderLayer | Path Tracing Tile 4/4, Sample 163/512
Fra:1 Mem:29.03M (0.00M, Peak 33.04M) | Time:00:13.21 | Remaining:00:00.22 | Mem:10.06M, Peak:11.82M | Scene, RenderLayer | Path Tracing Tile 4/4, Sample 420/512
Fra:1 Mem:28.54M (0.00M, Peak 33.04M) | Time:00:13.57 | Mem:9.57M, Peak:11.82M | Scene, RenderLayer | Path Tracing Tile 4/4, Sample 512/512
Fra:1 Mem:28.54M (0.00M, Peak 33.04M) | Time:00:13.57 | Mem:9.57M, Peak:11.82M | Scene, RenderLayer | Finished
Fra:1 Mem:14.13M (0.00M, Peak 33.04M) | Time:00:13.65 | Sce: Scene Ve:0 Fa:0 La:0
Saved: 'data/clevr-cleaned-variants/train/fovariant-3/render/images/CLEVR_val_000005.png'
 Time: 00:13.69 (Saving: 00:00.03)


Blender quit

INFO test_net.py:  81: Called with args:
INFO test_net.py:  82: Namespace(cfg_file='clevr_inference/scene_parse/mask_rcnn/configs/baselines/e2e_mask_rcnn_R-50-FPN_1x.yaml', clevr_comp_cat=1, dataset='clevr_original_val', grab_conv=False, images_dir='data/clevr-cleaned-variants/train/fovariant-3/render/images', load_ckpt='/home/ubuntu/vdp-tool-chain/data/ns-vqa-data/pretrained/object_detector.pt', load_detectron=None, multi_gpu_testing=False, name=None, output_dir='data/clevr-cleaned-variants/train/fovariant-3/infer/mask_rcnn', range=None, rendersummary_path='data/clevr-cleaned-variants/train/fovariant-3/render/summary.json', set_cfgs=[], vis=False)
INFO test_net.py: 125: Testing with config:
INFO test_net.py: 126: {'BBOX_XFORM_CLIP': 4.135166556742356,
 'CLEVR': {'COMP_CAT': True},
 'CROP_RESIZE_WITH_MAX_POOL': True,
 'CUDA': False,
 'DATA_DIR': '/home/ubuntu/vdp-tool-chain/data/ns-vqa-data/mask_rcnn',
 'DATA_LOADER': {'NUM_THREADS': 4},
 'DEBUG': False,
 'DEDUP_BOXES': 0.0625,
 'EPS': 1e-14,
 'EXPECTED_RESULTS': [],
 'EXPECTED_RESULTS_ATOL': 0.005,
 'EXPECTED_RESULTS_EMAIL': '',
 'EXPECTED_RESULTS_RTOL': 0.1,
 'FAST_RCNN': {'CONV_HEAD_DIM': 256,
               'MLP_HEAD_DIM': 1024,
               'NUM_STACKED_CONVS': 4,
               'ROI_BOX_HEAD': 'fast_rcnn_heads.roi_2mlp_head',
               'ROI_XFORM_METHOD': 'RoIAlign',
               'ROI_XFORM_RESOLUTION': 7,
               'ROI_XFORM_SAMPLING_RATIO': 2},
 'FPN': {'COARSEST_STRIDE': 32,
         'DIM': 256,
         'EXTRA_CONV_LEVELS': False,
         'FPN_ON': True,
         'MULTILEVEL_ROIS': True,
         'MULTILEVEL_RPN': True,
         'ROI_CANONICAL_LEVEL': 4,
         'ROI_CANONICAL_SCALE': 224,
         'ROI_MAX_LEVEL': 5,
         'ROI_MIN_LEVEL': 2,
         'RPN_ANCHOR_START_SIZE': 32,
         'RPN_ASPECT_RATIOS': (0.5, 1, 2),
         'RPN_COLLECT_SCALE': 1,
         'RPN_MAX_LEVEL': 6,
         'RPN_MIN_LEVEL': 2,
         'USE_GN': False,
         'ZERO_INIT_LATERAL': False},
 'GROUP_NORM': {'DIM_PER_GP': -1, 'EPSILON': 1e-05, 'NUM_GROUPS': 32},
 'KRCNN': {'CONV_HEAD_DIM': 256,
           'CONV_HEAD_KERNEL': 3,
           'CONV_INIT': 'GaussianFill',
           'DECONV_DIM': 256,
           'DECONV_KERNEL': 4,
           'DILATION': 1,
           'HEATMAP_SIZE': -1,
           'INFERENCE_MIN_SIZE': 0,
           'KEYPOINT_CONFIDENCE': 'bbox',
           'LOSS_WEIGHT': 1.0,
           'MIN_KEYPOINT_COUNT_FOR_VALID_MINIBATCH': 20,
           'NMS_OKS': False,
           'NORMALIZE_BY_VISIBLE_KEYPOINTS': True,
           'NUM_KEYPOINTS': -1,
           'NUM_STACKED_CONVS': 8,
           'ROI_KEYPOINTS_HEAD': '',
           'ROI_XFORM_METHOD': 'RoIAlign',
           'ROI_XFORM_RESOLUTION': 7,
           'ROI_XFORM_SAMPLING_RATIO': 0,
           'UP_SCALE': -1,
           'USE_DECONV': False,
           'USE_DECONV_OUTPUT': False},
 'MATLAB': 'matlab',
 'MODEL': {'BBOX_REG_WEIGHTS': (10.0, 10.0, 5.0, 5.0),
           'CLS_AGNOSTIC_BBOX_REG': False,
           'CONV_BODY': 'FPN.fpn_ResNet50_conv5_body',
           'FASTER_RCNN': True,
           'KEYPOINTS_ON': False,
           'LOAD_IMAGENET_PRETRAINED_WEIGHTS': True,
           'MASK_ON': True,
           'NUM_CLASSES': 49,
           'RPN_ONLY': False,
           'SHARE_RES5': False,
           'TYPE': 'generalized_rcnn',
           'UNSUPERVISED_POSE': False},
 'MRCNN': {'CLS_SPECIFIC_MASK': True,
           'CONV_INIT': 'MSRAFill',
           'DILATION': 1,
           'DIM_REDUCED': 256,
           'MEMORY_EFFICIENT_LOSS': True,
           'RESOLUTION': 28,
           'ROI_MASK_HEAD': 'mask_rcnn_heads.mask_rcnn_fcn_head_v1up4convs',
           'ROI_XFORM_METHOD': 'RoIAlign',
           'ROI_XFORM_RESOLUTION': 14,
           'ROI_XFORM_SAMPLING_RATIO': 2,
           'THRESH_BINARIZE': 0.5,
           'UPSAMPLE_RATIO': 1,
           'USE_FC_OUTPUT': False,
           'WEIGHT_LOSS_MASK': 1.0},
 'NUM_GPUS': 8,
 'OUTPUT_DIR': 'Outputs',
 'PIXEL_MEANS': array([[[102.9801, 115.9465, 122.7717]]]),
 'POOLING_MODE': 'crop',
 'POOLING_SIZE': 7,
 'PYTORCH_VERSION_LESS_THAN_040': False,
 'RESNETS': {'FREEZE_AT': 2,
             'IMAGENET_PRETRAINED_WEIGHTS': 'pretrained_model/resnet50_caffe.pth',
             'NUM_GROUPS': 1,
             'RES5_DILATION': 1,
             'SHORTCUT_FUNC': 'basic_bn_shortcut',
             'STEM_FUNC': 'basic_bn_stem',
             'STRIDE_1X1': True,
             'TRANS_FUNC': 'bottleneck_transformation',
             'USE_GN': False,
             'WIDTH_PER_GROUP': 64},
 'RETINANET': {'ANCHOR_SCALE': 4,
               'ASPECT_RATIOS': (0.5, 1.0, 2.0),
               'BBOX_REG_BETA': 0.11,
               'BBOX_REG_WEIGHT': 1.0,
               'CLASS_SPECIFIC_BBOX': False,
               'INFERENCE_TH': 0.05,
               'LOSS_ALPHA': 0.25,
               'LOSS_GAMMA': 2.0,
               'NEGATIVE_OVERLAP': 0.4,
               'NUM_CONVS': 4,
               'POSITIVE_OVERLAP': 0.5,
               'PRE_NMS_TOP_N': 1000,
               'PRIOR_PROB': 0.01,
               'RETINANET_ON': False,
               'SCALES_PER_OCTAVE': 3,
               'SHARE_CLS_BBOX_TOWER': False,
               'SOFTMAX': False},
 'RFCN': {'PS_GRID_SIZE': 3},
 'RNG_SEED': 3,
 'ROOT_DIR': '/home/ubuntu/vdp-tool-chain/clevr_inference/scene_parse/mask_rcnn',
 'RPN': {'ASPECT_RATIOS': (0.5, 1, 2),
         'CLS_ACTIVATION': 'sigmoid',
         'OUT_DIM': 512,
         'OUT_DIM_AS_IN_DIM': True,
         'RPN_ON': True,
         'SIZES': (64, 128, 256, 512),
         'STRIDE': 16},
 'SOLVER': {'BASE_LR': 0.02,
            'BIAS_DOUBLE_LR': True,
            'BIAS_WEIGHT_DECAY': False,
            'GAMMA': 0.1,
            'LOG_LR_CHANGE_THRESHOLD': 1.1,
            'LRS': [],
            'LR_POLICY': 'steps_with_decay',
            'MAX_ITER': 30000,
            'MOMENTUM': 0.9,
            'SCALE_MOMENTUM': True,
            'SCALE_MOMENTUM_THRESHOLD': 1.1,
            'STEPS': [0, 20000, 26000],
            'STEP_SIZE': 30000,
            'TYPE': 'SGD',
            'WARM_UP_FACTOR': 0.3333333333333333,
            'WARM_UP_ITERS': 500,
            'WARM_UP_METHOD': 'linear',
            'WEIGHT_DECAY': 0.0001,
            'WEIGHT_DECAY_GN': 0.0},
 'TEST': {'BBOX_AUG': {'AREA_TH_HI': 32400,
                       'AREA_TH_LO': 2500,
                       'ASPECT_RATIOS': (),
                       'ASPECT_RATIO_H_FLIP': False,
                       'COORD_HEUR': 'UNION',
                       'ENABLED': False,
                       'H_FLIP': False,
                       'MAX_SIZE': 4000,
                       'SCALES': (),
                       'SCALE_H_FLIP': False,
                       'SCALE_SIZE_DEP': False,
                       'SCORE_HEUR': 'UNION'},
          'BBOX_REG': True,
          'BBOX_VOTE': {'ENABLED': False,
                        'SCORING_METHOD': 'ID',
                        'SCORING_METHOD_BETA': 1.0,
                        'VOTE_TH': 0.8},
          'COMPETITION_MODE': True,
          'DATASETS': ('custom(data/clevr-cleaned-variants/train/fovariant-3/render/images, '
                       'data/clevr-cleaned-variants/train/fovariant-3/render/summary.json)',),
          'DETECTIONS_PER_IM': 100,
          'FORCE_JSON_DATASET_EVAL': False,
          'KPS_AUG': {'AREA_TH': 32400,
                      'ASPECT_RATIOS': (),
                      'ASPECT_RATIO_H_FLIP': False,
                      'ENABLED': False,
                      'HEUR': 'HM_AVG',
                      'H_FLIP': False,
                      'MAX_SIZE': 4000,
                      'SCALES': (),
                      'SCALE_H_FLIP': False,
                      'SCALE_SIZE_DEP': False},
          'MASK_AUG': {'AREA_TH': 32400,
                       'ASPECT_RATIOS': (),
                       'ASPECT_RATIO_H_FLIP': False,
                       'ENABLED': False,
                       'HEUR': 'SOFT_AVG',
                       'H_FLIP': False,
                       'MAX_SIZE': 4000,
                       'SCALES': (),
                       'SCALE_H_FLIP': False,
                       'SCALE_SIZE_DEP': False},
          'MAX_SIZE': 1333,
          'NMS': 0.5,
          'PRECOMPUTED_PROPOSALS': False,
          'PROPOSAL_FILES': (),
          'PROPOSAL_LIMIT': 2000,
          'RPN_MIN_SIZE': 0,
          'RPN_NMS_THRESH': 0.7,
          'RPN_POST_NMS_TOP_N': 1000,
          'RPN_PRE_NMS_TOP_N': 1000,
          'SCALE': 800,
          'SCORE_THRESH': 0.05,
          'SOFT_NMS': {'ENABLED': False, 'METHOD': 'linear', 'SIGMA': 0.5}},
 'TRAIN': {'ASPECT_CROPPING': False,
           'ASPECT_GROUPING': True,
           'ASPECT_HI': 2,
           'ASPECT_LO': 0.5,
           'BATCH_SIZE_PER_IM': 512,
           'BBOX_INSIDE_WEIGHTS': (1.0, 1.0, 1.0, 1.0),
           'BBOX_NORMALIZE_MEANS': (0.0, 0.0, 0.0, 0.0),
           'BBOX_NORMALIZE_STDS': (0.1, 0.1, 0.2, 0.2),
           'BBOX_NORMALIZE_TARGETS': True,
           'BBOX_NORMALIZE_TARGETS_PRECOMPUTED': False,
           'BBOX_THRESH': 0.5,
           'BG_THRESH_HI': 0.5,
           'BG_THRESH_LO': 0.0,
           'CROWD_FILTER_THRESH': 0.7,
           'DATASETS': (),
           'FG_FRACTION': 0.25,
           'FG_THRESH': 0.5,
           'FREEZE_CONV_BODY': False,
           'GT_MIN_AREA': -1,
           'IMS_PER_BATCH': 2,
           'MAX_SIZE': 1333,
           'PROPOSAL_FILES': (),
           'RPN_BATCH_SIZE_PER_IM': 256,
           'RPN_FG_FRACTION': 0.5,
           'RPN_MIN_SIZE': 0,
           'RPN_NEGATIVE_OVERLAP': 0.3,
           'RPN_NMS_THRESH': 0.7,
           'RPN_POSITIVE_OVERLAP': 0.7,
           'RPN_POST_NMS_TOP_N': 2000,
           'RPN_PRE_NMS_TOP_N': 2000,
           'RPN_STRADDLE_THRESH': 0,
           'SCALES': (800,),
           'SNAPSHOT_ITERS': 20000,
           'USE_FLIPPED': False},
 'VIS': False,
 'VIS_TH': 0.9}
INFO test_engine.py: 352: loading checkpoint /home/ubuntu/vdp-tool-chain/data/ns-vqa-data/pretrained/object_detector.pt
INFO test_engine.py: 286: im_detect: range [1, 6] of 6: 1/6 1.121s + 0.003s (eta: 0:00:05)
INFO test_engine.py: 336: Wrote detections to: /home/ubuntu/vdp-tool-chain/data/clevr-cleaned-variants/train/fovariant-3/infer/mask_rcnn/detections.pkl
INFO test_engine.py: 164: Total inference time: 5.682s


| processing proposals 1 / 6 images
| processing proposals 2 / 6 images
| processing proposals 3 / 6 images
| processing proposals 4 / 6 images
| processing proposals 5 / 6 images
| processing proposals 6 / 6 images
| saving object annotations to data/clevr-cleaned-variants/train/fovariant-3/infer/attrnet/predictions.json


| options
run_dir: data/clevr-cleaned-variants/train/fovariant-3/solver_ir
dataset: clevr
load_checkpoint_path: /home/ubuntu/vdp-tool-chain/data/ns-vqa-data/pretrained/attribute_net.pt
gpu_ids: [0]
clevr_mini_img_dir: /home/ubuntu/vdp-tool-chain/data/ns-vqa-data/raw/CLEVR_mini/images
clevr_mini_ann_path: /home/ubuntu/vdp-tool-chain/data/ns-vqa-data/attr_net/objects/clevr_mini_objs.json
concat_img: 1
split_id: 3500
batch_size: 50
num_workers: 4
learning_rate: 0.002
split: val
output_path: data/clevr-cleaned-variants/train/fovariant-3/solver_ir/results.json
clevr_val_ann_path: data/clevr-cleaned-variants/train/fovariant-3/infer/attrnet/predictions.json
clevr_val_img_dir: /home/ubuntu/vdp-tool-chain/data/ns-vqa-data/raw/CLEVR_v1.0/images/val
shuffle_data: 0
use_cat_label: 1
name: fovariant-3
| loading checkpoint from /home/ubuntu/vdp-tool-chain/data/ns-vqa-data/pretrained/attribute_net.pt
clevr_object.py: CLEVR_val_000000.png val 0 0
clevr_object.py: CLEVR_val_000000.png val 0 1
clevr_object.py: CLEVR_val_000000.png val 0 2
clevr_object.py: CLEVR_val_000001.png val 1 3
clevr_object.py: CLEVR_val_000001.png val 1 4
clevr_object.py: CLEVR_val_000001.png val 1 5
clevr_object.py: CLEVR_val_000002.png val 2 6
clevr_object.py: CLEVR_val_000002.png val 2 7
clevr_object.py: CLEVR_val_000002.png val 2 8
clevr_object.py: CLEVR_val_000003.png val 3 9
clevr_object.py: CLEVR_val_000003.png val 3 10
clevr_object.py: CLEVR_val_000003.png val 3 11
clevr_object.py: CLEVR_val_000004.png val 4 12
clevr_object.py: CLEVR_val_000004.png val 4 13
clevr_object.py: CLEVR_val_000004.png val 4 14
clevr_object.py: CLEVR_val_000004.png val 4 15
clevr_object.py: CLEVR_val_000005.png val 5 16
clevr_object.py: CLEVR_val_000005.png val 5 17
18 / 18 objects processed
| saving annotation file to data/clevr-cleaned-variants/train/fovariant-3/solver_ir/results.json


0.json in test
THRESHOLD relate_behind objs = {'id': '0-0', 'position': [0.18175512552261353, 0.1499989628791809, 0.6867870092391968], 'color': 'brown', 'material': 'metal', 'shape': 'cube', 'size': 'large'}, {'id': '0-2', 'position': [-2.755141496658325, -0.16403809189796448, 0.6966184377670288], 'color': 'brown', 'material': 'metal', 'shape': 'cylinder', 'size': 'large'}
THRESHOLD relate_front objs = {'id': '0-0', 'position': [0.18175512552261353, 0.1499989628791809, 0.6867870092391968], 'color': 'brown', 'material': 'metal', 'shape': 'cube', 'size': 'large'}, {'id': '0-1', 'position': [2.889726400375366, 0.26721444725990295, 0.6881774663925171], 'color': 'brown', 'material': 'metal', 'shape': 'cube', 'size': 'large'}
THRESHOLD relate_behind objs = {'id': '0-1', 'position': [2.889726400375366, 0.26721444725990295, 0.6881774663925171], 'color': 'brown', 'material': 'metal', 'shape': 'cube', 'size': 'large'}, {'id': '0-0', 'position': [0.18175512552261353, 0.1499989628791809, 0.6867870092391968], 'color': 'brown', 'material': 'metal', 'shape': 'cube', 'size': 'large'}
THRESHOLD relate_front objs = {'id': '0-2', 'position': [-2.755141496658325, -0.16403809189796448, 0.6966184377670288], 'color': 'brown', 'material': 'metal', 'shape': 'cylinder', 'size': 'large'}, {'id': '0-0', 'position': [0.18175512552261353, 0.1499989628791809, 0.6867870092391968], 'color': 'brown', 'material': 'metal', 'shape': 'cube', 'size': 'large'}
1.json in test
THRESHOLD relate_front objs = {'id': '1-0', 'position': [-2.848313093185425, -0.19731345772743225, 0.6904924511909485], 'color': 'brown', 'material': 'metal', 'shape': 'cube', 'size': 'large'}, {'id': '1-1', 'position': [2.635272264480591, 0.19700613617897034, 0.6892781257629395], 'color': 'brown', 'material': 'metal', 'shape': 'cube', 'size': 'large'}
THRESHOLD relate_front objs = {'id': '1-0', 'position': [-2.848313093185425, -0.19731345772743225, 0.6904924511909485], 'color': 'brown', 'material': 'metal', 'shape': 'cube', 'size': 'large'}, {'id': '1-2', 'position': [-0.07514666765928268, -0.0012250691652297974, 0.6898955702781677], 'color': 'brown', 'material': 'metal', 'shape': 'cylinder', 'size': 'large'}
THRESHOLD relate_behind objs = {'id': '1-1', 'position': [2.635272264480591, 0.19700613617897034, 0.6892781257629395], 'color': 'brown', 'material': 'metal', 'shape': 'cube', 'size': 'large'}, {'id': '1-0', 'position': [-2.848313093185425, -0.19731345772743225, 0.6904924511909485], 'color': 'brown', 'material': 'metal', 'shape': 'cube', 'size': 'large'}
THRESHOLD relate_behind objs = {'id': '1-1', 'position': [2.635272264480591, 0.19700613617897034, 0.6892781257629395], 'color': 'brown', 'material': 'metal', 'shape': 'cube', 'size': 'large'}, {'id': '1-2', 'position': [-0.07514666765928268, -0.0012250691652297974, 0.6898955702781677], 'color': 'brown', 'material': 'metal', 'shape': 'cylinder', 'size': 'large'}
THRESHOLD relate_behind objs = {'id': '1-2', 'position': [-0.07514666765928268, -0.0012250691652297974, 0.6898955702781677], 'color': 'brown', 'material': 'metal', 'shape': 'cylinder', 'size': 'large'}, {'id': '1-0', 'position': [-2.848313093185425, -0.19731345772743225, 0.6904924511909485], 'color': 'brown', 'material': 'metal', 'shape': 'cube', 'size': 'large'}
THRESHOLD relate_front objs = {'id': '1-2', 'position': [-0.07514666765928268, -0.0012250691652297974, 0.6898955702781677], 'color': 'brown', 'material': 'metal', 'shape': 'cylinder', 'size': 'large'}, {'id': '1-1', 'position': [2.635272264480591, 0.19700613617897034, 0.6892781257629395], 'color': 'brown', 'material': 'metal', 'shape': 'cube', 'size': 'large'}
2.json in test
THRESHOLD relate_behind objs = {'id': '2-0', 'position': [-2.9438118934631348, -0.07864968478679657, 0.3483004570007324], 'color': 'brown', 'material': 'rubber', 'shape': 'cylinder', 'size': 'small'}, {'id': '2-1', 'position': [-1.4638738632202148, -0.08082315325737, 0.6934730410575867], 'color': 'brown', 'material': 'metal', 'shape': 'cube', 'size': 'large'}
THRESHOLD relate_front objs = {'id': '2-0', 'position': [-2.9438118934631348, -0.07864968478679657, 0.3483004570007324], 'color': 'brown', 'material': 'rubber', 'shape': 'cylinder', 'size': 'small'}, {'id': '2-2', 'position': [1.28115975856781, 0.060159504413604736, 0.7006880640983582], 'color': 'brown', 'material': 'metal', 'shape': 'cube', 'size': 'large'}
THRESHOLD relate_front objs = {'id': '2-1', 'position': [-1.4638738632202148, -0.08082315325737, 0.6934730410575867], 'color': 'brown', 'material': 'metal', 'shape': 'cube', 'size': 'large'}, {'id': '2-0', 'position': [-2.9438118934631348, -0.07864968478679657, 0.3483004570007324], 'color': 'brown', 'material': 'rubber', 'shape': 'cylinder', 'size': 'small'}
THRESHOLD relate_front objs = {'id': '2-1', 'position': [-1.4638738632202148, -0.08082315325737, 0.6934730410575867], 'color': 'brown', 'material': 'metal', 'shape': 'cube', 'size': 'large'}, {'id': '2-2', 'position': [1.28115975856781, 0.060159504413604736, 0.7006880640983582], 'color': 'brown', 'material': 'metal', 'shape': 'cube', 'size': 'large'}
THRESHOLD relate_behind objs = {'id': '2-2', 'position': [1.28115975856781, 0.060159504413604736, 0.7006880640983582], 'color': 'brown', 'material': 'metal', 'shape': 'cube', 'size': 'large'}, {'id': '2-0', 'position': [-2.9438118934631348, -0.07864968478679657, 0.3483004570007324], 'color': 'brown', 'material': 'rubber', 'shape': 'cylinder', 'size': 'small'}
THRESHOLD relate_behind objs = {'id': '2-2', 'position': [1.28115975856781, 0.060159504413604736, 0.7006880640983582], 'color': 'brown', 'material': 'metal', 'shape': 'cube', 'size': 'large'}, {'id': '2-1', 'position': [-1.4638738632202148, -0.08082315325737, 0.6934730410575867], 'color': 'brown', 'material': 'metal', 'shape': 'cube', 'size': 'large'}
3.json in train
THRESHOLD relate_behind objs = {'id': '3-0', 'position': [0.1697218269109726, 0.25031620264053345, 0.6884656548500061], 'color': 'brown', 'material': 'rubber', 'shape': 'cube', 'size': 'large'}, {'id': '3-2', 'position': [-2.7402210235595703, 0.007222656160593033, 0.693168580532074], 'color': 'brown', 'material': 'metal', 'shape': 'cylinder', 'size': 'large'}
THRESHOLD relate_front objs = {'id': '3-0', 'position': [0.1697218269109726, 0.25031620264053345, 0.6884656548500061], 'color': 'brown', 'material': 'rubber', 'shape': 'cube', 'size': 'large'}, {'id': '3-1', 'position': [2.839810609817505, 0.30698224902153015, 0.6882401704788208], 'color': 'brown', 'material': 'rubber', 'shape': 'cube', 'size': 'large'}
THRESHOLD relate_behind objs = {'id': '3-1', 'position': [2.839810609817505, 0.30698224902153015, 0.6882401704788208], 'color': 'brown', 'material': 'rubber', 'shape': 'cube', 'size': 'large'}, {'id': '3-0', 'position': [0.1697218269109726, 0.25031620264053345, 0.6884656548500061], 'color': 'brown', 'material': 'rubber', 'shape': 'cube', 'size': 'large'}
THRESHOLD relate_behind objs = {'id': '3-1', 'position': [2.839810609817505, 0.30698224902153015, 0.6882401704788208], 'color': 'brown', 'material': 'rubber', 'shape': 'cube', 'size': 'large'}, {'id': '3-2', 'position': [-2.7402210235595703, 0.007222656160593033, 0.693168580532074], 'color': 'brown', 'material': 'metal', 'shape': 'cylinder', 'size': 'large'}
THRESHOLD relate_front objs = {'id': '3-2', 'position': [-2.7402210235595703, 0.007222656160593033, 0.693168580532074], 'color': 'brown', 'material': 'metal', 'shape': 'cylinder', 'size': 'large'}, {'id': '3-0', 'position': [0.1697218269109726, 0.25031620264053345, 0.6884656548500061], 'color': 'brown', 'material': 'rubber', 'shape': 'cube', 'size': 'large'}
THRESHOLD relate_front objs = {'id': '3-2', 'position': [-2.7402210235595703, 0.007222656160593033, 0.693168580532074], 'color': 'brown', 'material': 'metal', 'shape': 'cylinder', 'size': 'large'}, {'id': '3-1', 'position': [2.839810609817505, 0.30698224902153015, 0.6882401704788208], 'color': 'brown', 'material': 'rubber', 'shape': 'cube', 'size': 'large'}
4.json in train
THRESHOLD relate_front objs = {'id': '4-0', 'position': [-2.8232038021087646, -0.35689616203308105, 0.3490258455276489], 'color': 'gray', 'material': 'metal', 'shape': 'cylinder', 'size': 'small'}, {'id': '4-1', 'position': [-0.10056484490633011, -0.04208715632557869, 0.34468644857406616], 'color': 'red', 'material': 'rubber', 'shape': 'cube', 'size': 'small'}
THRESHOLD relate_front objs = {'id': '4-0', 'position': [-2.8232038021087646, -0.35689616203308105, 0.3490258455276489], 'color': 'gray', 'material': 'metal', 'shape': 'cylinder', 'size': 'small'}, {'id': '4-2', 'position': [1.3381837606430054, -0.00360804982483387, 0.3390335440635681], 'color': 'red', 'material': 'rubber', 'shape': 'cube', 'size': 'small'}
THRESHOLD relate_front objs = {'id': '4-0', 'position': [-2.8232038021087646, -0.35689616203308105, 0.3490258455276489], 'color': 'gray', 'material': 'metal', 'shape': 'cylinder', 'size': 'small'}, {'id': '4-3', 'position': [-1.3736603260040283, -0.13141655921936035, 0.3798852264881134], 'color': 'red', 'material': 'metal', 'shape': 'cube', 'size': 'small'}
THRESHOLD relate_behind objs = {'id': '4-1', 'position': [-0.10056484490633011, -0.04208715632557869, 0.34468644857406616], 'color': 'red', 'material': 'rubber', 'shape': 'cube', 'size': 'small'}, {'id': '4-0', 'position': [-2.8232038021087646, -0.35689616203308105, 0.3490258455276489], 'color': 'gray', 'material': 'metal', 'shape': 'cylinder', 'size': 'small'}
THRESHOLD relate_behind objs = {'id': '4-1', 'position': [-0.10056484490633011, -0.04208715632557869, 0.34468644857406616], 'color': 'red', 'material': 'rubber', 'shape': 'cube', 'size': 'small'}, {'id': '4-3', 'position': [-1.3736603260040283, -0.13141655921936035, 0.3798852264881134], 'color': 'red', 'material': 'metal', 'shape': 'cube', 'size': 'small'}
THRESHOLD relate_front objs = {'id': '4-1', 'position': [-0.10056484490633011, -0.04208715632557869, 0.34468644857406616], 'color': 'red', 'material': 'rubber', 'shape': 'cube', 'size': 'small'}, {'id': '4-2', 'position': [1.3381837606430054, -0.00360804982483387, 0.3390335440635681], 'color': 'red', 'material': 'rubber', 'shape': 'cube', 'size': 'small'}
THRESHOLD relate_behind objs = {'id': '4-2', 'position': [1.3381837606430054, -0.00360804982483387, 0.3390335440635681], 'color': 'red', 'material': 'rubber', 'shape': 'cube', 'size': 'small'}, {'id': '4-0', 'position': [-2.8232038021087646, -0.35689616203308105, 0.3490258455276489], 'color': 'gray', 'material': 'metal', 'shape': 'cylinder', 'size': 'small'}
THRESHOLD relate_behind objs = {'id': '4-2', 'position': [1.3381837606430054, -0.00360804982483387, 0.3390335440635681], 'color': 'red', 'material': 'rubber', 'shape': 'cube', 'size': 'small'}, {'id': '4-1', 'position': [-0.10056484490633011, -0.04208715632557869, 0.34468644857406616], 'color': 'red', 'material': 'rubber', 'shape': 'cube', 'size': 'small'}
THRESHOLD relate_behind objs = {'id': '4-2', 'position': [1.3381837606430054, -0.00360804982483387, 0.3390335440635681], 'color': 'red', 'material': 'rubber', 'shape': 'cube', 'size': 'small'}, {'id': '4-3', 'position': [-1.3736603260040283, -0.13141655921936035, 0.3798852264881134], 'color': 'red', 'material': 'metal', 'shape': 'cube', 'size': 'small'}
THRESHOLD relate_behind objs = {'id': '4-3', 'position': [-1.3736603260040283, -0.13141655921936035, 0.3798852264881134], 'color': 'red', 'material': 'metal', 'shape': 'cube', 'size': 'small'}, {'id': '4-0', 'position': [-2.8232038021087646, -0.35689616203308105, 0.3490258455276489], 'color': 'gray', 'material': 'metal', 'shape': 'cylinder', 'size': 'small'}
THRESHOLD relate_front objs = {'id': '4-3', 'position': [-1.3736603260040283, -0.13141655921936035, 0.3798852264881134], 'color': 'red', 'material': 'metal', 'shape': 'cube', 'size': 'small'}, {'id': '4-1', 'position': [-0.10056484490633011, -0.04208715632557869, 0.34468644857406616], 'color': 'red', 'material': 'rubber', 'shape': 'cube', 'size': 'small'}
THRESHOLD relate_front objs = {'id': '4-3', 'position': [-1.3736603260040283, -0.13141655921936035, 0.3798852264881134], 'color': 'red', 'material': 'metal', 'shape': 'cube', 'size': 'small'}, {'id': '4-2', 'position': [1.3381837606430054, -0.00360804982483387, 0.3390335440635681], 'color': 'red', 'material': 'rubber', 'shape': 'cube', 'size': 'small'}
5.json in train
THRESHOLD relate_behind objs = {'id': '5-0', 'position': [0.02412191778421402, -0.0002515939995646477, 0.6864596605300903], 'color': 'gray', 'material': 'metal', 'shape': 'cylinder', 'size': 'large'}, {'id': '5-1', 'position': [1.426291823387146, -0.039340198040008545, 0.3370817303657532], 'color': 'red', 'material': 'rubber', 'shape': 'cube', 'size': 'small'}
THRESHOLD relate_front objs = {'id': '5-1', 'position': [1.426291823387146, -0.039340198040008545, 0.3370817303657532], 'color': 'red', 'material': 'rubber', 'shape': 'cube', 'size': 'small'}, {'id': '5-0', 'position': [0.02412191778421402, -0.0002515939995646477, 0.6864596605300903], 'color': 'gray', 'material': 'metal', 'shape': 'cylinder', 'size': 'large'}
