Started Logging. 2022-07-09 19:16:36.023631

found bundled python: /home/ubuntu/vdp-tool-chain/data/blender-2.78c-linux-glibc219-x86_64/2.78/python
read blend: /home/ubuntu/vdp-tool-chain/data/clevr_scene_data/base_scene.blend
convertViewVec: called in an invalid context
convertViewVec: called in an invalid context
Fra:1 Mem:13.89M (0.00M, Peak 13.89M) | Time:00:00.00 | Preparing Scene data
Fra:1 Mem:18.66M (0.00M, Peak 20.13M) | Time:00:00.00 | Preparing Scene data
Fra:1 Mem:18.66M (0.00M, Peak 20.13M) | Time:00:00.00 | Creating Shadowbuffers
Fra:1 Mem:18.66M (0.00M, Peak 20.13M) | Time:00:00.00 | Raytree.. preparing
Fra:1 Mem:23.85M (0.00M, Peak 23.85M) | Time:00:00.01 | Raytree.. building
Fra:1 Mem:23.57M (0.00M, Peak 31.68M) | Time:00:00.09 | Raytree finished
Fra:1 Mem:23.57M (0.00M, Peak 31.68M) | Time:00:00.09 | Creating Environment maps
Fra:1 Mem:23.57M (0.00M, Peak 31.68M) | Time:00:00.09 | Caching Point Densities
Fra:1 Mem:23.57M (0.00M, Peak 31.68M) | Time:00:00.09 | Sce: Scene Ve:39082 Fa:37769 La:1
Fra:1 Mem:23.57M (0.00M, Peak 31.68M) | Time:00:00.09 | Loading voxel datasets
Fra:1 Mem:23.57M (0.00M, Peak 31.68M) | Time:00:00.09 | Sce: Scene Ve:39082 Fa:37769 La:1
Fra:1 Mem:23.57M (0.00M, Peak 31.68M) | Time:00:00.09 | Sce: Scene Ve:39082 Fa:37769 La:1
Fra:1 Mem:23.57M (0.00M, Peak 31.68M) | Time:00:00.09 | Volume preprocessing
Fra:1 Mem:23.57M (0.00M, Peak 31.68M) | Time:00:00.09 | Sce: Scene Ve:39082 Fa:37769 La:1
Fra:1 Mem:23.57M (0.00M, Peak 31.68M) | Time:00:00.09 | Sce: Scene Ve:39082 Fa:37769 La:1
Fra:1 Mem:27.65M (0.00M, Peak 31.68M) | Time:00:00.09 | Scene, Part 3-4
Fra:1 Mem:27.61M (0.00M, Peak 31.68M) | Time:00:00.09 | Scene, Part 4-4
Fra:1 Mem:25.92M (0.00M, Peak 31.68M) | Time:00:00.10 | Scene, Part 2-4
Fra:1 Mem:24.83M (0.00M, Peak 31.68M) | Time:00:00.10 | Scene, Part 1-4
Fra:1 Mem:13.81M (0.00M, Peak 31.68M) | Time:00:00.10 | Sce: Scene Ve:39082 Fa:37769 La:1
Saved: '/tmp/tmpn_gsb7wv.png'
 Time: 00:00.15 (Saving: 00:00.04)

Fra:1 Mem:13.84M (0.00M, Peak 14.43M) | Time:00:00.04 | Mem:0.00M, Peak:0.00M | Scene, RenderLayer | Synchronizing object | Area
Fra:1 Mem:13.84M (0.00M, Peak 14.43M) | Time:00:00.04 | Mem:0.00M, Peak:0.00M | Scene, RenderLayer | Synchronizing object | Ground
Fra:1 Mem:13.91M (0.00M, Peak 14.43M) | Time:00:00.04 | Mem:0.00M, Peak:0.00M | Scene, RenderLayer | Synchronizing object | Empty
Fra:1 Mem:13.91M (0.00M, Peak 14.43M) | Time:00:00.04 | Mem:0.00M, Peak:0.00M | Scene, RenderLayer | Synchronizing object | Lamp_Back
Fra:1 Mem:13.91M (0.00M, Peak 14.43M) | Time:00:00.04 | Mem:0.00M, Peak:0.00M | Scene, RenderLayer | Synchronizing object | Lamp_Fill
Fra:1 Mem:13.91M (0.00M, Peak 14.43M) | Time:00:00.04 | Mem:0.00M, Peak:0.00M | Scene, RenderLayer | Synchronizing object | Lamp_Key
Fra:1 Mem:13.91M (0.00M, Peak 14.43M) | Time:00:00.04 | Mem:0.00M, Peak:0.00M | Scene, RenderLayer | Synchronizing object | Camera
Fra:1 Mem:13.91M (0.00M, Peak 14.43M) | Time:00:00.04 | Mem:0.00M, Peak:0.00M | Scene, RenderLayer | Synchronizing object | SmoothCylinder_0
Fra:1 Mem:17.23M (0.00M, Peak 20.31M) | Time:00:00.06 | Mem:0.00M, Peak:0.00M | Scene, RenderLayer | Synchronizing object | SmoothCube_v2_0
Fra:1 Mem:17.59M (0.00M, Peak 20.31M) | Time:00:00.06 | Mem:0.00M, Peak:0.00M | Scene, RenderLayer | Initializing
Fra:1 Mem:17.59M (0.00M, Peak 20.31M) | Time:00:00.06 | Mem:0.00M, Peak:0.00M | Scene, RenderLayer | Loading render kernels (may take a few minutes the first time)
Fra:1 Mem:17.59M (0.00M, Peak 20.31M) | Time:00:00.07 | Mem:0.00M, Peak:0.00M | Scene, RenderLayer | Waiting for render to start
Fra:1 Mem:17.59M (0.00M, Peak 20.31M) | Time:00:00.07 | Mem:0.00M, Peak:0.00M | Scene, RenderLayer | Updating Scene
Fra:1 Mem:17.59M (0.00M, Peak 20.31M) | Time:00:00.07 | Mem:0.00M, Peak:0.00M | Scene, RenderLayer | Updating Shaders
Fra:1 Mem:18.09M (0.00M, Peak 20.31M) | Time:00:00.15 | Mem:0.00M, Peak:0.00M | Scene, RenderLayer | Updating Background
Fra:1 Mem:18.09M (0.00M, Peak 20.31M) | Time:00:00.15 | Mem:0.00M, Peak:0.00M | Scene, RenderLayer | Updating Camera
Fra:1 Mem:18.09M (0.00M, Peak 20.31M) | Time:00:00.15 | Mem:0.00M, Peak:0.00M | Scene, RenderLayer | Updating Meshes Flags
Fra:1 Mem:18.09M (0.00M, Peak 20.31M) | Time:00:00.15 | Mem:0.00M, Peak:0.00M | Scene, RenderLayer | Updating Objects
Fra:1 Mem:18.09M (0.00M, Peak 20.31M) | Time:00:00.15 | Mem:0.00M, Peak:0.00M | Scene, RenderLayer | Updating Objects | Copying Transformations to device
Fra:1 Mem:18.10M (0.00M, Peak 20.31M) | Time:00:00.15 | Mem:0.00M, Peak:0.00M | Scene, RenderLayer | Updating Objects | Applying Static Transformations
Fra:1 Mem:18.10M (0.00M, Peak 20.31M) | Time:00:00.15 | Mem:0.00M, Peak:0.00M | Scene, RenderLayer | Updating Meshes
Fra:1 Mem:19.24M (0.00M, Peak 20.31M) | Time:00:00.16 | Mem:0.00M, Peak:0.00M | Scene, RenderLayer | Updating Mesh | Computing attributes
Fra:1 Mem:19.84M (0.00M, Peak 20.31M) | Time:00:00.16 | Mem:0.00M, Peak:0.00M | Scene, RenderLayer | Updating Mesh | Copying Attributes to device
Fra:1 Mem:19.84M (0.00M, Peak 20.43M) | Time:00:00.16 | Mem:0.60M, Peak:0.60M | Scene, RenderLayer | Updating Scene BVH | Building
Fra:1 Mem:19.84M (0.00M, Peak 20.43M) | Time:00:00.16 | Mem:0.60M, Peak:0.60M | Scene, RenderLayer | Updating Scene BVH | Building BVH
Fra:1 Mem:24.13M (0.00M, Peak 24.13M) | Time:00:00.21 | Mem:0.60M, Peak:0.60M | Scene, RenderLayer | Updating Scene BVH | Packing BVH triangles and strands
Fra:1 Mem:28.14M (0.00M, Peak 28.14M) | Time:00:00.21 | Mem:0.60M, Peak:0.60M | Scene, RenderLayer | Updating Scene BVH | Packing BVH nodes
Fra:1 Mem:25.93M (0.00M, Peak 29.37M) | Time:00:00.22 | Mem:0.60M, Peak:0.60M | Scene, RenderLayer | Updating Scene BVH | Copying BVH to device
Fra:1 Mem:26.22M (0.00M, Peak 29.37M) | Time:00:00.22 | Mem:6.69M, Peak:6.69M | Scene, RenderLayer | Updating Mesh | Computing normals
Fra:1 Mem:28.85M (0.00M, Peak 29.37M) | Time:00:00.22 | Mem:6.69M, Peak:6.69M | Scene, RenderLayer | Updating Mesh | Copying Mesh to device
Fra:1 Mem:28.57M (0.00M, Peak 29.37M) | Time:00:00.23 | Mem:9.33M, Peak:9.33M | Scene, RenderLayer | Updating Objects Flags
Fra:1 Mem:28.57M (0.00M, Peak 29.37M) | Time:00:00.23 | Mem:9.33M, Peak:9.33M | Scene, RenderLayer | Updating Images
Fra:1 Mem:28.57M (0.00M, Peak 29.37M) | Time:00:00.23 | Mem:9.33M, Peak:9.33M | Scene, RenderLayer | Updating Camera Volume
Fra:1 Mem:28.57M (0.00M, Peak 29.37M) | Time:00:00.23 | Mem:9.33M, Peak:9.33M | Scene, RenderLayer | Updating Hair Systems
Fra:1 Mem:28.57M (0.00M, Peak 29.37M) | Time:00:00.23 | Mem:9.33M, Peak:9.33M | Scene, RenderLayer | Updating Hair settings | Copying Hair settings to device
Fra:1 Mem:28.57M (0.00M, Peak 29.37M) | Time:00:00.23 | Mem:9.33M, Peak:9.33M | Scene, RenderLayer | Updating Lookup Tables
Fra:1 Mem:28.57M (0.00M, Peak 29.37M) | Time:00:00.23 | Mem:9.58M, Peak:9.58M | Scene, RenderLayer | Updating Lights
Fra:1 Mem:28.57M (0.00M, Peak 29.37M) | Time:00:00.23 | Mem:9.58M, Peak:9.58M | Scene, RenderLayer | Updating Lights | Computing distribution
Fra:1 Mem:28.57M (0.00M, Peak 29.37M) | Time:00:00.23 | Mem:9.58M, Peak:9.58M | Scene, RenderLayer | Updating Particle Systems
Fra:1 Mem:28.57M (0.00M, Peak 29.37M) | Time:00:00.23 | Mem:9.58M, Peak:9.58M | Scene, RenderLayer | Updating Particle Systems | Copying Particles to device
Fra:1 Mem:28.57M (0.00M, Peak 29.37M) | Time:00:00.23 | Mem:9.58M, Peak:9.58M | Scene, RenderLayer | Updating Integrator
Fra:1 Mem:28.61M (0.00M, Peak 29.37M) | Time:00:00.23 | Mem:9.62M, Peak:9.62M | Scene, RenderLayer | Updating Film
Fra:1 Mem:28.61M (0.00M, Peak 29.37M) | Time:00:00.23 | Mem:9.62M, Peak:9.62M | Scene, RenderLayer | Updating Lookup Tables
Fra:1 Mem:28.61M (0.00M, Peak 29.37M) | Time:00:00.23 | Mem:9.62M, Peak:9.62M | Scene, RenderLayer | Updating Baking
Fra:1 Mem:28.61M (0.00M, Peak 29.37M) | Time:00:00.23 | Mem:9.62M, Peak:9.62M | Scene, RenderLayer | Updating Device | Writing constant memory
Fra:1 Mem:28.61M (0.00M, Peak 29.37M) | Time:00:00.23 | Mem:9.62M, Peak:9.62M | Scene, RenderLayer | Path Tracing Tile 0/4, Sample 0/512
Fra:1 Mem:30.86M (0.00M, Peak 32.11M) | Time:00:00.23 | Mem:11.87M, Peak:11.87M | Scene, RenderLayer | Path Tracing Tile 1/4, Sample 0/512
Fra:1 Mem:30.86M (0.00M, Peak 33.11M) | Time:00:01.24 | Remaining:00:10.66 | Mem:11.87M, Peak:11.87M | Scene, RenderLayer | Path Tracing Tile 1/4, Sample 104/512
Fra:1 Mem:30.86M (0.00M, Peak 33.11M) | Time:00:02.24 | Remaining:00:09.61 | Mem:11.87M, Peak:11.87M | Scene, RenderLayer | Path Tracing Tile 1/4, Sample 208/512
Fra:1 Mem:30.86M (0.00M, Peak 33.11M) | Time:00:03.25 | Remaining:00:08.61 | Mem:11.87M, Peak:11.87M | Scene, RenderLayer | Path Tracing Tile 1/4, Sample 312/512
Fra:1 Mem:30.86M (0.00M, Peak 33.11M) | Time:00:04.26 | Remaining:00:07.60 | Mem:11.87M, Peak:11.87M | Scene, RenderLayer | Path Tracing Tile 1/4, Sample 416/512
Fra:1 Mem:28.61M (0.00M, Peak 33.11M) | Time:00:05.20 | Remaining:00:06.68 | Mem:9.62M, Peak:11.87M | Scene, RenderLayer | Path Tracing Tile 1/4, Sample 512/512
Fra:1 Mem:30.58M (0.00M, Peak 33.11M) | Time:00:05.20 | Remaining:00:06.68 | Mem:11.59M, Peak:11.87M | Scene, RenderLayer | Path Tracing Tile 2/4, Sample 512/512
Fra:1 Mem:30.58M (0.00M, Peak 33.11M) | Time:00:05.27 | Remaining:00:06.63 | Mem:11.59M, Peak:11.87M | Scene, RenderLayer | Path Tracing Tile 2/4, Sample 7/512
Fra:1 Mem:30.58M (0.00M, Peak 33.11M) | Time:00:06.28 | Remaining:00:05.74 | Mem:11.59M, Peak:11.87M | Scene, RenderLayer | Path Tracing Tile 2/4, Sample 118/512
Fra:1 Mem:30.58M (0.00M, Peak 33.11M) | Time:00:07.28 | Remaining:00:04.83 | Mem:11.59M, Peak:11.87M | Scene, RenderLayer | Path Tracing Tile 2/4, Sample 229/512
Fra:1 Mem:30.58M (0.00M, Peak 33.11M) | Time:00:08.29 | Remaining:00:03.90 | Mem:11.59M, Peak:11.87M | Scene, RenderLayer | Path Tracing Tile 2/4, Sample 339/512
Fra:1 Mem:30.58M (0.00M, Peak 33.11M) | Time:00:09.29 | Remaining:00:02.96 | Mem:11.59M, Peak:11.87M | Scene, RenderLayer | Path Tracing Tile 2/4, Sample 448/512
Fra:1 Mem:28.61M (0.00M, Peak 33.11M) | Time:00:09.88 | Remaining:00:02.41 | Mem:9.62M, Peak:11.87M | Scene, RenderLayer | Path Tracing Tile 2/4, Sample 512/512
Fra:1 Mem:29.17M (0.00M, Peak 33.11M) | Time:00:09.88 | Remaining:00:02.41 | Mem:10.18M, Peak:11.87M | Scene, RenderLayer | Path Tracing Tile 3/4, Sample 512/512
Fra:1 Mem:29.17M (0.00M, Peak 33.11M) | Time:00:10.29 | Remaining:00:02.20 | Mem:10.18M, Peak:11.87M | Scene, RenderLayer | Path Tracing Tile 3/4, Sample 98/512
Fra:1 Mem:29.17M (0.00M, Peak 33.11M) | Time:00:11.29 | Remaining:00:01.65 | Mem:10.18M, Peak:11.87M | Scene, RenderLayer | Path Tracing Tile 3/4, Sample 336/512
Fra:1 Mem:28.61M (0.00M, Peak 33.11M) | Time:00:12.04 | Remaining:00:01.21 | Mem:9.62M, Peak:11.87M | Scene, RenderLayer | Path Tracing Tile 3/4, Sample 512/512
Fra:1 Mem:29.10M (0.00M, Peak 33.11M) | Time:00:12.04 | Remaining:00:01.21 | Mem:10.11M, Peak:11.87M | Scene, RenderLayer | Path Tracing Tile 4/4, Sample 512/512
Fra:1 Mem:29.10M (0.00M, Peak 33.11M) | Time:00:12.29 | Remaining:00:01.07 | Mem:10.11M, Peak:11.87M | Scene, RenderLayer | Path Tracing Tile 4/4, Sample 65/512
Fra:1 Mem:29.10M (0.00M, Peak 33.11M) | Time:00:13.29 | Remaining:00:00.47 | Mem:10.11M, Peak:11.87M | Scene, RenderLayer | Path Tracing Tile 4/4, Sample 320/512
Fra:1 Mem:28.61M (0.00M, Peak 33.11M) | Time:00:14.05 | Mem:9.62M, Peak:11.87M | Scene, RenderLayer | Path Tracing Tile 4/4, Sample 512/512
Fra:1 Mem:28.61M (0.00M, Peak 33.11M) | Time:00:14.05 | Mem:9.62M, Peak:11.87M | Scene, RenderLayer | Finished
Fra:1 Mem:14.08M (0.00M, Peak 33.11M) | Time:00:14.13 | Sce: Scene Ve:0 Fa:0 La:0
Saved: 'data/clevr-cleaned-variants/assimilation/fovariant-1/render/images/CLEVR_val_000000.png'
 Time: 00:14.17 (Saving: 00:00.03)

read blend: /home/ubuntu/vdp-tool-chain/data/clevr_scene_data/base_scene.blend
convertViewVec: called in an invalid context
convertViewVec: called in an invalid context
convertViewVec: called in an invalid context
Fra:1 Mem:14.68M (0.00M, Peak 14.68M) | Time:00:00.00 | Preparing Scene data
Fra:1 Mem:20.13M (0.00M, Peak 22.28M) | Time:00:00.01 | Preparing Scene data
Fra:1 Mem:20.13M (0.00M, Peak 22.28M) | Time:00:00.01 | Creating Shadowbuffers
Fra:1 Mem:20.13M (0.00M, Peak 22.28M) | Time:00:00.01 | Raytree.. preparing
Fra:1 Mem:25.95M (0.00M, Peak 25.95M) | Time:00:00.01 | Raytree.. building
Fra:1 Mem:25.65M (0.00M, Peak 34.74M) | Time:00:00.10 | Raytree finished
Fra:1 Mem:25.65M (0.00M, Peak 34.74M) | Time:00:00.10 | Creating Environment maps
Fra:1 Mem:25.65M (0.00M, Peak 34.74M) | Time:00:00.10 | Caching Point Densities
Fra:1 Mem:25.65M (0.00M, Peak 34.74M) | Time:00:00.10 | Sce: Scene Ve:42834 Fa:42385 La:1
Fra:1 Mem:25.65M (0.00M, Peak 34.74M) | Time:00:00.10 | Loading voxel datasets
Fra:1 Mem:25.65M (0.00M, Peak 34.74M) | Time:00:00.10 | Sce: Scene Ve:42834 Fa:42385 La:1
Fra:1 Mem:25.65M (0.00M, Peak 34.74M) | Time:00:00.10 | Sce: Scene Ve:42834 Fa:42385 La:1
Fra:1 Mem:25.65M (0.00M, Peak 34.74M) | Time:00:00.10 | Volume preprocessing
Fra:1 Mem:25.65M (0.00M, Peak 34.74M) | Time:00:00.10 | Sce: Scene Ve:42834 Fa:42385 La:1
Fra:1 Mem:25.65M (0.00M, Peak 34.74M) | Time:00:00.10 | Sce: Scene Ve:42834 Fa:42385 La:1
Fra:1 Mem:29.99M (0.00M, Peak 34.74M) | Time:00:00.10 | Scene, Part 3-4
Fra:1 Mem:29.68M (0.00M, Peak 34.74M) | Time:00:00.10 | Scene, Part 4-4
Fra:1 Mem:28.65M (0.00M, Peak 34.74M) | Time:00:00.12 | Scene, Part 1-4
Fra:1 Mem:26.74M (0.00M, Peak 34.74M) | Time:00:00.12 | Scene, Part 2-4
Fra:1 Mem:14.56M (0.00M, Peak 34.74M) | Time:00:00.12 | Sce: Scene Ve:42834 Fa:42385 La:1
Saved: '/tmp/tmp872c50g6.png'
 Time: 00:00.14 (Saving: 00:00.01)

Fra:1 Mem:14.60M (0.00M, Peak 15.19M) | Time:00:00.04 | Mem:0.00M, Peak:0.00M | Scene, RenderLayer | Synchronizing object | Area
Fra:1 Mem:14.60M (0.00M, Peak 15.19M) | Time:00:00.04 | Mem:0.00M, Peak:0.00M | Scene, RenderLayer | Synchronizing object | Ground
Fra:1 Mem:14.66M (0.00M, Peak 15.19M) | Time:00:00.04 | Mem:0.00M, Peak:0.00M | Scene, RenderLayer | Synchronizing object | Empty
Fra:1 Mem:14.66M (0.00M, Peak 15.19M) | Time:00:00.04 | Mem:0.00M, Peak:0.00M | Scene, RenderLayer | Synchronizing object | Lamp_Back
Fra:1 Mem:14.66M (0.00M, Peak 15.19M) | Time:00:00.04 | Mem:0.00M, Peak:0.00M | Scene, RenderLayer | Synchronizing object | Lamp_Fill
Fra:1 Mem:14.66M (0.00M, Peak 15.19M) | Time:00:00.04 | Mem:0.00M, Peak:0.00M | Scene, RenderLayer | Synchronizing object | Lamp_Key
Fra:1 Mem:14.66M (0.00M, Peak 15.19M) | Time:00:00.04 | Mem:0.00M, Peak:0.00M | Scene, RenderLayer | Synchronizing object | Camera
Fra:1 Mem:14.66M (0.00M, Peak 15.19M) | Time:00:00.04 | Mem:0.00M, Peak:0.00M | Scene, RenderLayer | Synchronizing object | SmoothCube_v2_0
Fra:1 Mem:15.03M (0.00M, Peak 15.38M) | Time:00:00.05 | Mem:0.00M, Peak:0.00M | Scene, RenderLayer | Synchronizing object | SmoothCube_v2_1
Fra:1 Mem:15.39M (0.00M, Peak 15.75M) | Time:00:00.05 | Mem:0.00M, Peak:0.00M | Scene, RenderLayer | Synchronizing object | SmoothCylinder_0
Fra:1 Mem:18.71M (0.00M, Peak 21.80M) | Time:00:00.06 | Mem:0.00M, Peak:0.00M | Scene, RenderLayer | Initializing
Fra:1 Mem:18.71M (0.00M, Peak 21.80M) | Time:00:00.06 | Mem:0.00M, Peak:0.00M | Scene, RenderLayer | Loading render kernels (may take a few minutes the first time)
Fra:1 Mem:18.71M (0.00M, Peak 21.80M) | Time:00:00.07 | Mem:0.00M, Peak:0.00M | Scene, RenderLayer | Waiting for render to start
Fra:1 Mem:18.71M (0.00M, Peak 21.80M) | Time:00:00.07 | Mem:0.00M, Peak:0.00M | Scene, RenderLayer | Updating Scene
Fra:1 Mem:18.71M (0.00M, Peak 21.80M) | Time:00:00.07 | Mem:0.00M, Peak:0.00M | Scene, RenderLayer | Updating Shaders
Fra:1 Mem:18.97M (0.00M, Peak 21.80M) | Time:00:00.07 | Mem:0.00M, Peak:0.00M | Scene, RenderLayer | Updating Background
Fra:1 Mem:18.97M (0.00M, Peak 21.80M) | Time:00:00.07 | Mem:0.00M, Peak:0.00M | Scene, RenderLayer | Updating Camera
Fra:1 Mem:18.97M (0.00M, Peak 21.80M) | Time:00:00.07 | Mem:0.00M, Peak:0.00M | Scene, RenderLayer | Updating Meshes Flags
Fra:1 Mem:18.97M (0.00M, Peak 21.80M) | Time:00:00.07 | Mem:0.00M, Peak:0.00M | Scene, RenderLayer | Updating Objects
Fra:1 Mem:18.97M (0.00M, Peak 21.80M) | Time:00:00.07 | Mem:0.00M, Peak:0.00M | Scene, RenderLayer | Updating Objects | Copying Transformations to device
Fra:1 Mem:18.97M (0.00M, Peak 21.80M) | Time:00:00.07 | Mem:0.00M, Peak:0.00M | Scene, RenderLayer | Updating Objects | Applying Static Transformations
Fra:1 Mem:18.97M (0.00M, Peak 21.80M) | Time:00:00.07 | Mem:0.00M, Peak:0.00M | Scene, RenderLayer | Updating Meshes
Fra:1 Mem:20.23M (0.00M, Peak 21.80M) | Time:00:00.08 | Mem:0.00M, Peak:0.00M | Scene, RenderLayer | Updating Mesh | Computing attributes
Fra:1 Mem:20.88M (0.00M, Peak 21.80M) | Time:00:00.08 | Mem:0.00M, Peak:0.00M | Scene, RenderLayer | Updating Mesh | Copying Attributes to device
Fra:1 Mem:20.88M (0.00M, Peak 21.80M) | Time:00:00.08 | Mem:0.66M, Peak:0.66M | Scene, RenderLayer | Updating Scene BVH | Building
Fra:1 Mem:20.88M (0.00M, Peak 21.80M) | Time:00:00.08 | Mem:0.66M, Peak:0.66M | Scene, RenderLayer | Updating Scene BVH | Building BVH
Fra:1 Mem:25.61M (0.00M, Peak 25.61M) | Time:00:00.13 | Mem:0.66M, Peak:0.66M | Scene, RenderLayer | Updating Scene BVH | Packing BVH triangles and strands
Fra:1 Mem:30.01M (0.00M, Peak 30.01M) | Time:00:00.14 | Mem:0.66M, Peak:0.66M | Scene, RenderLayer | Updating Scene BVH | Packing BVH nodes
Fra:1 Mem:27.57M (0.00M, Peak 31.35M) | Time:00:00.14 | Mem:0.66M, Peak:0.66M | Scene, RenderLayer | Updating Scene BVH | Copying BVH to device
Fra:1 Mem:27.89M (0.00M, Peak 31.35M) | Time:00:00.15 | Mem:7.35M, Peak:7.35M | Scene, RenderLayer | Updating Mesh | Computing normals
Fra:1 Mem:30.78M (0.00M, Peak 31.35M) | Time:00:00.15 | Mem:7.35M, Peak:7.35M | Scene, RenderLayer | Updating Mesh | Copying Mesh to device
Fra:1 Mem:30.46M (0.00M, Peak 31.35M) | Time:00:00.15 | Mem:10.24M, Peak:10.24M | Scene, RenderLayer | Updating Objects Flags
Fra:1 Mem:30.46M (0.00M, Peak 31.35M) | Time:00:00.15 | Mem:10.24M, Peak:10.24M | Scene, RenderLayer | Updating Images
Fra:1 Mem:30.46M (0.00M, Peak 31.35M) | Time:00:00.15 | Mem:10.24M, Peak:10.24M | Scene, RenderLayer | Updating Camera Volume
Fra:1 Mem:30.46M (0.00M, Peak 31.35M) | Time:00:00.15 | Mem:10.24M, Peak:10.24M | Scene, RenderLayer | Updating Hair Systems
Fra:1 Mem:30.46M (0.00M, Peak 31.35M) | Time:00:00.15 | Mem:10.24M, Peak:10.24M | Scene, RenderLayer | Updating Hair settings | Copying Hair settings to device
Fra:1 Mem:30.46M (0.00M, Peak 31.35M) | Time:00:00.15 | Mem:10.24M, Peak:10.24M | Scene, RenderLayer | Updating Lookup Tables
Fra:1 Mem:30.46M (0.00M, Peak 31.35M) | Time:00:00.15 | Mem:10.49M, Peak:10.49M | Scene, RenderLayer | Updating Lights
Fra:1 Mem:30.47M (0.00M, Peak 31.35M) | Time:00:00.15 | Mem:10.49M, Peak:10.49M | Scene, RenderLayer | Updating Lights | Computing distribution
Fra:1 Mem:30.47M (0.00M, Peak 31.35M) | Time:00:00.15 | Mem:10.49M, Peak:10.49M | Scene, RenderLayer | Updating Particle Systems
Fra:1 Mem:30.47M (0.00M, Peak 31.35M) | Time:00:00.15 | Mem:10.49M, Peak:10.49M | Scene, RenderLayer | Updating Particle Systems | Copying Particles to device
Fra:1 Mem:30.47M (0.00M, Peak 31.35M) | Time:00:00.15 | Mem:10.49M, Peak:10.49M | Scene, RenderLayer | Updating Integrator
Fra:1 Mem:30.51M (0.00M, Peak 31.35M) | Time:00:00.15 | Mem:10.53M, Peak:10.53M | Scene, RenderLayer | Updating Film
Fra:1 Mem:30.51M (0.00M, Peak 31.35M) | Time:00:00.15 | Mem:10.53M, Peak:10.53M | Scene, RenderLayer | Updating Lookup Tables
Fra:1 Mem:30.51M (0.00M, Peak 31.35M) | Time:00:00.15 | Mem:10.53M, Peak:10.53M | Scene, RenderLayer | Updating Baking
Fra:1 Mem:30.51M (0.00M, Peak 31.35M) | Time:00:00.15 | Mem:10.53M, Peak:10.53M | Scene, RenderLayer | Updating Device | Writing constant memory
Fra:1 Mem:30.51M (0.00M, Peak 31.35M) | Time:00:00.15 | Mem:10.53M, Peak:10.53M | Scene, RenderLayer | Path Tracing Tile 0/4, Sample 0/512
Fra:1 Mem:32.76M (0.00M, Peak 34.01M) | Time:00:00.15 | Mem:12.78M, Peak:12.78M | Scene, RenderLayer | Path Tracing Tile 1/4, Sample 0/512
Fra:1 Mem:32.76M (0.00M, Peak 35.01M) | Time:00:01.16 | Remaining:00:12.18 | Mem:12.78M, Peak:12.78M | Scene, RenderLayer | Path Tracing Tile 1/4, Sample 92/512
Fra:1 Mem:32.76M (0.00M, Peak 35.01M) | Time:00:02.17 | Remaining:00:11.15 | Mem:12.78M, Peak:12.78M | Scene, RenderLayer | Path Tracing Tile 1/4, Sample 184/512
Fra:1 Mem:32.76M (0.00M, Peak 35.01M) | Time:00:03.18 | Remaining:00:10.13 | Mem:12.78M, Peak:12.78M | Scene, RenderLayer | Path Tracing Tile 1/4, Sample 276/512
Fra:1 Mem:32.76M (0.00M, Peak 35.01M) | Time:00:04.19 | Remaining:00:09.13 | Mem:12.78M, Peak:12.78M | Scene, RenderLayer | Path Tracing Tile 1/4, Sample 368/512
Fra:1 Mem:32.76M (0.00M, Peak 35.01M) | Time:00:05.19 | Remaining:00:08.13 | Mem:12.78M, Peak:12.78M | Scene, RenderLayer | Path Tracing Tile 1/4, Sample 459/512
Fra:1 Mem:30.51M (0.00M, Peak 35.01M) | Time:00:05.78 | Remaining:00:07.56 | Mem:10.53M, Peak:12.78M | Scene, RenderLayer | Path Tracing Tile 1/4, Sample 512/512
Fra:1 Mem:32.48M (0.00M, Peak 35.01M) | Time:00:05.78 | Remaining:00:07.56 | Mem:12.50M, Peak:12.78M | Scene, RenderLayer | Path Tracing Tile 2/4, Sample 512/512
Fra:1 Mem:32.48M (0.00M, Peak 35.01M) | Time:00:06.19 | Remaining:00:07.12 | Mem:12.50M, Peak:12.78M | Scene, RenderLayer | Path Tracing Tile 2/4, Sample 44/512
Fra:1 Mem:32.48M (0.00M, Peak 35.01M) | Time:00:07.20 | Remaining:00:06.06 | Mem:12.50M, Peak:12.78M | Scene, RenderLayer | Path Tracing Tile 2/4, Sample 152/512
Fra:1 Mem:32.48M (0.00M, Peak 35.01M) | Time:00:08.20 | Remaining:00:05.03 | Mem:12.50M, Peak:12.78M | Scene, RenderLayer | Path Tracing Tile 2/4, Sample 259/512
Fra:1 Mem:32.48M (0.00M, Peak 35.01M) | Time:00:09.21 | Remaining:00:04.00 | Mem:12.50M, Peak:12.78M | Scene, RenderLayer | Path Tracing Tile 2/4, Sample 366/512
Fra:1 Mem:32.48M (0.00M, Peak 35.01M) | Time:00:10.22 | Remaining:00:02.98 | Mem:12.50M, Peak:12.78M | Scene, RenderLayer | Path Tracing Tile 2/4, Sample 473/512
Fra:1 Mem:30.51M (0.00M, Peak 35.01M) | Time:00:10.59 | Remaining:00:02.60 | Mem:10.53M, Peak:12.78M | Scene, RenderLayer | Path Tracing Tile 2/4, Sample 512/512
Fra:1 Mem:31.07M (0.00M, Peak 35.01M) | Time:00:10.59 | Remaining:00:02.61 | Mem:11.10M, Peak:12.78M | Scene, RenderLayer | Path Tracing Tile 3/4, Sample 512/512
Fra:1 Mem:31.07M (0.00M, Peak 35.01M) | Time:00:11.22 | Remaining:00:02.25 | Mem:11.10M, Peak:12.78M | Scene, RenderLayer | Path Tracing Tile 3/4, Sample 147/512
Fra:1 Mem:31.07M (0.00M, Peak 35.01M) | Time:00:12.22 | Remaining:00:01.65 | Mem:11.10M, Peak:12.78M | Scene, RenderLayer | Path Tracing Tile 3/4, Sample 380/512
Fra:1 Mem:30.51M (0.00M, Peak 35.01M) | Time:00:12.80 | Remaining:00:01.30 | Mem:10.53M, Peak:12.78M | Scene, RenderLayer | Path Tracing Tile 3/4, Sample 512/512
Fra:1 Mem:31.00M (0.00M, Peak 35.01M) | Time:00:12.80 | Remaining:00:01.30 | Mem:11.03M, Peak:12.78M | Scene, RenderLayer | Path Tracing Tile 4/4, Sample 512/512
Fra:1 Mem:31.00M (0.00M, Peak 35.01M) | Time:00:13.23 | Remaining:00:01.04 | Mem:11.03M, Peak:12.78M | Scene, RenderLayer | Path Tracing Tile 4/4, Sample 107/512
Fra:1 Mem:31.00M (0.00M, Peak 35.01M) | Time:00:14.23 | Remaining:00:00.41 | Mem:11.03M, Peak:12.78M | Scene, RenderLayer | Path Tracing Tile 4/4, Sample 356/512
Fra:1 Mem:30.51M (0.00M, Peak 35.01M) | Time:00:14.86 | Mem:10.53M, Peak:12.78M | Scene, RenderLayer | Path Tracing Tile 4/4, Sample 512/512
Fra:1 Mem:30.51M (0.00M, Peak 35.01M) | Time:00:14.86 | Mem:10.53M, Peak:12.78M | Scene, RenderLayer | Finished
Fra:1 Mem:14.59M (0.00M, Peak 35.01M) | Time:00:14.94 | Sce: Scene Ve:0 Fa:0 La:0
Saved: 'data/clevr-cleaned-variants/assimilation/fovariant-1/render/images/CLEVR_val_000001.png'
 Time: 00:14.98 (Saving: 00:00.03)

read blend: /home/ubuntu/vdp-tool-chain/data/clevr_scene_data/base_scene.blend
convertViewVec: called in an invalid context
convertViewVec: called in an invalid context
convertViewVec: called in an invalid context
Fra:1 Mem:18.45M (0.00M, Peak 18.45M) | Time:00:00.00 | Preparing Scene data
Fra:1 Mem:27.31M (0.00M, Peak 29.45M) | Time:00:00.02 | Preparing Scene data
Fra:1 Mem:27.31M (0.00M, Peak 29.45M) | Time:00:00.02 | Creating Shadowbuffers
Fra:1 Mem:27.31M (0.00M, Peak 29.45M) | Time:00:00.02 | Raytree.. preparing
Fra:1 Mem:37.04M (0.00M, Peak 37.04M) | Time:00:00.03 | Raytree.. building
Fra:1 Mem:36.53M (0.00M, Peak 51.74M) | Time:00:00.18 | Raytree finished
Fra:1 Mem:36.53M (0.00M, Peak 51.74M) | Time:00:00.18 | Creating Environment maps
Fra:1 Mem:36.53M (0.00M, Peak 51.74M) | Time:00:00.18 | Caching Point Densities
Fra:1 Mem:36.53M (0.00M, Peak 51.74M) | Time:00:00.18 | Sce: Scene Ve:74412 Fa:70921 La:1
Fra:1 Mem:36.53M (0.00M, Peak 51.74M) | Time:00:00.18 | Loading voxel datasets
Fra:1 Mem:36.53M (0.00M, Peak 51.74M) | Time:00:00.18 | Sce: Scene Ve:74412 Fa:70921 La:1
Fra:1 Mem:36.53M (0.00M, Peak 51.74M) | Time:00:00.18 | Sce: Scene Ve:74412 Fa:70921 La:1
Fra:1 Mem:36.53M (0.00M, Peak 51.74M) | Time:00:00.18 | Volume preprocessing
Fra:1 Mem:36.53M (0.00M, Peak 51.74M) | Time:00:00.18 | Sce: Scene Ve:74412 Fa:70921 La:1
Fra:1 Mem:36.53M (0.00M, Peak 51.74M) | Time:00:00.18 | Sce: Scene Ve:74412 Fa:70921 La:1
Fra:1 Mem:40.88M (0.00M, Peak 51.74M) | Time:00:00.18 | Scene, Part 3-4
Fra:1 Mem:40.56M (0.00M, Peak 51.74M) | Time:00:00.19 | Scene, Part 4-4
Fra:1 Mem:39.54M (0.00M, Peak 51.74M) | Time:00:00.19 | Scene, Part 1-4
Fra:1 Mem:37.63M (0.00M, Peak 51.74M) | Time:00:00.20 | Scene, Part 2-4
Fra:1 Mem:18.33M (0.00M, Peak 51.74M) | Time:00:00.20 | Sce: Scene Ve:74412 Fa:70921 La:1
Saved: '/tmp/tmpah8u4eqx.png'
 Time: 00:00.22 (Saving: 00:00.01)

Fra:1 Mem:18.37M (0.00M, Peak 18.96M) | Time:00:00.05 | Mem:0.00M, Peak:0.00M | Scene, RenderLayer | Synchronizing object | Area
Fra:1 Mem:18.37M (0.00M, Peak 18.96M) | Time:00:00.05 | Mem:0.00M, Peak:0.00M | Scene, RenderLayer | Synchronizing object | Ground
Fra:1 Mem:18.43M (0.00M, Peak 18.96M) | Time:00:00.05 | Mem:0.00M, Peak:0.00M | Scene, RenderLayer | Synchronizing object | Empty
Fra:1 Mem:18.43M (0.00M, Peak 18.96M) | Time:00:00.05 | Mem:0.00M, Peak:0.00M | Scene, RenderLayer | Synchronizing object | Lamp_Back
Fra:1 Mem:18.43M (0.00M, Peak 18.96M) | Time:00:00.05 | Mem:0.00M, Peak:0.00M | Scene, RenderLayer | Synchronizing object | Lamp_Fill
Fra:1 Mem:18.43M (0.00M, Peak 18.96M) | Time:00:00.05 | Mem:0.00M, Peak:0.00M | Scene, RenderLayer | Synchronizing object | Lamp_Key
Fra:1 Mem:18.43M (0.00M, Peak 18.96M) | Time:00:00.05 | Mem:0.00M, Peak:0.00M | Scene, RenderLayer | Synchronizing object | Camera
Fra:1 Mem:18.43M (0.00M, Peak 18.96M) | Time:00:00.05 | Mem:0.00M, Peak:0.00M | Scene, RenderLayer | Synchronizing object | SmoothCylinder_0
Fra:1 Mem:21.75M (0.00M, Peak 24.84M) | Time:00:00.06 | Mem:0.00M, Peak:0.00M | Scene, RenderLayer | Synchronizing object | SmoothCube_v2_0
Fra:1 Mem:22.12M (0.00M, Peak 24.84M) | Time:00:00.06 | Mem:0.00M, Peak:0.00M | Scene, RenderLayer | Synchronizing object | SmoothCylinder_1
Fra:1 Mem:25.44M (0.00M, Peak 28.53M) | Time:00:00.07 | Mem:0.00M, Peak:0.00M | Scene, RenderLayer | Initializing
Fra:1 Mem:25.44M (0.00M, Peak 28.53M) | Time:00:00.07 | Mem:0.00M, Peak:0.00M | Scene, RenderLayer | Loading render kernels (may take a few minutes the first time)
Fra:1 Mem:25.44M (0.00M, Peak 28.53M) | Time:00:00.09 | Mem:0.00M, Peak:0.00M | Scene, RenderLayer | Waiting for render to start
Fra:1 Mem:25.44M (0.00M, Peak 28.53M) | Time:00:00.09 | Mem:0.00M, Peak:0.00M | Scene, RenderLayer | Updating Scene
Fra:1 Mem:25.44M (0.00M, Peak 28.53M) | Time:00:00.09 | Mem:0.00M, Peak:0.00M | Scene, RenderLayer | Updating Shaders
Fra:1 Mem:25.69M (0.00M, Peak 28.53M) | Time:00:00.09 | Mem:0.00M, Peak:0.00M | Scene, RenderLayer | Updating Background
Fra:1 Mem:25.69M (0.00M, Peak 28.53M) | Time:00:00.09 | Mem:0.00M, Peak:0.00M | Scene, RenderLayer | Updating Camera
Fra:1 Mem:25.69M (0.00M, Peak 28.53M) | Time:00:00.09 | Mem:0.00M, Peak:0.00M | Scene, RenderLayer | Updating Meshes Flags
Fra:1 Mem:25.69M (0.00M, Peak 28.53M) | Time:00:00.09 | Mem:0.00M, Peak:0.00M | Scene, RenderLayer | Updating Objects
Fra:1 Mem:25.69M (0.00M, Peak 28.53M) | Time:00:00.09 | Mem:0.00M, Peak:0.00M | Scene, RenderLayer | Updating Objects | Copying Transformations to device
Fra:1 Mem:25.69M (0.00M, Peak 28.53M) | Time:00:00.09 | Mem:0.00M, Peak:0.00M | Scene, RenderLayer | Updating Objects | Applying Static Transformations
Fra:1 Mem:25.69M (0.00M, Peak 28.53M) | Time:00:00.09 | Mem:0.00M, Peak:0.00M | Scene, RenderLayer | Updating Meshes
Fra:1 Mem:27.85M (0.00M, Peak 28.53M) | Time:00:00.09 | Mem:0.00M, Peak:0.00M | Scene, RenderLayer | Updating Mesh | Computing attributes
Fra:1 Mem:28.98M (0.00M, Peak 28.98M) | Time:00:00.09 | Mem:0.00M, Peak:0.00M | Scene, RenderLayer | Updating Mesh | Copying Attributes to device
Fra:1 Mem:28.98M (0.00M, Peak 30.12M) | Time:00:00.10 | Mem:1.14M, Peak:1.14M | Scene, RenderLayer | Updating Scene BVH | Building
Fra:1 Mem:28.98M (0.00M, Peak 30.12M) | Time:00:00.10 | Mem:1.14M, Peak:1.14M | Scene, RenderLayer | Updating Scene BVH | Building BVH
Fra:1 Mem:37.06M (0.00M, Peak 37.06M) | Time:00:00.19 | Mem:1.14M, Peak:1.14M | Scene, RenderLayer | Updating Scene BVH | Packing BVH triangles and strands
Fra:1 Mem:44.59M (0.00M, Peak 44.59M) | Time:00:00.20 | Mem:1.14M, Peak:1.14M | Scene, RenderLayer | Updating Scene BVH | Packing BVH nodes
Fra:1 Mem:40.45M (0.00M, Peak 46.91M) | Time:00:00.21 | Mem:1.14M, Peak:1.14M | Scene, RenderLayer | Updating Scene BVH | Copying BVH to device
Fra:1 Mem:40.99M (0.00M, Peak 46.91M) | Time:00:00.21 | Mem:12.61M, Peak:12.61M | Scene, RenderLayer | Updating Mesh | Computing normals
Fra:1 Mem:45.95M (0.00M, Peak 46.91M) | Time:00:00.22 | Mem:12.61M, Peak:12.61M | Scene, RenderLayer | Updating Mesh | Copying Mesh to device
Fra:1 Mem:45.41M (0.00M, Peak 46.91M) | Time:00:00.22 | Mem:17.56M, Peak:17.56M | Scene, RenderLayer | Updating Objects Flags
Fra:1 Mem:45.41M (0.00M, Peak 46.91M) | Time:00:00.22 | Mem:17.56M, Peak:17.56M | Scene, RenderLayer | Updating Images
Fra:1 Mem:45.41M (0.00M, Peak 46.91M) | Time:00:00.22 | Mem:17.56M, Peak:17.56M | Scene, RenderLayer | Updating Camera Volume
Fra:1 Mem:45.41M (0.00M, Peak 46.91M) | Time:00:00.22 | Mem:17.56M, Peak:17.56M | Scene, RenderLayer | Updating Hair Systems
Fra:1 Mem:45.41M (0.00M, Peak 46.91M) | Time:00:00.22 | Mem:17.56M, Peak:17.56M | Scene, RenderLayer | Updating Hair settings | Copying Hair settings to device
Fra:1 Mem:45.41M (0.00M, Peak 46.91M) | Time:00:00.22 | Mem:17.56M, Peak:17.56M | Scene, RenderLayer | Updating Lookup Tables
Fra:1 Mem:45.41M (0.00M, Peak 46.91M) | Time:00:00.22 | Mem:17.81M, Peak:17.81M | Scene, RenderLayer | Updating Lights
Fra:1 Mem:45.41M (0.00M, Peak 46.91M) | Time:00:00.22 | Mem:17.81M, Peak:17.81M | Scene, RenderLayer | Updating Lights | Computing distribution
Fra:1 Mem:45.41M (0.00M, Peak 46.91M) | Time:00:00.22 | Mem:17.81M, Peak:17.81M | Scene, RenderLayer | Updating Particle Systems
Fra:1 Mem:45.41M (0.00M, Peak 46.91M) | Time:00:00.22 | Mem:17.81M, Peak:17.81M | Scene, RenderLayer | Updating Particle Systems | Copying Particles to device
Fra:1 Mem:45.41M (0.00M, Peak 46.91M) | Time:00:00.22 | Mem:17.81M, Peak:17.81M | Scene, RenderLayer | Updating Integrator
Fra:1 Mem:45.45M (0.00M, Peak 46.91M) | Time:00:00.22 | Mem:17.85M, Peak:17.85M | Scene, RenderLayer | Updating Film
Fra:1 Mem:45.45M (0.00M, Peak 46.91M) | Time:00:00.22 | Mem:17.85M, Peak:17.85M | Scene, RenderLayer | Updating Lookup Tables
Fra:1 Mem:45.45M (0.00M, Peak 46.91M) | Time:00:00.22 | Mem:17.86M, Peak:17.86M | Scene, RenderLayer | Updating Baking
Fra:1 Mem:45.45M (0.00M, Peak 46.91M) | Time:00:00.22 | Mem:17.86M, Peak:17.86M | Scene, RenderLayer | Updating Device | Writing constant memory
Fra:1 Mem:45.45M (0.00M, Peak 46.91M) | Time:00:00.22 | Mem:17.86M, Peak:17.86M | Scene, RenderLayer | Path Tracing Tile 0/4, Sample 0/512
Fra:1 Mem:47.70M (0.00M, Peak 48.95M) | Time:00:00.22 | Mem:20.11M, Peak:20.11M | Scene, RenderLayer | Path Tracing Tile 1/4, Sample 0/512
Fra:1 Mem:47.70M (0.00M, Peak 49.95M) | Time:00:01.23 | Remaining:00:11.85 | Mem:20.11M, Peak:20.11M | Scene, RenderLayer | Path Tracing Tile 1/4, Sample 94/512
Fra:1 Mem:47.70M (0.00M, Peak 49.95M) | Time:00:02.23 | Remaining:00:10.83 | Mem:20.11M, Peak:20.11M | Scene, RenderLayer | Path Tracing Tile 1/4, Sample 188/512
Fra:1 Mem:47.70M (0.00M, Peak 49.95M) | Time:00:03.24 | Remaining:00:09.82 | Mem:20.11M, Peak:20.11M | Scene, RenderLayer | Path Tracing Tile 1/4, Sample 282/512
Fra:1 Mem:47.70M (0.00M, Peak 49.95M) | Time:00:04.24 | Remaining:00:08.82 | Mem:20.11M, Peak:20.11M | Scene, RenderLayer | Path Tracing Tile 1/4, Sample 376/512
Fra:1 Mem:47.70M (0.00M, Peak 49.95M) | Time:00:05.25 | Remaining:00:07.82 | Mem:20.11M, Peak:20.11M | Scene, RenderLayer | Path Tracing Tile 1/4, Sample 470/512
Fra:1 Mem:45.45M (0.00M, Peak 49.95M) | Time:00:05.71 | Remaining:00:07.37 | Mem:17.86M, Peak:20.11M | Scene, RenderLayer | Path Tracing Tile 1/4, Sample 512/512
Fra:1 Mem:47.42M (0.00M, Peak 49.95M) | Time:00:05.71 | Remaining:00:07.38 | Mem:19.83M, Peak:20.11M | Scene, RenderLayer | Path Tracing Tile 2/4, Sample 512/512
Fra:1 Mem:47.42M (0.00M, Peak 49.95M) | Time:00:06.26 | Remaining:00:06.81 | Mem:19.83M, Peak:20.11M | Scene, RenderLayer | Path Tracing Tile 2/4, Sample 59/512
Fra:1 Mem:47.42M (0.00M, Peak 49.95M) | Time:00:07.26 | Remaining:00:05.78 | Mem:19.83M, Peak:20.11M | Scene, RenderLayer | Path Tracing Tile 2/4, Sample 168/512
Fra:1 Mem:47.42M (0.00M, Peak 49.95M) | Time:00:08.27 | Remaining:00:04.75 | Mem:19.83M, Peak:20.11M | Scene, RenderLayer | Path Tracing Tile 2/4, Sample 277/512
Fra:1 Mem:47.42M (0.00M, Peak 49.95M) | Time:00:09.27 | Remaining:00:03.74 | Mem:19.83M, Peak:20.11M | Scene, RenderLayer | Path Tracing Tile 2/4, Sample 385/512
Fra:1 Mem:47.42M (0.00M, Peak 49.95M) | Time:00:10.27 | Remaining:00:02.73 | Mem:19.83M, Peak:20.11M | Scene, RenderLayer | Path Tracing Tile 2/4, Sample 493/512
Fra:1 Mem:45.45M (0.00M, Peak 49.95M) | Time:00:10.45 | Remaining:00:02.55 | Mem:17.86M, Peak:20.11M | Scene, RenderLayer | Path Tracing Tile 2/4, Sample 512/512
Fra:1 Mem:46.02M (0.00M, Peak 49.95M) | Time:00:10.45 | Remaining:00:02.55 | Mem:18.42M, Peak:20.11M | Scene, RenderLayer | Path Tracing Tile 3/4, Sample 512/512
Fra:1 Mem:46.02M (0.00M, Peak 49.95M) | Time:00:11.27 | Remaining:00:02.10 | Mem:18.42M, Peak:20.11M | Scene, RenderLayer | Path Tracing Tile 3/4, Sample 193/512
Fra:1 Mem:46.02M (0.00M, Peak 49.95M) | Time:00:12.27 | Remaining:00:01.50 | Mem:18.42M, Peak:20.11M | Scene, RenderLayer | Path Tracing Tile 3/4, Sample 427/512
Fra:1 Mem:45.45M (0.00M, Peak 49.95M) | Time:00:12.63 | Remaining:00:01.27 | Mem:17.86M, Peak:20.11M | Scene, RenderLayer | Path Tracing Tile 3/4, Sample 512/512
Fra:1 Mem:45.95M (0.00M, Peak 49.95M) | Time:00:12.64 | Remaining:00:01.27 | Mem:18.35M, Peak:20.11M | Scene, RenderLayer | Path Tracing Tile 4/4, Sample 512/512
Fra:1 Mem:45.94M (0.00M, Peak 49.95M) | Time:00:13.27 | Remaining:00:00.89 | Mem:18.35M, Peak:20.11M | Scene, RenderLayer | Path Tracing Tile 4/4, Sample 161/512
Fra:1 Mem:45.94M (0.00M, Peak 49.95M) | Time:00:14.27 | Remaining:00:00.25 | Mem:18.35M, Peak:20.11M | Scene, RenderLayer | Path Tracing Tile 4/4, Sample 414/512
Fra:1 Mem:45.45M (0.00M, Peak 49.95M) | Time:00:14.66 | Mem:17.86M, Peak:20.11M | Scene, RenderLayer | Path Tracing Tile 4/4, Sample 512/512
Fra:1 Mem:45.45M (0.00M, Peak 49.95M) | Time:00:14.66 | Mem:17.86M, Peak:20.11M | Scene, RenderLayer | Finished
Fra:1 Mem:18.36M (0.00M, Peak 49.95M) | Time:00:14.74 | Sce: Scene Ve:0 Fa:0 La:0
Saved: 'data/clevr-cleaned-variants/assimilation/fovariant-1/render/images/CLEVR_val_000002.png'
 Time: 00:14.78 (Saving: 00:00.03)

read blend: /home/ubuntu/vdp-tool-chain/data/clevr_scene_data/base_scene.blend
convertViewVec: called in an invalid context
convertViewVec: called in an invalid context
convertViewVec: called in an invalid context
convertViewVec: called in an invalid context
Fra:1 Mem:22.74M (0.00M, Peak 22.74M) | Time:00:00.00 | Preparing Scene data
Fra:1 Mem:35.69M (0.00M, Peak 37.84M) | Time:00:00.02 | Preparing Scene data
Fra:1 Mem:35.69M (0.00M, Peak 37.84M) | Time:00:00.02 | Creating Shadowbuffers
Fra:1 Mem:35.69M (0.00M, Peak 37.84M) | Time:00:00.02 | Raytree.. preparing
Fra:1 Mem:49.98M (0.00M, Peak 49.98M) | Time:00:00.03 | Raytree.. building
Fra:1 Mem:49.22M (0.00M, Peak 71.54M) | Time:00:00.26 | Raytree finished
Fra:1 Mem:49.22M (0.00M, Peak 71.54M) | Time:00:00.26 | Creating Environment maps
Fra:1 Mem:49.22M (0.00M, Peak 71.54M) | Time:00:00.26 | Caching Point Densities
Fra:1 Mem:49.22M (0.00M, Peak 71.54M) | Time:00:00.26 | Sce: Scene Ve:109742 Fa:104071 La:1
Fra:1 Mem:49.22M (0.00M, Peak 71.54M) | Time:00:00.26 | Loading voxel datasets
Fra:1 Mem:49.22M (0.00M, Peak 71.54M) | Time:00:00.26 | Sce: Scene Ve:109742 Fa:104071 La:1
Fra:1 Mem:49.23M (0.00M, Peak 71.54M) | Time:00:00.26 | Sce: Scene Ve:109742 Fa:104071 La:1
Fra:1 Mem:49.23M (0.00M, Peak 71.54M) | Time:00:00.26 | Volume preprocessing
Fra:1 Mem:49.23M (0.00M, Peak 71.54M) | Time:00:00.26 | Sce: Scene Ve:109742 Fa:104071 La:1
Fra:1 Mem:49.23M (0.00M, Peak 71.54M) | Time:00:00.26 | Sce: Scene Ve:109742 Fa:104071 La:1
Fra:1 Mem:53.57M (0.00M, Peak 71.54M) | Time:00:00.27 | Scene, Part 3-4
Fra:1 Mem:53.26M (0.00M, Peak 71.54M) | Time:00:00.27 | Scene, Part 4-4
Fra:1 Mem:51.57M (0.00M, Peak 71.54M) | Time:00:00.28 | Scene, Part 2-4
Fra:1 Mem:50.48M (0.00M, Peak 71.54M) | Time:00:00.28 | Scene, Part 1-4
Fra:1 Mem:22.60M (0.00M, Peak 71.54M) | Time:00:00.29 | Sce: Scene Ve:109742 Fa:104071 La:1
Saved: '/tmp/tmpx9r4dgb4.png'
 Time: 00:00.30 (Saving: 00:00.01)

Fra:1 Mem:22.63M (0.00M, Peak 23.23M) | Time:00:00.04 | Mem:0.00M, Peak:0.00M | Scene, RenderLayer | Synchronizing object | Area
Fra:1 Mem:22.63M (0.00M, Peak 23.23M) | Time:00:00.04 | Mem:0.00M, Peak:0.00M | Scene, RenderLayer | Synchronizing object | Ground
Fra:1 Mem:22.70M (0.00M, Peak 23.23M) | Time:00:00.05 | Mem:0.00M, Peak:0.00M | Scene, RenderLayer | Synchronizing object | Empty
Fra:1 Mem:22.70M (0.00M, Peak 23.23M) | Time:00:00.05 | Mem:0.00M, Peak:0.00M | Scene, RenderLayer | Synchronizing object | Lamp_Back
Fra:1 Mem:22.70M (0.00M, Peak 23.23M) | Time:00:00.05 | Mem:0.00M, Peak:0.00M | Scene, RenderLayer | Synchronizing object | Lamp_Fill
Fra:1 Mem:22.70M (0.00M, Peak 23.23M) | Time:00:00.05 | Mem:0.00M, Peak:0.00M | Scene, RenderLayer | Synchronizing object | Lamp_Key
Fra:1 Mem:22.70M (0.00M, Peak 23.23M) | Time:00:00.05 | Mem:0.00M, Peak:0.00M | Scene, RenderLayer | Synchronizing object | Camera
Fra:1 Mem:22.70M (0.00M, Peak 23.23M) | Time:00:00.05 | Mem:0.00M, Peak:0.00M | Scene, RenderLayer | Synchronizing object | SmoothCylinder_0
Fra:1 Mem:26.02M (0.00M, Peak 29.10M) | Time:00:00.06 | Mem:0.00M, Peak:0.00M | Scene, RenderLayer | Synchronizing object | SmoothCube_v2_0
Fra:1 Mem:26.38M (0.00M, Peak 29.10M) | Time:00:00.06 | Mem:0.00M, Peak:0.00M | Scene, RenderLayer | Synchronizing object | SmoothCylinder_1
Fra:1 Mem:29.70M (0.00M, Peak 32.79M) | Time:00:00.07 | Mem:0.00M, Peak:0.00M | Scene, RenderLayer | Synchronizing object | SmoothCylinder_2
Fra:1 Mem:33.03M (0.00M, Peak 36.11M) | Time:00:00.08 | Mem:0.00M, Peak:0.00M | Scene, RenderLayer | Initializing
Fra:1 Mem:33.03M (0.00M, Peak 36.11M) | Time:00:00.08 | Mem:0.00M, Peak:0.00M | Scene, RenderLayer | Loading render kernels (may take a few minutes the first time)
Fra:1 Mem:33.03M (0.00M, Peak 36.11M) | Time:00:00.10 | Mem:0.00M, Peak:0.00M | Scene, RenderLayer | Waiting for render to start
Fra:1 Mem:33.03M (0.00M, Peak 36.11M) | Time:00:00.10 | Mem:0.00M, Peak:0.00M | Scene, RenderLayer | Updating Scene
Fra:1 Mem:33.03M (0.00M, Peak 36.11M) | Time:00:00.10 | Mem:0.00M, Peak:0.00M | Scene, RenderLayer | Updating Shaders
Fra:1 Mem:33.28M (0.00M, Peak 36.11M) | Time:00:00.10 | Mem:0.00M, Peak:0.00M | Scene, RenderLayer | Updating Background
Fra:1 Mem:33.28M (0.00M, Peak 36.11M) | Time:00:00.10 | Mem:0.00M, Peak:0.00M | Scene, RenderLayer | Updating Camera
Fra:1 Mem:33.28M (0.00M, Peak 36.11M) | Time:00:00.10 | Mem:0.00M, Peak:0.00M | Scene, RenderLayer | Updating Meshes Flags
Fra:1 Mem:33.28M (0.00M, Peak 36.11M) | Time:00:00.10 | Mem:0.00M, Peak:0.00M | Scene, RenderLayer | Updating Objects
Fra:1 Mem:33.28M (0.00M, Peak 36.11M) | Time:00:00.10 | Mem:0.00M, Peak:0.00M | Scene, RenderLayer | Updating Objects | Copying Transformations to device
Fra:1 Mem:33.28M (0.00M, Peak 36.11M) | Time:00:00.10 | Mem:0.00M, Peak:0.00M | Scene, RenderLayer | Updating Objects | Applying Static Transformations
Fra:1 Mem:33.28M (0.00M, Peak 36.11M) | Time:00:00.10 | Mem:0.00M, Peak:0.00M | Scene, RenderLayer | Updating Meshes
Fra:1 Mem:36.44M (0.00M, Peak 36.44M) | Time:00:00.11 | Mem:0.00M, Peak:0.00M | Scene, RenderLayer | Updating Mesh | Computing attributes
Fra:1 Mem:38.12M (0.00M, Peak 38.12M) | Time:00:00.11 | Mem:0.00M, Peak:0.00M | Scene, RenderLayer | Updating Mesh | Copying Attributes to device
Fra:1 Mem:38.12M (0.00M, Peak 39.79M) | Time:00:00.11 | Mem:1.68M, Peak:1.68M | Scene, RenderLayer | Updating Scene BVH | Building
Fra:1 Mem:38.12M (0.00M, Peak 39.79M) | Time:00:00.11 | Mem:1.68M, Peak:1.68M | Scene, RenderLayer | Updating Scene BVH | Building BVH
Fra:1 Mem:49.97M (0.00M, Peak 49.97M) | Time:00:00.27 | Mem:1.68M, Peak:1.68M | Scene, RenderLayer | Updating Scene BVH | Packing BVH triangles and strands
Fra:1 Mem:61.03M (0.00M, Peak 61.03M) | Time:00:00.28 | Mem:1.68M, Peak:1.68M | Scene, RenderLayer | Updating Scene BVH | Packing BVH nodes
Fra:1 Mem:54.97M (0.00M, Peak 64.45M) | Time:00:00.30 | Mem:1.68M, Peak:1.68M | Scene, RenderLayer | Updating Scene BVH | Copying BVH to device
Fra:1 Mem:55.76M (0.00M, Peak 64.45M) | Time:00:00.30 | Mem:18.53M, Peak:18.53M | Scene, RenderLayer | Updating Mesh | Computing normals
Fra:1 Mem:63.03M (0.00M, Peak 64.45M) | Time:00:00.31 | Mem:18.53M, Peak:18.53M | Scene, RenderLayer | Updating Mesh | Copying Mesh to device
Fra:1 Mem:62.24M (0.00M, Peak 64.45M) | Time:00:00.31 | Mem:25.80M, Peak:25.80M | Scene, RenderLayer | Updating Objects Flags
Fra:1 Mem:62.24M (0.00M, Peak 64.45M) | Time:00:00.31 | Mem:25.80M, Peak:25.80M | Scene, RenderLayer | Updating Images
Fra:1 Mem:62.24M (0.00M, Peak 64.45M) | Time:00:00.31 | Mem:25.80M, Peak:25.80M | Scene, RenderLayer | Updating Camera Volume
Fra:1 Mem:62.24M (0.00M, Peak 64.45M) | Time:00:00.31 | Mem:25.80M, Peak:25.80M | Scene, RenderLayer | Updating Hair Systems
Fra:1 Mem:62.24M (0.00M, Peak 64.45M) | Time:00:00.31 | Mem:25.80M, Peak:25.80M | Scene, RenderLayer | Updating Hair settings | Copying Hair settings to device
Fra:1 Mem:62.24M (0.00M, Peak 64.45M) | Time:00:00.31 | Mem:25.80M, Peak:25.80M | Scene, RenderLayer | Updating Lookup Tables
Fra:1 Mem:62.24M (0.00M, Peak 64.45M) | Time:00:00.31 | Mem:26.05M, Peak:26.05M | Scene, RenderLayer | Updating Lights
Fra:1 Mem:62.24M (0.00M, Peak 64.45M) | Time:00:00.31 | Mem:26.05M, Peak:26.05M | Scene, RenderLayer | Updating Lights | Computing distribution
Fra:1 Mem:62.24M (0.00M, Peak 64.45M) | Time:00:00.31 | Mem:26.05M, Peak:26.05M | Scene, RenderLayer | Updating Particle Systems
Fra:1 Mem:62.24M (0.00M, Peak 64.45M) | Time:00:00.31 | Mem:26.05M, Peak:26.05M | Scene, RenderLayer | Updating Particle Systems | Copying Particles to device
Fra:1 Mem:62.24M (0.00M, Peak 64.45M) | Time:00:00.31 | Mem:26.05M, Peak:26.05M | Scene, RenderLayer | Updating Integrator
Fra:1 Mem:62.28M (0.00M, Peak 64.45M) | Time:00:00.31 | Mem:26.10M, Peak:26.10M | Scene, RenderLayer | Updating Film
Fra:1 Mem:62.29M (0.00M, Peak 64.45M) | Time:00:00.31 | Mem:26.10M, Peak:26.10M | Scene, RenderLayer | Updating Lookup Tables
Fra:1 Mem:62.29M (0.00M, Peak 64.45M) | Time:00:00.31 | Mem:26.10M, Peak:26.10M | Scene, RenderLayer | Updating Baking
Fra:1 Mem:62.29M (0.00M, Peak 64.45M) | Time:00:00.31 | Mem:26.10M, Peak:26.10M | Scene, RenderLayer | Updating Device | Writing constant memory
Fra:1 Mem:62.29M (0.00M, Peak 64.45M) | Time:00:00.31 | Mem:26.10M, Peak:26.10M | Scene, RenderLayer | Path Tracing Tile 0/4, Sample 0/512
Fra:1 Mem:64.54M (0.00M, Peak 65.79M) | Time:00:00.31 | Mem:28.35M, Peak:28.35M | Scene, RenderLayer | Path Tracing Tile 1/4, Sample 0/512
Fra:1 Mem:64.54M (0.00M, Peak 66.79M) | Time:00:01.32 | Remaining:00:10.73 | Mem:28.35M, Peak:28.35M | Scene, RenderLayer | Path Tracing Tile 1/4, Sample 103/512
Fra:1 Mem:64.54M (0.00M, Peak 66.79M) | Time:00:02.32 | Remaining:00:09.69 | Mem:28.35M, Peak:28.35M | Scene, RenderLayer | Path Tracing Tile 1/4, Sample 206/512
Fra:1 Mem:64.54M (0.00M, Peak 66.79M) | Time:00:03.32 | Remaining:00:08.68 | Mem:28.35M, Peak:28.35M | Scene, RenderLayer | Path Tracing Tile 1/4, Sample 309/512
Fra:1 Mem:64.54M (0.00M, Peak 66.79M) | Time:00:04.33 | Remaining:00:07.68 | Mem:28.35M, Peak:28.35M | Scene, RenderLayer | Path Tracing Tile 1/4, Sample 412/512
Fra:1 Mem:62.29M (0.00M, Peak 66.79M) | Time:00:05.31 | Remaining:00:06.72 | Mem:26.10M, Peak:28.35M | Scene, RenderLayer | Path Tracing Tile 1/4, Sample 512/512
Fra:1 Mem:64.26M (0.00M, Peak 66.79M) | Time:00:05.32 | Remaining:00:06.72 | Mem:28.07M, Peak:28.35M | Scene, RenderLayer | Path Tracing Tile 2/4, Sample 512/512
Fra:1 Mem:64.26M (0.00M, Peak 66.79M) | Time:00:05.33 | Remaining:00:06.71 | Mem:28.07M, Peak:28.35M | Scene, RenderLayer | Path Tracing Tile 2/4, Sample 2/512
Fra:1 Mem:64.26M (0.00M, Peak 66.79M) | Time:00:06.34 | Remaining:00:05.59 | Mem:28.07M, Peak:28.35M | Scene, RenderLayer | Path Tracing Tile 2/4, Sample 126/512
Fra:1 Mem:64.26M (0.00M, Peak 66.79M) | Time:00:07.34 | Remaining:00:04.51 | Mem:28.07M, Peak:28.35M | Scene, RenderLayer | Path Tracing Tile 2/4, Sample 250/512
Fra:1 Mem:64.26M (0.00M, Peak 66.79M) | Time:00:08.35 | Remaining:00:03.46 | Mem:28.07M, Peak:28.35M | Scene, RenderLayer | Path Tracing Tile 2/4, Sample 373/512
Fra:1 Mem:64.26M (0.00M, Peak 66.79M) | Time:00:09.35 | Remaining:00:02.43 | Mem:28.07M, Peak:28.35M | Scene, RenderLayer | Path Tracing Tile 2/4, Sample 495/512
Fra:1 Mem:62.29M (0.00M, Peak 66.79M) | Time:00:09.49 | Remaining:00:02.29 | Mem:26.10M, Peak:28.35M | Scene, RenderLayer | Path Tracing Tile 2/4, Sample 512/512
Fra:1 Mem:62.85M (0.00M, Peak 66.79M) | Time:00:09.49 | Remaining:00:02.29 | Mem:26.66M, Peak:28.35M | Scene, RenderLayer | Path Tracing Tile 3/4, Sample 512/512
Fra:1 Mem:62.85M (0.00M, Peak 66.79M) | Time:00:10.35 | Remaining:00:01.87 | Mem:26.66M, Peak:28.35M | Scene, RenderLayer | Path Tracing Tile 3/4, Sample 205/512
Fra:1 Mem:62.85M (0.00M, Peak 66.79M) | Time:00:11.35 | Remaining:00:01.33 | Mem:26.66M, Peak:28.35M | Scene, RenderLayer | Path Tracing Tile 3/4, Sample 443/512
Fra:1 Mem:62.29M (0.00M, Peak 66.79M) | Time:00:11.64 | Remaining:00:01.16 | Mem:26.10M, Peak:28.35M | Scene, RenderLayer | Path Tracing Tile 3/4, Sample 512/512
Fra:1 Mem:62.78M (0.00M, Peak 66.79M) | Time:00:11.64 | Remaining:00:01.16 | Mem:26.59M, Peak:28.35M | Scene, RenderLayer | Path Tracing Tile 4/4, Sample 512/512
Fra:1 Mem:62.78M (0.00M, Peak 66.79M) | Time:00:12.35 | Remaining:00:00.76 | Mem:26.59M, Peak:28.35M | Scene, RenderLayer | Path Tracing Tile 4/4, Sample 184/512
Fra:1 Mem:62.78M (0.00M, Peak 66.79M) | Time:00:13.36 | Remaining:00:00.17 | Mem:26.59M, Peak:28.35M | Scene, RenderLayer | Path Tracing Tile 4/4, Sample 441/512
Fra:1 Mem:62.29M (0.00M, Peak 66.79M) | Time:00:13.63 | Mem:26.10M, Peak:28.35M | Scene, RenderLayer | Path Tracing Tile 4/4, Sample 512/512
Fra:1 Mem:62.29M (0.00M, Peak 66.79M) | Time:00:13.63 | Mem:26.10M, Peak:28.35M | Scene, RenderLayer | Finished
Fra:1 Mem:22.63M (0.00M, Peak 66.79M) | Time:00:13.72 | Sce: Scene Ve:0 Fa:0 La:0
Saved: 'data/clevr-cleaned-variants/assimilation/fovariant-1/render/images/CLEVR_val_000003.png'
 Time: 00:13.76 (Saving: 00:00.03)

read blend: /home/ubuntu/vdp-tool-chain/data/clevr_scene_data/base_scene.blend
convertViewVec: called in an invalid context
convertViewVec: called in an invalid context
convertViewVec: called in an invalid context
convertViewVec: called in an invalid context
Fra:1 Mem:20.45M (0.00M, Peak 20.46M) | Time:00:00.00 | Preparing Scene data
Fra:1 Mem:31.27M (0.00M, Peak 33.42M) | Time:00:00.02 | Preparing Scene data
Fra:1 Mem:31.27M (0.00M, Peak 33.42M) | Time:00:00.02 | Creating Shadowbuffers
Fra:1 Mem:31.27M (0.00M, Peak 33.42M) | Time:00:00.02 | Raytree.. preparing
Fra:1 Mem:43.15M (0.00M, Peak 43.15M) | Time:00:00.03 | Raytree.. building
Fra:1 Mem:42.51M (0.00M, Peak 61.04M) | Time:00:00.22 | Raytree finished
Fra:1 Mem:42.51M (0.00M, Peak 61.04M) | Time:00:00.22 | Creating Environment maps
Fra:1 Mem:42.51M (0.00M, Peak 61.04M) | Time:00:00.22 | Caching Point Densities
Fra:1 Mem:42.51M (0.00M, Peak 61.04M) | Time:00:00.22 | Sce: Scene Ve:89774 Fa:86467 La:1
Fra:1 Mem:42.51M (0.00M, Peak 61.04M) | Time:00:00.22 | Loading voxel datasets
Fra:1 Mem:42.51M (0.00M, Peak 61.04M) | Time:00:00.22 | Sce: Scene Ve:89774 Fa:86467 La:1
Fra:1 Mem:42.51M (0.00M, Peak 61.04M) | Time:00:00.22 | Sce: Scene Ve:89774 Fa:86467 La:1
Fra:1 Mem:42.51M (0.00M, Peak 61.04M) | Time:00:00.22 | Volume preprocessing
Fra:1 Mem:42.51M (0.00M, Peak 61.04M) | Time:00:00.22 | Sce: Scene Ve:89774 Fa:86467 La:1
Fra:1 Mem:42.51M (0.00M, Peak 61.04M) | Time:00:00.22 | Sce: Scene Ve:89774 Fa:86467 La:1
Fra:1 Mem:46.58M (0.00M, Peak 61.04M) | Time:00:00.23 | Scene, Part 3-4
Fra:1 Mem:46.54M (0.00M, Peak 61.04M) | Time:00:00.23 | Scene, Part 4-4
Fra:1 Mem:45.52M (0.00M, Peak 61.04M) | Time:00:00.24 | Scene, Part 1-4
Fra:1 Mem:43.61M (0.00M, Peak 61.04M) | Time:00:00.25 | Scene, Part 2-4
Fra:1 Mem:20.31M (0.00M, Peak 61.04M) | Time:00:00.25 | Sce: Scene Ve:89774 Fa:86467 La:1
Saved: '/tmp/tmpb8p40czy.png'
 Time: 00:00.27 (Saving: 00:00.01)

Fra:1 Mem:20.34M (0.00M, Peak 20.94M) | Time:00:00.04 | Mem:0.00M, Peak:0.00M | Scene, RenderLayer | Synchronizing object | Area
Fra:1 Mem:20.34M (0.00M, Peak 20.94M) | Time:00:00.04 | Mem:0.00M, Peak:0.00M | Scene, RenderLayer | Synchronizing object | Ground
Fra:1 Mem:20.41M (0.00M, Peak 20.94M) | Time:00:00.05 | Mem:0.00M, Peak:0.00M | Scene, RenderLayer | Synchronizing object | Empty
Fra:1 Mem:20.41M (0.00M, Peak 20.94M) | Time:00:00.05 | Mem:0.00M, Peak:0.00M | Scene, RenderLayer | Synchronizing object | Lamp_Back
Fra:1 Mem:20.41M (0.00M, Peak 20.94M) | Time:00:00.05 | Mem:0.00M, Peak:0.00M | Scene, RenderLayer | Synchronizing object | Lamp_Fill
Fra:1 Mem:20.41M (0.00M, Peak 20.94M) | Time:00:00.05 | Mem:0.00M, Peak:0.00M | Scene, RenderLayer | Synchronizing object | Lamp_Key
Fra:1 Mem:20.41M (0.00M, Peak 20.94M) | Time:00:00.05 | Mem:0.00M, Peak:0.00M | Scene, RenderLayer | Synchronizing object | Camera
Fra:1 Mem:20.41M (0.00M, Peak 20.94M) | Time:00:00.05 | Mem:0.00M, Peak:0.00M | Scene, RenderLayer | Synchronizing object | Sphere_0
Fra:1 Mem:21.90M (0.00M, Peak 23.34M) | Time:00:00.05 | Mem:0.00M, Peak:0.00M | Scene, RenderLayer | Synchronizing object | SmoothCylinder_0
Fra:1 Mem:25.22M (0.00M, Peak 28.31M) | Time:00:00.06 | Mem:0.00M, Peak:0.00M | Scene, RenderLayer | Synchronizing object | SmoothCube_v2_0
Fra:1 Mem:25.59M (0.00M, Peak 28.31M) | Time:00:00.06 | Mem:0.00M, Peak:0.00M | Scene, RenderLayer | Synchronizing object | SmoothCylinder_1
Fra:1 Mem:28.91M (0.00M, Peak 31.99M) | Time:00:00.08 | Mem:0.00M, Peak:0.00M | Scene, RenderLayer | Initializing
Fra:1 Mem:28.91M (0.00M, Peak 31.99M) | Time:00:00.08 | Mem:0.00M, Peak:0.00M | Scene, RenderLayer | Loading render kernels (may take a few minutes the first time)
Fra:1 Mem:28.91M (0.00M, Peak 31.99M) | Time:00:00.09 | Mem:0.00M, Peak:0.00M | Scene, RenderLayer | Waiting for render to start
Fra:1 Mem:28.91M (0.00M, Peak 31.99M) | Time:00:00.09 | Mem:0.00M, Peak:0.00M | Scene, RenderLayer | Updating Scene
Fra:1 Mem:28.91M (0.00M, Peak 31.99M) | Time:00:00.09 | Mem:0.00M, Peak:0.00M | Scene, RenderLayer | Updating Shaders
Fra:1 Mem:29.16M (0.00M, Peak 31.99M) | Time:00:00.09 | Mem:0.00M, Peak:0.00M | Scene, RenderLayer | Updating Background
Fra:1 Mem:29.16M (0.00M, Peak 31.99M) | Time:00:00.09 | Mem:0.00M, Peak:0.00M | Scene, RenderLayer | Updating Camera
Fra:1 Mem:29.16M (0.00M, Peak 31.99M) | Time:00:00.09 | Mem:0.00M, Peak:0.00M | Scene, RenderLayer | Updating Meshes Flags
Fra:1 Mem:29.16M (0.00M, Peak 31.99M) | Time:00:00.09 | Mem:0.00M, Peak:0.00M | Scene, RenderLayer | Updating Objects
Fra:1 Mem:29.16M (0.00M, Peak 31.99M) | Time:00:00.09 | Mem:0.00M, Peak:0.00M | Scene, RenderLayer | Updating Objects | Copying Transformations to device
Fra:1 Mem:29.16M (0.00M, Peak 31.99M) | Time:00:00.09 | Mem:0.00M, Peak:0.00M | Scene, RenderLayer | Updating Objects | Applying Static Transformations
Fra:1 Mem:29.16M (0.00M, Peak 31.99M) | Time:00:00.09 | Mem:0.00M, Peak:0.00M | Scene, RenderLayer | Updating Meshes
Fra:1 Mem:31.79M (0.00M, Peak 31.99M) | Time:00:00.10 | Mem:0.00M, Peak:0.00M | Scene, RenderLayer | Updating Mesh | Computing attributes
Fra:1 Mem:33.16M (0.00M, Peak 33.16M) | Time:00:00.10 | Mem:0.00M, Peak:0.00M | Scene, RenderLayer | Updating Mesh | Copying Attributes to device
Fra:1 Mem:33.16M (0.00M, Peak 34.53M) | Time:00:00.10 | Mem:1.37M, Peak:1.37M | Scene, RenderLayer | Updating Scene BVH | Building
Fra:1 Mem:33.16M (0.00M, Peak 34.53M) | Time:00:00.10 | Mem:1.37M, Peak:1.37M | Scene, RenderLayer | Updating Scene BVH | Building BVH
Fra:1 Mem:42.99M (0.00M, Peak 42.99M) | Time:00:00.22 | Mem:1.37M, Peak:1.37M | Scene, RenderLayer | Updating Scene BVH | Packing BVH triangles and strands
Fra:1 Mem:52.16M (0.00M, Peak 52.16M) | Time:00:00.23 | Mem:1.37M, Peak:1.37M | Scene, RenderLayer | Updating Scene BVH | Packing BVH nodes
Fra:1 Mem:47.09M (0.00M, Peak 54.96M) | Time:00:00.24 | Mem:1.37M, Peak:1.37M | Scene, RenderLayer | Updating Scene BVH | Copying BVH to device
Fra:1 Mem:47.74M (0.00M, Peak 54.96M) | Time:00:00.24 | Mem:15.31M, Peak:15.31M | Scene, RenderLayer | Updating Mesh | Computing normals
Fra:1 Mem:53.75M (0.00M, Peak 54.96M) | Time:00:00.25 | Mem:15.31M, Peak:15.31M | Scene, RenderLayer | Updating Mesh | Copying Mesh to device
Fra:1 Mem:53.10M (0.00M, Peak 54.96M) | Time:00:00.25 | Mem:21.32M, Peak:21.32M | Scene, RenderLayer | Updating Objects Flags
Fra:1 Mem:53.10M (0.00M, Peak 54.96M) | Time:00:00.25 | Mem:21.32M, Peak:21.32M | Scene, RenderLayer | Updating Images
Fra:1 Mem:53.10M (0.00M, Peak 54.96M) | Time:00:00.25 | Mem:21.32M, Peak:21.32M | Scene, RenderLayer | Updating Camera Volume
Fra:1 Mem:53.10M (0.00M, Peak 54.96M) | Time:00:00.25 | Mem:21.32M, Peak:21.32M | Scene, RenderLayer | Updating Hair Systems
Fra:1 Mem:53.10M (0.00M, Peak 54.96M) | Time:00:00.25 | Mem:21.32M, Peak:21.32M | Scene, RenderLayer | Updating Hair settings | Copying Hair settings to device
Fra:1 Mem:53.10M (0.00M, Peak 54.96M) | Time:00:00.25 | Mem:21.32M, Peak:21.32M | Scene, RenderLayer | Updating Lookup Tables
Fra:1 Mem:53.10M (0.00M, Peak 54.96M) | Time:00:00.25 | Mem:21.57M, Peak:21.57M | Scene, RenderLayer | Updating Lights
Fra:1 Mem:53.10M (0.00M, Peak 54.96M) | Time:00:00.25 | Mem:21.57M, Peak:21.57M | Scene, RenderLayer | Updating Lights | Computing distribution
Fra:1 Mem:53.10M (0.00M, Peak 54.96M) | Time:00:00.25 | Mem:21.57M, Peak:21.57M | Scene, RenderLayer | Updating Particle Systems
Fra:1 Mem:53.10M (0.00M, Peak 54.96M) | Time:00:00.25 | Mem:21.57M, Peak:21.57M | Scene, RenderLayer | Updating Particle Systems | Copying Particles to device
Fra:1 Mem:53.10M (0.00M, Peak 54.96M) | Time:00:00.25 | Mem:21.57M, Peak:21.57M | Scene, RenderLayer | Updating Integrator
Fra:1 Mem:53.14M (0.00M, Peak 54.96M) | Time:00:00.25 | Mem:21.61M, Peak:21.61M | Scene, RenderLayer | Updating Film
Fra:1 Mem:53.14M (0.00M, Peak 54.96M) | Time:00:00.25 | Mem:21.61M, Peak:21.61M | Scene, RenderLayer | Updating Lookup Tables
Fra:1 Mem:53.14M (0.00M, Peak 54.96M) | Time:00:00.25 | Mem:21.61M, Peak:21.61M | Scene, RenderLayer | Updating Baking
Fra:1 Mem:53.14M (0.00M, Peak 54.96M) | Time:00:00.25 | Mem:21.61M, Peak:21.61M | Scene, RenderLayer | Updating Device | Writing constant memory
Fra:1 Mem:53.14M (0.00M, Peak 54.96M) | Time:00:00.25 | Mem:21.61M, Peak:21.61M | Scene, RenderLayer | Path Tracing Tile 0/4, Sample 0/512
Fra:1 Mem:55.39M (0.00M, Peak 56.64M) | Time:00:00.25 | Mem:23.86M, Peak:23.86M | Scene, RenderLayer | Path Tracing Tile 1/4, Sample 0/512
Fra:1 Mem:55.39M (0.00M, Peak 57.64M) | Time:00:01.26 | Remaining:00:12.87 | Mem:23.86M, Peak:23.86M | Scene, RenderLayer | Path Tracing Tile 1/4, Sample 87/512
Fra:1 Mem:55.39M (0.00M, Peak 57.64M) | Time:00:02.26 | Remaining:00:11.85 | Mem:23.86M, Peak:23.86M | Scene, RenderLayer | Path Tracing Tile 1/4, Sample 174/512
Fra:1 Mem:55.39M (0.00M, Peak 57.64M) | Time:00:03.26 | Remaining:00:10.83 | Mem:23.86M, Peak:23.86M | Scene, RenderLayer | Path Tracing Tile 1/4, Sample 261/512
Fra:1 Mem:55.39M (0.00M, Peak 57.64M) | Time:00:04.27 | Remaining:00:09.83 | Mem:23.86M, Peak:23.86M | Scene, RenderLayer | Path Tracing Tile 1/4, Sample 348/512
Fra:1 Mem:55.39M (0.00M, Peak 57.64M) | Time:00:05.28 | Remaining:00:08.84 | Mem:23.86M, Peak:23.86M | Scene, RenderLayer | Path Tracing Tile 1/4, Sample 435/512
Fra:1 Mem:53.14M (0.00M, Peak 57.64M) | Time:00:06.18 | Remaining:00:07.96 | Mem:21.61M, Peak:23.86M | Scene, RenderLayer | Path Tracing Tile 1/4, Sample 512/512
Fra:1 Mem:55.11M (0.00M, Peak 57.64M) | Time:00:06.18 | Remaining:00:07.96 | Mem:23.58M, Peak:23.86M | Scene, RenderLayer | Path Tracing Tile 2/4, Sample 512/512
Fra:1 Mem:55.11M (0.00M, Peak 57.64M) | Time:00:06.28 | Remaining:00:07.86 | Mem:23.58M, Peak:23.86M | Scene, RenderLayer | Path Tracing Tile 2/4, Sample 10/512
Fra:1 Mem:55.11M (0.00M, Peak 57.64M) | Time:00:07.29 | Remaining:00:06.82 | Mem:23.58M, Peak:23.86M | Scene, RenderLayer | Path Tracing Tile 2/4, Sample 111/512
Fra:1 Mem:55.11M (0.00M, Peak 57.64M) | Time:00:08.29 | Remaining:00:05.79 | Mem:23.58M, Peak:23.86M | Scene, RenderLayer | Path Tracing Tile 2/4, Sample 212/512
Fra:1 Mem:55.11M (0.00M, Peak 57.64M) | Time:00:09.29 | Remaining:00:04.78 | Mem:23.58M, Peak:23.86M | Scene, RenderLayer | Path Tracing Tile 2/4, Sample 312/512
Fra:1 Mem:55.11M (0.00M, Peak 57.64M) | Time:00:10.29 | Remaining:00:03.76 | Mem:23.58M, Peak:23.86M | Scene, RenderLayer | Path Tracing Tile 2/4, Sample 412/512
Fra:1 Mem:55.11M (0.00M, Peak 57.64M) | Time:00:11.30 | Remaining:00:02.76 | Mem:23.58M, Peak:23.86M | Scene, RenderLayer | Path Tracing Tile 2/4, Sample 512/512
Fra:1 Mem:53.71M (0.00M, Peak 57.64M) | Time:00:11.30 | Remaining:00:02.76 | Mem:22.17M, Peak:23.86M | Scene, RenderLayer | Path Tracing Tile 3/4, Sample 512/512
Fra:1 Mem:53.71M (0.00M, Peak 57.64M) | Time:00:12.30 | Remaining:00:02.15 | Mem:22.17M, Peak:23.86M | Scene, RenderLayer | Path Tracing Tile 3/4, Sample 232/512
Fra:1 Mem:53.71M (0.00M, Peak 57.64M) | Time:00:13.30 | Remaining:00:01.51 | Mem:22.17M, Peak:23.86M | Scene, RenderLayer | Path Tracing Tile 3/4, Sample 461/512
Fra:1 Mem:53.14M (0.00M, Peak 57.64M) | Time:00:13.52 | Remaining:00:01.36 | Mem:21.61M, Peak:23.86M | Scene, RenderLayer | Path Tracing Tile 3/4, Sample 512/512
Fra:1 Mem:53.64M (0.00M, Peak 57.64M) | Time:00:13.52 | Remaining:00:01.36 | Mem:22.10M, Peak:23.86M | Scene, RenderLayer | Path Tracing Tile 4/4, Sample 512/512
Fra:1 Mem:53.64M (0.00M, Peak 57.64M) | Time:00:14.30 | Remaining:00:00.85 | Mem:22.10M, Peak:23.86M | Scene, RenderLayer | Path Tracing Tile 4/4, Sample 196/512
Fra:1 Mem:53.64M (0.00M, Peak 57.64M) | Time:00:15.30 | Remaining:00:00.18 | Mem:22.10M, Peak:23.86M | Scene, RenderLayer | Path Tracing Tile 4/4, Sample 447/512
Fra:1 Mem:53.14M (0.00M, Peak 57.64M) | Time:00:15.56 | Mem:21.61M, Peak:23.86M | Scene, RenderLayer | Path Tracing Tile 4/4, Sample 512/512
Fra:1 Mem:53.14M (0.00M, Peak 57.64M) | Time:00:15.56 | Mem:21.61M, Peak:23.86M | Scene, RenderLayer | Finished
Fra:1 Mem:20.34M (0.00M, Peak 57.64M) | Time:00:15.65 | Sce: Scene Ve:0 Fa:0 La:0
Saved: 'data/clevr-cleaned-variants/assimilation/fovariant-1/render/images/CLEVR_val_000004.png'
 Time: 00:15.69 (Saving: 00:00.03)

read blend: /home/ubuntu/vdp-tool-chain/data/clevr_scene_data/base_scene.blend
convertViewVec: called in an invalid context
convertViewVec: called in an invalid context
convertViewVec: called in an invalid context
Fra:1 Mem:16.17M (0.00M, Peak 16.17M) | Time:00:00.00 | Preparing Scene data
Fra:1 Mem:22.90M (0.00M, Peak 23.88M) | Time:00:00.01 | Preparing Scene data
Fra:1 Mem:22.90M (0.00M, Peak 23.88M) | Time:00:00.01 | Creating Shadowbuffers
Fra:1 Mem:22.90M (0.00M, Peak 23.88M) | Time:00:00.01 | Raytree.. preparing
Fra:1 Mem:30.22M (0.00M, Peak 30.22M) | Time:00:00.02 | Raytree.. building
Fra:1 Mem:29.83M (0.00M, Peak 41.26M) | Time:00:00.13 | Raytree finished
Fra:1 Mem:29.83M (0.00M, Peak 41.26M) | Time:00:00.13 | Creating Environment maps
Fra:1 Mem:29.83M (0.00M, Peak 41.26M) | Time:00:00.13 | Caching Point Densities
Fra:1 Mem:29.83M (0.00M, Peak 41.26M) | Time:00:00.13 | Sce: Scene Ve:54444 Fa:53316 La:1
Fra:1 Mem:29.83M (0.00M, Peak 41.26M) | Time:00:00.13 | Loading voxel datasets
Fra:1 Mem:29.83M (0.00M, Peak 41.26M) | Time:00:00.13 | Sce: Scene Ve:54444 Fa:53316 La:1
Fra:1 Mem:29.83M (0.00M, Peak 41.26M) | Time:00:00.13 | Sce: Scene Ve:54444 Fa:53316 La:1
Fra:1 Mem:29.83M (0.00M, Peak 41.26M) | Time:00:00.13 | Volume preprocessing
Fra:1 Mem:29.83M (0.00M, Peak 41.26M) | Time:00:00.13 | Sce: Scene Ve:54444 Fa:53316 La:1
Fra:1 Mem:29.83M (0.00M, Peak 41.26M) | Time:00:00.13 | Sce: Scene Ve:54444 Fa:53316 La:1
Fra:1 Mem:33.90M (0.00M, Peak 41.26M) | Time:00:00.14 | Scene, Part 3-4
Fra:1 Mem:33.86M (0.00M, Peak 41.26M) | Time:00:00.14 | Scene, Part 4-4
Fra:1 Mem:32.18M (0.00M, Peak 41.26M) | Time:00:00.15 | Scene, Part 1-4
Fra:1 Mem:30.93M (0.00M, Peak 41.26M) | Time:00:00.15 | Scene, Part 2-4
Fra:1 Mem:16.06M (0.00M, Peak 41.26M) | Time:00:00.15 | Sce: Scene Ve:54444 Fa:53316 La:1
Saved: '/tmp/tmpvpwwppnq.png'
 Time: 00:00.17 (Saving: 00:00.01)

Fra:1 Mem:16.09M (0.00M, Peak 16.68M) | Time:00:00.04 | Mem:0.00M, Peak:0.00M | Scene, RenderLayer | Synchronizing object | Area
Fra:1 Mem:16.09M (0.00M, Peak 16.68M) | Time:00:00.04 | Mem:0.00M, Peak:0.00M | Scene, RenderLayer | Synchronizing object | Ground
Fra:1 Mem:16.16M (0.00M, Peak 16.68M) | Time:00:00.05 | Mem:0.00M, Peak:0.00M | Scene, RenderLayer | Synchronizing object | Empty
Fra:1 Mem:16.16M (0.00M, Peak 16.68M) | Time:00:00.05 | Mem:0.00M, Peak:0.00M | Scene, RenderLayer | Synchronizing object | Lamp_Back
Fra:1 Mem:16.16M (0.00M, Peak 16.68M) | Time:00:00.05 | Mem:0.00M, Peak:0.00M | Scene, RenderLayer | Synchronizing object | Lamp_Fill
Fra:1 Mem:16.16M (0.00M, Peak 16.68M) | Time:00:00.05 | Mem:0.00M, Peak:0.00M | Scene, RenderLayer | Synchronizing object | Lamp_Key
Fra:1 Mem:16.16M (0.00M, Peak 16.68M) | Time:00:00.05 | Mem:0.00M, Peak:0.00M | Scene, RenderLayer | Synchronizing object | Camera
Fra:1 Mem:16.16M (0.00M, Peak 16.68M) | Time:00:00.05 | Mem:0.00M, Peak:0.00M | Scene, RenderLayer | Synchronizing object | SmoothCylinder_0
Fra:1 Mem:19.48M (0.00M, Peak 22.56M) | Time:00:00.06 | Mem:0.00M, Peak:0.00M | Scene, RenderLayer | Synchronizing object | SmoothCube_v2_0
Fra:1 Mem:19.84M (0.00M, Peak 22.56M) | Time:00:00.06 | Mem:0.00M, Peak:0.00M | Scene, RenderLayer | Synchronizing object | Sphere_0
Fra:1 Mem:21.34M (0.00M, Peak 22.78M) | Time:00:00.06 | Mem:0.00M, Peak:0.00M | Scene, RenderLayer | Initializing
Fra:1 Mem:21.34M (0.00M, Peak 22.78M) | Time:00:00.06 | Mem:0.00M, Peak:0.00M | Scene, RenderLayer | Loading render kernels (may take a few minutes the first time)
Fra:1 Mem:21.34M (0.00M, Peak 24.04M) | Time:00:00.08 | Mem:0.00M, Peak:0.00M | Scene, RenderLayer | Waiting for render to start
Fra:1 Mem:21.34M (0.00M, Peak 24.04M) | Time:00:00.08 | Mem:0.00M, Peak:0.00M | Scene, RenderLayer | Updating Scene
Fra:1 Mem:21.34M (0.00M, Peak 24.04M) | Time:00:00.08 | Mem:0.00M, Peak:0.00M | Scene, RenderLayer | Updating Shaders
Fra:1 Mem:21.59M (0.00M, Peak 24.04M) | Time:00:00.08 | Mem:0.00M, Peak:0.00M | Scene, RenderLayer | Updating Background
Fra:1 Mem:21.59M (0.00M, Peak 24.04M) | Time:00:00.08 | Mem:0.00M, Peak:0.00M | Scene, RenderLayer | Updating Camera
Fra:1 Mem:21.59M (0.00M, Peak 24.04M) | Time:00:00.08 | Mem:0.00M, Peak:0.00M | Scene, RenderLayer | Updating Meshes Flags
Fra:1 Mem:21.59M (0.00M, Peak 24.04M) | Time:00:00.08 | Mem:0.00M, Peak:0.00M | Scene, RenderLayer | Updating Objects
Fra:1 Mem:21.59M (0.00M, Peak 24.04M) | Time:00:00.08 | Mem:0.00M, Peak:0.00M | Scene, RenderLayer | Updating Objects | Copying Transformations to device
Fra:1 Mem:21.59M (0.00M, Peak 24.04M) | Time:00:00.08 | Mem:0.00M, Peak:0.00M | Scene, RenderLayer | Updating Objects | Applying Static Transformations
Fra:1 Mem:21.59M (0.00M, Peak 24.04M) | Time:00:00.08 | Mem:0.00M, Peak:0.00M | Scene, RenderLayer | Updating Meshes
Fra:1 Mem:23.20M (0.00M, Peak 24.04M) | Time:00:00.08 | Mem:0.00M, Peak:0.00M | Scene, RenderLayer | Updating Mesh | Computing attributes
Fra:1 Mem:24.04M (0.00M, Peak 24.04M) | Time:00:00.09 | Mem:0.00M, Peak:0.00M | Scene, RenderLayer | Updating Mesh | Copying Attributes to device
Fra:1 Mem:24.04M (0.00M, Peak 24.87M) | Time:00:00.09 | Mem:0.83M, Peak:0.83M | Scene, RenderLayer | Updating Scene BVH | Building
Fra:1 Mem:24.04M (0.00M, Peak 24.87M) | Time:00:00.09 | Mem:0.83M, Peak:0.83M | Scene, RenderLayer | Updating Scene BVH | Building BVH
Fra:1 Mem:30.09M (0.00M, Peak 30.09M) | Time:00:00.15 | Mem:0.83M, Peak:0.83M | Scene, RenderLayer | Updating Scene BVH | Packing BVH triangles and strands
Fra:1 Mem:35.74M (0.00M, Peak 35.74M) | Time:00:00.16 | Mem:0.83M, Peak:0.83M | Scene, RenderLayer | Updating Scene BVH | Packing BVH nodes
Fra:1 Mem:32.59M (0.00M, Peak 37.43M) | Time:00:00.17 | Mem:0.83M, Peak:0.83M | Scene, RenderLayer | Updating Scene BVH | Copying BVH to device
Fra:1 Mem:32.99M (0.00M, Peak 37.43M) | Time:00:00.17 | Mem:9.38M, Peak:9.38M | Scene, RenderLayer | Updating Mesh | Computing normals
Fra:1 Mem:36.68M (0.00M, Peak 37.43M) | Time:00:00.17 | Mem:9.38M, Peak:9.38M | Scene, RenderLayer | Updating Mesh | Copying Mesh to device
Fra:1 Mem:36.27M (0.00M, Peak 37.43M) | Time:00:00.17 | Mem:13.07M, Peak:13.07M | Scene, RenderLayer | Updating Objects Flags
Fra:1 Mem:36.27M (0.00M, Peak 37.43M) | Time:00:00.17 | Mem:13.07M, Peak:13.07M | Scene, RenderLayer | Updating Images
Fra:1 Mem:36.27M (0.00M, Peak 37.43M) | Time:00:00.17 | Mem:13.07M, Peak:13.07M | Scene, RenderLayer | Updating Camera Volume
Fra:1 Mem:36.27M (0.00M, Peak 37.43M) | Time:00:00.17 | Mem:13.07M, Peak:13.07M | Scene, RenderLayer | Updating Hair Systems
Fra:1 Mem:36.27M (0.00M, Peak 37.43M) | Time:00:00.17 | Mem:13.07M, Peak:13.07M | Scene, RenderLayer | Updating Hair settings | Copying Hair settings to device
Fra:1 Mem:36.27M (0.00M, Peak 37.43M) | Time:00:00.17 | Mem:13.07M, Peak:13.07M | Scene, RenderLayer | Updating Lookup Tables
Fra:1 Mem:36.27M (0.00M, Peak 37.43M) | Time:00:00.17 | Mem:13.32M, Peak:13.32M | Scene, RenderLayer | Updating Lights
Fra:1 Mem:36.27M (0.00M, Peak 37.43M) | Time:00:00.17 | Mem:13.32M, Peak:13.32M | Scene, RenderLayer | Updating Lights | Computing distribution
Fra:1 Mem:36.27M (0.00M, Peak 37.43M) | Time:00:00.18 | Mem:13.32M, Peak:13.32M | Scene, RenderLayer | Updating Particle Systems
Fra:1 Mem:36.27M (0.00M, Peak 37.43M) | Time:00:00.18 | Mem:13.32M, Peak:13.32M | Scene, RenderLayer | Updating Particle Systems | Copying Particles to device
Fra:1 Mem:36.27M (0.00M, Peak 37.43M) | Time:00:00.18 | Mem:13.32M, Peak:13.32M | Scene, RenderLayer | Updating Integrator
Fra:1 Mem:36.32M (0.00M, Peak 37.43M) | Time:00:00.18 | Mem:13.36M, Peak:13.36M | Scene, RenderLayer | Updating Film
Fra:1 Mem:36.32M (0.00M, Peak 37.43M) | Time:00:00.18 | Mem:13.36M, Peak:13.36M | Scene, RenderLayer | Updating Lookup Tables
Fra:1 Mem:36.32M (0.00M, Peak 37.43M) | Time:00:00.18 | Mem:13.37M, Peak:13.37M | Scene, RenderLayer | Updating Baking
Fra:1 Mem:36.32M (0.00M, Peak 37.43M) | Time:00:00.18 | Mem:13.37M, Peak:13.37M | Scene, RenderLayer | Updating Device | Writing constant memory
Fra:1 Mem:36.32M (0.00M, Peak 37.43M) | Time:00:00.18 | Mem:13.37M, Peak:13.37M | Scene, RenderLayer | Path Tracing Tile 0/4, Sample 0/512
Fra:1 Mem:38.57M (0.00M, Peak 39.82M) | Time:00:00.18 | Mem:15.62M, Peak:15.62M | Scene, RenderLayer | Path Tracing Tile 1/4, Sample 0/512
Fra:1 Mem:38.57M (0.00M, Peak 40.82M) | Time:00:01.18 | Remaining:00:11.83 | Mem:15.62M, Peak:15.62M | Scene, RenderLayer | Path Tracing Tile 1/4, Sample 94/512
Fra:1 Mem:38.57M (0.00M, Peak 40.82M) | Time:00:02.18 | Remaining:00:10.81 | Mem:15.62M, Peak:15.62M | Scene, RenderLayer | Path Tracing Tile 1/4, Sample 188/512
Fra:1 Mem:38.57M (0.00M, Peak 40.82M) | Time:00:03.19 | Remaining:00:09.80 | Mem:15.62M, Peak:15.62M | Scene, RenderLayer | Path Tracing Tile 1/4, Sample 282/512
Fra:1 Mem:38.57M (0.00M, Peak 40.82M) | Time:00:04.19 | Remaining:00:08.80 | Mem:15.62M, Peak:15.62M | Scene, RenderLayer | Path Tracing Tile 1/4, Sample 376/512
Fra:1 Mem:38.57M (0.00M, Peak 40.82M) | Time:00:05.20 | Remaining:00:07.80 | Mem:15.62M, Peak:15.62M | Scene, RenderLayer | Path Tracing Tile 1/4, Sample 470/512
Fra:1 Mem:36.32M (0.00M, Peak 40.82M) | Time:00:05.66 | Remaining:00:07.36 | Mem:13.37M, Peak:15.62M | Scene, RenderLayer | Path Tracing Tile 1/4, Sample 512/512
Fra:1 Mem:38.29M (0.00M, Peak 40.82M) | Time:00:05.66 | Remaining:00:07.37 | Mem:15.34M, Peak:15.62M | Scene, RenderLayer | Path Tracing Tile 2/4, Sample 512/512
Fra:1 Mem:38.29M (0.00M, Peak 40.82M) | Time:00:06.21 | Remaining:00:06.85 | Mem:15.34M, Peak:15.62M | Scene, RenderLayer | Path Tracing Tile 2/4, Sample 57/512
Fra:1 Mem:38.29M (0.00M, Peak 40.82M) | Time:00:07.21 | Remaining:00:05.89 | Mem:15.34M, Peak:15.62M | Scene, RenderLayer | Path Tracing Tile 2/4, Sample 161/512
Fra:1 Mem:38.29M (0.00M, Peak 40.82M) | Time:00:08.22 | Remaining:00:04.93 | Mem:15.34M, Peak:15.62M | Scene, RenderLayer | Path Tracing Tile 2/4, Sample 265/512
Fra:1 Mem:38.29M (0.00M, Peak 40.82M) | Time:00:09.23 | Remaining:00:03.95 | Mem:15.34M, Peak:15.62M | Scene, RenderLayer | Path Tracing Tile 2/4, Sample 369/512
Fra:1 Mem:38.29M (0.00M, Peak 40.82M) | Time:00:10.23 | Remaining:00:02.98 | Mem:15.34M, Peak:15.62M | Scene, RenderLayer | Path Tracing Tile 2/4, Sample 472/512
Fra:1 Mem:36.32M (0.00M, Peak 40.82M) | Time:00:10.62 | Remaining:00:02.61 | Mem:13.37M, Peak:15.62M | Scene, RenderLayer | Path Tracing Tile 2/4, Sample 512/512
Fra:1 Mem:36.88M (0.00M, Peak 40.82M) | Time:00:10.62 | Remaining:00:02.61 | Mem:13.93M, Peak:15.62M | Scene, RenderLayer | Path Tracing Tile 3/4, Sample 512/512
Fra:1 Mem:36.88M (0.00M, Peak 40.82M) | Time:00:11.23 | Remaining:00:02.26 | Mem:13.93M, Peak:15.62M | Scene, RenderLayer | Path Tracing Tile 3/4, Sample 143/512
Fra:1 Mem:36.88M (0.00M, Peak 40.82M) | Time:00:12.23 | Remaining:00:01.66 | Mem:13.93M, Peak:15.62M | Scene, RenderLayer | Path Tracing Tile 3/4, Sample 377/512
Fra:1 Mem:36.32M (0.00M, Peak 40.82M) | Time:00:12.81 | Remaining:00:01.30 | Mem:13.37M, Peak:15.62M | Scene, RenderLayer | Path Tracing Tile 3/4, Sample 512/512
Fra:1 Mem:36.81M (0.00M, Peak 40.82M) | Time:00:12.81 | Remaining:00:01.30 | Mem:13.86M, Peak:15.62M | Scene, RenderLayer | Path Tracing Tile 4/4, Sample 512/512
Fra:1 Mem:36.81M (0.00M, Peak 40.82M) | Time:00:13.23 | Remaining:00:01.04 | Mem:13.86M, Peak:15.62M | Scene, RenderLayer | Path Tracing Tile 4/4, Sample 106/512
Fra:1 Mem:36.81M (0.00M, Peak 40.82M) | Time:00:14.23 | Remaining:00:00.40 | Mem:13.86M, Peak:15.62M | Scene, RenderLayer | Path Tracing Tile 4/4, Sample 359/512
Fra:1 Mem:36.32M (0.00M, Peak 40.82M) | Time:00:14.84 | Mem:13.37M, Peak:15.62M | Scene, RenderLayer | Path Tracing Tile 4/4, Sample 512/512
Fra:1 Mem:36.32M (0.00M, Peak 40.82M) | Time:00:14.84 | Mem:13.37M, Peak:15.62M | Scene, RenderLayer | Finished
Fra:1 Mem:16.08M (0.00M, Peak 40.82M) | Time:00:14.92 | Sce: Scene Ve:0 Fa:0 La:0
Saved: 'data/clevr-cleaned-variants/assimilation/fovariant-1/render/images/CLEVR_val_000005.png'
 Time: 00:14.96 (Saving: 00:00.03)


Blender quit

INFO test_net.py:  81: Called with args:
INFO test_net.py:  82: Namespace(cfg_file='clevr_inference/scene_parse/mask_rcnn/configs/baselines/e2e_mask_rcnn_R-50-FPN_1x.yaml', clevr_comp_cat=1, dataset='clevr_original_val', grab_conv=False, images_dir='data/clevr-cleaned-variants/assimilation/fovariant-1/render/images', load_ckpt='/home/ubuntu/vdp-tool-chain/data/ns-vqa-data/pretrained/object_detector.pt', load_detectron=None, multi_gpu_testing=False, name=None, output_dir='data/clevr-cleaned-variants/assimilation/fovariant-1/infer/mask_rcnn', range=None, rendersummary_path='data/clevr-cleaned-variants/assimilation/fovariant-1/render/summary.json', set_cfgs=[], vis=False)
INFO test_net.py: 125: Testing with config:
INFO test_net.py: 126: {'BBOX_XFORM_CLIP': 4.135166556742356,
 'CLEVR': {'COMP_CAT': True},
 'CROP_RESIZE_WITH_MAX_POOL': True,
 'CUDA': False,
 'DATA_DIR': '/home/ubuntu/vdp-tool-chain/data/ns-vqa-data/mask_rcnn',
 'DATA_LOADER': {'NUM_THREADS': 4},
 'DEBUG': False,
 'DEDUP_BOXES': 0.0625,
 'EPS': 1e-14,
 'EXPECTED_RESULTS': [],
 'EXPECTED_RESULTS_ATOL': 0.005,
 'EXPECTED_RESULTS_EMAIL': '',
 'EXPECTED_RESULTS_RTOL': 0.1,
 'FAST_RCNN': {'CONV_HEAD_DIM': 256,
               'MLP_HEAD_DIM': 1024,
               'NUM_STACKED_CONVS': 4,
               'ROI_BOX_HEAD': 'fast_rcnn_heads.roi_2mlp_head',
               'ROI_XFORM_METHOD': 'RoIAlign',
               'ROI_XFORM_RESOLUTION': 7,
               'ROI_XFORM_SAMPLING_RATIO': 2},
 'FPN': {'COARSEST_STRIDE': 32,
         'DIM': 256,
         'EXTRA_CONV_LEVELS': False,
         'FPN_ON': True,
         'MULTILEVEL_ROIS': True,
         'MULTILEVEL_RPN': True,
         'ROI_CANONICAL_LEVEL': 4,
         'ROI_CANONICAL_SCALE': 224,
         'ROI_MAX_LEVEL': 5,
         'ROI_MIN_LEVEL': 2,
         'RPN_ANCHOR_START_SIZE': 32,
         'RPN_ASPECT_RATIOS': (0.5, 1, 2),
         'RPN_COLLECT_SCALE': 1,
         'RPN_MAX_LEVEL': 6,
         'RPN_MIN_LEVEL': 2,
         'USE_GN': False,
         'ZERO_INIT_LATERAL': False},
 'GROUP_NORM': {'DIM_PER_GP': -1, 'EPSILON': 1e-05, 'NUM_GROUPS': 32},
 'KRCNN': {'CONV_HEAD_DIM': 256,
           'CONV_HEAD_KERNEL': 3,
           'CONV_INIT': 'GaussianFill',
           'DECONV_DIM': 256,
           'DECONV_KERNEL': 4,
           'DILATION': 1,
           'HEATMAP_SIZE': -1,
           'INFERENCE_MIN_SIZE': 0,
           'KEYPOINT_CONFIDENCE': 'bbox',
           'LOSS_WEIGHT': 1.0,
           'MIN_KEYPOINT_COUNT_FOR_VALID_MINIBATCH': 20,
           'NMS_OKS': False,
           'NORMALIZE_BY_VISIBLE_KEYPOINTS': True,
           'NUM_KEYPOINTS': -1,
           'NUM_STACKED_CONVS': 8,
           'ROI_KEYPOINTS_HEAD': '',
           'ROI_XFORM_METHOD': 'RoIAlign',
           'ROI_XFORM_RESOLUTION': 7,
           'ROI_XFORM_SAMPLING_RATIO': 0,
           'UP_SCALE': -1,
           'USE_DECONV': False,
           'USE_DECONV_OUTPUT': False},
 'MATLAB': 'matlab',
 'MODEL': {'BBOX_REG_WEIGHTS': (10.0, 10.0, 5.0, 5.0),
           'CLS_AGNOSTIC_BBOX_REG': False,
           'CONV_BODY': 'FPN.fpn_ResNet50_conv5_body',
           'FASTER_RCNN': True,
           'KEYPOINTS_ON': False,
           'LOAD_IMAGENET_PRETRAINED_WEIGHTS': True,
           'MASK_ON': True,
           'NUM_CLASSES': 49,
           'RPN_ONLY': False,
           'SHARE_RES5': False,
           'TYPE': 'generalized_rcnn',
           'UNSUPERVISED_POSE': False},
 'MRCNN': {'CLS_SPECIFIC_MASK': True,
           'CONV_INIT': 'MSRAFill',
           'DILATION': 1,
           'DIM_REDUCED': 256,
           'MEMORY_EFFICIENT_LOSS': True,
           'RESOLUTION': 28,
           'ROI_MASK_HEAD': 'mask_rcnn_heads.mask_rcnn_fcn_head_v1up4convs',
           'ROI_XFORM_METHOD': 'RoIAlign',
           'ROI_XFORM_RESOLUTION': 14,
           'ROI_XFORM_SAMPLING_RATIO': 2,
           'THRESH_BINARIZE': 0.5,
           'UPSAMPLE_RATIO': 1,
           'USE_FC_OUTPUT': False,
           'WEIGHT_LOSS_MASK': 1.0},
 'NUM_GPUS': 8,
 'OUTPUT_DIR': 'Outputs',
 'PIXEL_MEANS': array([[[102.9801, 115.9465, 122.7717]]]),
 'POOLING_MODE': 'crop',
 'POOLING_SIZE': 7,
 'PYTORCH_VERSION_LESS_THAN_040': False,
 'RESNETS': {'FREEZE_AT': 2,
             'IMAGENET_PRETRAINED_WEIGHTS': 'pretrained_model/resnet50_caffe.pth',
             'NUM_GROUPS': 1,
             'RES5_DILATION': 1,
             'SHORTCUT_FUNC': 'basic_bn_shortcut',
             'STEM_FUNC': 'basic_bn_stem',
             'STRIDE_1X1': True,
             'TRANS_FUNC': 'bottleneck_transformation',
             'USE_GN': False,
             'WIDTH_PER_GROUP': 64},
 'RETINANET': {'ANCHOR_SCALE': 4,
               'ASPECT_RATIOS': (0.5, 1.0, 2.0),
               'BBOX_REG_BETA': 0.11,
               'BBOX_REG_WEIGHT': 1.0,
               'CLASS_SPECIFIC_BBOX': False,
               'INFERENCE_TH': 0.05,
               'LOSS_ALPHA': 0.25,
               'LOSS_GAMMA': 2.0,
               'NEGATIVE_OVERLAP': 0.4,
               'NUM_CONVS': 4,
               'POSITIVE_OVERLAP': 0.5,
               'PRE_NMS_TOP_N': 1000,
               'PRIOR_PROB': 0.01,
               'RETINANET_ON': False,
               'SCALES_PER_OCTAVE': 3,
               'SHARE_CLS_BBOX_TOWER': False,
               'SOFTMAX': False},
 'RFCN': {'PS_GRID_SIZE': 3},
 'RNG_SEED': 3,
 'ROOT_DIR': '/home/ubuntu/vdp-tool-chain/clevr_inference/scene_parse/mask_rcnn',
 'RPN': {'ASPECT_RATIOS': (0.5, 1, 2),
         'CLS_ACTIVATION': 'sigmoid',
         'OUT_DIM': 512,
         'OUT_DIM_AS_IN_DIM': True,
         'RPN_ON': True,
         'SIZES': (64, 128, 256, 512),
         'STRIDE': 16},
 'SOLVER': {'BASE_LR': 0.02,
            'BIAS_DOUBLE_LR': True,
            'BIAS_WEIGHT_DECAY': False,
            'GAMMA': 0.1,
            'LOG_LR_CHANGE_THRESHOLD': 1.1,
            'LRS': [],
            'LR_POLICY': 'steps_with_decay',
            'MAX_ITER': 30000,
            'MOMENTUM': 0.9,
            'SCALE_MOMENTUM': True,
            'SCALE_MOMENTUM_THRESHOLD': 1.1,
            'STEPS': [0, 20000, 26000],
            'STEP_SIZE': 30000,
            'TYPE': 'SGD',
            'WARM_UP_FACTOR': 0.3333333333333333,
            'WARM_UP_ITERS': 500,
            'WARM_UP_METHOD': 'linear',
            'WEIGHT_DECAY': 0.0001,
            'WEIGHT_DECAY_GN': 0.0},
 'TEST': {'BBOX_AUG': {'AREA_TH_HI': 32400,
                       'AREA_TH_LO': 2500,
                       'ASPECT_RATIOS': (),
                       'ASPECT_RATIO_H_FLIP': False,
                       'COORD_HEUR': 'UNION',
                       'ENABLED': False,
                       'H_FLIP': False,
                       'MAX_SIZE': 4000,
                       'SCALES': (),
                       'SCALE_H_FLIP': False,
                       'SCALE_SIZE_DEP': False,
                       'SCORE_HEUR': 'UNION'},
          'BBOX_REG': True,
          'BBOX_VOTE': {'ENABLED': False,
                        'SCORING_METHOD': 'ID',
                        'SCORING_METHOD_BETA': 1.0,
                        'VOTE_TH': 0.8},
          'COMPETITION_MODE': True,
          'DATASETS': ('custom(data/clevr-cleaned-variants/assimilation/fovariant-1/render/images, '
                       'data/clevr-cleaned-variants/assimilation/fovariant-1/render/summary.json)',),
          'DETECTIONS_PER_IM': 100,
          'FORCE_JSON_DATASET_EVAL': False,
          'KPS_AUG': {'AREA_TH': 32400,
                      'ASPECT_RATIOS': (),
                      'ASPECT_RATIO_H_FLIP': False,
                      'ENABLED': False,
                      'HEUR': 'HM_AVG',
                      'H_FLIP': False,
                      'MAX_SIZE': 4000,
                      'SCALES': (),
                      'SCALE_H_FLIP': False,
                      'SCALE_SIZE_DEP': False},
          'MASK_AUG': {'AREA_TH': 32400,
                       'ASPECT_RATIOS': (),
                       'ASPECT_RATIO_H_FLIP': False,
                       'ENABLED': False,
                       'HEUR': 'SOFT_AVG',
                       'H_FLIP': False,
                       'MAX_SIZE': 4000,
                       'SCALES': (),
                       'SCALE_H_FLIP': False,
                       'SCALE_SIZE_DEP': False},
          'MAX_SIZE': 1333,
          'NMS': 0.5,
          'PRECOMPUTED_PROPOSALS': False,
          'PROPOSAL_FILES': (),
          'PROPOSAL_LIMIT': 2000,
          'RPN_MIN_SIZE': 0,
          'RPN_NMS_THRESH': 0.7,
          'RPN_POST_NMS_TOP_N': 1000,
          'RPN_PRE_NMS_TOP_N': 1000,
          'SCALE': 800,
          'SCORE_THRESH': 0.05,
          'SOFT_NMS': {'ENABLED': False, 'METHOD': 'linear', 'SIGMA': 0.5}},
 'TRAIN': {'ASPECT_CROPPING': False,
           'ASPECT_GROUPING': True,
           'ASPECT_HI': 2,
           'ASPECT_LO': 0.5,
           'BATCH_SIZE_PER_IM': 512,
           'BBOX_INSIDE_WEIGHTS': (1.0, 1.0, 1.0, 1.0),
           'BBOX_NORMALIZE_MEANS': (0.0, 0.0, 0.0, 0.0),
           'BBOX_NORMALIZE_STDS': (0.1, 0.1, 0.2, 0.2),
           'BBOX_NORMALIZE_TARGETS': True,
           'BBOX_NORMALIZE_TARGETS_PRECOMPUTED': False,
           'BBOX_THRESH': 0.5,
           'BG_THRESH_HI': 0.5,
           'BG_THRESH_LO': 0.0,
           'CROWD_FILTER_THRESH': 0.7,
           'DATASETS': (),
           'FG_FRACTION': 0.25,
           'FG_THRESH': 0.5,
           'FREEZE_CONV_BODY': False,
           'GT_MIN_AREA': -1,
           'IMS_PER_BATCH': 2,
           'MAX_SIZE': 1333,
           'PROPOSAL_FILES': (),
           'RPN_BATCH_SIZE_PER_IM': 256,
           'RPN_FG_FRACTION': 0.5,
           'RPN_MIN_SIZE': 0,
           'RPN_NEGATIVE_OVERLAP': 0.3,
           'RPN_NMS_THRESH': 0.7,
           'RPN_POSITIVE_OVERLAP': 0.7,
           'RPN_POST_NMS_TOP_N': 2000,
           'RPN_PRE_NMS_TOP_N': 2000,
           'RPN_STRADDLE_THRESH': 0,
           'SCALES': (800,),
           'SNAPSHOT_ITERS': 20000,
           'USE_FLIPPED': False},
 'VIS': False,
 'VIS_TH': 0.9}
INFO test_engine.py: 352: loading checkpoint /home/ubuntu/vdp-tool-chain/data/ns-vqa-data/pretrained/object_detector.pt
INFO test_engine.py: 286: im_detect: range [1, 6] of 6: 1/6 1.107s + 0.003s (eta: 0:00:05)
INFO test_engine.py: 336: Wrote detections to: /home/ubuntu/vdp-tool-chain/data/clevr-cleaned-variants/assimilation/fovariant-1/infer/mask_rcnn/detections.pkl
INFO test_engine.py: 164: Total inference time: 5.643s


| processing proposals 1 / 6 images
| processing proposals 2 / 6 images
| processing proposals 3 / 6 images
| processing proposals 4 / 6 images
| processing proposals 5 / 6 images
| processing proposals 6 / 6 images
| saving object annotations to data/clevr-cleaned-variants/assimilation/fovariant-1/infer/attrnet/predictions.json


| options
run_dir: data/clevr-cleaned-variants/assimilation/fovariant-1/solver_ir
dataset: clevr
load_checkpoint_path: /home/ubuntu/vdp-tool-chain/data/ns-vqa-data/pretrained/attribute_net.pt
gpu_ids: [0]
clevr_mini_img_dir: /home/ubuntu/vdp-tool-chain/data/ns-vqa-data/raw/CLEVR_mini/images
clevr_mini_ann_path: /home/ubuntu/vdp-tool-chain/data/ns-vqa-data/attr_net/objects/clevr_mini_objs.json
concat_img: 1
split_id: 3500
batch_size: 50
num_workers: 4
learning_rate: 0.002
split: val
output_path: data/clevr-cleaned-variants/assimilation/fovariant-1/solver_ir/results.json
clevr_val_ann_path: data/clevr-cleaned-variants/assimilation/fovariant-1/infer/attrnet/predictions.json
clevr_val_img_dir: /home/ubuntu/vdp-tool-chain/data/ns-vqa-data/raw/CLEVR_v1.0/images/val
shuffle_data: 0
use_cat_label: 1
name: fovariant-1
| loading checkpoint from /home/ubuntu/vdp-tool-chain/data/ns-vqa-data/pretrained/attribute_net.pt
clevr_object.py: CLEVR_val_000000.png val 0 0
clevr_object.py: CLEVR_val_000000.png val 0 1
clevr_object.py: CLEVR_val_000001.png val 1 2
clevr_object.py: CLEVR_val_000001.png val 1 3
clevr_object.py: CLEVR_val_000001.png val 1 4
clevr_object.py: CLEVR_val_000002.png val 2 5
clevr_object.py: CLEVR_val_000002.png val 2 6
clevr_object.py: CLEVR_val_000002.png val 2 7
clevr_object.py: CLEVR_val_000003.png val 3 8
clevr_object.py: CLEVR_val_000003.png val 3 9
clevr_object.py: CLEVR_val_000003.png val 3 10
clevr_object.py: CLEVR_val_000003.png val 3 11
clevr_object.py: CLEVR_val_000004.png val 4 12
clevr_object.py: CLEVR_val_000004.png val 4 13
clevr_object.py: CLEVR_val_000004.png val 4 14
clevr_object.py: CLEVR_val_000004.png val 4 15
clevr_object.py: CLEVR_val_000005.png val 5 16
clevr_object.py: CLEVR_val_000005.png val 5 17
clevr_object.py: CLEVR_val_000005.png val 5 18
19 / 19 objects processed
| saving annotation file to data/clevr-cleaned-variants/assimilation/fovariant-1/solver_ir/results.json


0.json in test
THRESHOLD relate_behind objs = {'id': '0-0', 'position': [2.705199956893921, 0.31093665957450867, 0.6874830722808838], 'color': 'gray', 'material': 'metal', 'shape': 'cube', 'size': 'large'}, {'id': '0-1', 'position': [-0.13237899541854858, 0.1019417941570282, 0.6787692308425903], 'color': 'gray', 'material': 'metal', 'shape': 'cylinder', 'size': 'large'}
THRESHOLD relate_front objs = {'id': '0-1', 'position': [-0.13237899541854858, 0.1019417941570282, 0.6787692308425903], 'color': 'gray', 'material': 'metal', 'shape': 'cylinder', 'size': 'large'}, {'id': '0-0', 'position': [2.705199956893921, 0.31093665957450867, 0.6874830722808838], 'color': 'gray', 'material': 'metal', 'shape': 'cube', 'size': 'large'}
1.json in test
THRESHOLD relate_behind objs = {'id': '1-0', 'position': [0.12730973958969116, 0.06719809770584106, 0.6834235787391663], 'color': 'brown', 'material': 'metal', 'shape': 'cube', 'size': 'large'}, {'id': '1-1', 'position': [-2.856633424758911, -0.1283193826675415, 0.6905148029327393], 'color': 'gray', 'material': 'metal', 'shape': 'cube', 'size': 'large'}
THRESHOLD relate_front objs = {'id': '1-0', 'position': [0.12730973958969116, 0.06719809770584106, 0.6834235787391663], 'color': 'brown', 'material': 'metal', 'shape': 'cube', 'size': 'large'}, {'id': '1-2', 'position': [2.769047975540161, 0.3357795476913452, 0.6853095293045044], 'color': 'gray', 'material': 'metal', 'shape': 'cylinder', 'size': 'large'}
THRESHOLD relate_front objs = {'id': '1-1', 'position': [-2.856633424758911, -0.1283193826675415, 0.6905148029327393], 'color': 'gray', 'material': 'metal', 'shape': 'cube', 'size': 'large'}, {'id': '1-0', 'position': [0.12730973958969116, 0.06719809770584106, 0.6834235787391663], 'color': 'brown', 'material': 'metal', 'shape': 'cube', 'size': 'large'}
THRESHOLD relate_behind objs = {'id': '1-2', 'position': [2.769047975540161, 0.3357795476913452, 0.6853095293045044], 'color': 'gray', 'material': 'metal', 'shape': 'cylinder', 'size': 'large'}, {'id': '1-0', 'position': [0.12730973958969116, 0.06719809770584106, 0.6834235787391663], 'color': 'brown', 'material': 'metal', 'shape': 'cube', 'size': 'large'}
2.json in test
THRESHOLD relate_behind objs = {'id': '2-0', 'position': [2.9496078491210938, 0.35894155502319336, 0.684336245059967], 'color': 'brown', 'material': 'metal', 'shape': 'cylinder', 'size': 'large'}, {'id': '2-1', 'position': [0.11096610873937607, 0.1052112877368927, 0.6973174810409546], 'color': 'gray', 'material': 'metal', 'shape': 'cube', 'size': 'large'}
THRESHOLD relate_behind objs = {'id': '2-1', 'position': [0.11096610873937607, 0.1052112877368927, 0.6973174810409546], 'color': 'gray', 'material': 'metal', 'shape': 'cube', 'size': 'large'}, {'id': '2-2', 'position': [-2.780740737915039, -0.07487670332193375, 0.6892054677009583], 'color': 'gray', 'material': 'metal', 'shape': 'cylinder', 'size': 'large'}
THRESHOLD relate_front objs = {'id': '2-1', 'position': [0.11096610873937607, 0.1052112877368927, 0.6973174810409546], 'color': 'gray', 'material': 'metal', 'shape': 'cube', 'size': 'large'}, {'id': '2-0', 'position': [2.9496078491210938, 0.35894155502319336, 0.684336245059967], 'color': 'brown', 'material': 'metal', 'shape': 'cylinder', 'size': 'large'}
THRESHOLD relate_front objs = {'id': '2-2', 'position': [-2.780740737915039, -0.07487670332193375, 0.6892054677009583], 'color': 'gray', 'material': 'metal', 'shape': 'cylinder', 'size': 'large'}, {'id': '2-1', 'position': [0.11096610873937607, 0.1052112877368927, 0.6973174810409546], 'color': 'gray', 'material': 'metal', 'shape': 'cube', 'size': 'large'}
3.json in train
THRESHOLD relate_behind objs = {'id': '3-0', 'position': [-1.3193806409835815, -0.11022504419088364, 0.34339433908462524], 'color': 'blue', 'material': 'metal', 'shape': 'cube', 'size': 'small'}, {'id': '3-2', 'position': [-2.740609645843506, -0.21879836916923523, 0.345187783241272], 'color': 'blue', 'material': 'metal', 'shape': 'cylinder', 'size': 'small'}
THRESHOLD relate_front objs = {'id': '3-0', 'position': [-1.3193806409835815, -0.11022504419088364, 0.34339433908462524], 'color': 'blue', 'material': 'metal', 'shape': 'cube', 'size': 'small'}, {'id': '3-1', 'position': [1.375205159187317, -0.023515772074460983, 0.3423228859901428], 'color': 'blue', 'material': 'metal', 'shape': 'cylinder', 'size': 'small'}
THRESHOLD relate_front objs = {'id': '3-0', 'position': [-1.3193806409835815, -0.11022504419088364, 0.34339433908462524], 'color': 'blue', 'material': 'metal', 'shape': 'cube', 'size': 'small'}, {'id': '3-3', 'position': [0.14768631756305695, 0.014332134276628494, 0.35323429107666016], 'color': 'blue', 'material': 'metal', 'shape': 'cylinder', 'size': 'small'}
THRESHOLD relate_behind objs = {'id': '3-1', 'position': [1.375205159187317, -0.023515772074460983, 0.3423228859901428], 'color': 'blue', 'material': 'metal', 'shape': 'cylinder', 'size': 'small'}, {'id': '3-0', 'position': [-1.3193806409835815, -0.11022504419088364, 0.34339433908462524], 'color': 'blue', 'material': 'metal', 'shape': 'cube', 'size': 'small'}
THRESHOLD relate_behind objs = {'id': '3-1', 'position': [1.375205159187317, -0.023515772074460983, 0.3423228859901428], 'color': 'blue', 'material': 'metal', 'shape': 'cylinder', 'size': 'small'}, {'id': '3-2', 'position': [-2.740609645843506, -0.21879836916923523, 0.345187783241272], 'color': 'blue', 'material': 'metal', 'shape': 'cylinder', 'size': 'small'}
THRESHOLD relate_front objs = {'id': '3-1', 'position': [1.375205159187317, -0.023515772074460983, 0.3423228859901428], 'color': 'blue', 'material': 'metal', 'shape': 'cylinder', 'size': 'small'}, {'id': '3-3', 'position': [0.14768631756305695, 0.014332134276628494, 0.35323429107666016], 'color': 'blue', 'material': 'metal', 'shape': 'cylinder', 'size': 'small'}
THRESHOLD relate_front objs = {'id': '3-2', 'position': [-2.740609645843506, -0.21879836916923523, 0.345187783241272], 'color': 'blue', 'material': 'metal', 'shape': 'cylinder', 'size': 'small'}, {'id': '3-0', 'position': [-1.3193806409835815, -0.11022504419088364, 0.34339433908462524], 'color': 'blue', 'material': 'metal', 'shape': 'cube', 'size': 'small'}
THRESHOLD relate_front objs = {'id': '3-2', 'position': [-2.740609645843506, -0.21879836916923523, 0.345187783241272], 'color': 'blue', 'material': 'metal', 'shape': 'cylinder', 'size': 'small'}, {'id': '3-1', 'position': [1.375205159187317, -0.023515772074460983, 0.3423228859901428], 'color': 'blue', 'material': 'metal', 'shape': 'cylinder', 'size': 'small'}
THRESHOLD relate_front objs = {'id': '3-2', 'position': [-2.740609645843506, -0.21879836916923523, 0.345187783241272], 'color': 'blue', 'material': 'metal', 'shape': 'cylinder', 'size': 'small'}, {'id': '3-3', 'position': [0.14768631756305695, 0.014332134276628494, 0.35323429107666016], 'color': 'blue', 'material': 'metal', 'shape': 'cylinder', 'size': 'small'}
THRESHOLD relate_behind objs = {'id': '3-3', 'position': [0.14768631756305695, 0.014332134276628494, 0.35323429107666016], 'color': 'blue', 'material': 'metal', 'shape': 'cylinder', 'size': 'small'}, {'id': '3-0', 'position': [-1.3193806409835815, -0.11022504419088364, 0.34339433908462524], 'color': 'blue', 'material': 'metal', 'shape': 'cube', 'size': 'small'}
THRESHOLD relate_behind objs = {'id': '3-3', 'position': [0.14768631756305695, 0.014332134276628494, 0.35323429107666016], 'color': 'blue', 'material': 'metal', 'shape': 'cylinder', 'size': 'small'}, {'id': '3-1', 'position': [1.375205159187317, -0.023515772074460983, 0.3423228859901428], 'color': 'blue', 'material': 'metal', 'shape': 'cylinder', 'size': 'small'}
THRESHOLD relate_behind objs = {'id': '3-3', 'position': [0.14768631756305695, 0.014332134276628494, 0.35323429107666016], 'color': 'blue', 'material': 'metal', 'shape': 'cylinder', 'size': 'small'}, {'id': '3-2', 'position': [-2.740609645843506, -0.21879836916923523, 0.345187783241272], 'color': 'blue', 'material': 'metal', 'shape': 'cylinder', 'size': 'small'}
4.json in train
THRESHOLD relate_front objs = {'id': '4-0', 'position': [-3.0639240741729736, -0.2925601899623871, 0.6935407519340515], 'color': 'gray', 'material': 'metal', 'shape': 'sphere', 'size': 'large'}, {'id': '4-2', 'position': [-1.2496752738952637, -0.01740998774766922, 0.691353976726532], 'color': 'yellow', 'material': 'metal', 'shape': 'cylinder', 'size': 'large'}
THRESHOLD relate_behind objs = {'id': '4-1', 'position': [1.4592031240463257, 0.11061804741621017, 0.6882492303848267], 'color': 'yellow', 'material': 'metal', 'shape': 'cube', 'size': 'large'}, {'id': '4-2', 'position': [-1.2496752738952637, -0.01740998774766922, 0.691353976726532], 'color': 'yellow', 'material': 'metal', 'shape': 'cylinder', 'size': 'large'}
THRESHOLD relate_front objs = {'id': '4-1', 'position': [1.4592031240463257, 0.11061804741621017, 0.6882492303848267], 'color': 'yellow', 'material': 'metal', 'shape': 'cube', 'size': 'large'}, {'id': '4-3', 'position': [3.170907735824585, 0.22007688879966736, 0.6864755749702454], 'color': 'yellow', 'material': 'metal', 'shape': 'cylinder', 'size': 'large'}
THRESHOLD relate_behind objs = {'id': '4-2', 'position': [-1.2496752738952637, -0.01740998774766922, 0.691353976726532], 'color': 'yellow', 'material': 'metal', 'shape': 'cylinder', 'size': 'large'}, {'id': '4-0', 'position': [-3.0639240741729736, -0.2925601899623871, 0.6935407519340515], 'color': 'gray', 'material': 'metal', 'shape': 'sphere', 'size': 'large'}
THRESHOLD relate_front objs = {'id': '4-2', 'position': [-1.2496752738952637, -0.01740998774766922, 0.691353976726532], 'color': 'yellow', 'material': 'metal', 'shape': 'cylinder', 'size': 'large'}, {'id': '4-1', 'position': [1.4592031240463257, 0.11061804741621017, 0.6882492303848267], 'color': 'yellow', 'material': 'metal', 'shape': 'cube', 'size': 'large'}
THRESHOLD relate_front objs = {'id': '4-2', 'position': [-1.2496752738952637, -0.01740998774766922, 0.691353976726532], 'color': 'yellow', 'material': 'metal', 'shape': 'cylinder', 'size': 'large'}, {'id': '4-3', 'position': [3.170907735824585, 0.22007688879966736, 0.6864755749702454], 'color': 'yellow', 'material': 'metal', 'shape': 'cylinder', 'size': 'large'}
THRESHOLD relate_behind objs = {'id': '4-3', 'position': [3.170907735824585, 0.22007688879966736, 0.6864755749702454], 'color': 'yellow', 'material': 'metal', 'shape': 'cylinder', 'size': 'large'}, {'id': '4-1', 'position': [1.4592031240463257, 0.11061804741621017, 0.6882492303848267], 'color': 'yellow', 'material': 'metal', 'shape': 'cube', 'size': 'large'}
THRESHOLD relate_behind objs = {'id': '4-3', 'position': [3.170907735824585, 0.22007688879966736, 0.6864755749702454], 'color': 'yellow', 'material': 'metal', 'shape': 'cylinder', 'size': 'large'}, {'id': '4-2', 'position': [-1.2496752738952637, -0.01740998774766922, 0.691353976726532], 'color': 'yellow', 'material': 'metal', 'shape': 'cylinder', 'size': 'large'}
5.json in train
THRESHOLD relate_behind objs = {'id': '5-0', 'position': [2.9500856399536133, 0.1476026177406311, 0.682621419429779], 'color': 'brown', 'material': 'metal', 'shape': 'sphere', 'size': 'large'}, {'id': '5-1', 'position': [0.1136571392416954, 0.015018882229924202, 0.6845102310180664], 'color': 'purple', 'material': 'metal', 'shape': 'cube', 'size': 'large'}
THRESHOLD relate_behind objs = {'id': '5-0', 'position': [2.9500856399536133, 0.1476026177406311, 0.682621419429779], 'color': 'brown', 'material': 'metal', 'shape': 'sphere', 'size': 'large'}, {'id': '5-2', 'position': [-2.6761012077331543, -0.1612817645072937, 0.6884046196937561], 'color': 'purple', 'material': 'metal', 'shape': 'cylinder', 'size': 'large'}
THRESHOLD relate_behind objs = {'id': '5-1', 'position': [0.1136571392416954, 0.015018882229924202, 0.6845102310180664], 'color': 'purple', 'material': 'metal', 'shape': 'cube', 'size': 'large'}, {'id': '5-2', 'position': [-2.6761012077331543, -0.1612817645072937, 0.6884046196937561], 'color': 'purple', 'material': 'metal', 'shape': 'cylinder', 'size': 'large'}
THRESHOLD relate_front objs = {'id': '5-1', 'position': [0.1136571392416954, 0.015018882229924202, 0.6845102310180664], 'color': 'purple', 'material': 'metal', 'shape': 'cube', 'size': 'large'}, {'id': '5-0', 'position': [2.9500856399536133, 0.1476026177406311, 0.682621419429779], 'color': 'brown', 'material': 'metal', 'shape': 'sphere', 'size': 'large'}
THRESHOLD relate_front objs = {'id': '5-2', 'position': [-2.6761012077331543, -0.1612817645072937, 0.6884046196937561], 'color': 'purple', 'material': 'metal', 'shape': 'cylinder', 'size': 'large'}, {'id': '5-0', 'position': [2.9500856399536133, 0.1476026177406311, 0.682621419429779], 'color': 'brown', 'material': 'metal', 'shape': 'sphere', 'size': 'large'}
THRESHOLD relate_front objs = {'id': '5-2', 'position': [-2.6761012077331543, -0.1612817645072937, 0.6884046196937561], 'color': 'purple', 'material': 'metal', 'shape': 'cylinder', 'size': 'large'}, {'id': '5-1', 'position': [0.1136571392416954, 0.015018882229924202, 0.6845102310180664], 'color': 'purple', 'material': 'metal', 'shape': 'cube', 'size': 'large'}
