Started Logging. 2022-07-09 11:17:45.120262

0.json in train
THRESHOLD relate_left objs = {'id': '0-0', 'position': [2.1135873794555664, -2.0335803031921387, 0.35059142112731934], 'color': 'gray', 'material': 'rubber', 'shape': 'cylinder', 'size': 'small'}, {'id': '0-3', 'position': [2.0142123699188232, 2.1100525856018066, 0.713082492351532], 'color': 'green', 'material': 'metal', 'shape': 'cube', 'size': 'large'}
THRESHOLD relate_behind objs = {'id': '0-0', 'position': [2.1135873794555664, -2.0335803031921387, 0.35059142112731934], 'color': 'gray', 'material': 'rubber', 'shape': 'cylinder', 'size': 'small'}, {'id': '0-1', 'position': [0.053529076278209686, -2.2339229583740234, 0.3445633053779602], 'color': 'gray', 'material': 'rubber', 'shape': 'cylinder', 'size': 'small'}
THRESHOLD relate_front objs = {'id': '0-1', 'position': [0.053529076278209686, -2.2339229583740234, 0.3445633053779602], 'color': 'gray', 'material': 'rubber', 'shape': 'cylinder', 'size': 'small'}, {'id': '0-0', 'position': [2.1135873794555664, -2.0335803031921387, 0.35059142112731934], 'color': 'gray', 'material': 'rubber', 'shape': 'cylinder', 'size': 'small'}
THRESHOLD relate_front objs = {'id': '0-2', 'position': [-0.24308723211288452, 1.9408413171768188, 0.6972259283065796], 'color': 'green', 'material': 'metal', 'shape': 'cube', 'size': 'large'}, {'id': '0-3', 'position': [2.0142123699188232, 2.1100525856018066, 0.713082492351532], 'color': 'green', 'material': 'metal', 'shape': 'cube', 'size': 'large'}
THRESHOLD relate_right objs = {'id': '0-3', 'position': [2.0142123699188232, 2.1100525856018066, 0.713082492351532], 'color': 'green', 'material': 'metal', 'shape': 'cube', 'size': 'large'}, {'id': '0-0', 'position': [2.1135873794555664, -2.0335803031921387, 0.35059142112731934], 'color': 'gray', 'material': 'rubber', 'shape': 'cylinder', 'size': 'small'}
THRESHOLD relate_behind objs = {'id': '0-3', 'position': [2.0142123699188232, 2.1100525856018066, 0.713082492351532], 'color': 'green', 'material': 'metal', 'shape': 'cube', 'size': 'large'}, {'id': '0-2', 'position': [-0.24308723211288452, 1.9408413171768188, 0.6972259283065796], 'color': 'green', 'material': 'metal', 'shape': 'cube', 'size': 'large'}
1.json in test
THRESHOLD relate_front objs = {'id': '1-0', 'position': [-0.2722121775150299, 2.0058140754699707, 0.34244292974472046], 'color': 'gray', 'material': 'rubber', 'shape': 'cylinder', 'size': 'small'}, {'id': '1-1', 'position': [1.8719918727874756, 2.24332857131958, 0.3403913676738739], 'color': 'gray', 'material': 'rubber', 'shape': 'cylinder', 'size': 'small'}
THRESHOLD relate_right objs = {'id': '1-1', 'position': [1.8719918727874756, 2.24332857131958, 0.3403913676738739], 'color': 'gray', 'material': 'rubber', 'shape': 'cylinder', 'size': 'small'}, {'id': '1-2', 'position': [2.040916681289673, -1.8886269330978394, 0.3439900875091553], 'color': 'green', 'material': 'metal', 'shape': 'cube', 'size': 'small'}
THRESHOLD relate_behind objs = {'id': '1-1', 'position': [1.8719918727874756, 2.24332857131958, 0.3403913676738739], 'color': 'gray', 'material': 'rubber', 'shape': 'cylinder', 'size': 'small'}, {'id': '1-0', 'position': [-0.2722121775150299, 2.0058140754699707, 0.34244292974472046], 'color': 'gray', 'material': 'rubber', 'shape': 'cylinder', 'size': 'small'}
THRESHOLD relate_left objs = {'id': '1-2', 'position': [2.040916681289673, -1.8886269330978394, 0.3439900875091553], 'color': 'green', 'material': 'metal', 'shape': 'cube', 'size': 'small'}, {'id': '1-1', 'position': [1.8719918727874756, 2.24332857131958, 0.3403913676738739], 'color': 'gray', 'material': 'rubber', 'shape': 'cylinder', 'size': 'small'}
THRESHOLD relate_behind objs = {'id': '1-2', 'position': [2.040916681289673, -1.8886269330978394, 0.3439900875091553], 'color': 'green', 'material': 'metal', 'shape': 'cube', 'size': 'small'}, {'id': '1-3', 'position': [-0.0255235955119133, -2.046795606613159, 0.3391270041465759], 'color': 'green', 'material': 'metal', 'shape': 'cube', 'size': 'small'}
THRESHOLD relate_front objs = {'id': '1-3', 'position': [-0.0255235955119133, -2.046795606613159, 0.3391270041465759], 'color': 'green', 'material': 'metal', 'shape': 'cube', 'size': 'small'}, {'id': '1-2', 'position': [2.040916681289673, -1.8886269330978394, 0.3439900875091553], 'color': 'green', 'material': 'metal', 'shape': 'cube', 'size': 'small'}
2.json in test
THRESHOLD relate_behind objs = {'id': '2-0', 'position': [2.603210210800171, -1.4757049083709717, 0.3419833183288574], 'color': 'gray', 'material': 'rubber', 'shape': 'sphere', 'size': 'small'}, {'id': '2-1', 'position': [0.21273386478424072, -1.7191218137741089, 0.3510214388370514], 'color': 'gray', 'material': 'rubber', 'shape': 'sphere', 'size': 'small'}
THRESHOLD relate_front objs = {'id': '2-1', 'position': [0.21273386478424072, -1.7191218137741089, 0.3510214388370514], 'color': 'gray', 'material': 'rubber', 'shape': 'sphere', 'size': 'small'}, {'id': '2-0', 'position': [2.603210210800171, -1.4757049083709717, 0.3419833183288574], 'color': 'gray', 'material': 'rubber', 'shape': 'sphere', 'size': 'small'}
THRESHOLD relate_behind objs = {'id': '2-2', 'position': [1.9571614265441895, 2.1393487453460693, 0.6920195817947388], 'color': 'green', 'material': 'metal', 'shape': 'cube', 'size': 'large'}, {'id': '2-3', 'position': [-0.07050351053476334, 2.0654094219207764, 0.6955148577690125], 'color': 'green', 'material': 'metal', 'shape': 'cube', 'size': 'large'}
THRESHOLD relate_front objs = {'id': '2-3', 'position': [-0.07050351053476334, 2.0654094219207764, 0.6955148577690125], 'color': 'green', 'material': 'metal', 'shape': 'cube', 'size': 'large'}, {'id': '2-2', 'position': [1.9571614265441895, 2.1393487453460693, 0.6920195817947388], 'color': 'green', 'material': 'metal', 'shape': 'cube', 'size': 'large'}
3.json in train
THRESHOLD relate_front objs = {'id': '3-0', 'position': [-2.083509922027588, 1.9323595762252808, 0.6997120380401611], 'color': 'blue', 'material': 'metal', 'shape': 'cube', 'size': 'large'}, {'id': '3-1', 'position': [1.9087188243865967, 2.1953494548797607, 0.689919650554657], 'color': 'blue', 'material': 'metal', 'shape': 'cube', 'size': 'large'}
THRESHOLD relate_front objs = {'id': '3-0', 'position': [-2.083509922027588, 1.9323595762252808, 0.6997120380401611], 'color': 'blue', 'material': 'metal', 'shape': 'cube', 'size': 'large'}, {'id': '3-2', 'position': [-0.1996861696243286, 2.0908305644989014, 0.7126376032829285], 'color': 'blue', 'material': 'metal', 'shape': 'cube', 'size': 'large'}
THRESHOLD relate_behind objs = {'id': '3-1', 'position': [1.9087188243865967, 2.1953494548797607, 0.689919650554657], 'color': 'blue', 'material': 'metal', 'shape': 'cube', 'size': 'large'}, {'id': '3-0', 'position': [-2.083509922027588, 1.9323595762252808, 0.6997120380401611], 'color': 'blue', 'material': 'metal', 'shape': 'cube', 'size': 'large'}
THRESHOLD relate_behind objs = {'id': '3-1', 'position': [1.9087188243865967, 2.1953494548797607, 0.689919650554657], 'color': 'blue', 'material': 'metal', 'shape': 'cube', 'size': 'large'}, {'id': '3-2', 'position': [-0.1996861696243286, 2.0908305644989014, 0.7126376032829285], 'color': 'blue', 'material': 'metal', 'shape': 'cube', 'size': 'large'}
THRESHOLD relate_behind objs = {'id': '3-2', 'position': [-0.1996861696243286, 2.0908305644989014, 0.7126376032829285], 'color': 'blue', 'material': 'metal', 'shape': 'cube', 'size': 'large'}, {'id': '3-0', 'position': [-2.083509922027588, 1.9323595762252808, 0.6997120380401611], 'color': 'blue', 'material': 'metal', 'shape': 'cube', 'size': 'large'}
THRESHOLD relate_front objs = {'id': '3-2', 'position': [-0.1996861696243286, 2.0908305644989014, 0.7126376032829285], 'color': 'blue', 'material': 'metal', 'shape': 'cube', 'size': 'large'}, {'id': '3-1', 'position': [1.9087188243865967, 2.1953494548797607, 0.689919650554657], 'color': 'blue', 'material': 'metal', 'shape': 'cube', 'size': 'large'}
THRESHOLD relate_front objs = {'id': '3-3', 'position': [-1.2606501579284668, -2.6660141944885254, 0.3436936140060425], 'color': 'gray', 'material': 'rubber', 'shape': 'cylinder', 'size': 'small'}, {'id': '3-4', 'position': [1.381714940071106, -2.4816648960113525, 0.34937959909439087], 'color': 'gray', 'material': 'rubber', 'shape': 'cylinder', 'size': 'small'}
THRESHOLD relate_front objs = {'id': '3-3', 'position': [-1.2606501579284668, -2.6660141944885254, 0.3436936140060425], 'color': 'gray', 'material': 'rubber', 'shape': 'cylinder', 'size': 'small'}, {'id': '3-5', 'position': [0.08181571960449219, -2.515367031097412, 0.3478251099586487], 'color': 'gray', 'material': 'rubber', 'shape': 'cylinder', 'size': 'small'}
THRESHOLD relate_behind objs = {'id': '3-4', 'position': [1.381714940071106, -2.4816648960113525, 0.34937959909439087], 'color': 'gray', 'material': 'rubber', 'shape': 'cylinder', 'size': 'small'}, {'id': '3-3', 'position': [-1.2606501579284668, -2.6660141944885254, 0.3436936140060425], 'color': 'gray', 'material': 'rubber', 'shape': 'cylinder', 'size': 'small'}
THRESHOLD relate_behind objs = {'id': '3-4', 'position': [1.381714940071106, -2.4816648960113525, 0.34937959909439087], 'color': 'gray', 'material': 'rubber', 'shape': 'cylinder', 'size': 'small'}, {'id': '3-5', 'position': [0.08181571960449219, -2.515367031097412, 0.3478251099586487], 'color': 'gray', 'material': 'rubber', 'shape': 'cylinder', 'size': 'small'}
THRESHOLD relate_behind objs = {'id': '3-5', 'position': [0.08181571960449219, -2.515367031097412, 0.3478251099586487], 'color': 'gray', 'material': 'rubber', 'shape': 'cylinder', 'size': 'small'}, {'id': '3-3', 'position': [-1.2606501579284668, -2.6660141944885254, 0.3436936140060425], 'color': 'gray', 'material': 'rubber', 'shape': 'cylinder', 'size': 'small'}
THRESHOLD relate_front objs = {'id': '3-5', 'position': [0.08181571960449219, -2.515367031097412, 0.3478251099586487], 'color': 'gray', 'material': 'rubber', 'shape': 'cylinder', 'size': 'small'}, {'id': '3-4', 'position': [1.381714940071106, -2.4816648960113525, 0.34937959909439087], 'color': 'gray', 'material': 'rubber', 'shape': 'cylinder', 'size': 'small'}
4.json in test
THRESHOLD relate_behind objs = {'id': '4-0', 'position': [1.546580195426941, -2.5806846618652344, 0.3415309190750122], 'color': 'purple', 'material': 'rubber', 'shape': 'cylinder', 'size': 'small'}, {'id': '4-1', 'position': [0.17403525114059448, -2.5838701725006104, 0.34652984142303467], 'color': 'purple', 'material': 'rubber', 'shape': 'cylinder', 'size': 'small'}
THRESHOLD relate_front objs = {'id': '4-1', 'position': [0.17403525114059448, -2.5838701725006104, 0.34652984142303467], 'color': 'purple', 'material': 'rubber', 'shape': 'cylinder', 'size': 'small'}, {'id': '4-0', 'position': [1.546580195426941, -2.5806846618652344, 0.3415309190750122], 'color': 'purple', 'material': 'rubber', 'shape': 'cylinder', 'size': 'small'}
THRESHOLD relate_front objs = {'id': '4-2', 'position': [-0.06686707586050034, 2.1505539417266846, 0.6993770599365234], 'color': 'red', 'material': 'metal', 'shape': 'cube', 'size': 'large'}, {'id': '4-3', 'position': [2.0081233978271484, 2.184307336807251, 0.7037723064422607], 'color': 'red', 'material': 'metal', 'shape': 'cube', 'size': 'large'}
THRESHOLD relate_behind objs = {'id': '4-3', 'position': [2.0081233978271484, 2.184307336807251, 0.7037723064422607], 'color': 'red', 'material': 'metal', 'shape': 'cube', 'size': 'large'}, {'id': '4-2', 'position': [-0.06686707586050034, 2.1505539417266846, 0.6993770599365234], 'color': 'red', 'material': 'metal', 'shape': 'cube', 'size': 'large'}
5.json in train
