Started Logging. 2022-07-10 05:37:26.723288

found bundled python: /home/ubuntu/vdp-tool-chain/data/blender-2.78c-linux-glibc219-x86_64/2.78/python
read blend: /home/ubuntu/vdp-tool-chain/data/clevr_scene_data/base_scene.blend
convertViewVec: called in an invalid context
convertViewVec: called in an invalid context
Fra:1 Mem:15.35M (0.00M, Peak 15.35M) | Time:00:00.00 | Preparing Scene data
Fra:1 Mem:21.40M (0.00M, Peak 22.38M) | Time:00:00.01 | Preparing Scene data
Fra:1 Mem:21.40M (0.00M, Peak 22.38M) | Time:00:00.01 | Creating Shadowbuffers
Fra:1 Mem:21.40M (0.00M, Peak 22.38M) | Time:00:00.01 | Raytree.. preparing
Fra:1 Mem:28.09M (0.00M, Peak 28.09M) | Time:00:00.01 | Raytree.. building
Fra:1 Mem:27.73M (0.00M, Peak 38.17M) | Time:00:00.12 | Raytree finished
Fra:1 Mem:27.73M (0.00M, Peak 38.17M) | Time:00:00.12 | Creating Environment maps
Fra:1 Mem:27.73M (0.00M, Peak 38.17M) | Time:00:00.12 | Caching Point Densities
Fra:1 Mem:27.73M (0.00M, Peak 38.17M) | Time:00:00.12 | Sce: Scene Ve:50692 Fa:48701 La:1
Fra:1 Mem:27.73M (0.00M, Peak 38.17M) | Time:00:00.12 | Loading voxel datasets
Fra:1 Mem:27.73M (0.00M, Peak 38.17M) | Time:00:00.12 | Sce: Scene Ve:50692 Fa:48701 La:1
Fra:1 Mem:27.73M (0.00M, Peak 38.17M) | Time:00:00.12 | Sce: Scene Ve:50692 Fa:48701 La:1
Fra:1 Mem:27.73M (0.00M, Peak 38.17M) | Time:00:00.12 | Volume preprocessing
Fra:1 Mem:27.73M (0.00M, Peak 38.17M) | Time:00:00.12 | Sce: Scene Ve:50692 Fa:48701 La:1
Fra:1 Mem:27.73M (0.00M, Peak 38.17M) | Time:00:00.12 | Sce: Scene Ve:50692 Fa:48701 La:1
Fra:1 Mem:32.07M (0.00M, Peak 38.17M) | Time:00:00.12 | Scene, Part 3-4
Fra:1 Mem:31.76M (0.00M, Peak 38.17M) | Time:00:00.12 | Scene, Part 4-4
Fra:1 Mem:30.73M (0.00M, Peak 38.17M) | Time:00:00.14 | Scene, Part 1-4
Fra:1 Mem:28.82M (0.00M, Peak 38.17M) | Time:00:00.14 | Scene, Part 2-4
Fra:1 Mem:15.27M (0.00M, Peak 38.17M) | Time:00:00.14 | Sce: Scene Ve:50692 Fa:48701 La:1
Saved: '/tmp/tmpkrfit2e1.png'
 Time: 00:00.18 (Saving: 00:00.04)

Fra:1 Mem:15.30M (0.00M, Peak 15.90M) | Time:00:00.04 | Mem:0.00M, Peak:0.00M | Scene, RenderLayer | Synchronizing object | Area
Fra:1 Mem:15.30M (0.00M, Peak 15.90M) | Time:00:00.04 | Mem:0.00M, Peak:0.00M | Scene, RenderLayer | Synchronizing object | Ground
Fra:1 Mem:15.37M (0.00M, Peak 15.90M) | Time:00:00.05 | Mem:0.00M, Peak:0.00M | Scene, RenderLayer | Synchronizing object | Empty
Fra:1 Mem:15.37M (0.00M, Peak 15.90M) | Time:00:00.05 | Mem:0.00M, Peak:0.00M | Scene, RenderLayer | Synchronizing object | Lamp_Back
Fra:1 Mem:15.37M (0.00M, Peak 15.90M) | Time:00:00.05 | Mem:0.00M, Peak:0.00M | Scene, RenderLayer | Synchronizing object | Lamp_Fill
Fra:1 Mem:15.37M (0.00M, Peak 15.90M) | Time:00:00.05 | Mem:0.00M, Peak:0.00M | Scene, RenderLayer | Synchronizing object | Lamp_Key
Fra:1 Mem:15.37M (0.00M, Peak 15.90M) | Time:00:00.05 | Mem:0.00M, Peak:0.00M | Scene, RenderLayer | Synchronizing object | Camera
Fra:1 Mem:15.37M (0.00M, Peak 15.90M) | Time:00:00.05 | Mem:0.00M, Peak:0.00M | Scene, RenderLayer | Synchronizing object | SmoothCylinder_0
Fra:1 Mem:18.15M (0.00M, Peak 21.37M) | Time:00:00.06 | Mem:0.00M, Peak:0.00M | Scene, RenderLayer | Synchronizing object | Sphere_0
Fra:1 Mem:19.41M (0.00M, Peak 21.37M) | Time:00:00.06 | Mem:0.00M, Peak:0.00M | Scene, RenderLayer | Initializing
Fra:1 Mem:19.41M (0.00M, Peak 21.37M) | Time:00:00.06 | Mem:0.00M, Peak:0.00M | Scene, RenderLayer | Loading render kernels (may take a few minutes the first time)
Fra:1 Mem:19.41M (0.00M, Peak 22.11M) | Time:00:00.07 | Mem:0.00M, Peak:0.00M | Scene, RenderLayer | Waiting for render to start
Fra:1 Mem:19.41M (0.00M, Peak 22.11M) | Time:00:00.07 | Mem:0.00M, Peak:0.00M | Scene, RenderLayer | Updating Scene
Fra:1 Mem:19.41M (0.00M, Peak 22.11M) | Time:00:00.07 | Mem:0.00M, Peak:0.00M | Scene, RenderLayer | Updating Shaders
Fra:1 Mem:19.91M (0.00M, Peak 22.11M) | Time:00:00.15 | Mem:0.00M, Peak:0.00M | Scene, RenderLayer | Updating Background
Fra:1 Mem:19.91M (0.00M, Peak 22.11M) | Time:00:00.15 | Mem:0.00M, Peak:0.00M | Scene, RenderLayer | Updating Camera
Fra:1 Mem:19.91M (0.00M, Peak 22.11M) | Time:00:00.15 | Mem:0.00M, Peak:0.00M | Scene, RenderLayer | Updating Meshes Flags
Fra:1 Mem:19.91M (0.00M, Peak 22.11M) | Time:00:00.15 | Mem:0.00M, Peak:0.00M | Scene, RenderLayer | Updating Objects
Fra:1 Mem:19.91M (0.00M, Peak 22.11M) | Time:00:00.15 | Mem:0.00M, Peak:0.00M | Scene, RenderLayer | Updating Objects | Copying Transformations to device
Fra:1 Mem:19.91M (0.00M, Peak 22.11M) | Time:00:00.15 | Mem:0.00M, Peak:0.00M | Scene, RenderLayer | Updating Objects | Applying Static Transformations
Fra:1 Mem:19.91M (0.00M, Peak 22.11M) | Time:00:00.15 | Mem:0.00M, Peak:0.00M | Scene, RenderLayer | Updating Meshes
Fra:1 Mem:21.41M (0.00M, Peak 22.11M) | Time:00:00.16 | Mem:0.00M, Peak:0.00M | Scene, RenderLayer | Updating Mesh | Computing attributes
Fra:1 Mem:21.41M (0.00M, Peak 22.11M) | Time:00:00.16 | Mem:0.00M, Peak:0.00M | Scene, RenderLayer | Updating Mesh | Copying Attributes to device
Fra:1 Mem:21.41M (0.00M, Peak 22.11M) | Time:00:00.16 | Mem:0.00M, Peak:0.00M | Scene, RenderLayer | Updating Scene BVH | Building
Fra:1 Mem:21.41M (0.00M, Peak 22.11M) | Time:00:00.16 | Mem:0.00M, Peak:0.00M | Scene, RenderLayer | Updating Scene BVH | Building BVH
Fra:1 Mem:27.04M (0.00M, Peak 27.04M) | Time:00:00.22 | Mem:0.00M, Peak:0.00M | Scene, RenderLayer | Updating Scene BVH | Packing BVH triangles and strands
Fra:1 Mem:32.29M (0.00M, Peak 32.29M) | Time:00:00.23 | Mem:0.00M, Peak:0.00M | Scene, RenderLayer | Updating Scene BVH | Packing BVH nodes
Fra:1 Mem:29.37M (0.00M, Peak 33.87M) | Time:00:00.23 | Mem:0.00M, Peak:0.00M | Scene, RenderLayer | Updating Scene BVH | Copying BVH to device
Fra:1 Mem:29.74M (0.00M, Peak 33.87M) | Time:00:00.24 | Mem:7.96M, Peak:7.96M | Scene, RenderLayer | Updating Mesh | Computing normals
Fra:1 Mem:33.17M (0.00M, Peak 33.87M) | Time:00:00.24 | Mem:7.96M, Peak:7.96M | Scene, RenderLayer | Updating Mesh | Copying Mesh to device
Fra:1 Mem:32.80M (0.00M, Peak 33.87M) | Time:00:00.24 | Mem:11.39M, Peak:11.39M | Scene, RenderLayer | Updating Objects Flags
Fra:1 Mem:32.80M (0.00M, Peak 33.87M) | Time:00:00.24 | Mem:11.39M, Peak:11.39M | Scene, RenderLayer | Updating Images
Fra:1 Mem:32.80M (0.00M, Peak 33.87M) | Time:00:00.24 | Mem:11.39M, Peak:11.39M | Scene, RenderLayer | Updating Camera Volume
Fra:1 Mem:32.80M (0.00M, Peak 33.87M) | Time:00:00.24 | Mem:11.39M, Peak:11.39M | Scene, RenderLayer | Updating Hair Systems
Fra:1 Mem:32.80M (0.00M, Peak 33.87M) | Time:00:00.24 | Mem:11.39M, Peak:11.39M | Scene, RenderLayer | Updating Hair settings | Copying Hair settings to device
Fra:1 Mem:32.80M (0.00M, Peak 33.87M) | Time:00:00.24 | Mem:11.39M, Peak:11.39M | Scene, RenderLayer | Updating Lookup Tables
Fra:1 Mem:32.80M (0.00M, Peak 33.87M) | Time:00:00.24 | Mem:11.64M, Peak:11.64M | Scene, RenderLayer | Updating Lights
Fra:1 Mem:32.80M (0.00M, Peak 33.87M) | Time:00:00.24 | Mem:11.64M, Peak:11.64M | Scene, RenderLayer | Updating Lights | Computing distribution
Fra:1 Mem:32.80M (0.00M, Peak 33.87M) | Time:00:00.24 | Mem:11.64M, Peak:11.64M | Scene, RenderLayer | Updating Particle Systems
Fra:1 Mem:32.80M (0.00M, Peak 33.87M) | Time:00:00.24 | Mem:11.64M, Peak:11.64M | Scene, RenderLayer | Updating Particle Systems | Copying Particles to device
Fra:1 Mem:32.80M (0.00M, Peak 33.87M) | Time:00:00.24 | Mem:11.64M, Peak:11.64M | Scene, RenderLayer | Updating Integrator
Fra:1 Mem:32.84M (0.00M, Peak 33.87M) | Time:00:00.24 | Mem:11.68M, Peak:11.68M | Scene, RenderLayer | Updating Film
Fra:1 Mem:32.85M (0.00M, Peak 33.87M) | Time:00:00.24 | Mem:11.68M, Peak:11.68M | Scene, RenderLayer | Updating Lookup Tables
Fra:1 Mem:32.85M (0.00M, Peak 33.87M) | Time:00:00.24 | Mem:11.68M, Peak:11.68M | Scene, RenderLayer | Updating Baking
Fra:1 Mem:32.85M (0.00M, Peak 33.87M) | Time:00:00.24 | Mem:11.68M, Peak:11.68M | Scene, RenderLayer | Updating Device | Writing constant memory
Fra:1 Mem:32.85M (0.00M, Peak 33.87M) | Time:00:00.24 | Mem:11.68M, Peak:11.68M | Scene, RenderLayer | Path Tracing Tile 0/4, Sample 0/512
Fra:1 Mem:35.10M (0.00M, Peak 36.35M) | Time:00:00.24 | Mem:13.93M, Peak:13.93M | Scene, RenderLayer | Path Tracing Tile 1/4, Sample 0/512
Fra:1 Mem:35.10M (0.00M, Peak 37.35M) | Time:00:01.25 | Remaining:00:10.58 | Mem:13.93M, Peak:13.93M | Scene, RenderLayer | Path Tracing Tile 1/4, Sample 104/512
Fra:1 Mem:35.10M (0.00M, Peak 37.35M) | Time:00:02.25 | Remaining:00:09.53 | Mem:13.93M, Peak:13.93M | Scene, RenderLayer | Path Tracing Tile 1/4, Sample 209/512
Fra:1 Mem:35.10M (0.00M, Peak 37.35M) | Time:00:03.25 | Remaining:00:08.53 | Mem:13.93M, Peak:13.93M | Scene, RenderLayer | Path Tracing Tile 1/4, Sample 313/512
Fra:1 Mem:35.10M (0.00M, Peak 37.35M) | Time:00:04.26 | Remaining:00:07.53 | Mem:13.93M, Peak:13.93M | Scene, RenderLayer | Path Tracing Tile 1/4, Sample 417/512
Fra:1 Mem:32.85M (0.00M, Peak 37.35M) | Time:00:05.18 | Remaining:00:06.63 | Mem:11.68M, Peak:13.93M | Scene, RenderLayer | Path Tracing Tile 1/4, Sample 512/512
Fra:1 Mem:34.81M (0.00M, Peak 37.35M) | Time:00:05.18 | Remaining:00:06.63 | Mem:13.65M, Peak:13.93M | Scene, RenderLayer | Path Tracing Tile 2/4, Sample 512/512
Fra:1 Mem:34.81M (0.00M, Peak 37.35M) | Time:00:05.26 | Remaining:00:06.58 | Mem:13.65M, Peak:13.93M | Scene, RenderLayer | Path Tracing Tile 2/4, Sample 8/512
Fra:1 Mem:34.81M (0.00M, Peak 37.35M) | Time:00:06.27 | Remaining:00:05.80 | Mem:13.65M, Peak:13.93M | Scene, RenderLayer | Path Tracing Tile 2/4, Sample 113/512
Fra:1 Mem:34.81M (0.00M, Peak 37.35M) | Time:00:07.27 | Remaining:00:04.97 | Mem:13.65M, Peak:13.93M | Scene, RenderLayer | Path Tracing Tile 2/4, Sample 218/512
Fra:1 Mem:34.81M (0.00M, Peak 37.35M) | Time:00:08.27 | Remaining:00:04.11 | Mem:13.65M, Peak:13.93M | Scene, RenderLayer | Path Tracing Tile 2/4, Sample 322/512
Fra:1 Mem:34.81M (0.00M, Peak 37.35M) | Time:00:09.28 | Remaining:00:03.22 | Mem:13.65M, Peak:13.93M | Scene, RenderLayer | Path Tracing Tile 2/4, Sample 426/512
Fra:1 Mem:32.85M (0.00M, Peak 37.35M) | Time:00:10.12 | Remaining:00:02.46 | Mem:11.68M, Peak:13.93M | Scene, RenderLayer | Path Tracing Tile 2/4, Sample 512/512
Fra:1 Mem:33.41M (0.00M, Peak 37.35M) | Time:00:10.12 | Remaining:00:02.46 | Mem:12.25M, Peak:13.93M | Scene, RenderLayer | Path Tracing Tile 3/4, Sample 512/512
Fra:1 Mem:33.41M (0.00M, Peak 37.35M) | Time:00:10.28 | Remaining:00:02.38 | Mem:12.25M, Peak:13.93M | Scene, RenderLayer | Path Tracing Tile 3/4, Sample 39/512
Fra:1 Mem:33.41M (0.00M, Peak 37.35M) | Time:00:11.28 | Remaining:00:01.83 | Mem:12.25M, Peak:13.93M | Scene, RenderLayer | Path Tracing Tile 3/4, Sample 277/512
Fra:1 Mem:32.85M (0.00M, Peak 37.35M) | Time:00:12.28 | Remaining:00:01.23 | Mem:11.68M, Peak:13.93M | Scene, RenderLayer | Path Tracing Tile 3/4, Sample 512/512
Fra:1 Mem:33.34M (0.00M, Peak 37.35M) | Time:00:12.28 | Remaining:00:01.23 | Mem:12.18M, Peak:13.93M | Scene, RenderLayer | Path Tracing Tile 4/4, Sample 512/512
Fra:1 Mem:33.34M (0.00M, Peak 37.35M) | Time:00:12.28 | Remaining:00:01.23 | Mem:12.18M, Peak:13.93M | Scene, RenderLayer | Path Tracing Tile 4/4, Sample 2/512
Fra:1 Mem:33.34M (0.00M, Peak 37.35M) | Time:00:13.29 | Remaining:00:00.63 | Mem:12.18M, Peak:13.93M | Scene, RenderLayer | Path Tracing Tile 4/4, Sample 259/512
Fra:1 Mem:32.85M (0.00M, Peak 37.35M) | Time:00:14.28 | Mem:11.68M, Peak:13.93M | Scene, RenderLayer | Path Tracing Tile 4/4, Sample 512/512
Fra:1 Mem:32.85M (0.00M, Peak 37.35M) | Time:00:14.28 | Mem:11.68M, Peak:13.93M | Scene, RenderLayer | Finished
Fra:1 Mem:15.55M (0.00M, Peak 37.35M) | Time:00:14.36 | Sce: Scene Ve:0 Fa:0 La:0
Saved: 'data/clevr-cleaned-puzzles/assimilation/render/images/CLEVR_val_000000.png'
 Time: 00:14.40 (Saving: 00:00.03)

read blend: /home/ubuntu/vdp-tool-chain/data/clevr_scene_data/base_scene.blend
convertViewVec: called in an invalid context
convertViewVec: called in an invalid context
convertViewVec: called in an invalid context
Fra:1 Mem:17.60M (0.00M, Peak 17.60M) | Time:00:00.00 | Preparing Scene data
Fra:1 Mem:25.61M (0.00M, Peak 27.76M) | Time:00:00.01 | Preparing Scene data
Fra:1 Mem:25.61M (0.00M, Peak 27.76M) | Time:00:00.01 | Creating Shadowbuffers
Fra:1 Mem:25.61M (0.00M, Peak 27.76M) | Time:00:00.01 | Raytree.. preparing
Fra:1 Mem:34.43M (0.00M, Peak 34.43M) | Time:00:00.02 | Raytree.. building
Fra:1 Mem:33.95M (0.00M, Peak 47.72M) | Time:00:00.16 | Raytree finished
Fra:1 Mem:33.95M (0.00M, Peak 47.72M) | Time:00:00.16 | Creating Environment maps
Fra:1 Mem:33.95M (0.00M, Peak 47.72M) | Time:00:00.16 | Caching Point Densities
Fra:1 Mem:33.95M (0.00M, Peak 47.72M) | Time:00:00.16 | Sce: Scene Ve:66054 Fa:64250 La:1
Fra:1 Mem:33.95M (0.00M, Peak 47.72M) | Time:00:00.16 | Loading voxel datasets
Fra:1 Mem:33.95M (0.00M, Peak 47.72M) | Time:00:00.16 | Sce: Scene Ve:66054 Fa:64250 La:1
Fra:1 Mem:33.95M (0.00M, Peak 47.72M) | Time:00:00.16 | Sce: Scene Ve:66054 Fa:64250 La:1
Fra:1 Mem:33.95M (0.00M, Peak 47.72M) | Time:00:00.16 | Volume preprocessing
Fra:1 Mem:33.95M (0.00M, Peak 47.72M) | Time:00:00.16 | Sce: Scene Ve:66054 Fa:64250 La:1
Fra:1 Mem:33.95M (0.00M, Peak 47.72M) | Time:00:00.16 | Sce: Scene Ve:66054 Fa:64250 La:1
Fra:1 Mem:36.02M (0.00M, Peak 47.72M) | Time:00:00.16 | Scene, Part 3-4
Fra:1 Mem:37.99M (0.00M, Peak 47.72M) | Time:00:00.16 | Scene, Part 4-4
Fra:1 Mem:36.30M (0.00M, Peak 47.72M) | Time:00:00.18 | Scene, Part 2-4
Fra:1 Mem:35.21M (0.00M, Peak 47.72M) | Time:00:00.18 | Scene, Part 1-4
Fra:1 Mem:17.49M (0.00M, Peak 47.72M) | Time:00:00.18 | Sce: Scene Ve:66054 Fa:64250 La:1
Saved: '/tmp/tmpwmcx6f5j.png'
 Time: 00:00.20 (Saving: 00:00.01)

Fra:1 Mem:17.52M (0.00M, Peak 18.12M) | Time:00:00.04 | Mem:0.00M, Peak:0.00M | Scene, RenderLayer | Synchronizing object | Area
Fra:1 Mem:17.52M (0.00M, Peak 18.12M) | Time:00:00.04 | Mem:0.00M, Peak:0.00M | Scene, RenderLayer | Synchronizing object | Ground
Fra:1 Mem:17.59M (0.00M, Peak 18.12M) | Time:00:00.04 | Mem:0.00M, Peak:0.00M | Scene, RenderLayer | Synchronizing object | Empty
Fra:1 Mem:17.59M (0.00M, Peak 18.12M) | Time:00:00.04 | Mem:0.00M, Peak:0.00M | Scene, RenderLayer | Synchronizing object | Lamp_Back
Fra:1 Mem:17.59M (0.00M, Peak 18.12M) | Time:00:00.04 | Mem:0.00M, Peak:0.00M | Scene, RenderLayer | Synchronizing object | Lamp_Fill
Fra:1 Mem:17.59M (0.00M, Peak 18.12M) | Time:00:00.04 | Mem:0.00M, Peak:0.00M | Scene, RenderLayer | Synchronizing object | Lamp_Key
Fra:1 Mem:17.59M (0.00M, Peak 18.12M) | Time:00:00.04 | Mem:0.00M, Peak:0.00M | Scene, RenderLayer | Synchronizing object | Camera
Fra:1 Mem:17.59M (0.00M, Peak 18.12M) | Time:00:00.04 | Mem:0.00M, Peak:0.00M | Scene, RenderLayer | Synchronizing object | Sphere_0
Fra:1 Mem:18.85M (0.00M, Peak 20.35M) | Time:00:00.05 | Mem:0.00M, Peak:0.00M | Scene, RenderLayer | Synchronizing object | Sphere_1
Fra:1 Mem:20.11M (0.00M, Peak 21.61M) | Time:00:00.05 | Mem:0.00M, Peak:0.00M | Scene, RenderLayer | Synchronizing object | SmoothCylinder_0
Fra:1 Mem:22.89M (0.00M, Peak 26.11M) | Time:00:00.06 | Mem:0.00M, Peak:0.00M | Scene, RenderLayer | Initializing
Fra:1 Mem:22.89M (0.00M, Peak 26.11M) | Time:00:00.06 | Mem:0.00M, Peak:0.00M | Scene, RenderLayer | Loading render kernels (may take a few minutes the first time)
Fra:1 Mem:22.89M (0.00M, Peak 26.11M) | Time:00:00.08 | Mem:0.00M, Peak:0.00M | Scene, RenderLayer | Waiting for render to start
Fra:1 Mem:22.89M (0.00M, Peak 26.11M) | Time:00:00.08 | Mem:0.00M, Peak:0.00M | Scene, RenderLayer | Updating Scene
Fra:1 Mem:22.89M (0.00M, Peak 26.11M) | Time:00:00.08 | Mem:0.00M, Peak:0.00M | Scene, RenderLayer | Updating Shaders
Fra:1 Mem:23.15M (0.00M, Peak 26.11M) | Time:00:00.08 | Mem:0.00M, Peak:0.00M | Scene, RenderLayer | Updating Background
Fra:1 Mem:23.15M (0.00M, Peak 26.11M) | Time:00:00.08 | Mem:0.00M, Peak:0.00M | Scene, RenderLayer | Updating Camera
Fra:1 Mem:23.15M (0.00M, Peak 26.11M) | Time:00:00.08 | Mem:0.00M, Peak:0.00M | Scene, RenderLayer | Updating Meshes Flags
Fra:1 Mem:23.15M (0.00M, Peak 26.11M) | Time:00:00.08 | Mem:0.00M, Peak:0.00M | Scene, RenderLayer | Updating Objects
Fra:1 Mem:23.15M (0.00M, Peak 26.11M) | Time:00:00.08 | Mem:0.00M, Peak:0.00M | Scene, RenderLayer | Updating Objects | Copying Transformations to device
Fra:1 Mem:23.15M (0.00M, Peak 26.11M) | Time:00:00.08 | Mem:0.00M, Peak:0.00M | Scene, RenderLayer | Updating Objects | Applying Static Transformations
Fra:1 Mem:23.15M (0.00M, Peak 26.11M) | Time:00:00.08 | Mem:0.00M, Peak:0.00M | Scene, RenderLayer | Updating Meshes
Fra:1 Mem:25.11M (0.00M, Peak 26.11M) | Time:00:00.08 | Mem:0.00M, Peak:0.00M | Scene, RenderLayer | Updating Mesh | Computing attributes
Fra:1 Mem:25.11M (0.00M, Peak 26.11M) | Time:00:00.08 | Mem:0.00M, Peak:0.00M | Scene, RenderLayer | Updating Mesh | Copying Attributes to device
Fra:1 Mem:25.11M (0.00M, Peak 26.11M) | Time:00:00.08 | Mem:0.00M, Peak:0.00M | Scene, RenderLayer | Updating Scene BVH | Building
Fra:1 Mem:25.11M (0.00M, Peak 26.11M) | Time:00:00.08 | Mem:0.00M, Peak:0.00M | Scene, RenderLayer | Updating Scene BVH | Building BVH
Fra:1 Mem:32.50M (0.00M, Peak 32.50M) | Time:00:00.17 | Mem:0.00M, Peak:0.00M | Scene, RenderLayer | Updating Scene BVH | Packing BVH triangles and strands
Fra:1 Mem:39.38M (0.00M, Peak 39.38M) | Time:00:00.17 | Mem:0.00M, Peak:0.00M | Scene, RenderLayer | Updating Scene BVH | Packing BVH nodes
Fra:1 Mem:35.51M (0.00M, Peak 41.42M) | Time:00:00.18 | Mem:0.00M, Peak:0.00M | Scene, RenderLayer | Updating Scene BVH | Copying BVH to device
Fra:1 Mem:36.00M (0.00M, Peak 41.42M) | Time:00:00.18 | Mem:10.40M, Peak:10.40M | Scene, RenderLayer | Updating Mesh | Computing normals
Fra:1 Mem:40.49M (0.00M, Peak 41.42M) | Time:00:00.19 | Mem:10.40M, Peak:10.40M | Scene, RenderLayer | Updating Mesh | Copying Mesh to device
Fra:1 Mem:40.00M (0.00M, Peak 41.42M) | Time:00:00.19 | Mem:14.88M, Peak:14.88M | Scene, RenderLayer | Updating Objects Flags
Fra:1 Mem:40.00M (0.00M, Peak 41.42M) | Time:00:00.19 | Mem:14.88M, Peak:14.88M | Scene, RenderLayer | Updating Images
Fra:1 Mem:40.00M (0.00M, Peak 41.42M) | Time:00:00.19 | Mem:14.88M, Peak:14.88M | Scene, RenderLayer | Updating Camera Volume
Fra:1 Mem:40.00M (0.00M, Peak 41.42M) | Time:00:00.19 | Mem:14.88M, Peak:14.88M | Scene, RenderLayer | Updating Hair Systems
Fra:1 Mem:40.00M (0.00M, Peak 41.42M) | Time:00:00.19 | Mem:14.88M, Peak:14.88M | Scene, RenderLayer | Updating Hair settings | Copying Hair settings to device
Fra:1 Mem:40.00M (0.00M, Peak 41.42M) | Time:00:00.19 | Mem:14.88M, Peak:14.88M | Scene, RenderLayer | Updating Lookup Tables
Fra:1 Mem:40.00M (0.00M, Peak 41.42M) | Time:00:00.19 | Mem:15.13M, Peak:15.13M | Scene, RenderLayer | Updating Lights
Fra:1 Mem:40.00M (0.00M, Peak 41.42M) | Time:00:00.19 | Mem:15.13M, Peak:15.13M | Scene, RenderLayer | Updating Lights | Computing distribution
Fra:1 Mem:40.00M (0.00M, Peak 41.42M) | Time:00:00.19 | Mem:15.13M, Peak:15.13M | Scene, RenderLayer | Updating Particle Systems
Fra:1 Mem:40.00M (0.00M, Peak 41.42M) | Time:00:00.19 | Mem:15.13M, Peak:15.13M | Scene, RenderLayer | Updating Particle Systems | Copying Particles to device
Fra:1 Mem:40.00M (0.00M, Peak 41.42M) | Time:00:00.19 | Mem:15.14M, Peak:15.14M | Scene, RenderLayer | Updating Integrator
Fra:1 Mem:40.04M (0.00M, Peak 41.42M) | Time:00:00.19 | Mem:15.18M, Peak:15.18M | Scene, RenderLayer | Updating Film
Fra:1 Mem:40.04M (0.00M, Peak 41.42M) | Time:00:00.19 | Mem:15.18M, Peak:15.18M | Scene, RenderLayer | Updating Lookup Tables
Fra:1 Mem:40.04M (0.00M, Peak 41.42M) | Time:00:00.19 | Mem:15.18M, Peak:15.18M | Scene, RenderLayer | Updating Baking
Fra:1 Mem:40.04M (0.00M, Peak 41.42M) | Time:00:00.19 | Mem:15.18M, Peak:15.18M | Scene, RenderLayer | Updating Device | Writing constant memory
Fra:1 Mem:40.04M (0.00M, Peak 41.42M) | Time:00:00.19 | Mem:15.18M, Peak:15.18M | Scene, RenderLayer | Path Tracing Tile 0/4, Sample 0/512
Fra:1 Mem:42.29M (0.00M, Peak 43.54M) | Time:00:00.19 | Mem:17.43M, Peak:17.43M | Scene, RenderLayer | Path Tracing Tile 1/4, Sample 0/512
Fra:1 Mem:42.29M (0.00M, Peak 44.54M) | Time:00:01.19 | Remaining:00:12.68 | Mem:17.43M, Peak:17.43M | Scene, RenderLayer | Path Tracing Tile 1/4, Sample 88/512
Fra:1 Mem:42.29M (0.00M, Peak 44.54M) | Time:00:02.20 | Remaining:00:11.67 | Mem:17.43M, Peak:17.43M | Scene, RenderLayer | Path Tracing Tile 1/4, Sample 176/512
Fra:1 Mem:42.29M (0.00M, Peak 44.54M) | Time:00:03.21 | Remaining:00:10.63 | Mem:17.43M, Peak:17.43M | Scene, RenderLayer | Path Tracing Tile 1/4, Sample 265/512
Fra:1 Mem:42.29M (0.00M, Peak 44.54M) | Time:00:04.21 | Remaining:00:09.63 | Mem:17.43M, Peak:17.43M | Scene, RenderLayer | Path Tracing Tile 1/4, Sample 353/512
Fra:1 Mem:42.29M (0.00M, Peak 44.54M) | Time:00:05.21 | Remaining:00:08.64 | Mem:17.43M, Peak:17.43M | Scene, RenderLayer | Path Tracing Tile 1/4, Sample 441/512
Fra:1 Mem:40.04M (0.00M, Peak 44.54M) | Time:00:06.02 | Remaining:00:07.83 | Mem:15.18M, Peak:17.43M | Scene, RenderLayer | Path Tracing Tile 1/4, Sample 512/512
Fra:1 Mem:42.01M (0.00M, Peak 44.54M) | Time:00:06.03 | Remaining:00:07.84 | Mem:17.15M, Peak:17.43M | Scene, RenderLayer | Path Tracing Tile 2/4, Sample 512/512
Fra:1 Mem:42.01M (0.00M, Peak 44.54M) | Time:00:06.21 | Remaining:00:07.62 | Mem:17.15M, Peak:17.43M | Scene, RenderLayer | Path Tracing Tile 2/4, Sample 20/512
Fra:1 Mem:42.01M (0.00M, Peak 44.54M) | Time:00:07.22 | Remaining:00:06.52 | Mem:17.15M, Peak:17.43M | Scene, RenderLayer | Path Tracing Tile 2/4, Sample 126/512
Fra:1 Mem:42.01M (0.00M, Peak 44.54M) | Time:00:08.22 | Remaining:00:05.44 | Mem:17.15M, Peak:17.43M | Scene, RenderLayer | Path Tracing Tile 2/4, Sample 232/512
Fra:1 Mem:42.01M (0.00M, Peak 44.54M) | Time:00:09.23 | Remaining:00:04.38 | Mem:17.15M, Peak:17.43M | Scene, RenderLayer | Path Tracing Tile 2/4, Sample 338/512
Fra:1 Mem:42.01M (0.00M, Peak 44.54M) | Time:00:10.23 | Remaining:00:03.35 | Mem:17.15M, Peak:17.43M | Scene, RenderLayer | Path Tracing Tile 2/4, Sample 443/512
Fra:1 Mem:40.04M (0.00M, Peak 44.54M) | Time:00:10.89 | Remaining:00:02.67 | Mem:15.18M, Peak:17.43M | Scene, RenderLayer | Path Tracing Tile 2/4, Sample 512/512
Fra:1 Mem:40.60M (0.00M, Peak 44.54M) | Time:00:10.89 | Remaining:00:02.67 | Mem:15.74M, Peak:17.43M | Scene, RenderLayer | Path Tracing Tile 3/4, Sample 512/512
Fra:1 Mem:40.60M (0.00M, Peak 44.54M) | Time:00:11.23 | Remaining:00:02.47 | Mem:15.74M, Peak:17.43M | Scene, RenderLayer | Path Tracing Tile 3/4, Sample 80/512
Fra:1 Mem:40.60M (0.00M, Peak 44.54M) | Time:00:12.23 | Remaining:00:01.86 | Mem:15.74M, Peak:17.43M | Scene, RenderLayer | Path Tracing Tile 3/4, Sample 315/512
Fra:1 Mem:40.04M (0.00M, Peak 44.54M) | Time:00:13.08 | Remaining:00:01.32 | Mem:15.18M, Peak:17.43M | Scene, RenderLayer | Path Tracing Tile 3/4, Sample 512/512
Fra:1 Mem:40.53M (0.00M, Peak 44.54M) | Time:00:13.08 | Remaining:00:01.32 | Mem:15.67M, Peak:17.43M | Scene, RenderLayer | Path Tracing Tile 4/4, Sample 512/512
Fra:1 Mem:40.53M (0.00M, Peak 44.54M) | Time:00:13.24 | Remaining:00:01.23 | Mem:15.67M, Peak:17.43M | Scene, RenderLayer | Path Tracing Tile 4/4, Sample 39/512
Fra:1 Mem:40.53M (0.00M, Peak 44.54M) | Time:00:14.24 | Remaining:00:00.58 | Mem:15.67M, Peak:17.43M | Scene, RenderLayer | Path Tracing Tile 4/4, Sample 293/512
Fra:1 Mem:40.04M (0.00M, Peak 44.54M) | Time:00:15.10 | Mem:15.18M, Peak:17.43M | Scene, RenderLayer | Path Tracing Tile 4/4, Sample 512/512
Fra:1 Mem:40.04M (0.00M, Peak 44.54M) | Time:00:15.10 | Mem:15.18M, Peak:17.43M | Scene, RenderLayer | Finished
Fra:1 Mem:17.52M (0.00M, Peak 44.54M) | Time:00:15.18 | Sce: Scene Ve:0 Fa:0 La:0
Saved: 'data/clevr-cleaned-puzzles/assimilation/render/images/CLEVR_val_000001.png'
 Time: 00:15.22 (Saving: 00:00.03)

read blend: /home/ubuntu/vdp-tool-chain/data/clevr_scene_data/base_scene.blend
convertViewVec: called in an invalid context
convertViewVec: called in an invalid context
convertViewVec: called in an invalid context
Fra:1 Mem:19.92M (0.00M, Peak 19.92M) | Time:00:00.00 | Preparing Scene data
Fra:1 Mem:30.05M (0.00M, Peak 32.20M) | Time:00:00.02 | Preparing Scene data
Fra:1 Mem:30.05M (0.00M, Peak 32.20M) | Time:00:00.02 | Creating Shadowbuffers
Fra:1 Mem:30.05M (0.00M, Peak 32.20M) | Time:00:00.02 | Raytree.. preparing
Fra:1 Mem:41.29M (0.00M, Peak 41.29M) | Time:00:00.03 | Raytree.. building
Fra:1 Mem:40.69M (0.00M, Peak 58.24M) | Time:00:00.21 | Raytree finished
Fra:1 Mem:40.69M (0.00M, Peak 58.24M) | Time:00:00.21 | Creating Environment maps
Fra:1 Mem:40.69M (0.00M, Peak 58.24M) | Time:00:00.21 | Caching Point Densities
Fra:1 Mem:40.69M (0.00M, Peak 58.24M) | Time:00:00.21 | Sce: Scene Ve:86022 Fa:81853 La:1
Fra:1 Mem:40.69M (0.00M, Peak 58.24M) | Time:00:00.21 | Loading voxel datasets
Fra:1 Mem:40.69M (0.00M, Peak 58.24M) | Time:00:00.21 | Sce: Scene Ve:86022 Fa:81853 La:1
Fra:1 Mem:40.69M (0.00M, Peak 58.24M) | Time:00:00.21 | Sce: Scene Ve:86022 Fa:81853 La:1
Fra:1 Mem:40.69M (0.00M, Peak 58.24M) | Time:00:00.21 | Volume preprocessing
Fra:1 Mem:40.69M (0.00M, Peak 58.24M) | Time:00:00.21 | Sce: Scene Ve:86022 Fa:81853 La:1
Fra:1 Mem:40.69M (0.00M, Peak 58.24M) | Time:00:00.21 | Sce: Scene Ve:86022 Fa:81853 La:1
Fra:1 Mem:45.03M (0.00M, Peak 58.24M) | Time:00:00.21 | Scene, Part 3-4
Fra:1 Mem:44.72M (0.00M, Peak 58.24M) | Time:00:00.21 | Scene, Part 4-4
Fra:1 Mem:43.79M (0.00M, Peak 58.24M) | Time:00:00.22 | Scene, Part 2-4
Fra:1 Mem:41.94M (0.00M, Peak 58.24M) | Time:00:00.22 | Scene, Part 1-4
Fra:1 Mem:19.80M (0.00M, Peak 58.24M) | Time:00:00.23 | Sce: Scene Ve:86022 Fa:81853 La:1
Saved: '/tmp/tmpc3ufyscy.png'
 Time: 00:00.24 (Saving: 00:00.01)

Fra:1 Mem:19.83M (0.00M, Peak 20.43M) | Time:00:00.04 | Mem:0.00M, Peak:0.00M | Scene, RenderLayer | Synchronizing object | Area
Fra:1 Mem:19.83M (0.00M, Peak 20.43M) | Time:00:00.04 | Mem:0.00M, Peak:0.00M | Scene, RenderLayer | Synchronizing object | Ground
Fra:1 Mem:19.90M (0.00M, Peak 20.43M) | Time:00:00.04 | Mem:0.00M, Peak:0.00M | Scene, RenderLayer | Synchronizing object | Empty
Fra:1 Mem:19.90M (0.00M, Peak 20.43M) | Time:00:00.04 | Mem:0.00M, Peak:0.00M | Scene, RenderLayer | Synchronizing object | Lamp_Back
Fra:1 Mem:19.90M (0.00M, Peak 20.43M) | Time:00:00.04 | Mem:0.00M, Peak:0.00M | Scene, RenderLayer | Synchronizing object | Lamp_Fill
Fra:1 Mem:19.90M (0.00M, Peak 20.43M) | Time:00:00.04 | Mem:0.00M, Peak:0.00M | Scene, RenderLayer | Synchronizing object | Lamp_Key
Fra:1 Mem:19.90M (0.00M, Peak 20.43M) | Time:00:00.04 | Mem:0.00M, Peak:0.00M | Scene, RenderLayer | Synchronizing object | Camera
Fra:1 Mem:19.90M (0.00M, Peak 20.43M) | Time:00:00.04 | Mem:0.00M, Peak:0.00M | Scene, RenderLayer | Synchronizing object | SmoothCylinder_0
Fra:1 Mem:22.68M (0.00M, Peak 25.90M) | Time:00:00.05 | Mem:0.00M, Peak:0.00M | Scene, RenderLayer | Synchronizing object | Sphere_0
Fra:1 Mem:23.94M (0.00M, Peak 25.90M) | Time:00:00.06 | Mem:0.00M, Peak:0.00M | Scene, RenderLayer | Synchronizing object | SmoothCylinder_1
Fra:1 Mem:26.73M (0.00M, Peak 29.95M) | Time:00:00.07 | Mem:0.00M, Peak:0.00M | Scene, RenderLayer | Initializing
Fra:1 Mem:26.73M (0.00M, Peak 29.95M) | Time:00:00.07 | Mem:0.00M, Peak:0.00M | Scene, RenderLayer | Loading render kernels (may take a few minutes the first time)
Fra:1 Mem:26.73M (0.00M, Peak 29.95M) | Time:00:00.08 | Mem:0.00M, Peak:0.00M | Scene, RenderLayer | Waiting for render to start
Fra:1 Mem:26.73M (0.00M, Peak 29.95M) | Time:00:00.08 | Mem:0.00M, Peak:0.00M | Scene, RenderLayer | Updating Scene
Fra:1 Mem:26.73M (0.00M, Peak 29.95M) | Time:00:00.08 | Mem:0.00M, Peak:0.00M | Scene, RenderLayer | Updating Shaders
Fra:1 Mem:26.98M (0.00M, Peak 29.95M) | Time:00:00.08 | Mem:0.00M, Peak:0.00M | Scene, RenderLayer | Updating Background
Fra:1 Mem:26.98M (0.00M, Peak 29.95M) | Time:00:00.08 | Mem:0.00M, Peak:0.00M | Scene, RenderLayer | Updating Camera
Fra:1 Mem:26.98M (0.00M, Peak 29.95M) | Time:00:00.08 | Mem:0.00M, Peak:0.00M | Scene, RenderLayer | Updating Meshes Flags
Fra:1 Mem:26.98M (0.00M, Peak 29.95M) | Time:00:00.08 | Mem:0.00M, Peak:0.00M | Scene, RenderLayer | Updating Objects
Fra:1 Mem:26.98M (0.00M, Peak 29.95M) | Time:00:00.08 | Mem:0.00M, Peak:0.00M | Scene, RenderLayer | Updating Objects | Copying Transformations to device
Fra:1 Mem:26.98M (0.00M, Peak 29.95M) | Time:00:00.08 | Mem:0.00M, Peak:0.00M | Scene, RenderLayer | Updating Objects | Applying Static Transformations
Fra:1 Mem:26.98M (0.00M, Peak 29.95M) | Time:00:00.08 | Mem:0.00M, Peak:0.00M | Scene, RenderLayer | Updating Meshes
Fra:1 Mem:29.49M (0.00M, Peak 29.95M) | Time:00:00.09 | Mem:0.00M, Peak:0.00M | Scene, RenderLayer | Updating Mesh | Computing attributes
Fra:1 Mem:29.49M (0.00M, Peak 29.95M) | Time:00:00.09 | Mem:0.00M, Peak:0.00M | Scene, RenderLayer | Updating Mesh | Copying Attributes to device
Fra:1 Mem:29.49M (0.00M, Peak 29.95M) | Time:00:00.09 | Mem:0.00M, Peak:0.00M | Scene, RenderLayer | Updating Scene BVH | Building
Fra:1 Mem:29.49M (0.00M, Peak 29.95M) | Time:00:00.09 | Mem:0.00M, Peak:0.00M | Scene, RenderLayer | Updating Scene BVH | Building BVH
Fra:1 Mem:38.89M (0.00M, Peak 38.89M) | Time:00:00.20 | Mem:0.00M, Peak:0.00M | Scene, RenderLayer | Updating Scene BVH | Packing BVH triangles and strands
Fra:1 Mem:47.67M (0.00M, Peak 47.67M) | Time:00:00.21 | Mem:0.00M, Peak:0.00M | Scene, RenderLayer | Updating Scene BVH | Packing BVH nodes
Fra:1 Mem:42.81M (0.00M, Peak 50.33M) | Time:00:00.22 | Mem:0.00M, Peak:0.00M | Scene, RenderLayer | Updating Scene BVH | Copying BVH to device
Fra:1 Mem:43.43M (0.00M, Peak 50.33M) | Time:00:00.22 | Mem:13.32M, Peak:13.32M | Scene, RenderLayer | Updating Mesh | Computing normals
Fra:1 Mem:49.19M (0.00M, Peak 50.33M) | Time:00:00.23 | Mem:13.32M, Peak:13.32M | Scene, RenderLayer | Updating Mesh | Copying Mesh to device
Fra:1 Mem:48.56M (0.00M, Peak 50.33M) | Time:00:00.23 | Mem:19.08M, Peak:19.08M | Scene, RenderLayer | Updating Objects Flags
Fra:1 Mem:48.56M (0.00M, Peak 50.33M) | Time:00:00.23 | Mem:19.08M, Peak:19.08M | Scene, RenderLayer | Updating Images
Fra:1 Mem:48.56M (0.00M, Peak 50.33M) | Time:00:00.23 | Mem:19.08M, Peak:19.08M | Scene, RenderLayer | Updating Camera Volume
Fra:1 Mem:48.56M (0.00M, Peak 50.33M) | Time:00:00.23 | Mem:19.08M, Peak:19.08M | Scene, RenderLayer | Updating Hair Systems
Fra:1 Mem:48.56M (0.00M, Peak 50.33M) | Time:00:00.23 | Mem:19.08M, Peak:19.08M | Scene, RenderLayer | Updating Hair settings | Copying Hair settings to device
Fra:1 Mem:48.56M (0.00M, Peak 50.33M) | Time:00:00.23 | Mem:19.08M, Peak:19.08M | Scene, RenderLayer | Updating Lookup Tables
Fra:1 Mem:48.56M (0.00M, Peak 50.33M) | Time:00:00.23 | Mem:19.33M, Peak:19.33M | Scene, RenderLayer | Updating Lights
Fra:1 Mem:48.56M (0.00M, Peak 50.33M) | Time:00:00.23 | Mem:19.33M, Peak:19.33M | Scene, RenderLayer | Updating Lights | Computing distribution
Fra:1 Mem:48.56M (0.00M, Peak 50.33M) | Time:00:00.23 | Mem:19.33M, Peak:19.33M | Scene, RenderLayer | Updating Particle Systems
Fra:1 Mem:48.56M (0.00M, Peak 50.33M) | Time:00:00.23 | Mem:19.33M, Peak:19.33M | Scene, RenderLayer | Updating Particle Systems | Copying Particles to device
Fra:1 Mem:48.56M (0.00M, Peak 50.33M) | Time:00:00.23 | Mem:19.33M, Peak:19.33M | Scene, RenderLayer | Updating Integrator
Fra:1 Mem:48.60M (0.00M, Peak 50.33M) | Time:00:00.23 | Mem:19.37M, Peak:19.37M | Scene, RenderLayer | Updating Film
Fra:1 Mem:48.60M (0.00M, Peak 50.33M) | Time:00:00.23 | Mem:19.37M, Peak:19.37M | Scene, RenderLayer | Updating Lookup Tables
Fra:1 Mem:48.60M (0.00M, Peak 50.33M) | Time:00:00.23 | Mem:19.37M, Peak:19.37M | Scene, RenderLayer | Updating Baking
Fra:1 Mem:48.60M (0.00M, Peak 50.33M) | Time:00:00.23 | Mem:19.37M, Peak:19.37M | Scene, RenderLayer | Updating Device | Writing constant memory
Fra:1 Mem:48.60M (0.00M, Peak 50.33M) | Time:00:00.23 | Mem:19.37M, Peak:19.37M | Scene, RenderLayer | Path Tracing Tile 0/4, Sample 0/512
Fra:1 Mem:50.85M (0.00M, Peak 52.11M) | Time:00:00.23 | Mem:21.62M, Peak:21.62M | Scene, RenderLayer | Path Tracing Tile 1/4, Sample 0/512
Fra:1 Mem:50.85M (0.00M, Peak 53.11M) | Time:00:01.24 | Remaining:00:12.15 | Mem:21.62M, Peak:21.62M | Scene, RenderLayer | Path Tracing Tile 1/4, Sample 92/512
Fra:1 Mem:50.85M (0.00M, Peak 53.11M) | Time:00:02.24 | Remaining:00:11.12 | Mem:21.62M, Peak:21.62M | Scene, RenderLayer | Path Tracing Tile 1/4, Sample 184/512
Fra:1 Mem:50.85M (0.00M, Peak 53.11M) | Time:00:03.25 | Remaining:00:10.10 | Mem:21.62M, Peak:21.62M | Scene, RenderLayer | Path Tracing Tile 1/4, Sample 276/512
Fra:1 Mem:50.85M (0.00M, Peak 53.11M) | Time:00:04.25 | Remaining:00:09.09 | Mem:21.62M, Peak:21.62M | Scene, RenderLayer | Path Tracing Tile 1/4, Sample 368/512
Fra:1 Mem:50.85M (0.00M, Peak 53.11M) | Time:00:05.26 | Remaining:00:08.09 | Mem:21.62M, Peak:21.62M | Scene, RenderLayer | Path Tracing Tile 1/4, Sample 460/512
Fra:1 Mem:48.60M (0.00M, Peak 53.11M) | Time:00:05.84 | Remaining:00:07.53 | Mem:19.37M, Peak:21.62M | Scene, RenderLayer | Path Tracing Tile 1/4, Sample 512/512
Fra:1 Mem:50.57M (0.00M, Peak 53.11M) | Time:00:05.84 | Remaining:00:07.53 | Mem:21.34M, Peak:21.62M | Scene, RenderLayer | Path Tracing Tile 2/4, Sample 512/512
Fra:1 Mem:50.57M (0.00M, Peak 53.11M) | Time:00:06.26 | Remaining:00:07.09 | Mem:21.34M, Peak:21.62M | Scene, RenderLayer | Path Tracing Tile 2/4, Sample 45/512
Fra:1 Mem:50.57M (0.00M, Peak 53.11M) | Time:00:07.27 | Remaining:00:06.07 | Mem:21.34M, Peak:21.62M | Scene, RenderLayer | Path Tracing Tile 2/4, Sample 151/512
Fra:1 Mem:50.57M (0.00M, Peak 53.11M) | Time:00:08.27 | Remaining:00:05.05 | Mem:21.34M, Peak:21.62M | Scene, RenderLayer | Path Tracing Tile 2/4, Sample 257/512
Fra:1 Mem:50.57M (0.00M, Peak 53.11M) | Time:00:09.28 | Remaining:00:04.03 | Mem:21.34M, Peak:21.62M | Scene, RenderLayer | Path Tracing Tile 2/4, Sample 363/512
Fra:1 Mem:50.57M (0.00M, Peak 53.11M) | Time:00:10.29 | Remaining:00:03.02 | Mem:21.34M, Peak:21.62M | Scene, RenderLayer | Path Tracing Tile 2/4, Sample 469/512
Fra:1 Mem:48.60M (0.00M, Peak 53.11M) | Time:00:10.70 | Remaining:00:02.61 | Mem:19.37M, Peak:21.62M | Scene, RenderLayer | Path Tracing Tile 2/4, Sample 512/512
Fra:1 Mem:49.17M (0.00M, Peak 53.11M) | Time:00:10.70 | Remaining:00:02.61 | Mem:19.93M, Peak:21.62M | Scene, RenderLayer | Path Tracing Tile 3/4, Sample 512/512
Fra:1 Mem:49.17M (0.00M, Peak 53.11M) | Time:00:11.28 | Remaining:00:02.28 | Mem:19.93M, Peak:21.62M | Scene, RenderLayer | Path Tracing Tile 3/4, Sample 138/512
Fra:1 Mem:49.17M (0.00M, Peak 53.11M) | Time:00:12.29 | Remaining:00:01.68 | Mem:19.93M, Peak:21.62M | Scene, RenderLayer | Path Tracing Tile 3/4, Sample 372/512
Fra:1 Mem:48.60M (0.00M, Peak 53.11M) | Time:00:12.89 | Remaining:00:01.30 | Mem:19.37M, Peak:21.62M | Scene, RenderLayer | Path Tracing Tile 3/4, Sample 512/512
Fra:1 Mem:49.10M (0.00M, Peak 53.11M) | Time:00:12.89 | Remaining:00:01.30 | Mem:19.86M, Peak:21.62M | Scene, RenderLayer | Path Tracing Tile 4/4, Sample 512/512
Fra:1 Mem:49.10M (0.00M, Peak 53.11M) | Time:00:13.29 | Remaining:00:01.05 | Mem:19.86M, Peak:21.62M | Scene, RenderLayer | Path Tracing Tile 4/4, Sample 102/512
Fra:1 Mem:49.10M (0.00M, Peak 53.11M) | Time:00:14.29 | Remaining:00:00.41 | Mem:19.86M, Peak:21.62M | Scene, RenderLayer | Path Tracing Tile 4/4, Sample 355/512
Fra:1 Mem:48.60M (0.00M, Peak 53.11M) | Time:00:14.91 | Mem:19.37M, Peak:21.62M | Scene, RenderLayer | Path Tracing Tile 4/4, Sample 512/512
Fra:1 Mem:48.60M (0.00M, Peak 53.11M) | Time:00:14.91 | Mem:19.37M, Peak:21.62M | Scene, RenderLayer | Finished
Fra:1 Mem:19.83M (0.00M, Peak 53.11M) | Time:00:14.99 | Sce: Scene Ve:0 Fa:0 La:0
Saved: 'data/clevr-cleaned-puzzles/assimilation/render/images/CLEVR_val_000002.png'
 Time: 00:15.03 (Saving: 00:00.03)

read blend: /home/ubuntu/vdp-tool-chain/data/clevr_scene_data/base_scene.blend
convertViewVec: called in an invalid context
convertViewVec: called in an invalid context
convertViewVec: called in an invalid context
convertViewVec: called in an invalid context
Fra:1 Mem:24.21M (0.00M, Peak 24.21M) | Time:00:00.00 | Preparing Scene data
Fra:1 Mem:38.43M (0.00M, Peak 40.58M) | Time:00:00.03 | Preparing Scene data
Fra:1 Mem:38.43M (0.00M, Peak 40.58M) | Time:00:00.03 | Creating Shadowbuffers
Fra:1 Mem:38.43M (0.00M, Peak 40.58M) | Time:00:00.03 | Raytree.. preparing
Fra:1 Mem:54.23M (0.00M, Peak 54.23M) | Time:00:00.04 | Raytree.. building
Fra:1 Mem:53.38M (0.00M, Peak 78.04M) | Time:00:00.30 | Raytree finished
Fra:1 Mem:53.38M (0.00M, Peak 78.04M) | Time:00:00.30 | Creating Environment maps
Fra:1 Mem:53.38M (0.00M, Peak 78.04M) | Time:00:00.30 | Caching Point Densities
Fra:1 Mem:53.38M (0.00M, Peak 78.04M) | Time:00:00.30 | Sce: Scene Ve:121352 Fa:115002 La:1
Fra:1 Mem:53.38M (0.00M, Peak 78.04M) | Time:00:00.30 | Loading voxel datasets
Fra:1 Mem:53.38M (0.00M, Peak 78.04M) | Time:00:00.30 | Sce: Scene Ve:121352 Fa:115002 La:1
Fra:1 Mem:53.38M (0.00M, Peak 78.04M) | Time:00:00.30 | Sce: Scene Ve:121352 Fa:115002 La:1
Fra:1 Mem:53.38M (0.00M, Peak 78.04M) | Time:00:00.30 | Volume preprocessing
Fra:1 Mem:53.38M (0.00M, Peak 78.04M) | Time:00:00.30 | Sce: Scene Ve:121352 Fa:115002 La:1
Fra:1 Mem:53.38M (0.00M, Peak 78.04M) | Time:00:00.30 | Sce: Scene Ve:121352 Fa:115002 La:1
Fra:1 Mem:57.89M (0.00M, Peak 78.04M) | Time:00:00.31 | Scene, Part 3-4
Fra:1 Mem:57.41M (0.00M, Peak 78.04M) | Time:00:00.31 | Scene, Part 4-4
Fra:1 Mem:56.48M (0.00M, Peak 78.04M) | Time:00:00.32 | Scene, Part 2-4
Fra:1 Mem:54.64M (0.00M, Peak 78.04M) | Time:00:00.32 | Scene, Part 1-4
Fra:1 Mem:24.07M (0.00M, Peak 78.04M) | Time:00:00.33 | Sce: Scene Ve:121352 Fa:115002 La:1
Saved: '/tmp/tmp_60s9wsu.png'
 Time: 00:00.34 (Saving: 00:00.01)

Fra:1 Mem:24.10M (0.00M, Peak 24.69M) | Time:00:00.04 | Mem:0.00M, Peak:0.00M | Scene, RenderLayer | Synchronizing object | Area
Fra:1 Mem:24.10M (0.00M, Peak 24.69M) | Time:00:00.04 | Mem:0.00M, Peak:0.00M | Scene, RenderLayer | Synchronizing object | Ground
Fra:1 Mem:24.17M (0.00M, Peak 24.69M) | Time:00:00.04 | Mem:0.00M, Peak:0.00M | Scene, RenderLayer | Synchronizing object | Empty
Fra:1 Mem:24.17M (0.00M, Peak 24.69M) | Time:00:00.04 | Mem:0.00M, Peak:0.00M | Scene, RenderLayer | Synchronizing object | Lamp_Back
Fra:1 Mem:24.17M (0.00M, Peak 24.69M) | Time:00:00.04 | Mem:0.00M, Peak:0.00M | Scene, RenderLayer | Synchronizing object | Lamp_Fill
Fra:1 Mem:24.17M (0.00M, Peak 24.69M) | Time:00:00.04 | Mem:0.00M, Peak:0.00M | Scene, RenderLayer | Synchronizing object | Lamp_Key
Fra:1 Mem:24.17M (0.00M, Peak 24.69M) | Time:00:00.04 | Mem:0.00M, Peak:0.00M | Scene, RenderLayer | Synchronizing object | Camera
Fra:1 Mem:24.17M (0.00M, Peak 24.69M) | Time:00:00.04 | Mem:0.00M, Peak:0.00M | Scene, RenderLayer | Synchronizing object | SmoothCylinder_0
Fra:1 Mem:26.95M (0.00M, Peak 30.17M) | Time:00:00.05 | Mem:0.00M, Peak:0.00M | Scene, RenderLayer | Synchronizing object | Sphere_0
Fra:1 Mem:28.21M (0.00M, Peak 30.17M) | Time:00:00.06 | Mem:0.00M, Peak:0.00M | Scene, RenderLayer | Synchronizing object | SmoothCylinder_1
Fra:1 Mem:30.99M (0.00M, Peak 34.21M) | Time:00:00.07 | Mem:0.00M, Peak:0.00M | Scene, RenderLayer | Synchronizing object | SmoothCylinder_2
Fra:1 Mem:33.77M (0.00M, Peak 36.99M) | Time:00:00.08 | Mem:0.00M, Peak:0.00M | Scene, RenderLayer | Initializing
Fra:1 Mem:33.77M (0.00M, Peak 36.99M) | Time:00:00.08 | Mem:0.00M, Peak:0.00M | Scene, RenderLayer | Loading render kernels (may take a few minutes the first time)
Fra:1 Mem:33.77M (0.00M, Peak 36.99M) | Time:00:00.09 | Mem:0.00M, Peak:0.00M | Scene, RenderLayer | Waiting for render to start
Fra:1 Mem:33.77M (0.00M, Peak 36.99M) | Time:00:00.09 | Mem:0.00M, Peak:0.00M | Scene, RenderLayer | Updating Scene
Fra:1 Mem:33.77M (0.00M, Peak 36.99M) | Time:00:00.09 | Mem:0.00M, Peak:0.00M | Scene, RenderLayer | Updating Shaders
Fra:1 Mem:34.03M (0.00M, Peak 36.99M) | Time:00:00.09 | Mem:0.00M, Peak:0.00M | Scene, RenderLayer | Updating Background
Fra:1 Mem:34.03M (0.00M, Peak 36.99M) | Time:00:00.09 | Mem:0.00M, Peak:0.00M | Scene, RenderLayer | Updating Camera
Fra:1 Mem:34.03M (0.00M, Peak 36.99M) | Time:00:00.09 | Mem:0.00M, Peak:0.00M | Scene, RenderLayer | Updating Meshes Flags
Fra:1 Mem:34.03M (0.00M, Peak 36.99M) | Time:00:00.09 | Mem:0.00M, Peak:0.00M | Scene, RenderLayer | Updating Objects
Fra:1 Mem:34.03M (0.00M, Peak 36.99M) | Time:00:00.09 | Mem:0.00M, Peak:0.00M | Scene, RenderLayer | Updating Objects | Copying Transformations to device
Fra:1 Mem:34.03M (0.00M, Peak 36.99M) | Time:00:00.09 | Mem:0.00M, Peak:0.00M | Scene, RenderLayer | Updating Objects | Applying Static Transformations
Fra:1 Mem:34.03M (0.00M, Peak 36.99M) | Time:00:00.09 | Mem:0.00M, Peak:0.00M | Scene, RenderLayer | Updating Meshes
Fra:1 Mem:37.54M (0.00M, Peak 37.54M) | Time:00:00.10 | Mem:0.00M, Peak:0.00M | Scene, RenderLayer | Updating Mesh | Computing attributes
Fra:1 Mem:37.54M (0.00M, Peak 37.54M) | Time:00:00.10 | Mem:0.00M, Peak:0.00M | Scene, RenderLayer | Updating Mesh | Copying Attributes to device
Fra:1 Mem:37.54M (0.00M, Peak 37.54M) | Time:00:00.10 | Mem:0.00M, Peak:0.00M | Scene, RenderLayer | Updating Scene BVH | Building
Fra:1 Mem:37.54M (0.00M, Peak 37.54M) | Time:00:00.10 | Mem:0.00M, Peak:0.00M | Scene, RenderLayer | Updating Scene BVH | Building BVH
Fra:1 Mem:50.72M (0.00M, Peak 50.72M) | Time:00:00.27 | Mem:0.00M, Peak:0.00M | Scene, RenderLayer | Updating Scene BVH | Packing BVH triangles and strands
Fra:1 Mem:63.03M (0.00M, Peak 63.03M) | Time:00:00.29 | Mem:0.00M, Peak:0.00M | Scene, RenderLayer | Updating Scene BVH | Packing BVH nodes
Fra:1 Mem:56.25M (0.00M, Peak 66.79M) | Time:00:00.30 | Mem:0.00M, Peak:0.00M | Scene, RenderLayer | Updating Scene BVH | Copying BVH to device
Fra:1 Mem:57.13M (0.00M, Peak 66.79M) | Time:00:00.31 | Mem:18.71M, Peak:18.71M | Scene, RenderLayer | Updating Mesh | Computing normals
Fra:1 Mem:65.20M (0.00M, Peak 66.79M) | Time:00:00.31 | Mem:18.71M, Peak:18.71M | Scene, RenderLayer | Updating Mesh | Copying Mesh to device
Fra:1 Mem:64.32M (0.00M, Peak 66.79M) | Time:00:00.32 | Mem:26.78M, Peak:26.78M | Scene, RenderLayer | Updating Objects Flags
Fra:1 Mem:64.32M (0.00M, Peak 66.79M) | Time:00:00.32 | Mem:26.78M, Peak:26.78M | Scene, RenderLayer | Updating Images
Fra:1 Mem:64.32M (0.00M, Peak 66.79M) | Time:00:00.32 | Mem:26.78M, Peak:26.78M | Scene, RenderLayer | Updating Camera Volume
Fra:1 Mem:64.32M (0.00M, Peak 66.79M) | Time:00:00.32 | Mem:26.78M, Peak:26.78M | Scene, RenderLayer | Updating Hair Systems
Fra:1 Mem:64.32M (0.00M, Peak 66.79M) | Time:00:00.32 | Mem:26.78M, Peak:26.78M | Scene, RenderLayer | Updating Hair settings | Copying Hair settings to device
Fra:1 Mem:64.32M (0.00M, Peak 66.79M) | Time:00:00.32 | Mem:26.78M, Peak:26.78M | Scene, RenderLayer | Updating Lookup Tables
Fra:1 Mem:64.32M (0.00M, Peak 66.79M) | Time:00:00.32 | Mem:27.03M, Peak:27.03M | Scene, RenderLayer | Updating Lights
Fra:1 Mem:64.32M (0.00M, Peak 66.79M) | Time:00:00.32 | Mem:27.03M, Peak:27.03M | Scene, RenderLayer | Updating Lights | Computing distribution
Fra:1 Mem:64.32M (0.00M, Peak 66.79M) | Time:00:00.32 | Mem:27.03M, Peak:27.03M | Scene, RenderLayer | Updating Particle Systems
Fra:1 Mem:64.32M (0.00M, Peak 66.79M) | Time:00:00.32 | Mem:27.03M, Peak:27.03M | Scene, RenderLayer | Updating Particle Systems | Copying Particles to device
Fra:1 Mem:64.32M (0.00M, Peak 66.79M) | Time:00:00.32 | Mem:27.03M, Peak:27.03M | Scene, RenderLayer | Updating Integrator
Fra:1 Mem:64.36M (0.00M, Peak 66.79M) | Time:00:00.32 | Mem:27.07M, Peak:27.07M | Scene, RenderLayer | Updating Film
Fra:1 Mem:64.36M (0.00M, Peak 66.79M) | Time:00:00.32 | Mem:27.07M, Peak:27.07M | Scene, RenderLayer | Updating Lookup Tables
Fra:1 Mem:64.36M (0.00M, Peak 66.79M) | Time:00:00.32 | Mem:27.08M, Peak:27.08M | Scene, RenderLayer | Updating Baking
Fra:1 Mem:64.36M (0.00M, Peak 66.79M) | Time:00:00.32 | Mem:27.08M, Peak:27.08M | Scene, RenderLayer | Updating Device | Writing constant memory
Fra:1 Mem:64.36M (0.00M, Peak 66.79M) | Time:00:00.32 | Mem:27.08M, Peak:27.08M | Scene, RenderLayer | Path Tracing Tile 0/4, Sample 0/512
Fra:1 Mem:66.61M (0.00M, Peak 67.86M) | Time:00:00.32 | Mem:29.33M, Peak:29.33M | Scene, RenderLayer | Path Tracing Tile 1/4, Sample 0/512
Fra:1 Mem:66.61M (0.00M, Peak 68.86M) | Time:00:01.32 | Remaining:00:10.80 | Mem:29.33M, Peak:29.33M | Scene, RenderLayer | Path Tracing Tile 1/4, Sample 102/512
Fra:1 Mem:66.61M (0.00M, Peak 68.86M) | Time:00:02.33 | Remaining:00:09.77 | Mem:29.33M, Peak:29.33M | Scene, RenderLayer | Path Tracing Tile 1/4, Sample 205/512
Fra:1 Mem:66.61M (0.00M, Peak 68.86M) | Time:00:03.33 | Remaining:00:08.76 | Mem:29.33M, Peak:29.33M | Scene, RenderLayer | Path Tracing Tile 1/4, Sample 307/512
Fra:1 Mem:66.61M (0.00M, Peak 68.86M) | Time:00:04.34 | Remaining:00:07.76 | Mem:29.33M, Peak:29.33M | Scene, RenderLayer | Path Tracing Tile 1/4, Sample 409/512
Fra:1 Mem:66.61M (0.00M, Peak 68.86M) | Time:00:05.34 | Remaining:00:06.77 | Mem:29.33M, Peak:29.33M | Scene, RenderLayer | Path Tracing Tile 1/4, Sample 511/512
Fra:1 Mem:64.36M (0.00M, Peak 68.86M) | Time:00:05.36 | Remaining:00:06.77 | Mem:27.08M, Peak:29.33M | Scene, RenderLayer | Path Tracing Tile 1/4, Sample 512/512
Fra:1 Mem:66.33M (0.00M, Peak 68.86M) | Time:00:05.36 | Remaining:00:06.77 | Mem:29.04M, Peak:29.33M | Scene, RenderLayer | Path Tracing Tile 2/4, Sample 512/512
Fra:1 Mem:66.33M (0.00M, Peak 68.86M) | Time:00:06.35 | Remaining:00:05.65 | Mem:29.04M, Peak:29.33M | Scene, RenderLayer | Path Tracing Tile 2/4, Sample 123/512
Fra:1 Mem:66.33M (0.00M, Peak 68.86M) | Time:00:07.35 | Remaining:00:04.55 | Mem:29.04M, Peak:29.33M | Scene, RenderLayer | Path Tracing Tile 2/4, Sample 247/512
Fra:1 Mem:66.33M (0.00M, Peak 68.86M) | Time:00:08.36 | Remaining:00:03.49 | Mem:29.04M, Peak:29.33M | Scene, RenderLayer | Path Tracing Tile 2/4, Sample 371/512
Fra:1 Mem:66.33M (0.00M, Peak 68.86M) | Time:00:09.36 | Remaining:00:02.45 | Mem:29.04M, Peak:29.33M | Scene, RenderLayer | Path Tracing Tile 2/4, Sample 494/512
Fra:1 Mem:64.36M (0.00M, Peak 68.86M) | Time:00:09.51 | Remaining:00:02.29 | Mem:27.08M, Peak:29.33M | Scene, RenderLayer | Path Tracing Tile 2/4, Sample 512/512
Fra:1 Mem:64.93M (0.00M, Peak 68.86M) | Time:00:09.51 | Remaining:00:02.29 | Mem:27.64M, Peak:29.33M | Scene, RenderLayer | Path Tracing Tile 3/4, Sample 512/512
Fra:1 Mem:64.93M (0.00M, Peak 68.86M) | Time:00:10.37 | Remaining:00:01.87 | Mem:27.64M, Peak:29.33M | Scene, RenderLayer | Path Tracing Tile 3/4, Sample 204/512
Fra:1 Mem:64.93M (0.00M, Peak 68.86M) | Time:00:11.37 | Remaining:00:01.33 | Mem:27.64M, Peak:29.33M | Scene, RenderLayer | Path Tracing Tile 3/4, Sample 443/512
Fra:1 Mem:64.36M (0.00M, Peak 68.86M) | Time:00:11.66 | Remaining:00:01.16 | Mem:27.08M, Peak:29.33M | Scene, RenderLayer | Path Tracing Tile 3/4, Sample 512/512
Fra:1 Mem:64.86M (0.00M, Peak 68.86M) | Time:00:11.66 | Remaining:00:01.16 | Mem:27.57M, Peak:29.33M | Scene, RenderLayer | Path Tracing Tile 4/4, Sample 512/512
Fra:1 Mem:64.86M (0.00M, Peak 68.86M) | Time:00:12.37 | Remaining:00:00.76 | Mem:27.57M, Peak:29.33M | Scene, RenderLayer | Path Tracing Tile 4/4, Sample 186/512
Fra:1 Mem:64.86M (0.00M, Peak 68.86M) | Time:00:13.37 | Remaining:00:00.16 | Mem:27.57M, Peak:29.33M | Scene, RenderLayer | Path Tracing Tile 4/4, Sample 444/512
Fra:1 Mem:64.36M (0.00M, Peak 68.86M) | Time:00:13.64 | Mem:27.08M, Peak:29.33M | Scene, RenderLayer | Path Tracing Tile 4/4, Sample 512/512
Fra:1 Mem:64.36M (0.00M, Peak 68.86M) | Time:00:13.64 | Mem:27.08M, Peak:29.33M | Scene, RenderLayer | Finished
Fra:1 Mem:24.09M (0.00M, Peak 68.86M) | Time:00:13.72 | Sce: Scene Ve:0 Fa:0 La:0
Saved: 'data/clevr-cleaned-puzzles/assimilation/render/images/CLEVR_val_000003.png'
 Time: 00:13.76 (Saving: 00:00.03)

read blend: /home/ubuntu/vdp-tool-chain/data/clevr_scene_data/base_scene.blend
convertViewVec: called in an invalid context
convertViewVec: called in an invalid context
convertViewVec: called in an invalid context
convertViewVec: called in an invalid context
Fra:1 Mem:20.46M (0.00M, Peak 20.46M) | Time:00:00.00 | Preparing Scene data
Fra:1 Mem:31.28M (0.00M, Peak 33.43M) | Time:00:00.02 | Preparing Scene data
Fra:1 Mem:31.28M (0.00M, Peak 33.43M) | Time:00:00.02 | Creating Shadowbuffers
Fra:1 Mem:31.28M (0.00M, Peak 33.43M) | Time:00:00.02 | Raytree.. preparing
Fra:1 Mem:43.15M (0.00M, Peak 43.15M) | Time:00:00.03 | Raytree.. building
Fra:1 Mem:42.52M (0.00M, Peak 61.05M) | Time:00:00.22 | Raytree finished
Fra:1 Mem:42.52M (0.00M, Peak 61.05M) | Time:00:00.22 | Creating Environment maps
Fra:1 Mem:42.52M (0.00M, Peak 61.05M) | Time:00:00.22 | Caching Point Densities
Fra:1 Mem:42.52M (0.00M, Peak 61.05M) | Time:00:00.22 | Sce: Scene Ve:89774 Fa:86465 La:1
Fra:1 Mem:42.52M (0.00M, Peak 61.05M) | Time:00:00.22 | Loading voxel datasets
Fra:1 Mem:42.52M (0.00M, Peak 61.05M) | Time:00:00.22 | Sce: Scene Ve:89774 Fa:86465 La:1
Fra:1 Mem:42.52M (0.00M, Peak 61.05M) | Time:00:00.22 | Sce: Scene Ve:89774 Fa:86465 La:1
Fra:1 Mem:42.52M (0.00M, Peak 61.05M) | Time:00:00.22 | Volume preprocessing
Fra:1 Mem:42.52M (0.00M, Peak 61.05M) | Time:00:00.22 | Sce: Scene Ve:89774 Fa:86465 La:1
Fra:1 Mem:42.52M (0.00M, Peak 61.05M) | Time:00:00.22 | Sce: Scene Ve:89774 Fa:86465 La:1
Fra:1 Mem:46.59M (0.00M, Peak 61.05M) | Time:00:00.23 | Scene, Part 3-4
Fra:1 Mem:46.55M (0.00M, Peak 61.05M) | Time:00:00.23 | Scene, Part 4-4
Fra:1 Mem:45.52M (0.00M, Peak 61.05M) | Time:00:00.24 | Scene, Part 1-4
Fra:1 Mem:43.62M (0.00M, Peak 61.05M) | Time:00:00.24 | Scene, Part 2-4
Fra:1 Mem:20.31M (0.00M, Peak 61.05M) | Time:00:00.24 | Sce: Scene Ve:89774 Fa:86465 La:1
Saved: '/tmp/tmp692iutv3.png'
 Time: 00:00.26 (Saving: 00:00.01)

Fra:1 Mem:20.35M (0.00M, Peak 20.94M) | Time:00:00.04 | Mem:0.00M, Peak:0.00M | Scene, RenderLayer | Synchronizing object | Area
Fra:1 Mem:20.35M (0.00M, Peak 20.94M) | Time:00:00.04 | Mem:0.00M, Peak:0.00M | Scene, RenderLayer | Synchronizing object | Ground
Fra:1 Mem:20.41M (0.00M, Peak 20.94M) | Time:00:00.04 | Mem:0.00M, Peak:0.00M | Scene, RenderLayer | Synchronizing object | Empty
Fra:1 Mem:20.41M (0.00M, Peak 20.94M) | Time:00:00.04 | Mem:0.00M, Peak:0.00M | Scene, RenderLayer | Synchronizing object | Lamp_Back
Fra:1 Mem:20.41M (0.00M, Peak 20.94M) | Time:00:00.04 | Mem:0.00M, Peak:0.00M | Scene, RenderLayer | Synchronizing object | Lamp_Fill
Fra:1 Mem:20.41M (0.00M, Peak 20.94M) | Time:00:00.04 | Mem:0.00M, Peak:0.00M | Scene, RenderLayer | Synchronizing object | Lamp_Key
Fra:1 Mem:20.41M (0.00M, Peak 20.94M) | Time:00:00.04 | Mem:0.00M, Peak:0.00M | Scene, RenderLayer | Synchronizing object | Camera
Fra:1 Mem:20.41M (0.00M, Peak 20.94M) | Time:00:00.04 | Mem:0.00M, Peak:0.00M | Scene, RenderLayer | Synchronizing object | SmoothCube_v2_0
Fra:1 Mem:20.72M (0.00M, Peak 21.09M) | Time:00:00.04 | Mem:0.00M, Peak:0.00M | Scene, RenderLayer | Synchronizing object | SmoothCylinder_0
Fra:1 Mem:23.50M (0.00M, Peak 26.72M) | Time:00:00.05 | Mem:0.00M, Peak:0.00M | Scene, RenderLayer | Synchronizing object | Sphere_0
Fra:1 Mem:24.76M (0.00M, Peak 26.72M) | Time:00:00.06 | Mem:0.00M, Peak:0.00M | Scene, RenderLayer | Synchronizing object | SmoothCylinder_1
Fra:1 Mem:27.55M (0.00M, Peak 30.77M) | Time:00:00.07 | Mem:0.00M, Peak:0.00M | Scene, RenderLayer | Initializing
Fra:1 Mem:27.55M (0.00M, Peak 30.77M) | Time:00:00.07 | Mem:0.00M, Peak:0.00M | Scene, RenderLayer | Loading render kernels (may take a few minutes the first time)
Fra:1 Mem:27.55M (0.00M, Peak 30.77M) | Time:00:00.08 | Mem:0.00M, Peak:0.00M | Scene, RenderLayer | Waiting for render to start
Fra:1 Mem:27.55M (0.00M, Peak 30.77M) | Time:00:00.08 | Mem:0.00M, Peak:0.00M | Scene, RenderLayer | Updating Scene
Fra:1 Mem:27.55M (0.00M, Peak 30.77M) | Time:00:00.08 | Mem:0.00M, Peak:0.00M | Scene, RenderLayer | Updating Shaders
Fra:1 Mem:27.80M (0.00M, Peak 30.77M) | Time:00:00.08 | Mem:0.00M, Peak:0.00M | Scene, RenderLayer | Updating Background
Fra:1 Mem:27.80M (0.00M, Peak 30.77M) | Time:00:00.08 | Mem:0.00M, Peak:0.00M | Scene, RenderLayer | Updating Camera
Fra:1 Mem:27.80M (0.00M, Peak 30.77M) | Time:00:00.08 | Mem:0.00M, Peak:0.00M | Scene, RenderLayer | Updating Meshes Flags
Fra:1 Mem:27.80M (0.00M, Peak 30.77M) | Time:00:00.08 | Mem:0.00M, Peak:0.00M | Scene, RenderLayer | Updating Objects
Fra:1 Mem:27.80M (0.00M, Peak 30.77M) | Time:00:00.08 | Mem:0.00M, Peak:0.00M | Scene, RenderLayer | Updating Objects | Copying Transformations to device
Fra:1 Mem:27.80M (0.00M, Peak 30.77M) | Time:00:00.08 | Mem:0.00M, Peak:0.00M | Scene, RenderLayer | Updating Objects | Applying Static Transformations
Fra:1 Mem:27.80M (0.00M, Peak 30.77M) | Time:00:00.08 | Mem:0.00M, Peak:0.00M | Scene, RenderLayer | Updating Meshes
Fra:1 Mem:30.42M (0.00M, Peak 30.77M) | Time:00:00.09 | Mem:0.00M, Peak:0.00M | Scene, RenderLayer | Updating Mesh | Computing attributes
Fra:1 Mem:30.42M (0.00M, Peak 30.77M) | Time:00:00.09 | Mem:0.00M, Peak:0.00M | Scene, RenderLayer | Updating Mesh | Copying Attributes to device
Fra:1 Mem:30.42M (0.00M, Peak 30.77M) | Time:00:00.09 | Mem:0.00M, Peak:0.00M | Scene, RenderLayer | Updating Scene BVH | Building
Fra:1 Mem:30.42M (0.00M, Peak 30.77M) | Time:00:00.09 | Mem:0.00M, Peak:0.00M | Scene, RenderLayer | Updating Scene BVH | Building BVH
Fra:1 Mem:40.25M (0.00M, Peak 40.25M) | Time:00:00.20 | Mem:0.00M, Peak:0.00M | Scene, RenderLayer | Updating Scene BVH | Packing BVH triangles and strands
Fra:1 Mem:49.43M (0.00M, Peak 49.43M) | Time:00:00.21 | Mem:0.00M, Peak:0.00M | Scene, RenderLayer | Updating Scene BVH | Packing BVH nodes
Fra:1 Mem:44.35M (0.00M, Peak 52.22M) | Time:00:00.22 | Mem:0.00M, Peak:0.00M | Scene, RenderLayer | Updating Scene BVH | Copying BVH to device
Fra:1 Mem:45.01M (0.00M, Peak 52.22M) | Time:00:00.23 | Mem:13.93M, Peak:13.93M | Scene, RenderLayer | Updating Mesh | Computing normals
Fra:1 Mem:51.01M (0.00M, Peak 52.22M) | Time:00:00.23 | Mem:13.93M, Peak:13.93M | Scene, RenderLayer | Updating Mesh | Copying Mesh to device
Fra:1 Mem:50.36M (0.00M, Peak 52.22M) | Time:00:00.23 | Mem:19.94M, Peak:19.94M | Scene, RenderLayer | Updating Objects Flags
Fra:1 Mem:50.36M (0.00M, Peak 52.22M) | Time:00:00.23 | Mem:19.94M, Peak:19.94M | Scene, RenderLayer | Updating Images
Fra:1 Mem:50.36M (0.00M, Peak 52.22M) | Time:00:00.23 | Mem:19.94M, Peak:19.94M | Scene, RenderLayer | Updating Camera Volume
Fra:1 Mem:50.36M (0.00M, Peak 52.22M) | Time:00:00.23 | Mem:19.94M, Peak:19.94M | Scene, RenderLayer | Updating Hair Systems
Fra:1 Mem:50.36M (0.00M, Peak 52.22M) | Time:00:00.23 | Mem:19.94M, Peak:19.94M | Scene, RenderLayer | Updating Hair settings | Copying Hair settings to device
Fra:1 Mem:50.36M (0.00M, Peak 52.22M) | Time:00:00.23 | Mem:19.94M, Peak:19.94M | Scene, RenderLayer | Updating Lookup Tables
Fra:1 Mem:50.36M (0.00M, Peak 52.22M) | Time:00:00.23 | Mem:20.19M, Peak:20.19M | Scene, RenderLayer | Updating Lights
Fra:1 Mem:50.36M (0.00M, Peak 52.22M) | Time:00:00.23 | Mem:20.19M, Peak:20.19M | Scene, RenderLayer | Updating Lights | Computing distribution
Fra:1 Mem:50.36M (0.00M, Peak 52.22M) | Time:00:00.23 | Mem:20.19M, Peak:20.19M | Scene, RenderLayer | Updating Particle Systems
Fra:1 Mem:50.36M (0.00M, Peak 52.22M) | Time:00:00.23 | Mem:20.19M, Peak:20.19M | Scene, RenderLayer | Updating Particle Systems | Copying Particles to device
Fra:1 Mem:50.36M (0.00M, Peak 52.22M) | Time:00:00.23 | Mem:20.19M, Peak:20.19M | Scene, RenderLayer | Updating Integrator
Fra:1 Mem:50.40M (0.00M, Peak 52.22M) | Time:00:00.23 | Mem:20.23M, Peak:20.23M | Scene, RenderLayer | Updating Film
Fra:1 Mem:50.40M (0.00M, Peak 52.22M) | Time:00:00.23 | Mem:20.23M, Peak:20.23M | Scene, RenderLayer | Updating Lookup Tables
Fra:1 Mem:50.40M (0.00M, Peak 52.22M) | Time:00:00.23 | Mem:20.24M, Peak:20.24M | Scene, RenderLayer | Updating Baking
Fra:1 Mem:50.40M (0.00M, Peak 52.22M) | Time:00:00.23 | Mem:20.24M, Peak:20.24M | Scene, RenderLayer | Updating Device | Writing constant memory
Fra:1 Mem:50.40M (0.00M, Peak 52.22M) | Time:00:00.23 | Mem:20.24M, Peak:20.24M | Scene, RenderLayer | Path Tracing Tile 0/4, Sample 0/512
Fra:1 Mem:52.65M (0.00M, Peak 53.91M) | Time:00:00.24 | Mem:22.49M, Peak:22.49M | Scene, RenderLayer | Path Tracing Tile 1/4, Sample 0/512
Fra:1 Mem:52.65M (0.00M, Peak 54.91M) | Time:00:01.24 | Remaining:00:12.92 | Mem:22.49M, Peak:22.49M | Scene, RenderLayer | Path Tracing Tile 1/4, Sample 87/512
Fra:1 Mem:52.65M (0.00M, Peak 54.91M) | Time:00:02.25 | Remaining:00:11.89 | Mem:22.49M, Peak:22.49M | Scene, RenderLayer | Path Tracing Tile 1/4, Sample 174/512
Fra:1 Mem:52.65M (0.00M, Peak 54.91M) | Time:00:03.26 | Remaining:00:10.87 | Mem:22.49M, Peak:22.49M | Scene, RenderLayer | Path Tracing Tile 1/4, Sample 261/512
Fra:1 Mem:52.65M (0.00M, Peak 54.91M) | Time:00:04.27 | Remaining:00:09.87 | Mem:22.49M, Peak:22.49M | Scene, RenderLayer | Path Tracing Tile 1/4, Sample 348/512
Fra:1 Mem:52.65M (0.00M, Peak 54.91M) | Time:00:05.27 | Remaining:00:08.88 | Mem:22.49M, Peak:22.49M | Scene, RenderLayer | Path Tracing Tile 1/4, Sample 434/512
Fra:1 Mem:50.40M (0.00M, Peak 54.91M) | Time:00:06.18 | Remaining:00:07.98 | Mem:20.24M, Peak:22.49M | Scene, RenderLayer | Path Tracing Tile 1/4, Sample 512/512
Fra:1 Mem:52.37M (0.00M, Peak 54.91M) | Time:00:06.18 | Remaining:00:07.99 | Mem:22.20M, Peak:22.49M | Scene, RenderLayer | Path Tracing Tile 2/4, Sample 512/512
Fra:1 Mem:52.37M (0.00M, Peak 54.91M) | Time:00:06.28 | Remaining:00:07.90 | Mem:22.20M, Peak:22.49M | Scene, RenderLayer | Path Tracing Tile 2/4, Sample 9/512
Fra:1 Mem:52.37M (0.00M, Peak 54.91M) | Time:00:07.28 | Remaining:00:06.93 | Mem:22.20M, Peak:22.49M | Scene, RenderLayer | Path Tracing Tile 2/4, Sample 106/512
Fra:1 Mem:52.37M (0.00M, Peak 54.91M) | Time:00:08.29 | Remaining:00:05.96 | Mem:22.20M, Peak:22.49M | Scene, RenderLayer | Path Tracing Tile 2/4, Sample 203/512
Fra:1 Mem:52.37M (0.00M, Peak 54.91M) | Time:00:09.29 | Remaining:00:04.99 | Mem:22.20M, Peak:22.49M | Scene, RenderLayer | Path Tracing Tile 2/4, Sample 299/512
Fra:1 Mem:52.37M (0.00M, Peak 54.91M) | Time:00:10.30 | Remaining:00:04.01 | Mem:22.20M, Peak:22.49M | Scene, RenderLayer | Path Tracing Tile 2/4, Sample 395/512
Fra:1 Mem:52.37M (0.00M, Peak 54.91M) | Time:00:11.30 | Remaining:00:03.03 | Mem:22.20M, Peak:22.49M | Scene, RenderLayer | Path Tracing Tile 2/4, Sample 491/512
Fra:1 Mem:50.40M (0.00M, Peak 54.91M) | Time:00:11.53 | Remaining:00:02.82 | Mem:20.24M, Peak:22.49M | Scene, RenderLayer | Path Tracing Tile 2/4, Sample 512/512
Fra:1 Mem:50.97M (0.00M, Peak 54.91M) | Time:00:11.53 | Remaining:00:02.82 | Mem:20.80M, Peak:22.49M | Scene, RenderLayer | Path Tracing Tile 3/4, Sample 512/512
Fra:1 Mem:50.97M (0.00M, Peak 54.91M) | Time:00:12.30 | Remaining:00:02.33 | Mem:20.80M, Peak:22.49M | Scene, RenderLayer | Path Tracing Tile 3/4, Sample 181/512
Fra:1 Mem:50.97M (0.00M, Peak 54.91M) | Time:00:13.30 | Remaining:00:01.68 | Mem:20.80M, Peak:22.49M | Scene, RenderLayer | Path Tracing Tile 3/4, Sample 413/512
Fra:1 Mem:50.40M (0.00M, Peak 54.91M) | Time:00:13.74 | Remaining:00:01.38 | Mem:20.24M, Peak:22.49M | Scene, RenderLayer | Path Tracing Tile 3/4, Sample 512/512
Fra:1 Mem:50.90M (0.00M, Peak 54.91M) | Time:00:13.74 | Remaining:00:01.38 | Mem:20.73M, Peak:22.49M | Scene, RenderLayer | Path Tracing Tile 4/4, Sample 512/512
Fra:1 Mem:50.90M (0.00M, Peak 54.91M) | Time:00:14.31 | Remaining:00:01.02 | Mem:20.73M, Peak:22.49M | Scene, RenderLayer | Path Tracing Tile 4/4, Sample 141/512
Fra:1 Mem:50.90M (0.00M, Peak 54.91M) | Time:00:15.31 | Remaining:00:00.34 | Mem:20.73M, Peak:22.49M | Scene, RenderLayer | Path Tracing Tile 4/4, Sample 388/512
Fra:1 Mem:50.40M (0.00M, Peak 54.91M) | Time:00:15.81 | Mem:20.24M, Peak:22.49M | Scene, RenderLayer | Path Tracing Tile 4/4, Sample 512/512
Fra:1 Mem:50.40M (0.00M, Peak 54.91M) | Time:00:15.81 | Mem:20.24M, Peak:22.49M | Scene, RenderLayer | Finished
Fra:1 Mem:20.34M (0.00M, Peak 54.91M) | Time:00:15.89 | Sce: Scene Ve:0 Fa:0 La:0
Saved: 'data/clevr-cleaned-puzzles/assimilation/render/images/CLEVR_val_000004.png'
 Time: 00:15.93 (Saving: 00:00.03)

read blend: /home/ubuntu/vdp-tool-chain/data/clevr_scene_data/base_scene.blend
convertViewVec: called in an invalid context
convertViewVec: called in an invalid context
convertViewVec: called in an invalid context
Fra:1 Mem:16.18M (0.00M, Peak 16.18M) | Time:00:00.00 | Preparing Scene data
Fra:1 Mem:22.90M (0.00M, Peak 23.20M) | Time:00:00.01 | Preparing Scene data
Fra:1 Mem:22.90M (0.00M, Peak 23.20M) | Time:00:00.01 | Creating Shadowbuffers
Fra:1 Mem:22.90M (0.00M, Peak 23.20M) | Time:00:00.01 | Raytree.. preparing
Fra:1 Mem:30.23M (0.00M, Peak 30.23M) | Time:00:00.02 | Raytree.. building
Fra:1 Mem:29.83M (0.00M, Peak 41.26M) | Time:00:00.13 | Raytree finished
Fra:1 Mem:29.83M (0.00M, Peak 41.26M) | Time:00:00.13 | Creating Environment maps
Fra:1 Mem:29.83M (0.00M, Peak 41.26M) | Time:00:00.13 | Caching Point Densities
Fra:1 Mem:29.83M (0.00M, Peak 41.26M) | Time:00:00.13 | Sce: Scene Ve:54444 Fa:53317 La:1
Fra:1 Mem:29.83M (0.00M, Peak 41.26M) | Time:00:00.13 | Loading voxel datasets
Fra:1 Mem:29.83M (0.00M, Peak 41.26M) | Time:00:00.13 | Sce: Scene Ve:54444 Fa:53317 La:1
Fra:1 Mem:29.84M (0.00M, Peak 41.26M) | Time:00:00.13 | Sce: Scene Ve:54444 Fa:53317 La:1
Fra:1 Mem:29.84M (0.00M, Peak 41.26M) | Time:00:00.13 | Volume preprocessing
Fra:1 Mem:29.84M (0.00M, Peak 41.26M) | Time:00:00.13 | Sce: Scene Ve:54444 Fa:53317 La:1
Fra:1 Mem:29.84M (0.00M, Peak 41.26M) | Time:00:00.13 | Sce: Scene Ve:54444 Fa:53317 La:1
Fra:1 Mem:34.18M (0.00M, Peak 41.26M) | Time:00:00.13 | Scene, Part 3-4
Fra:1 Mem:33.86M (0.00M, Peak 41.26M) | Time:00:00.14 | Scene, Part 4-4
Fra:1 Mem:32.93M (0.00M, Peak 41.26M) | Time:00:00.14 | Scene, Part 2-4
Fra:1 Mem:31.09M (0.00M, Peak 41.26M) | Time:00:00.15 | Scene, Part 1-4
Fra:1 Mem:16.06M (0.00M, Peak 41.26M) | Time:00:00.15 | Sce: Scene Ve:54444 Fa:53317 La:1
Saved: '/tmp/tmp0hkg6jo1.png'
 Time: 00:00.17 (Saving: 00:00.01)

Fra:1 Mem:16.09M (0.00M, Peak 16.69M) | Time:00:00.04 | Mem:0.00M, Peak:0.00M | Scene, RenderLayer | Synchronizing object | Area
Fra:1 Mem:16.09M (0.00M, Peak 16.69M) | Time:00:00.04 | Mem:0.00M, Peak:0.00M | Scene, RenderLayer | Synchronizing object | Ground
Fra:1 Mem:16.16M (0.00M, Peak 16.69M) | Time:00:00.04 | Mem:0.00M, Peak:0.00M | Scene, RenderLayer | Synchronizing object | Empty
Fra:1 Mem:16.16M (0.00M, Peak 16.69M) | Time:00:00.04 | Mem:0.00M, Peak:0.00M | Scene, RenderLayer | Synchronizing object | Lamp_Back
Fra:1 Mem:16.16M (0.00M, Peak 16.69M) | Time:00:00.04 | Mem:0.00M, Peak:0.00M | Scene, RenderLayer | Synchronizing object | Lamp_Fill
Fra:1 Mem:16.16M (0.00M, Peak 16.69M) | Time:00:00.04 | Mem:0.00M, Peak:0.00M | Scene, RenderLayer | Synchronizing object | Lamp_Key
Fra:1 Mem:16.16M (0.00M, Peak 16.69M) | Time:00:00.04 | Mem:0.00M, Peak:0.00M | Scene, RenderLayer | Synchronizing object | Camera
Fra:1 Mem:16.16M (0.00M, Peak 16.69M) | Time:00:00.04 | Mem:0.00M, Peak:0.00M | Scene, RenderLayer | Synchronizing object | SmoothCylinder_0
Fra:1 Mem:18.94M (0.00M, Peak 22.16M) | Time:00:00.05 | Mem:0.00M, Peak:0.00M | Scene, RenderLayer | Synchronizing object | Sphere_0
Fra:1 Mem:20.20M (0.00M, Peak 22.16M) | Time:00:00.06 | Mem:0.00M, Peak:0.00M | Scene, RenderLayer | Synchronizing object | SmoothCube_v2_0
Fra:1 Mem:20.51M (0.00M, Peak 22.16M) | Time:00:00.06 | Mem:0.00M, Peak:0.00M | Scene, RenderLayer | Initializing
Fra:1 Mem:20.51M (0.00M, Peak 22.16M) | Time:00:00.06 | Mem:0.00M, Peak:0.00M | Scene, RenderLayer | Loading render kernels (may take a few minutes the first time)
Fra:1 Mem:20.51M (0.00M, Peak 23.21M) | Time:00:00.07 | Mem:0.00M, Peak:0.00M | Scene, RenderLayer | Waiting for render to start
Fra:1 Mem:20.51M (0.00M, Peak 23.21M) | Time:00:00.07 | Mem:0.00M, Peak:0.00M | Scene, RenderLayer | Updating Scene
Fra:1 Mem:20.51M (0.00M, Peak 23.21M) | Time:00:00.07 | Mem:0.00M, Peak:0.00M | Scene, RenderLayer | Updating Shaders
Fra:1 Mem:20.76M (0.00M, Peak 23.21M) | Time:00:00.07 | Mem:0.00M, Peak:0.00M | Scene, RenderLayer | Updating Background
Fra:1 Mem:20.76M (0.00M, Peak 23.21M) | Time:00:00.07 | Mem:0.00M, Peak:0.00M | Scene, RenderLayer | Updating Camera
Fra:1 Mem:20.76M (0.00M, Peak 23.21M) | Time:00:00.07 | Mem:0.00M, Peak:0.00M | Scene, RenderLayer | Updating Meshes Flags
Fra:1 Mem:20.76M (0.00M, Peak 23.21M) | Time:00:00.07 | Mem:0.00M, Peak:0.00M | Scene, RenderLayer | Updating Objects
Fra:1 Mem:20.76M (0.00M, Peak 23.21M) | Time:00:00.07 | Mem:0.00M, Peak:0.00M | Scene, RenderLayer | Updating Objects | Copying Transformations to device
Fra:1 Mem:20.76M (0.00M, Peak 23.21M) | Time:00:00.07 | Mem:0.00M, Peak:0.00M | Scene, RenderLayer | Updating Objects | Applying Static Transformations
Fra:1 Mem:20.76M (0.00M, Peak 23.21M) | Time:00:00.07 | Mem:0.00M, Peak:0.00M | Scene, RenderLayer | Updating Meshes
Fra:1 Mem:22.38M (0.00M, Peak 23.21M) | Time:00:00.08 | Mem:0.00M, Peak:0.00M | Scene, RenderLayer | Updating Mesh | Computing attributes
Fra:1 Mem:22.38M (0.00M, Peak 23.21M) | Time:00:00.08 | Mem:0.00M, Peak:0.00M | Scene, RenderLayer | Updating Mesh | Copying Attributes to device
Fra:1 Mem:22.38M (0.00M, Peak 23.21M) | Time:00:00.08 | Mem:0.00M, Peak:0.00M | Scene, RenderLayer | Updating Scene BVH | Building
Fra:1 Mem:22.38M (0.00M, Peak 23.21M) | Time:00:00.08 | Mem:0.00M, Peak:0.00M | Scene, RenderLayer | Updating Scene BVH | Building BVH
Fra:1 Mem:28.43M (0.00M, Peak 28.43M) | Time:00:00.15 | Mem:0.00M, Peak:0.00M | Scene, RenderLayer | Updating Scene BVH | Packing BVH triangles and strands
Fra:1 Mem:34.08M (0.00M, Peak 34.08M) | Time:00:00.16 | Mem:0.00M, Peak:0.00M | Scene, RenderLayer | Updating Scene BVH | Packing BVH nodes
Fra:1 Mem:30.93M (0.00M, Peak 35.77M) | Time:00:00.17 | Mem:0.00M, Peak:0.00M | Scene, RenderLayer | Updating Scene BVH | Copying BVH to device
Fra:1 Mem:31.33M (0.00M, Peak 35.77M) | Time:00:00.17 | Mem:8.55M, Peak:8.55M | Scene, RenderLayer | Updating Mesh | Computing normals
Fra:1 Mem:35.02M (0.00M, Peak 35.77M) | Time:00:00.17 | Mem:8.55M, Peak:8.55M | Scene, RenderLayer | Updating Mesh | Copying Mesh to device
Fra:1 Mem:34.62M (0.00M, Peak 35.77M) | Time:00:00.17 | Mem:12.24M, Peak:12.24M | Scene, RenderLayer | Updating Objects Flags
Fra:1 Mem:34.62M (0.00M, Peak 35.77M) | Time:00:00.17 | Mem:12.24M, Peak:12.24M | Scene, RenderLayer | Updating Images
Fra:1 Mem:34.62M (0.00M, Peak 35.77M) | Time:00:00.17 | Mem:12.24M, Peak:12.24M | Scene, RenderLayer | Updating Camera Volume
Fra:1 Mem:34.62M (0.00M, Peak 35.77M) | Time:00:00.17 | Mem:12.24M, Peak:12.24M | Scene, RenderLayer | Updating Hair Systems
Fra:1 Mem:34.62M (0.00M, Peak 35.77M) | Time:00:00.17 | Mem:12.24M, Peak:12.24M | Scene, RenderLayer | Updating Hair settings | Copying Hair settings to device
Fra:1 Mem:34.62M (0.00M, Peak 35.77M) | Time:00:00.17 | Mem:12.24M, Peak:12.24M | Scene, RenderLayer | Updating Lookup Tables
Fra:1 Mem:34.62M (0.00M, Peak 35.77M) | Time:00:00.17 | Mem:12.49M, Peak:12.49M | Scene, RenderLayer | Updating Lights
Fra:1 Mem:34.62M (0.00M, Peak 35.77M) | Time:00:00.17 | Mem:12.49M, Peak:12.49M | Scene, RenderLayer | Updating Lights | Computing distribution
Fra:1 Mem:34.62M (0.00M, Peak 35.77M) | Time:00:00.17 | Mem:12.49M, Peak:12.49M | Scene, RenderLayer | Updating Particle Systems
Fra:1 Mem:34.62M (0.00M, Peak 35.77M) | Time:00:00.17 | Mem:12.49M, Peak:12.49M | Scene, RenderLayer | Updating Particle Systems | Copying Particles to device
Fra:1 Mem:34.62M (0.00M, Peak 35.77M) | Time:00:00.17 | Mem:12.49M, Peak:12.49M | Scene, RenderLayer | Updating Integrator
Fra:1 Mem:34.66M (0.00M, Peak 35.77M) | Time:00:00.17 | Mem:12.53M, Peak:12.53M | Scene, RenderLayer | Updating Film
Fra:1 Mem:34.66M (0.00M, Peak 35.77M) | Time:00:00.17 | Mem:12.53M, Peak:12.53M | Scene, RenderLayer | Updating Lookup Tables
Fra:1 Mem:34.66M (0.00M, Peak 35.77M) | Time:00:00.17 | Mem:12.54M, Peak:12.54M | Scene, RenderLayer | Updating Baking
Fra:1 Mem:34.66M (0.00M, Peak 35.77M) | Time:00:00.17 | Mem:12.54M, Peak:12.54M | Scene, RenderLayer | Updating Device | Writing constant memory
Fra:1 Mem:34.66M (0.00M, Peak 35.77M) | Time:00:00.17 | Mem:12.54M, Peak:12.54M | Scene, RenderLayer | Path Tracing Tile 0/4, Sample 0/512
Fra:1 Mem:36.91M (0.00M, Peak 38.16M) | Time:00:00.18 | Mem:14.79M, Peak:14.79M | Scene, RenderLayer | Path Tracing Tile 1/4, Sample 0/512
Fra:1 Mem:36.91M (0.00M, Peak 39.16M) | Time:00:01.19 | Remaining:00:12.18 | Mem:14.79M, Peak:14.79M | Scene, RenderLayer | Path Tracing Tile 1/4, Sample 92/512
Fra:1 Mem:36.91M (0.00M, Peak 39.16M) | Time:00:02.19 | Remaining:00:11.12 | Mem:14.79M, Peak:14.79M | Scene, RenderLayer | Path Tracing Tile 1/4, Sample 184/512
Fra:1 Mem:36.91M (0.00M, Peak 39.16M) | Time:00:03.19 | Remaining:00:10.10 | Mem:14.79M, Peak:14.79M | Scene, RenderLayer | Path Tracing Tile 1/4, Sample 276/512
Fra:1 Mem:36.91M (0.00M, Peak 39.16M) | Time:00:04.20 | Remaining:00:09.10 | Mem:14.79M, Peak:14.79M | Scene, RenderLayer | Path Tracing Tile 1/4, Sample 368/512
Fra:1 Mem:36.91M (0.00M, Peak 39.16M) | Time:00:05.20 | Remaining:00:08.11 | Mem:14.79M, Peak:14.79M | Scene, RenderLayer | Path Tracing Tile 1/4, Sample 459/512
Fra:1 Mem:34.66M (0.00M, Peak 39.16M) | Time:00:05.79 | Remaining:00:07.54 | Mem:12.54M, Peak:14.79M | Scene, RenderLayer | Path Tracing Tile 1/4, Sample 512/512
Fra:1 Mem:36.63M (0.00M, Peak 39.16M) | Time:00:05.79 | Remaining:00:07.54 | Mem:14.51M, Peak:14.79M | Scene, RenderLayer | Path Tracing Tile 2/4, Sample 512/512
Fra:1 Mem:36.63M (0.00M, Peak 39.16M) | Time:00:06.21 | Remaining:00:07.11 | Mem:14.51M, Peak:14.79M | Scene, RenderLayer | Path Tracing Tile 2/4, Sample 44/512
Fra:1 Mem:36.63M (0.00M, Peak 39.16M) | Time:00:07.21 | Remaining:00:06.10 | Mem:14.51M, Peak:14.79M | Scene, RenderLayer | Path Tracing Tile 2/4, Sample 149/512
Fra:1 Mem:36.63M (0.00M, Peak 39.16M) | Time:00:08.21 | Remaining:00:05.08 | Mem:14.51M, Peak:14.79M | Scene, RenderLayer | Path Tracing Tile 2/4, Sample 255/512
Fra:1 Mem:36.63M (0.00M, Peak 39.16M) | Time:00:09.22 | Remaining:00:04.07 | Mem:14.51M, Peak:14.79M | Scene, RenderLayer | Path Tracing Tile 2/4, Sample 360/512
Fra:1 Mem:36.63M (0.00M, Peak 39.16M) | Time:00:10.22 | Remaining:00:03.07 | Mem:14.51M, Peak:14.79M | Scene, RenderLayer | Path Tracing Tile 2/4, Sample 465/512
Fra:1 Mem:34.66M (0.00M, Peak 39.16M) | Time:00:10.68 | Remaining:00:02.62 | Mem:12.54M, Peak:14.79M | Scene, RenderLayer | Path Tracing Tile 2/4, Sample 512/512
Fra:1 Mem:35.22M (0.00M, Peak 39.16M) | Time:00:10.68 | Remaining:00:02.62 | Mem:13.10M, Peak:14.79M | Scene, RenderLayer | Path Tracing Tile 3/4, Sample 512/512
Fra:1 Mem:35.22M (0.00M, Peak 39.16M) | Time:00:11.23 | Remaining:00:02.31 | Mem:13.10M, Peak:14.79M | Scene, RenderLayer | Path Tracing Tile 3/4, Sample 129/512
Fra:1 Mem:35.22M (0.00M, Peak 39.16M) | Time:00:12.23 | Remaining:00:01.71 | Mem:13.10M, Peak:14.79M | Scene, RenderLayer | Path Tracing Tile 3/4, Sample 363/512
Fra:1 Mem:34.66M (0.00M, Peak 39.16M) | Time:00:12.87 | Remaining:00:01.30 | Mem:12.54M, Peak:14.79M | Scene, RenderLayer | Path Tracing Tile 3/4, Sample 512/512
Fra:1 Mem:35.15M (0.00M, Peak 39.16M) | Time:00:12.87 | Remaining:00:01.30 | Mem:13.03M, Peak:14.79M | Scene, RenderLayer | Path Tracing Tile 4/4, Sample 512/512
Fra:1 Mem:35.15M (0.00M, Peak 39.16M) | Time:00:13.23 | Remaining:00:01.08 | Mem:13.03M, Peak:14.79M | Scene, RenderLayer | Path Tracing Tile 4/4, Sample 92/512
Fra:1 Mem:35.15M (0.00M, Peak 39.16M) | Time:00:14.23 | Remaining:00:00.43 | Mem:13.03M, Peak:14.79M | Scene, RenderLayer | Path Tracing Tile 4/4, Sample 346/512
Fra:1 Mem:34.66M (0.00M, Peak 39.16M) | Time:00:14.89 | Mem:12.54M, Peak:14.79M | Scene, RenderLayer | Path Tracing Tile 4/4, Sample 512/512
Fra:1 Mem:34.66M (0.00M, Peak 39.16M) | Time:00:14.89 | Mem:12.54M, Peak:14.79M | Scene, RenderLayer | Finished
Fra:1 Mem:16.09M (0.00M, Peak 39.16M) | Time:00:14.97 | Sce: Scene Ve:0 Fa:0 La:0
Saved: 'data/clevr-cleaned-puzzles/assimilation/render/images/CLEVR_val_000005.png'
 Time: 00:15.01 (Saving: 00:00.03)


Blender quit

INFO test_net.py:  81: Called with args:
INFO test_net.py:  82: Namespace(cfg_file='clevr_inference/scene_parse/mask_rcnn/configs/baselines/e2e_mask_rcnn_R-50-FPN_1x.yaml', clevr_comp_cat=1, dataset='clevr_original_val', grab_conv=False, images_dir='data/clevr-cleaned-puzzles/assimilation/render/images', load_ckpt='/home/ubuntu/vdp-tool-chain/data/ns-vqa-data/pretrained/object_detector.pt', load_detectron=None, multi_gpu_testing=False, name=None, output_dir='data/clevr-cleaned-puzzles/assimilation/infer/mask_rcnn', range=None, rendersummary_path='data/clevr-cleaned-puzzles/assimilation/render/summary.json', set_cfgs=[], vis=False)
INFO test_net.py: 125: Testing with config:
INFO test_net.py: 126: {'BBOX_XFORM_CLIP': 4.135166556742356,
 'CLEVR': {'COMP_CAT': True},
 'CROP_RESIZE_WITH_MAX_POOL': True,
 'CUDA': False,
 'DATA_DIR': '/home/ubuntu/vdp-tool-chain/data/ns-vqa-data/mask_rcnn',
 'DATA_LOADER': {'NUM_THREADS': 4},
 'DEBUG': False,
 'DEDUP_BOXES': 0.0625,
 'EPS': 1e-14,
 'EXPECTED_RESULTS': [],
 'EXPECTED_RESULTS_ATOL': 0.005,
 'EXPECTED_RESULTS_EMAIL': '',
 'EXPECTED_RESULTS_RTOL': 0.1,
 'FAST_RCNN': {'CONV_HEAD_DIM': 256,
               'MLP_HEAD_DIM': 1024,
               'NUM_STACKED_CONVS': 4,
               'ROI_BOX_HEAD': 'fast_rcnn_heads.roi_2mlp_head',
               'ROI_XFORM_METHOD': 'RoIAlign',
               'ROI_XFORM_RESOLUTION': 7,
               'ROI_XFORM_SAMPLING_RATIO': 2},
 'FPN': {'COARSEST_STRIDE': 32,
         'DIM': 256,
         'EXTRA_CONV_LEVELS': False,
         'FPN_ON': True,
         'MULTILEVEL_ROIS': True,
         'MULTILEVEL_RPN': True,
         'ROI_CANONICAL_LEVEL': 4,
         'ROI_CANONICAL_SCALE': 224,
         'ROI_MAX_LEVEL': 5,
         'ROI_MIN_LEVEL': 2,
         'RPN_ANCHOR_START_SIZE': 32,
         'RPN_ASPECT_RATIOS': (0.5, 1, 2),
         'RPN_COLLECT_SCALE': 1,
         'RPN_MAX_LEVEL': 6,
         'RPN_MIN_LEVEL': 2,
         'USE_GN': False,
         'ZERO_INIT_LATERAL': False},
 'GROUP_NORM': {'DIM_PER_GP': -1, 'EPSILON': 1e-05, 'NUM_GROUPS': 32},
 'KRCNN': {'CONV_HEAD_DIM': 256,
           'CONV_HEAD_KERNEL': 3,
           'CONV_INIT': 'GaussianFill',
           'DECONV_DIM': 256,
           'DECONV_KERNEL': 4,
           'DILATION': 1,
           'HEATMAP_SIZE': -1,
           'INFERENCE_MIN_SIZE': 0,
           'KEYPOINT_CONFIDENCE': 'bbox',
           'LOSS_WEIGHT': 1.0,
           'MIN_KEYPOINT_COUNT_FOR_VALID_MINIBATCH': 20,
           'NMS_OKS': False,
           'NORMALIZE_BY_VISIBLE_KEYPOINTS': True,
           'NUM_KEYPOINTS': -1,
           'NUM_STACKED_CONVS': 8,
           'ROI_KEYPOINTS_HEAD': '',
           'ROI_XFORM_METHOD': 'RoIAlign',
           'ROI_XFORM_RESOLUTION': 7,
           'ROI_XFORM_SAMPLING_RATIO': 0,
           'UP_SCALE': -1,
           'USE_DECONV': False,
           'USE_DECONV_OUTPUT': False},
 'MATLAB': 'matlab',
 'MODEL': {'BBOX_REG_WEIGHTS': (10.0, 10.0, 5.0, 5.0),
           'CLS_AGNOSTIC_BBOX_REG': False,
           'CONV_BODY': 'FPN.fpn_ResNet50_conv5_body',
           'FASTER_RCNN': True,
           'KEYPOINTS_ON': False,
           'LOAD_IMAGENET_PRETRAINED_WEIGHTS': True,
           'MASK_ON': True,
           'NUM_CLASSES': 49,
           'RPN_ONLY': False,
           'SHARE_RES5': False,
           'TYPE': 'generalized_rcnn',
           'UNSUPERVISED_POSE': False},
 'MRCNN': {'CLS_SPECIFIC_MASK': True,
           'CONV_INIT': 'MSRAFill',
           'DILATION': 1,
           'DIM_REDUCED': 256,
           'MEMORY_EFFICIENT_LOSS': True,
           'RESOLUTION': 28,
           'ROI_MASK_HEAD': 'mask_rcnn_heads.mask_rcnn_fcn_head_v1up4convs',
           'ROI_XFORM_METHOD': 'RoIAlign',
           'ROI_XFORM_RESOLUTION': 14,
           'ROI_XFORM_SAMPLING_RATIO': 2,
           'THRESH_BINARIZE': 0.5,
           'UPSAMPLE_RATIO': 1,
           'USE_FC_OUTPUT': False,
           'WEIGHT_LOSS_MASK': 1.0},
 'NUM_GPUS': 8,
 'OUTPUT_DIR': 'Outputs',
 'PIXEL_MEANS': array([[[102.9801, 115.9465, 122.7717]]]),
 'POOLING_MODE': 'crop',
 'POOLING_SIZE': 7,
 'PYTORCH_VERSION_LESS_THAN_040': False,
 'RESNETS': {'FREEZE_AT': 2,
             'IMAGENET_PRETRAINED_WEIGHTS': 'pretrained_model/resnet50_caffe.pth',
             'NUM_GROUPS': 1,
             'RES5_DILATION': 1,
             'SHORTCUT_FUNC': 'basic_bn_shortcut',
             'STEM_FUNC': 'basic_bn_stem',
             'STRIDE_1X1': True,
             'TRANS_FUNC': 'bottleneck_transformation',
             'USE_GN': False,
             'WIDTH_PER_GROUP': 64},
 'RETINANET': {'ANCHOR_SCALE': 4,
               'ASPECT_RATIOS': (0.5, 1.0, 2.0),
               'BBOX_REG_BETA': 0.11,
               'BBOX_REG_WEIGHT': 1.0,
               'CLASS_SPECIFIC_BBOX': False,
               'INFERENCE_TH': 0.05,
               'LOSS_ALPHA': 0.25,
               'LOSS_GAMMA': 2.0,
               'NEGATIVE_OVERLAP': 0.4,
               'NUM_CONVS': 4,
               'POSITIVE_OVERLAP': 0.5,
               'PRE_NMS_TOP_N': 1000,
               'PRIOR_PROB': 0.01,
               'RETINANET_ON': False,
               'SCALES_PER_OCTAVE': 3,
               'SHARE_CLS_BBOX_TOWER': False,
               'SOFTMAX': False},
 'RFCN': {'PS_GRID_SIZE': 3},
 'RNG_SEED': 3,
 'ROOT_DIR': '/home/ubuntu/vdp-tool-chain/clevr_inference/scene_parse/mask_rcnn',
 'RPN': {'ASPECT_RATIOS': (0.5, 1, 2),
         'CLS_ACTIVATION': 'sigmoid',
         'OUT_DIM': 512,
         'OUT_DIM_AS_IN_DIM': True,
         'RPN_ON': True,
         'SIZES': (64, 128, 256, 512),
         'STRIDE': 16},
 'SOLVER': {'BASE_LR': 0.02,
            'BIAS_DOUBLE_LR': True,
            'BIAS_WEIGHT_DECAY': False,
            'GAMMA': 0.1,
            'LOG_LR_CHANGE_THRESHOLD': 1.1,
            'LRS': [],
            'LR_POLICY': 'steps_with_decay',
            'MAX_ITER': 30000,
            'MOMENTUM': 0.9,
            'SCALE_MOMENTUM': True,
            'SCALE_MOMENTUM_THRESHOLD': 1.1,
            'STEPS': [0, 20000, 26000],
            'STEP_SIZE': 30000,
            'TYPE': 'SGD',
            'WARM_UP_FACTOR': 0.3333333333333333,
            'WARM_UP_ITERS': 500,
            'WARM_UP_METHOD': 'linear',
            'WEIGHT_DECAY': 0.0001,
            'WEIGHT_DECAY_GN': 0.0},
 'TEST': {'BBOX_AUG': {'AREA_TH_HI': 32400,
                       'AREA_TH_LO': 2500,
                       'ASPECT_RATIOS': (),
                       'ASPECT_RATIO_H_FLIP': False,
                       'COORD_HEUR': 'UNION',
                       'ENABLED': False,
                       'H_FLIP': False,
                       'MAX_SIZE': 4000,
                       'SCALES': (),
                       'SCALE_H_FLIP': False,
                       'SCALE_SIZE_DEP': False,
                       'SCORE_HEUR': 'UNION'},
          'BBOX_REG': True,
          'BBOX_VOTE': {'ENABLED': False,
                        'SCORING_METHOD': 'ID',
                        'SCORING_METHOD_BETA': 1.0,
                        'VOTE_TH': 0.8},
          'COMPETITION_MODE': True,
          'DATASETS': ('custom(data/clevr-cleaned-puzzles/assimilation/render/images, '
                       'data/clevr-cleaned-puzzles/assimilation/render/summary.json)',),
          'DETECTIONS_PER_IM': 100,
          'FORCE_JSON_DATASET_EVAL': False,
          'KPS_AUG': {'AREA_TH': 32400,
                      'ASPECT_RATIOS': (),
                      'ASPECT_RATIO_H_FLIP': False,
                      'ENABLED': False,
                      'HEUR': 'HM_AVG',
                      'H_FLIP': False,
                      'MAX_SIZE': 4000,
                      'SCALES': (),
                      'SCALE_H_FLIP': False,
                      'SCALE_SIZE_DEP': False},
          'MASK_AUG': {'AREA_TH': 32400,
                       'ASPECT_RATIOS': (),
                       'ASPECT_RATIO_H_FLIP': False,
                       'ENABLED': False,
                       'HEUR': 'SOFT_AVG',
                       'H_FLIP': False,
                       'MAX_SIZE': 4000,
                       'SCALES': (),
                       'SCALE_H_FLIP': False,
                       'SCALE_SIZE_DEP': False},
          'MAX_SIZE': 1333,
          'NMS': 0.5,
          'PRECOMPUTED_PROPOSALS': False,
          'PROPOSAL_FILES': (),
          'PROPOSAL_LIMIT': 2000,
          'RPN_MIN_SIZE': 0,
          'RPN_NMS_THRESH': 0.7,
          'RPN_POST_NMS_TOP_N': 1000,
          'RPN_PRE_NMS_TOP_N': 1000,
          'SCALE': 800,
          'SCORE_THRESH': 0.05,
          'SOFT_NMS': {'ENABLED': False, 'METHOD': 'linear', 'SIGMA': 0.5}},
 'TRAIN': {'ASPECT_CROPPING': False,
           'ASPECT_GROUPING': True,
           'ASPECT_HI': 2,
           'ASPECT_LO': 0.5,
           'BATCH_SIZE_PER_IM': 512,
           'BBOX_INSIDE_WEIGHTS': (1.0, 1.0, 1.0, 1.0),
           'BBOX_NORMALIZE_MEANS': (0.0, 0.0, 0.0, 0.0),
           'BBOX_NORMALIZE_STDS': (0.1, 0.1, 0.2, 0.2),
           'BBOX_NORMALIZE_TARGETS': True,
           'BBOX_NORMALIZE_TARGETS_PRECOMPUTED': False,
           'BBOX_THRESH': 0.5,
           'BG_THRESH_HI': 0.5,
           'BG_THRESH_LO': 0.0,
           'CROWD_FILTER_THRESH': 0.7,
           'DATASETS': (),
           'FG_FRACTION': 0.25,
           'FG_THRESH': 0.5,
           'FREEZE_CONV_BODY': False,
           'GT_MIN_AREA': -1,
           'IMS_PER_BATCH': 2,
           'MAX_SIZE': 1333,
           'PROPOSAL_FILES': (),
           'RPN_BATCH_SIZE_PER_IM': 256,
           'RPN_FG_FRACTION': 0.5,
           'RPN_MIN_SIZE': 0,
           'RPN_NEGATIVE_OVERLAP': 0.3,
           'RPN_NMS_THRESH': 0.7,
           'RPN_POSITIVE_OVERLAP': 0.7,
           'RPN_POST_NMS_TOP_N': 2000,
           'RPN_PRE_NMS_TOP_N': 2000,
           'RPN_STRADDLE_THRESH': 0,
           'SCALES': (800,),
           'SNAPSHOT_ITERS': 20000,
           'USE_FLIPPED': False},
 'VIS': False,
 'VIS_TH': 0.9}
INFO test_engine.py: 352: loading checkpoint /home/ubuntu/vdp-tool-chain/data/ns-vqa-data/pretrained/object_detector.pt
INFO test_engine.py: 286: im_detect: range [1, 6] of 6: 1/6 1.111s + 0.003s (eta: 0:00:05)
INFO test_engine.py: 336: Wrote detections to: /home/ubuntu/vdp-tool-chain/data/clevr-cleaned-puzzles/assimilation/infer/mask_rcnn/detections.pkl
INFO test_engine.py: 164: Total inference time: 5.625s


| processing proposals 1 / 6 images
| processing proposals 2 / 6 images
| processing proposals 3 / 6 images
| processing proposals 4 / 6 images
| processing proposals 5 / 6 images
| processing proposals 6 / 6 images
| saving object annotations to data/clevr-cleaned-puzzles/assimilation/infer/attrnet/predictions.json


| options
run_dir: data/clevr-cleaned-puzzles/assimilation/solver_ir
dataset: clevr
load_checkpoint_path: /home/ubuntu/vdp-tool-chain/data/ns-vqa-data/pretrained/attribute_net.pt
gpu_ids: [0]
clevr_mini_img_dir: /home/ubuntu/vdp-tool-chain/data/ns-vqa-data/raw/CLEVR_mini/images
clevr_mini_ann_path: /home/ubuntu/vdp-tool-chain/data/ns-vqa-data/attr_net/objects/clevr_mini_objs.json
concat_img: 1
split_id: 3500
batch_size: 50
num_workers: 4
learning_rate: 0.002
split: val
output_path: data/clevr-cleaned-puzzles/assimilation/solver_ir/results.json
clevr_val_ann_path: data/clevr-cleaned-puzzles/assimilation/infer/attrnet/predictions.json
clevr_val_img_dir: /home/ubuntu/vdp-tool-chain/data/ns-vqa-data/raw/CLEVR_v1.0/images/val
shuffle_data: 0
use_cat_label: 1
name: assimilation
| loading checkpoint from /home/ubuntu/vdp-tool-chain/data/ns-vqa-data/pretrained/attribute_net.pt
clevr_object.py: CLEVR_val_000000.png val 0 0
clevr_object.py: CLEVR_val_000000.png val 0 1
clevr_object.py: CLEVR_val_000001.png val 1 2
clevr_object.py: CLEVR_val_000001.png val 1 3
clevr_object.py: CLEVR_val_000001.png val 1 4
clevr_object.py: CLEVR_val_000002.png val 2 5
clevr_object.py: CLEVR_val_000002.png val 2 6
clevr_object.py: CLEVR_val_000002.png val 2 7
clevr_object.py: CLEVR_val_000003.png val 3 8
clevr_object.py: CLEVR_val_000003.png val 3 9
clevr_object.py: CLEVR_val_000003.png val 3 10
clevr_object.py: CLEVR_val_000003.png val 3 11
clevr_object.py: CLEVR_val_000004.png val 4 12
clevr_object.py: CLEVR_val_000004.png val 4 13
clevr_object.py: CLEVR_val_000004.png val 4 14
clevr_object.py: CLEVR_val_000004.png val 4 15
clevr_object.py: CLEVR_val_000005.png val 5 16
clevr_object.py: CLEVR_val_000005.png val 5 17
clevr_object.py: CLEVR_val_000005.png val 5 18
19 / 19 objects processed
| saving annotation file to data/clevr-cleaned-puzzles/assimilation/solver_ir/results.json


0.json in test
THRESHOLD relate_front objs = {'id': '0-0', 'position': [0.06138300523161888, 0.052633851766586304, 0.6826687455177307], 'color': 'red', 'material': 'rubber', 'shape': 'cylinder', 'size': 'large'}, {'id': '0-1', 'position': [2.8415112495422363, 0.2561669647693634, 0.6878196001052856], 'color': 'red', 'material': 'rubber', 'shape': 'sphere', 'size': 'large'}
THRESHOLD relate_behind objs = {'id': '0-1', 'position': [2.8415112495422363, 0.2561669647693634, 0.6878196001052856], 'color': 'red', 'material': 'rubber', 'shape': 'sphere', 'size': 'large'}, {'id': '0-0', 'position': [0.06138300523161888, 0.052633851766586304, 0.6826687455177307], 'color': 'red', 'material': 'rubber', 'shape': 'cylinder', 'size': 'large'}
1.json in test
THRESHOLD relate_behind objs = {'id': '1-0', 'position': [2.7913639545440674, 0.27649039030075073, 0.6868242621421814], 'color': 'red', 'material': 'rubber', 'shape': 'cylinder', 'size': 'large'}, {'id': '1-2', 'position': [0.06716449558734894, -0.02426265925168991, 0.6876388788223267], 'color': 'yellow', 'material': 'rubber', 'shape': 'sphere', 'size': 'large'}
THRESHOLD relate_front objs = {'id': '1-1', 'position': [-2.8049843311309814, -0.1335090696811676, 0.7032529711723328], 'color': 'red', 'material': 'rubber', 'shape': 'sphere', 'size': 'large'}, {'id': '1-2', 'position': [0.06716449558734894, -0.02426265925168991, 0.6876388788223267], 'color': 'yellow', 'material': 'rubber', 'shape': 'sphere', 'size': 'large'}
THRESHOLD relate_behind objs = {'id': '1-2', 'position': [0.06716449558734894, -0.02426265925168991, 0.6876388788223267], 'color': 'yellow', 'material': 'rubber', 'shape': 'sphere', 'size': 'large'}, {'id': '1-1', 'position': [-2.8049843311309814, -0.1335090696811676, 0.7032529711723328], 'color': 'red', 'material': 'rubber', 'shape': 'sphere', 'size': 'large'}
THRESHOLD relate_front objs = {'id': '1-2', 'position': [0.06716449558734894, -0.02426265925168991, 0.6876388788223267], 'color': 'yellow', 'material': 'rubber', 'shape': 'sphere', 'size': 'large'}, {'id': '1-0', 'position': [2.7913639545440674, 0.27649039030075073, 0.6868242621421814], 'color': 'red', 'material': 'rubber', 'shape': 'cylinder', 'size': 'large'}
2.json in test
THRESHOLD relate_front objs = {'id': '2-0', 'position': [-2.7978365421295166, -0.12451425939798355, 0.6880501508712769], 'color': 'red', 'material': 'rubber', 'shape': 'cylinder', 'size': 'large'}, {'id': '2-1', 'position': [0.06495833396911621, 0.10539384931325912, 0.6868324875831604], 'color': 'red', 'material': 'rubber', 'shape': 'sphere', 'size': 'large'}
THRESHOLD relate_front objs = {'id': '2-0', 'position': [-2.7978365421295166, -0.12451425939798355, 0.6880501508712769], 'color': 'red', 'material': 'rubber', 'shape': 'cylinder', 'size': 'large'}, {'id': '2-2', 'position': [2.8064842224121094, 0.2201804220676422, 0.6828365921974182], 'color': 'yellow', 'material': 'rubber', 'shape': 'cylinder', 'size': 'large'}
THRESHOLD relate_behind objs = {'id': '2-1', 'position': [0.06495833396911621, 0.10539384931325912, 0.6868324875831604], 'color': 'red', 'material': 'rubber', 'shape': 'sphere', 'size': 'large'}, {'id': '2-0', 'position': [-2.7978365421295166, -0.12451425939798355, 0.6880501508712769], 'color': 'red', 'material': 'rubber', 'shape': 'cylinder', 'size': 'large'}
THRESHOLD relate_front objs = {'id': '2-1', 'position': [0.06495833396911621, 0.10539384931325912, 0.6868324875831604], 'color': 'red', 'material': 'rubber', 'shape': 'sphere', 'size': 'large'}, {'id': '2-2', 'position': [2.8064842224121094, 0.2201804220676422, 0.6828365921974182], 'color': 'yellow', 'material': 'rubber', 'shape': 'cylinder', 'size': 'large'}
THRESHOLD relate_behind objs = {'id': '2-2', 'position': [2.8064842224121094, 0.2201804220676422, 0.6828365921974182], 'color': 'yellow', 'material': 'rubber', 'shape': 'cylinder', 'size': 'large'}, {'id': '2-0', 'position': [-2.7978365421295166, -0.12451425939798355, 0.6880501508712769], 'color': 'red', 'material': 'rubber', 'shape': 'cylinder', 'size': 'large'}
THRESHOLD relate_behind objs = {'id': '2-2', 'position': [2.8064842224121094, 0.2201804220676422, 0.6828365921974182], 'color': 'yellow', 'material': 'rubber', 'shape': 'cylinder', 'size': 'large'}, {'id': '2-1', 'position': [0.06495833396911621, 0.10539384931325912, 0.6868324875831604], 'color': 'red', 'material': 'rubber', 'shape': 'sphere', 'size': 'large'}
3.json in train
THRESHOLD relate_behind objs = {'id': '3-0', 'position': [1.3188244104385376, 0.12174247950315475, 0.3413318693637848], 'color': 'cyan', 'material': 'rubber', 'shape': 'cylinder', 'size': 'small'}, {'id': '3-1', 'position': [0.07040539383888245, 0.04290436953306198, 0.34652015566825867], 'color': 'cyan', 'material': 'rubber', 'shape': 'cylinder', 'size': 'small'}
THRESHOLD relate_behind objs = {'id': '3-0', 'position': [1.3188244104385376, 0.12174247950315475, 0.3413318693637848], 'color': 'cyan', 'material': 'rubber', 'shape': 'cylinder', 'size': 'small'}, {'id': '3-2', 'position': [-2.798867702484131, -0.13610532879829407, 0.3437351584434509], 'color': 'cyan', 'material': 'rubber', 'shape': 'cylinder', 'size': 'small'}
THRESHOLD relate_behind objs = {'id': '3-0', 'position': [1.3188244104385376, 0.12174247950315475, 0.3413318693637848], 'color': 'cyan', 'material': 'rubber', 'shape': 'cylinder', 'size': 'small'}, {'id': '3-3', 'position': [-1.389177918434143, -0.04679076373577118, 0.3406498432159424], 'color': 'cyan', 'material': 'rubber', 'shape': 'sphere', 'size': 'small'}
THRESHOLD relate_behind objs = {'id': '3-1', 'position': [0.07040539383888245, 0.04290436953306198, 0.34652015566825867], 'color': 'cyan', 'material': 'rubber', 'shape': 'cylinder', 'size': 'small'}, {'id': '3-2', 'position': [-2.798867702484131, -0.13610532879829407, 0.3437351584434509], 'color': 'cyan', 'material': 'rubber', 'shape': 'cylinder', 'size': 'small'}
THRESHOLD relate_behind objs = {'id': '3-1', 'position': [0.07040539383888245, 0.04290436953306198, 0.34652015566825867], 'color': 'cyan', 'material': 'rubber', 'shape': 'cylinder', 'size': 'small'}, {'id': '3-3', 'position': [-1.389177918434143, -0.04679076373577118, 0.3406498432159424], 'color': 'cyan', 'material': 'rubber', 'shape': 'sphere', 'size': 'small'}
THRESHOLD relate_front objs = {'id': '3-1', 'position': [0.07040539383888245, 0.04290436953306198, 0.34652015566825867], 'color': 'cyan', 'material': 'rubber', 'shape': 'cylinder', 'size': 'small'}, {'id': '3-0', 'position': [1.3188244104385376, 0.12174247950315475, 0.3413318693637848], 'color': 'cyan', 'material': 'rubber', 'shape': 'cylinder', 'size': 'small'}
THRESHOLD relate_front objs = {'id': '3-2', 'position': [-2.798867702484131, -0.13610532879829407, 0.3437351584434509], 'color': 'cyan', 'material': 'rubber', 'shape': 'cylinder', 'size': 'small'}, {'id': '3-0', 'position': [1.3188244104385376, 0.12174247950315475, 0.3413318693637848], 'color': 'cyan', 'material': 'rubber', 'shape': 'cylinder', 'size': 'small'}
THRESHOLD relate_front objs = {'id': '3-2', 'position': [-2.798867702484131, -0.13610532879829407, 0.3437351584434509], 'color': 'cyan', 'material': 'rubber', 'shape': 'cylinder', 'size': 'small'}, {'id': '3-1', 'position': [0.07040539383888245, 0.04290436953306198, 0.34652015566825867], 'color': 'cyan', 'material': 'rubber', 'shape': 'cylinder', 'size': 'small'}
THRESHOLD relate_front objs = {'id': '3-2', 'position': [-2.798867702484131, -0.13610532879829407, 0.3437351584434509], 'color': 'cyan', 'material': 'rubber', 'shape': 'cylinder', 'size': 'small'}, {'id': '3-3', 'position': [-1.389177918434143, -0.04679076373577118, 0.3406498432159424], 'color': 'cyan', 'material': 'rubber', 'shape': 'sphere', 'size': 'small'}
THRESHOLD relate_behind objs = {'id': '3-3', 'position': [-1.389177918434143, -0.04679076373577118, 0.3406498432159424], 'color': 'cyan', 'material': 'rubber', 'shape': 'sphere', 'size': 'small'}, {'id': '3-2', 'position': [-2.798867702484131, -0.13610532879829407, 0.3437351584434509], 'color': 'cyan', 'material': 'rubber', 'shape': 'cylinder', 'size': 'small'}
THRESHOLD relate_front objs = {'id': '3-3', 'position': [-1.389177918434143, -0.04679076373577118, 0.3406498432159424], 'color': 'cyan', 'material': 'rubber', 'shape': 'sphere', 'size': 'small'}, {'id': '3-0', 'position': [1.3188244104385376, 0.12174247950315475, 0.3413318693637848], 'color': 'cyan', 'material': 'rubber', 'shape': 'cylinder', 'size': 'small'}
THRESHOLD relate_front objs = {'id': '3-3', 'position': [-1.389177918434143, -0.04679076373577118, 0.3406498432159424], 'color': 'cyan', 'material': 'rubber', 'shape': 'sphere', 'size': 'small'}, {'id': '3-1', 'position': [0.07040539383888245, 0.04290436953306198, 0.34652015566825867], 'color': 'cyan', 'material': 'rubber', 'shape': 'cylinder', 'size': 'small'}
4.json in train
THRESHOLD relate_behind objs = {'id': '4-0', 'position': [-1.2899105548858643, 0.04313654825091362, 0.6898483633995056], 'color': 'purple', 'material': 'rubber', 'shape': 'cylinder', 'size': 'large'}, {'id': '4-3', 'position': [-3.231940984725952, -0.15470579266548157, 0.6926762461662292], 'color': 'red', 'material': 'rubber', 'shape': 'cube', 'size': 'large'}
THRESHOLD relate_front objs = {'id': '4-0', 'position': [-1.2899105548858643, 0.04313654825091362, 0.6898483633995056], 'color': 'purple', 'material': 'rubber', 'shape': 'cylinder', 'size': 'large'}, {'id': '4-1', 'position': [3.1759884357452393, 0.281462162733078, 0.683700680732727], 'color': 'purple', 'material': 'rubber', 'shape': 'cylinder', 'size': 'large'}
THRESHOLD relate_front objs = {'id': '4-0', 'position': [-1.2899105548858643, 0.04313654825091362, 0.6898483633995056], 'color': 'purple', 'material': 'rubber', 'shape': 'cylinder', 'size': 'large'}, {'id': '4-2', 'position': [1.4595156908035278, 0.050607599318027496, 0.6904149651527405], 'color': 'purple', 'material': 'rubber', 'shape': 'sphere', 'size': 'large'}
THRESHOLD relate_behind objs = {'id': '4-1', 'position': [3.1759884357452393, 0.281462162733078, 0.683700680732727], 'color': 'purple', 'material': 'rubber', 'shape': 'cylinder', 'size': 'large'}, {'id': '4-0', 'position': [-1.2899105548858643, 0.04313654825091362, 0.6898483633995056], 'color': 'purple', 'material': 'rubber', 'shape': 'cylinder', 'size': 'large'}
THRESHOLD relate_behind objs = {'id': '4-1', 'position': [3.1759884357452393, 0.281462162733078, 0.683700680732727], 'color': 'purple', 'material': 'rubber', 'shape': 'cylinder', 'size': 'large'}, {'id': '4-2', 'position': [1.4595156908035278, 0.050607599318027496, 0.6904149651527405], 'color': 'purple', 'material': 'rubber', 'shape': 'sphere', 'size': 'large'}
THRESHOLD relate_behind objs = {'id': '4-2', 'position': [1.4595156908035278, 0.050607599318027496, 0.6904149651527405], 'color': 'purple', 'material': 'rubber', 'shape': 'sphere', 'size': 'large'}, {'id': '4-0', 'position': [-1.2899105548858643, 0.04313654825091362, 0.6898483633995056], 'color': 'purple', 'material': 'rubber', 'shape': 'cylinder', 'size': 'large'}
THRESHOLD relate_behind objs = {'id': '4-2', 'position': [1.4595156908035278, 0.050607599318027496, 0.6904149651527405], 'color': 'purple', 'material': 'rubber', 'shape': 'sphere', 'size': 'large'}, {'id': '4-3', 'position': [-3.231940984725952, -0.15470579266548157, 0.6926762461662292], 'color': 'red', 'material': 'rubber', 'shape': 'cube', 'size': 'large'}
THRESHOLD relate_front objs = {'id': '4-2', 'position': [1.4595156908035278, 0.050607599318027496, 0.6904149651527405], 'color': 'purple', 'material': 'rubber', 'shape': 'sphere', 'size': 'large'}, {'id': '4-1', 'position': [3.1759884357452393, 0.281462162733078, 0.683700680732727], 'color': 'purple', 'material': 'rubber', 'shape': 'cylinder', 'size': 'large'}
THRESHOLD relate_front objs = {'id': '4-3', 'position': [-3.231940984725952, -0.15470579266548157, 0.6926762461662292], 'color': 'red', 'material': 'rubber', 'shape': 'cube', 'size': 'large'}, {'id': '4-0', 'position': [-1.2899105548858643, 0.04313654825091362, 0.6898483633995056], 'color': 'purple', 'material': 'rubber', 'shape': 'cylinder', 'size': 'large'}
THRESHOLD relate_front objs = {'id': '4-3', 'position': [-3.231940984725952, -0.15470579266548157, 0.6926762461662292], 'color': 'red', 'material': 'rubber', 'shape': 'cube', 'size': 'large'}, {'id': '4-2', 'position': [1.4595156908035278, 0.050607599318027496, 0.6904149651527405], 'color': 'purple', 'material': 'rubber', 'shape': 'sphere', 'size': 'large'}
5.json in train
THRESHOLD relate_front objs = {'id': '5-0', 'position': [-2.773902177810669, -0.1397666037082672, 0.687629759311676], 'color': 'blue', 'material': 'rubber', 'shape': 'cylinder', 'size': 'large'}, {'id': '5-1', 'position': [0.07448883354663849, -0.0036132726818323135, 0.6850669980049133], 'color': 'blue', 'material': 'rubber', 'shape': 'sphere', 'size': 'large'}
THRESHOLD relate_front objs = {'id': '5-0', 'position': [-2.773902177810669, -0.1397666037082672, 0.687629759311676], 'color': 'blue', 'material': 'rubber', 'shape': 'cylinder', 'size': 'large'}, {'id': '5-2', 'position': [2.84004545211792, 0.18964552879333496, 0.6829985976219177], 'color': 'yellow', 'material': 'rubber', 'shape': 'cube', 'size': 'large'}
THRESHOLD relate_behind objs = {'id': '5-1', 'position': [0.07448883354663849, -0.0036132726818323135, 0.6850669980049133], 'color': 'blue', 'material': 'rubber', 'shape': 'sphere', 'size': 'large'}, {'id': '5-0', 'position': [-2.773902177810669, -0.1397666037082672, 0.687629759311676], 'color': 'blue', 'material': 'rubber', 'shape': 'cylinder', 'size': 'large'}
THRESHOLD relate_front objs = {'id': '5-1', 'position': [0.07448883354663849, -0.0036132726818323135, 0.6850669980049133], 'color': 'blue', 'material': 'rubber', 'shape': 'sphere', 'size': 'large'}, {'id': '5-2', 'position': [2.84004545211792, 0.18964552879333496, 0.6829985976219177], 'color': 'yellow', 'material': 'rubber', 'shape': 'cube', 'size': 'large'}
THRESHOLD relate_behind objs = {'id': '5-2', 'position': [2.84004545211792, 0.18964552879333496, 0.6829985976219177], 'color': 'yellow', 'material': 'rubber', 'shape': 'cube', 'size': 'large'}, {'id': '5-0', 'position': [-2.773902177810669, -0.1397666037082672, 0.687629759311676], 'color': 'blue', 'material': 'rubber', 'shape': 'cylinder', 'size': 'large'}
THRESHOLD relate_behind objs = {'id': '5-2', 'position': [2.84004545211792, 0.18964552879333496, 0.6829985976219177], 'color': 'yellow', 'material': 'rubber', 'shape': 'cube', 'size': 'large'}, {'id': '5-1', 'position': [0.07448883354663849, -0.0036132726818323135, 0.6850669980049133], 'color': 'blue', 'material': 'rubber', 'shape': 'sphere', 'size': 'large'}
