Started Logging. 2022-07-10 05:17:14.683271

found bundled python: /home/ubuntu/vdp/data/blender-2.78c-linux-glibc219-x86_64/2.78/python
read blend: /home/ubuntu/vdp/data/clevr_scene_data/base_scene.blend
convertViewVec: called in an invalid context
convertViewVec: called in an invalid context
convertViewVec: called in an invalid context
Fra:1 Mem:19.64M (0.00M, Peak 19.64M) | Time:00:00.00 | Preparing Scene data
Fra:1 Mem:29.78M (0.00M, Peak 31.93M) | Time:00:00.02 | Preparing Scene data
Fra:1 Mem:29.78M (0.00M, Peak 31.93M) | Time:00:00.02 | Creating Shadowbuffers
Fra:1 Mem:29.78M (0.00M, Peak 31.93M) | Time:00:00.02 | Raytree.. preparing
Fra:1 Mem:41.02M (0.00M, Peak 41.02M) | Time:00:00.04 | Raytree.. building
Fra:1 Mem:40.41M (0.00M, Peak 57.96M) | Time:00:00.22 | Raytree finished
Fra:1 Mem:40.41M (0.00M, Peak 57.96M) | Time:00:00.22 | Creating Environment maps
Fra:1 Mem:40.41M (0.00M, Peak 57.96M) | Time:00:00.22 | Caching Point Densities
Fra:1 Mem:40.41M (0.00M, Peak 57.96M) | Time:00:00.22 | Sce: Scene Ve:86022 Fa:81850 La:1
Fra:1 Mem:40.41M (0.00M, Peak 57.96M) | Time:00:00.22 | Loading voxel datasets
Fra:1 Mem:40.41M (0.00M, Peak 57.96M) | Time:00:00.22 | Sce: Scene Ve:86022 Fa:81850 La:1
Fra:1 Mem:40.41M (0.00M, Peak 57.96M) | Time:00:00.22 | Sce: Scene Ve:86022 Fa:81850 La:1
Fra:1 Mem:40.41M (0.00M, Peak 57.96M) | Time:00:00.22 | Volume preprocessing
Fra:1 Mem:40.41M (0.00M, Peak 57.96M) | Time:00:00.22 | Sce: Scene Ve:86022 Fa:81850 La:1
Fra:1 Mem:40.41M (0.00M, Peak 57.96M) | Time:00:00.22 | Sce: Scene Ve:86022 Fa:81850 La:1
Fra:1 Mem:44.76M (0.00M, Peak 57.96M) | Time:00:00.22 | Scene, Part 4-4
Fra:1 Mem:44.49M (0.00M, Peak 57.96M) | Time:00:00.22 | Scene, Part 3-4
Fra:1 Mem:43.51M (0.00M, Peak 57.96M) | Time:00:00.24 | Scene, Part 2-4
Fra:1 Mem:41.67M (0.00M, Peak 57.96M) | Time:00:00.24 | Scene, Part 1-4
Fra:1 Mem:19.53M (0.00M, Peak 57.96M) | Time:00:00.24 | Sce: Scene Ve:86022 Fa:81850 La:1
Saved: '/tmp/tmpxtzqzls0.png'
 Time: 00:00.29 (Saving: 00:00.05)

Fra:1 Mem:19.56M (0.00M, Peak 20.16M) | Time:00:00.09 | Mem:0.00M, Peak:0.00M | Scene, RenderLayer | Synchronizing object | Area
Fra:1 Mem:19.56M (0.00M, Peak 20.16M) | Time:00:00.09 | Mem:0.00M, Peak:0.00M | Scene, RenderLayer | Synchronizing object | Ground
Fra:1 Mem:19.63M (0.00M, Peak 20.16M) | Time:00:00.09 | Mem:0.00M, Peak:0.00M | Scene, RenderLayer | Synchronizing object | Empty
Fra:1 Mem:19.63M (0.00M, Peak 20.16M) | Time:00:00.09 | Mem:0.00M, Peak:0.00M | Scene, RenderLayer | Synchronizing object | Lamp_Back
Fra:1 Mem:19.63M (0.00M, Peak 20.16M) | Time:00:00.09 | Mem:0.00M, Peak:0.00M | Scene, RenderLayer | Synchronizing object | Lamp_Fill
Fra:1 Mem:19.63M (0.00M, Peak 20.16M) | Time:00:00.09 | Mem:0.00M, Peak:0.00M | Scene, RenderLayer | Synchronizing object | Lamp_Key
Fra:1 Mem:19.63M (0.00M, Peak 20.16M) | Time:00:00.09 | Mem:0.00M, Peak:0.00M | Scene, RenderLayer | Synchronizing object | Camera
Fra:1 Mem:19.63M (0.00M, Peak 20.16M) | Time:00:00.09 | Mem:0.00M, Peak:0.00M | Scene, RenderLayer | Synchronizing object | SmoothCylinder_0
Fra:1 Mem:22.41M (0.00M, Peak 25.63M) | Time:00:00.10 | Mem:0.00M, Peak:0.00M | Scene, RenderLayer | Synchronizing object | Sphere_0
Fra:1 Mem:23.90M (0.00M, Peak 25.63M) | Time:00:00.10 | Mem:0.00M, Peak:0.00M | Scene, RenderLayer | Synchronizing object | SmoothCylinder_1
Fra:1 Mem:26.69M (0.00M, Peak 29.91M) | Time:00:00.11 | Mem:0.00M, Peak:0.00M | Scene, RenderLayer | Initializing
Fra:1 Mem:26.69M (0.00M, Peak 29.91M) | Time:00:00.11 | Mem:0.00M, Peak:0.00M | Scene, RenderLayer | Loading render kernels (may take a few minutes the first time)
Fra:1 Mem:26.69M (0.00M, Peak 29.91M) | Time:00:00.16 | Mem:0.00M, Peak:0.00M | Scene, RenderLayer | Waiting for render to start
Fra:1 Mem:26.69M (0.00M, Peak 29.91M) | Time:00:00.16 | Mem:0.00M, Peak:0.00M | Scene, RenderLayer | Updating Scene
Fra:1 Mem:26.69M (0.00M, Peak 29.91M) | Time:00:00.16 | Mem:0.00M, Peak:0.00M | Scene, RenderLayer | Updating Shaders
Fra:1 Mem:27.19M (0.00M, Peak 29.91M) | Time:00:00.24 | Mem:0.00M, Peak:0.00M | Scene, RenderLayer | Updating Background
Fra:1 Mem:27.19M (0.00M, Peak 29.91M) | Time:00:00.24 | Mem:0.00M, Peak:0.00M | Scene, RenderLayer | Updating Camera
Fra:1 Mem:27.19M (0.00M, Peak 29.91M) | Time:00:00.24 | Mem:0.00M, Peak:0.00M | Scene, RenderLayer | Updating Meshes Flags
Fra:1 Mem:27.19M (0.00M, Peak 29.91M) | Time:00:00.24 | Mem:0.00M, Peak:0.00M | Scene, RenderLayer | Updating Objects
Fra:1 Mem:27.19M (0.00M, Peak 29.91M) | Time:00:00.24 | Mem:0.00M, Peak:0.00M | Scene, RenderLayer | Updating Objects | Copying Transformations to device
Fra:1 Mem:27.19M (0.00M, Peak 29.91M) | Time:00:00.24 | Mem:0.00M, Peak:0.00M | Scene, RenderLayer | Updating Objects | Applying Static Transformations
Fra:1 Mem:27.19M (0.00M, Peak 29.91M) | Time:00:00.24 | Mem:0.00M, Peak:0.00M | Scene, RenderLayer | Updating Meshes
Fra:1 Mem:29.70M (0.00M, Peak 29.91M) | Time:00:00.25 | Mem:0.00M, Peak:0.00M | Scene, RenderLayer | Updating Mesh | Computing attributes
Fra:1 Mem:29.93M (0.00M, Peak 29.93M) | Time:00:00.25 | Mem:0.00M, Peak:0.00M | Scene, RenderLayer | Updating Mesh | Copying Attributes to device
Fra:1 Mem:29.93M (0.00M, Peak 30.17M) | Time:00:00.25 | Mem:0.24M, Peak:0.24M | Scene, RenderLayer | Updating Scene BVH | Building
Fra:1 Mem:29.93M (0.00M, Peak 30.17M) | Time:00:00.25 | Mem:0.24M, Peak:0.24M | Scene, RenderLayer | Updating Scene BVH | Building BVH
Fra:1 Mem:39.33M (0.00M, Peak 39.33M) | Time:00:00.36 | Mem:0.24M, Peak:0.24M | Scene, RenderLayer | Updating Scene BVH | Packing BVH triangles and strands
Fra:1 Mem:48.11M (0.00M, Peak 48.11M) | Time:00:00.36 | Mem:0.24M, Peak:0.24M | Scene, RenderLayer | Updating Scene BVH | Packing BVH nodes
Fra:1 Mem:43.25M (0.00M, Peak 50.78M) | Time:00:00.37 | Mem:0.24M, Peak:0.24M | Scene, RenderLayer | Updating Scene BVH | Copying BVH to device
Fra:1 Mem:43.88M (0.00M, Peak 50.78M) | Time:00:00.38 | Mem:13.56M, Peak:13.56M | Scene, RenderLayer | Updating Mesh | Computing normals
Fra:1 Mem:49.63M (0.00M, Peak 50.78M) | Time:00:00.38 | Mem:13.56M, Peak:13.56M | Scene, RenderLayer | Updating Mesh | Copying Mesh to device
Fra:1 Mem:49.00M (0.00M, Peak 50.78M) | Time:00:00.39 | Mem:19.31M, Peak:19.31M | Scene, RenderLayer | Updating Objects Flags
Fra:1 Mem:49.00M (0.00M, Peak 50.78M) | Time:00:00.39 | Mem:19.31M, Peak:19.31M | Scene, RenderLayer | Updating Images
Fra:1 Mem:49.00M (0.00M, Peak 50.78M) | Time:00:00.39 | Mem:19.31M, Peak:19.31M | Scene, RenderLayer | Updating Camera Volume
Fra:1 Mem:49.00M (0.00M, Peak 50.78M) | Time:00:00.39 | Mem:19.31M, Peak:19.31M | Scene, RenderLayer | Updating Hair Systems
Fra:1 Mem:49.00M (0.00M, Peak 50.78M) | Time:00:00.39 | Mem:19.31M, Peak:19.31M | Scene, RenderLayer | Updating Hair settings | Copying Hair settings to device
Fra:1 Mem:49.00M (0.00M, Peak 50.78M) | Time:00:00.39 | Mem:19.31M, Peak:19.31M | Scene, RenderLayer | Updating Lookup Tables
Fra:1 Mem:49.00M (0.00M, Peak 50.78M) | Time:00:00.39 | Mem:19.56M, Peak:19.56M | Scene, RenderLayer | Updating Lights
Fra:1 Mem:49.00M (0.00M, Peak 50.78M) | Time:00:00.39 | Mem:19.56M, Peak:19.56M | Scene, RenderLayer | Updating Lights | Computing distribution
Fra:1 Mem:49.00M (0.00M, Peak 50.78M) | Time:00:00.39 | Mem:19.56M, Peak:19.56M | Scene, RenderLayer | Updating Particle Systems
Fra:1 Mem:49.00M (0.00M, Peak 50.78M) | Time:00:00.39 | Mem:19.56M, Peak:19.56M | Scene, RenderLayer | Updating Particle Systems | Copying Particles to device
Fra:1 Mem:49.00M (0.00M, Peak 50.78M) | Time:00:00.39 | Mem:19.56M, Peak:19.56M | Scene, RenderLayer | Updating Integrator
Fra:1 Mem:49.04M (0.00M, Peak 50.78M) | Time:00:00.39 | Mem:19.60M, Peak:19.60M | Scene, RenderLayer | Updating Film
Fra:1 Mem:49.05M (0.00M, Peak 50.78M) | Time:00:00.39 | Mem:19.60M, Peak:19.60M | Scene, RenderLayer | Updating Lookup Tables
Fra:1 Mem:49.05M (0.00M, Peak 50.78M) | Time:00:00.39 | Mem:19.61M, Peak:19.61M | Scene, RenderLayer | Updating Baking
Fra:1 Mem:49.05M (0.00M, Peak 50.78M) | Time:00:00.39 | Mem:19.61M, Peak:19.61M | Scene, RenderLayer | Updating Device | Writing constant memory
Fra:1 Mem:49.05M (0.00M, Peak 50.78M) | Time:00:00.39 | Mem:19.61M, Peak:19.61M | Scene, RenderLayer | Path Tracing Tile 0/4, Sample 0/512
Fra:1 Mem:51.30M (0.00M, Peak 52.55M) | Time:00:00.39 | Mem:21.86M, Peak:21.86M | Scene, RenderLayer | Path Tracing Tile 1/4, Sample 0/512
Fra:1 Mem:51.30M (0.00M, Peak 53.55M) | Time:00:01.40 | Remaining:00:13.93 | Mem:21.86M, Peak:21.86M | Scene, RenderLayer | Path Tracing Tile 1/4, Sample 81/512
Fra:1 Mem:51.30M (0.00M, Peak 53.55M) | Time:00:02.40 | Remaining:00:11.54 | Mem:21.86M, Peak:21.86M | Scene, RenderLayer | Path Tracing Tile 1/4, Sample 178/512
Fra:1 Mem:51.30M (0.00M, Peak 53.55M) | Time:00:03.40 | Remaining:00:10.13 | Mem:21.86M, Peak:21.86M | Scene, RenderLayer | Path Tracing Tile 1/4, Sample 275/512
Fra:1 Mem:51.30M (0.00M, Peak 53.55M) | Time:00:04.40 | Remaining:00:08.93 | Mem:21.86M, Peak:21.86M | Scene, RenderLayer | Path Tracing Tile 1/4, Sample 372/512
Fra:1 Mem:51.30M (0.00M, Peak 53.55M) | Time:00:05.41 | Remaining:00:07.83 | Mem:21.86M, Peak:21.86M | Scene, RenderLayer | Path Tracing Tile 1/4, Sample 469/512
Fra:1 Mem:49.05M (0.00M, Peak 53.55M) | Time:00:05.86 | Remaining:00:07.35 | Mem:19.61M, Peak:21.86M | Scene, RenderLayer | Path Tracing Tile 1/4, Sample 512/512
Fra:1 Mem:51.02M (0.00M, Peak 53.55M) | Time:00:05.86 | Remaining:00:07.36 | Mem:21.57M, Peak:21.86M | Scene, RenderLayer | Path Tracing Tile 2/4, Sample 512/512
Fra:1 Mem:51.02M (0.00M, Peak 53.55M) | Time:00:06.42 | Remaining:00:06.74 | Mem:21.57M, Peak:21.86M | Scene, RenderLayer | Path Tracing Tile 2/4, Sample 62/512
Fra:1 Mem:51.02M (0.00M, Peak 53.55M) | Time:00:07.42 | Remaining:00:05.67 | Mem:21.57M, Peak:21.86M | Scene, RenderLayer | Path Tracing Tile 2/4, Sample 174/512
Fra:1 Mem:51.02M (0.00M, Peak 53.55M) | Time:00:08.43 | Remaining:00:04.61 | Mem:21.57M, Peak:21.86M | Scene, RenderLayer | Path Tracing Tile 2/4, Sample 286/512
Fra:1 Mem:51.02M (0.00M, Peak 53.55M) | Time:00:09.43 | Remaining:00:03.57 | Mem:21.57M, Peak:21.86M | Scene, RenderLayer | Path Tracing Tile 2/4, Sample 398/512
Fra:1 Mem:51.02M (0.00M, Peak 53.55M) | Time:00:10.44 | Remaining:00:02.54 | Mem:21.57M, Peak:21.86M | Scene, RenderLayer | Path Tracing Tile 2/4, Sample 509/512
Fra:1 Mem:49.05M (0.00M, Peak 53.55M) | Time:00:10.47 | Remaining:00:02.52 | Mem:19.61M, Peak:21.86M | Scene, RenderLayer | Path Tracing Tile 2/4, Sample 512/512
Fra:1 Mem:49.61M (0.00M, Peak 53.55M) | Time:00:10.47 | Remaining:00:02.52 | Mem:20.17M, Peak:21.86M | Scene, RenderLayer | Path Tracing Tile 3/4, Sample 512/512
Fra:1 Mem:49.61M (0.00M, Peak 53.55M) | Time:00:11.44 | Remaining:00:01.98 | Mem:20.17M, Peak:21.86M | Scene, RenderLayer | Path Tracing Tile 3/4, Sample 230/512
Fra:1 Mem:49.61M (0.00M, Peak 53.55M) | Time:00:12.44 | Remaining:00:01.38 | Mem:20.17M, Peak:21.86M | Scene, RenderLayer | Path Tracing Tile 3/4, Sample 465/512
Fra:1 Mem:49.05M (0.00M, Peak 53.55M) | Time:00:12.64 | Remaining:00:01.26 | Mem:19.61M, Peak:21.86M | Scene, RenderLayer | Path Tracing Tile 3/4, Sample 512/512
Fra:1 Mem:49.54M (0.00M, Peak 53.55M) | Time:00:12.64 | Remaining:00:01.26 | Mem:20.10M, Peak:21.86M | Scene, RenderLayer | Path Tracing Tile 4/4, Sample 512/512
Fra:1 Mem:49.54M (0.00M, Peak 53.55M) | Time:00:13.44 | Remaining:00:00.77 | Mem:20.10M, Peak:21.86M | Scene, RenderLayer | Path Tracing Tile 4/4, Sample 206/512
Fra:1 Mem:49.54M (0.00M, Peak 53.55M) | Time:00:14.45 | Remaining:00:00.13 | Mem:20.10M, Peak:21.86M | Scene, RenderLayer | Path Tracing Tile 4/4, Sample 461/512
Fra:1 Mem:49.05M (0.00M, Peak 53.55M) | Time:00:14.65 | Mem:19.61M, Peak:21.86M | Scene, RenderLayer | Path Tracing Tile 4/4, Sample 512/512
Fra:1 Mem:49.05M (0.00M, Peak 53.55M) | Time:00:14.65 | Mem:19.61M, Peak:21.86M | Scene, RenderLayer | Finished
Fra:1 Mem:19.81M (0.00M, Peak 53.55M) | Time:00:14.73 | Sce: Scene Ve:0 Fa:0 La:0
Saved: 'data/clevr-cleaned-puzzles/apocope/render/images/CLEVR_val_000000.png'
 Time: 00:14.77 (Saving: 00:00.03)

read blend: /home/ubuntu/vdp/data/clevr_scene_data/base_scene.blend
convertViewVec: called in an invalid context
convertViewVec: called in an invalid context
convertViewVec: called in an invalid context
convertViewVec: called in an invalid context
Fra:1 Mem:21.90M (0.00M, Peak 21.90M) | Time:00:00.00 | Preparing Scene data
Fra:1 Mem:33.99M (0.00M, Peak 34.97M) | Time:00:00.02 | Preparing Scene data
Fra:1 Mem:33.99M (0.00M, Peak 34.97M) | Time:00:00.02 | Creating Shadowbuffers
Fra:1 Mem:33.99M (0.00M, Peak 34.97M) | Time:00:00.02 | Raytree.. preparing
Fra:1 Mem:47.37M (0.00M, Peak 47.37M) | Time:00:00.03 | Raytree.. building
Fra:1 Mem:46.66M (0.00M, Peak 67.53M) | Time:00:00.25 | Raytree finished
Fra:1 Mem:46.66M (0.00M, Peak 67.53M) | Time:00:00.25 | Creating Environment maps
Fra:1 Mem:46.66M (0.00M, Peak 67.53M) | Time:00:00.25 | Caching Point Densities
Fra:1 Mem:46.66M (0.00M, Peak 67.53M) | Time:00:00.25 | Sce: Scene Ve:101384 Fa:97409 La:1
Fra:1 Mem:46.66M (0.00M, Peak 67.53M) | Time:00:00.25 | Loading voxel datasets
Fra:1 Mem:46.66M (0.00M, Peak 67.53M) | Time:00:00.25 | Sce: Scene Ve:101384 Fa:97409 La:1
Fra:1 Mem:46.66M (0.00M, Peak 67.53M) | Time:00:00.25 | Sce: Scene Ve:101384 Fa:97409 La:1
Fra:1 Mem:46.66M (0.00M, Peak 67.53M) | Time:00:00.25 | Volume preprocessing
Fra:1 Mem:46.66M (0.00M, Peak 67.53M) | Time:00:00.25 | Sce: Scene Ve:101384 Fa:97409 La:1
Fra:1 Mem:46.66M (0.00M, Peak 67.53M) | Time:00:00.25 | Sce: Scene Ve:101384 Fa:97409 La:1
Fra:1 Mem:50.73M (0.00M, Peak 67.53M) | Time:00:00.26 | Scene, Part 3-4
Fra:1 Mem:50.69M (0.00M, Peak 67.53M) | Time:00:00.26 | Scene, Part 4-4
Fra:1 Mem:49.66M (0.00M, Peak 67.53M) | Time:00:00.27 | Scene, Part 1-4
Fra:1 Mem:47.76M (0.00M, Peak 67.53M) | Time:00:00.27 | Scene, Part 2-4
Fra:1 Mem:21.75M (0.00M, Peak 67.53M) | Time:00:00.27 | Sce: Scene Ve:101384 Fa:97409 La:1
Saved: '/tmp/tmpxxgc_xdd.png'
 Time: 00:00.29 (Saving: 00:00.01)

Fra:1 Mem:21.78M (0.00M, Peak 22.38M) | Time:00:00.04 | Mem:0.00M, Peak:0.00M | Scene, RenderLayer | Synchronizing object | Area
Fra:1 Mem:21.78M (0.00M, Peak 22.38M) | Time:00:00.04 | Mem:0.00M, Peak:0.00M | Scene, RenderLayer | Synchronizing object | Ground
Fra:1 Mem:21.85M (0.00M, Peak 22.38M) | Time:00:00.04 | Mem:0.00M, Peak:0.00M | Scene, RenderLayer | Synchronizing object | Empty
Fra:1 Mem:21.85M (0.00M, Peak 22.38M) | Time:00:00.04 | Mem:0.00M, Peak:0.00M | Scene, RenderLayer | Synchronizing object | Lamp_Back
Fra:1 Mem:21.85M (0.00M, Peak 22.38M) | Time:00:00.04 | Mem:0.00M, Peak:0.00M | Scene, RenderLayer | Synchronizing object | Lamp_Fill
Fra:1 Mem:21.85M (0.00M, Peak 22.38M) | Time:00:00.04 | Mem:0.00M, Peak:0.00M | Scene, RenderLayer | Synchronizing object | Lamp_Key
Fra:1 Mem:21.85M (0.00M, Peak 22.38M) | Time:00:00.04 | Mem:0.00M, Peak:0.00M | Scene, RenderLayer | Synchronizing object | Camera
Fra:1 Mem:21.85M (0.00M, Peak 22.38M) | Time:00:00.04 | Mem:0.00M, Peak:0.00M | Scene, RenderLayer | Synchronizing object | SmoothCylinder_0
Fra:1 Mem:24.63M (0.00M, Peak 27.85M) | Time:00:00.05 | Mem:0.00M, Peak:0.00M | Scene, RenderLayer | Synchronizing object | Sphere_0
Fra:1 Mem:25.89M (0.00M, Peak 27.85M) | Time:00:00.06 | Mem:0.00M, Peak:0.00M | Scene, RenderLayer | Synchronizing object | SmoothCylinder_1
Fra:1 Mem:28.67M (0.00M, Peak 31.89M) | Time:00:00.07 | Mem:0.00M, Peak:0.00M | Scene, RenderLayer | Synchronizing object | Sphere_1
Fra:1 Mem:29.93M (0.00M, Peak 31.89M) | Time:00:00.07 | Mem:0.00M, Peak:0.00M | Scene, RenderLayer | Initializing
Fra:1 Mem:29.93M (0.00M, Peak 31.89M) | Time:00:00.07 | Mem:0.00M, Peak:0.00M | Scene, RenderLayer | Loading render kernels (may take a few minutes the first time)
Fra:1 Mem:29.93M (0.00M, Peak 32.64M) | Time:00:00.08 | Mem:0.00M, Peak:0.00M | Scene, RenderLayer | Waiting for render to start
Fra:1 Mem:29.93M (0.00M, Peak 32.64M) | Time:00:00.08 | Mem:0.00M, Peak:0.00M | Scene, RenderLayer | Updating Scene
Fra:1 Mem:29.93M (0.00M, Peak 32.64M) | Time:00:00.08 | Mem:0.00M, Peak:0.00M | Scene, RenderLayer | Updating Shaders
Fra:1 Mem:30.19M (0.00M, Peak 32.64M) | Time:00:00.08 | Mem:0.00M, Peak:0.00M | Scene, RenderLayer | Updating Background
Fra:1 Mem:30.19M (0.00M, Peak 32.64M) | Time:00:00.08 | Mem:0.00M, Peak:0.00M | Scene, RenderLayer | Updating Camera
Fra:1 Mem:30.19M (0.00M, Peak 32.64M) | Time:00:00.08 | Mem:0.00M, Peak:0.00M | Scene, RenderLayer | Updating Meshes Flags
Fra:1 Mem:30.19M (0.00M, Peak 32.64M) | Time:00:00.08 | Mem:0.00M, Peak:0.00M | Scene, RenderLayer | Updating Objects
Fra:1 Mem:30.19M (0.00M, Peak 32.64M) | Time:00:00.08 | Mem:0.00M, Peak:0.00M | Scene, RenderLayer | Updating Objects | Copying Transformations to device
Fra:1 Mem:30.19M (0.00M, Peak 32.64M) | Time:00:00.09 | Mem:0.00M, Peak:0.00M | Scene, RenderLayer | Updating Objects | Applying Static Transformations
Fra:1 Mem:30.19M (0.00M, Peak 32.64M) | Time:00:00.09 | Mem:0.00M, Peak:0.00M | Scene, RenderLayer | Updating Meshes
Fra:1 Mem:33.17M (0.00M, Peak 33.17M) | Time:00:00.09 | Mem:0.00M, Peak:0.00M | Scene, RenderLayer | Updating Mesh | Computing attributes
Fra:1 Mem:33.17M (0.00M, Peak 33.17M) | Time:00:00.09 | Mem:0.00M, Peak:0.00M | Scene, RenderLayer | Updating Mesh | Copying Attributes to device
Fra:1 Mem:33.17M (0.00M, Peak 33.17M) | Time:00:00.09 | Mem:0.00M, Peak:0.00M | Scene, RenderLayer | Updating Scene BVH | Building
Fra:1 Mem:33.17M (0.00M, Peak 33.17M) | Time:00:00.09 | Mem:0.00M, Peak:0.00M | Scene, RenderLayer | Updating Scene BVH | Building BVH
Fra:1 Mem:44.33M (0.00M, Peak 44.33M) | Time:00:00.23 | Mem:0.00M, Peak:0.00M | Scene, RenderLayer | Updating Scene BVH | Packing BVH triangles and strands
Fra:1 Mem:54.74M (0.00M, Peak 54.74M) | Time:00:00.24 | Mem:0.00M, Peak:0.00M | Scene, RenderLayer | Updating Scene BVH | Packing BVH nodes
Fra:1 Mem:48.95M (0.00M, Peak 57.88M) | Time:00:00.25 | Mem:0.00M, Peak:0.00M | Scene, RenderLayer | Updating Scene BVH | Copying BVH to device
Fra:1 Mem:49.70M (0.00M, Peak 57.88M) | Time:00:00.26 | Mem:15.79M, Peak:15.79M | Scene, RenderLayer | Updating Mesh | Computing normals
Fra:1 Mem:56.50M (0.00M, Peak 57.88M) | Time:00:00.26 | Mem:15.79M, Peak:15.79M | Scene, RenderLayer | Updating Mesh | Copying Mesh to device
Fra:1 Mem:55.76M (0.00M, Peak 57.88M) | Time:00:00.27 | Mem:22.60M, Peak:22.60M | Scene, RenderLayer | Updating Objects Flags
Fra:1 Mem:55.76M (0.00M, Peak 57.88M) | Time:00:00.27 | Mem:22.60M, Peak:22.60M | Scene, RenderLayer | Updating Images
Fra:1 Mem:55.76M (0.00M, Peak 57.88M) | Time:00:00.27 | Mem:22.60M, Peak:22.60M | Scene, RenderLayer | Updating Camera Volume
Fra:1 Mem:55.76M (0.00M, Peak 57.88M) | Time:00:00.27 | Mem:22.60M, Peak:22.60M | Scene, RenderLayer | Updating Hair Systems
Fra:1 Mem:55.76M (0.00M, Peak 57.88M) | Time:00:00.27 | Mem:22.60M, Peak:22.60M | Scene, RenderLayer | Updating Hair settings | Copying Hair settings to device
Fra:1 Mem:55.76M (0.00M, Peak 57.88M) | Time:00:00.27 | Mem:22.60M, Peak:22.60M | Scene, RenderLayer | Updating Lookup Tables
Fra:1 Mem:55.76M (0.00M, Peak 57.88M) | Time:00:00.27 | Mem:22.85M, Peak:22.85M | Scene, RenderLayer | Updating Lights
Fra:1 Mem:55.76M (0.00M, Peak 57.88M) | Time:00:00.27 | Mem:22.85M, Peak:22.85M | Scene, RenderLayer | Updating Lights | Computing distribution
Fra:1 Mem:55.76M (0.00M, Peak 57.88M) | Time:00:00.27 | Mem:22.85M, Peak:22.85M | Scene, RenderLayer | Updating Particle Systems
Fra:1 Mem:55.76M (0.00M, Peak 57.88M) | Time:00:00.27 | Mem:22.85M, Peak:22.85M | Scene, RenderLayer | Updating Particle Systems | Copying Particles to device
Fra:1 Mem:55.76M (0.00M, Peak 57.88M) | Time:00:00.27 | Mem:22.85M, Peak:22.85M | Scene, RenderLayer | Updating Integrator
Fra:1 Mem:55.80M (0.00M, Peak 57.88M) | Time:00:00.27 | Mem:22.89M, Peak:22.89M | Scene, RenderLayer | Updating Film
Fra:1 Mem:55.80M (0.00M, Peak 57.88M) | Time:00:00.27 | Mem:22.89M, Peak:22.89M | Scene, RenderLayer | Updating Lookup Tables
Fra:1 Mem:55.80M (0.00M, Peak 57.88M) | Time:00:00.27 | Mem:22.89M, Peak:22.89M | Scene, RenderLayer | Updating Baking
Fra:1 Mem:55.80M (0.00M, Peak 57.88M) | Time:00:00.27 | Mem:22.89M, Peak:22.89M | Scene, RenderLayer | Updating Device | Writing constant memory
Fra:1 Mem:55.80M (0.00M, Peak 57.88M) | Time:00:00.27 | Mem:22.89M, Peak:22.89M | Scene, RenderLayer | Path Tracing Tile 0/4, Sample 0/512
Fra:1 Mem:58.05M (0.00M, Peak 59.30M) | Time:00:00.27 | Mem:25.14M, Peak:25.14M | Scene, RenderLayer | Path Tracing Tile 1/4, Sample 0/512
Fra:1 Mem:58.05M (0.00M, Peak 60.30M) | Time:00:01.27 | Remaining:00:11.80 | Mem:25.14M, Peak:25.14M | Scene, RenderLayer | Path Tracing Tile 1/4, Sample 94/512
Fra:1 Mem:58.05M (0.00M, Peak 60.30M) | Time:00:02.28 | Remaining:00:10.76 | Mem:25.14M, Peak:25.14M | Scene, RenderLayer | Path Tracing Tile 1/4, Sample 189/512
Fra:1 Mem:58.05M (0.00M, Peak 60.30M) | Time:00:03.29 | Remaining:00:09.74 | Mem:25.14M, Peak:25.14M | Scene, RenderLayer | Path Tracing Tile 1/4, Sample 284/512
Fra:1 Mem:58.05M (0.00M, Peak 60.30M) | Time:00:04.30 | Remaining:00:08.73 | Mem:25.14M, Peak:25.14M | Scene, RenderLayer | Path Tracing Tile 1/4, Sample 379/512
Fra:1 Mem:58.05M (0.00M, Peak 60.30M) | Time:00:05.30 | Remaining:00:07.74 | Mem:25.14M, Peak:25.14M | Scene, RenderLayer | Path Tracing Tile 1/4, Sample 473/512
Fra:1 Mem:55.80M (0.00M, Peak 60.30M) | Time:00:05.72 | Remaining:00:07.33 | Mem:22.89M, Peak:25.14M | Scene, RenderLayer | Path Tracing Tile 1/4, Sample 512/512
Fra:1 Mem:57.77M (0.00M, Peak 60.30M) | Time:00:05.73 | Remaining:00:07.33 | Mem:24.86M, Peak:25.14M | Scene, RenderLayer | Path Tracing Tile 2/4, Sample 512/512
Fra:1 Mem:57.77M (0.00M, Peak 60.30M) | Time:00:06.31 | Remaining:00:06.72 | Mem:24.86M, Peak:25.14M | Scene, RenderLayer | Path Tracing Tile 2/4, Sample 64/512
Fra:1 Mem:57.77M (0.00M, Peak 60.30M) | Time:00:07.32 | Remaining:00:05.68 | Mem:24.86M, Peak:25.14M | Scene, RenderLayer | Path Tracing Tile 2/4, Sample 174/512
Fra:1 Mem:57.77M (0.00M, Peak 60.30M) | Time:00:08.32 | Remaining:00:04.65 | Mem:24.86M, Peak:25.14M | Scene, RenderLayer | Path Tracing Tile 2/4, Sample 284/512
Fra:1 Mem:57.77M (0.00M, Peak 60.30M) | Time:00:09.33 | Remaining:00:03.64 | Mem:24.86M, Peak:25.14M | Scene, RenderLayer | Path Tracing Tile 2/4, Sample 393/512
Fra:1 Mem:57.77M (0.00M, Peak 60.30M) | Time:00:10.33 | Remaining:00:02.63 | Mem:24.86M, Peak:25.14M | Scene, RenderLayer | Path Tracing Tile 2/4, Sample 502/512
Fra:1 Mem:55.80M (0.00M, Peak 60.30M) | Time:00:10.42 | Remaining:00:02.53 | Mem:22.89M, Peak:25.14M | Scene, RenderLayer | Path Tracing Tile 2/4, Sample 512/512
Fra:1 Mem:56.37M (0.00M, Peak 60.30M) | Time:00:10.43 | Remaining:00:02.53 | Mem:23.45M, Peak:25.14M | Scene, RenderLayer | Path Tracing Tile 3/4, Sample 512/512
Fra:1 Mem:56.37M (0.00M, Peak 60.30M) | Time:00:11.33 | Remaining:00:02.03 | Mem:23.45M, Peak:25.14M | Scene, RenderLayer | Path Tracing Tile 3/4, Sample 214/512
Fra:1 Mem:56.37M (0.00M, Peak 60.30M) | Time:00:12.34 | Remaining:00:01.43 | Mem:23.45M, Peak:25.14M | Scene, RenderLayer | Path Tracing Tile 3/4, Sample 449/512
Fra:1 Mem:55.80M (0.00M, Peak 60.30M) | Time:00:12.61 | Remaining:00:01.27 | Mem:22.89M, Peak:25.14M | Scene, RenderLayer | Path Tracing Tile 3/4, Sample 512/512
Fra:1 Mem:56.29M (0.00M, Peak 60.30M) | Time:00:12.61 | Remaining:00:01.27 | Mem:23.38M, Peak:25.14M | Scene, RenderLayer | Path Tracing Tile 4/4, Sample 512/512
Fra:1 Mem:56.29M (0.00M, Peak 60.30M) | Time:00:13.34 | Remaining:00:00.82 | Mem:23.38M, Peak:25.14M | Scene, RenderLayer | Path Tracing Tile 4/4, Sample 187/512
Fra:1 Mem:56.29M (0.00M, Peak 60.30M) | Time:00:14.34 | Remaining:00:00.18 | Mem:23.38M, Peak:25.14M | Scene, RenderLayer | Path Tracing Tile 4/4, Sample 441/512
Fra:1 Mem:55.80M (0.00M, Peak 60.30M) | Time:00:14.62 | Mem:22.89M, Peak:25.14M | Scene, RenderLayer | Path Tracing Tile 4/4, Sample 512/512
Fra:1 Mem:55.80M (0.00M, Peak 60.30M) | Time:00:14.62 | Mem:22.89M, Peak:25.14M | Scene, RenderLayer | Finished
Fra:1 Mem:21.78M (0.00M, Peak 60.30M) | Time:00:14.70 | Sce: Scene Ve:0 Fa:0 La:0
Saved: 'data/clevr-cleaned-puzzles/apocope/render/images/CLEVR_val_000001.png'
 Time: 00:14.74 (Saving: 00:00.03)

read blend: /home/ubuntu/vdp/data/clevr_scene_data/base_scene.blend
convertViewVec: called in an invalid context
convertViewVec: called in an invalid context
Fra:1 Mem:15.63M (0.00M, Peak 15.63M) | Time:00:00.00 | Preparing Scene data
Fra:1 Mem:21.68M (0.00M, Peak 22.66M) | Time:00:00.01 | Preparing Scene data
Fra:1 Mem:21.68M (0.00M, Peak 22.66M) | Time:00:00.01 | Creating Shadowbuffers
Fra:1 Mem:21.68M (0.00M, Peak 22.66M) | Time:00:00.01 | Raytree.. preparing
Fra:1 Mem:28.37M (0.00M, Peak 28.37M) | Time:00:00.01 | Raytree.. building
Fra:1 Mem:28.00M (0.00M, Peak 38.45M) | Time:00:00.12 | Raytree finished
Fra:1 Mem:28.00M (0.00M, Peak 38.45M) | Time:00:00.12 | Creating Environment maps
Fra:1 Mem:28.00M (0.00M, Peak 38.45M) | Time:00:00.12 | Caching Point Densities
Fra:1 Mem:28.00M (0.00M, Peak 38.45M) | Time:00:00.12 | Sce: Scene Ve:50692 Fa:48706 La:1
Fra:1 Mem:28.00M (0.00M, Peak 38.45M) | Time:00:00.12 | Loading voxel datasets
Fra:1 Mem:28.00M (0.00M, Peak 38.45M) | Time:00:00.12 | Sce: Scene Ve:50692 Fa:48706 La:1
Fra:1 Mem:28.01M (0.00M, Peak 38.45M) | Time:00:00.12 | Sce: Scene Ve:50692 Fa:48706 La:1
Fra:1 Mem:28.01M (0.00M, Peak 38.45M) | Time:00:00.12 | Volume preprocessing
Fra:1 Mem:28.01M (0.00M, Peak 38.45M) | Time:00:00.12 | Sce: Scene Ve:50692 Fa:48706 La:1
Fra:1 Mem:28.01M (0.00M, Peak 38.45M) | Time:00:00.12 | Sce: Scene Ve:50692 Fa:48706 La:1
Fra:1 Mem:32.35M (0.00M, Peak 38.45M) | Time:00:00.12 | Scene, Part 3-4
Fra:1 Mem:32.04M (0.00M, Peak 38.45M) | Time:00:00.12 | Scene, Part 4-4
Fra:1 Mem:31.01M (0.00M, Peak 38.45M) | Time:00:00.13 | Scene, Part 1-4
Fra:1 Mem:29.10M (0.00M, Peak 38.45M) | Time:00:00.13 | Scene, Part 2-4
Fra:1 Mem:15.55M (0.00M, Peak 38.45M) | Time:00:00.14 | Sce: Scene Ve:50692 Fa:48706 La:1
Saved: '/tmp/tmpidnvtujq.png'
 Time: 00:00.15 (Saving: 00:00.01)

Fra:1 Mem:15.58M (0.00M, Peak 16.18M) | Time:00:00.04 | Mem:0.00M, Peak:0.00M | Scene, RenderLayer | Synchronizing object | Area
Fra:1 Mem:15.58M (0.00M, Peak 16.18M) | Time:00:00.04 | Mem:0.00M, Peak:0.00M | Scene, RenderLayer | Synchronizing object | Ground
Fra:1 Mem:15.65M (0.00M, Peak 16.18M) | Time:00:00.04 | Mem:0.00M, Peak:0.00M | Scene, RenderLayer | Synchronizing object | Empty
Fra:1 Mem:15.65M (0.00M, Peak 16.18M) | Time:00:00.04 | Mem:0.00M, Peak:0.00M | Scene, RenderLayer | Synchronizing object | Lamp_Back
Fra:1 Mem:15.65M (0.00M, Peak 16.18M) | Time:00:00.04 | Mem:0.00M, Peak:0.00M | Scene, RenderLayer | Synchronizing object | Lamp_Fill
Fra:1 Mem:15.65M (0.00M, Peak 16.18M) | Time:00:00.04 | Mem:0.00M, Peak:0.00M | Scene, RenderLayer | Synchronizing object | Lamp_Key
Fra:1 Mem:15.65M (0.00M, Peak 16.18M) | Time:00:00.04 | Mem:0.00M, Peak:0.00M | Scene, RenderLayer | Synchronizing object | Camera
Fra:1 Mem:15.65M (0.00M, Peak 16.18M) | Time:00:00.04 | Mem:0.00M, Peak:0.00M | Scene, RenderLayer | Synchronizing object | SmoothCylinder_0
Fra:1 Mem:18.43M (0.00M, Peak 21.65M) | Time:00:00.05 | Mem:0.00M, Peak:0.00M | Scene, RenderLayer | Synchronizing object | Sphere_0
Fra:1 Mem:19.69M (0.00M, Peak 21.65M) | Time:00:00.06 | Mem:0.00M, Peak:0.00M | Scene, RenderLayer | Initializing
Fra:1 Mem:19.69M (0.00M, Peak 21.65M) | Time:00:00.06 | Mem:0.00M, Peak:0.00M | Scene, RenderLayer | Loading render kernels (may take a few minutes the first time)
Fra:1 Mem:19.69M (0.00M, Peak 22.39M) | Time:00:00.07 | Mem:0.00M, Peak:0.00M | Scene, RenderLayer | Waiting for render to start
Fra:1 Mem:19.69M (0.00M, Peak 22.39M) | Time:00:00.07 | Mem:0.00M, Peak:0.00M | Scene, RenderLayer | Updating Scene
Fra:1 Mem:19.69M (0.00M, Peak 22.39M) | Time:00:00.07 | Mem:0.00M, Peak:0.00M | Scene, RenderLayer | Updating Shaders
Fra:1 Mem:19.94M (0.00M, Peak 22.39M) | Time:00:00.07 | Mem:0.00M, Peak:0.00M | Scene, RenderLayer | Updating Background
Fra:1 Mem:19.94M (0.00M, Peak 22.39M) | Time:00:00.07 | Mem:0.00M, Peak:0.00M | Scene, RenderLayer | Updating Camera
Fra:1 Mem:19.94M (0.00M, Peak 22.39M) | Time:00:00.07 | Mem:0.00M, Peak:0.00M | Scene, RenderLayer | Updating Meshes Flags
Fra:1 Mem:19.94M (0.00M, Peak 22.39M) | Time:00:00.07 | Mem:0.00M, Peak:0.00M | Scene, RenderLayer | Updating Objects
Fra:1 Mem:19.94M (0.00M, Peak 22.39M) | Time:00:00.07 | Mem:0.00M, Peak:0.00M | Scene, RenderLayer | Updating Objects | Copying Transformations to device
Fra:1 Mem:19.94M (0.00M, Peak 22.39M) | Time:00:00.07 | Mem:0.00M, Peak:0.00M | Scene, RenderLayer | Updating Objects | Applying Static Transformations
Fra:1 Mem:19.94M (0.00M, Peak 22.39M) | Time:00:00.07 | Mem:0.00M, Peak:0.00M | Scene, RenderLayer | Updating Meshes
Fra:1 Mem:21.44M (0.00M, Peak 22.39M) | Time:00:00.08 | Mem:0.00M, Peak:0.00M | Scene, RenderLayer | Updating Mesh | Computing attributes
Fra:1 Mem:21.44M (0.00M, Peak 22.39M) | Time:00:00.08 | Mem:0.00M, Peak:0.00M | Scene, RenderLayer | Updating Mesh | Copying Attributes to device
Fra:1 Mem:21.44M (0.00M, Peak 22.39M) | Time:00:00.08 | Mem:0.00M, Peak:0.00M | Scene, RenderLayer | Updating Scene BVH | Building
Fra:1 Mem:21.44M (0.00M, Peak 22.39M) | Time:00:00.08 | Mem:0.00M, Peak:0.00M | Scene, RenderLayer | Updating Scene BVH | Building BVH
Fra:1 Mem:27.06M (0.00M, Peak 27.07M) | Time:00:00.14 | Mem:0.00M, Peak:0.00M | Scene, RenderLayer | Updating Scene BVH | Packing BVH triangles and strands
Fra:1 Mem:32.31M (0.00M, Peak 32.31M) | Time:00:00.15 | Mem:0.00M, Peak:0.00M | Scene, RenderLayer | Updating Scene BVH | Packing BVH nodes
Fra:1 Mem:29.39M (0.00M, Peak 33.89M) | Time:00:00.16 | Mem:0.00M, Peak:0.00M | Scene, RenderLayer | Updating Scene BVH | Copying BVH to device
Fra:1 Mem:29.77M (0.00M, Peak 33.89M) | Time:00:00.16 | Mem:7.95M, Peak:7.95M | Scene, RenderLayer | Updating Mesh | Computing normals
Fra:1 Mem:33.20M (0.00M, Peak 33.89M) | Time:00:00.16 | Mem:7.95M, Peak:7.95M | Scene, RenderLayer | Updating Mesh | Copying Mesh to device
Fra:1 Mem:32.82M (0.00M, Peak 33.89M) | Time:00:00.16 | Mem:11.39M, Peak:11.39M | Scene, RenderLayer | Updating Objects Flags
Fra:1 Mem:32.82M (0.00M, Peak 33.89M) | Time:00:00.16 | Mem:11.39M, Peak:11.39M | Scene, RenderLayer | Updating Images
Fra:1 Mem:32.82M (0.00M, Peak 33.89M) | Time:00:00.16 | Mem:11.39M, Peak:11.39M | Scene, RenderLayer | Updating Camera Volume
Fra:1 Mem:32.82M (0.00M, Peak 33.89M) | Time:00:00.16 | Mem:11.39M, Peak:11.39M | Scene, RenderLayer | Updating Hair Systems
Fra:1 Mem:32.82M (0.00M, Peak 33.89M) | Time:00:00.16 | Mem:11.39M, Peak:11.39M | Scene, RenderLayer | Updating Hair settings | Copying Hair settings to device
Fra:1 Mem:32.82M (0.00M, Peak 33.89M) | Time:00:00.16 | Mem:11.39M, Peak:11.39M | Scene, RenderLayer | Updating Lookup Tables
Fra:1 Mem:32.82M (0.00M, Peak 33.89M) | Time:00:00.16 | Mem:11.64M, Peak:11.64M | Scene, RenderLayer | Updating Lights
Fra:1 Mem:32.83M (0.00M, Peak 33.89M) | Time:00:00.16 | Mem:11.64M, Peak:11.64M | Scene, RenderLayer | Updating Lights | Computing distribution
Fra:1 Mem:32.83M (0.00M, Peak 33.89M) | Time:00:00.16 | Mem:11.64M, Peak:11.64M | Scene, RenderLayer | Updating Particle Systems
Fra:1 Mem:32.83M (0.00M, Peak 33.89M) | Time:00:00.16 | Mem:11.64M, Peak:11.64M | Scene, RenderLayer | Updating Particle Systems | Copying Particles to device
Fra:1 Mem:32.83M (0.00M, Peak 33.89M) | Time:00:00.16 | Mem:11.64M, Peak:11.64M | Scene, RenderLayer | Updating Integrator
Fra:1 Mem:32.87M (0.00M, Peak 33.89M) | Time:00:00.16 | Mem:11.68M, Peak:11.68M | Scene, RenderLayer | Updating Film
Fra:1 Mem:32.87M (0.00M, Peak 33.89M) | Time:00:00.16 | Mem:11.68M, Peak:11.68M | Scene, RenderLayer | Updating Lookup Tables
Fra:1 Mem:32.87M (0.00M, Peak 33.89M) | Time:00:00.16 | Mem:11.68M, Peak:11.68M | Scene, RenderLayer | Updating Baking
Fra:1 Mem:32.87M (0.00M, Peak 33.89M) | Time:00:00.16 | Mem:11.68M, Peak:11.68M | Scene, RenderLayer | Updating Device | Writing constant memory
Fra:1 Mem:32.87M (0.00M, Peak 33.89M) | Time:00:00.16 | Mem:11.68M, Peak:11.68M | Scene, RenderLayer | Path Tracing Tile 0/4, Sample 0/512
Fra:1 Mem:35.12M (0.00M, Peak 36.37M) | Time:00:00.17 | Mem:13.93M, Peak:13.93M | Scene, RenderLayer | Path Tracing Tile 1/4, Sample 0/512
Fra:1 Mem:35.12M (0.00M, Peak 37.37M) | Time:00:01.17 | Remaining:00:10.41 | Mem:13.93M, Peak:13.93M | Scene, RenderLayer | Path Tracing Tile 1/4, Sample 106/512
Fra:1 Mem:35.12M (0.00M, Peak 37.37M) | Time:00:02.18 | Remaining:00:09.37 | Mem:13.93M, Peak:13.93M | Scene, RenderLayer | Path Tracing Tile 1/4, Sample 212/512
Fra:1 Mem:35.12M (0.00M, Peak 37.37M) | Time:00:03.18 | Remaining:00:08.37 | Mem:13.93M, Peak:13.93M | Scene, RenderLayer | Path Tracing Tile 1/4, Sample 318/512
Fra:1 Mem:35.12M (0.00M, Peak 37.37M) | Time:00:04.19 | Remaining:00:07.38 | Mem:13.93M, Peak:13.93M | Scene, RenderLayer | Path Tracing Tile 1/4, Sample 423/512
Fra:1 Mem:32.87M (0.00M, Peak 37.37M) | Time:00:05.04 | Remaining:00:06.54 | Mem:11.68M, Peak:13.93M | Scene, RenderLayer | Path Tracing Tile 1/4, Sample 512/512
Fra:1 Mem:34.84M (0.00M, Peak 37.37M) | Time:00:05.04 | Remaining:00:06.55 | Mem:13.65M, Peak:13.93M | Scene, RenderLayer | Path Tracing Tile 2/4, Sample 512/512
Fra:1 Mem:34.84M (0.00M, Peak 37.37M) | Time:00:05.19 | Remaining:00:06.41 | Mem:13.65M, Peak:13.93M | Scene, RenderLayer | Path Tracing Tile 2/4, Sample 17/512
Fra:1 Mem:34.84M (0.00M, Peak 37.37M) | Time:00:06.20 | Remaining:00:05.48 | Mem:13.65M, Peak:13.93M | Scene, RenderLayer | Path Tracing Tile 2/4, Sample 133/512
Fra:1 Mem:34.84M (0.00M, Peak 37.37M) | Time:00:07.20 | Remaining:00:04.53 | Mem:13.65M, Peak:13.93M | Scene, RenderLayer | Path Tracing Tile 2/4, Sample 249/512
Fra:1 Mem:34.84M (0.00M, Peak 37.37M) | Time:00:08.21 | Remaining:00:03.57 | Mem:13.65M, Peak:13.93M | Scene, RenderLayer | Path Tracing Tile 2/4, Sample 364/512
Fra:1 Mem:34.84M (0.00M, Peak 37.37M) | Time:00:09.21 | Remaining:00:02.62 | Mem:13.65M, Peak:13.93M | Scene, RenderLayer | Path Tracing Tile 2/4, Sample 478/512
Fra:1 Mem:32.87M (0.00M, Peak 37.37M) | Time:00:09.51 | Remaining:00:02.33 | Mem:11.68M, Peak:13.93M | Scene, RenderLayer | Path Tracing Tile 2/4, Sample 512/512
Fra:1 Mem:33.43M (0.00M, Peak 37.37M) | Time:00:09.51 | Remaining:00:02.33 | Mem:12.24M, Peak:13.93M | Scene, RenderLayer | Path Tracing Tile 3/4, Sample 512/512
Fra:1 Mem:33.43M (0.00M, Peak 37.37M) | Time:00:10.21 | Remaining:00:01.98 | Mem:12.24M, Peak:13.93M | Scene, RenderLayer | Path Tracing Tile 3/4, Sample 168/512
Fra:1 Mem:33.43M (0.00M, Peak 37.37M) | Time:00:11.21 | Remaining:00:01.43 | Mem:12.24M, Peak:13.93M | Scene, RenderLayer | Path Tracing Tile 3/4, Sample 407/512
Fra:1 Mem:32.87M (0.00M, Peak 37.37M) | Time:00:11.66 | Remaining:00:01.18 | Mem:11.68M, Peak:13.93M | Scene, RenderLayer | Path Tracing Tile 3/4, Sample 512/512
Fra:1 Mem:33.36M (0.00M, Peak 37.37M) | Time:00:11.66 | Remaining:00:01.18 | Mem:12.17M, Peak:13.93M | Scene, RenderLayer | Path Tracing Tile 4/4, Sample 512/512
Fra:1 Mem:33.36M (0.00M, Peak 37.37M) | Time:00:12.21 | Remaining:00:00.86 | Mem:12.17M, Peak:13.93M | Scene, RenderLayer | Path Tracing Tile 4/4, Sample 144/512
Fra:1 Mem:33.36M (0.00M, Peak 37.37M) | Time:00:13.22 | Remaining:00:00.26 | Mem:12.17M, Peak:13.93M | Scene, RenderLayer | Path Tracing Tile 4/4, Sample 401/512
Fra:1 Mem:32.87M (0.00M, Peak 37.37M) | Time:00:13.65 | Mem:11.68M, Peak:13.93M | Scene, RenderLayer | Path Tracing Tile 4/4, Sample 512/512
Fra:1 Mem:32.87M (0.00M, Peak 37.37M) | Time:00:13.65 | Mem:11.68M, Peak:13.93M | Scene, RenderLayer | Finished
Fra:1 Mem:15.58M (0.00M, Peak 37.37M) | Time:00:13.73 | Sce: Scene Ve:0 Fa:0 La:0
Saved: 'data/clevr-cleaned-puzzles/apocope/render/images/CLEVR_val_000002.png'
 Time: 00:13.77 (Saving: 00:00.03)

read blend: /home/ubuntu/vdp/data/clevr_scene_data/base_scene.blend
convertViewVec: called in an invalid context
convertViewVec: called in an invalid context
Fra:1 Mem:15.64M (0.00M, Peak 15.64M) | Time:00:00.00 | Preparing Scene data
Fra:1 Mem:21.68M (0.00M, Peak 23.83M) | Time:00:00.01 | Preparing Scene data
Fra:1 Mem:21.68M (0.00M, Peak 23.83M) | Time:00:00.01 | Creating Shadowbuffers
Fra:1 Mem:21.68M (0.00M, Peak 23.83M) | Time:00:00.01 | Raytree.. preparing
Fra:1 Mem:28.37M (0.00M, Peak 28.37M) | Time:00:00.01 | Raytree.. building
Fra:1 Mem:28.03M (0.00M, Peak 38.47M) | Time:00:00.12 | Raytree finished
Fra:1 Mem:28.03M (0.00M, Peak 38.47M) | Time:00:00.12 | Creating Environment maps
Fra:1 Mem:28.03M (0.00M, Peak 38.47M) | Time:00:00.12 | Caching Point Densities
Fra:1 Mem:28.03M (0.00M, Peak 38.47M) | Time:00:00.12 | Sce: Scene Ve:50692 Fa:48698 La:1
Fra:1 Mem:28.03M (0.00M, Peak 38.47M) | Time:00:00.12 | Loading voxel datasets
Fra:1 Mem:28.03M (0.00M, Peak 38.47M) | Time:00:00.12 | Sce: Scene Ve:50692 Fa:48698 La:1
Fra:1 Mem:28.03M (0.00M, Peak 38.47M) | Time:00:00.12 | Sce: Scene Ve:50692 Fa:48698 La:1
Fra:1 Mem:28.03M (0.00M, Peak 38.47M) | Time:00:00.12 | Volume preprocessing
Fra:1 Mem:28.03M (0.00M, Peak 38.47M) | Time:00:00.12 | Sce: Scene Ve:50692 Fa:48698 La:1
Fra:1 Mem:28.03M (0.00M, Peak 38.47M) | Time:00:00.12 | Sce: Scene Ve:50692 Fa:48698 La:1
Fra:1 Mem:32.10M (0.00M, Peak 38.47M) | Time:00:00.12 | Scene, Part 3-4
Fra:1 Mem:32.06M (0.00M, Peak 38.47M) | Time:00:00.12 | Scene, Part 4-4
Fra:1 Mem:31.13M (0.00M, Peak 38.47M) | Time:00:00.14 | Scene, Part 2-4
Fra:1 Mem:29.28M (0.00M, Peak 38.47M) | Time:00:00.14 | Scene, Part 1-4
Fra:1 Mem:15.56M (0.00M, Peak 38.47M) | Time:00:00.14 | Sce: Scene Ve:50692 Fa:48698 La:1
Saved: '/tmp/tmp_u0xlhzh.png'
 Time: 00:00.16 (Saving: 00:00.01)

Fra:1 Mem:15.59M (0.00M, Peak 16.18M) | Time:00:00.04 | Mem:0.00M, Peak:0.00M | Scene, RenderLayer | Synchronizing object | Area
Fra:1 Mem:15.59M (0.00M, Peak 16.18M) | Time:00:00.04 | Mem:0.00M, Peak:0.00M | Scene, RenderLayer | Synchronizing object | Ground
Fra:1 Mem:15.65M (0.00M, Peak 16.18M) | Time:00:00.04 | Mem:0.00M, Peak:0.00M | Scene, RenderLayer | Synchronizing object | Empty
Fra:1 Mem:15.65M (0.00M, Peak 16.18M) | Time:00:00.04 | Mem:0.00M, Peak:0.00M | Scene, RenderLayer | Synchronizing object | Lamp_Back
Fra:1 Mem:15.65M (0.00M, Peak 16.18M) | Time:00:00.04 | Mem:0.00M, Peak:0.00M | Scene, RenderLayer | Synchronizing object | Lamp_Fill
Fra:1 Mem:15.65M (0.00M, Peak 16.18M) | Time:00:00.04 | Mem:0.00M, Peak:0.00M | Scene, RenderLayer | Synchronizing object | Lamp_Key
Fra:1 Mem:15.65M (0.00M, Peak 16.18M) | Time:00:00.04 | Mem:0.00M, Peak:0.00M | Scene, RenderLayer | Synchronizing object | Camera
Fra:1 Mem:15.65M (0.00M, Peak 16.18M) | Time:00:00.04 | Mem:0.00M, Peak:0.00M | Scene, RenderLayer | Synchronizing object | Sphere_0
Fra:1 Mem:16.91M (0.00M, Peak 18.41M) | Time:00:00.05 | Mem:0.00M, Peak:0.00M | Scene, RenderLayer | Synchronizing object | SmoothCylinder_0
Fra:1 Mem:19.70M (0.00M, Peak 22.92M) | Time:00:00.05 | Mem:0.00M, Peak:0.00M | Scene, RenderLayer | Initializing
Fra:1 Mem:19.70M (0.00M, Peak 22.92M) | Time:00:00.06 | Mem:0.00M, Peak:0.00M | Scene, RenderLayer | Loading render kernels (may take a few minutes the first time)
Fra:1 Mem:19.70M (0.00M, Peak 22.92M) | Time:00:00.07 | Mem:0.00M, Peak:0.00M | Scene, RenderLayer | Waiting for render to start
Fra:1 Mem:19.70M (0.00M, Peak 22.92M) | Time:00:00.07 | Mem:0.00M, Peak:0.00M | Scene, RenderLayer | Updating Scene
Fra:1 Mem:19.70M (0.00M, Peak 22.92M) | Time:00:00.07 | Mem:0.00M, Peak:0.00M | Scene, RenderLayer | Updating Shaders
Fra:1 Mem:19.95M (0.00M, Peak 22.92M) | Time:00:00.07 | Mem:0.00M, Peak:0.00M | Scene, RenderLayer | Updating Background
Fra:1 Mem:19.95M (0.00M, Peak 22.92M) | Time:00:00.07 | Mem:0.00M, Peak:0.00M | Scene, RenderLayer | Updating Camera
Fra:1 Mem:19.95M (0.00M, Peak 22.92M) | Time:00:00.07 | Mem:0.00M, Peak:0.00M | Scene, RenderLayer | Updating Meshes Flags
Fra:1 Mem:19.95M (0.00M, Peak 22.92M) | Time:00:00.07 | Mem:0.00M, Peak:0.00M | Scene, RenderLayer | Updating Objects
Fra:1 Mem:19.95M (0.00M, Peak 22.92M) | Time:00:00.07 | Mem:0.00M, Peak:0.00M | Scene, RenderLayer | Updating Objects | Copying Transformations to device
Fra:1 Mem:19.95M (0.00M, Peak 22.92M) | Time:00:00.07 | Mem:0.00M, Peak:0.00M | Scene, RenderLayer | Updating Objects | Applying Static Transformations
Fra:1 Mem:19.95M (0.00M, Peak 22.92M) | Time:00:00.07 | Mem:0.00M, Peak:0.00M | Scene, RenderLayer | Updating Meshes
Fra:1 Mem:21.45M (0.00M, Peak 22.92M) | Time:00:00.07 | Mem:0.00M, Peak:0.00M | Scene, RenderLayer | Updating Mesh | Computing attributes
Fra:1 Mem:21.45M (0.00M, Peak 22.92M) | Time:00:00.07 | Mem:0.00M, Peak:0.00M | Scene, RenderLayer | Updating Mesh | Copying Attributes to device
Fra:1 Mem:21.45M (0.00M, Peak 22.92M) | Time:00:00.07 | Mem:0.00M, Peak:0.00M | Scene, RenderLayer | Updating Scene BVH | Building
Fra:1 Mem:21.45M (0.00M, Peak 22.92M) | Time:00:00.07 | Mem:0.00M, Peak:0.00M | Scene, RenderLayer | Updating Scene BVH | Building BVH
Fra:1 Mem:27.07M (0.00M, Peak 27.07M) | Time:00:00.14 | Mem:0.00M, Peak:0.00M | Scene, RenderLayer | Updating Scene BVH | Packing BVH triangles and strands
Fra:1 Mem:32.32M (0.00M, Peak 32.32M) | Time:00:00.15 | Mem:0.00M, Peak:0.00M | Scene, RenderLayer | Updating Scene BVH | Packing BVH nodes
Fra:1 Mem:29.40M (0.00M, Peak 33.90M) | Time:00:00.16 | Mem:0.00M, Peak:0.00M | Scene, RenderLayer | Updating Scene BVH | Copying BVH to device
Fra:1 Mem:29.77M (0.00M, Peak 33.90M) | Time:00:00.16 | Mem:7.95M, Peak:7.95M | Scene, RenderLayer | Updating Mesh | Computing normals
Fra:1 Mem:33.20M (0.00M, Peak 33.90M) | Time:00:00.16 | Mem:7.95M, Peak:7.95M | Scene, RenderLayer | Updating Mesh | Copying Mesh to device
Fra:1 Mem:32.83M (0.00M, Peak 33.90M) | Time:00:00.16 | Mem:11.38M, Peak:11.38M | Scene, RenderLayer | Updating Objects Flags
Fra:1 Mem:32.83M (0.00M, Peak 33.90M) | Time:00:00.16 | Mem:11.38M, Peak:11.38M | Scene, RenderLayer | Updating Images
Fra:1 Mem:32.83M (0.00M, Peak 33.90M) | Time:00:00.16 | Mem:11.38M, Peak:11.38M | Scene, RenderLayer | Updating Camera Volume
Fra:1 Mem:32.83M (0.00M, Peak 33.90M) | Time:00:00.16 | Mem:11.38M, Peak:11.38M | Scene, RenderLayer | Updating Hair Systems
Fra:1 Mem:32.83M (0.00M, Peak 33.90M) | Time:00:00.16 | Mem:11.38M, Peak:11.38M | Scene, RenderLayer | Updating Hair settings | Copying Hair settings to device
Fra:1 Mem:32.83M (0.00M, Peak 33.90M) | Time:00:00.16 | Mem:11.38M, Peak:11.38M | Scene, RenderLayer | Updating Lookup Tables
Fra:1 Mem:32.83M (0.00M, Peak 33.90M) | Time:00:00.16 | Mem:11.63M, Peak:11.63M | Scene, RenderLayer | Updating Lights
Fra:1 Mem:32.83M (0.00M, Peak 33.90M) | Time:00:00.16 | Mem:11.63M, Peak:11.63M | Scene, RenderLayer | Updating Lights | Computing distribution
Fra:1 Mem:32.83M (0.00M, Peak 33.90M) | Time:00:00.16 | Mem:11.63M, Peak:11.63M | Scene, RenderLayer | Updating Particle Systems
Fra:1 Mem:32.83M (0.00M, Peak 33.90M) | Time:00:00.16 | Mem:11.63M, Peak:11.63M | Scene, RenderLayer | Updating Particle Systems | Copying Particles to device
Fra:1 Mem:32.83M (0.00M, Peak 33.90M) | Time:00:00.16 | Mem:11.63M, Peak:11.63M | Scene, RenderLayer | Updating Integrator
Fra:1 Mem:32.87M (0.00M, Peak 33.90M) | Time:00:00.16 | Mem:11.67M, Peak:11.67M | Scene, RenderLayer | Updating Film
Fra:1 Mem:32.87M (0.00M, Peak 33.90M) | Time:00:00.16 | Mem:11.67M, Peak:11.67M | Scene, RenderLayer | Updating Lookup Tables
Fra:1 Mem:32.87M (0.00M, Peak 33.90M) | Time:00:00.16 | Mem:11.68M, Peak:11.68M | Scene, RenderLayer | Updating Baking
Fra:1 Mem:32.87M (0.00M, Peak 33.90M) | Time:00:00.16 | Mem:11.68M, Peak:11.68M | Scene, RenderLayer | Updating Device | Writing constant memory
Fra:1 Mem:32.87M (0.00M, Peak 33.90M) | Time:00:00.16 | Mem:11.68M, Peak:11.68M | Scene, RenderLayer | Path Tracing Tile 0/4, Sample 0/512
Fra:1 Mem:35.12M (0.00M, Peak 36.37M) | Time:00:00.17 | Mem:13.93M, Peak:13.93M | Scene, RenderLayer | Path Tracing Tile 1/4, Sample 0/512
Fra:1 Mem:35.12M (0.00M, Peak 37.37M) | Time:00:01.17 | Remaining:00:10.71 | Mem:13.93M, Peak:13.93M | Scene, RenderLayer | Path Tracing Tile 1/4, Sample 103/512
Fra:1 Mem:35.12M (0.00M, Peak 37.37M) | Time:00:02.18 | Remaining:00:09.65 | Mem:13.93M, Peak:13.93M | Scene, RenderLayer | Path Tracing Tile 1/4, Sample 207/512
Fra:1 Mem:35.12M (0.00M, Peak 37.37M) | Time:00:03.19 | Remaining:00:08.63 | Mem:13.93M, Peak:13.93M | Scene, RenderLayer | Path Tracing Tile 1/4, Sample 311/512
Fra:1 Mem:35.12M (0.00M, Peak 37.37M) | Time:00:04.19 | Remaining:00:07.62 | Mem:13.93M, Peak:13.93M | Scene, RenderLayer | Path Tracing Tile 1/4, Sample 415/512
Fra:1 Mem:32.87M (0.00M, Peak 37.37M) | Time:00:05.15 | Remaining:00:06.69 | Mem:11.68M, Peak:13.93M | Scene, RenderLayer | Path Tracing Tile 1/4, Sample 512/512
Fra:1 Mem:34.84M (0.00M, Peak 37.37M) | Time:00:05.15 | Remaining:00:06.69 | Mem:13.65M, Peak:13.93M | Scene, RenderLayer | Path Tracing Tile 2/4, Sample 512/512
Fra:1 Mem:34.84M (0.00M, Peak 37.37M) | Time:00:05.20 | Remaining:00:06.64 | Mem:13.65M, Peak:13.93M | Scene, RenderLayer | Path Tracing Tile 2/4, Sample 6/512
Fra:1 Mem:34.84M (0.00M, Peak 37.37M) | Time:00:06.20 | Remaining:00:05.60 | Mem:13.65M, Peak:13.93M | Scene, RenderLayer | Path Tracing Tile 2/4, Sample 126/512
Fra:1 Mem:34.84M (0.00M, Peak 37.37M) | Time:00:07.21 | Remaining:00:04.56 | Mem:13.65M, Peak:13.93M | Scene, RenderLayer | Path Tracing Tile 2/4, Sample 247/512
Fra:1 Mem:34.84M (0.00M, Peak 37.37M) | Time:00:08.21 | Remaining:00:03.54 | Mem:13.65M, Peak:13.93M | Scene, RenderLayer | Path Tracing Tile 2/4, Sample 367/512
Fra:1 Mem:34.84M (0.00M, Peak 37.37M) | Time:00:09.22 | Remaining:00:02.53 | Mem:13.65M, Peak:13.93M | Scene, RenderLayer | Path Tracing Tile 2/4, Sample 486/512
Fra:1 Mem:32.87M (0.00M, Peak 37.37M) | Time:00:09.44 | Remaining:00:02.31 | Mem:11.68M, Peak:13.93M | Scene, RenderLayer | Path Tracing Tile 2/4, Sample 512/512
Fra:1 Mem:33.44M (0.00M, Peak 37.37M) | Time:00:09.44 | Remaining:00:02.31 | Mem:12.24M, Peak:13.93M | Scene, RenderLayer | Path Tracing Tile 3/4, Sample 512/512
Fra:1 Mem:33.44M (0.00M, Peak 37.37M) | Time:00:10.22 | Remaining:00:01.93 | Mem:12.24M, Peak:13.93M | Scene, RenderLayer | Path Tracing Tile 3/4, Sample 187/512
Fra:1 Mem:33.44M (0.00M, Peak 37.37M) | Time:00:11.22 | Remaining:00:01.38 | Mem:12.24M, Peak:13.93M | Scene, RenderLayer | Path Tracing Tile 3/4, Sample 426/512
Fra:1 Mem:32.87M (0.00M, Peak 37.37M) | Time:00:11.59 | Remaining:00:01.17 | Mem:11.68M, Peak:13.93M | Scene, RenderLayer | Path Tracing Tile 3/4, Sample 512/512
Fra:1 Mem:33.37M (0.00M, Peak 37.37M) | Time:00:11.59 | Remaining:00:01.17 | Mem:12.17M, Peak:13.93M | Scene, RenderLayer | Path Tracing Tile 4/4, Sample 512/512
Fra:1 Mem:33.37M (0.00M, Peak 37.37M) | Time:00:12.22 | Remaining:00:00.81 | Mem:12.17M, Peak:13.93M | Scene, RenderLayer | Path Tracing Tile 4/4, Sample 166/512
Fra:1 Mem:33.37M (0.00M, Peak 37.37M) | Time:00:13.23 | Remaining:00:00.21 | Mem:12.17M, Peak:13.93M | Scene, RenderLayer | Path Tracing Tile 4/4, Sample 425/512
Fra:1 Mem:32.87M (0.00M, Peak 37.37M) | Time:00:13.57 | Mem:11.68M, Peak:13.93M | Scene, RenderLayer | Path Tracing Tile 4/4, Sample 512/512
Fra:1 Mem:32.87M (0.00M, Peak 37.37M) | Time:00:13.57 | Mem:11.68M, Peak:13.93M | Scene, RenderLayer | Finished
Fra:1 Mem:15.58M (0.00M, Peak 37.37M) | Time:00:13.64 | Sce: Scene Ve:0 Fa:0 La:0
Saved: 'data/clevr-cleaned-puzzles/apocope/render/images/CLEVR_val_000003.png'
 Time: 00:13.68 (Saving: 00:00.03)

read blend: /home/ubuntu/vdp/data/clevr_scene_data/base_scene.blend
convertViewVec: called in an invalid context
convertViewVec: called in an invalid context
convertViewVec: called in an invalid context
convertViewVec: called in an invalid context
Fra:1 Mem:24.22M (0.00M, Peak 24.22M) | Time:00:00.00 | Preparing Scene data
Fra:1 Mem:38.44M (0.00M, Peak 40.59M) | Time:00:00.03 | Preparing Scene data
Fra:1 Mem:38.44M (0.00M, Peak 40.59M) | Time:00:00.03 | Creating Shadowbuffers
Fra:1 Mem:38.44M (0.00M, Peak 40.59M) | Time:00:00.03 | Raytree.. preparing
Fra:1 Mem:54.23M (0.00M, Peak 54.23M) | Time:00:00.04 | Raytree.. building
Fra:1 Mem:53.39M (0.00M, Peak 78.04M) | Time:00:00.30 | Raytree finished
Fra:1 Mem:53.39M (0.00M, Peak 78.04M) | Time:00:00.30 | Creating Environment maps
Fra:1 Mem:53.39M (0.00M, Peak 78.04M) | Time:00:00.30 | Caching Point Densities
Fra:1 Mem:53.39M (0.00M, Peak 78.04M) | Time:00:00.30 | Sce: Scene Ve:121352 Fa:115007 La:1
Fra:1 Mem:53.39M (0.00M, Peak 78.04M) | Time:00:00.30 | Loading voxel datasets
Fra:1 Mem:53.39M (0.00M, Peak 78.04M) | Time:00:00.30 | Sce: Scene Ve:121352 Fa:115007 La:1
Fra:1 Mem:53.39M (0.00M, Peak 78.04M) | Time:00:00.30 | Sce: Scene Ve:121352 Fa:115007 La:1
Fra:1 Mem:53.39M (0.00M, Peak 78.04M) | Time:00:00.30 | Volume preprocessing
Fra:1 Mem:53.39M (0.00M, Peak 78.04M) | Time:00:00.30 | Sce: Scene Ve:121352 Fa:115007 La:1
Fra:1 Mem:53.39M (0.00M, Peak 78.04M) | Time:00:00.30 | Sce: Scene Ve:121352 Fa:115007 La:1
Fra:1 Mem:57.74M (0.00M, Peak 78.04M) | Time:00:00.30 | Scene, Part 3-4
Fra:1 Mem:57.42M (0.00M, Peak 78.04M) | Time:00:00.30 | Scene, Part 4-4
Fra:1 Mem:56.49M (0.00M, Peak 78.04M) | Time:00:00.32 | Scene, Part 2-4
Fra:1 Mem:54.64M (0.00M, Peak 78.04M) | Time:00:00.32 | Scene, Part 1-4
Fra:1 Mem:24.07M (0.00M, Peak 78.04M) | Time:00:00.32 | Sce: Scene Ve:121352 Fa:115007 La:1
Saved: '/tmp/tmpv_1pfql7.png'
 Time: 00:00.34 (Saving: 00:00.01)

Fra:1 Mem:24.10M (0.00M, Peak 24.70M) | Time:00:00.04 | Mem:0.00M, Peak:0.00M | Scene, RenderLayer | Synchronizing object | Area
Fra:1 Mem:24.10M (0.00M, Peak 24.70M) | Time:00:00.04 | Mem:0.00M, Peak:0.00M | Scene, RenderLayer | Synchronizing object | Ground
Fra:1 Mem:24.17M (0.00M, Peak 24.70M) | Time:00:00.04 | Mem:0.00M, Peak:0.00M | Scene, RenderLayer | Synchronizing object | Empty
Fra:1 Mem:24.17M (0.00M, Peak 24.70M) | Time:00:00.04 | Mem:0.00M, Peak:0.00M | Scene, RenderLayer | Synchronizing object | Lamp_Back
Fra:1 Mem:24.17M (0.00M, Peak 24.70M) | Time:00:00.04 | Mem:0.00M, Peak:0.00M | Scene, RenderLayer | Synchronizing object | Lamp_Fill
Fra:1 Mem:24.17M (0.00M, Peak 24.70M) | Time:00:00.04 | Mem:0.00M, Peak:0.00M | Scene, RenderLayer | Synchronizing object | Lamp_Key
Fra:1 Mem:24.17M (0.00M, Peak 24.70M) | Time:00:00.04 | Mem:0.00M, Peak:0.00M | Scene, RenderLayer | Synchronizing object | Camera
Fra:1 Mem:24.17M (0.00M, Peak 24.70M) | Time:00:00.04 | Mem:0.00M, Peak:0.00M | Scene, RenderLayer | Synchronizing object | SmoothCylinder_0
Fra:1 Mem:26.95M (0.00M, Peak 30.17M) | Time:00:00.05 | Mem:0.00M, Peak:0.00M | Scene, RenderLayer | Synchronizing object | SmoothCylinder_1
Fra:1 Mem:29.74M (0.00M, Peak 32.96M) | Time:00:00.06 | Mem:0.00M, Peak:0.00M | Scene, RenderLayer | Synchronizing object | Sphere_0
Fra:1 Mem:31.00M (0.00M, Peak 32.96M) | Time:00:00.06 | Mem:0.00M, Peak:0.00M | Scene, RenderLayer | Synchronizing object | SmoothCylinder_2
Fra:1 Mem:33.78M (0.00M, Peak 37.00M) | Time:00:00.07 | Mem:0.00M, Peak:0.00M | Scene, RenderLayer | Initializing
Fra:1 Mem:33.78M (0.00M, Peak 37.00M) | Time:00:00.07 | Mem:0.00M, Peak:0.00M | Scene, RenderLayer | Loading render kernels (may take a few minutes the first time)
Fra:1 Mem:33.78M (0.00M, Peak 37.00M) | Time:00:00.09 | Mem:0.00M, Peak:0.00M | Scene, RenderLayer | Waiting for render to start
Fra:1 Mem:33.78M (0.00M, Peak 37.00M) | Time:00:00.09 | Mem:0.00M, Peak:0.00M | Scene, RenderLayer | Updating Scene
Fra:1 Mem:33.78M (0.00M, Peak 37.00M) | Time:00:00.09 | Mem:0.00M, Peak:0.00M | Scene, RenderLayer | Updating Shaders
Fra:1 Mem:34.03M (0.00M, Peak 37.00M) | Time:00:00.09 | Mem:0.00M, Peak:0.00M | Scene, RenderLayer | Updating Background
Fra:1 Mem:34.03M (0.00M, Peak 37.00M) | Time:00:00.09 | Mem:0.00M, Peak:0.00M | Scene, RenderLayer | Updating Camera
Fra:1 Mem:34.03M (0.00M, Peak 37.00M) | Time:00:00.09 | Mem:0.00M, Peak:0.00M | Scene, RenderLayer | Updating Meshes Flags
Fra:1 Mem:34.03M (0.00M, Peak 37.00M) | Time:00:00.09 | Mem:0.00M, Peak:0.00M | Scene, RenderLayer | Updating Objects
Fra:1 Mem:34.03M (0.00M, Peak 37.00M) | Time:00:00.09 | Mem:0.00M, Peak:0.00M | Scene, RenderLayer | Updating Objects | Copying Transformations to device
Fra:1 Mem:34.03M (0.00M, Peak 37.00M) | Time:00:00.09 | Mem:0.00M, Peak:0.00M | Scene, RenderLayer | Updating Objects | Applying Static Transformations
Fra:1 Mem:34.03M (0.00M, Peak 37.00M) | Time:00:00.09 | Mem:0.00M, Peak:0.00M | Scene, RenderLayer | Updating Meshes
Fra:1 Mem:37.55M (0.00M, Peak 37.55M) | Time:00:00.10 | Mem:0.00M, Peak:0.00M | Scene, RenderLayer | Updating Mesh | Computing attributes
Fra:1 Mem:37.55M (0.00M, Peak 37.55M) | Time:00:00.10 | Mem:0.00M, Peak:0.00M | Scene, RenderLayer | Updating Mesh | Copying Attributes to device
Fra:1 Mem:37.55M (0.00M, Peak 37.55M) | Time:00:00.10 | Mem:0.00M, Peak:0.00M | Scene, RenderLayer | Updating Scene BVH | Building
Fra:1 Mem:37.55M (0.00M, Peak 37.55M) | Time:00:00.10 | Mem:0.00M, Peak:0.00M | Scene, RenderLayer | Updating Scene BVH | Building BVH
Fra:1 Mem:50.73M (0.00M, Peak 50.73M) | Time:00:00.25 | Mem:0.00M, Peak:0.00M | Scene, RenderLayer | Updating Scene BVH | Packing BVH triangles and strands
Fra:1 Mem:63.03M (0.00M, Peak 63.03M) | Time:00:00.26 | Mem:0.00M, Peak:0.00M | Scene, RenderLayer | Updating Scene BVH | Packing BVH nodes
Fra:1 Mem:56.26M (0.00M, Peak 66.80M) | Time:00:00.28 | Mem:0.00M, Peak:0.00M | Scene, RenderLayer | Updating Scene BVH | Copying BVH to device
Fra:1 Mem:57.13M (0.00M, Peak 66.80M) | Time:00:00.29 | Mem:18.71M, Peak:18.71M | Scene, RenderLayer | Updating Mesh | Computing normals
Fra:1 Mem:65.21M (0.00M, Peak 66.80M) | Time:00:00.29 | Mem:18.71M, Peak:18.71M | Scene, RenderLayer | Updating Mesh | Copying Mesh to device
Fra:1 Mem:64.33M (0.00M, Peak 66.80M) | Time:00:00.29 | Mem:26.78M, Peak:26.78M | Scene, RenderLayer | Updating Objects Flags
Fra:1 Mem:64.33M (0.00M, Peak 66.80M) | Time:00:00.29 | Mem:26.78M, Peak:26.78M | Scene, RenderLayer | Updating Images
Fra:1 Mem:64.33M (0.00M, Peak 66.80M) | Time:00:00.29 | Mem:26.78M, Peak:26.78M | Scene, RenderLayer | Updating Camera Volume
Fra:1 Mem:64.33M (0.00M, Peak 66.80M) | Time:00:00.29 | Mem:26.78M, Peak:26.78M | Scene, RenderLayer | Updating Hair Systems
Fra:1 Mem:64.33M (0.00M, Peak 66.80M) | Time:00:00.29 | Mem:26.78M, Peak:26.78M | Scene, RenderLayer | Updating Hair settings | Copying Hair settings to device
Fra:1 Mem:64.33M (0.00M, Peak 66.80M) | Time:00:00.29 | Mem:26.78M, Peak:26.78M | Scene, RenderLayer | Updating Lookup Tables
Fra:1 Mem:64.33M (0.00M, Peak 66.80M) | Time:00:00.29 | Mem:27.03M, Peak:27.03M | Scene, RenderLayer | Updating Lights
Fra:1 Mem:64.33M (0.00M, Peak 66.80M) | Time:00:00.29 | Mem:27.03M, Peak:27.03M | Scene, RenderLayer | Updating Lights | Computing distribution
Fra:1 Mem:64.33M (0.00M, Peak 66.80M) | Time:00:00.29 | Mem:27.03M, Peak:27.03M | Scene, RenderLayer | Updating Particle Systems
Fra:1 Mem:64.33M (0.00M, Peak 66.80M) | Time:00:00.29 | Mem:27.03M, Peak:27.03M | Scene, RenderLayer | Updating Particle Systems | Copying Particles to device
Fra:1 Mem:64.33M (0.00M, Peak 66.80M) | Time:00:00.29 | Mem:27.03M, Peak:27.03M | Scene, RenderLayer | Updating Integrator
Fra:1 Mem:64.37M (0.00M, Peak 66.80M) | Time:00:00.29 | Mem:27.08M, Peak:27.08M | Scene, RenderLayer | Updating Film
Fra:1 Mem:64.37M (0.00M, Peak 66.80M) | Time:00:00.29 | Mem:27.08M, Peak:27.08M | Scene, RenderLayer | Updating Lookup Tables
Fra:1 Mem:64.37M (0.00M, Peak 66.80M) | Time:00:00.29 | Mem:27.08M, Peak:27.08M | Scene, RenderLayer | Updating Baking
Fra:1 Mem:64.37M (0.00M, Peak 66.80M) | Time:00:00.29 | Mem:27.08M, Peak:27.08M | Scene, RenderLayer | Updating Device | Writing constant memory
Fra:1 Mem:64.37M (0.00M, Peak 66.80M) | Time:00:00.29 | Mem:27.08M, Peak:27.08M | Scene, RenderLayer | Path Tracing Tile 0/4, Sample 0/512
Fra:1 Mem:66.62M (0.00M, Peak 67.87M) | Time:00:00.30 | Mem:29.33M, Peak:29.33M | Scene, RenderLayer | Path Tracing Tile 1/4, Sample 0/512
Fra:1 Mem:66.62M (0.00M, Peak 68.87M) | Time:00:01.30 | Remaining:00:12.37 | Mem:29.33M, Peak:29.33M | Scene, RenderLayer | Path Tracing Tile 1/4, Sample 90/512
Fra:1 Mem:66.62M (0.00M, Peak 68.87M) | Time:00:02.31 | Remaining:00:11.33 | Mem:29.33M, Peak:29.33M | Scene, RenderLayer | Path Tracing Tile 1/4, Sample 181/512
Fra:1 Mem:66.62M (0.00M, Peak 68.87M) | Time:00:03.31 | Remaining:00:10.33 | Mem:29.33M, Peak:29.33M | Scene, RenderLayer | Path Tracing Tile 1/4, Sample 271/512
Fra:1 Mem:66.62M (0.00M, Peak 68.87M) | Time:00:04.31 | Remaining:00:09.34 | Mem:29.33M, Peak:29.33M | Scene, RenderLayer | Path Tracing Tile 1/4, Sample 361/512
Fra:1 Mem:66.62M (0.00M, Peak 68.87M) | Time:00:05.32 | Remaining:00:08.34 | Mem:29.33M, Peak:29.33M | Scene, RenderLayer | Path Tracing Tile 1/4, Sample 451/512
Fra:1 Mem:64.37M (0.00M, Peak 68.87M) | Time:00:06.00 | Remaining:00:07.67 | Mem:27.08M, Peak:29.33M | Scene, RenderLayer | Path Tracing Tile 1/4, Sample 512/512
Fra:1 Mem:66.34M (0.00M, Peak 68.87M) | Time:00:06.01 | Remaining:00:07.67 | Mem:29.05M, Peak:29.33M | Scene, RenderLayer | Path Tracing Tile 2/4, Sample 512/512
Fra:1 Mem:66.34M (0.00M, Peak 68.87M) | Time:00:06.32 | Remaining:00:07.34 | Mem:29.05M, Peak:29.33M | Scene, RenderLayer | Path Tracing Tile 2/4, Sample 33/512
Fra:1 Mem:66.34M (0.00M, Peak 68.87M) | Time:00:07.33 | Remaining:00:06.30 | Mem:29.05M, Peak:29.33M | Scene, RenderLayer | Path Tracing Tile 2/4, Sample 138/512
Fra:1 Mem:66.34M (0.00M, Peak 68.87M) | Time:00:08.34 | Remaining:00:05.27 | Mem:29.05M, Peak:29.33M | Scene, RenderLayer | Path Tracing Tile 2/4, Sample 243/512
Fra:1 Mem:66.34M (0.00M, Peak 68.87M) | Time:00:09.34 | Remaining:00:04.26 | Mem:29.05M, Peak:29.33M | Scene, RenderLayer | Path Tracing Tile 2/4, Sample 347/512
Fra:1 Mem:66.34M (0.00M, Peak 68.87M) | Time:00:10.35 | Remaining:00:03.25 | Mem:29.05M, Peak:29.33M | Scene, RenderLayer | Path Tracing Tile 2/4, Sample 451/512
Fra:1 Mem:64.37M (0.00M, Peak 68.87M) | Time:00:10.94 | Remaining:00:02.66 | Mem:27.08M, Peak:29.33M | Scene, RenderLayer | Path Tracing Tile 2/4, Sample 512/512
Fra:1 Mem:64.94M (0.00M, Peak 68.87M) | Time:00:10.94 | Remaining:00:02.66 | Mem:27.64M, Peak:29.33M | Scene, RenderLayer | Path Tracing Tile 3/4, Sample 512/512
Fra:1 Mem:64.94M (0.00M, Peak 68.87M) | Time:00:11.35 | Remaining:00:02.42 | Mem:27.64M, Peak:29.33M | Scene, RenderLayer | Path Tracing Tile 3/4, Sample 95/512
Fra:1 Mem:64.94M (0.00M, Peak 68.87M) | Time:00:12.35 | Remaining:00:01.83 | Mem:27.64M, Peak:29.33M | Scene, RenderLayer | Path Tracing Tile 3/4, Sample 327/512
Fra:1 Mem:64.37M (0.00M, Peak 68.87M) | Time:00:13.16 | Remaining:00:01.32 | Mem:27.08M, Peak:29.33M | Scene, RenderLayer | Path Tracing Tile 3/4, Sample 512/512
Fra:1 Mem:64.86M (0.00M, Peak 68.87M) | Time:00:13.16 | Remaining:00:01.32 | Mem:27.57M, Peak:29.33M | Scene, RenderLayer | Path Tracing Tile 4/4, Sample 512/512
Fra:1 Mem:64.86M (0.00M, Peak 68.87M) | Time:00:13.36 | Remaining:00:01.20 | Mem:27.57M, Peak:29.33M | Scene, RenderLayer | Path Tracing Tile 4/4, Sample 49/512
Fra:1 Mem:64.86M (0.00M, Peak 68.87M) | Time:00:14.36 | Remaining:00:00.57 | Mem:27.57M, Peak:29.33M | Scene, RenderLayer | Path Tracing Tile 4/4, Sample 297/512
Fra:1 Mem:64.37M (0.00M, Peak 68.87M) | Time:00:15.23 | Mem:27.08M, Peak:29.33M | Scene, RenderLayer | Path Tracing Tile 4/4, Sample 512/512
Fra:1 Mem:64.37M (0.00M, Peak 68.87M) | Time:00:15.23 | Mem:27.08M, Peak:29.33M | Scene, RenderLayer | Finished
Fra:1 Mem:24.10M (0.00M, Peak 68.87M) | Time:00:15.31 | Sce: Scene Ve:0 Fa:0 La:0
Saved: 'data/clevr-cleaned-puzzles/apocope/render/images/CLEVR_val_000004.png'
 Time: 00:15.35 (Saving: 00:00.03)

read blend: /home/ubuntu/vdp/data/clevr_scene_data/base_scene.blend
convertViewVec: called in an invalid context
convertViewVec: called in an invalid context
convertViewVec: called in an invalid context
Fra:1 Mem:19.94M (0.00M, Peak 19.94M) | Time:00:00.00 | Preparing Scene data
Fra:1 Mem:30.07M (0.00M, Peak 32.22M) | Time:00:00.02 | Preparing Scene data
Fra:1 Mem:30.07M (0.00M, Peak 32.22M) | Time:00:00.02 | Creating Shadowbuffers
Fra:1 Mem:30.07M (0.00M, Peak 32.22M) | Time:00:00.02 | Raytree.. preparing
Fra:1 Mem:41.31M (0.00M, Peak 41.31M) | Time:00:00.03 | Raytree.. building
Fra:1 Mem:40.71M (0.00M, Peak 58.26M) | Time:00:00.21 | Raytree finished
Fra:1 Mem:40.71M (0.00M, Peak 58.26M) | Time:00:00.21 | Creating Environment maps
Fra:1 Mem:40.71M (0.00M, Peak 58.26M) | Time:00:00.21 | Caching Point Densities
Fra:1 Mem:40.71M (0.00M, Peak 58.26M) | Time:00:00.21 | Sce: Scene Ve:86022 Fa:81850 La:1
Fra:1 Mem:40.71M (0.00M, Peak 58.26M) | Time:00:00.21 | Loading voxel datasets
Fra:1 Mem:40.71M (0.00M, Peak 58.26M) | Time:00:00.21 | Sce: Scene Ve:86022 Fa:81850 La:1
Fra:1 Mem:40.71M (0.00M, Peak 58.26M) | Time:00:00.21 | Sce: Scene Ve:86022 Fa:81850 La:1
Fra:1 Mem:40.71M (0.00M, Peak 58.26M) | Time:00:00.21 | Volume preprocessing
Fra:1 Mem:40.71M (0.00M, Peak 58.26M) | Time:00:00.21 | Sce: Scene Ve:86022 Fa:81850 La:1
Fra:1 Mem:40.71M (0.00M, Peak 58.26M) | Time:00:00.21 | Sce: Scene Ve:86022 Fa:81850 La:1
Fra:1 Mem:45.05M (0.00M, Peak 58.26M) | Time:00:00.21 | Scene, Part 3-4
Fra:1 Mem:44.74M (0.00M, Peak 58.26M) | Time:00:00.21 | Scene, Part 4-4
Fra:1 Mem:43.71M (0.00M, Peak 58.26M) | Time:00:00.22 | Scene, Part 1-4
Fra:1 Mem:41.80M (0.00M, Peak 58.26M) | Time:00:00.22 | Scene, Part 2-4
Fra:1 Mem:19.82M (0.00M, Peak 58.26M) | Time:00:00.23 | Sce: Scene Ve:86022 Fa:81850 La:1
Saved: '/tmp/tmp8d_mrccc.png'
 Time: 00:00.24 (Saving: 00:00.01)

Fra:1 Mem:19.85M (0.00M, Peak 20.45M) | Time:00:00.04 | Mem:0.00M, Peak:0.00M | Scene, RenderLayer | Synchronizing object | Area
Fra:1 Mem:19.85M (0.00M, Peak 20.45M) | Time:00:00.04 | Mem:0.00M, Peak:0.00M | Scene, RenderLayer | Synchronizing object | Ground
Fra:1 Mem:19.92M (0.00M, Peak 20.45M) | Time:00:00.04 | Mem:0.00M, Peak:0.00M | Scene, RenderLayer | Synchronizing object | Empty
Fra:1 Mem:19.92M (0.00M, Peak 20.45M) | Time:00:00.04 | Mem:0.00M, Peak:0.00M | Scene, RenderLayer | Synchronizing object | Lamp_Back
Fra:1 Mem:19.92M (0.00M, Peak 20.45M) | Time:00:00.04 | Mem:0.00M, Peak:0.00M | Scene, RenderLayer | Synchronizing object | Lamp_Fill
Fra:1 Mem:19.92M (0.00M, Peak 20.45M) | Time:00:00.04 | Mem:0.00M, Peak:0.00M | Scene, RenderLayer | Synchronizing object | Lamp_Key
Fra:1 Mem:19.92M (0.00M, Peak 20.45M) | Time:00:00.04 | Mem:0.00M, Peak:0.00M | Scene, RenderLayer | Synchronizing object | Camera
Fra:1 Mem:19.92M (0.00M, Peak 20.45M) | Time:00:00.04 | Mem:0.00M, Peak:0.00M | Scene, RenderLayer | Synchronizing object | SmoothCylinder_0
Fra:1 Mem:22.70M (0.00M, Peak 25.92M) | Time:00:00.05 | Mem:0.00M, Peak:0.00M | Scene, RenderLayer | Synchronizing object | Sphere_0
Fra:1 Mem:23.96M (0.00M, Peak 25.92M) | Time:00:00.06 | Mem:0.00M, Peak:0.00M | Scene, RenderLayer | Synchronizing object | SmoothCylinder_1
Fra:1 Mem:26.74M (0.00M, Peak 29.96M) | Time:00:00.07 | Mem:0.00M, Peak:0.00M | Scene, RenderLayer | Initializing
Fra:1 Mem:26.74M (0.00M, Peak 29.96M) | Time:00:00.07 | Mem:0.00M, Peak:0.00M | Scene, RenderLayer | Loading render kernels (may take a few minutes the first time)
Fra:1 Mem:26.74M (0.00M, Peak 29.96M) | Time:00:00.08 | Mem:0.00M, Peak:0.00M | Scene, RenderLayer | Waiting for render to start
Fra:1 Mem:26.74M (0.00M, Peak 29.96M) | Time:00:00.08 | Mem:0.00M, Peak:0.00M | Scene, RenderLayer | Updating Scene
Fra:1 Mem:26.74M (0.00M, Peak 29.96M) | Time:00:00.08 | Mem:0.00M, Peak:0.00M | Scene, RenderLayer | Updating Shaders
Fra:1 Mem:27.00M (0.00M, Peak 29.96M) | Time:00:00.08 | Mem:0.00M, Peak:0.00M | Scene, RenderLayer | Updating Background
Fra:1 Mem:27.00M (0.00M, Peak 29.96M) | Time:00:00.08 | Mem:0.00M, Peak:0.00M | Scene, RenderLayer | Updating Camera
Fra:1 Mem:27.00M (0.00M, Peak 29.96M) | Time:00:00.08 | Mem:0.00M, Peak:0.00M | Scene, RenderLayer | Updating Meshes Flags
Fra:1 Mem:27.00M (0.00M, Peak 29.96M) | Time:00:00.08 | Mem:0.00M, Peak:0.00M | Scene, RenderLayer | Updating Objects
Fra:1 Mem:27.00M (0.00M, Peak 29.96M) | Time:00:00.08 | Mem:0.00M, Peak:0.00M | Scene, RenderLayer | Updating Objects | Copying Transformations to device
Fra:1 Mem:27.00M (0.00M, Peak 29.96M) | Time:00:00.08 | Mem:0.00M, Peak:0.00M | Scene, RenderLayer | Updating Objects | Applying Static Transformations
Fra:1 Mem:27.00M (0.00M, Peak 29.96M) | Time:00:00.08 | Mem:0.00M, Peak:0.00M | Scene, RenderLayer | Updating Meshes
Fra:1 Mem:29.50M (0.00M, Peak 29.96M) | Time:00:00.09 | Mem:0.00M, Peak:0.00M | Scene, RenderLayer | Updating Mesh | Computing attributes
Fra:1 Mem:29.50M (0.00M, Peak 29.96M) | Time:00:00.09 | Mem:0.00M, Peak:0.00M | Scene, RenderLayer | Updating Mesh | Copying Attributes to device
Fra:1 Mem:29.50M (0.00M, Peak 29.96M) | Time:00:00.09 | Mem:0.00M, Peak:0.00M | Scene, RenderLayer | Updating Scene BVH | Building
Fra:1 Mem:29.50M (0.00M, Peak 29.96M) | Time:00:00.09 | Mem:0.00M, Peak:0.00M | Scene, RenderLayer | Updating Scene BVH | Building BVH
Fra:1 Mem:38.91M (0.00M, Peak 38.91M) | Time:00:00.20 | Mem:0.00M, Peak:0.00M | Scene, RenderLayer | Updating Scene BVH | Packing BVH triangles and strands
Fra:1 Mem:47.68M (0.00M, Peak 47.68M) | Time:00:00.21 | Mem:0.00M, Peak:0.00M | Scene, RenderLayer | Updating Scene BVH | Packing BVH nodes
Fra:1 Mem:42.82M (0.00M, Peak 50.35M) | Time:00:00.22 | Mem:0.00M, Peak:0.00M | Scene, RenderLayer | Updating Scene BVH | Copying BVH to device
Fra:1 Mem:43.45M (0.00M, Peak 50.35M) | Time:00:00.22 | Mem:13.32M, Peak:13.32M | Scene, RenderLayer | Updating Mesh | Computing normals
Fra:1 Mem:49.20M (0.00M, Peak 50.35M) | Time:00:00.23 | Mem:13.32M, Peak:13.32M | Scene, RenderLayer | Updating Mesh | Copying Mesh to device
Fra:1 Mem:48.58M (0.00M, Peak 50.35M) | Time:00:00.23 | Mem:19.08M, Peak:19.08M | Scene, RenderLayer | Updating Objects Flags
Fra:1 Mem:48.58M (0.00M, Peak 50.35M) | Time:00:00.23 | Mem:19.08M, Peak:19.08M | Scene, RenderLayer | Updating Images
Fra:1 Mem:48.58M (0.00M, Peak 50.35M) | Time:00:00.23 | Mem:19.08M, Peak:19.08M | Scene, RenderLayer | Updating Camera Volume
Fra:1 Mem:48.58M (0.00M, Peak 50.35M) | Time:00:00.23 | Mem:19.08M, Peak:19.08M | Scene, RenderLayer | Updating Hair Systems
Fra:1 Mem:48.58M (0.00M, Peak 50.35M) | Time:00:00.23 | Mem:19.08M, Peak:19.08M | Scene, RenderLayer | Updating Hair settings | Copying Hair settings to device
Fra:1 Mem:48.58M (0.00M, Peak 50.35M) | Time:00:00.23 | Mem:19.08M, Peak:19.08M | Scene, RenderLayer | Updating Lookup Tables
Fra:1 Mem:48.58M (0.00M, Peak 50.35M) | Time:00:00.23 | Mem:19.33M, Peak:19.33M | Scene, RenderLayer | Updating Lights
Fra:1 Mem:48.58M (0.00M, Peak 50.35M) | Time:00:00.23 | Mem:19.33M, Peak:19.33M | Scene, RenderLayer | Updating Lights | Computing distribution
Fra:1 Mem:48.58M (0.00M, Peak 50.35M) | Time:00:00.23 | Mem:19.33M, Peak:19.33M | Scene, RenderLayer | Updating Particle Systems
Fra:1 Mem:48.58M (0.00M, Peak 50.35M) | Time:00:00.23 | Mem:19.33M, Peak:19.33M | Scene, RenderLayer | Updating Particle Systems | Copying Particles to device
Fra:1 Mem:48.58M (0.00M, Peak 50.35M) | Time:00:00.23 | Mem:19.33M, Peak:19.33M | Scene, RenderLayer | Updating Integrator
Fra:1 Mem:48.62M (0.00M, Peak 50.35M) | Time:00:00.23 | Mem:19.37M, Peak:19.37M | Scene, RenderLayer | Updating Film
Fra:1 Mem:48.62M (0.00M, Peak 50.35M) | Time:00:00.23 | Mem:19.37M, Peak:19.37M | Scene, RenderLayer | Updating Lookup Tables
Fra:1 Mem:48.62M (0.00M, Peak 50.35M) | Time:00:00.23 | Mem:19.37M, Peak:19.37M | Scene, RenderLayer | Updating Baking
Fra:1 Mem:48.62M (0.00M, Peak 50.35M) | Time:00:00.23 | Mem:19.37M, Peak:19.37M | Scene, RenderLayer | Updating Device | Writing constant memory
Fra:1 Mem:48.62M (0.00M, Peak 50.35M) | Time:00:00.23 | Mem:19.37M, Peak:19.37M | Scene, RenderLayer | Path Tracing Tile 0/4, Sample 0/512
Fra:1 Mem:50.87M (0.00M, Peak 52.12M) | Time:00:00.23 | Mem:21.62M, Peak:21.62M | Scene, RenderLayer | Path Tracing Tile 1/4, Sample 0/512
Fra:1 Mem:50.87M (0.00M, Peak 53.12M) | Time:00:01.23 | Remaining:00:11.41 | Mem:21.62M, Peak:21.62M | Scene, RenderLayer | Path Tracing Tile 1/4, Sample 97/512
Fra:1 Mem:50.87M (0.00M, Peak 53.12M) | Time:00:02.24 | Remaining:00:10.38 | Mem:21.62M, Peak:21.62M | Scene, RenderLayer | Path Tracing Tile 1/4, Sample 195/512
Fra:1 Mem:50.87M (0.00M, Peak 53.12M) | Time:00:03.24 | Remaining:00:09.37 | Mem:21.62M, Peak:21.62M | Scene, RenderLayer | Path Tracing Tile 1/4, Sample 292/512
Fra:1 Mem:50.87M (0.00M, Peak 53.12M) | Time:00:04.25 | Remaining:00:08.37 | Mem:21.62M, Peak:21.62M | Scene, RenderLayer | Path Tracing Tile 1/4, Sample 389/512
Fra:1 Mem:50.87M (0.00M, Peak 53.12M) | Time:00:05.26 | Remaining:00:07.38 | Mem:21.62M, Peak:21.62M | Scene, RenderLayer | Path Tracing Tile 1/4, Sample 486/512
Fra:1 Mem:48.62M (0.00M, Peak 53.12M) | Time:00:05.53 | Remaining:00:07.12 | Mem:19.37M, Peak:21.62M | Scene, RenderLayer | Path Tracing Tile 1/4, Sample 512/512
Fra:1 Mem:50.59M (0.00M, Peak 53.12M) | Time:00:05.53 | Remaining:00:07.12 | Mem:21.34M, Peak:21.62M | Scene, RenderLayer | Path Tracing Tile 2/4, Sample 512/512
Fra:1 Mem:50.59M (0.00M, Peak 53.12M) | Time:00:06.26 | Remaining:00:06.37 | Mem:21.34M, Peak:21.62M | Scene, RenderLayer | Path Tracing Tile 2/4, Sample 81/512
Fra:1 Mem:50.59M (0.00M, Peak 53.12M) | Time:00:07.26 | Remaining:00:05.35 | Mem:21.34M, Peak:21.62M | Scene, RenderLayer | Path Tracing Tile 2/4, Sample 193/512
Fra:1 Mem:50.59M (0.00M, Peak 53.12M) | Time:00:08.26 | Remaining:00:04.34 | Mem:21.34M, Peak:21.62M | Scene, RenderLayer | Path Tracing Tile 2/4, Sample 305/512
Fra:1 Mem:50.59M (0.00M, Peak 53.12M) | Time:00:09.27 | Remaining:00:03.33 | Mem:21.34M, Peak:21.62M | Scene, RenderLayer | Path Tracing Tile 2/4, Sample 417/512
Fra:1 Mem:48.62M (0.00M, Peak 53.12M) | Time:00:10.13 | Remaining:00:02.47 | Mem:19.37M, Peak:21.62M | Scene, RenderLayer | Path Tracing Tile 2/4, Sample 512/512
Fra:1 Mem:49.18M (0.00M, Peak 53.12M) | Time:00:10.13 | Remaining:00:02.47 | Mem:19.93M, Peak:21.62M | Scene, RenderLayer | Path Tracing Tile 3/4, Sample 512/512
Fra:1 Mem:49.18M (0.00M, Peak 53.12M) | Time:00:10.27 | Remaining:00:02.40 | Mem:19.93M, Peak:21.62M | Scene, RenderLayer | Path Tracing Tile 3/4, Sample 33/512
Fra:1 Mem:49.18M (0.00M, Peak 53.12M) | Time:00:11.27 | Remaining:00:01.85 | Mem:19.93M, Peak:21.62M | Scene, RenderLayer | Path Tracing Tile 3/4, Sample 270/512
Fra:1 Mem:49.18M (0.00M, Peak 53.12M) | Time:00:12.28 | Remaining:00:01.26 | Mem:19.93M, Peak:21.62M | Scene, RenderLayer | Path Tracing Tile 3/4, Sample 505/512
Fra:1 Mem:48.62M (0.00M, Peak 53.12M) | Time:00:12.31 | Remaining:00:01.24 | Mem:19.37M, Peak:21.62M | Scene, RenderLayer | Path Tracing Tile 3/4, Sample 512/512
Fra:1 Mem:49.11M (0.00M, Peak 53.12M) | Time:00:12.31 | Remaining:00:01.24 | Mem:19.86M, Peak:21.62M | Scene, RenderLayer | Path Tracing Tile 4/4, Sample 512/512
Fra:1 Mem:49.11M (0.00M, Peak 53.12M) | Time:00:13.28 | Remaining:00:00.65 | Mem:19.86M, Peak:21.62M | Scene, RenderLayer | Path Tracing Tile 4/4, Sample 248/512
Fra:1 Mem:49.11M (0.00M, Peak 53.12M) | Time:00:14.28 | Remaining:00:00.02 | Mem:19.86M, Peak:21.62M | Scene, RenderLayer | Path Tracing Tile 4/4, Sample 502/512
Fra:1 Mem:48.62M (0.00M, Peak 53.12M) | Time:00:14.32 | Mem:19.37M, Peak:21.62M | Scene, RenderLayer | Path Tracing Tile 4/4, Sample 512/512
Fra:1 Mem:48.62M (0.00M, Peak 53.12M) | Time:00:14.32 | Mem:19.37M, Peak:21.62M | Scene, RenderLayer | Finished
Fra:1 Mem:19.85M (0.00M, Peak 53.12M) | Time:00:14.40 | Sce: Scene Ve:0 Fa:0 La:0
Saved: 'data/clevr-cleaned-puzzles/apocope/render/images/CLEVR_val_000005.png'
 Time: 00:14.44 (Saving: 00:00.03)


Blender quit

INFO test_net.py:  81: Called with args:
INFO test_net.py:  82: Namespace(cfg_file='clevr_inference/scene_parse/mask_rcnn/configs/baselines/e2e_mask_rcnn_R-50-FPN_1x.yaml', clevr_comp_cat=1, dataset='clevr_original_val', grab_conv=False, images_dir='data/clevr-cleaned-puzzles/apocope/render/images', load_ckpt='/home/ubuntu/vdp/data/ns-vqa-data/pretrained/object_detector.pt', load_detectron=None, multi_gpu_testing=False, name=None, output_dir='data/clevr-cleaned-puzzles/apocope/infer/mask_rcnn', range=None, rendersummary_path='data/clevr-cleaned-puzzles/apocope/render/summary.json', set_cfgs=[], vis=False)
INFO test_net.py: 125: Testing with config:
INFO test_net.py: 126: {'BBOX_XFORM_CLIP': 4.135166556742356,
 'CLEVR': {'COMP_CAT': True},
 'CROP_RESIZE_WITH_MAX_POOL': True,
 'CUDA': False,
 'DATA_DIR': '/home/ubuntu/vdp/data/ns-vqa-data/mask_rcnn',
 'DATA_LOADER': {'NUM_THREADS': 4},
 'DEBUG': False,
 'DEDUP_BOXES': 0.0625,
 'EPS': 1e-14,
 'EXPECTED_RESULTS': [],
 'EXPECTED_RESULTS_ATOL': 0.005,
 'EXPECTED_RESULTS_EMAIL': '',
 'EXPECTED_RESULTS_RTOL': 0.1,
 'FAST_RCNN': {'CONV_HEAD_DIM': 256,
               'MLP_HEAD_DIM': 1024,
               'NUM_STACKED_CONVS': 4,
               'ROI_BOX_HEAD': 'fast_rcnn_heads.roi_2mlp_head',
               'ROI_XFORM_METHOD': 'RoIAlign',
               'ROI_XFORM_RESOLUTION': 7,
               'ROI_XFORM_SAMPLING_RATIO': 2},
 'FPN': {'COARSEST_STRIDE': 32,
         'DIM': 256,
         'EXTRA_CONV_LEVELS': False,
         'FPN_ON': True,
         'MULTILEVEL_ROIS': True,
         'MULTILEVEL_RPN': True,
         'ROI_CANONICAL_LEVEL': 4,
         'ROI_CANONICAL_SCALE': 224,
         'ROI_MAX_LEVEL': 5,
         'ROI_MIN_LEVEL': 2,
         'RPN_ANCHOR_START_SIZE': 32,
         'RPN_ASPECT_RATIOS': (0.5, 1, 2),
         'RPN_COLLECT_SCALE': 1,
         'RPN_MAX_LEVEL': 6,
         'RPN_MIN_LEVEL': 2,
         'USE_GN': False,
         'ZERO_INIT_LATERAL': False},
 'GROUP_NORM': {'DIM_PER_GP': -1, 'EPSILON': 1e-05, 'NUM_GROUPS': 32},
 'KRCNN': {'CONV_HEAD_DIM': 256,
           'CONV_HEAD_KERNEL': 3,
           'CONV_INIT': 'GaussianFill',
           'DECONV_DIM': 256,
           'DECONV_KERNEL': 4,
           'DILATION': 1,
           'HEATMAP_SIZE': -1,
           'INFERENCE_MIN_SIZE': 0,
           'KEYPOINT_CONFIDENCE': 'bbox',
           'LOSS_WEIGHT': 1.0,
           'MIN_KEYPOINT_COUNT_FOR_VALID_MINIBATCH': 20,
           'NMS_OKS': False,
           'NORMALIZE_BY_VISIBLE_KEYPOINTS': True,
           'NUM_KEYPOINTS': -1,
           'NUM_STACKED_CONVS': 8,
           'ROI_KEYPOINTS_HEAD': '',
           'ROI_XFORM_METHOD': 'RoIAlign',
           'ROI_XFORM_RESOLUTION': 7,
           'ROI_XFORM_SAMPLING_RATIO': 0,
           'UP_SCALE': -1,
           'USE_DECONV': False,
           'USE_DECONV_OUTPUT': False},
 'MATLAB': 'matlab',
 'MODEL': {'BBOX_REG_WEIGHTS': (10.0, 10.0, 5.0, 5.0),
           'CLS_AGNOSTIC_BBOX_REG': False,
           'CONV_BODY': 'FPN.fpn_ResNet50_conv5_body',
           'FASTER_RCNN': True,
           'KEYPOINTS_ON': False,
           'LOAD_IMAGENET_PRETRAINED_WEIGHTS': True,
           'MASK_ON': True,
           'NUM_CLASSES': 49,
           'RPN_ONLY': False,
           'SHARE_RES5': False,
           'TYPE': 'generalized_rcnn',
           'UNSUPERVISED_POSE': False},
 'MRCNN': {'CLS_SPECIFIC_MASK': True,
           'CONV_INIT': 'MSRAFill',
           'DILATION': 1,
           'DIM_REDUCED': 256,
           'MEMORY_EFFICIENT_LOSS': True,
           'RESOLUTION': 28,
           'ROI_MASK_HEAD': 'mask_rcnn_heads.mask_rcnn_fcn_head_v1up4convs',
           'ROI_XFORM_METHOD': 'RoIAlign',
           'ROI_XFORM_RESOLUTION': 14,
           'ROI_XFORM_SAMPLING_RATIO': 2,
           'THRESH_BINARIZE': 0.5,
           'UPSAMPLE_RATIO': 1,
           'USE_FC_OUTPUT': False,
           'WEIGHT_LOSS_MASK': 1.0},
 'NUM_GPUS': 8,
 'OUTPUT_DIR': 'Outputs',
 'PIXEL_MEANS': array([[[102.9801, 115.9465, 122.7717]]]),
 'POOLING_MODE': 'crop',
 'POOLING_SIZE': 7,
 'PYTORCH_VERSION_LESS_THAN_040': False,
 'RESNETS': {'FREEZE_AT': 2,
             'IMAGENET_PRETRAINED_WEIGHTS': 'pretrained_model/resnet50_caffe.pth',
             'NUM_GROUPS': 1,
             'RES5_DILATION': 1,
             'SHORTCUT_FUNC': 'basic_bn_shortcut',
             'STEM_FUNC': 'basic_bn_stem',
             'STRIDE_1X1': True,
             'TRANS_FUNC': 'bottleneck_transformation',
             'USE_GN': False,
             'WIDTH_PER_GROUP': 64},
 'RETINANET': {'ANCHOR_SCALE': 4,
               'ASPECT_RATIOS': (0.5, 1.0, 2.0),
               'BBOX_REG_BETA': 0.11,
               'BBOX_REG_WEIGHT': 1.0,
               'CLASS_SPECIFIC_BBOX': False,
               'INFERENCE_TH': 0.05,
               'LOSS_ALPHA': 0.25,
               'LOSS_GAMMA': 2.0,
               'NEGATIVE_OVERLAP': 0.4,
               'NUM_CONVS': 4,
               'POSITIVE_OVERLAP': 0.5,
               'PRE_NMS_TOP_N': 1000,
               'PRIOR_PROB': 0.01,
               'RETINANET_ON': False,
               'SCALES_PER_OCTAVE': 3,
               'SHARE_CLS_BBOX_TOWER': False,
               'SOFTMAX': False},
 'RFCN': {'PS_GRID_SIZE': 3},
 'RNG_SEED': 3,
 'ROOT_DIR': '/home/ubuntu/vdp/clevr_inference/scene_parse/mask_rcnn',
 'RPN': {'ASPECT_RATIOS': (0.5, 1, 2),
         'CLS_ACTIVATION': 'sigmoid',
         'OUT_DIM': 512,
         'OUT_DIM_AS_IN_DIM': True,
         'RPN_ON': True,
         'SIZES': (64, 128, 256, 512),
         'STRIDE': 16},
 'SOLVER': {'BASE_LR': 0.02,
            'BIAS_DOUBLE_LR': True,
            'BIAS_WEIGHT_DECAY': False,
            'GAMMA': 0.1,
            'LOG_LR_CHANGE_THRESHOLD': 1.1,
            'LRS': [],
            'LR_POLICY': 'steps_with_decay',
            'MAX_ITER': 30000,
            'MOMENTUM': 0.9,
            'SCALE_MOMENTUM': True,
            'SCALE_MOMENTUM_THRESHOLD': 1.1,
            'STEPS': [0, 20000, 26000],
            'STEP_SIZE': 30000,
            'TYPE': 'SGD',
            'WARM_UP_FACTOR': 0.3333333333333333,
            'WARM_UP_ITERS': 500,
            'WARM_UP_METHOD': 'linear',
            'WEIGHT_DECAY': 0.0001,
            'WEIGHT_DECAY_GN': 0.0},
 'TEST': {'BBOX_AUG': {'AREA_TH_HI': 32400,
                       'AREA_TH_LO': 2500,
                       'ASPECT_RATIOS': (),
                       'ASPECT_RATIO_H_FLIP': False,
                       'COORD_HEUR': 'UNION',
                       'ENABLED': False,
                       'H_FLIP': False,
                       'MAX_SIZE': 4000,
                       'SCALES': (),
                       'SCALE_H_FLIP': False,
                       'SCALE_SIZE_DEP': False,
                       'SCORE_HEUR': 'UNION'},
          'BBOX_REG': True,
          'BBOX_VOTE': {'ENABLED': False,
                        'SCORING_METHOD': 'ID',
                        'SCORING_METHOD_BETA': 1.0,
                        'VOTE_TH': 0.8},
          'COMPETITION_MODE': True,
          'DATASETS': ('custom(data/clevr-cleaned-puzzles/apocope/render/images, '
                       'data/clevr-cleaned-puzzles/apocope/render/summary.json)',),
          'DETECTIONS_PER_IM': 100,
          'FORCE_JSON_DATASET_EVAL': False,
          'KPS_AUG': {'AREA_TH': 32400,
                      'ASPECT_RATIOS': (),
                      'ASPECT_RATIO_H_FLIP': False,
                      'ENABLED': False,
                      'HEUR': 'HM_AVG',
                      'H_FLIP': False,
                      'MAX_SIZE': 4000,
                      'SCALES': (),
                      'SCALE_H_FLIP': False,
                      'SCALE_SIZE_DEP': False},
          'MASK_AUG': {'AREA_TH': 32400,
                       'ASPECT_RATIOS': (),
                       'ASPECT_RATIO_H_FLIP': False,
                       'ENABLED': False,
                       'HEUR': 'SOFT_AVG',
                       'H_FLIP': False,
                       'MAX_SIZE': 4000,
                       'SCALES': (),
                       'SCALE_H_FLIP': False,
                       'SCALE_SIZE_DEP': False},
          'MAX_SIZE': 1333,
          'NMS': 0.5,
          'PRECOMPUTED_PROPOSALS': False,
          'PROPOSAL_FILES': (),
          'PROPOSAL_LIMIT': 2000,
          'RPN_MIN_SIZE': 0,
          'RPN_NMS_THRESH': 0.7,
          'RPN_POST_NMS_TOP_N': 1000,
          'RPN_PRE_NMS_TOP_N': 1000,
          'SCALE': 800,
          'SCORE_THRESH': 0.05,
          'SOFT_NMS': {'ENABLED': False, 'METHOD': 'linear', 'SIGMA': 0.5}},
 'TRAIN': {'ASPECT_CROPPING': False,
           'ASPECT_GROUPING': True,
           'ASPECT_HI': 2,
           'ASPECT_LO': 0.5,
           'BATCH_SIZE_PER_IM': 512,
           'BBOX_INSIDE_WEIGHTS': (1.0, 1.0, 1.0, 1.0),
           'BBOX_NORMALIZE_MEANS': (0.0, 0.0, 0.0, 0.0),
           'BBOX_NORMALIZE_STDS': (0.1, 0.1, 0.2, 0.2),
           'BBOX_NORMALIZE_TARGETS': True,
           'BBOX_NORMALIZE_TARGETS_PRECOMPUTED': False,
           'BBOX_THRESH': 0.5,
           'BG_THRESH_HI': 0.5,
           'BG_THRESH_LO': 0.0,
           'CROWD_FILTER_THRESH': 0.7,
           'DATASETS': (),
           'FG_FRACTION': 0.25,
           'FG_THRESH': 0.5,
           'FREEZE_CONV_BODY': False,
           'GT_MIN_AREA': -1,
           'IMS_PER_BATCH': 2,
           'MAX_SIZE': 1333,
           'PROPOSAL_FILES': (),
           'RPN_BATCH_SIZE_PER_IM': 256,
           'RPN_FG_FRACTION': 0.5,
           'RPN_MIN_SIZE': 0,
           'RPN_NEGATIVE_OVERLAP': 0.3,
           'RPN_NMS_THRESH': 0.7,
           'RPN_POSITIVE_OVERLAP': 0.7,
           'RPN_POST_NMS_TOP_N': 2000,
           'RPN_PRE_NMS_TOP_N': 2000,
           'RPN_STRADDLE_THRESH': 0,
           'SCALES': (800,),
           'SNAPSHOT_ITERS': 20000,
           'USE_FLIPPED': False},
 'VIS': False,
 'VIS_TH': 0.9}
INFO test_engine.py: 352: loading checkpoint /home/ubuntu/vdp/data/ns-vqa-data/pretrained/object_detector.pt
INFO test_engine.py: 286: im_detect: range [1, 6] of 6: 1/6 3.027s + 0.013s (eta: 0:00:15)
INFO test_engine.py: 336: Wrote detections to: /home/ubuntu/vdp/data/clevr-cleaned-puzzles/apocope/infer/mask_rcnn/detections.pkl
INFO test_engine.py: 164: Total inference time: 12.143s


| processing proposals 1 / 6 images
| processing proposals 2 / 6 images
| processing proposals 3 / 6 images
| processing proposals 4 / 6 images
| processing proposals 5 / 6 images
| processing proposals 6 / 6 images
| saving object annotations to data/clevr-cleaned-puzzles/apocope/infer/attrnet/predictions.json


| options
run_dir: data/clevr-cleaned-puzzles/apocope/solver_ir
dataset: clevr
load_checkpoint_path: /home/ubuntu/vdp/data/ns-vqa-data/pretrained/attribute_net.pt
gpu_ids: [0]
clevr_mini_img_dir: /home/ubuntu/vdp/data/ns-vqa-data/raw/CLEVR_mini/images
clevr_mini_ann_path: /home/ubuntu/vdp/data/ns-vqa-data/attr_net/objects/clevr_mini_objs.json
concat_img: 1
split_id: 3500
batch_size: 50
num_workers: 4
learning_rate: 0.002
split: val
output_path: data/clevr-cleaned-puzzles/apocope/solver_ir/results.json
clevr_val_ann_path: data/clevr-cleaned-puzzles/apocope/infer/attrnet/predictions.json
clevr_val_img_dir: /home/ubuntu/vdp/data/ns-vqa-data/raw/CLEVR_v1.0/images/val
shuffle_data: 0
use_cat_label: 1
name: apocope
| loading checkpoint from /home/ubuntu/vdp/data/ns-vqa-data/pretrained/attribute_net.pt
clevr_object.py: CLEVR_val_000000.png val 0 0
clevr_object.py: CLEVR_val_000000.png val 0 1
clevr_object.py: CLEVR_val_000000.png val 0 2
clevr_object.py: CLEVR_val_000001.png val 1 3
clevr_object.py: CLEVR_val_000001.png val 1 4
clevr_object.py: CLEVR_val_000001.png val 1 5
clevr_object.py: CLEVR_val_000001.png val 1 6
clevr_object.py: CLEVR_val_000002.png val 2 7
clevr_object.py: CLEVR_val_000002.png val 2 8
clevr_object.py: CLEVR_val_000003.png val 3 9
clevr_object.py: CLEVR_val_000003.png val 3 10
clevr_object.py: CLEVR_val_000004.png val 4 11
clevr_object.py: CLEVR_val_000004.png val 4 12
clevr_object.py: CLEVR_val_000004.png val 4 13
clevr_object.py: CLEVR_val_000004.png val 4 14
clevr_object.py: CLEVR_val_000005.png val 5 15
clevr_object.py: CLEVR_val_000005.png val 5 16
clevr_object.py: CLEVR_val_000005.png val 5 17
18 / 18 objects processed
| saving annotation file to data/clevr-cleaned-puzzles/apocope/solver_ir/results.json


0.json in test
THRESHOLD relate_behind objs = {'id': '0-0', 'position': [-0.0005543753504753113, 0.035887353122234344, 0.34751883149147034], 'color': 'green', 'material': 'metal', 'shape': 'sphere', 'size': 'small'}, {'id': '0-2', 'position': [-2.7991886138916016, -0.10434875637292862, 0.697333812713623], 'color': 'red', 'material': 'rubber', 'shape': 'cylinder', 'size': 'large'}
THRESHOLD relate_front objs = {'id': '0-0', 'position': [-0.0005543753504753113, 0.035887353122234344, 0.34751883149147034], 'color': 'green', 'material': 'metal', 'shape': 'sphere', 'size': 'small'}, {'id': '0-1', 'position': [2.825101375579834, 0.2246662676334381, 0.6976709365844727], 'color': 'red', 'material': 'rubber', 'shape': 'cylinder', 'size': 'large'}
THRESHOLD relate_behind objs = {'id': '0-1', 'position': [2.825101375579834, 0.2246662676334381, 0.6976709365844727], 'color': 'red', 'material': 'rubber', 'shape': 'cylinder', 'size': 'large'}, {'id': '0-0', 'position': [-0.0005543753504753113, 0.035887353122234344, 0.34751883149147034], 'color': 'green', 'material': 'metal', 'shape': 'sphere', 'size': 'small'}
THRESHOLD relate_behind objs = {'id': '0-1', 'position': [2.825101375579834, 0.2246662676334381, 0.6976709365844727], 'color': 'red', 'material': 'rubber', 'shape': 'cylinder', 'size': 'large'}, {'id': '0-2', 'position': [-2.7991886138916016, -0.10434875637292862, 0.697333812713623], 'color': 'red', 'material': 'rubber', 'shape': 'cylinder', 'size': 'large'}
THRESHOLD relate_front objs = {'id': '0-2', 'position': [-2.7991886138916016, -0.10434875637292862, 0.697333812713623], 'color': 'red', 'material': 'rubber', 'shape': 'cylinder', 'size': 'large'}, {'id': '0-0', 'position': [-0.0005543753504753113, 0.035887353122234344, 0.34751883149147034], 'color': 'green', 'material': 'metal', 'shape': 'sphere', 'size': 'small'}
THRESHOLD relate_front objs = {'id': '0-2', 'position': [-2.7991886138916016, -0.10434875637292862, 0.697333812713623], 'color': 'red', 'material': 'rubber', 'shape': 'cylinder', 'size': 'large'}, {'id': '0-1', 'position': [2.825101375579834, 0.2246662676334381, 0.6976709365844727], 'color': 'red', 'material': 'rubber', 'shape': 'cylinder', 'size': 'large'}
1.json in test
THRESHOLD relate_behind objs = {'id': '1-0', 'position': [3.1663002967834473, 0.24295425415039062, 0.3472331166267395], 'color': 'green', 'material': 'rubber', 'shape': 'sphere', 'size': 'small'}, {'id': '1-1', 'position': [-1.4043610095977783, -0.10499776154756546, 0.3472749590873718], 'color': 'green', 'material': 'rubber', 'shape': 'sphere', 'size': 'small'}
THRESHOLD relate_behind objs = {'id': '1-0', 'position': [3.1663002967834473, 0.24295425415039062, 0.3472331166267395], 'color': 'green', 'material': 'rubber', 'shape': 'sphere', 'size': 'small'}, {'id': '1-2', 'position': [1.4206346273422241, 0.11349739879369736, 0.6985750794410706], 'color': 'red', 'material': 'rubber', 'shape': 'cylinder', 'size': 'large'}
THRESHOLD relate_behind objs = {'id': '1-0', 'position': [3.1663002967834473, 0.24295425415039062, 0.3472331166267395], 'color': 'green', 'material': 'rubber', 'shape': 'sphere', 'size': 'small'}, {'id': '1-3', 'position': [-3.1674230098724365, -0.1170341968536377, 0.6952210664749146], 'color': 'red', 'material': 'rubber', 'shape': 'cylinder', 'size': 'large'}
THRESHOLD relate_behind objs = {'id': '1-1', 'position': [-1.4043610095977783, -0.10499776154756546, 0.3472749590873718], 'color': 'green', 'material': 'rubber', 'shape': 'sphere', 'size': 'small'}, {'id': '1-3', 'position': [-3.1674230098724365, -0.1170341968536377, 0.6952210664749146], 'color': 'red', 'material': 'rubber', 'shape': 'cylinder', 'size': 'large'}
THRESHOLD relate_front objs = {'id': '1-1', 'position': [-1.4043610095977783, -0.10499776154756546, 0.3472749590873718], 'color': 'green', 'material': 'rubber', 'shape': 'sphere', 'size': 'small'}, {'id': '1-0', 'position': [3.1663002967834473, 0.24295425415039062, 0.3472331166267395], 'color': 'green', 'material': 'rubber', 'shape': 'sphere', 'size': 'small'}
THRESHOLD relate_front objs = {'id': '1-1', 'position': [-1.4043610095977783, -0.10499776154756546, 0.3472749590873718], 'color': 'green', 'material': 'rubber', 'shape': 'sphere', 'size': 'small'}, {'id': '1-2', 'position': [1.4206346273422241, 0.11349739879369736, 0.6985750794410706], 'color': 'red', 'material': 'rubber', 'shape': 'cylinder', 'size': 'large'}
THRESHOLD relate_behind objs = {'id': '1-2', 'position': [1.4206346273422241, 0.11349739879369736, 0.6985750794410706], 'color': 'red', 'material': 'rubber', 'shape': 'cylinder', 'size': 'large'}, {'id': '1-1', 'position': [-1.4043610095977783, -0.10499776154756546, 0.3472749590873718], 'color': 'green', 'material': 'rubber', 'shape': 'sphere', 'size': 'small'}
THRESHOLD relate_behind objs = {'id': '1-2', 'position': [1.4206346273422241, 0.11349739879369736, 0.6985750794410706], 'color': 'red', 'material': 'rubber', 'shape': 'cylinder', 'size': 'large'}, {'id': '1-3', 'position': [-3.1674230098724365, -0.1170341968536377, 0.6952210664749146], 'color': 'red', 'material': 'rubber', 'shape': 'cylinder', 'size': 'large'}
THRESHOLD relate_front objs = {'id': '1-2', 'position': [1.4206346273422241, 0.11349739879369736, 0.6985750794410706], 'color': 'red', 'material': 'rubber', 'shape': 'cylinder', 'size': 'large'}, {'id': '1-0', 'position': [3.1663002967834473, 0.24295425415039062, 0.3472331166267395], 'color': 'green', 'material': 'rubber', 'shape': 'sphere', 'size': 'small'}
THRESHOLD relate_front objs = {'id': '1-3', 'position': [-3.1674230098724365, -0.1170341968536377, 0.6952210664749146], 'color': 'red', 'material': 'rubber', 'shape': 'cylinder', 'size': 'large'}, {'id': '1-0', 'position': [3.1663002967834473, 0.24295425415039062, 0.3472331166267395], 'color': 'green', 'material': 'rubber', 'shape': 'sphere', 'size': 'small'}
THRESHOLD relate_front objs = {'id': '1-3', 'position': [-3.1674230098724365, -0.1170341968536377, 0.6952210664749146], 'color': 'red', 'material': 'rubber', 'shape': 'cylinder', 'size': 'large'}, {'id': '1-1', 'position': [-1.4043610095977783, -0.10499776154756546, 0.3472749590873718], 'color': 'green', 'material': 'rubber', 'shape': 'sphere', 'size': 'small'}
THRESHOLD relate_front objs = {'id': '1-3', 'position': [-3.1674230098724365, -0.1170341968536377, 0.6952210664749146], 'color': 'red', 'material': 'rubber', 'shape': 'cylinder', 'size': 'large'}, {'id': '1-2', 'position': [1.4206346273422241, 0.11349739879369736, 0.6985750794410706], 'color': 'red', 'material': 'rubber', 'shape': 'cylinder', 'size': 'large'}
2.json in test
THRESHOLD relate_front objs = {'id': '2-0', 'position': [0.052305176854133606, 0.030239678919315338, 0.693679690361023], 'color': 'red', 'material': 'rubber', 'shape': 'cylinder', 'size': 'large'}, {'id': '2-1', 'position': [2.095752477645874, 0.16514798998832703, 0.3530302345752716], 'color': 'red', 'material': 'rubber', 'shape': 'sphere', 'size': 'small'}
THRESHOLD relate_behind objs = {'id': '2-1', 'position': [2.095752477645874, 0.16514798998832703, 0.3530302345752716], 'color': 'red', 'material': 'rubber', 'shape': 'sphere', 'size': 'small'}, {'id': '2-0', 'position': [0.052305176854133606, 0.030239678919315338, 0.693679690361023], 'color': 'red', 'material': 'rubber', 'shape': 'cylinder', 'size': 'large'}
3.json in train
THRESHOLD relate_front objs = {'id': '3-0', 'position': [-1.3752988576889038, -0.03489325940608978, 0.3459628224372864], 'color': 'blue', 'material': 'rubber', 'shape': 'sphere', 'size': 'small'}, {'id': '3-1', 'position': [0.7311563491821289, 0.08997045457363129, 0.6963891386985779], 'color': 'red', 'material': 'rubber', 'shape': 'cylinder', 'size': 'large'}
THRESHOLD relate_behind objs = {'id': '3-1', 'position': [0.7311563491821289, 0.08997045457363129, 0.6963891386985779], 'color': 'red', 'material': 'rubber', 'shape': 'cylinder', 'size': 'large'}, {'id': '3-0', 'position': [-1.3752988576889038, -0.03489325940608978, 0.3459628224372864], 'color': 'blue', 'material': 'rubber', 'shape': 'sphere', 'size': 'small'}
4.json in train
THRESHOLD relate_behind objs = {'id': '4-0', 'position': [1.3473503589630127, 0.13240906596183777, 0.34697967767715454], 'color': 'green', 'material': 'rubber', 'shape': 'sphere', 'size': 'small'}, {'id': '4-1', 'position': [-0.6631436944007874, 0.012608380988240242, 0.6980602741241455], 'color': 'red', 'material': 'rubber', 'shape': 'cylinder', 'size': 'large'}
THRESHOLD relate_behind objs = {'id': '4-0', 'position': [1.3473503589630127, 0.13240906596183777, 0.34697967767715454], 'color': 'green', 'material': 'rubber', 'shape': 'sphere', 'size': 'small'}, {'id': '4-2', 'position': [-3.557579517364502, -0.15765893459320068, 0.6963532567024231], 'color': 'red', 'material': 'rubber', 'shape': 'cylinder', 'size': 'large'}
THRESHOLD relate_front objs = {'id': '4-0', 'position': [1.3473503589630127, 0.13240906596183777, 0.34697967767715454], 'color': 'green', 'material': 'rubber', 'shape': 'sphere', 'size': 'small'}, {'id': '4-3', 'position': [3.164039134979248, 0.2731707990169525, 0.6989663243293762], 'color': 'red', 'material': 'rubber', 'shape': 'cylinder', 'size': 'large'}
THRESHOLD relate_behind objs = {'id': '4-1', 'position': [-0.6631436944007874, 0.012608380988240242, 0.6980602741241455], 'color': 'red', 'material': 'rubber', 'shape': 'cylinder', 'size': 'large'}, {'id': '4-2', 'position': [-3.557579517364502, -0.15765893459320068, 0.6963532567024231], 'color': 'red', 'material': 'rubber', 'shape': 'cylinder', 'size': 'large'}
THRESHOLD relate_front objs = {'id': '4-1', 'position': [-0.6631436944007874, 0.012608380988240242, 0.6980602741241455], 'color': 'red', 'material': 'rubber', 'shape': 'cylinder', 'size': 'large'}, {'id': '4-0', 'position': [1.3473503589630127, 0.13240906596183777, 0.34697967767715454], 'color': 'green', 'material': 'rubber', 'shape': 'sphere', 'size': 'small'}
THRESHOLD relate_front objs = {'id': '4-1', 'position': [-0.6631436944007874, 0.012608380988240242, 0.6980602741241455], 'color': 'red', 'material': 'rubber', 'shape': 'cylinder', 'size': 'large'}, {'id': '4-3', 'position': [3.164039134979248, 0.2731707990169525, 0.6989663243293762], 'color': 'red', 'material': 'rubber', 'shape': 'cylinder', 'size': 'large'}
THRESHOLD relate_front objs = {'id': '4-2', 'position': [-3.557579517364502, -0.15765893459320068, 0.6963532567024231], 'color': 'red', 'material': 'rubber', 'shape': 'cylinder', 'size': 'large'}, {'id': '4-0', 'position': [1.3473503589630127, 0.13240906596183777, 0.34697967767715454], 'color': 'green', 'material': 'rubber', 'shape': 'sphere', 'size': 'small'}
THRESHOLD relate_front objs = {'id': '4-2', 'position': [-3.557579517364502, -0.15765893459320068, 0.6963532567024231], 'color': 'red', 'material': 'rubber', 'shape': 'cylinder', 'size': 'large'}, {'id': '4-1', 'position': [-0.6631436944007874, 0.012608380988240242, 0.6980602741241455], 'color': 'red', 'material': 'rubber', 'shape': 'cylinder', 'size': 'large'}
THRESHOLD relate_behind objs = {'id': '4-3', 'position': [3.164039134979248, 0.2731707990169525, 0.6989663243293762], 'color': 'red', 'material': 'rubber', 'shape': 'cylinder', 'size': 'large'}, {'id': '4-0', 'position': [1.3473503589630127, 0.13240906596183777, 0.34697967767715454], 'color': 'green', 'material': 'rubber', 'shape': 'sphere', 'size': 'small'}
THRESHOLD relate_behind objs = {'id': '4-3', 'position': [3.164039134979248, 0.2731707990169525, 0.6989663243293762], 'color': 'red', 'material': 'rubber', 'shape': 'cylinder', 'size': 'large'}, {'id': '4-1', 'position': [-0.6631436944007874, 0.012608380988240242, 0.6980602741241455], 'color': 'red', 'material': 'rubber', 'shape': 'cylinder', 'size': 'large'}
5.json in train
THRESHOLD relate_behind objs = {'id': '5-0', 'position': [-0.022351406514644623, 0.03177232667803764, 0.3456434905529022], 'color': 'green', 'material': 'rubber', 'shape': 'sphere', 'size': 'small'}, {'id': '5-1', 'position': [-2.799089193344116, -0.10615529119968414, 0.6976466774940491], 'color': 'red', 'material': 'rubber', 'shape': 'cylinder', 'size': 'large'}
THRESHOLD relate_front objs = {'id': '5-0', 'position': [-0.022351406514644623, 0.03177232667803764, 0.3456434905529022], 'color': 'green', 'material': 'rubber', 'shape': 'sphere', 'size': 'small'}, {'id': '5-2', 'position': [2.8470377922058105, 0.24158865213394165, 0.6971530318260193], 'color': 'yellow', 'material': 'rubber', 'shape': 'cylinder', 'size': 'large'}
THRESHOLD relate_front objs = {'id': '5-1', 'position': [-2.799089193344116, -0.10615529119968414, 0.6976466774940491], 'color': 'red', 'material': 'rubber', 'shape': 'cylinder', 'size': 'large'}, {'id': '5-0', 'position': [-0.022351406514644623, 0.03177232667803764, 0.3456434905529022], 'color': 'green', 'material': 'rubber', 'shape': 'sphere', 'size': 'small'}
THRESHOLD relate_front objs = {'id': '5-1', 'position': [-2.799089193344116, -0.10615529119968414, 0.6976466774940491], 'color': 'red', 'material': 'rubber', 'shape': 'cylinder', 'size': 'large'}, {'id': '5-2', 'position': [2.8470377922058105, 0.24158865213394165, 0.6971530318260193], 'color': 'yellow', 'material': 'rubber', 'shape': 'cylinder', 'size': 'large'}
THRESHOLD relate_behind objs = {'id': '5-2', 'position': [2.8470377922058105, 0.24158865213394165, 0.6971530318260193], 'color': 'yellow', 'material': 'rubber', 'shape': 'cylinder', 'size': 'large'}, {'id': '5-0', 'position': [-0.022351406514644623, 0.03177232667803764, 0.3456434905529022], 'color': 'green', 'material': 'rubber', 'shape': 'sphere', 'size': 'small'}
THRESHOLD relate_behind objs = {'id': '5-2', 'position': [2.8470377922058105, 0.24158865213394165, 0.6971530318260193], 'color': 'yellow', 'material': 'rubber', 'shape': 'cylinder', 'size': 'large'}, {'id': '5-1', 'position': [-2.799089193344116, -0.10615529119968414, 0.6976466774940491], 'color': 'red', 'material': 'rubber', 'shape': 'cylinder', 'size': 'large'}
