Started Logging. 2022-07-09 21:58:06.706713

0.json in train
THRESHOLD relate_front objs = {'id': '0-0', 'position': [-2.833723306655884, -0.08885828405618668, 0.685970664024353], 'color': 'cyan', 'material': 'metal', 'shape': 'cube', 'size': 'large'}, {'id': '0-1', 'position': [-0.16441267728805542, 0.2630493938922882, 0.6887028813362122], 'color': 'gray', 'material': 'metal', 'shape': 'cylinder', 'size': 'large'}
THRESHOLD relate_behind objs = {'id': '0-1', 'position': [-0.16441267728805542, 0.2630493938922882, 0.6887028813362122], 'color': 'gray', 'material': 'metal', 'shape': 'cylinder', 'size': 'large'}, {'id': '0-0', 'position': [-2.833723306655884, -0.08885828405618668, 0.685970664024353], 'color': 'cyan', 'material': 'metal', 'shape': 'cube', 'size': 'large'}
1.json in test
THRESHOLD relate_behind objs = {'id': '1-0', 'position': [0.14161735773086548, 0.10834251344203949, 0.6865856647491455], 'color': 'blue', 'material': 'metal', 'shape': 'cylinder', 'size': 'large'}, {'id': '1-1', 'position': [-2.843317985534668, -0.10985469073057175, 0.6958004236221313], 'color': 'yellow', 'material': 'metal', 'shape': 'cube', 'size': 'large'}
THRESHOLD relate_front objs = {'id': '1-0', 'position': [0.14161735773086548, 0.10834251344203949, 0.6865856647491455], 'color': 'blue', 'material': 'metal', 'shape': 'cylinder', 'size': 'large'}, {'id': '1-2', 'position': [2.864203691482544, 0.3219871520996094, 0.6894433498382568], 'color': 'yellow', 'material': 'metal', 'shape': 'cube', 'size': 'large'}
THRESHOLD relate_front objs = {'id': '1-1', 'position': [-2.843317985534668, -0.10985469073057175, 0.6958004236221313], 'color': 'yellow', 'material': 'metal', 'shape': 'cube', 'size': 'large'}, {'id': '1-0', 'position': [0.14161735773086548, 0.10834251344203949, 0.6865856647491455], 'color': 'blue', 'material': 'metal', 'shape': 'cylinder', 'size': 'large'}
THRESHOLD relate_behind objs = {'id': '1-2', 'position': [2.864203691482544, 0.3219871520996094, 0.6894433498382568], 'color': 'yellow', 'material': 'metal', 'shape': 'cube', 'size': 'large'}, {'id': '1-0', 'position': [0.14161735773086548, 0.10834251344203949, 0.6865856647491455], 'color': 'blue', 'material': 'metal', 'shape': 'cylinder', 'size': 'large'}
2.json in test
THRESHOLD relate_front objs = {'id': '2-0', 'position': [-2.885329484939575, -0.04822467267513275, 0.6918849945068359], 'color': 'gray', 'material': 'metal', 'shape': 'cylinder', 'size': 'large'}, {'id': '2-1', 'position': [-0.10152038186788559, 0.1017409935593605, 0.6860678195953369], 'color': 'yellow', 'material': 'metal', 'shape': 'cube', 'size': 'large'}
THRESHOLD relate_behind objs = {'id': '2-1', 'position': [-0.10152038186788559, 0.1017409935593605, 0.6860678195953369], 'color': 'yellow', 'material': 'metal', 'shape': 'cube', 'size': 'large'}, {'id': '2-0', 'position': [-2.885329484939575, -0.04822467267513275, 0.6918849945068359], 'color': 'gray', 'material': 'metal', 'shape': 'cylinder', 'size': 'large'}
3.json in train
THRESHOLD relate_behind objs = {'id': '3-0', 'position': [2.754131317138672, 0.39496251940727234, 0.6881665587425232], 'color': 'blue', 'material': 'metal', 'shape': 'cylinder', 'size': 'large'}, {'id': '3-1', 'position': [0.07272125035524368, 0.20582035183906555, 0.6886275410652161], 'color': 'yellow', 'material': 'metal', 'shape': 'cube', 'size': 'large'}
THRESHOLD relate_front objs = {'id': '3-1', 'position': [0.07272125035524368, 0.20582035183906555, 0.6886275410652161], 'color': 'yellow', 'material': 'metal', 'shape': 'cube', 'size': 'large'}, {'id': '3-0', 'position': [2.754131317138672, 0.39496251940727234, 0.6881665587425232], 'color': 'blue', 'material': 'metal', 'shape': 'cylinder', 'size': 'large'}
4.json in test
THRESHOLD relate_behind objs = {'id': '4-0', 'position': [2.8696556091308594, 0.39378538727760315, 0.33777764439582825], 'color': 'cyan', 'material': 'rubber', 'shape': 'cylinder', 'size': 'small'}, {'id': '4-1', 'position': [0.08703553676605225, 0.07072819769382477, 0.3425421118736267], 'color': 'cyan', 'material': 'metal', 'shape': 'cylinder', 'size': 'small'}
THRESHOLD relate_behind objs = {'id': '4-0', 'position': [2.8696556091308594, 0.39378538727760315, 0.33777764439582825], 'color': 'cyan', 'material': 'rubber', 'shape': 'cylinder', 'size': 'small'}, {'id': '4-2', 'position': [1.456152081489563, 0.21877777576446533, 0.34446772933006287], 'color': 'gray', 'material': 'metal', 'shape': 'cube', 'size': 'small'}
THRESHOLD relate_behind objs = {'id': '4-0', 'position': [2.8696556091308594, 0.39378538727760315, 0.33777764439582825], 'color': 'cyan', 'material': 'rubber', 'shape': 'cylinder', 'size': 'small'}, {'id': '4-3', 'position': [-1.1557220220565796, 0.042975205928087234, 0.3444063663482666], 'color': 'gray', 'material': 'metal', 'shape': 'cube', 'size': 'small'}
THRESHOLD relate_behind objs = {'id': '4-1', 'position': [0.08703553676605225, 0.07072819769382477, 0.3425421118736267], 'color': 'cyan', 'material': 'metal', 'shape': 'cylinder', 'size': 'small'}, {'id': '4-3', 'position': [-1.1557220220565796, 0.042975205928087234, 0.3444063663482666], 'color': 'gray', 'material': 'metal', 'shape': 'cube', 'size': 'small'}
THRESHOLD relate_front objs = {'id': '4-1', 'position': [0.08703553676605225, 0.07072819769382477, 0.3425421118736267], 'color': 'cyan', 'material': 'metal', 'shape': 'cylinder', 'size': 'small'}, {'id': '4-0', 'position': [2.8696556091308594, 0.39378538727760315, 0.33777764439582825], 'color': 'cyan', 'material': 'rubber', 'shape': 'cylinder', 'size': 'small'}
THRESHOLD relate_front objs = {'id': '4-1', 'position': [0.08703553676605225, 0.07072819769382477, 0.3425421118736267], 'color': 'cyan', 'material': 'metal', 'shape': 'cylinder', 'size': 'small'}, {'id': '4-2', 'position': [1.456152081489563, 0.21877777576446533, 0.34446772933006287], 'color': 'gray', 'material': 'metal', 'shape': 'cube', 'size': 'small'}
THRESHOLD relate_behind objs = {'id': '4-2', 'position': [1.456152081489563, 0.21877777576446533, 0.34446772933006287], 'color': 'gray', 'material': 'metal', 'shape': 'cube', 'size': 'small'}, {'id': '4-1', 'position': [0.08703553676605225, 0.07072819769382477, 0.3425421118736267], 'color': 'cyan', 'material': 'metal', 'shape': 'cylinder', 'size': 'small'}
THRESHOLD relate_behind objs = {'id': '4-2', 'position': [1.456152081489563, 0.21877777576446533, 0.34446772933006287], 'color': 'gray', 'material': 'metal', 'shape': 'cube', 'size': 'small'}, {'id': '4-3', 'position': [-1.1557220220565796, 0.042975205928087234, 0.3444063663482666], 'color': 'gray', 'material': 'metal', 'shape': 'cube', 'size': 'small'}
THRESHOLD relate_front objs = {'id': '4-2', 'position': [1.456152081489563, 0.21877777576446533, 0.34446772933006287], 'color': 'gray', 'material': 'metal', 'shape': 'cube', 'size': 'small'}, {'id': '4-0', 'position': [2.8696556091308594, 0.39378538727760315, 0.33777764439582825], 'color': 'cyan', 'material': 'rubber', 'shape': 'cylinder', 'size': 'small'}
THRESHOLD relate_front objs = {'id': '4-3', 'position': [-1.1557220220565796, 0.042975205928087234, 0.3444063663482666], 'color': 'gray', 'material': 'metal', 'shape': 'cube', 'size': 'small'}, {'id': '4-0', 'position': [2.8696556091308594, 0.39378538727760315, 0.33777764439582825], 'color': 'cyan', 'material': 'rubber', 'shape': 'cylinder', 'size': 'small'}
THRESHOLD relate_front objs = {'id': '4-3', 'position': [-1.1557220220565796, 0.042975205928087234, 0.3444063663482666], 'color': 'gray', 'material': 'metal', 'shape': 'cube', 'size': 'small'}, {'id': '4-1', 'position': [0.08703553676605225, 0.07072819769382477, 0.3425421118736267], 'color': 'cyan', 'material': 'metal', 'shape': 'cylinder', 'size': 'small'}
THRESHOLD relate_front objs = {'id': '4-3', 'position': [-1.1557220220565796, 0.042975205928087234, 0.3444063663482666], 'color': 'gray', 'material': 'metal', 'shape': 'cube', 'size': 'small'}, {'id': '4-2', 'position': [1.456152081489563, 0.21877777576446533, 0.34446772933006287], 'color': 'gray', 'material': 'metal', 'shape': 'cube', 'size': 'small'}
5.json in train
THRESHOLD relate_front objs = {'id': '5-0', 'position': [-1.38204026222229, -0.156490296125412, 0.6925041079521179], 'color': 'cyan', 'material': 'rubber', 'shape': 'cube', 'size': 'large'}, {'id': '5-1', 'position': [1.4372502565383911, 0.1303456425666809, 0.3399401903152466], 'color': 'gray', 'material': 'metal', 'shape': 'cylinder', 'size': 'small'}
THRESHOLD relate_behind objs = {'id': '5-1', 'position': [1.4372502565383911, 0.1303456425666809, 0.3399401903152466], 'color': 'gray', 'material': 'metal', 'shape': 'cylinder', 'size': 'small'}, {'id': '5-0', 'position': [-1.38204026222229, -0.156490296125412, 0.6925041079521179], 'color': 'cyan', 'material': 'rubber', 'shape': 'cube', 'size': 'large'}
