Started Logging. 2022-07-09 19:09:55.450448

found bundled python: /home/ubuntu/vdp/data/blender-2.78c-linux-glibc219-x86_64/2.78/python
read blend: /home/ubuntu/vdp/data/clevr_scene_data/base_scene.blend
convertViewVec: called in an invalid context
convertViewVec: called in an invalid context
convertViewVec: called in an invalid context
Fra:1 Mem:17.34M (0.00M, Peak 17.34M) | Time:00:00.00 | Preparing Scene data
Fra:1 Mem:25.35M (0.00M, Peak 26.33M) | Time:00:00.01 | Preparing Scene data
Fra:1 Mem:25.35M (0.00M, Peak 26.33M) | Time:00:00.01 | Creating Shadowbuffers
Fra:1 Mem:25.35M (0.00M, Peak 26.33M) | Time:00:00.01 | Raytree.. preparing
Fra:1 Mem:34.17M (0.00M, Peak 34.17M) | Time:00:00.02 | Raytree.. building
Fra:1 Mem:33.69M (0.00M, Peak 47.46M) | Time:00:00.16 | Raytree finished
Fra:1 Mem:33.69M (0.00M, Peak 47.46M) | Time:00:00.16 | Creating Environment maps
Fra:1 Mem:33.69M (0.00M, Peak 47.46M) | Time:00:00.16 | Caching Point Densities
Fra:1 Mem:33.69M (0.00M, Peak 47.46M) | Time:00:00.16 | Sce: Scene Ve:66054 Fa:64242 La:1
Fra:1 Mem:33.69M (0.00M, Peak 47.46M) | Time:00:00.16 | Loading voxel datasets
Fra:1 Mem:33.69M (0.00M, Peak 47.46M) | Time:00:00.16 | Sce: Scene Ve:66054 Fa:64242 La:1
Fra:1 Mem:33.69M (0.00M, Peak 47.46M) | Time:00:00.16 | Sce: Scene Ve:66054 Fa:64242 La:1
Fra:1 Mem:33.69M (0.00M, Peak 47.46M) | Time:00:00.16 | Volume preprocessing
Fra:1 Mem:33.69M (0.00M, Peak 47.46M) | Time:00:00.16 | Sce: Scene Ve:66054 Fa:64242 La:1
Fra:1 Mem:33.69M (0.00M, Peak 47.46M) | Time:00:00.16 | Sce: Scene Ve:66054 Fa:64242 La:1
Fra:1 Mem:38.03M (0.00M, Peak 47.46M) | Time:00:00.17 | Scene, Part 3-4
Fra:1 Mem:37.72M (0.00M, Peak 47.46M) | Time:00:00.17 | Scene, Part 4-4
Fra:1 Mem:36.79M (0.00M, Peak 47.46M) | Time:00:00.18 | Scene, Part 2-4
Fra:1 Mem:34.94M (0.00M, Peak 47.46M) | Time:00:00.18 | Scene, Part 1-4
Fra:1 Mem:17.23M (0.00M, Peak 47.46M) | Time:00:00.18 | Sce: Scene Ve:66054 Fa:64242 La:1
Saved: '/tmp/tmp7_3rajh2.png'
 Time: 00:00.23 (Saving: 00:00.04)

Fra:1 Mem:17.26M (0.00M, Peak 17.85M) | Time:00:00.05 | Mem:0.00M, Peak:0.00M | Scene, RenderLayer | Synchronizing object | Area
Fra:1 Mem:17.26M (0.00M, Peak 17.85M) | Time:00:00.05 | Mem:0.00M, Peak:0.00M | Scene, RenderLayer | Synchronizing object | Ground
Fra:1 Mem:17.32M (0.00M, Peak 17.85M) | Time:00:00.05 | Mem:0.00M, Peak:0.00M | Scene, RenderLayer | Synchronizing object | Empty
Fra:1 Mem:17.32M (0.00M, Peak 17.85M) | Time:00:00.05 | Mem:0.00M, Peak:0.00M | Scene, RenderLayer | Synchronizing object | Lamp_Back
Fra:1 Mem:17.32M (0.00M, Peak 17.85M) | Time:00:00.05 | Mem:0.00M, Peak:0.00M | Scene, RenderLayer | Synchronizing object | Lamp_Fill
Fra:1 Mem:17.32M (0.00M, Peak 17.85M) | Time:00:00.05 | Mem:0.00M, Peak:0.00M | Scene, RenderLayer | Synchronizing object | Lamp_Key
Fra:1 Mem:17.32M (0.00M, Peak 17.85M) | Time:00:00.05 | Mem:0.00M, Peak:0.00M | Scene, RenderLayer | Synchronizing object | Camera
Fra:1 Mem:17.32M (0.00M, Peak 17.85M) | Time:00:00.05 | Mem:0.00M, Peak:0.00M | Scene, RenderLayer | Synchronizing object | SmoothCylinder_0
Fra:1 Mem:20.65M (0.00M, Peak 23.73M) | Time:00:00.06 | Mem:0.00M, Peak:0.00M | Scene, RenderLayer | Synchronizing object | Sphere_0
Fra:1 Mem:22.14M (0.00M, Peak 23.73M) | Time:00:00.06 | Mem:0.00M, Peak:0.00M | Scene, RenderLayer | Synchronizing object | Sphere_1
Fra:1 Mem:23.64M (0.00M, Peak 25.07M) | Time:00:00.07 | Mem:0.00M, Peak:0.00M | Scene, RenderLayer | Initializing
Fra:1 Mem:23.64M (0.00M, Peak 25.07M) | Time:00:00.07 | Mem:0.00M, Peak:0.00M | Scene, RenderLayer | Loading render kernels (may take a few minutes the first time)
Fra:1 Mem:23.64M (0.00M, Peak 26.34M) | Time:00:00.08 | Mem:0.00M, Peak:0.00M | Scene, RenderLayer | Waiting for render to start
Fra:1 Mem:23.64M (0.00M, Peak 26.34M) | Time:00:00.08 | Mem:0.00M, Peak:0.00M | Scene, RenderLayer | Updating Scene
Fra:1 Mem:23.64M (0.00M, Peak 26.34M) | Time:00:00.08 | Mem:0.00M, Peak:0.00M | Scene, RenderLayer | Updating Shaders
Fra:1 Mem:24.14M (0.00M, Peak 26.34M) | Time:00:00.16 | Mem:0.00M, Peak:0.00M | Scene, RenderLayer | Updating Background
Fra:1 Mem:24.14M (0.00M, Peak 26.34M) | Time:00:00.16 | Mem:0.00M, Peak:0.00M | Scene, RenderLayer | Updating Camera
Fra:1 Mem:24.14M (0.00M, Peak 26.34M) | Time:00:00.16 | Mem:0.00M, Peak:0.00M | Scene, RenderLayer | Updating Meshes Flags
Fra:1 Mem:24.14M (0.00M, Peak 26.34M) | Time:00:00.16 | Mem:0.00M, Peak:0.00M | Scene, RenderLayer | Updating Objects
Fra:1 Mem:24.14M (0.00M, Peak 26.34M) | Time:00:00.16 | Mem:0.00M, Peak:0.00M | Scene, RenderLayer | Updating Objects | Copying Transformations to device
Fra:1 Mem:24.14M (0.00M, Peak 26.34M) | Time:00:00.16 | Mem:0.00M, Peak:0.00M | Scene, RenderLayer | Updating Objects | Applying Static Transformations
Fra:1 Mem:24.14M (0.00M, Peak 26.34M) | Time:00:00.16 | Mem:0.00M, Peak:0.00M | Scene, RenderLayer | Updating Meshes
Fra:1 Mem:26.11M (0.00M, Peak 26.34M) | Time:00:00.17 | Mem:0.00M, Peak:0.00M | Scene, RenderLayer | Updating Mesh | Computing attributes
Fra:1 Mem:27.12M (0.00M, Peak 27.12M) | Time:00:00.17 | Mem:0.00M, Peak:0.00M | Scene, RenderLayer | Updating Mesh | Copying Attributes to device
Fra:1 Mem:27.12M (0.00M, Peak 28.12M) | Time:00:00.17 | Mem:1.01M, Peak:1.01M | Scene, RenderLayer | Updating Scene BVH | Building
Fra:1 Mem:27.12M (0.00M, Peak 28.12M) | Time:00:00.17 | Mem:1.01M, Peak:1.01M | Scene, RenderLayer | Updating Scene BVH | Building BVH
Fra:1 Mem:34.50M (0.00M, Peak 34.50M) | Time:00:00.26 | Mem:1.01M, Peak:1.01M | Scene, RenderLayer | Updating Scene BVH | Packing BVH triangles and strands
Fra:1 Mem:41.39M (0.00M, Peak 41.39M) | Time:00:00.26 | Mem:1.01M, Peak:1.01M | Scene, RenderLayer | Updating Scene BVH | Packing BVH nodes
Fra:1 Mem:37.52M (0.00M, Peak 43.43M) | Time:00:00.27 | Mem:1.01M, Peak:1.01M | Scene, RenderLayer | Updating Scene BVH | Copying BVH to device
Fra:1 Mem:38.01M (0.00M, Peak 43.43M) | Time:00:00.28 | Mem:11.41M, Peak:11.41M | Scene, RenderLayer | Updating Mesh | Computing normals
Fra:1 Mem:42.50M (0.00M, Peak 43.43M) | Time:00:00.28 | Mem:11.41M, Peak:11.41M | Scene, RenderLayer | Updating Mesh | Copying Mesh to device
Fra:1 Mem:42.01M (0.00M, Peak 43.43M) | Time:00:00.28 | Mem:15.90M, Peak:15.90M | Scene, RenderLayer | Updating Objects Flags
Fra:1 Mem:42.01M (0.00M, Peak 43.43M) | Time:00:00.28 | Mem:15.90M, Peak:15.90M | Scene, RenderLayer | Updating Images
Fra:1 Mem:42.01M (0.00M, Peak 43.43M) | Time:00:00.28 | Mem:15.90M, Peak:15.90M | Scene, RenderLayer | Updating Camera Volume
Fra:1 Mem:42.01M (0.00M, Peak 43.43M) | Time:00:00.28 | Mem:15.90M, Peak:15.90M | Scene, RenderLayer | Updating Hair Systems
Fra:1 Mem:42.01M (0.00M, Peak 43.43M) | Time:00:00.28 | Mem:15.90M, Peak:15.90M | Scene, RenderLayer | Updating Hair settings | Copying Hair settings to device
Fra:1 Mem:42.01M (0.00M, Peak 43.43M) | Time:00:00.28 | Mem:15.90M, Peak:15.90M | Scene, RenderLayer | Updating Lookup Tables
Fra:1 Mem:42.01M (0.00M, Peak 43.43M) | Time:00:00.28 | Mem:16.15M, Peak:16.15M | Scene, RenderLayer | Updating Lights
Fra:1 Mem:42.01M (0.00M, Peak 43.43M) | Time:00:00.28 | Mem:16.15M, Peak:16.15M | Scene, RenderLayer | Updating Lights | Computing distribution
Fra:1 Mem:42.01M (0.00M, Peak 43.43M) | Time:00:00.28 | Mem:16.15M, Peak:16.15M | Scene, RenderLayer | Updating Particle Systems
Fra:1 Mem:42.01M (0.00M, Peak 43.43M) | Time:00:00.28 | Mem:16.15M, Peak:16.15M | Scene, RenderLayer | Updating Particle Systems | Copying Particles to device
Fra:1 Mem:42.01M (0.00M, Peak 43.43M) | Time:00:00.28 | Mem:16.15M, Peak:16.15M | Scene, RenderLayer | Updating Integrator
Fra:1 Mem:42.05M (0.00M, Peak 43.43M) | Time:00:00.28 | Mem:16.19M, Peak:16.19M | Scene, RenderLayer | Updating Film
Fra:1 Mem:42.05M (0.00M, Peak 43.43M) | Time:00:00.28 | Mem:16.19M, Peak:16.19M | Scene, RenderLayer | Updating Lookup Tables
Fra:1 Mem:42.05M (0.00M, Peak 43.43M) | Time:00:00.28 | Mem:16.20M, Peak:16.20M | Scene, RenderLayer | Updating Baking
Fra:1 Mem:42.05M (0.00M, Peak 43.43M) | Time:00:00.28 | Mem:16.20M, Peak:16.20M | Scene, RenderLayer | Updating Device | Writing constant memory
Fra:1 Mem:42.05M (0.00M, Peak 43.43M) | Time:00:00.28 | Mem:16.20M, Peak:16.20M | Scene, RenderLayer | Path Tracing Tile 0/4, Sample 0/512
Fra:1 Mem:44.30M (0.00M, Peak 45.55M) | Time:00:00.29 | Mem:18.45M, Peak:18.45M | Scene, RenderLayer | Path Tracing Tile 1/4, Sample 0/512
Fra:1 Mem:44.30M (0.00M, Peak 46.55M) | Time:00:01.29 | Remaining:00:11.98 | Mem:18.45M, Peak:18.45M | Scene, RenderLayer | Path Tracing Tile 1/4, Sample 93/512
Fra:1 Mem:44.30M (0.00M, Peak 46.55M) | Time:00:02.29 | Remaining:00:10.95 | Mem:18.45M, Peak:18.45M | Scene, RenderLayer | Path Tracing Tile 1/4, Sample 186/512
Fra:1 Mem:44.30M (0.00M, Peak 46.55M) | Time:00:03.30 | Remaining:00:09.94 | Mem:18.45M, Peak:18.45M | Scene, RenderLayer | Path Tracing Tile 1/4, Sample 279/512
Fra:1 Mem:44.30M (0.00M, Peak 46.55M) | Time:00:04.30 | Remaining:00:08.94 | Mem:18.45M, Peak:18.45M | Scene, RenderLayer | Path Tracing Tile 1/4, Sample 372/512
Fra:1 Mem:44.30M (0.00M, Peak 46.55M) | Time:00:05.31 | Remaining:00:07.94 | Mem:18.45M, Peak:18.45M | Scene, RenderLayer | Path Tracing Tile 1/4, Sample 465/512
Fra:1 Mem:42.05M (0.00M, Peak 46.55M) | Time:00:05.82 | Remaining:00:07.44 | Mem:16.20M, Peak:18.45M | Scene, RenderLayer | Path Tracing Tile 1/4, Sample 512/512
Fra:1 Mem:44.02M (0.00M, Peak 46.55M) | Time:00:05.83 | Remaining:00:07.44 | Mem:18.16M, Peak:18.45M | Scene, RenderLayer | Path Tracing Tile 2/4, Sample 512/512
Fra:1 Mem:44.02M (0.00M, Peak 46.55M) | Time:00:06.32 | Remaining:00:06.97 | Mem:18.16M, Peak:18.45M | Scene, RenderLayer | Path Tracing Tile 2/4, Sample 51/512
Fra:1 Mem:44.02M (0.00M, Peak 46.55M) | Time:00:07.32 | Remaining:00:05.99 | Mem:18.16M, Peak:18.45M | Scene, RenderLayer | Path Tracing Tile 2/4, Sample 155/512
Fra:1 Mem:44.02M (0.00M, Peak 46.55M) | Time:00:08.32 | Remaining:00:05.01 | Mem:18.16M, Peak:18.45M | Scene, RenderLayer | Path Tracing Tile 2/4, Sample 259/512
Fra:1 Mem:44.02M (0.00M, Peak 46.55M) | Time:00:09.32 | Remaining:00:04.03 | Mem:18.16M, Peak:18.45M | Scene, RenderLayer | Path Tracing Tile 2/4, Sample 363/512
Fra:1 Mem:44.02M (0.00M, Peak 46.55M) | Time:00:10.33 | Remaining:00:03.04 | Mem:18.16M, Peak:18.45M | Scene, RenderLayer | Path Tracing Tile 2/4, Sample 467/512
Fra:1 Mem:42.05M (0.00M, Peak 46.55M) | Time:00:10.77 | Remaining:00:02.62 | Mem:16.20M, Peak:18.45M | Scene, RenderLayer | Path Tracing Tile 2/4, Sample 512/512
Fra:1 Mem:42.61M (0.00M, Peak 46.55M) | Time:00:10.77 | Remaining:00:02.62 | Mem:16.76M, Peak:18.45M | Scene, RenderLayer | Path Tracing Tile 3/4, Sample 512/512
Fra:1 Mem:42.61M (0.00M, Peak 46.55M) | Time:00:11.33 | Remaining:00:02.30 | Mem:16.76M, Peak:18.45M | Scene, RenderLayer | Path Tracing Tile 3/4, Sample 132/512
Fra:1 Mem:42.61M (0.00M, Peak 46.55M) | Time:00:12.33 | Remaining:00:01.69 | Mem:16.76M, Peak:18.45M | Scene, RenderLayer | Path Tracing Tile 3/4, Sample 367/512
Fra:1 Mem:42.05M (0.00M, Peak 46.55M) | Time:00:12.96 | Remaining:00:01.30 | Mem:16.20M, Peak:18.45M | Scene, RenderLayer | Path Tracing Tile 3/4, Sample 512/512
Fra:1 Mem:42.54M (0.00M, Peak 46.55M) | Time:00:12.96 | Remaining:00:01.30 | Mem:16.69M, Peak:18.45M | Scene, RenderLayer | Path Tracing Tile 4/4, Sample 512/512
Fra:1 Mem:42.54M (0.00M, Peak 46.55M) | Time:00:13.33 | Remaining:00:01.07 | Mem:16.69M, Peak:18.45M | Scene, RenderLayer | Path Tracing Tile 4/4, Sample 96/512
Fra:1 Mem:42.54M (0.00M, Peak 46.55M) | Time:00:14.33 | Remaining:00:00.43 | Mem:16.69M, Peak:18.45M | Scene, RenderLayer | Path Tracing Tile 4/4, Sample 349/512
Fra:1 Mem:42.05M (0.00M, Peak 46.55M) | Time:00:14.98 | Mem:16.20M, Peak:18.45M | Scene, RenderLayer | Path Tracing Tile 4/4, Sample 512/512
Fra:1 Mem:42.05M (0.00M, Peak 46.55M) | Time:00:14.98 | Mem:16.20M, Peak:18.45M | Scene, RenderLayer | Finished
Fra:1 Mem:17.50M (0.00M, Peak 46.55M) | Time:00:15.06 | Sce: Scene Ve:0 Fa:0 La:0
Saved: 'data/clevr-cleaned-variants/train/fovariant-16/render/images/CLEVR_val_000000.png'
 Time: 00:15.10 (Saving: 00:00.03)

read blend: /home/ubuntu/vdp/data/clevr_scene_data/base_scene.blend
convertViewVec: called in an invalid context
convertViewVec: called in an invalid context
convertViewVec: called in an invalid context
Fra:1 Mem:17.60M (0.00M, Peak 17.60M) | Time:00:00.00 | Preparing Scene data
Fra:1 Mem:25.61M (0.00M, Peak 26.59M) | Time:00:00.01 | Preparing Scene data
Fra:1 Mem:25.61M (0.00M, Peak 26.59M) | Time:00:00.01 | Creating Shadowbuffers
Fra:1 Mem:25.61M (0.00M, Peak 26.59M) | Time:00:00.01 | Raytree.. preparing
Fra:1 Mem:34.43M (0.00M, Peak 34.43M) | Time:00:00.02 | Raytree.. building
Fra:1 Mem:33.95M (0.00M, Peak 47.72M) | Time:00:00.16 | Raytree finished
Fra:1 Mem:33.95M (0.00M, Peak 47.72M) | Time:00:00.16 | Creating Environment maps
Fra:1 Mem:33.95M (0.00M, Peak 47.72M) | Time:00:00.16 | Caching Point Densities
Fra:1 Mem:33.95M (0.00M, Peak 47.72M) | Time:00:00.16 | Sce: Scene Ve:66054 Fa:64250 La:1
Fra:1 Mem:33.95M (0.00M, Peak 47.72M) | Time:00:00.16 | Loading voxel datasets
Fra:1 Mem:33.95M (0.00M, Peak 47.72M) | Time:00:00.16 | Sce: Scene Ve:66054 Fa:64250 La:1
Fra:1 Mem:33.95M (0.00M, Peak 47.72M) | Time:00:00.16 | Sce: Scene Ve:66054 Fa:64250 La:1
Fra:1 Mem:33.95M (0.00M, Peak 47.72M) | Time:00:00.16 | Volume preprocessing
Fra:1 Mem:33.95M (0.00M, Peak 47.72M) | Time:00:00.16 | Sce: Scene Ve:66054 Fa:64250 La:1
Fra:1 Mem:33.95M (0.00M, Peak 47.72M) | Time:00:00.16 | Sce: Scene Ve:66054 Fa:64250 La:1
Fra:1 Mem:38.46M (0.00M, Peak 47.72M) | Time:00:00.17 | Scene, Part 3-4
Fra:1 Mem:37.98M (0.00M, Peak 47.72M) | Time:00:00.17 | Scene, Part 4-4
Fra:1 Mem:37.05M (0.00M, Peak 47.72M) | Time:00:00.18 | Scene, Part 2-4
Fra:1 Mem:35.21M (0.00M, Peak 47.72M) | Time:00:00.19 | Scene, Part 1-4
Fra:1 Mem:17.49M (0.00M, Peak 47.72M) | Time:00:00.19 | Sce: Scene Ve:66054 Fa:64250 La:1
Saved: '/tmp/tmp830l65t8.png'
 Time: 00:00.21 (Saving: 00:00.01)

Fra:1 Mem:17.52M (0.00M, Peak 18.12M) | Time:00:00.05 | Mem:0.00M, Peak:0.00M | Scene, RenderLayer | Synchronizing object | Area
Fra:1 Mem:17.52M (0.00M, Peak 18.12M) | Time:00:00.05 | Mem:0.00M, Peak:0.00M | Scene, RenderLayer | Synchronizing object | Ground
Fra:1 Mem:17.59M (0.00M, Peak 18.12M) | Time:00:00.05 | Mem:0.00M, Peak:0.00M | Scene, RenderLayer | Synchronizing object | Empty
Fra:1 Mem:17.59M (0.00M, Peak 18.12M) | Time:00:00.05 | Mem:0.00M, Peak:0.00M | Scene, RenderLayer | Synchronizing object | Lamp_Back
Fra:1 Mem:17.59M (0.00M, Peak 18.12M) | Time:00:00.05 | Mem:0.00M, Peak:0.00M | Scene, RenderLayer | Synchronizing object | Lamp_Fill
Fra:1 Mem:17.59M (0.00M, Peak 18.12M) | Time:00:00.05 | Mem:0.00M, Peak:0.00M | Scene, RenderLayer | Synchronizing object | Lamp_Key
Fra:1 Mem:17.59M (0.00M, Peak 18.12M) | Time:00:00.05 | Mem:0.00M, Peak:0.00M | Scene, RenderLayer | Synchronizing object | Camera
Fra:1 Mem:17.59M (0.00M, Peak 18.12M) | Time:00:00.05 | Mem:0.00M, Peak:0.00M | Scene, RenderLayer | Synchronizing object | Sphere_0
Fra:1 Mem:19.08M (0.00M, Peak 20.52M) | Time:00:00.05 | Mem:0.00M, Peak:0.00M | Scene, RenderLayer | Synchronizing object | SmoothCylinder_0
Fra:1 Mem:22.41M (0.00M, Peak 25.49M) | Time:00:00.06 | Mem:0.00M, Peak:0.00M | Scene, RenderLayer | Synchronizing object | Sphere_1
Fra:1 Mem:23.90M (0.00M, Peak 25.49M) | Time:00:00.07 | Mem:0.00M, Peak:0.00M | Scene, RenderLayer | Initializing
Fra:1 Mem:23.90M (0.00M, Peak 25.49M) | Time:00:00.07 | Mem:0.00M, Peak:0.00M | Scene, RenderLayer | Loading render kernels (may take a few minutes the first time)
Fra:1 Mem:23.90M (0.00M, Peak 26.60M) | Time:00:00.08 | Mem:0.00M, Peak:0.00M | Scene, RenderLayer | Waiting for render to start
Fra:1 Mem:23.90M (0.00M, Peak 26.60M) | Time:00:00.08 | Mem:0.00M, Peak:0.00M | Scene, RenderLayer | Updating Scene
Fra:1 Mem:23.90M (0.00M, Peak 26.60M) | Time:00:00.08 | Mem:0.00M, Peak:0.00M | Scene, RenderLayer | Updating Shaders
Fra:1 Mem:24.15M (0.00M, Peak 26.60M) | Time:00:00.08 | Mem:0.00M, Peak:0.00M | Scene, RenderLayer | Updating Background
Fra:1 Mem:24.15M (0.00M, Peak 26.60M) | Time:00:00.08 | Mem:0.00M, Peak:0.00M | Scene, RenderLayer | Updating Camera
Fra:1 Mem:24.15M (0.00M, Peak 26.60M) | Time:00:00.08 | Mem:0.00M, Peak:0.00M | Scene, RenderLayer | Updating Meshes Flags
Fra:1 Mem:24.15M (0.00M, Peak 26.60M) | Time:00:00.08 | Mem:0.00M, Peak:0.00M | Scene, RenderLayer | Updating Objects
Fra:1 Mem:24.15M (0.00M, Peak 26.60M) | Time:00:00.08 | Mem:0.00M, Peak:0.00M | Scene, RenderLayer | Updating Objects | Copying Transformations to device
Fra:1 Mem:24.15M (0.00M, Peak 26.60M) | Time:00:00.09 | Mem:0.00M, Peak:0.00M | Scene, RenderLayer | Updating Objects | Applying Static Transformations
Fra:1 Mem:24.15M (0.00M, Peak 26.60M) | Time:00:00.09 | Mem:0.00M, Peak:0.00M | Scene, RenderLayer | Updating Meshes
Fra:1 Mem:26.12M (0.00M, Peak 26.60M) | Time:00:00.09 | Mem:0.00M, Peak:0.00M | Scene, RenderLayer | Updating Mesh | Computing attributes
Fra:1 Mem:27.13M (0.00M, Peak 27.13M) | Time:00:00.09 | Mem:0.00M, Peak:0.00M | Scene, RenderLayer | Updating Mesh | Copying Attributes to device
Fra:1 Mem:27.13M (0.00M, Peak 28.14M) | Time:00:00.09 | Mem:1.01M, Peak:1.01M | Scene, RenderLayer | Updating Scene BVH | Building
Fra:1 Mem:27.13M (0.00M, Peak 28.14M) | Time:00:00.09 | Mem:1.01M, Peak:1.01M | Scene, RenderLayer | Updating Scene BVH | Building BVH
Fra:1 Mem:34.51M (0.00M, Peak 34.51M) | Time:00:00.18 | Mem:1.01M, Peak:1.01M | Scene, RenderLayer | Updating Scene BVH | Packing BVH triangles and strands
Fra:1 Mem:41.40M (0.00M, Peak 41.40M) | Time:00:00.19 | Mem:1.01M, Peak:1.01M | Scene, RenderLayer | Updating Scene BVH | Packing BVH nodes
Fra:1 Mem:37.53M (0.00M, Peak 43.44M) | Time:00:00.20 | Mem:1.01M, Peak:1.01M | Scene, RenderLayer | Updating Scene BVH | Copying BVH to device
Fra:1 Mem:38.03M (0.00M, Peak 43.44M) | Time:00:00.20 | Mem:11.41M, Peak:11.41M | Scene, RenderLayer | Updating Mesh | Computing normals
Fra:1 Mem:42.51M (0.00M, Peak 43.44M) | Time:00:00.21 | Mem:11.41M, Peak:11.41M | Scene, RenderLayer | Updating Mesh | Copying Mesh to device
Fra:1 Mem:42.02M (0.00M, Peak 43.44M) | Time:00:00.21 | Mem:15.90M, Peak:15.90M | Scene, RenderLayer | Updating Objects Flags
Fra:1 Mem:42.02M (0.00M, Peak 43.44M) | Time:00:00.21 | Mem:15.90M, Peak:15.90M | Scene, RenderLayer | Updating Images
Fra:1 Mem:42.02M (0.00M, Peak 43.44M) | Time:00:00.21 | Mem:15.90M, Peak:15.90M | Scene, RenderLayer | Updating Camera Volume
Fra:1 Mem:42.02M (0.00M, Peak 43.44M) | Time:00:00.21 | Mem:15.90M, Peak:15.90M | Scene, RenderLayer | Updating Hair Systems
Fra:1 Mem:42.02M (0.00M, Peak 43.44M) | Time:00:00.21 | Mem:15.90M, Peak:15.90M | Scene, RenderLayer | Updating Hair settings | Copying Hair settings to device
Fra:1 Mem:42.02M (0.00M, Peak 43.44M) | Time:00:00.21 | Mem:15.90M, Peak:15.90M | Scene, RenderLayer | Updating Lookup Tables
Fra:1 Mem:42.02M (0.00M, Peak 43.44M) | Time:00:00.21 | Mem:16.15M, Peak:16.15M | Scene, RenderLayer | Updating Lights
Fra:1 Mem:42.02M (0.00M, Peak 43.44M) | Time:00:00.21 | Mem:16.15M, Peak:16.15M | Scene, RenderLayer | Updating Lights | Computing distribution
Fra:1 Mem:42.02M (0.00M, Peak 43.44M) | Time:00:00.21 | Mem:16.15M, Peak:16.15M | Scene, RenderLayer | Updating Particle Systems
Fra:1 Mem:42.02M (0.00M, Peak 43.44M) | Time:00:00.21 | Mem:16.15M, Peak:16.15M | Scene, RenderLayer | Updating Particle Systems | Copying Particles to device
Fra:1 Mem:42.02M (0.00M, Peak 43.44M) | Time:00:00.21 | Mem:16.15M, Peak:16.15M | Scene, RenderLayer | Updating Integrator
Fra:1 Mem:42.06M (0.00M, Peak 43.44M) | Time:00:00.21 | Mem:16.19M, Peak:16.19M | Scene, RenderLayer | Updating Film
Fra:1 Mem:42.06M (0.00M, Peak 43.44M) | Time:00:00.21 | Mem:16.19M, Peak:16.19M | Scene, RenderLayer | Updating Lookup Tables
Fra:1 Mem:42.06M (0.00M, Peak 43.44M) | Time:00:00.21 | Mem:16.20M, Peak:16.20M | Scene, RenderLayer | Updating Baking
Fra:1 Mem:42.06M (0.00M, Peak 43.44M) | Time:00:00.21 | Mem:16.20M, Peak:16.20M | Scene, RenderLayer | Updating Device | Writing constant memory
Fra:1 Mem:42.06M (0.00M, Peak 43.44M) | Time:00:00.21 | Mem:16.20M, Peak:16.20M | Scene, RenderLayer | Path Tracing Tile 0/4, Sample 0/512
Fra:1 Mem:44.31M (0.00M, Peak 45.57M) | Time:00:00.21 | Mem:18.45M, Peak:18.45M | Scene, RenderLayer | Path Tracing Tile 1/4, Sample 0/512
Fra:1 Mem:44.31M (0.00M, Peak 46.57M) | Time:00:01.22 | Remaining:00:12.30 | Mem:18.45M, Peak:18.45M | Scene, RenderLayer | Path Tracing Tile 1/4, Sample 91/512
Fra:1 Mem:44.31M (0.00M, Peak 46.57M) | Time:00:02.23 | Remaining:00:11.29 | Mem:18.45M, Peak:18.45M | Scene, RenderLayer | Path Tracing Tile 1/4, Sample 182/512
Fra:1 Mem:44.31M (0.00M, Peak 46.57M) | Time:00:03.23 | Remaining:00:10.27 | Mem:18.45M, Peak:18.45M | Scene, RenderLayer | Path Tracing Tile 1/4, Sample 273/512
Fra:1 Mem:44.31M (0.00M, Peak 46.57M) | Time:00:04.24 | Remaining:00:09.27 | Mem:18.45M, Peak:18.45M | Scene, RenderLayer | Path Tracing Tile 1/4, Sample 364/512
Fra:1 Mem:44.31M (0.00M, Peak 46.57M) | Time:00:05.25 | Remaining:00:08.27 | Mem:18.45M, Peak:18.45M | Scene, RenderLayer | Path Tracing Tile 1/4, Sample 454/512
Fra:1 Mem:42.06M (0.00M, Peak 46.57M) | Time:00:05.89 | Remaining:00:07.64 | Mem:16.20M, Peak:18.45M | Scene, RenderLayer | Path Tracing Tile 1/4, Sample 512/512
Fra:1 Mem:44.03M (0.00M, Peak 46.57M) | Time:00:05.90 | Remaining:00:07.64 | Mem:18.16M, Peak:18.45M | Scene, RenderLayer | Path Tracing Tile 2/4, Sample 512/512
Fra:1 Mem:44.03M (0.00M, Peak 46.57M) | Time:00:06.25 | Remaining:00:07.27 | Mem:18.16M, Peak:18.45M | Scene, RenderLayer | Path Tracing Tile 2/4, Sample 37/512
Fra:1 Mem:44.03M (0.00M, Peak 46.57M) | Time:00:07.25 | Remaining:00:06.24 | Mem:18.16M, Peak:18.45M | Scene, RenderLayer | Path Tracing Tile 2/4, Sample 142/512
Fra:1 Mem:44.03M (0.00M, Peak 46.57M) | Time:00:08.26 | Remaining:00:05.21 | Mem:18.16M, Peak:18.45M | Scene, RenderLayer | Path Tracing Tile 2/4, Sample 247/512
Fra:1 Mem:44.03M (0.00M, Peak 46.57M) | Time:00:09.26 | Remaining:00:04.20 | Mem:18.16M, Peak:18.45M | Scene, RenderLayer | Path Tracing Tile 2/4, Sample 351/512
Fra:1 Mem:44.03M (0.00M, Peak 46.57M) | Time:00:10.26 | Remaining:00:03.20 | Mem:18.16M, Peak:18.45M | Scene, RenderLayer | Path Tracing Tile 2/4, Sample 455/512
Fra:1 Mem:42.06M (0.00M, Peak 46.57M) | Time:00:10.81 | Remaining:00:02.64 | Mem:16.20M, Peak:18.45M | Scene, RenderLayer | Path Tracing Tile 2/4, Sample 512/512
Fra:1 Mem:42.63M (0.00M, Peak 46.57M) | Time:00:10.81 | Remaining:00:02.65 | Mem:16.76M, Peak:18.45M | Scene, RenderLayer | Path Tracing Tile 3/4, Sample 512/512
Fra:1 Mem:42.63M (0.00M, Peak 46.57M) | Time:00:11.26 | Remaining:00:02.39 | Mem:16.76M, Peak:18.45M | Scene, RenderLayer | Path Tracing Tile 3/4, Sample 106/512
Fra:1 Mem:42.63M (0.00M, Peak 46.57M) | Time:00:12.26 | Remaining:00:01.78 | Mem:16.76M, Peak:18.45M | Scene, RenderLayer | Path Tracing Tile 3/4, Sample 342/512
Fra:1 Mem:42.06M (0.00M, Peak 46.57M) | Time:00:12.99 | Remaining:00:01.31 | Mem:16.20M, Peak:18.45M | Scene, RenderLayer | Path Tracing Tile 3/4, Sample 512/512
Fra:1 Mem:42.56M (0.00M, Peak 46.57M) | Time:00:12.99 | Remaining:00:01.31 | Mem:16.69M, Peak:18.45M | Scene, RenderLayer | Path Tracing Tile 4/4, Sample 512/512
Fra:1 Mem:42.56M (0.00M, Peak 46.57M) | Time:00:13.26 | Remaining:00:01.14 | Mem:16.69M, Peak:18.45M | Scene, RenderLayer | Path Tracing Tile 4/4, Sample 69/512
Fra:1 Mem:42.56M (0.00M, Peak 46.57M) | Time:00:14.26 | Remaining:00:00.49 | Mem:16.69M, Peak:18.45M | Scene, RenderLayer | Path Tracing Tile 4/4, Sample 324/512
Fra:1 Mem:42.06M (0.00M, Peak 46.57M) | Time:00:15.01 | Mem:16.20M, Peak:18.45M | Scene, RenderLayer | Path Tracing Tile 4/4, Sample 512/512
Fra:1 Mem:42.06M (0.00M, Peak 46.57M) | Time:00:15.01 | Mem:16.20M, Peak:18.45M | Scene, RenderLayer | Finished
Fra:1 Mem:17.52M (0.00M, Peak 46.57M) | Time:00:15.09 | Sce: Scene Ve:0 Fa:0 La:0
Saved: 'data/clevr-cleaned-variants/train/fovariant-16/render/images/CLEVR_val_000001.png'
 Time: 00:15.13 (Saving: 00:00.03)

read blend: /home/ubuntu/vdp/data/clevr_scene_data/base_scene.blend
convertViewVec: called in an invalid context
convertViewVec: called in an invalid context
convertViewVec: called in an invalid context
Fra:1 Mem:17.62M (0.00M, Peak 17.62M) | Time:00:00.00 | Preparing Scene data
Fra:1 Mem:25.62M (0.00M, Peak 26.60M) | Time:00:00.01 | Preparing Scene data
Fra:1 Mem:25.62M (0.00M, Peak 26.60M) | Time:00:00.01 | Creating Shadowbuffers
Fra:1 Mem:25.62M (0.00M, Peak 26.60M) | Time:00:00.01 | Raytree.. preparing
Fra:1 Mem:34.45M (0.00M, Peak 34.45M) | Time:00:00.02 | Raytree.. building
Fra:1 Mem:33.96M (0.00M, Peak 47.73M) | Time:00:00.16 | Raytree finished
Fra:1 Mem:33.96M (0.00M, Peak 47.73M) | Time:00:00.16 | Creating Environment maps
Fra:1 Mem:33.96M (0.00M, Peak 47.73M) | Time:00:00.16 | Caching Point Densities
Fra:1 Mem:33.96M (0.00M, Peak 47.73M) | Time:00:00.16 | Sce: Scene Ve:66054 Fa:64245 La:1
Fra:1 Mem:33.96M (0.00M, Peak 47.73M) | Time:00:00.16 | Loading voxel datasets
Fra:1 Mem:33.96M (0.00M, Peak 47.73M) | Time:00:00.16 | Sce: Scene Ve:66054 Fa:64245 La:1
Fra:1 Mem:33.97M (0.00M, Peak 47.73M) | Time:00:00.16 | Sce: Scene Ve:66054 Fa:64245 La:1
Fra:1 Mem:33.97M (0.00M, Peak 47.73M) | Time:00:00.16 | Volume preprocessing
Fra:1 Mem:33.97M (0.00M, Peak 47.73M) | Time:00:00.16 | Sce: Scene Ve:66054 Fa:64245 La:1
Fra:1 Mem:33.97M (0.00M, Peak 47.73M) | Time:00:00.16 | Sce: Scene Ve:66054 Fa:64245 La:1
Fra:1 Mem:38.04M (0.00M, Peak 47.73M) | Time:00:00.16 | Scene, Part 3-4
Fra:1 Mem:38.00M (0.00M, Peak 47.73M) | Time:00:00.16 | Scene, Part 4-4
Fra:1 Mem:37.06M (0.00M, Peak 47.73M) | Time:00:00.17 | Scene, Part 2-4
Fra:1 Mem:35.22M (0.00M, Peak 47.73M) | Time:00:00.18 | Scene, Part 1-4
Fra:1 Mem:17.50M (0.00M, Peak 47.73M) | Time:00:00.18 | Sce: Scene Ve:66054 Fa:64245 La:1
Saved: '/tmp/tmpgkumxsjh.png'
 Time: 00:00.20 (Saving: 00:00.01)

Fra:1 Mem:17.53M (0.00M, Peak 18.13M) | Time:00:00.04 | Mem:0.00M, Peak:0.00M | Scene, RenderLayer | Synchronizing object | Area
Fra:1 Mem:17.53M (0.00M, Peak 18.13M) | Time:00:00.04 | Mem:0.00M, Peak:0.00M | Scene, RenderLayer | Synchronizing object | Ground
Fra:1 Mem:17.60M (0.00M, Peak 18.13M) | Time:00:00.05 | Mem:0.00M, Peak:0.00M | Scene, RenderLayer | Synchronizing object | Empty
Fra:1 Mem:17.60M (0.00M, Peak 18.13M) | Time:00:00.05 | Mem:0.00M, Peak:0.00M | Scene, RenderLayer | Synchronizing object | Lamp_Back
Fra:1 Mem:17.60M (0.00M, Peak 18.13M) | Time:00:00.05 | Mem:0.00M, Peak:0.00M | Scene, RenderLayer | Synchronizing object | Lamp_Fill
Fra:1 Mem:17.60M (0.00M, Peak 18.13M) | Time:00:00.05 | Mem:0.00M, Peak:0.00M | Scene, RenderLayer | Synchronizing object | Lamp_Key
Fra:1 Mem:17.60M (0.00M, Peak 18.13M) | Time:00:00.05 | Mem:0.00M, Peak:0.00M | Scene, RenderLayer | Synchronizing object | Camera
Fra:1 Mem:17.60M (0.00M, Peak 18.13M) | Time:00:00.05 | Mem:0.00M, Peak:0.00M | Scene, RenderLayer | Synchronizing object | SmoothCylinder_0
Fra:1 Mem:20.38M (0.00M, Peak 23.60M) | Time:00:00.06 | Mem:0.00M, Peak:0.00M | Scene, RenderLayer | Synchronizing object | Sphere_0
Fra:1 Mem:21.88M (0.00M, Peak 23.60M) | Time:00:00.06 | Mem:0.00M, Peak:0.00M | Scene, RenderLayer | Synchronizing object | Sphere_1
Fra:1 Mem:23.37M (0.00M, Peak 24.81M) | Time:00:00.07 | Mem:0.00M, Peak:0.00M | Scene, RenderLayer | Initializing
Fra:1 Mem:23.37M (0.00M, Peak 24.81M) | Time:00:00.07 | Mem:0.00M, Peak:0.00M | Scene, RenderLayer | Loading render kernels (may take a few minutes the first time)
Fra:1 Mem:23.37M (0.00M, Peak 26.07M) | Time:00:00.08 | Mem:0.00M, Peak:0.00M | Scene, RenderLayer | Waiting for render to start
Fra:1 Mem:23.37M (0.00M, Peak 26.07M) | Time:00:00.08 | Mem:0.00M, Peak:0.00M | Scene, RenderLayer | Updating Scene
Fra:1 Mem:23.37M (0.00M, Peak 26.07M) | Time:00:00.08 | Mem:0.00M, Peak:0.00M | Scene, RenderLayer | Updating Shaders
Fra:1 Mem:23.63M (0.00M, Peak 26.07M) | Time:00:00.08 | Mem:0.00M, Peak:0.00M | Scene, RenderLayer | Updating Background
Fra:1 Mem:23.63M (0.00M, Peak 26.07M) | Time:00:00.08 | Mem:0.00M, Peak:0.00M | Scene, RenderLayer | Updating Camera
Fra:1 Mem:23.63M (0.00M, Peak 26.07M) | Time:00:00.08 | Mem:0.00M, Peak:0.00M | Scene, RenderLayer | Updating Meshes Flags
Fra:1 Mem:23.63M (0.00M, Peak 26.07M) | Time:00:00.08 | Mem:0.00M, Peak:0.00M | Scene, RenderLayer | Updating Objects
Fra:1 Mem:23.63M (0.00M, Peak 26.07M) | Time:00:00.08 | Mem:0.00M, Peak:0.00M | Scene, RenderLayer | Updating Objects | Copying Transformations to device
Fra:1 Mem:23.63M (0.00M, Peak 26.07M) | Time:00:00.08 | Mem:0.00M, Peak:0.00M | Scene, RenderLayer | Updating Objects | Applying Static Transformations
Fra:1 Mem:23.63M (0.00M, Peak 26.07M) | Time:00:00.08 | Mem:0.00M, Peak:0.00M | Scene, RenderLayer | Updating Meshes
Fra:1 Mem:25.59M (0.00M, Peak 26.07M) | Time:00:00.09 | Mem:0.00M, Peak:0.00M | Scene, RenderLayer | Updating Mesh | Computing attributes
Fra:1 Mem:26.06M (0.00M, Peak 26.07M) | Time:00:00.09 | Mem:0.00M, Peak:0.00M | Scene, RenderLayer | Updating Mesh | Copying Attributes to device
Fra:1 Mem:26.06M (0.00M, Peak 26.53M) | Time:00:00.09 | Mem:0.47M, Peak:0.47M | Scene, RenderLayer | Updating Scene BVH | Building
Fra:1 Mem:26.06M (0.00M, Peak 26.53M) | Time:00:00.09 | Mem:0.47M, Peak:0.47M | Scene, RenderLayer | Updating Scene BVH | Building BVH
Fra:1 Mem:33.44M (0.00M, Peak 33.44M) | Time:00:00.18 | Mem:0.47M, Peak:0.47M | Scene, RenderLayer | Updating Scene BVH | Packing BVH triangles and strands
Fra:1 Mem:40.33M (0.00M, Peak 40.33M) | Time:00:00.19 | Mem:0.47M, Peak:0.47M | Scene, RenderLayer | Updating Scene BVH | Packing BVH nodes
Fra:1 Mem:36.47M (0.00M, Peak 42.37M) | Time:00:00.20 | Mem:0.47M, Peak:0.47M | Scene, RenderLayer | Updating Scene BVH | Copying BVH to device
Fra:1 Mem:36.96M (0.00M, Peak 42.37M) | Time:00:00.20 | Mem:10.88M, Peak:10.88M | Scene, RenderLayer | Updating Mesh | Computing normals
Fra:1 Mem:41.44M (0.00M, Peak 42.37M) | Time:00:00.20 | Mem:10.88M, Peak:10.88M | Scene, RenderLayer | Updating Mesh | Copying Mesh to device
Fra:1 Mem:40.95M (0.00M, Peak 42.37M) | Time:00:00.20 | Mem:15.36M, Peak:15.36M | Scene, RenderLayer | Updating Objects Flags
Fra:1 Mem:40.95M (0.00M, Peak 42.37M) | Time:00:00.20 | Mem:15.36M, Peak:15.36M | Scene, RenderLayer | Updating Images
Fra:1 Mem:40.95M (0.00M, Peak 42.37M) | Time:00:00.20 | Mem:15.36M, Peak:15.36M | Scene, RenderLayer | Updating Camera Volume
Fra:1 Mem:40.95M (0.00M, Peak 42.37M) | Time:00:00.20 | Mem:15.36M, Peak:15.36M | Scene, RenderLayer | Updating Hair Systems
Fra:1 Mem:40.95M (0.00M, Peak 42.37M) | Time:00:00.20 | Mem:15.36M, Peak:15.36M | Scene, RenderLayer | Updating Hair settings | Copying Hair settings to device
Fra:1 Mem:40.95M (0.00M, Peak 42.37M) | Time:00:00.20 | Mem:15.36M, Peak:15.36M | Scene, RenderLayer | Updating Lookup Tables
Fra:1 Mem:40.95M (0.00M, Peak 42.37M) | Time:00:00.20 | Mem:15.61M, Peak:15.61M | Scene, RenderLayer | Updating Lights
Fra:1 Mem:40.95M (0.00M, Peak 42.37M) | Time:00:00.20 | Mem:15.61M, Peak:15.61M | Scene, RenderLayer | Updating Lights | Computing distribution
Fra:1 Mem:40.95M (0.00M, Peak 42.37M) | Time:00:00.20 | Mem:15.61M, Peak:15.61M | Scene, RenderLayer | Updating Particle Systems
Fra:1 Mem:40.95M (0.00M, Peak 42.37M) | Time:00:00.20 | Mem:15.61M, Peak:15.61M | Scene, RenderLayer | Updating Particle Systems | Copying Particles to device
Fra:1 Mem:40.95M (0.00M, Peak 42.37M) | Time:00:00.20 | Mem:15.61M, Peak:15.61M | Scene, RenderLayer | Updating Integrator
Fra:1 Mem:40.99M (0.00M, Peak 42.37M) | Time:00:00.20 | Mem:15.65M, Peak:15.65M | Scene, RenderLayer | Updating Film
Fra:1 Mem:41.00M (0.00M, Peak 42.37M) | Time:00:00.21 | Mem:15.65M, Peak:15.65M | Scene, RenderLayer | Updating Lookup Tables
Fra:1 Mem:41.00M (0.00M, Peak 42.37M) | Time:00:00.21 | Mem:15.66M, Peak:15.66M | Scene, RenderLayer | Updating Baking
Fra:1 Mem:41.00M (0.00M, Peak 42.37M) | Time:00:00.21 | Mem:15.66M, Peak:15.66M | Scene, RenderLayer | Updating Device | Writing constant memory
Fra:1 Mem:41.00M (0.00M, Peak 42.37M) | Time:00:00.21 | Mem:15.66M, Peak:15.66M | Scene, RenderLayer | Path Tracing Tile 0/4, Sample 0/512
Fra:1 Mem:43.25M (0.00M, Peak 44.50M) | Time:00:00.21 | Mem:17.91M, Peak:17.91M | Scene, RenderLayer | Path Tracing Tile 1/4, Sample 0/512
Fra:1 Mem:43.25M (0.00M, Peak 45.50M) | Time:00:01.22 | Remaining:00:12.02 | Mem:17.91M, Peak:17.91M | Scene, RenderLayer | Path Tracing Tile 1/4, Sample 93/512
Fra:1 Mem:43.25M (0.00M, Peak 45.50M) | Time:00:02.22 | Remaining:00:10.99 | Mem:17.91M, Peak:17.91M | Scene, RenderLayer | Path Tracing Tile 1/4, Sample 186/512
Fra:1 Mem:43.25M (0.00M, Peak 45.50M) | Time:00:03.22 | Remaining:00:09.96 | Mem:17.91M, Peak:17.91M | Scene, RenderLayer | Path Tracing Tile 1/4, Sample 279/512
Fra:1 Mem:43.25M (0.00M, Peak 45.50M) | Time:00:04.23 | Remaining:00:08.95 | Mem:17.91M, Peak:17.91M | Scene, RenderLayer | Path Tracing Tile 1/4, Sample 372/512
Fra:1 Mem:43.25M (0.00M, Peak 45.50M) | Time:00:05.24 | Remaining:00:07.95 | Mem:17.91M, Peak:17.91M | Scene, RenderLayer | Path Tracing Tile 1/4, Sample 465/512
Fra:1 Mem:41.00M (0.00M, Peak 45.50M) | Time:00:05.76 | Remaining:00:07.45 | Mem:15.66M, Peak:17.91M | Scene, RenderLayer | Path Tracing Tile 1/4, Sample 512/512
Fra:1 Mem:42.97M (0.00M, Peak 45.50M) | Time:00:05.76 | Remaining:00:07.46 | Mem:17.63M, Peak:17.91M | Scene, RenderLayer | Path Tracing Tile 2/4, Sample 512/512
Fra:1 Mem:42.97M (0.00M, Peak 45.50M) | Time:00:06.24 | Remaining:00:06.91 | Mem:17.63M, Peak:17.91M | Scene, RenderLayer | Path Tracing Tile 2/4, Sample 54/512
Fra:1 Mem:42.97M (0.00M, Peak 45.50M) | Time:00:07.25 | Remaining:00:05.81 | Mem:17.63M, Peak:17.91M | Scene, RenderLayer | Path Tracing Tile 2/4, Sample 166/512
Fra:1 Mem:42.97M (0.00M, Peak 45.50M) | Time:00:08.26 | Remaining:00:04.74 | Mem:17.63M, Peak:17.91M | Scene, RenderLayer | Path Tracing Tile 2/4, Sample 278/512
Fra:1 Mem:42.97M (0.00M, Peak 45.50M) | Time:00:09.26 | Remaining:00:03.69 | Mem:17.63M, Peak:17.91M | Scene, RenderLayer | Path Tracing Tile 2/4, Sample 389/512
Fra:1 Mem:42.97M (0.00M, Peak 45.50M) | Time:00:10.26 | Remaining:00:02.66 | Mem:17.63M, Peak:17.91M | Scene, RenderLayer | Path Tracing Tile 2/4, Sample 499/512
Fra:1 Mem:41.00M (0.00M, Peak 45.50M) | Time:00:10.38 | Remaining:00:02.54 | Mem:15.66M, Peak:17.91M | Scene, RenderLayer | Path Tracing Tile 2/4, Sample 512/512
Fra:1 Mem:41.56M (0.00M, Peak 45.50M) | Time:00:10.38 | Remaining:00:02.54 | Mem:16.22M, Peak:17.91M | Scene, RenderLayer | Path Tracing Tile 3/4, Sample 512/512
Fra:1 Mem:41.56M (0.00M, Peak 45.50M) | Time:00:11.26 | Remaining:00:02.05 | Mem:16.22M, Peak:17.91M | Scene, RenderLayer | Path Tracing Tile 3/4, Sample 208/512
Fra:1 Mem:41.56M (0.00M, Peak 45.50M) | Time:00:12.26 | Remaining:00:01.45 | Mem:16.22M, Peak:17.91M | Scene, RenderLayer | Path Tracing Tile 3/4, Sample 444/512
Fra:1 Mem:41.00M (0.00M, Peak 45.50M) | Time:00:12.55 | Remaining:00:01.27 | Mem:15.66M, Peak:17.91M | Scene, RenderLayer | Path Tracing Tile 3/4, Sample 512/512
Fra:1 Mem:41.49M (0.00M, Peak 45.50M) | Time:00:12.55 | Remaining:00:01.27 | Mem:16.15M, Peak:17.91M | Scene, RenderLayer | Path Tracing Tile 4/4, Sample 512/512
Fra:1 Mem:41.49M (0.00M, Peak 45.50M) | Time:00:13.27 | Remaining:00:00.83 | Mem:16.15M, Peak:17.91M | Scene, RenderLayer | Path Tracing Tile 4/4, Sample 183/512
Fra:1 Mem:41.49M (0.00M, Peak 45.50M) | Time:00:14.27 | Remaining:00:00.18 | Mem:16.15M, Peak:17.91M | Scene, RenderLayer | Path Tracing Tile 4/4, Sample 439/512
Fra:1 Mem:41.00M (0.00M, Peak 45.50M) | Time:00:14.55 | Mem:15.66M, Peak:17.91M | Scene, RenderLayer | Path Tracing Tile 4/4, Sample 512/512
Fra:1 Mem:41.00M (0.00M, Peak 45.50M) | Time:00:14.55 | Mem:15.66M, Peak:17.91M | Scene, RenderLayer | Finished
Fra:1 Mem:17.53M (0.00M, Peak 45.50M) | Time:00:14.63 | Sce: Scene Ve:0 Fa:0 La:0
Saved: 'data/clevr-cleaned-variants/train/fovariant-16/render/images/CLEVR_val_000002.png'
 Time: 00:14.67 (Saving: 00:00.03)

read blend: /home/ubuntu/vdp/data/clevr_scene_data/base_scene.blend
convertViewVec: called in an invalid context
convertViewVec: called in an invalid context
convertViewVec: called in an invalid context
Fra:1 Mem:17.63M (0.00M, Peak 17.63M) | Time:00:00.00 | Preparing Scene data
Fra:1 Mem:25.63M (0.00M, Peak 26.61M) | Time:00:00.01 | Preparing Scene data
Fra:1 Mem:25.63M (0.00M, Peak 26.61M) | Time:00:00.01 | Creating Shadowbuffers
Fra:1 Mem:25.63M (0.00M, Peak 26.61M) | Time:00:00.01 | Raytree.. preparing
Fra:1 Mem:34.45M (0.00M, Peak 34.45M) | Time:00:00.02 | Raytree.. building
Fra:1 Mem:33.97M (0.00M, Peak 47.74M) | Time:00:00.16 | Raytree finished
Fra:1 Mem:33.97M (0.00M, Peak 47.74M) | Time:00:00.16 | Creating Environment maps
Fra:1 Mem:33.97M (0.00M, Peak 47.74M) | Time:00:00.16 | Caching Point Densities
Fra:1 Mem:33.97M (0.00M, Peak 47.74M) | Time:00:00.16 | Sce: Scene Ve:66054 Fa:64247 La:1
Fra:1 Mem:33.97M (0.00M, Peak 47.74M) | Time:00:00.16 | Loading voxel datasets
Fra:1 Mem:33.97M (0.00M, Peak 47.74M) | Time:00:00.16 | Sce: Scene Ve:66054 Fa:64247 La:1
Fra:1 Mem:33.97M (0.00M, Peak 47.74M) | Time:00:00.16 | Sce: Scene Ve:66054 Fa:64247 La:1
Fra:1 Mem:33.97M (0.00M, Peak 47.74M) | Time:00:00.16 | Volume preprocessing
Fra:1 Mem:33.97M (0.00M, Peak 47.74M) | Time:00:00.16 | Sce: Scene Ve:66054 Fa:64247 La:1
Fra:1 Mem:33.97M (0.00M, Peak 47.74M) | Time:00:00.16 | Sce: Scene Ve:66054 Fa:64247 La:1
Fra:1 Mem:38.48M (0.00M, Peak 47.74M) | Time:00:00.17 | Scene, Part 3-4
Fra:1 Mem:38.00M (0.00M, Peak 47.74M) | Time:00:00.17 | Scene, Part 4-4
Fra:1 Mem:37.07M (0.00M, Peak 47.74M) | Time:00:00.18 | Scene, Part 2-4
Fra:1 Mem:35.23M (0.00M, Peak 47.74M) | Time:00:00.18 | Scene, Part 1-4
Fra:1 Mem:17.51M (0.00M, Peak 47.74M) | Time:00:00.18 | Sce: Scene Ve:66054 Fa:64247 La:1
Saved: '/tmp/tmptcc536xj.png'
 Time: 00:00.20 (Saving: 00:00.01)

Fra:1 Mem:17.54M (0.00M, Peak 18.14M) | Time:00:00.04 | Mem:0.00M, Peak:0.00M | Scene, RenderLayer | Synchronizing object | Area
Fra:1 Mem:17.54M (0.00M, Peak 18.14M) | Time:00:00.04 | Mem:0.00M, Peak:0.00M | Scene, RenderLayer | Synchronizing object | Ground
Fra:1 Mem:17.61M (0.00M, Peak 18.14M) | Time:00:00.05 | Mem:0.00M, Peak:0.00M | Scene, RenderLayer | Synchronizing object | Empty
Fra:1 Mem:17.61M (0.00M, Peak 18.14M) | Time:00:00.05 | Mem:0.00M, Peak:0.00M | Scene, RenderLayer | Synchronizing object | Lamp_Back
Fra:1 Mem:17.61M (0.00M, Peak 18.14M) | Time:00:00.05 | Mem:0.00M, Peak:0.00M | Scene, RenderLayer | Synchronizing object | Lamp_Fill
Fra:1 Mem:17.61M (0.00M, Peak 18.14M) | Time:00:00.05 | Mem:0.00M, Peak:0.00M | Scene, RenderLayer | Synchronizing object | Lamp_Key
Fra:1 Mem:17.61M (0.00M, Peak 18.14M) | Time:00:00.05 | Mem:0.00M, Peak:0.00M | Scene, RenderLayer | Synchronizing object | Camera
Fra:1 Mem:17.61M (0.00M, Peak 18.14M) | Time:00:00.05 | Mem:0.00M, Peak:0.00M | Scene, RenderLayer | Synchronizing object | SmoothCylinder_0
Fra:1 Mem:20.93M (0.00M, Peak 24.02M) | Time:00:00.06 | Mem:0.00M, Peak:0.00M | Scene, RenderLayer | Synchronizing object | Sphere_0
Fra:1 Mem:22.19M (0.00M, Peak 24.02M) | Time:00:00.06 | Mem:0.00M, Peak:0.00M | Scene, RenderLayer | Synchronizing object | Sphere_1
Fra:1 Mem:23.45M (0.00M, Peak 24.95M) | Time:00:00.07 | Mem:0.00M, Peak:0.00M | Scene, RenderLayer | Initializing
Fra:1 Mem:23.45M (0.00M, Peak 24.95M) | Time:00:00.07 | Mem:0.00M, Peak:0.00M | Scene, RenderLayer | Loading render kernels (may take a few minutes the first time)
Fra:1 Mem:23.45M (0.00M, Peak 26.15M) | Time:00:00.08 | Mem:0.00M, Peak:0.00M | Scene, RenderLayer | Waiting for render to start
Fra:1 Mem:23.45M (0.00M, Peak 26.15M) | Time:00:00.08 | Mem:0.00M, Peak:0.00M | Scene, RenderLayer | Updating Scene
Fra:1 Mem:23.45M (0.00M, Peak 26.15M) | Time:00:00.08 | Mem:0.00M, Peak:0.00M | Scene, RenderLayer | Updating Shaders
Fra:1 Mem:23.70M (0.00M, Peak 26.15M) | Time:00:00.08 | Mem:0.00M, Peak:0.00M | Scene, RenderLayer | Updating Background
Fra:1 Mem:23.70M (0.00M, Peak 26.15M) | Time:00:00.08 | Mem:0.00M, Peak:0.00M | Scene, RenderLayer | Updating Camera
Fra:1 Mem:23.70M (0.00M, Peak 26.15M) | Time:00:00.08 | Mem:0.00M, Peak:0.00M | Scene, RenderLayer | Updating Meshes Flags
Fra:1 Mem:23.70M (0.00M, Peak 26.15M) | Time:00:00.08 | Mem:0.00M, Peak:0.00M | Scene, RenderLayer | Updating Objects
Fra:1 Mem:23.70M (0.00M, Peak 26.15M) | Time:00:00.08 | Mem:0.00M, Peak:0.00M | Scene, RenderLayer | Updating Objects | Copying Transformations to device
Fra:1 Mem:23.71M (0.00M, Peak 26.15M) | Time:00:00.08 | Mem:0.00M, Peak:0.00M | Scene, RenderLayer | Updating Objects | Applying Static Transformations
Fra:1 Mem:23.71M (0.00M, Peak 26.15M) | Time:00:00.08 | Mem:0.00M, Peak:0.00M | Scene, RenderLayer | Updating Meshes
Fra:1 Mem:25.67M (0.00M, Peak 26.15M) | Time:00:00.09 | Mem:0.00M, Peak:0.00M | Scene, RenderLayer | Updating Mesh | Computing attributes
Fra:1 Mem:26.21M (0.00M, Peak 26.21M) | Time:00:00.09 | Mem:0.00M, Peak:0.00M | Scene, RenderLayer | Updating Mesh | Copying Attributes to device
Fra:1 Mem:26.21M (0.00M, Peak 26.75M) | Time:00:00.09 | Mem:0.54M, Peak:0.54M | Scene, RenderLayer | Updating Scene BVH | Building
Fra:1 Mem:26.21M (0.00M, Peak 26.75M) | Time:00:00.09 | Mem:0.54M, Peak:0.54M | Scene, RenderLayer | Updating Scene BVH | Building BVH
Fra:1 Mem:33.59M (0.00M, Peak 33.59M) | Time:00:00.18 | Mem:0.54M, Peak:0.54M | Scene, RenderLayer | Updating Scene BVH | Packing BVH triangles and strands
Fra:1 Mem:40.48M (0.00M, Peak 40.48M) | Time:00:00.18 | Mem:0.54M, Peak:0.54M | Scene, RenderLayer | Updating Scene BVH | Packing BVH nodes
Fra:1 Mem:36.62M (0.00M, Peak 42.52M) | Time:00:00.19 | Mem:0.54M, Peak:0.54M | Scene, RenderLayer | Updating Scene BVH | Copying BVH to device
Fra:1 Mem:37.11M (0.00M, Peak 42.52M) | Time:00:00.20 | Mem:10.95M, Peak:10.95M | Scene, RenderLayer | Updating Mesh | Computing normals
Fra:1 Mem:41.59M (0.00M, Peak 42.52M) | Time:00:00.20 | Mem:10.95M, Peak:10.95M | Scene, RenderLayer | Updating Mesh | Copying Mesh to device
Fra:1 Mem:41.10M (0.00M, Peak 42.52M) | Time:00:00.20 | Mem:15.43M, Peak:15.43M | Scene, RenderLayer | Updating Objects Flags
Fra:1 Mem:41.10M (0.00M, Peak 42.52M) | Time:00:00.20 | Mem:15.43M, Peak:15.43M | Scene, RenderLayer | Updating Images
Fra:1 Mem:41.10M (0.00M, Peak 42.52M) | Time:00:00.20 | Mem:15.43M, Peak:15.43M | Scene, RenderLayer | Updating Camera Volume
Fra:1 Mem:41.10M (0.00M, Peak 42.52M) | Time:00:00.20 | Mem:15.43M, Peak:15.43M | Scene, RenderLayer | Updating Hair Systems
Fra:1 Mem:41.10M (0.00M, Peak 42.52M) | Time:00:00.20 | Mem:15.43M, Peak:15.43M | Scene, RenderLayer | Updating Hair settings | Copying Hair settings to device
Fra:1 Mem:41.10M (0.00M, Peak 42.52M) | Time:00:00.20 | Mem:15.43M, Peak:15.43M | Scene, RenderLayer | Updating Lookup Tables
Fra:1 Mem:41.10M (0.00M, Peak 42.52M) | Time:00:00.20 | Mem:15.68M, Peak:15.68M | Scene, RenderLayer | Updating Lights
Fra:1 Mem:41.10M (0.00M, Peak 42.52M) | Time:00:00.20 | Mem:15.68M, Peak:15.68M | Scene, RenderLayer | Updating Lights | Computing distribution
Fra:1 Mem:41.10M (0.00M, Peak 42.52M) | Time:00:00.20 | Mem:15.68M, Peak:15.68M | Scene, RenderLayer | Updating Particle Systems
Fra:1 Mem:41.10M (0.00M, Peak 42.52M) | Time:00:00.20 | Mem:15.68M, Peak:15.68M | Scene, RenderLayer | Updating Particle Systems | Copying Particles to device
Fra:1 Mem:41.10M (0.00M, Peak 42.52M) | Time:00:00.20 | Mem:15.68M, Peak:15.68M | Scene, RenderLayer | Updating Integrator
Fra:1 Mem:41.14M (0.00M, Peak 42.52M) | Time:00:00.20 | Mem:15.72M, Peak:15.72M | Scene, RenderLayer | Updating Film
Fra:1 Mem:41.15M (0.00M, Peak 42.52M) | Time:00:00.20 | Mem:15.72M, Peak:15.72M | Scene, RenderLayer | Updating Lookup Tables
Fra:1 Mem:41.15M (0.00M, Peak 42.52M) | Time:00:00.20 | Mem:15.73M, Peak:15.73M | Scene, RenderLayer | Updating Baking
Fra:1 Mem:41.15M (0.00M, Peak 42.52M) | Time:00:00.20 | Mem:15.73M, Peak:15.73M | Scene, RenderLayer | Updating Device | Writing constant memory
Fra:1 Mem:41.15M (0.00M, Peak 42.52M) | Time:00:00.20 | Mem:15.73M, Peak:15.73M | Scene, RenderLayer | Path Tracing Tile 0/4, Sample 0/512
Fra:1 Mem:43.40M (0.00M, Peak 44.65M) | Time:00:00.21 | Mem:17.98M, Peak:17.98M | Scene, RenderLayer | Path Tracing Tile 1/4, Sample 0/512
Fra:1 Mem:43.40M (0.00M, Peak 45.65M) | Time:00:01.21 | Remaining:00:12.23 | Mem:17.98M, Peak:17.98M | Scene, RenderLayer | Path Tracing Tile 1/4, Sample 91/512
Fra:1 Mem:43.40M (0.00M, Peak 45.65M) | Time:00:02.21 | Remaining:00:11.21 | Mem:17.98M, Peak:17.98M | Scene, RenderLayer | Path Tracing Tile 1/4, Sample 182/512
Fra:1 Mem:43.40M (0.00M, Peak 45.65M) | Time:00:03.22 | Remaining:00:10.18 | Mem:17.98M, Peak:17.98M | Scene, RenderLayer | Path Tracing Tile 1/4, Sample 274/512
Fra:1 Mem:43.40M (0.00M, Peak 45.65M) | Time:00:04.22 | Remaining:00:09.19 | Mem:17.98M, Peak:17.98M | Scene, RenderLayer | Path Tracing Tile 1/4, Sample 365/512
Fra:1 Mem:43.40M (0.00M, Peak 45.65M) | Time:00:05.23 | Remaining:00:08.19 | Mem:17.98M, Peak:17.98M | Scene, RenderLayer | Path Tracing Tile 1/4, Sample 456/512
Fra:1 Mem:41.15M (0.00M, Peak 45.65M) | Time:00:05.85 | Remaining:00:07.58 | Mem:15.73M, Peak:17.98M | Scene, RenderLayer | Path Tracing Tile 1/4, Sample 512/512
Fra:1 Mem:43.12M (0.00M, Peak 45.65M) | Time:00:05.85 | Remaining:00:07.58 | Mem:17.70M, Peak:17.98M | Scene, RenderLayer | Path Tracing Tile 2/4, Sample 512/512
Fra:1 Mem:43.12M (0.00M, Peak 45.65M) | Time:00:06.23 | Remaining:00:07.22 | Mem:17.70M, Peak:17.98M | Scene, RenderLayer | Path Tracing Tile 2/4, Sample 39/512
Fra:1 Mem:43.12M (0.00M, Peak 45.65M) | Time:00:07.24 | Remaining:00:06.25 | Mem:17.70M, Peak:17.98M | Scene, RenderLayer | Path Tracing Tile 2/4, Sample 141/512
Fra:1 Mem:43.12M (0.00M, Peak 45.65M) | Time:00:08.25 | Remaining:00:05.27 | Mem:17.70M, Peak:17.98M | Scene, RenderLayer | Path Tracing Tile 2/4, Sample 243/512
Fra:1 Mem:43.12M (0.00M, Peak 45.65M) | Time:00:09.25 | Remaining:00:04.30 | Mem:17.70M, Peak:17.98M | Scene, RenderLayer | Path Tracing Tile 2/4, Sample 344/512
Fra:1 Mem:43.12M (0.00M, Peak 45.65M) | Time:00:10.25 | Remaining:00:03.32 | Mem:17.70M, Peak:17.98M | Scene, RenderLayer | Path Tracing Tile 2/4, Sample 445/512
Fra:1 Mem:41.15M (0.00M, Peak 45.65M) | Time:00:10.92 | Remaining:00:02.67 | Mem:15.73M, Peak:17.98M | Scene, RenderLayer | Path Tracing Tile 2/4, Sample 512/512
Fra:1 Mem:41.71M (0.00M, Peak 45.65M) | Time:00:10.92 | Remaining:00:02.67 | Mem:16.29M, Peak:17.98M | Scene, RenderLayer | Path Tracing Tile 3/4, Sample 512/512
Fra:1 Mem:41.71M (0.00M, Peak 45.65M) | Time:00:11.25 | Remaining:00:02.48 | Mem:16.29M, Peak:17.98M | Scene, RenderLayer | Path Tracing Tile 3/4, Sample 78/512
Fra:1 Mem:41.71M (0.00M, Peak 45.65M) | Time:00:12.26 | Remaining:00:01.87 | Mem:16.29M, Peak:17.98M | Scene, RenderLayer | Path Tracing Tile 3/4, Sample 313/512
Fra:1 Mem:41.15M (0.00M, Peak 45.65M) | Time:00:13.11 | Remaining:00:01.32 | Mem:15.73M, Peak:17.98M | Scene, RenderLayer | Path Tracing Tile 3/4, Sample 512/512
Fra:1 Mem:41.64M (0.00M, Peak 45.65M) | Time:00:13.11 | Remaining:00:01.32 | Mem:16.22M, Peak:17.98M | Scene, RenderLayer | Path Tracing Tile 4/4, Sample 512/512
Fra:1 Mem:41.64M (0.00M, Peak 45.65M) | Time:00:13.26 | Remaining:00:01.23 | Mem:16.22M, Peak:17.98M | Scene, RenderLayer | Path Tracing Tile 4/4, Sample 37/512
Fra:1 Mem:41.64M (0.00M, Peak 45.65M) | Time:00:14.26 | Remaining:00:00.59 | Mem:16.22M, Peak:17.98M | Scene, RenderLayer | Path Tracing Tile 4/4, Sample 290/512
Fra:1 Mem:41.15M (0.00M, Peak 45.65M) | Time:00:15.14 | Mem:15.73M, Peak:17.98M | Scene, RenderLayer | Path Tracing Tile 4/4, Sample 512/512
Fra:1 Mem:41.15M (0.00M, Peak 45.65M) | Time:00:15.14 | Mem:15.73M, Peak:17.98M | Scene, RenderLayer | Finished
Fra:1 Mem:17.54M (0.00M, Peak 45.65M) | Time:00:15.22 | Sce: Scene Ve:0 Fa:0 La:0
Saved: 'data/clevr-cleaned-variants/train/fovariant-16/render/images/CLEVR_val_000003.png'
 Time: 00:15.26 (Saving: 00:00.03)

read blend: /home/ubuntu/vdp/data/clevr_scene_data/base_scene.blend
convertViewVec: called in an invalid context
convertViewVec: called in an invalid context
convertViewVec: called in an invalid context
convertViewVec: called in an invalid context
Fra:1 Mem:19.62M (0.00M, Peak 19.62M) | Time:00:00.00 | Preparing Scene data
Fra:1 Mem:29.59M (0.00M, Peak 30.57M) | Time:00:00.02 | Preparing Scene data
Fra:1 Mem:29.59M (0.00M, Peak 30.57M) | Time:00:00.02 | Creating Shadowbuffers
Fra:1 Mem:29.59M (0.00M, Peak 30.57M) | Time:00:00.02 | Raytree.. preparing
Fra:1 Mem:40.55M (0.00M, Peak 40.55M) | Time:00:00.03 | Raytree.. building
Fra:1 Mem:39.97M (0.00M, Peak 57.09M) | Time:00:00.21 | Raytree finished
Fra:1 Mem:39.97M (0.00M, Peak 57.09M) | Time:00:00.21 | Creating Environment maps
Fra:1 Mem:39.97M (0.00M, Peak 57.09M) | Time:00:00.21 | Caching Point Densities
Fra:1 Mem:39.97M (0.00M, Peak 57.09M) | Time:00:00.21 | Sce: Scene Ve:81416 Fa:79818 La:1
Fra:1 Mem:39.97M (0.00M, Peak 57.09M) | Time:00:00.21 | Loading voxel datasets
Fra:1 Mem:39.97M (0.00M, Peak 57.09M) | Time:00:00.21 | Sce: Scene Ve:81416 Fa:79818 La:1
Fra:1 Mem:39.98M (0.00M, Peak 57.09M) | Time:00:00.21 | Sce: Scene Ve:81416 Fa:79818 La:1
Fra:1 Mem:39.98M (0.00M, Peak 57.09M) | Time:00:00.21 | Volume preprocessing
Fra:1 Mem:39.98M (0.00M, Peak 57.09M) | Time:00:00.21 | Sce: Scene Ve:81416 Fa:79818 La:1
Fra:1 Mem:39.98M (0.00M, Peak 57.09M) | Time:00:00.21 | Sce: Scene Ve:81416 Fa:79818 La:1
Fra:1 Mem:44.32M (0.00M, Peak 57.09M) | Time:00:00.21 | Scene, Part 3-4
Fra:1 Mem:44.01M (0.00M, Peak 57.09M) | Time:00:00.21 | Scene, Part 4-4
Fra:1 Mem:43.08M (0.00M, Peak 57.09M) | Time:00:00.22 | Scene, Part 2-4
Fra:1 Mem:41.23M (0.00M, Peak 57.09M) | Time:00:00.23 | Scene, Part 1-4
Fra:1 Mem:19.47M (0.00M, Peak 57.09M) | Time:00:00.23 | Sce: Scene Ve:81416 Fa:79818 La:1
Saved: '/tmp/tmpyn7pisid.png'
 Time: 00:00.24 (Saving: 00:00.01)

Fra:1 Mem:19.50M (0.00M, Peak 20.10M) | Time:00:00.04 | Mem:0.00M, Peak:0.00M | Scene, RenderLayer | Synchronizing object | Area
Fra:1 Mem:19.50M (0.00M, Peak 20.10M) | Time:00:00.04 | Mem:0.00M, Peak:0.00M | Scene, RenderLayer | Synchronizing object | Ground
Fra:1 Mem:19.57M (0.00M, Peak 20.10M) | Time:00:00.05 | Mem:0.00M, Peak:0.00M | Scene, RenderLayer | Synchronizing object | Empty
Fra:1 Mem:19.57M (0.00M, Peak 20.10M) | Time:00:00.05 | Mem:0.00M, Peak:0.00M | Scene, RenderLayer | Synchronizing object | Lamp_Back
Fra:1 Mem:19.57M (0.00M, Peak 20.10M) | Time:00:00.05 | Mem:0.00M, Peak:0.00M | Scene, RenderLayer | Synchronizing object | Lamp_Fill
Fra:1 Mem:19.57M (0.00M, Peak 20.10M) | Time:00:00.05 | Mem:0.00M, Peak:0.00M | Scene, RenderLayer | Synchronizing object | Lamp_Key
Fra:1 Mem:19.57M (0.00M, Peak 20.10M) | Time:00:00.05 | Mem:0.00M, Peak:0.00M | Scene, RenderLayer | Synchronizing object | Camera
Fra:1 Mem:19.57M (0.00M, Peak 20.10M) | Time:00:00.05 | Mem:0.00M, Peak:0.00M | Scene, RenderLayer | Synchronizing object | SmoothCylinder_0
Fra:1 Mem:22.89M (0.00M, Peak 25.98M) | Time:00:00.06 | Mem:0.00M, Peak:0.00M | Scene, RenderLayer | Synchronizing object | Sphere_0
Fra:1 Mem:24.39M (0.00M, Peak 25.98M) | Time:00:00.06 | Mem:0.00M, Peak:0.00M | Scene, RenderLayer | Synchronizing object | Sphere_1
Fra:1 Mem:25.65M (0.00M, Peak 27.14M) | Time:00:00.07 | Mem:0.00M, Peak:0.00M | Scene, RenderLayer | Synchronizing object | Sphere_2
Fra:1 Mem:26.91M (0.00M, Peak 28.40M) | Time:00:00.07 | Mem:0.00M, Peak:0.00M | Scene, RenderLayer | Initializing
Fra:1 Mem:26.91M (0.00M, Peak 28.40M) | Time:00:00.07 | Mem:0.00M, Peak:0.00M | Scene, RenderLayer | Loading render kernels (may take a few minutes the first time)
Fra:1 Mem:26.91M (0.00M, Peak 29.61M) | Time:00:00.08 | Mem:0.00M, Peak:0.00M | Scene, RenderLayer | Waiting for render to start
Fra:1 Mem:26.91M (0.00M, Peak 29.61M) | Time:00:00.08 | Mem:0.00M, Peak:0.00M | Scene, RenderLayer | Updating Scene
Fra:1 Mem:26.91M (0.00M, Peak 29.61M) | Time:00:00.08 | Mem:0.00M, Peak:0.00M | Scene, RenderLayer | Updating Shaders
Fra:1 Mem:27.16M (0.00M, Peak 29.61M) | Time:00:00.08 | Mem:0.00M, Peak:0.00M | Scene, RenderLayer | Updating Background
Fra:1 Mem:27.16M (0.00M, Peak 29.61M) | Time:00:00.08 | Mem:0.00M, Peak:0.00M | Scene, RenderLayer | Updating Camera
Fra:1 Mem:27.16M (0.00M, Peak 29.61M) | Time:00:00.08 | Mem:0.00M, Peak:0.00M | Scene, RenderLayer | Updating Meshes Flags
Fra:1 Mem:27.16M (0.00M, Peak 29.61M) | Time:00:00.08 | Mem:0.00M, Peak:0.00M | Scene, RenderLayer | Updating Objects
Fra:1 Mem:27.16M (0.00M, Peak 29.61M) | Time:00:00.08 | Mem:0.00M, Peak:0.00M | Scene, RenderLayer | Updating Objects | Copying Transformations to device
Fra:1 Mem:27.16M (0.00M, Peak 29.61M) | Time:00:00.09 | Mem:0.00M, Peak:0.00M | Scene, RenderLayer | Updating Objects | Applying Static Transformations
Fra:1 Mem:27.16M (0.00M, Peak 29.61M) | Time:00:00.09 | Mem:0.00M, Peak:0.00M | Scene, RenderLayer | Updating Meshes
Fra:1 Mem:29.60M (0.00M, Peak 29.61M) | Time:00:00.09 | Mem:0.00M, Peak:0.00M | Scene, RenderLayer | Updating Mesh | Computing attributes
Fra:1 Mem:30.37M (0.00M, Peak 30.37M) | Time:00:00.09 | Mem:0.00M, Peak:0.00M | Scene, RenderLayer | Updating Mesh | Copying Attributes to device
Fra:1 Mem:30.37M (0.00M, Peak 31.15M) | Time:00:00.09 | Mem:0.78M, Peak:0.78M | Scene, RenderLayer | Updating Scene BVH | Building
Fra:1 Mem:30.37M (0.00M, Peak 31.15M) | Time:00:00.09 | Mem:0.78M, Peak:0.78M | Scene, RenderLayer | Updating Scene BVH | Building BVH
Fra:1 Mem:39.51M (0.00M, Peak 39.51M) | Time:00:00.21 | Mem:0.78M, Peak:0.78M | Scene, RenderLayer | Updating Scene BVH | Packing BVH triangles and strands
Fra:1 Mem:48.04M (0.00M, Peak 48.04M) | Time:00:00.22 | Mem:0.78M, Peak:0.78M | Scene, RenderLayer | Updating Scene BVH | Packing BVH nodes
Fra:1 Mem:43.23M (0.00M, Peak 50.54M) | Time:00:00.23 | Mem:0.78M, Peak:0.78M | Scene, RenderLayer | Updating Scene BVH | Copying BVH to device
Fra:1 Mem:43.84M (0.00M, Peak 50.54M) | Time:00:00.23 | Mem:13.64M, Peak:13.64M | Scene, RenderLayer | Updating Mesh | Computing normals
Fra:1 Mem:49.38M (0.00M, Peak 50.54M) | Time:00:00.24 | Mem:13.64M, Peak:13.64M | Scene, RenderLayer | Updating Mesh | Copying Mesh to device
Fra:1 Mem:48.77M (0.00M, Peak 50.54M) | Time:00:00.24 | Mem:19.18M, Peak:19.18M | Scene, RenderLayer | Updating Objects Flags
Fra:1 Mem:48.77M (0.00M, Peak 50.54M) | Time:00:00.24 | Mem:19.18M, Peak:19.18M | Scene, RenderLayer | Updating Images
Fra:1 Mem:48.77M (0.00M, Peak 50.54M) | Time:00:00.24 | Mem:19.18M, Peak:19.18M | Scene, RenderLayer | Updating Camera Volume
Fra:1 Mem:48.77M (0.00M, Peak 50.54M) | Time:00:00.24 | Mem:19.18M, Peak:19.18M | Scene, RenderLayer | Updating Hair Systems
Fra:1 Mem:48.77M (0.00M, Peak 50.54M) | Time:00:00.24 | Mem:19.18M, Peak:19.18M | Scene, RenderLayer | Updating Hair settings | Copying Hair settings to device
Fra:1 Mem:48.77M (0.00M, Peak 50.54M) | Time:00:00.24 | Mem:19.18M, Peak:19.18M | Scene, RenderLayer | Updating Lookup Tables
Fra:1 Mem:48.77M (0.00M, Peak 50.54M) | Time:00:00.24 | Mem:19.43M, Peak:19.43M | Scene, RenderLayer | Updating Lights
Fra:1 Mem:48.77M (0.00M, Peak 50.54M) | Time:00:00.24 | Mem:19.43M, Peak:19.43M | Scene, RenderLayer | Updating Lights | Computing distribution
Fra:1 Mem:48.77M (0.00M, Peak 50.54M) | Time:00:00.24 | Mem:19.43M, Peak:19.43M | Scene, RenderLayer | Updating Particle Systems
Fra:1 Mem:48.77M (0.00M, Peak 50.54M) | Time:00:00.24 | Mem:19.43M, Peak:19.43M | Scene, RenderLayer | Updating Particle Systems | Copying Particles to device
Fra:1 Mem:48.77M (0.00M, Peak 50.54M) | Time:00:00.24 | Mem:19.43M, Peak:19.43M | Scene, RenderLayer | Updating Integrator
Fra:1 Mem:48.81M (0.00M, Peak 50.54M) | Time:00:00.24 | Mem:19.47M, Peak:19.47M | Scene, RenderLayer | Updating Film
Fra:1 Mem:48.82M (0.00M, Peak 50.54M) | Time:00:00.24 | Mem:19.47M, Peak:19.47M | Scene, RenderLayer | Updating Lookup Tables
Fra:1 Mem:48.82M (0.00M, Peak 50.54M) | Time:00:00.24 | Mem:19.47M, Peak:19.47M | Scene, RenderLayer | Updating Baking
Fra:1 Mem:48.82M (0.00M, Peak 50.54M) | Time:00:00.24 | Mem:19.47M, Peak:19.47M | Scene, RenderLayer | Updating Device | Writing constant memory
Fra:1 Mem:48.82M (0.00M, Peak 50.54M) | Time:00:00.24 | Mem:19.47M, Peak:19.47M | Scene, RenderLayer | Path Tracing Tile 0/4, Sample 0/512
Fra:1 Mem:51.07M (0.00M, Peak 52.32M) | Time:00:00.24 | Mem:21.72M, Peak:21.72M | Scene, RenderLayer | Path Tracing Tile 1/4, Sample 0/512
Fra:1 Mem:51.07M (0.00M, Peak 53.32M) | Time:00:01.25 | Remaining:00:10.87 | Mem:21.72M, Peak:21.72M | Scene, RenderLayer | Path Tracing Tile 1/4, Sample 102/512
Fra:1 Mem:51.07M (0.00M, Peak 53.32M) | Time:00:02.25 | Remaining:00:09.83 | Mem:21.72M, Peak:21.72M | Scene, RenderLayer | Path Tracing Tile 1/4, Sample 204/512
Fra:1 Mem:51.07M (0.00M, Peak 53.32M) | Time:00:03.26 | Remaining:00:08.83 | Mem:21.72M, Peak:21.72M | Scene, RenderLayer | Path Tracing Tile 1/4, Sample 306/512
Fra:1 Mem:51.07M (0.00M, Peak 53.32M) | Time:00:04.27 | Remaining:00:07.82 | Mem:21.72M, Peak:21.72M | Scene, RenderLayer | Path Tracing Tile 1/4, Sample 408/512
Fra:1 Mem:51.07M (0.00M, Peak 53.32M) | Time:00:05.28 | Remaining:00:06.83 | Mem:21.72M, Peak:21.72M | Scene, RenderLayer | Path Tracing Tile 1/4, Sample 509/512
Fra:1 Mem:48.82M (0.00M, Peak 53.32M) | Time:00:05.31 | Remaining:00:06.81 | Mem:19.47M, Peak:21.72M | Scene, RenderLayer | Path Tracing Tile 1/4, Sample 512/512
Fra:1 Mem:50.78M (0.00M, Peak 53.32M) | Time:00:05.31 | Remaining:00:06.81 | Mem:21.44M, Peak:21.72M | Scene, RenderLayer | Path Tracing Tile 2/4, Sample 512/512
Fra:1 Mem:50.78M (0.00M, Peak 53.32M) | Time:00:06.28 | Remaining:00:05.75 | Mem:21.44M, Peak:21.72M | Scene, RenderLayer | Path Tracing Tile 2/4, Sample 117/512
Fra:1 Mem:50.78M (0.00M, Peak 53.32M) | Time:00:07.28 | Remaining:00:04.67 | Mem:21.44M, Peak:21.72M | Scene, RenderLayer | Path Tracing Tile 2/4, Sample 239/512
Fra:1 Mem:50.78M (0.00M, Peak 53.32M) | Time:00:08.29 | Remaining:00:03.63 | Mem:21.44M, Peak:21.72M | Scene, RenderLayer | Path Tracing Tile 2/4, Sample 360/512
Fra:1 Mem:50.78M (0.00M, Peak 53.32M) | Time:00:09.29 | Remaining:00:02.60 | Mem:21.44M, Peak:21.72M | Scene, RenderLayer | Path Tracing Tile 2/4, Sample 480/512
Fra:1 Mem:48.82M (0.00M, Peak 53.32M) | Time:00:09.56 | Remaining:00:02.33 | Mem:19.47M, Peak:21.72M | Scene, RenderLayer | Path Tracing Tile 2/4, Sample 512/512
Fra:1 Mem:49.38M (0.00M, Peak 53.32M) | Time:00:09.56 | Remaining:00:02.33 | Mem:20.03M, Peak:21.72M | Scene, RenderLayer | Path Tracing Tile 3/4, Sample 512/512
Fra:1 Mem:49.38M (0.00M, Peak 53.32M) | Time:00:10.29 | Remaining:00:01.96 | Mem:20.03M, Peak:21.72M | Scene, RenderLayer | Path Tracing Tile 3/4, Sample 175/512
Fra:1 Mem:49.38M (0.00M, Peak 53.32M) | Time:00:11.30 | Remaining:00:01.41 | Mem:20.03M, Peak:21.72M | Scene, RenderLayer | Path Tracing Tile 3/4, Sample 414/512
Fra:1 Mem:48.82M (0.00M, Peak 53.32M) | Time:00:11.71 | Remaining:00:01.18 | Mem:19.47M, Peak:21.72M | Scene, RenderLayer | Path Tracing Tile 3/4, Sample 512/512
Fra:1 Mem:49.31M (0.00M, Peak 53.32M) | Time:00:11.71 | Remaining:00:01.18 | Mem:19.96M, Peak:21.72M | Scene, RenderLayer | Path Tracing Tile 4/4, Sample 512/512
Fra:1 Mem:49.31M (0.00M, Peak 53.32M) | Time:00:12.30 | Remaining:00:00.84 | Mem:19.96M, Peak:21.72M | Scene, RenderLayer | Path Tracing Tile 4/4, Sample 152/512
Fra:1 Mem:49.31M (0.00M, Peak 53.32M) | Time:00:13.30 | Remaining:00:00.24 | Mem:19.96M, Peak:21.72M | Scene, RenderLayer | Path Tracing Tile 4/4, Sample 410/512
Fra:1 Mem:48.82M (0.00M, Peak 53.32M) | Time:00:13.70 | Mem:19.47M, Peak:21.72M | Scene, RenderLayer | Path Tracing Tile 4/4, Sample 512/512
Fra:1 Mem:48.82M (0.00M, Peak 53.32M) | Time:00:13.70 | Mem:19.47M, Peak:21.72M | Scene, RenderLayer | Finished
Fra:1 Mem:19.50M (0.00M, Peak 53.32M) | Time:00:13.78 | Sce: Scene Ve:0 Fa:0 La:0
Saved: 'data/clevr-cleaned-variants/train/fovariant-16/render/images/CLEVR_val_000004.png'
 Time: 00:13.82 (Saving: 00:00.03)

read blend: /home/ubuntu/vdp/data/clevr_scene_data/base_scene.blend
convertViewVec: called in an invalid context
convertViewVec: called in an invalid context
Fra:1 Mem:15.65M (0.00M, Peak 15.65M) | Time:00:00.00 | Preparing Scene data
Fra:1 Mem:21.69M (0.00M, Peak 22.68M) | Time:00:00.01 | Preparing Scene data
Fra:1 Mem:21.69M (0.00M, Peak 22.68M) | Time:00:00.01 | Creating Shadowbuffers
Fra:1 Mem:21.69M (0.00M, Peak 22.68M) | Time:00:00.01 | Raytree.. preparing
Fra:1 Mem:28.38M (0.00M, Peak 28.38M) | Time:00:00.02 | Raytree.. building
Fra:1 Mem:28.04M (0.00M, Peak 38.48M) | Time:00:00.12 | Raytree finished
Fra:1 Mem:28.04M (0.00M, Peak 38.48M) | Time:00:00.12 | Creating Environment maps
Fra:1 Mem:28.04M (0.00M, Peak 38.48M) | Time:00:00.12 | Caching Point Densities
Fra:1 Mem:28.04M (0.00M, Peak 38.48M) | Time:00:00.12 | Sce: Scene Ve:50692 Fa:48712 La:1
Fra:1 Mem:28.04M (0.00M, Peak 38.48M) | Time:00:00.12 | Loading voxel datasets
Fra:1 Mem:28.04M (0.00M, Peak 38.48M) | Time:00:00.12 | Sce: Scene Ve:50692 Fa:48712 La:1
Fra:1 Mem:28.04M (0.00M, Peak 38.48M) | Time:00:00.12 | Sce: Scene Ve:50692 Fa:48712 La:1
Fra:1 Mem:28.04M (0.00M, Peak 38.48M) | Time:00:00.12 | Volume preprocessing
Fra:1 Mem:28.04M (0.00M, Peak 38.48M) | Time:00:00.12 | Sce: Scene Ve:50692 Fa:48712 La:1
Fra:1 Mem:28.04M (0.00M, Peak 38.48M) | Time:00:00.12 | Sce: Scene Ve:50692 Fa:48712 La:1
Fra:1 Mem:32.38M (0.00M, Peak 38.48M) | Time:00:00.12 | Scene, Part 4-4
Fra:1 Mem:32.11M (0.00M, Peak 38.48M) | Time:00:00.12 | Scene, Part 3-4
Fra:1 Mem:30.39M (0.00M, Peak 38.48M) | Time:00:00.13 | Scene, Part 2-4
Fra:1 Mem:29.29M (0.00M, Peak 38.48M) | Time:00:00.13 | Scene, Part 1-4
Fra:1 Mem:15.57M (0.00M, Peak 38.48M) | Time:00:00.13 | Sce: Scene Ve:50692 Fa:48712 La:1
Saved: '/tmp/tmpo0lurweu.png'
 Time: 00:00.15 (Saving: 00:00.01)

Fra:1 Mem:15.59M (0.00M, Peak 16.19M) | Time:00:00.04 | Mem:0.00M, Peak:0.00M | Scene, RenderLayer | Synchronizing object | Area
Fra:1 Mem:15.59M (0.00M, Peak 16.19M) | Time:00:00.05 | Mem:0.00M, Peak:0.00M | Scene, RenderLayer | Synchronizing object | Ground
Fra:1 Mem:15.66M (0.00M, Peak 16.19M) | Time:00:00.05 | Mem:0.00M, Peak:0.00M | Scene, RenderLayer | Synchronizing object | Empty
Fra:1 Mem:15.66M (0.00M, Peak 16.19M) | Time:00:00.05 | Mem:0.00M, Peak:0.00M | Scene, RenderLayer | Synchronizing object | Lamp_Back
Fra:1 Mem:15.66M (0.00M, Peak 16.19M) | Time:00:00.05 | Mem:0.00M, Peak:0.00M | Scene, RenderLayer | Synchronizing object | Lamp_Fill
Fra:1 Mem:15.66M (0.00M, Peak 16.19M) | Time:00:00.05 | Mem:0.00M, Peak:0.00M | Scene, RenderLayer | Synchronizing object | Lamp_Key
Fra:1 Mem:15.66M (0.00M, Peak 16.19M) | Time:00:00.05 | Mem:0.00M, Peak:0.00M | Scene, RenderLayer | Synchronizing object | Camera
Fra:1 Mem:15.66M (0.00M, Peak 16.19M) | Time:00:00.05 | Mem:0.00M, Peak:0.00M | Scene, RenderLayer | Synchronizing object | SmoothCylinder_0
Fra:1 Mem:18.98M (0.00M, Peak 22.07M) | Time:00:00.06 | Mem:0.00M, Peak:0.00M | Scene, RenderLayer | Synchronizing object | Sphere_0
Fra:1 Mem:20.24M (0.00M, Peak 22.07M) | Time:00:00.06 | Mem:0.00M, Peak:0.00M | Scene, RenderLayer | Initializing
Fra:1 Mem:20.24M (0.00M, Peak 22.07M) | Time:00:00.06 | Mem:0.00M, Peak:0.00M | Scene, RenderLayer | Loading render kernels (may take a few minutes the first time)
Fra:1 Mem:20.24M (0.00M, Peak 22.94M) | Time:00:00.08 | Mem:0.00M, Peak:0.00M | Scene, RenderLayer | Waiting for render to start
Fra:1 Mem:20.24M (0.00M, Peak 22.94M) | Time:00:00.08 | Mem:0.00M, Peak:0.00M | Scene, RenderLayer | Updating Scene
Fra:1 Mem:20.24M (0.00M, Peak 22.94M) | Time:00:00.08 | Mem:0.00M, Peak:0.00M | Scene, RenderLayer | Updating Shaders
Fra:1 Mem:20.50M (0.00M, Peak 22.94M) | Time:00:00.08 | Mem:0.00M, Peak:0.00M | Scene, RenderLayer | Updating Background
Fra:1 Mem:20.50M (0.00M, Peak 22.94M) | Time:00:00.08 | Mem:0.00M, Peak:0.00M | Scene, RenderLayer | Updating Camera
Fra:1 Mem:20.50M (0.00M, Peak 22.94M) | Time:00:00.08 | Mem:0.00M, Peak:0.00M | Scene, RenderLayer | Updating Meshes Flags
Fra:1 Mem:20.50M (0.00M, Peak 22.94M) | Time:00:00.08 | Mem:0.00M, Peak:0.00M | Scene, RenderLayer | Updating Objects
Fra:1 Mem:20.50M (0.00M, Peak 22.94M) | Time:00:00.08 | Mem:0.00M, Peak:0.00M | Scene, RenderLayer | Updating Objects | Copying Transformations to device
Fra:1 Mem:20.50M (0.00M, Peak 22.94M) | Time:00:00.08 | Mem:0.00M, Peak:0.00M | Scene, RenderLayer | Updating Objects | Applying Static Transformations
Fra:1 Mem:20.50M (0.00M, Peak 22.94M) | Time:00:00.08 | Mem:0.00M, Peak:0.00M | Scene, RenderLayer | Updating Meshes
Fra:1 Mem:22.00M (0.00M, Peak 22.94M) | Time:00:00.08 | Mem:0.00M, Peak:0.00M | Scene, RenderLayer | Updating Mesh | Computing attributes
Fra:1 Mem:22.54M (0.00M, Peak 22.94M) | Time:00:00.08 | Mem:0.00M, Peak:0.00M | Scene, RenderLayer | Updating Mesh | Copying Attributes to device
Fra:1 Mem:22.54M (0.00M, Peak 23.07M) | Time:00:00.08 | Mem:0.54M, Peak:0.54M | Scene, RenderLayer | Updating Scene BVH | Building
Fra:1 Mem:22.54M (0.00M, Peak 23.07M) | Time:00:00.08 | Mem:0.54M, Peak:0.54M | Scene, RenderLayer | Updating Scene BVH | Building BVH
Fra:1 Mem:28.16M (0.00M, Peak 28.16M) | Time:00:00.16 | Mem:0.54M, Peak:0.54M | Scene, RenderLayer | Updating Scene BVH | Packing BVH triangles and strands
Fra:1 Mem:33.41M (0.00M, Peak 33.41M) | Time:00:00.16 | Mem:0.54M, Peak:0.54M | Scene, RenderLayer | Updating Scene BVH | Packing BVH nodes
Fra:1 Mem:30.49M (0.00M, Peak 34.99M) | Time:00:00.17 | Mem:0.54M, Peak:0.54M | Scene, RenderLayer | Updating Scene BVH | Copying BVH to device
Fra:1 Mem:30.86M (0.00M, Peak 34.99M) | Time:00:00.17 | Mem:8.49M, Peak:8.49M | Scene, RenderLayer | Updating Mesh | Computing normals
Fra:1 Mem:34.29M (0.00M, Peak 34.99M) | Time:00:00.17 | Mem:8.49M, Peak:8.49M | Scene, RenderLayer | Updating Mesh | Copying Mesh to device
Fra:1 Mem:33.92M (0.00M, Peak 34.99M) | Time:00:00.17 | Mem:11.92M, Peak:11.92M | Scene, RenderLayer | Updating Objects Flags
Fra:1 Mem:33.92M (0.00M, Peak 34.99M) | Time:00:00.17 | Mem:11.92M, Peak:11.92M | Scene, RenderLayer | Updating Images
Fra:1 Mem:33.92M (0.00M, Peak 34.99M) | Time:00:00.17 | Mem:11.92M, Peak:11.92M | Scene, RenderLayer | Updating Camera Volume
Fra:1 Mem:33.92M (0.00M, Peak 34.99M) | Time:00:00.17 | Mem:11.92M, Peak:11.92M | Scene, RenderLayer | Updating Hair Systems
Fra:1 Mem:33.92M (0.00M, Peak 34.99M) | Time:00:00.17 | Mem:11.92M, Peak:11.92M | Scene, RenderLayer | Updating Hair settings | Copying Hair settings to device
Fra:1 Mem:33.92M (0.00M, Peak 34.99M) | Time:00:00.17 | Mem:11.92M, Peak:11.92M | Scene, RenderLayer | Updating Lookup Tables
Fra:1 Mem:33.92M (0.00M, Peak 34.99M) | Time:00:00.18 | Mem:12.17M, Peak:12.17M | Scene, RenderLayer | Updating Lights
Fra:1 Mem:33.92M (0.00M, Peak 34.99M) | Time:00:00.18 | Mem:12.17M, Peak:12.17M | Scene, RenderLayer | Updating Lights | Computing distribution
Fra:1 Mem:33.92M (0.00M, Peak 34.99M) | Time:00:00.18 | Mem:12.17M, Peak:12.17M | Scene, RenderLayer | Updating Particle Systems
Fra:1 Mem:33.92M (0.00M, Peak 34.99M) | Time:00:00.18 | Mem:12.17M, Peak:12.17M | Scene, RenderLayer | Updating Particle Systems | Copying Particles to device
Fra:1 Mem:33.92M (0.00M, Peak 34.99M) | Time:00:00.18 | Mem:12.17M, Peak:12.17M | Scene, RenderLayer | Updating Integrator
Fra:1 Mem:33.96M (0.00M, Peak 34.99M) | Time:00:00.18 | Mem:12.21M, Peak:12.21M | Scene, RenderLayer | Updating Film
Fra:1 Mem:33.96M (0.00M, Peak 34.99M) | Time:00:00.18 | Mem:12.21M, Peak:12.21M | Scene, RenderLayer | Updating Lookup Tables
Fra:1 Mem:33.96M (0.00M, Peak 34.99M) | Time:00:00.18 | Mem:12.22M, Peak:12.22M | Scene, RenderLayer | Updating Baking
Fra:1 Mem:33.96M (0.00M, Peak 34.99M) | Time:00:00.18 | Mem:12.22M, Peak:12.22M | Scene, RenderLayer | Updating Device | Writing constant memory
Fra:1 Mem:33.96M (0.00M, Peak 34.99M) | Time:00:00.18 | Mem:12.22M, Peak:12.22M | Scene, RenderLayer | Path Tracing Tile 0/4, Sample 0/512
Fra:1 Mem:36.21M (0.00M, Peak 37.46M) | Time:00:00.18 | Mem:14.47M, Peak:14.47M | Scene, RenderLayer | Path Tracing Tile 1/4, Sample 0/512
Fra:1 Mem:36.21M (0.00M, Peak 38.46M) | Time:00:01.18 | Remaining:00:10.46 | Mem:14.47M, Peak:14.47M | Scene, RenderLayer | Path Tracing Tile 1/4, Sample 105/512
Fra:1 Mem:36.21M (0.00M, Peak 38.46M) | Time:00:02.18 | Remaining:00:09.41 | Mem:14.47M, Peak:14.47M | Scene, RenderLayer | Path Tracing Tile 1/4, Sample 211/512
Fra:1 Mem:36.21M (0.00M, Peak 38.46M) | Time:00:03.19 | Remaining:00:08.41 | Mem:14.47M, Peak:14.47M | Scene, RenderLayer | Path Tracing Tile 1/4, Sample 316/512
Fra:1 Mem:36.21M (0.00M, Peak 38.46M) | Time:00:04.19 | Remaining:00:07.42 | Mem:14.47M, Peak:14.47M | Scene, RenderLayer | Path Tracing Tile 1/4, Sample 421/512
Fra:1 Mem:33.96M (0.00M, Peak 38.46M) | Time:00:05.06 | Remaining:00:06.56 | Mem:12.22M, Peak:14.47M | Scene, RenderLayer | Path Tracing Tile 1/4, Sample 512/512
Fra:1 Mem:35.93M (0.00M, Peak 38.46M) | Time:00:05.06 | Remaining:00:06.56 | Mem:14.19M, Peak:14.47M | Scene, RenderLayer | Path Tracing Tile 2/4, Sample 512/512
Fra:1 Mem:35.93M (0.00M, Peak 38.46M) | Time:00:05.20 | Remaining:00:06.45 | Mem:14.19M, Peak:14.47M | Scene, RenderLayer | Path Tracing Tile 2/4, Sample 15/512
Fra:1 Mem:35.93M (0.00M, Peak 38.46M) | Time:00:06.20 | Remaining:00:05.51 | Mem:14.19M, Peak:14.47M | Scene, RenderLayer | Path Tracing Tile 2/4, Sample 131/512
Fra:1 Mem:35.93M (0.00M, Peak 38.46M) | Time:00:07.21 | Remaining:00:04.55 | Mem:14.19M, Peak:14.47M | Scene, RenderLayer | Path Tracing Tile 2/4, Sample 247/512
Fra:1 Mem:35.93M (0.00M, Peak 38.46M) | Time:00:08.21 | Remaining:00:03.59 | Mem:14.19M, Peak:14.47M | Scene, RenderLayer | Path Tracing Tile 2/4, Sample 362/512
Fra:1 Mem:35.93M (0.00M, Peak 38.46M) | Time:00:09.21 | Remaining:00:02.64 | Mem:14.19M, Peak:14.47M | Scene, RenderLayer | Path Tracing Tile 2/4, Sample 476/512
Fra:1 Mem:33.96M (0.00M, Peak 38.46M) | Time:00:09.53 | Remaining:00:02.33 | Mem:12.22M, Peak:14.47M | Scene, RenderLayer | Path Tracing Tile 2/4, Sample 512/512
Fra:1 Mem:34.52M (0.00M, Peak 38.46M) | Time:00:09.53 | Remaining:00:02.33 | Mem:12.78M, Peak:14.47M | Scene, RenderLayer | Path Tracing Tile 3/4, Sample 512/512
Fra:1 Mem:34.52M (0.00M, Peak 38.46M) | Time:00:10.21 | Remaining:00:01.99 | Mem:12.78M, Peak:14.47M | Scene, RenderLayer | Path Tracing Tile 3/4, Sample 164/512
Fra:1 Mem:34.52M (0.00M, Peak 38.46M) | Time:00:11.21 | Remaining:00:01.44 | Mem:12.78M, Peak:14.47M | Scene, RenderLayer | Path Tracing Tile 3/4, Sample 403/512
Fra:1 Mem:33.96M (0.00M, Peak 38.46M) | Time:00:11.67 | Remaining:00:01.18 | Mem:12.22M, Peak:14.47M | Scene, RenderLayer | Path Tracing Tile 3/4, Sample 512/512
Fra:1 Mem:34.45M (0.00M, Peak 38.46M) | Time:00:11.67 | Remaining:00:01.18 | Mem:12.71M, Peak:14.47M | Scene, RenderLayer | Path Tracing Tile 4/4, Sample 512/512
Fra:1 Mem:34.45M (0.00M, Peak 38.46M) | Time:00:12.22 | Remaining:00:00.87 | Mem:12.71M, Peak:14.47M | Scene, RenderLayer | Path Tracing Tile 4/4, Sample 140/512
Fra:1 Mem:34.45M (0.00M, Peak 38.46M) | Time:00:13.22 | Remaining:00:00.27 | Mem:12.71M, Peak:14.47M | Scene, RenderLayer | Path Tracing Tile 4/4, Sample 398/512
Fra:1 Mem:33.96M (0.00M, Peak 38.46M) | Time:00:13.67 | Mem:12.22M, Peak:14.47M | Scene, RenderLayer | Path Tracing Tile 4/4, Sample 512/512
Fra:1 Mem:33.96M (0.00M, Peak 38.46M) | Time:00:13.67 | Mem:12.22M, Peak:14.47M | Scene, RenderLayer | Finished
Fra:1 Mem:15.59M (0.00M, Peak 38.46M) | Time:00:13.75 | Sce: Scene Ve:0 Fa:0 La:0
Saved: 'data/clevr-cleaned-variants/train/fovariant-16/render/images/CLEVR_val_000005.png'
 Time: 00:13.78 (Saving: 00:00.03)


Blender quit

INFO test_net.py:  81: Called with args:
INFO test_net.py:  82: Namespace(cfg_file='clevr_inference/scene_parse/mask_rcnn/configs/baselines/e2e_mask_rcnn_R-50-FPN_1x.yaml', clevr_comp_cat=1, dataset='clevr_original_val', grab_conv=False, images_dir='data/clevr-cleaned-variants/train/fovariant-16/render/images', load_ckpt='/home/ubuntu/vdp/data/ns-vqa-data/pretrained/object_detector.pt', load_detectron=None, multi_gpu_testing=False, name=None, output_dir='data/clevr-cleaned-variants/train/fovariant-16/infer/mask_rcnn', range=None, rendersummary_path='data/clevr-cleaned-variants/train/fovariant-16/render/summary.json', set_cfgs=[], vis=False)
INFO test_net.py: 125: Testing with config:
INFO test_net.py: 126: {'BBOX_XFORM_CLIP': 4.135166556742356,
 'CLEVR': {'COMP_CAT': True},
 'CROP_RESIZE_WITH_MAX_POOL': True,
 'CUDA': False,
 'DATA_DIR': '/home/ubuntu/vdp/data/ns-vqa-data/mask_rcnn',
 'DATA_LOADER': {'NUM_THREADS': 4},
 'DEBUG': False,
 'DEDUP_BOXES': 0.0625,
 'EPS': 1e-14,
 'EXPECTED_RESULTS': [],
 'EXPECTED_RESULTS_ATOL': 0.005,
 'EXPECTED_RESULTS_EMAIL': '',
 'EXPECTED_RESULTS_RTOL': 0.1,
 'FAST_RCNN': {'CONV_HEAD_DIM': 256,
               'MLP_HEAD_DIM': 1024,
               'NUM_STACKED_CONVS': 4,
               'ROI_BOX_HEAD': 'fast_rcnn_heads.roi_2mlp_head',
               'ROI_XFORM_METHOD': 'RoIAlign',
               'ROI_XFORM_RESOLUTION': 7,
               'ROI_XFORM_SAMPLING_RATIO': 2},
 'FPN': {'COARSEST_STRIDE': 32,
         'DIM': 256,
         'EXTRA_CONV_LEVELS': False,
         'FPN_ON': True,
         'MULTILEVEL_ROIS': True,
         'MULTILEVEL_RPN': True,
         'ROI_CANONICAL_LEVEL': 4,
         'ROI_CANONICAL_SCALE': 224,
         'ROI_MAX_LEVEL': 5,
         'ROI_MIN_LEVEL': 2,
         'RPN_ANCHOR_START_SIZE': 32,
         'RPN_ASPECT_RATIOS': (0.5, 1, 2),
         'RPN_COLLECT_SCALE': 1,
         'RPN_MAX_LEVEL': 6,
         'RPN_MIN_LEVEL': 2,
         'USE_GN': False,
         'ZERO_INIT_LATERAL': False},
 'GROUP_NORM': {'DIM_PER_GP': -1, 'EPSILON': 1e-05, 'NUM_GROUPS': 32},
 'KRCNN': {'CONV_HEAD_DIM': 256,
           'CONV_HEAD_KERNEL': 3,
           'CONV_INIT': 'GaussianFill',
           'DECONV_DIM': 256,
           'DECONV_KERNEL': 4,
           'DILATION': 1,
           'HEATMAP_SIZE': -1,
           'INFERENCE_MIN_SIZE': 0,
           'KEYPOINT_CONFIDENCE': 'bbox',
           'LOSS_WEIGHT': 1.0,
           'MIN_KEYPOINT_COUNT_FOR_VALID_MINIBATCH': 20,
           'NMS_OKS': False,
           'NORMALIZE_BY_VISIBLE_KEYPOINTS': True,
           'NUM_KEYPOINTS': -1,
           'NUM_STACKED_CONVS': 8,
           'ROI_KEYPOINTS_HEAD': '',
           'ROI_XFORM_METHOD': 'RoIAlign',
           'ROI_XFORM_RESOLUTION': 7,
           'ROI_XFORM_SAMPLING_RATIO': 0,
           'UP_SCALE': -1,
           'USE_DECONV': False,
           'USE_DECONV_OUTPUT': False},
 'MATLAB': 'matlab',
 'MODEL': {'BBOX_REG_WEIGHTS': (10.0, 10.0, 5.0, 5.0),
           'CLS_AGNOSTIC_BBOX_REG': False,
           'CONV_BODY': 'FPN.fpn_ResNet50_conv5_body',
           'FASTER_RCNN': True,
           'KEYPOINTS_ON': False,
           'LOAD_IMAGENET_PRETRAINED_WEIGHTS': True,
           'MASK_ON': True,
           'NUM_CLASSES': 49,
           'RPN_ONLY': False,
           'SHARE_RES5': False,
           'TYPE': 'generalized_rcnn',
           'UNSUPERVISED_POSE': False},
 'MRCNN': {'CLS_SPECIFIC_MASK': True,
           'CONV_INIT': 'MSRAFill',
           'DILATION': 1,
           'DIM_REDUCED': 256,
           'MEMORY_EFFICIENT_LOSS': True,
           'RESOLUTION': 28,
           'ROI_MASK_HEAD': 'mask_rcnn_heads.mask_rcnn_fcn_head_v1up4convs',
           'ROI_XFORM_METHOD': 'RoIAlign',
           'ROI_XFORM_RESOLUTION': 14,
           'ROI_XFORM_SAMPLING_RATIO': 2,
           'THRESH_BINARIZE': 0.5,
           'UPSAMPLE_RATIO': 1,
           'USE_FC_OUTPUT': False,
           'WEIGHT_LOSS_MASK': 1.0},
 'NUM_GPUS': 8,
 'OUTPUT_DIR': 'Outputs',
 'PIXEL_MEANS': array([[[102.9801, 115.9465, 122.7717]]]),
 'POOLING_MODE': 'crop',
 'POOLING_SIZE': 7,
 'PYTORCH_VERSION_LESS_THAN_040': False,
 'RESNETS': {'FREEZE_AT': 2,
             'IMAGENET_PRETRAINED_WEIGHTS': 'pretrained_model/resnet50_caffe.pth',
             'NUM_GROUPS': 1,
             'RES5_DILATION': 1,
             'SHORTCUT_FUNC': 'basic_bn_shortcut',
             'STEM_FUNC': 'basic_bn_stem',
             'STRIDE_1X1': True,
             'TRANS_FUNC': 'bottleneck_transformation',
             'USE_GN': False,
             'WIDTH_PER_GROUP': 64},
 'RETINANET': {'ANCHOR_SCALE': 4,
               'ASPECT_RATIOS': (0.5, 1.0, 2.0),
               'BBOX_REG_BETA': 0.11,
               'BBOX_REG_WEIGHT': 1.0,
               'CLASS_SPECIFIC_BBOX': False,
               'INFERENCE_TH': 0.05,
               'LOSS_ALPHA': 0.25,
               'LOSS_GAMMA': 2.0,
               'NEGATIVE_OVERLAP': 0.4,
               'NUM_CONVS': 4,
               'POSITIVE_OVERLAP': 0.5,
               'PRE_NMS_TOP_N': 1000,
               'PRIOR_PROB': 0.01,
               'RETINANET_ON': False,
               'SCALES_PER_OCTAVE': 3,
               'SHARE_CLS_BBOX_TOWER': False,
               'SOFTMAX': False},
 'RFCN': {'PS_GRID_SIZE': 3},
 'RNG_SEED': 3,
 'ROOT_DIR': '/home/ubuntu/vdp/clevr_inference/scene_parse/mask_rcnn',
 'RPN': {'ASPECT_RATIOS': (0.5, 1, 2),
         'CLS_ACTIVATION': 'sigmoid',
         'OUT_DIM': 512,
         'OUT_DIM_AS_IN_DIM': True,
         'RPN_ON': True,
         'SIZES': (64, 128, 256, 512),
         'STRIDE': 16},
 'SOLVER': {'BASE_LR': 0.02,
            'BIAS_DOUBLE_LR': True,
            'BIAS_WEIGHT_DECAY': False,
            'GAMMA': 0.1,
            'LOG_LR_CHANGE_THRESHOLD': 1.1,
            'LRS': [],
            'LR_POLICY': 'steps_with_decay',
            'MAX_ITER': 30000,
            'MOMENTUM': 0.9,
            'SCALE_MOMENTUM': True,
            'SCALE_MOMENTUM_THRESHOLD': 1.1,
            'STEPS': [0, 20000, 26000],
            'STEP_SIZE': 30000,
            'TYPE': 'SGD',
            'WARM_UP_FACTOR': 0.3333333333333333,
            'WARM_UP_ITERS': 500,
            'WARM_UP_METHOD': 'linear',
            'WEIGHT_DECAY': 0.0001,
            'WEIGHT_DECAY_GN': 0.0},
 'TEST': {'BBOX_AUG': {'AREA_TH_HI': 32400,
                       'AREA_TH_LO': 2500,
                       'ASPECT_RATIOS': (),
                       'ASPECT_RATIO_H_FLIP': False,
                       'COORD_HEUR': 'UNION',
                       'ENABLED': False,
                       'H_FLIP': False,
                       'MAX_SIZE': 4000,
                       'SCALES': (),
                       'SCALE_H_FLIP': False,
                       'SCALE_SIZE_DEP': False,
                       'SCORE_HEUR': 'UNION'},
          'BBOX_REG': True,
          'BBOX_VOTE': {'ENABLED': False,
                        'SCORING_METHOD': 'ID',
                        'SCORING_METHOD_BETA': 1.0,
                        'VOTE_TH': 0.8},
          'COMPETITION_MODE': True,
          'DATASETS': ('custom(data/clevr-cleaned-variants/train/fovariant-16/render/images, '
                       'data/clevr-cleaned-variants/train/fovariant-16/render/summary.json)',),
          'DETECTIONS_PER_IM': 100,
          'FORCE_JSON_DATASET_EVAL': False,
          'KPS_AUG': {'AREA_TH': 32400,
                      'ASPECT_RATIOS': (),
                      'ASPECT_RATIO_H_FLIP': False,
                      'ENABLED': False,
                      'HEUR': 'HM_AVG',
                      'H_FLIP': False,
                      'MAX_SIZE': 4000,
                      'SCALES': (),
                      'SCALE_H_FLIP': False,
                      'SCALE_SIZE_DEP': False},
          'MASK_AUG': {'AREA_TH': 32400,
                       'ASPECT_RATIOS': (),
                       'ASPECT_RATIO_H_FLIP': False,
                       'ENABLED': False,
                       'HEUR': 'SOFT_AVG',
                       'H_FLIP': False,
                       'MAX_SIZE': 4000,
                       'SCALES': (),
                       'SCALE_H_FLIP': False,
                       'SCALE_SIZE_DEP': False},
          'MAX_SIZE': 1333,
          'NMS': 0.5,
          'PRECOMPUTED_PROPOSALS': False,
          'PROPOSAL_FILES': (),
          'PROPOSAL_LIMIT': 2000,
          'RPN_MIN_SIZE': 0,
          'RPN_NMS_THRESH': 0.7,
          'RPN_POST_NMS_TOP_N': 1000,
          'RPN_PRE_NMS_TOP_N': 1000,
          'SCALE': 800,
          'SCORE_THRESH': 0.05,
          'SOFT_NMS': {'ENABLED': False, 'METHOD': 'linear', 'SIGMA': 0.5}},
 'TRAIN': {'ASPECT_CROPPING': False,
           'ASPECT_GROUPING': True,
           'ASPECT_HI': 2,
           'ASPECT_LO': 0.5,
           'BATCH_SIZE_PER_IM': 512,
           'BBOX_INSIDE_WEIGHTS': (1.0, 1.0, 1.0, 1.0),
           'BBOX_NORMALIZE_MEANS': (0.0, 0.0, 0.0, 0.0),
           'BBOX_NORMALIZE_STDS': (0.1, 0.1, 0.2, 0.2),
           'BBOX_NORMALIZE_TARGETS': True,
           'BBOX_NORMALIZE_TARGETS_PRECOMPUTED': False,
           'BBOX_THRESH': 0.5,
           'BG_THRESH_HI': 0.5,
           'BG_THRESH_LO': 0.0,
           'CROWD_FILTER_THRESH': 0.7,
           'DATASETS': (),
           'FG_FRACTION': 0.25,
           'FG_THRESH': 0.5,
           'FREEZE_CONV_BODY': False,
           'GT_MIN_AREA': -1,
           'IMS_PER_BATCH': 2,
           'MAX_SIZE': 1333,
           'PROPOSAL_FILES': (),
           'RPN_BATCH_SIZE_PER_IM': 256,
           'RPN_FG_FRACTION': 0.5,
           'RPN_MIN_SIZE': 0,
           'RPN_NEGATIVE_OVERLAP': 0.3,
           'RPN_NMS_THRESH': 0.7,
           'RPN_POSITIVE_OVERLAP': 0.7,
           'RPN_POST_NMS_TOP_N': 2000,
           'RPN_PRE_NMS_TOP_N': 2000,
           'RPN_STRADDLE_THRESH': 0,
           'SCALES': (800,),
           'SNAPSHOT_ITERS': 20000,
           'USE_FLIPPED': False},
 'VIS': False,
 'VIS_TH': 0.9}
INFO test_engine.py: 352: loading checkpoint /home/ubuntu/vdp/data/ns-vqa-data/pretrained/object_detector.pt
INFO test_engine.py: 286: im_detect: range [1, 6] of 6: 1/6 1.102s + 0.003s (eta: 0:00:05)
INFO test_engine.py: 336: Wrote detections to: /home/ubuntu/vdp/data/clevr-cleaned-variants/train/fovariant-16/infer/mask_rcnn/detections.pkl
INFO test_engine.py: 164: Total inference time: 5.669s


| processing proposals 1 / 6 images
| processing proposals 2 / 6 images
| processing proposals 3 / 6 images
| processing proposals 4 / 6 images
| processing proposals 5 / 6 images
| processing proposals 6 / 6 images
| saving object annotations to data/clevr-cleaned-variants/train/fovariant-16/infer/attrnet/predictions.json


| options
run_dir: data/clevr-cleaned-variants/train/fovariant-16/solver_ir
dataset: clevr
load_checkpoint_path: /home/ubuntu/vdp/data/ns-vqa-data/pretrained/attribute_net.pt
gpu_ids: [0]
clevr_mini_img_dir: /home/ubuntu/vdp/data/ns-vqa-data/raw/CLEVR_mini/images
clevr_mini_ann_path: /home/ubuntu/vdp/data/ns-vqa-data/attr_net/objects/clevr_mini_objs.json
concat_img: 1
split_id: 3500
batch_size: 50
num_workers: 4
learning_rate: 0.002
split: val
output_path: data/clevr-cleaned-variants/train/fovariant-16/solver_ir/results.json
clevr_val_ann_path: data/clevr-cleaned-variants/train/fovariant-16/infer/attrnet/predictions.json
clevr_val_img_dir: /home/ubuntu/vdp/data/ns-vqa-data/raw/CLEVR_v1.0/images/val
shuffle_data: 0
use_cat_label: 1
name: fovariant-16
| loading checkpoint from /home/ubuntu/vdp/data/ns-vqa-data/pretrained/attribute_net.pt
clevr_object.py: CLEVR_val_000000.png val 0 0
clevr_object.py: CLEVR_val_000000.png val 0 1
clevr_object.py: CLEVR_val_000000.png val 0 2
clevr_object.py: CLEVR_val_000001.png val 1 3
clevr_object.py: CLEVR_val_000001.png val 1 4
clevr_object.py: CLEVR_val_000001.png val 1 5
clevr_object.py: CLEVR_val_000002.png val 2 6
clevr_object.py: CLEVR_val_000002.png val 2 7
clevr_object.py: CLEVR_val_000002.png val 2 8
clevr_object.py: CLEVR_val_000003.png val 3 9
clevr_object.py: CLEVR_val_000003.png val 3 10
clevr_object.py: CLEVR_val_000003.png val 3 11
clevr_object.py: CLEVR_val_000004.png val 4 12
clevr_object.py: CLEVR_val_000004.png val 4 13
clevr_object.py: CLEVR_val_000004.png val 4 14
clevr_object.py: CLEVR_val_000004.png val 4 15
clevr_object.py: CLEVR_val_000005.png val 5 16
clevr_object.py: CLEVR_val_000005.png val 5 17
18 / 18 objects processed
| saving annotation file to data/clevr-cleaned-variants/train/fovariant-16/solver_ir/results.json


0.json in test
THRESHOLD relate_front objs = {'id': '0-0', 'position': [-2.906381845474243, -0.15494182705879211, 0.693229079246521], 'color': 'red', 'material': 'metal', 'shape': 'cylinder', 'size': 'large'}, {'id': '0-1', 'position': [2.762115001678467, 0.13559961318969727, 0.6954159736633301], 'color': 'red', 'material': 'metal', 'shape': 'sphere', 'size': 'large'}
THRESHOLD relate_front objs = {'id': '0-0', 'position': [-2.906381845474243, -0.15494182705879211, 0.693229079246521], 'color': 'red', 'material': 'metal', 'shape': 'cylinder', 'size': 'large'}, {'id': '0-2', 'position': [-0.008508391678333282, -0.06520003080368042, 0.6910003423690796], 'color': 'red', 'material': 'metal', 'shape': 'sphere', 'size': 'large'}
THRESHOLD relate_behind objs = {'id': '0-1', 'position': [2.762115001678467, 0.13559961318969727, 0.6954159736633301], 'color': 'red', 'material': 'metal', 'shape': 'sphere', 'size': 'large'}, {'id': '0-0', 'position': [-2.906381845474243, -0.15494182705879211, 0.693229079246521], 'color': 'red', 'material': 'metal', 'shape': 'cylinder', 'size': 'large'}
THRESHOLD relate_behind objs = {'id': '0-1', 'position': [2.762115001678467, 0.13559961318969727, 0.6954159736633301], 'color': 'red', 'material': 'metal', 'shape': 'sphere', 'size': 'large'}, {'id': '0-2', 'position': [-0.008508391678333282, -0.06520003080368042, 0.6910003423690796], 'color': 'red', 'material': 'metal', 'shape': 'sphere', 'size': 'large'}
THRESHOLD relate_behind objs = {'id': '0-2', 'position': [-0.008508391678333282, -0.06520003080368042, 0.6910003423690796], 'color': 'red', 'material': 'metal', 'shape': 'sphere', 'size': 'large'}, {'id': '0-0', 'position': [-2.906381845474243, -0.15494182705879211, 0.693229079246521], 'color': 'red', 'material': 'metal', 'shape': 'cylinder', 'size': 'large'}
THRESHOLD relate_front objs = {'id': '0-2', 'position': [-0.008508391678333282, -0.06520003080368042, 0.6910003423690796], 'color': 'red', 'material': 'metal', 'shape': 'sphere', 'size': 'large'}, {'id': '0-1', 'position': [2.762115001678467, 0.13559961318969727, 0.6954159736633301], 'color': 'red', 'material': 'metal', 'shape': 'sphere', 'size': 'large'}
1.json in test
THRESHOLD relate_behind objs = {'id': '1-0', 'position': [-0.08903511613607407, 0.12119900435209274, 0.68679279088974], 'color': 'red', 'material': 'metal', 'shape': 'cylinder', 'size': 'large'}, {'id': '1-2', 'position': [-2.931476354598999, -0.02313634380698204, 0.6967252492904663], 'color': 'red', 'material': 'metal', 'shape': 'sphere', 'size': 'large'}
THRESHOLD relate_front objs = {'id': '1-0', 'position': [-0.08903511613607407, 0.12119900435209274, 0.68679279088974], 'color': 'red', 'material': 'metal', 'shape': 'cylinder', 'size': 'large'}, {'id': '1-1', 'position': [2.860863208770752, 0.23619645833969116, 0.6915882229804993], 'color': 'red', 'material': 'metal', 'shape': 'sphere', 'size': 'large'}
THRESHOLD relate_behind objs = {'id': '1-1', 'position': [2.860863208770752, 0.23619645833969116, 0.6915882229804993], 'color': 'red', 'material': 'metal', 'shape': 'sphere', 'size': 'large'}, {'id': '1-0', 'position': [-0.08903511613607407, 0.12119900435209274, 0.68679279088974], 'color': 'red', 'material': 'metal', 'shape': 'cylinder', 'size': 'large'}
THRESHOLD relate_behind objs = {'id': '1-1', 'position': [2.860863208770752, 0.23619645833969116, 0.6915882229804993], 'color': 'red', 'material': 'metal', 'shape': 'sphere', 'size': 'large'}, {'id': '1-2', 'position': [-2.931476354598999, -0.02313634380698204, 0.6967252492904663], 'color': 'red', 'material': 'metal', 'shape': 'sphere', 'size': 'large'}
THRESHOLD relate_front objs = {'id': '1-2', 'position': [-2.931476354598999, -0.02313634380698204, 0.6967252492904663], 'color': 'red', 'material': 'metal', 'shape': 'sphere', 'size': 'large'}, {'id': '1-0', 'position': [-0.08903511613607407, 0.12119900435209274, 0.68679279088974], 'color': 'red', 'material': 'metal', 'shape': 'cylinder', 'size': 'large'}
THRESHOLD relate_front objs = {'id': '1-2', 'position': [-2.931476354598999, -0.02313634380698204, 0.6967252492904663], 'color': 'red', 'material': 'metal', 'shape': 'sphere', 'size': 'large'}, {'id': '1-1', 'position': [2.860863208770752, 0.23619645833969116, 0.6915882229804993], 'color': 'red', 'material': 'metal', 'shape': 'sphere', 'size': 'large'}
2.json in test
THRESHOLD relate_behind objs = {'id': '2-0', 'position': [-3.0123307704925537, -0.03511688858270645, 0.34281864762306213], 'color': 'red', 'material': 'rubber', 'shape': 'cylinder', 'size': 'small'}, {'id': '2-1', 'position': [-1.460134506225586, -0.09792019426822662, 0.7000055909156799], 'color': 'red', 'material': 'metal', 'shape': 'sphere', 'size': 'large'}
THRESHOLD relate_front objs = {'id': '2-0', 'position': [-3.0123307704925537, -0.03511688858270645, 0.34281864762306213], 'color': 'red', 'material': 'rubber', 'shape': 'cylinder', 'size': 'small'}, {'id': '2-2', 'position': [1.419723391532898, 0.07307738065719604, 0.6988491415977478], 'color': 'red', 'material': 'metal', 'shape': 'sphere', 'size': 'large'}
THRESHOLD relate_front objs = {'id': '2-1', 'position': [-1.460134506225586, -0.09792019426822662, 0.7000055909156799], 'color': 'red', 'material': 'metal', 'shape': 'sphere', 'size': 'large'}, {'id': '2-0', 'position': [-3.0123307704925537, -0.03511688858270645, 0.34281864762306213], 'color': 'red', 'material': 'rubber', 'shape': 'cylinder', 'size': 'small'}
THRESHOLD relate_front objs = {'id': '2-1', 'position': [-1.460134506225586, -0.09792019426822662, 0.7000055909156799], 'color': 'red', 'material': 'metal', 'shape': 'sphere', 'size': 'large'}, {'id': '2-2', 'position': [1.419723391532898, 0.07307738065719604, 0.6988491415977478], 'color': 'red', 'material': 'metal', 'shape': 'sphere', 'size': 'large'}
THRESHOLD relate_behind objs = {'id': '2-2', 'position': [1.419723391532898, 0.07307738065719604, 0.6988491415977478], 'color': 'red', 'material': 'metal', 'shape': 'sphere', 'size': 'large'}, {'id': '2-0', 'position': [-3.0123307704925537, -0.03511688858270645, 0.34281864762306213], 'color': 'red', 'material': 'rubber', 'shape': 'cylinder', 'size': 'small'}
THRESHOLD relate_behind objs = {'id': '2-2', 'position': [1.419723391532898, 0.07307738065719604, 0.6988491415977478], 'color': 'red', 'material': 'metal', 'shape': 'sphere', 'size': 'large'}, {'id': '2-1', 'position': [-1.460134506225586, -0.09792019426822662, 0.7000055909156799], 'color': 'red', 'material': 'metal', 'shape': 'sphere', 'size': 'large'}
3.json in train
THRESHOLD relate_behind objs = {'id': '3-0', 'position': [0.15131311118602753, -0.0886959582567215, 0.6957390904426575], 'color': 'red', 'material': 'rubber', 'shape': 'sphere', 'size': 'large'}, {'id': '3-2', 'position': [-2.8080029487609863, -0.11601322889328003, 0.6932342648506165], 'color': 'red', 'material': 'metal', 'shape': 'cylinder', 'size': 'large'}
THRESHOLD relate_front objs = {'id': '3-0', 'position': [0.15131311118602753, -0.0886959582567215, 0.6957390904426575], 'color': 'red', 'material': 'rubber', 'shape': 'sphere', 'size': 'large'}, {'id': '3-1', 'position': [2.8567252159118652, 0.13756012916564941, 0.6945979595184326], 'color': 'red', 'material': 'rubber', 'shape': 'sphere', 'size': 'large'}
THRESHOLD relate_behind objs = {'id': '3-1', 'position': [2.8567252159118652, 0.13756012916564941, 0.6945979595184326], 'color': 'red', 'material': 'rubber', 'shape': 'sphere', 'size': 'large'}, {'id': '3-0', 'position': [0.15131311118602753, -0.0886959582567215, 0.6957390904426575], 'color': 'red', 'material': 'rubber', 'shape': 'sphere', 'size': 'large'}
THRESHOLD relate_behind objs = {'id': '3-1', 'position': [2.8567252159118652, 0.13756012916564941, 0.6945979595184326], 'color': 'red', 'material': 'rubber', 'shape': 'sphere', 'size': 'large'}, {'id': '3-2', 'position': [-2.8080029487609863, -0.11601322889328003, 0.6932342648506165], 'color': 'red', 'material': 'metal', 'shape': 'cylinder', 'size': 'large'}
THRESHOLD relate_front objs = {'id': '3-2', 'position': [-2.8080029487609863, -0.11601322889328003, 0.6932342648506165], 'color': 'red', 'material': 'metal', 'shape': 'cylinder', 'size': 'large'}, {'id': '3-0', 'position': [0.15131311118602753, -0.0886959582567215, 0.6957390904426575], 'color': 'red', 'material': 'rubber', 'shape': 'sphere', 'size': 'large'}
THRESHOLD relate_front objs = {'id': '3-2', 'position': [-2.8080029487609863, -0.11601322889328003, 0.6932342648506165], 'color': 'red', 'material': 'metal', 'shape': 'cylinder', 'size': 'large'}, {'id': '3-1', 'position': [2.8567252159118652, 0.13756012916564941, 0.6945979595184326], 'color': 'red', 'material': 'rubber', 'shape': 'sphere', 'size': 'large'}
4.json in train
THRESHOLD relate_behind objs = {'id': '4-0', 'position': [0.1034054085612297, -0.07763989269733429, 0.3407335877418518], 'color': 'gray', 'material': 'rubber', 'shape': 'sphere', 'size': 'small'}, {'id': '4-3', 'position': [-2.7003018856048584, -0.26640161871910095, 0.3465975224971771], 'color': 'purple', 'material': 'metal', 'shape': 'cylinder', 'size': 'small'}
THRESHOLD relate_front objs = {'id': '4-0', 'position': [0.1034054085612297, -0.07763989269733429, 0.3407335877418518], 'color': 'gray', 'material': 'rubber', 'shape': 'sphere', 'size': 'small'}, {'id': '4-1', 'position': [1.393257975578308, 0.07413271814584732, 0.33670735359191895], 'color': 'gray', 'material': 'rubber', 'shape': 'sphere', 'size': 'small'}
THRESHOLD relate_front objs = {'id': '4-0', 'position': [0.1034054085612297, -0.07763989269733429, 0.3407335877418518], 'color': 'gray', 'material': 'rubber', 'shape': 'sphere', 'size': 'small'}, {'id': '4-2', 'position': [-1.2852128744125366, -0.04963451996445656, 0.3521921932697296], 'color': 'gray', 'material': 'metal', 'shape': 'sphere', 'size': 'small'}
THRESHOLD relate_behind objs = {'id': '4-1', 'position': [1.393257975578308, 0.07413271814584732, 0.33670735359191895], 'color': 'gray', 'material': 'rubber', 'shape': 'sphere', 'size': 'small'}, {'id': '4-0', 'position': [0.1034054085612297, -0.07763989269733429, 0.3407335877418518], 'color': 'gray', 'material': 'rubber', 'shape': 'sphere', 'size': 'small'}
THRESHOLD relate_behind objs = {'id': '4-1', 'position': [1.393257975578308, 0.07413271814584732, 0.33670735359191895], 'color': 'gray', 'material': 'rubber', 'shape': 'sphere', 'size': 'small'}, {'id': '4-2', 'position': [-1.2852128744125366, -0.04963451996445656, 0.3521921932697296], 'color': 'gray', 'material': 'metal', 'shape': 'sphere', 'size': 'small'}
THRESHOLD relate_behind objs = {'id': '4-1', 'position': [1.393257975578308, 0.07413271814584732, 0.33670735359191895], 'color': 'gray', 'material': 'rubber', 'shape': 'sphere', 'size': 'small'}, {'id': '4-3', 'position': [-2.7003018856048584, -0.26640161871910095, 0.3465975224971771], 'color': 'purple', 'material': 'metal', 'shape': 'cylinder', 'size': 'small'}
THRESHOLD relate_behind objs = {'id': '4-2', 'position': [-1.2852128744125366, -0.04963451996445656, 0.3521921932697296], 'color': 'gray', 'material': 'metal', 'shape': 'sphere', 'size': 'small'}, {'id': '4-0', 'position': [0.1034054085612297, -0.07763989269733429, 0.3407335877418518], 'color': 'gray', 'material': 'rubber', 'shape': 'sphere', 'size': 'small'}
THRESHOLD relate_behind objs = {'id': '4-2', 'position': [-1.2852128744125366, -0.04963451996445656, 0.3521921932697296], 'color': 'gray', 'material': 'metal', 'shape': 'sphere', 'size': 'small'}, {'id': '4-3', 'position': [-2.7003018856048584, -0.26640161871910095, 0.3465975224971771], 'color': 'purple', 'material': 'metal', 'shape': 'cylinder', 'size': 'small'}
THRESHOLD relate_front objs = {'id': '4-2', 'position': [-1.2852128744125366, -0.04963451996445656, 0.3521921932697296], 'color': 'gray', 'material': 'metal', 'shape': 'sphere', 'size': 'small'}, {'id': '4-1', 'position': [1.393257975578308, 0.07413271814584732, 0.33670735359191895], 'color': 'gray', 'material': 'rubber', 'shape': 'sphere', 'size': 'small'}
THRESHOLD relate_front objs = {'id': '4-3', 'position': [-2.7003018856048584, -0.26640161871910095, 0.3465975224971771], 'color': 'purple', 'material': 'metal', 'shape': 'cylinder', 'size': 'small'}, {'id': '4-0', 'position': [0.1034054085612297, -0.07763989269733429, 0.3407335877418518], 'color': 'gray', 'material': 'rubber', 'shape': 'sphere', 'size': 'small'}
THRESHOLD relate_front objs = {'id': '4-3', 'position': [-2.7003018856048584, -0.26640161871910095, 0.3465975224971771], 'color': 'purple', 'material': 'metal', 'shape': 'cylinder', 'size': 'small'}, {'id': '4-1', 'position': [1.393257975578308, 0.07413271814584732, 0.33670735359191895], 'color': 'gray', 'material': 'rubber', 'shape': 'sphere', 'size': 'small'}
THRESHOLD relate_front objs = {'id': '4-3', 'position': [-2.7003018856048584, -0.26640161871910095, 0.3465975224971771], 'color': 'purple', 'material': 'metal', 'shape': 'cylinder', 'size': 'small'}, {'id': '4-2', 'position': [-1.2852128744125366, -0.04963451996445656, 0.3521921932697296], 'color': 'gray', 'material': 'metal', 'shape': 'sphere', 'size': 'small'}
5.json in train
THRESHOLD relate_behind objs = {'id': '5-0', 'position': [1.323664903640747, 0.2638111710548401, 0.33681976795196533], 'color': 'gray', 'material': 'rubber', 'shape': 'sphere', 'size': 'small'}, {'id': '5-1', 'position': [0.0015970095992088318, 0.15710902214050293, 0.6813475489616394], 'color': 'purple', 'material': 'metal', 'shape': 'cylinder', 'size': 'large'}
THRESHOLD relate_front objs = {'id': '5-1', 'position': [0.0015970095992088318, 0.15710902214050293, 0.6813475489616394], 'color': 'purple', 'material': 'metal', 'shape': 'cylinder', 'size': 'large'}, {'id': '5-0', 'position': [1.323664903640747, 0.2638111710548401, 0.33681976795196533], 'color': 'gray', 'material': 'rubber', 'shape': 'sphere', 'size': 'small'}
