Started Logging. 2022-07-09 18:47:39.777123

found bundled python: /home/ubuntu/vdp-tool-chain/data/blender-2.78c-linux-glibc219-x86_64/2.78/python
read blend: /home/ubuntu/vdp-tool-chain/data/clevr_scene_data/base_scene.blend
convertViewVec: called in an invalid context
convertViewVec: called in an invalid context
convertViewVec: called in an invalid context
Fra:1 Mem:17.34M (0.00M, Peak 17.34M) | Time:00:00.00 | Preparing Scene data
Fra:1 Mem:25.35M (0.00M, Peak 26.33M) | Time:00:00.01 | Preparing Scene data
Fra:1 Mem:25.35M (0.00M, Peak 26.33M) | Time:00:00.01 | Creating Shadowbuffers
Fra:1 Mem:25.35M (0.00M, Peak 26.33M) | Time:00:00.01 | Raytree.. preparing
Fra:1 Mem:34.17M (0.00M, Peak 34.17M) | Time:00:00.02 | Raytree.. building
Fra:1 Mem:33.69M (0.00M, Peak 47.46M) | Time:00:00.16 | Raytree finished
Fra:1 Mem:33.69M (0.00M, Peak 47.46M) | Time:00:00.16 | Creating Environment maps
Fra:1 Mem:33.69M (0.00M, Peak 47.46M) | Time:00:00.16 | Caching Point Densities
Fra:1 Mem:33.69M (0.00M, Peak 47.46M) | Time:00:00.16 | Sce: Scene Ve:66054 Fa:64257 La:1
Fra:1 Mem:33.69M (0.00M, Peak 47.46M) | Time:00:00.16 | Loading voxel datasets
Fra:1 Mem:33.69M (0.00M, Peak 47.46M) | Time:00:00.16 | Sce: Scene Ve:66054 Fa:64257 La:1
Fra:1 Mem:33.69M (0.00M, Peak 47.46M) | Time:00:00.16 | Sce: Scene Ve:66054 Fa:64257 La:1
Fra:1 Mem:33.69M (0.00M, Peak 47.46M) | Time:00:00.16 | Volume preprocessing
Fra:1 Mem:33.69M (0.00M, Peak 47.46M) | Time:00:00.16 | Sce: Scene Ve:66054 Fa:64257 La:1
Fra:1 Mem:33.69M (0.00M, Peak 47.46M) | Time:00:00.16 | Sce: Scene Ve:66054 Fa:64257 La:1
Fra:1 Mem:38.03M (0.00M, Peak 47.46M) | Time:00:00.17 | Scene, Part 3-4
Fra:1 Mem:37.72M (0.00M, Peak 47.46M) | Time:00:00.17 | Scene, Part 4-4
Fra:1 Mem:36.79M (0.00M, Peak 47.46M) | Time:00:00.18 | Scene, Part 2-4
Fra:1 Mem:34.94M (0.00M, Peak 47.46M) | Time:00:00.18 | Scene, Part 1-4
Fra:1 Mem:17.23M (0.00M, Peak 47.46M) | Time:00:00.18 | Sce: Scene Ve:66054 Fa:64257 La:1
Saved: '/tmp/tmpiy0lg1x6.png'
 Time: 00:00.23 (Saving: 00:00.04)

Fra:1 Mem:17.26M (0.00M, Peak 17.85M) | Time:00:00.04 | Mem:0.00M, Peak:0.00M | Scene, RenderLayer | Synchronizing object | Area
Fra:1 Mem:17.26M (0.00M, Peak 17.85M) | Time:00:00.05 | Mem:0.00M, Peak:0.00M | Scene, RenderLayer | Synchronizing object | Ground
Fra:1 Mem:17.32M (0.00M, Peak 17.85M) | Time:00:00.05 | Mem:0.00M, Peak:0.00M | Scene, RenderLayer | Synchronizing object | Empty
Fra:1 Mem:17.32M (0.00M, Peak 17.85M) | Time:00:00.05 | Mem:0.00M, Peak:0.00M | Scene, RenderLayer | Synchronizing object | Lamp_Back
Fra:1 Mem:17.32M (0.00M, Peak 17.85M) | Time:00:00.05 | Mem:0.00M, Peak:0.00M | Scene, RenderLayer | Synchronizing object | Lamp_Fill
Fra:1 Mem:17.32M (0.00M, Peak 17.85M) | Time:00:00.05 | Mem:0.00M, Peak:0.00M | Scene, RenderLayer | Synchronizing object | Lamp_Key
Fra:1 Mem:17.32M (0.00M, Peak 17.85M) | Time:00:00.05 | Mem:0.00M, Peak:0.00M | Scene, RenderLayer | Synchronizing object | Camera
Fra:1 Mem:17.32M (0.00M, Peak 17.85M) | Time:00:00.05 | Mem:0.00M, Peak:0.00M | Scene, RenderLayer | Synchronizing object | SmoothCylinder_0
Fra:1 Mem:20.65M (0.00M, Peak 23.73M) | Time:00:00.06 | Mem:0.00M, Peak:0.00M | Scene, RenderLayer | Synchronizing object | Sphere_0
Fra:1 Mem:22.14M (0.00M, Peak 23.73M) | Time:00:00.06 | Mem:0.00M, Peak:0.00M | Scene, RenderLayer | Synchronizing object | Sphere_1
Fra:1 Mem:23.64M (0.00M, Peak 25.07M) | Time:00:00.07 | Mem:0.00M, Peak:0.00M | Scene, RenderLayer | Initializing
Fra:1 Mem:23.64M (0.00M, Peak 25.07M) | Time:00:00.07 | Mem:0.00M, Peak:0.00M | Scene, RenderLayer | Loading render kernels (may take a few minutes the first time)
Fra:1 Mem:23.64M (0.00M, Peak 26.34M) | Time:00:00.08 | Mem:0.00M, Peak:0.00M | Scene, RenderLayer | Waiting for render to start
Fra:1 Mem:23.64M (0.00M, Peak 26.34M) | Time:00:00.08 | Mem:0.00M, Peak:0.00M | Scene, RenderLayer | Updating Scene
Fra:1 Mem:23.64M (0.00M, Peak 26.34M) | Time:00:00.08 | Mem:0.00M, Peak:0.00M | Scene, RenderLayer | Updating Shaders
Fra:1 Mem:24.14M (0.00M, Peak 26.34M) | Time:00:00.16 | Mem:0.00M, Peak:0.00M | Scene, RenderLayer | Updating Background
Fra:1 Mem:24.14M (0.00M, Peak 26.34M) | Time:00:00.16 | Mem:0.00M, Peak:0.00M | Scene, RenderLayer | Updating Camera
Fra:1 Mem:24.14M (0.00M, Peak 26.34M) | Time:00:00.16 | Mem:0.00M, Peak:0.00M | Scene, RenderLayer | Updating Meshes Flags
Fra:1 Mem:24.14M (0.00M, Peak 26.34M) | Time:00:00.16 | Mem:0.00M, Peak:0.00M | Scene, RenderLayer | Updating Objects
Fra:1 Mem:24.14M (0.00M, Peak 26.34M) | Time:00:00.16 | Mem:0.00M, Peak:0.00M | Scene, RenderLayer | Updating Objects | Copying Transformations to device
Fra:1 Mem:24.14M (0.00M, Peak 26.34M) | Time:00:00.17 | Mem:0.00M, Peak:0.00M | Scene, RenderLayer | Updating Objects | Applying Static Transformations
Fra:1 Mem:24.14M (0.00M, Peak 26.34M) | Time:00:00.17 | Mem:0.00M, Peak:0.00M | Scene, RenderLayer | Updating Meshes
Fra:1 Mem:26.11M (0.00M, Peak 26.34M) | Time:00:00.17 | Mem:0.00M, Peak:0.00M | Scene, RenderLayer | Updating Mesh | Computing attributes
Fra:1 Mem:27.12M (0.00M, Peak 27.12M) | Time:00:00.17 | Mem:0.00M, Peak:0.00M | Scene, RenderLayer | Updating Mesh | Copying Attributes to device
Fra:1 Mem:27.12M (0.00M, Peak 28.12M) | Time:00:00.17 | Mem:1.01M, Peak:1.01M | Scene, RenderLayer | Updating Scene BVH | Building
Fra:1 Mem:27.12M (0.00M, Peak 28.12M) | Time:00:00.17 | Mem:1.01M, Peak:1.01M | Scene, RenderLayer | Updating Scene BVH | Building BVH
Fra:1 Mem:34.50M (0.00M, Peak 34.50M) | Time:00:00.26 | Mem:1.01M, Peak:1.01M | Scene, RenderLayer | Updating Scene BVH | Packing BVH triangles and strands
Fra:1 Mem:41.39M (0.00M, Peak 41.39M) | Time:00:00.26 | Mem:1.01M, Peak:1.01M | Scene, RenderLayer | Updating Scene BVH | Packing BVH nodes
Fra:1 Mem:37.52M (0.00M, Peak 43.43M) | Time:00:00.27 | Mem:1.01M, Peak:1.01M | Scene, RenderLayer | Updating Scene BVH | Copying BVH to device
Fra:1 Mem:38.01M (0.00M, Peak 43.43M) | Time:00:00.28 | Mem:11.41M, Peak:11.41M | Scene, RenderLayer | Updating Mesh | Computing normals
Fra:1 Mem:42.50M (0.00M, Peak 43.43M) | Time:00:00.28 | Mem:11.41M, Peak:11.41M | Scene, RenderLayer | Updating Mesh | Copying Mesh to device
Fra:1 Mem:42.00M (0.00M, Peak 43.43M) | Time:00:00.28 | Mem:15.90M, Peak:15.90M | Scene, RenderLayer | Updating Objects Flags
Fra:1 Mem:42.00M (0.00M, Peak 43.43M) | Time:00:00.28 | Mem:15.90M, Peak:15.90M | Scene, RenderLayer | Updating Images
Fra:1 Mem:42.00M (0.00M, Peak 43.43M) | Time:00:00.28 | Mem:15.90M, Peak:15.90M | Scene, RenderLayer | Updating Camera Volume
Fra:1 Mem:42.00M (0.00M, Peak 43.43M) | Time:00:00.28 | Mem:15.90M, Peak:15.90M | Scene, RenderLayer | Updating Hair Systems
Fra:1 Mem:42.00M (0.00M, Peak 43.43M) | Time:00:00.28 | Mem:15.90M, Peak:15.90M | Scene, RenderLayer | Updating Hair settings | Copying Hair settings to device
Fra:1 Mem:42.00M (0.00M, Peak 43.43M) | Time:00:00.28 | Mem:15.90M, Peak:15.90M | Scene, RenderLayer | Updating Lookup Tables
Fra:1 Mem:42.00M (0.00M, Peak 43.43M) | Time:00:00.28 | Mem:16.15M, Peak:16.15M | Scene, RenderLayer | Updating Lights
Fra:1 Mem:42.01M (0.00M, Peak 43.43M) | Time:00:00.28 | Mem:16.15M, Peak:16.15M | Scene, RenderLayer | Updating Lights | Computing distribution
Fra:1 Mem:42.01M (0.00M, Peak 43.43M) | Time:00:00.28 | Mem:16.15M, Peak:16.15M | Scene, RenderLayer | Updating Particle Systems
Fra:1 Mem:42.01M (0.00M, Peak 43.43M) | Time:00:00.28 | Mem:16.15M, Peak:16.15M | Scene, RenderLayer | Updating Particle Systems | Copying Particles to device
Fra:1 Mem:42.01M (0.00M, Peak 43.43M) | Time:00:00.28 | Mem:16.15M, Peak:16.15M | Scene, RenderLayer | Updating Integrator
Fra:1 Mem:42.05M (0.00M, Peak 43.43M) | Time:00:00.28 | Mem:16.19M, Peak:16.19M | Scene, RenderLayer | Updating Film
Fra:1 Mem:42.05M (0.00M, Peak 43.43M) | Time:00:00.28 | Mem:16.19M, Peak:16.19M | Scene, RenderLayer | Updating Lookup Tables
Fra:1 Mem:42.05M (0.00M, Peak 43.43M) | Time:00:00.28 | Mem:16.20M, Peak:16.20M | Scene, RenderLayer | Updating Baking
Fra:1 Mem:42.05M (0.00M, Peak 43.43M) | Time:00:00.28 | Mem:16.20M, Peak:16.20M | Scene, RenderLayer | Updating Device | Writing constant memory
Fra:1 Mem:42.05M (0.00M, Peak 43.43M) | Time:00:00.28 | Mem:16.20M, Peak:16.20M | Scene, RenderLayer | Path Tracing Tile 0/4, Sample 0/512
Fra:1 Mem:44.30M (0.00M, Peak 45.55M) | Time:00:00.29 | Mem:18.45M, Peak:18.45M | Scene, RenderLayer | Path Tracing Tile 1/4, Sample 0/512
Fra:1 Mem:44.30M (0.00M, Peak 46.55M) | Time:00:01.30 | Remaining:00:11.90 | Mem:18.45M, Peak:18.45M | Scene, RenderLayer | Path Tracing Tile 1/4, Sample 94/512
Fra:1 Mem:44.30M (0.00M, Peak 46.55M) | Time:00:02.31 | Remaining:00:10.88 | Mem:18.45M, Peak:18.45M | Scene, RenderLayer | Path Tracing Tile 1/4, Sample 188/512
Fra:1 Mem:44.30M (0.00M, Peak 46.55M) | Time:00:03.31 | Remaining:00:09.85 | Mem:18.45M, Peak:18.45M | Scene, RenderLayer | Path Tracing Tile 1/4, Sample 282/512
Fra:1 Mem:44.30M (0.00M, Peak 46.55M) | Time:00:04.32 | Remaining:00:08.84 | Mem:18.45M, Peak:18.45M | Scene, RenderLayer | Path Tracing Tile 1/4, Sample 376/512
Fra:1 Mem:44.30M (0.00M, Peak 46.55M) | Time:00:05.32 | Remaining:00:07.85 | Mem:18.45M, Peak:18.45M | Scene, RenderLayer | Path Tracing Tile 1/4, Sample 469/512
Fra:1 Mem:42.05M (0.00M, Peak 46.55M) | Time:00:05.79 | Remaining:00:07.40 | Mem:16.20M, Peak:18.45M | Scene, RenderLayer | Path Tracing Tile 1/4, Sample 512/512
Fra:1 Mem:44.02M (0.00M, Peak 46.55M) | Time:00:05.80 | Remaining:00:07.40 | Mem:18.16M, Peak:18.45M | Scene, RenderLayer | Path Tracing Tile 2/4, Sample 512/512
Fra:1 Mem:44.02M (0.00M, Peak 46.55M) | Time:00:06.33 | Remaining:00:06.90 | Mem:18.16M, Peak:18.45M | Scene, RenderLayer | Path Tracing Tile 2/4, Sample 55/512
Fra:1 Mem:44.02M (0.00M, Peak 46.55M) | Time:00:07.34 | Remaining:00:05.96 | Mem:18.16M, Peak:18.45M | Scene, RenderLayer | Path Tracing Tile 2/4, Sample 158/512
Fra:1 Mem:44.02M (0.00M, Peak 46.55M) | Time:00:08.34 | Remaining:00:05.00 | Mem:18.16M, Peak:18.45M | Scene, RenderLayer | Path Tracing Tile 2/4, Sample 261/512
Fra:1 Mem:44.02M (0.00M, Peak 46.55M) | Time:00:09.34 | Remaining:00:04.04 | Mem:18.16M, Peak:18.45M | Scene, RenderLayer | Path Tracing Tile 2/4, Sample 363/512
Fra:1 Mem:44.02M (0.00M, Peak 46.55M) | Time:00:10.35 | Remaining:00:03.08 | Mem:18.16M, Peak:18.45M | Scene, RenderLayer | Path Tracing Tile 2/4, Sample 465/512
Fra:1 Mem:42.05M (0.00M, Peak 46.55M) | Time:00:10.82 | Remaining:00:02.63 | Mem:16.20M, Peak:18.45M | Scene, RenderLayer | Path Tracing Tile 2/4, Sample 512/512
Fra:1 Mem:42.61M (0.00M, Peak 46.55M) | Time:00:10.82 | Remaining:00:02.63 | Mem:16.76M, Peak:18.45M | Scene, RenderLayer | Path Tracing Tile 3/4, Sample 512/512
Fra:1 Mem:42.61M (0.00M, Peak 46.55M) | Time:00:11.35 | Remaining:00:02.32 | Mem:16.76M, Peak:18.45M | Scene, RenderLayer | Path Tracing Tile 3/4, Sample 126/512
Fra:1 Mem:42.61M (0.00M, Peak 46.55M) | Time:00:12.35 | Remaining:00:01.71 | Mem:16.76M, Peak:18.45M | Scene, RenderLayer | Path Tracing Tile 3/4, Sample 362/512
Fra:1 Mem:42.05M (0.00M, Peak 46.55M) | Time:00:13.00 | Remaining:00:01.30 | Mem:16.20M, Peak:18.45M | Scene, RenderLayer | Path Tracing Tile 3/4, Sample 512/512
Fra:1 Mem:42.54M (0.00M, Peak 46.55M) | Time:00:13.00 | Remaining:00:01.30 | Mem:16.69M, Peak:18.45M | Scene, RenderLayer | Path Tracing Tile 4/4, Sample 512/512
Fra:1 Mem:42.54M (0.00M, Peak 46.55M) | Time:00:13.36 | Remaining:00:01.08 | Mem:16.69M, Peak:18.45M | Scene, RenderLayer | Path Tracing Tile 4/4, Sample 90/512
Fra:1 Mem:42.54M (0.00M, Peak 46.55M) | Time:00:14.36 | Remaining:00:00.44 | Mem:16.69M, Peak:18.45M | Scene, RenderLayer | Path Tracing Tile 4/4, Sample 344/512
Fra:1 Mem:42.05M (0.00M, Peak 46.55M) | Time:00:15.02 | Mem:16.20M, Peak:18.45M | Scene, RenderLayer | Path Tracing Tile 4/4, Sample 512/512
Fra:1 Mem:42.05M (0.00M, Peak 46.55M) | Time:00:15.02 | Mem:16.20M, Peak:18.45M | Scene, RenderLayer | Finished
Fra:1 Mem:17.50M (0.00M, Peak 46.55M) | Time:00:15.11 | Sce: Scene Ve:0 Fa:0 La:0
Saved: 'data/clevr-cleaned-variants/train/fovariant-2/render/images/CLEVR_val_000000.png'
 Time: 00:15.15 (Saving: 00:00.03)

read blend: /home/ubuntu/vdp-tool-chain/data/clevr_scene_data/base_scene.blend
convertViewVec: called in an invalid context
convertViewVec: called in an invalid context
convertViewVec: called in an invalid context
Fra:1 Mem:17.60M (0.00M, Peak 17.60M) | Time:00:00.00 | Preparing Scene data
Fra:1 Mem:25.61M (0.00M, Peak 26.59M) | Time:00:00.01 | Preparing Scene data
Fra:1 Mem:25.61M (0.00M, Peak 26.59M) | Time:00:00.01 | Creating Shadowbuffers
Fra:1 Mem:25.61M (0.00M, Peak 26.59M) | Time:00:00.01 | Raytree.. preparing
Fra:1 Mem:34.43M (0.00M, Peak 34.43M) | Time:00:00.02 | Raytree.. building
Fra:1 Mem:33.95M (0.00M, Peak 47.72M) | Time:00:00.16 | Raytree finished
Fra:1 Mem:33.95M (0.00M, Peak 47.72M) | Time:00:00.16 | Creating Environment maps
Fra:1 Mem:33.95M (0.00M, Peak 47.72M) | Time:00:00.16 | Caching Point Densities
Fra:1 Mem:33.95M (0.00M, Peak 47.72M) | Time:00:00.16 | Sce: Scene Ve:66054 Fa:64248 La:1
Fra:1 Mem:33.95M (0.00M, Peak 47.72M) | Time:00:00.16 | Loading voxel datasets
Fra:1 Mem:33.95M (0.00M, Peak 47.72M) | Time:00:00.16 | Sce: Scene Ve:66054 Fa:64248 La:1
Fra:1 Mem:33.95M (0.00M, Peak 47.72M) | Time:00:00.16 | Sce: Scene Ve:66054 Fa:64248 La:1
Fra:1 Mem:33.95M (0.00M, Peak 47.72M) | Time:00:00.16 | Volume preprocessing
Fra:1 Mem:33.95M (0.00M, Peak 47.72M) | Time:00:00.16 | Sce: Scene Ve:66054 Fa:64248 La:1
Fra:1 Mem:33.95M (0.00M, Peak 47.72M) | Time:00:00.16 | Sce: Scene Ve:66054 Fa:64248 La:1
Fra:1 Mem:38.02M (0.00M, Peak 47.72M) | Time:00:00.17 | Scene, Part 3-4
Fra:1 Mem:37.98M (0.00M, Peak 47.72M) | Time:00:00.17 | Scene, Part 4-4
Fra:1 Mem:36.96M (0.00M, Peak 47.72M) | Time:00:00.18 | Scene, Part 1-4
Fra:1 Mem:35.05M (0.00M, Peak 47.72M) | Time:00:00.18 | Scene, Part 2-4
Fra:1 Mem:17.49M (0.00M, Peak 47.72M) | Time:00:00.18 | Sce: Scene Ve:66054 Fa:64248 La:1
Saved: '/tmp/tmpuyzbumf4.png'
 Time: 00:00.20 (Saving: 00:00.01)

Fra:1 Mem:17.52M (0.00M, Peak 18.12M) | Time:00:00.04 | Mem:0.00M, Peak:0.00M | Scene, RenderLayer | Synchronizing object | Area
Fra:1 Mem:17.52M (0.00M, Peak 18.12M) | Time:00:00.04 | Mem:0.00M, Peak:0.00M | Scene, RenderLayer | Synchronizing object | Ground
Fra:1 Mem:17.59M (0.00M, Peak 18.12M) | Time:00:00.05 | Mem:0.00M, Peak:0.00M | Scene, RenderLayer | Synchronizing object | Empty
Fra:1 Mem:17.59M (0.00M, Peak 18.12M) | Time:00:00.05 | Mem:0.00M, Peak:0.00M | Scene, RenderLayer | Synchronizing object | Lamp_Back
Fra:1 Mem:17.59M (0.00M, Peak 18.12M) | Time:00:00.05 | Mem:0.00M, Peak:0.00M | Scene, RenderLayer | Synchronizing object | Lamp_Fill
Fra:1 Mem:17.59M (0.00M, Peak 18.12M) | Time:00:00.05 | Mem:0.00M, Peak:0.00M | Scene, RenderLayer | Synchronizing object | Lamp_Key
Fra:1 Mem:17.59M (0.00M, Peak 18.12M) | Time:00:00.05 | Mem:0.00M, Peak:0.00M | Scene, RenderLayer | Synchronizing object | Camera
Fra:1 Mem:17.59M (0.00M, Peak 18.12M) | Time:00:00.05 | Mem:0.00M, Peak:0.00M | Scene, RenderLayer | Synchronizing object | Sphere_0
Fra:1 Mem:19.08M (0.00M, Peak 20.52M) | Time:00:00.05 | Mem:0.00M, Peak:0.00M | Scene, RenderLayer | Synchronizing object | SmoothCylinder_0
Fra:1 Mem:22.41M (0.00M, Peak 25.49M) | Time:00:00.06 | Mem:0.00M, Peak:0.00M | Scene, RenderLayer | Synchronizing object | Sphere_1
Fra:1 Mem:23.90M (0.00M, Peak 25.49M) | Time:00:00.07 | Mem:0.00M, Peak:0.00M | Scene, RenderLayer | Initializing
Fra:1 Mem:23.90M (0.00M, Peak 25.49M) | Time:00:00.07 | Mem:0.00M, Peak:0.00M | Scene, RenderLayer | Loading render kernels (may take a few minutes the first time)
Fra:1 Mem:23.90M (0.00M, Peak 26.60M) | Time:00:00.08 | Mem:0.00M, Peak:0.00M | Scene, RenderLayer | Waiting for render to start
Fra:1 Mem:23.90M (0.00M, Peak 26.60M) | Time:00:00.08 | Mem:0.00M, Peak:0.00M | Scene, RenderLayer | Updating Scene
Fra:1 Mem:23.90M (0.00M, Peak 26.60M) | Time:00:00.08 | Mem:0.00M, Peak:0.00M | Scene, RenderLayer | Updating Shaders
Fra:1 Mem:24.15M (0.00M, Peak 26.60M) | Time:00:00.08 | Mem:0.00M, Peak:0.00M | Scene, RenderLayer | Updating Background
Fra:1 Mem:24.15M (0.00M, Peak 26.60M) | Time:00:00.08 | Mem:0.00M, Peak:0.00M | Scene, RenderLayer | Updating Camera
Fra:1 Mem:24.15M (0.00M, Peak 26.60M) | Time:00:00.08 | Mem:0.00M, Peak:0.00M | Scene, RenderLayer | Updating Meshes Flags
Fra:1 Mem:24.15M (0.00M, Peak 26.60M) | Time:00:00.08 | Mem:0.00M, Peak:0.00M | Scene, RenderLayer | Updating Objects
Fra:1 Mem:24.15M (0.00M, Peak 26.60M) | Time:00:00.08 | Mem:0.00M, Peak:0.00M | Scene, RenderLayer | Updating Objects | Copying Transformations to device
Fra:1 Mem:24.15M (0.00M, Peak 26.60M) | Time:00:00.08 | Mem:0.00M, Peak:0.00M | Scene, RenderLayer | Updating Objects | Applying Static Transformations
Fra:1 Mem:24.15M (0.00M, Peak 26.60M) | Time:00:00.08 | Mem:0.00M, Peak:0.00M | Scene, RenderLayer | Updating Meshes
Fra:1 Mem:26.12M (0.00M, Peak 26.60M) | Time:00:00.09 | Mem:0.00M, Peak:0.00M | Scene, RenderLayer | Updating Mesh | Computing attributes
Fra:1 Mem:27.13M (0.00M, Peak 27.13M) | Time:00:00.09 | Mem:0.00M, Peak:0.00M | Scene, RenderLayer | Updating Mesh | Copying Attributes to device
Fra:1 Mem:27.13M (0.00M, Peak 28.14M) | Time:00:00.09 | Mem:1.01M, Peak:1.01M | Scene, RenderLayer | Updating Scene BVH | Building
Fra:1 Mem:27.13M (0.00M, Peak 28.14M) | Time:00:00.09 | Mem:1.01M, Peak:1.01M | Scene, RenderLayer | Updating Scene BVH | Building BVH
Fra:1 Mem:34.51M (0.00M, Peak 34.51M) | Time:00:00.18 | Mem:1.01M, Peak:1.01M | Scene, RenderLayer | Updating Scene BVH | Packing BVH triangles and strands
Fra:1 Mem:41.40M (0.00M, Peak 41.40M) | Time:00:00.19 | Mem:1.01M, Peak:1.01M | Scene, RenderLayer | Updating Scene BVH | Packing BVH nodes
Fra:1 Mem:37.54M (0.00M, Peak 43.45M) | Time:00:00.20 | Mem:1.01M, Peak:1.01M | Scene, RenderLayer | Updating Scene BVH | Copying BVH to device
Fra:1 Mem:38.03M (0.00M, Peak 43.45M) | Time:00:00.20 | Mem:11.42M, Peak:11.42M | Scene, RenderLayer | Updating Mesh | Computing normals
Fra:1 Mem:42.52M (0.00M, Peak 43.45M) | Time:00:00.20 | Mem:11.42M, Peak:11.42M | Scene, RenderLayer | Updating Mesh | Copying Mesh to device
Fra:1 Mem:42.03M (0.00M, Peak 43.45M) | Time:00:00.20 | Mem:15.91M, Peak:15.91M | Scene, RenderLayer | Updating Objects Flags
Fra:1 Mem:42.03M (0.00M, Peak 43.45M) | Time:00:00.20 | Mem:15.91M, Peak:15.91M | Scene, RenderLayer | Updating Images
Fra:1 Mem:42.03M (0.00M, Peak 43.45M) | Time:00:00.20 | Mem:15.91M, Peak:15.91M | Scene, RenderLayer | Updating Camera Volume
Fra:1 Mem:42.03M (0.00M, Peak 43.45M) | Time:00:00.20 | Mem:15.91M, Peak:15.91M | Scene, RenderLayer | Updating Hair Systems
Fra:1 Mem:42.03M (0.00M, Peak 43.45M) | Time:00:00.20 | Mem:15.91M, Peak:15.91M | Scene, RenderLayer | Updating Hair settings | Copying Hair settings to device
Fra:1 Mem:42.03M (0.00M, Peak 43.45M) | Time:00:00.20 | Mem:15.91M, Peak:15.91M | Scene, RenderLayer | Updating Lookup Tables
Fra:1 Mem:42.03M (0.00M, Peak 43.45M) | Time:00:00.20 | Mem:16.16M, Peak:16.16M | Scene, RenderLayer | Updating Lights
Fra:1 Mem:42.03M (0.00M, Peak 43.45M) | Time:00:00.20 | Mem:16.16M, Peak:16.16M | Scene, RenderLayer | Updating Lights | Computing distribution
Fra:1 Mem:42.03M (0.00M, Peak 43.45M) | Time:00:00.20 | Mem:16.16M, Peak:16.16M | Scene, RenderLayer | Updating Particle Systems
Fra:1 Mem:42.03M (0.00M, Peak 43.45M) | Time:00:00.20 | Mem:16.16M, Peak:16.16M | Scene, RenderLayer | Updating Particle Systems | Copying Particles to device
Fra:1 Mem:42.03M (0.00M, Peak 43.45M) | Time:00:00.20 | Mem:16.16M, Peak:16.16M | Scene, RenderLayer | Updating Integrator
Fra:1 Mem:42.07M (0.00M, Peak 43.45M) | Time:00:00.20 | Mem:16.20M, Peak:16.20M | Scene, RenderLayer | Updating Film
Fra:1 Mem:42.07M (0.00M, Peak 43.45M) | Time:00:00.20 | Mem:16.20M, Peak:16.20M | Scene, RenderLayer | Updating Lookup Tables
Fra:1 Mem:42.07M (0.00M, Peak 43.45M) | Time:00:00.20 | Mem:16.20M, Peak:16.20M | Scene, RenderLayer | Updating Baking
Fra:1 Mem:42.07M (0.00M, Peak 43.45M) | Time:00:00.20 | Mem:16.20M, Peak:16.20M | Scene, RenderLayer | Updating Device | Writing constant memory
Fra:1 Mem:42.07M (0.00M, Peak 43.45M) | Time:00:00.20 | Mem:16.20M, Peak:16.20M | Scene, RenderLayer | Path Tracing Tile 0/4, Sample 0/512
Fra:1 Mem:44.32M (0.00M, Peak 45.57M) | Time:00:00.21 | Mem:18.45M, Peak:18.45M | Scene, RenderLayer | Path Tracing Tile 1/4, Sample 0/512
Fra:1 Mem:44.32M (0.00M, Peak 46.57M) | Time:00:01.21 | Remaining:00:12.37 | Mem:18.45M, Peak:18.45M | Scene, RenderLayer | Path Tracing Tile 1/4, Sample 90/512
Fra:1 Mem:44.32M (0.00M, Peak 46.57M) | Time:00:02.21 | Remaining:00:11.35 | Mem:18.45M, Peak:18.45M | Scene, RenderLayer | Path Tracing Tile 1/4, Sample 180/512
Fra:1 Mem:44.32M (0.00M, Peak 46.57M) | Time:00:03.21 | Remaining:00:10.35 | Mem:18.45M, Peak:18.45M | Scene, RenderLayer | Path Tracing Tile 1/4, Sample 270/512
Fra:1 Mem:44.32M (0.00M, Peak 46.57M) | Time:00:04.21 | Remaining:00:09.34 | Mem:18.45M, Peak:18.45M | Scene, RenderLayer | Path Tracing Tile 1/4, Sample 360/512
Fra:1 Mem:44.32M (0.00M, Peak 46.57M) | Time:00:05.22 | Remaining:00:08.35 | Mem:18.45M, Peak:18.45M | Scene, RenderLayer | Path Tracing Tile 1/4, Sample 450/512
Fra:1 Mem:42.07M (0.00M, Peak 46.57M) | Time:00:05.91 | Remaining:00:07.67 | Mem:16.20M, Peak:18.45M | Scene, RenderLayer | Path Tracing Tile 1/4, Sample 512/512
Fra:1 Mem:44.04M (0.00M, Peak 46.57M) | Time:00:05.92 | Remaining:00:07.67 | Mem:18.17M, Peak:18.45M | Scene, RenderLayer | Path Tracing Tile 2/4, Sample 512/512
Fra:1 Mem:44.04M (0.00M, Peak 46.57M) | Time:00:06.22 | Remaining:00:07.35 | Mem:18.17M, Peak:18.45M | Scene, RenderLayer | Path Tracing Tile 2/4, Sample 32/512
Fra:1 Mem:44.04M (0.00M, Peak 46.57M) | Time:00:07.22 | Remaining:00:06.32 | Mem:18.17M, Peak:18.45M | Scene, RenderLayer | Path Tracing Tile 2/4, Sample 136/512
Fra:1 Mem:44.04M (0.00M, Peak 46.57M) | Time:00:08.22 | Remaining:00:05.30 | Mem:18.17M, Peak:18.45M | Scene, RenderLayer | Path Tracing Tile 2/4, Sample 240/512
Fra:1 Mem:44.04M (0.00M, Peak 46.57M) | Time:00:09.23 | Remaining:00:04.29 | Mem:18.17M, Peak:18.45M | Scene, RenderLayer | Path Tracing Tile 2/4, Sample 344/512
Fra:1 Mem:44.04M (0.00M, Peak 46.57M) | Time:00:10.23 | Remaining:00:03.28 | Mem:18.17M, Peak:18.45M | Scene, RenderLayer | Path Tracing Tile 2/4, Sample 448/512
Fra:1 Mem:42.07M (0.00M, Peak 46.57M) | Time:00:10.85 | Remaining:00:02.66 | Mem:16.20M, Peak:18.45M | Scene, RenderLayer | Path Tracing Tile 2/4, Sample 512/512
Fra:1 Mem:42.63M (0.00M, Peak 46.57M) | Time:00:10.86 | Remaining:00:02.66 | Mem:16.76M, Peak:18.45M | Scene, RenderLayer | Path Tracing Tile 3/4, Sample 512/512
Fra:1 Mem:42.63M (0.00M, Peak 46.57M) | Time:00:11.23 | Remaining:00:02.44 | Mem:16.76M, Peak:18.45M | Scene, RenderLayer | Path Tracing Tile 3/4, Sample 89/512
Fra:1 Mem:42.63M (0.00M, Peak 46.57M) | Time:00:12.24 | Remaining:00:01.83 | Mem:16.76M, Peak:18.45M | Scene, RenderLayer | Path Tracing Tile 3/4, Sample 325/512
Fra:1 Mem:42.07M (0.00M, Peak 46.57M) | Time:00:13.04 | Remaining:00:01.32 | Mem:16.20M, Peak:18.45M | Scene, RenderLayer | Path Tracing Tile 3/4, Sample 512/512
Fra:1 Mem:42.56M (0.00M, Peak 46.57M) | Time:00:13.04 | Remaining:00:01.32 | Mem:16.69M, Peak:18.45M | Scene, RenderLayer | Path Tracing Tile 4/4, Sample 512/512
Fra:1 Mem:42.56M (0.00M, Peak 46.57M) | Time:00:13.24 | Remaining:00:01.19 | Mem:16.69M, Peak:18.45M | Scene, RenderLayer | Path Tracing Tile 4/4, Sample 51/512
Fra:1 Mem:42.56M (0.00M, Peak 46.57M) | Time:00:14.24 | Remaining:00:00.55 | Mem:16.69M, Peak:18.45M | Scene, RenderLayer | Path Tracing Tile 4/4, Sample 305/512
Fra:1 Mem:42.07M (0.00M, Peak 46.57M) | Time:00:15.06 | Mem:16.20M, Peak:18.45M | Scene, RenderLayer | Path Tracing Tile 4/4, Sample 512/512
Fra:1 Mem:42.07M (0.00M, Peak 46.57M) | Time:00:15.06 | Mem:16.20M, Peak:18.45M | Scene, RenderLayer | Finished
Fra:1 Mem:17.52M (0.00M, Peak 46.57M) | Time:00:15.14 | Sce: Scene Ve:0 Fa:0 La:0
Saved: 'data/clevr-cleaned-variants/train/fovariant-2/render/images/CLEVR_val_000001.png'
 Time: 00:15.18 (Saving: 00:00.03)

read blend: /home/ubuntu/vdp-tool-chain/data/clevr_scene_data/base_scene.blend
convertViewVec: called in an invalid context
convertViewVec: called in an invalid context
convertViewVec: called in an invalid context
Fra:1 Mem:17.61M (0.00M, Peak 17.61M) | Time:00:00.00 | Preparing Scene data
Fra:1 Mem:25.62M (0.00M, Peak 26.60M) | Time:00:00.01 | Preparing Scene data
Fra:1 Mem:25.62M (0.00M, Peak 26.60M) | Time:00:00.01 | Creating Shadowbuffers
Fra:1 Mem:25.62M (0.00M, Peak 26.60M) | Time:00:00.01 | Raytree.. preparing
Fra:1 Mem:34.44M (0.00M, Peak 34.44M) | Time:00:00.02 | Raytree.. building
Fra:1 Mem:33.96M (0.00M, Peak 47.73M) | Time:00:00.16 | Raytree finished
Fra:1 Mem:33.96M (0.00M, Peak 47.73M) | Time:00:00.16 | Creating Environment maps
Fra:1 Mem:33.96M (0.00M, Peak 47.73M) | Time:00:00.16 | Caching Point Densities
Fra:1 Mem:33.96M (0.00M, Peak 47.73M) | Time:00:00.16 | Sce: Scene Ve:66054 Fa:64242 La:1
Fra:1 Mem:33.96M (0.00M, Peak 47.73M) | Time:00:00.16 | Loading voxel datasets
Fra:1 Mem:33.96M (0.00M, Peak 47.73M) | Time:00:00.16 | Sce: Scene Ve:66054 Fa:64242 La:1
Fra:1 Mem:33.96M (0.00M, Peak 47.73M) | Time:00:00.16 | Sce: Scene Ve:66054 Fa:64242 La:1
Fra:1 Mem:33.96M (0.00M, Peak 47.73M) | Time:00:00.16 | Volume preprocessing
Fra:1 Mem:33.96M (0.00M, Peak 47.73M) | Time:00:00.16 | Sce: Scene Ve:66054 Fa:64242 La:1
Fra:1 Mem:33.96M (0.00M, Peak 47.73M) | Time:00:00.16 | Sce: Scene Ve:66054 Fa:64242 La:1
Fra:1 Mem:37.81M (0.00M, Peak 47.73M) | Time:00:00.18 | Scene, Part 3-4
Fra:1 Mem:37.50M (0.00M, Peak 47.73M) | Time:00:00.18 | Scene, Part 2-4
Fra:1 Mem:36.24M (0.00M, Peak 47.73M) | Time:00:00.18 | Scene, Part 4-4
Fra:1 Mem:35.22M (0.00M, Peak 47.73M) | Time:00:00.18 | Scene, Part 1-4
Fra:1 Mem:17.50M (0.00M, Peak 47.73M) | Time:00:00.18 | Sce: Scene Ve:66054 Fa:64242 La:1
Saved: '/tmp/tmp00s4_1wm.png'
 Time: 00:00.20 (Saving: 00:00.01)

Fra:1 Mem:17.53M (0.00M, Peak 18.13M) | Time:00:00.04 | Mem:0.00M, Peak:0.00M | Scene, RenderLayer | Synchronizing object | Area
Fra:1 Mem:17.53M (0.00M, Peak 18.13M) | Time:00:00.04 | Mem:0.00M, Peak:0.00M | Scene, RenderLayer | Synchronizing object | Ground
Fra:1 Mem:17.60M (0.00M, Peak 18.13M) | Time:00:00.05 | Mem:0.00M, Peak:0.00M | Scene, RenderLayer | Synchronizing object | Empty
Fra:1 Mem:17.60M (0.00M, Peak 18.13M) | Time:00:00.05 | Mem:0.00M, Peak:0.00M | Scene, RenderLayer | Synchronizing object | Lamp_Back
Fra:1 Mem:17.60M (0.00M, Peak 18.13M) | Time:00:00.05 | Mem:0.00M, Peak:0.00M | Scene, RenderLayer | Synchronizing object | Lamp_Fill
Fra:1 Mem:17.60M (0.00M, Peak 18.13M) | Time:00:00.05 | Mem:0.00M, Peak:0.00M | Scene, RenderLayer | Synchronizing object | Lamp_Key
Fra:1 Mem:17.60M (0.00M, Peak 18.13M) | Time:00:00.05 | Mem:0.00M, Peak:0.00M | Scene, RenderLayer | Synchronizing object | Camera
Fra:1 Mem:17.60M (0.00M, Peak 18.13M) | Time:00:00.05 | Mem:0.00M, Peak:0.00M | Scene, RenderLayer | Synchronizing object | SmoothCylinder_0
Fra:1 Mem:20.38M (0.00M, Peak 23.60M) | Time:00:00.06 | Mem:0.00M, Peak:0.00M | Scene, RenderLayer | Synchronizing object | Sphere_0
Fra:1 Mem:21.88M (0.00M, Peak 23.60M) | Time:00:00.06 | Mem:0.00M, Peak:0.00M | Scene, RenderLayer | Synchronizing object | Sphere_1
Fra:1 Mem:23.37M (0.00M, Peak 24.81M) | Time:00:00.06 | Mem:0.00M, Peak:0.00M | Scene, RenderLayer | Initializing
Fra:1 Mem:23.37M (0.00M, Peak 24.81M) | Time:00:00.07 | Mem:0.00M, Peak:0.00M | Scene, RenderLayer | Loading render kernels (may take a few minutes the first time)
Fra:1 Mem:23.37M (0.00M, Peak 26.07M) | Time:00:00.08 | Mem:0.00M, Peak:0.00M | Scene, RenderLayer | Waiting for render to start
Fra:1 Mem:23.37M (0.00M, Peak 26.07M) | Time:00:00.08 | Mem:0.00M, Peak:0.00M | Scene, RenderLayer | Updating Scene
Fra:1 Mem:23.37M (0.00M, Peak 26.07M) | Time:00:00.08 | Mem:0.00M, Peak:0.00M | Scene, RenderLayer | Updating Shaders
Fra:1 Mem:23.62M (0.00M, Peak 26.07M) | Time:00:00.08 | Mem:0.00M, Peak:0.00M | Scene, RenderLayer | Updating Background
Fra:1 Mem:23.62M (0.00M, Peak 26.07M) | Time:00:00.08 | Mem:0.00M, Peak:0.00M | Scene, RenderLayer | Updating Camera
Fra:1 Mem:23.62M (0.00M, Peak 26.07M) | Time:00:00.08 | Mem:0.00M, Peak:0.00M | Scene, RenderLayer | Updating Meshes Flags
Fra:1 Mem:23.62M (0.00M, Peak 26.07M) | Time:00:00.08 | Mem:0.00M, Peak:0.00M | Scene, RenderLayer | Updating Objects
Fra:1 Mem:23.62M (0.00M, Peak 26.07M) | Time:00:00.08 | Mem:0.00M, Peak:0.00M | Scene, RenderLayer | Updating Objects | Copying Transformations to device
Fra:1 Mem:23.62M (0.00M, Peak 26.07M) | Time:00:00.08 | Mem:0.00M, Peak:0.00M | Scene, RenderLayer | Updating Objects | Applying Static Transformations
Fra:1 Mem:23.62M (0.00M, Peak 26.07M) | Time:00:00.08 | Mem:0.00M, Peak:0.00M | Scene, RenderLayer | Updating Meshes
Fra:1 Mem:25.59M (0.00M, Peak 26.07M) | Time:00:00.09 | Mem:0.00M, Peak:0.00M | Scene, RenderLayer | Updating Mesh | Computing attributes
Fra:1 Mem:26.06M (0.00M, Peak 26.07M) | Time:00:00.09 | Mem:0.00M, Peak:0.00M | Scene, RenderLayer | Updating Mesh | Copying Attributes to device
Fra:1 Mem:26.06M (0.00M, Peak 26.53M) | Time:00:00.09 | Mem:0.47M, Peak:0.47M | Scene, RenderLayer | Updating Scene BVH | Building
Fra:1 Mem:26.06M (0.00M, Peak 26.53M) | Time:00:00.09 | Mem:0.47M, Peak:0.47M | Scene, RenderLayer | Updating Scene BVH | Building BVH
Fra:1 Mem:33.44M (0.00M, Peak 33.44M) | Time:00:00.18 | Mem:0.47M, Peak:0.47M | Scene, RenderLayer | Updating Scene BVH | Packing BVH triangles and strands
Fra:1 Mem:40.33M (0.00M, Peak 40.33M) | Time:00:00.19 | Mem:0.47M, Peak:0.47M | Scene, RenderLayer | Updating Scene BVH | Packing BVH nodes
Fra:1 Mem:36.47M (0.00M, Peak 42.38M) | Time:00:00.19 | Mem:0.47M, Peak:0.47M | Scene, RenderLayer | Updating Scene BVH | Copying BVH to device
Fra:1 Mem:36.96M (0.00M, Peak 42.38M) | Time:00:00.20 | Mem:10.88M, Peak:10.88M | Scene, RenderLayer | Updating Mesh | Computing normals
Fra:1 Mem:41.45M (0.00M, Peak 42.38M) | Time:00:00.20 | Mem:10.88M, Peak:10.88M | Scene, RenderLayer | Updating Mesh | Copying Mesh to device
Fra:1 Mem:40.96M (0.00M, Peak 42.38M) | Time:00:00.20 | Mem:15.37M, Peak:15.37M | Scene, RenderLayer | Updating Objects Flags
Fra:1 Mem:40.96M (0.00M, Peak 42.38M) | Time:00:00.20 | Mem:15.37M, Peak:15.37M | Scene, RenderLayer | Updating Images
Fra:1 Mem:40.96M (0.00M, Peak 42.38M) | Time:00:00.20 | Mem:15.37M, Peak:15.37M | Scene, RenderLayer | Updating Camera Volume
Fra:1 Mem:40.96M (0.00M, Peak 42.38M) | Time:00:00.20 | Mem:15.37M, Peak:15.37M | Scene, RenderLayer | Updating Hair Systems
Fra:1 Mem:40.96M (0.00M, Peak 42.38M) | Time:00:00.20 | Mem:15.37M, Peak:15.37M | Scene, RenderLayer | Updating Hair settings | Copying Hair settings to device
Fra:1 Mem:40.96M (0.00M, Peak 42.38M) | Time:00:00.20 | Mem:15.37M, Peak:15.37M | Scene, RenderLayer | Updating Lookup Tables
Fra:1 Mem:40.96M (0.00M, Peak 42.38M) | Time:00:00.20 | Mem:15.62M, Peak:15.62M | Scene, RenderLayer | Updating Lights
Fra:1 Mem:40.96M (0.00M, Peak 42.38M) | Time:00:00.20 | Mem:15.62M, Peak:15.62M | Scene, RenderLayer | Updating Lights | Computing distribution
Fra:1 Mem:40.96M (0.00M, Peak 42.38M) | Time:00:00.20 | Mem:15.62M, Peak:15.62M | Scene, RenderLayer | Updating Particle Systems
Fra:1 Mem:40.96M (0.00M, Peak 42.38M) | Time:00:00.20 | Mem:15.62M, Peak:15.62M | Scene, RenderLayer | Updating Particle Systems | Copying Particles to device
Fra:1 Mem:40.96M (0.00M, Peak 42.38M) | Time:00:00.20 | Mem:15.62M, Peak:15.62M | Scene, RenderLayer | Updating Integrator
Fra:1 Mem:41.00M (0.00M, Peak 42.38M) | Time:00:00.20 | Mem:15.66M, Peak:15.66M | Scene, RenderLayer | Updating Film
Fra:1 Mem:41.00M (0.00M, Peak 42.38M) | Time:00:00.20 | Mem:15.66M, Peak:15.66M | Scene, RenderLayer | Updating Lookup Tables
Fra:1 Mem:41.00M (0.00M, Peak 42.38M) | Time:00:00.20 | Mem:15.66M, Peak:15.66M | Scene, RenderLayer | Updating Baking
Fra:1 Mem:41.00M (0.00M, Peak 42.38M) | Time:00:00.20 | Mem:15.66M, Peak:15.66M | Scene, RenderLayer | Updating Device | Writing constant memory
Fra:1 Mem:41.00M (0.00M, Peak 42.38M) | Time:00:00.20 | Mem:15.66M, Peak:15.66M | Scene, RenderLayer | Path Tracing Tile 0/4, Sample 0/512
Fra:1 Mem:43.25M (0.00M, Peak 44.50M) | Time:00:00.21 | Mem:17.91M, Peak:17.91M | Scene, RenderLayer | Path Tracing Tile 1/4, Sample 0/512
Fra:1 Mem:43.25M (0.00M, Peak 45.50M) | Time:00:01.21 | Remaining:00:12.09 | Mem:17.91M, Peak:17.91M | Scene, RenderLayer | Path Tracing Tile 1/4, Sample 92/512
Fra:1 Mem:43.25M (0.00M, Peak 45.50M) | Time:00:02.22 | Remaining:00:11.05 | Mem:17.91M, Peak:17.91M | Scene, RenderLayer | Path Tracing Tile 1/4, Sample 185/512
Fra:1 Mem:43.25M (0.00M, Peak 45.50M) | Time:00:03.23 | Remaining:00:10.03 | Mem:17.91M, Peak:17.91M | Scene, RenderLayer | Path Tracing Tile 1/4, Sample 278/512
Fra:1 Mem:43.25M (0.00M, Peak 45.50M) | Time:00:04.23 | Remaining:00:09.03 | Mem:17.91M, Peak:17.91M | Scene, RenderLayer | Path Tracing Tile 1/4, Sample 370/512
Fra:1 Mem:43.25M (0.00M, Peak 45.50M) | Time:00:05.24 | Remaining:00:08.03 | Mem:17.91M, Peak:17.91M | Scene, RenderLayer | Path Tracing Tile 1/4, Sample 462/512
Fra:1 Mem:41.00M (0.00M, Peak 45.50M) | Time:00:05.79 | Remaining:00:07.50 | Mem:15.66M, Peak:17.91M | Scene, RenderLayer | Path Tracing Tile 1/4, Sample 512/512
Fra:1 Mem:42.97M (0.00M, Peak 45.50M) | Time:00:05.79 | Remaining:00:07.50 | Mem:17.63M, Peak:17.91M | Scene, RenderLayer | Path Tracing Tile 2/4, Sample 512/512
Fra:1 Mem:42.97M (0.00M, Peak 45.50M) | Time:00:06.24 | Remaining:00:06.99 | Mem:17.63M, Peak:17.91M | Scene, RenderLayer | Path Tracing Tile 2/4, Sample 50/512
Fra:1 Mem:42.97M (0.00M, Peak 45.50M) | Time:00:07.24 | Remaining:00:05.88 | Mem:17.63M, Peak:17.91M | Scene, RenderLayer | Path Tracing Tile 2/4, Sample 162/512
Fra:1 Mem:42.97M (0.00M, Peak 45.50M) | Time:00:08.25 | Remaining:00:04.79 | Mem:17.63M, Peak:17.91M | Scene, RenderLayer | Path Tracing Tile 2/4, Sample 274/512
Fra:1 Mem:42.97M (0.00M, Peak 45.50M) | Time:00:09.25 | Remaining:00:03.74 | Mem:17.63M, Peak:17.91M | Scene, RenderLayer | Path Tracing Tile 2/4, Sample 385/512
Fra:1 Mem:42.97M (0.00M, Peak 45.50M) | Time:00:10.26 | Remaining:00:02.70 | Mem:17.63M, Peak:17.91M | Scene, RenderLayer | Path Tracing Tile 2/4, Sample 496/512
Fra:1 Mem:41.00M (0.00M, Peak 45.50M) | Time:00:10.41 | Remaining:00:02.55 | Mem:15.66M, Peak:17.91M | Scene, RenderLayer | Path Tracing Tile 2/4, Sample 512/512
Fra:1 Mem:41.57M (0.00M, Peak 45.50M) | Time:00:10.41 | Remaining:00:02.55 | Mem:16.23M, Peak:17.91M | Scene, RenderLayer | Path Tracing Tile 3/4, Sample 512/512
Fra:1 Mem:41.56M (0.00M, Peak 45.50M) | Time:00:11.26 | Remaining:00:02.07 | Mem:16.23M, Peak:17.91M | Scene, RenderLayer | Path Tracing Tile 3/4, Sample 202/512
Fra:1 Mem:41.56M (0.00M, Peak 45.50M) | Time:00:12.27 | Remaining:00:01.47 | Mem:16.23M, Peak:17.91M | Scene, RenderLayer | Path Tracing Tile 3/4, Sample 438/512
Fra:1 Mem:41.00M (0.00M, Peak 45.50M) | Time:00:12.58 | Remaining:00:01.27 | Mem:15.66M, Peak:17.91M | Scene, RenderLayer | Path Tracing Tile 3/4, Sample 512/512
Fra:1 Mem:41.49M (0.00M, Peak 45.50M) | Time:00:12.58 | Remaining:00:01.27 | Mem:16.16M, Peak:17.91M | Scene, RenderLayer | Path Tracing Tile 4/4, Sample 512/512
Fra:1 Mem:41.49M (0.00M, Peak 45.50M) | Time:00:13.27 | Remaining:00:00.84 | Mem:16.16M, Peak:17.91M | Scene, RenderLayer | Path Tracing Tile 4/4, Sample 177/512
Fra:1 Mem:41.49M (0.00M, Peak 45.50M) | Time:00:14.27 | Remaining:00:00.20 | Mem:16.16M, Peak:17.91M | Scene, RenderLayer | Path Tracing Tile 4/4, Sample 433/512
Fra:1 Mem:41.00M (0.00M, Peak 45.50M) | Time:00:14.58 | Mem:15.66M, Peak:17.91M | Scene, RenderLayer | Path Tracing Tile 4/4, Sample 512/512
Fra:1 Mem:41.00M (0.00M, Peak 45.50M) | Time:00:14.58 | Mem:15.66M, Peak:17.91M | Scene, RenderLayer | Finished
Fra:1 Mem:17.53M (0.00M, Peak 45.50M) | Time:00:14.66 | Sce: Scene Ve:0 Fa:0 La:0
Saved: 'data/clevr-cleaned-variants/train/fovariant-2/render/images/CLEVR_val_000002.png'
 Time: 00:14.70 (Saving: 00:00.03)

read blend: /home/ubuntu/vdp-tool-chain/data/clevr_scene_data/base_scene.blend
convertViewVec: called in an invalid context
convertViewVec: called in an invalid context
convertViewVec: called in an invalid context
Fra:1 Mem:17.62M (0.00M, Peak 17.62M) | Time:00:00.00 | Preparing Scene data
Fra:1 Mem:25.63M (0.00M, Peak 26.61M) | Time:00:00.01 | Preparing Scene data
Fra:1 Mem:25.63M (0.00M, Peak 26.61M) | Time:00:00.01 | Creating Shadowbuffers
Fra:1 Mem:25.63M (0.00M, Peak 26.61M) | Time:00:00.01 | Raytree.. preparing
Fra:1 Mem:34.45M (0.00M, Peak 34.45M) | Time:00:00.02 | Raytree.. building
Fra:1 Mem:33.97M (0.00M, Peak 47.74M) | Time:00:00.16 | Raytree finished
Fra:1 Mem:33.97M (0.00M, Peak 47.74M) | Time:00:00.16 | Creating Environment maps
Fra:1 Mem:33.97M (0.00M, Peak 47.74M) | Time:00:00.16 | Caching Point Densities
Fra:1 Mem:33.97M (0.00M, Peak 47.74M) | Time:00:00.16 | Sce: Scene Ve:66054 Fa:64260 La:1
Fra:1 Mem:33.97M (0.00M, Peak 47.74M) | Time:00:00.16 | Loading voxel datasets
Fra:1 Mem:33.97M (0.00M, Peak 47.74M) | Time:00:00.16 | Sce: Scene Ve:66054 Fa:64260 La:1
Fra:1 Mem:33.97M (0.00M, Peak 47.74M) | Time:00:00.16 | Sce: Scene Ve:66054 Fa:64260 La:1
Fra:1 Mem:33.97M (0.00M, Peak 47.74M) | Time:00:00.16 | Volume preprocessing
Fra:1 Mem:33.97M (0.00M, Peak 47.74M) | Time:00:00.16 | Sce: Scene Ve:66054 Fa:64260 La:1
Fra:1 Mem:33.97M (0.00M, Peak 47.74M) | Time:00:00.16 | Sce: Scene Ve:66054 Fa:64260 La:1
Fra:1 Mem:38.04M (0.00M, Peak 47.74M) | Time:00:00.16 | Scene, Part 3-4
Fra:1 Mem:38.00M (0.00M, Peak 47.74M) | Time:00:00.16 | Scene, Part 4-4
Fra:1 Mem:37.07M (0.00M, Peak 47.74M) | Time:00:00.18 | Scene, Part 2-4
Fra:1 Mem:35.22M (0.00M, Peak 47.74M) | Time:00:00.19 | Scene, Part 1-4
Fra:1 Mem:17.51M (0.00M, Peak 47.74M) | Time:00:00.19 | Sce: Scene Ve:66054 Fa:64260 La:1
Saved: '/tmp/tmpvgceeixn.png'
 Time: 00:00.20 (Saving: 00:00.01)

Fra:1 Mem:17.54M (0.00M, Peak 18.13M) | Time:00:00.04 | Mem:0.00M, Peak:0.00M | Scene, RenderLayer | Synchronizing object | Area
Fra:1 Mem:17.54M (0.00M, Peak 18.13M) | Time:00:00.04 | Mem:0.00M, Peak:0.00M | Scene, RenderLayer | Synchronizing object | Ground
Fra:1 Mem:17.60M (0.00M, Peak 18.13M) | Time:00:00.05 | Mem:0.00M, Peak:0.00M | Scene, RenderLayer | Synchronizing object | Empty
Fra:1 Mem:17.60M (0.00M, Peak 18.13M) | Time:00:00.05 | Mem:0.00M, Peak:0.00M | Scene, RenderLayer | Synchronizing object | Lamp_Back
Fra:1 Mem:17.60M (0.00M, Peak 18.13M) | Time:00:00.05 | Mem:0.00M, Peak:0.00M | Scene, RenderLayer | Synchronizing object | Lamp_Fill
Fra:1 Mem:17.60M (0.00M, Peak 18.13M) | Time:00:00.05 | Mem:0.00M, Peak:0.00M | Scene, RenderLayer | Synchronizing object | Lamp_Key
Fra:1 Mem:17.60M (0.00M, Peak 18.13M) | Time:00:00.05 | Mem:0.00M, Peak:0.00M | Scene, RenderLayer | Synchronizing object | Camera
Fra:1 Mem:17.60M (0.00M, Peak 18.13M) | Time:00:00.05 | Mem:0.00M, Peak:0.00M | Scene, RenderLayer | Synchronizing object | SmoothCylinder_0
Fra:1 Mem:20.93M (0.00M, Peak 24.01M) | Time:00:00.06 | Mem:0.00M, Peak:0.00M | Scene, RenderLayer | Synchronizing object | Sphere_0
Fra:1 Mem:22.19M (0.00M, Peak 24.01M) | Time:00:00.06 | Mem:0.00M, Peak:0.00M | Scene, RenderLayer | Synchronizing object | Sphere_1
Fra:1 Mem:23.45M (0.00M, Peak 24.94M) | Time:00:00.07 | Mem:0.00M, Peak:0.00M | Scene, RenderLayer | Initializing
Fra:1 Mem:23.45M (0.00M, Peak 24.94M) | Time:00:00.07 | Mem:0.00M, Peak:0.00M | Scene, RenderLayer | Loading render kernels (may take a few minutes the first time)
Fra:1 Mem:23.45M (0.00M, Peak 26.15M) | Time:00:00.08 | Mem:0.00M, Peak:0.00M | Scene, RenderLayer | Waiting for render to start
Fra:1 Mem:23.45M (0.00M, Peak 26.15M) | Time:00:00.08 | Mem:0.00M, Peak:0.00M | Scene, RenderLayer | Updating Scene
Fra:1 Mem:23.45M (0.00M, Peak 26.15M) | Time:00:00.08 | Mem:0.00M, Peak:0.00M | Scene, RenderLayer | Updating Shaders
Fra:1 Mem:23.70M (0.00M, Peak 26.15M) | Time:00:00.08 | Mem:0.00M, Peak:0.00M | Scene, RenderLayer | Updating Background
Fra:1 Mem:23.70M (0.00M, Peak 26.15M) | Time:00:00.08 | Mem:0.00M, Peak:0.00M | Scene, RenderLayer | Updating Camera
Fra:1 Mem:23.70M (0.00M, Peak 26.15M) | Time:00:00.08 | Mem:0.00M, Peak:0.00M | Scene, RenderLayer | Updating Meshes Flags
Fra:1 Mem:23.70M (0.00M, Peak 26.15M) | Time:00:00.08 | Mem:0.00M, Peak:0.00M | Scene, RenderLayer | Updating Objects
Fra:1 Mem:23.70M (0.00M, Peak 26.15M) | Time:00:00.08 | Mem:0.00M, Peak:0.00M | Scene, RenderLayer | Updating Objects | Copying Transformations to device
Fra:1 Mem:23.70M (0.00M, Peak 26.15M) | Time:00:00.08 | Mem:0.00M, Peak:0.00M | Scene, RenderLayer | Updating Objects | Applying Static Transformations
Fra:1 Mem:23.70M (0.00M, Peak 26.15M) | Time:00:00.08 | Mem:0.00M, Peak:0.00M | Scene, RenderLayer | Updating Meshes
Fra:1 Mem:25.67M (0.00M, Peak 26.15M) | Time:00:00.09 | Mem:0.00M, Peak:0.00M | Scene, RenderLayer | Updating Mesh | Computing attributes
Fra:1 Mem:26.21M (0.00M, Peak 26.21M) | Time:00:00.09 | Mem:0.00M, Peak:0.00M | Scene, RenderLayer | Updating Mesh | Copying Attributes to device
Fra:1 Mem:26.21M (0.00M, Peak 26.75M) | Time:00:00.09 | Mem:0.54M, Peak:0.54M | Scene, RenderLayer | Updating Scene BVH | Building
Fra:1 Mem:26.21M (0.00M, Peak 26.75M) | Time:00:00.09 | Mem:0.54M, Peak:0.54M | Scene, RenderLayer | Updating Scene BVH | Building BVH
Fra:1 Mem:33.59M (0.00M, Peak 33.59M) | Time:00:00.17 | Mem:0.54M, Peak:0.54M | Scene, RenderLayer | Updating Scene BVH | Packing BVH triangles and strands
Fra:1 Mem:40.48M (0.00M, Peak 40.48M) | Time:00:00.18 | Mem:0.54M, Peak:0.54M | Scene, RenderLayer | Updating Scene BVH | Packing BVH nodes
Fra:1 Mem:36.61M (0.00M, Peak 42.52M) | Time:00:00.19 | Mem:0.54M, Peak:0.54M | Scene, RenderLayer | Updating Scene BVH | Copying BVH to device
Fra:1 Mem:37.11M (0.00M, Peak 42.52M) | Time:00:00.19 | Mem:10.95M, Peak:10.95M | Scene, RenderLayer | Updating Mesh | Computing normals
Fra:1 Mem:41.59M (0.00M, Peak 42.52M) | Time:00:00.20 | Mem:10.95M, Peak:10.95M | Scene, RenderLayer | Updating Mesh | Copying Mesh to device
Fra:1 Mem:41.10M (0.00M, Peak 42.52M) | Time:00:00.20 | Mem:15.43M, Peak:15.43M | Scene, RenderLayer | Updating Objects Flags
Fra:1 Mem:41.10M (0.00M, Peak 42.52M) | Time:00:00.20 | Mem:15.43M, Peak:15.43M | Scene, RenderLayer | Updating Images
Fra:1 Mem:41.10M (0.00M, Peak 42.52M) | Time:00:00.20 | Mem:15.43M, Peak:15.43M | Scene, RenderLayer | Updating Camera Volume
Fra:1 Mem:41.10M (0.00M, Peak 42.52M) | Time:00:00.20 | Mem:15.43M, Peak:15.43M | Scene, RenderLayer | Updating Hair Systems
Fra:1 Mem:41.10M (0.00M, Peak 42.52M) | Time:00:00.20 | Mem:15.43M, Peak:15.43M | Scene, RenderLayer | Updating Hair settings | Copying Hair settings to device
Fra:1 Mem:41.10M (0.00M, Peak 42.52M) | Time:00:00.20 | Mem:15.43M, Peak:15.43M | Scene, RenderLayer | Updating Lookup Tables
Fra:1 Mem:41.10M (0.00M, Peak 42.52M) | Time:00:00.20 | Mem:15.68M, Peak:15.68M | Scene, RenderLayer | Updating Lights
Fra:1 Mem:41.10M (0.00M, Peak 42.52M) | Time:00:00.20 | Mem:15.68M, Peak:15.68M | Scene, RenderLayer | Updating Lights | Computing distribution
Fra:1 Mem:41.10M (0.00M, Peak 42.52M) | Time:00:00.20 | Mem:15.68M, Peak:15.68M | Scene, RenderLayer | Updating Particle Systems
Fra:1 Mem:41.10M (0.00M, Peak 42.52M) | Time:00:00.20 | Mem:15.68M, Peak:15.68M | Scene, RenderLayer | Updating Particle Systems | Copying Particles to device
Fra:1 Mem:41.10M (0.00M, Peak 42.52M) | Time:00:00.20 | Mem:15.68M, Peak:15.68M | Scene, RenderLayer | Updating Integrator
Fra:1 Mem:41.14M (0.00M, Peak 42.52M) | Time:00:00.20 | Mem:15.73M, Peak:15.73M | Scene, RenderLayer | Updating Film
Fra:1 Mem:41.14M (0.00M, Peak 42.52M) | Time:00:00.20 | Mem:15.73M, Peak:15.73M | Scene, RenderLayer | Updating Lookup Tables
Fra:1 Mem:41.14M (0.00M, Peak 42.52M) | Time:00:00.20 | Mem:15.73M, Peak:15.73M | Scene, RenderLayer | Updating Baking
Fra:1 Mem:41.14M (0.00M, Peak 42.52M) | Time:00:00.20 | Mem:15.73M, Peak:15.73M | Scene, RenderLayer | Updating Device | Writing constant memory
Fra:1 Mem:41.14M (0.00M, Peak 42.52M) | Time:00:00.20 | Mem:15.73M, Peak:15.73M | Scene, RenderLayer | Path Tracing Tile 0/4, Sample 0/512
Fra:1 Mem:43.39M (0.00M, Peak 44.65M) | Time:00:00.20 | Mem:17.98M, Peak:17.98M | Scene, RenderLayer | Path Tracing Tile 1/4, Sample 0/512
Fra:1 Mem:43.39M (0.00M, Peak 45.65M) | Time:00:01.21 | Remaining:00:12.34 | Mem:17.98M, Peak:17.98M | Scene, RenderLayer | Path Tracing Tile 1/4, Sample 91/512
Fra:1 Mem:43.39M (0.00M, Peak 45.65M) | Time:00:02.22 | Remaining:00:11.30 | Mem:17.98M, Peak:17.98M | Scene, RenderLayer | Path Tracing Tile 1/4, Sample 182/512
Fra:1 Mem:43.39M (0.00M, Peak 45.65M) | Time:00:03.22 | Remaining:00:10.30 | Mem:17.98M, Peak:17.98M | Scene, RenderLayer | Path Tracing Tile 1/4, Sample 272/512
Fra:1 Mem:43.39M (0.00M, Peak 45.65M) | Time:00:04.22 | Remaining:00:09.31 | Mem:17.98M, Peak:17.98M | Scene, RenderLayer | Path Tracing Tile 1/4, Sample 362/512
Fra:1 Mem:43.39M (0.00M, Peak 45.65M) | Time:00:05.23 | Remaining:00:08.31 | Mem:17.98M, Peak:17.98M | Scene, RenderLayer | Path Tracing Tile 1/4, Sample 452/512
Fra:1 Mem:41.14M (0.00M, Peak 45.65M) | Time:00:05.90 | Remaining:00:07.65 | Mem:15.73M, Peak:17.98M | Scene, RenderLayer | Path Tracing Tile 1/4, Sample 512/512
Fra:1 Mem:43.11M (0.00M, Peak 45.65M) | Time:00:05.90 | Remaining:00:07.66 | Mem:17.70M, Peak:17.98M | Scene, RenderLayer | Path Tracing Tile 2/4, Sample 512/512
Fra:1 Mem:43.11M (0.00M, Peak 45.65M) | Time:00:06.23 | Remaining:00:07.33 | Mem:17.70M, Peak:17.98M | Scene, RenderLayer | Path Tracing Tile 2/4, Sample 34/512
Fra:1 Mem:43.11M (0.00M, Peak 45.65M) | Time:00:07.24 | Remaining:00:06.35 | Mem:17.70M, Peak:17.98M | Scene, RenderLayer | Path Tracing Tile 2/4, Sample 136/512
Fra:1 Mem:43.11M (0.00M, Peak 45.65M) | Time:00:08.25 | Remaining:00:05.36 | Mem:17.70M, Peak:17.98M | Scene, RenderLayer | Path Tracing Tile 2/4, Sample 238/512
Fra:1 Mem:43.11M (0.00M, Peak 45.65M) | Time:00:09.26 | Remaining:00:04.36 | Mem:17.70M, Peak:17.98M | Scene, RenderLayer | Path Tracing Tile 2/4, Sample 340/512
Fra:1 Mem:43.11M (0.00M, Peak 45.65M) | Time:00:10.26 | Remaining:00:03.38 | Mem:17.70M, Peak:17.98M | Scene, RenderLayer | Path Tracing Tile 2/4, Sample 441/512
Fra:1 Mem:41.14M (0.00M, Peak 45.65M) | Time:00:10.97 | Remaining:00:02.69 | Mem:15.73M, Peak:17.98M | Scene, RenderLayer | Path Tracing Tile 2/4, Sample 512/512
Fra:1 Mem:41.71M (0.00M, Peak 45.65M) | Time:00:10.97 | Remaining:00:02.69 | Mem:16.29M, Peak:17.98M | Scene, RenderLayer | Path Tracing Tile 3/4, Sample 512/512
Fra:1 Mem:41.71M (0.00M, Peak 45.65M) | Time:00:11.26 | Remaining:00:02.52 | Mem:16.29M, Peak:17.98M | Scene, RenderLayer | Path Tracing Tile 3/4, Sample 68/512
Fra:1 Mem:41.71M (0.00M, Peak 45.65M) | Time:00:12.26 | Remaining:00:01.91 | Mem:16.29M, Peak:17.98M | Scene, RenderLayer | Path Tracing Tile 3/4, Sample 303/512
Fra:1 Mem:41.14M (0.00M, Peak 45.65M) | Time:00:13.16 | Remaining:00:01.33 | Mem:15.73M, Peak:17.98M | Scene, RenderLayer | Path Tracing Tile 3/4, Sample 512/512
Fra:1 Mem:41.64M (0.00M, Peak 45.65M) | Time:00:13.16 | Remaining:00:01.33 | Mem:16.22M, Peak:17.98M | Scene, RenderLayer | Path Tracing Tile 4/4, Sample 512/512
Fra:1 Mem:41.64M (0.00M, Peak 45.65M) | Time:00:13.26 | Remaining:00:01.26 | Mem:16.22M, Peak:17.98M | Scene, RenderLayer | Path Tracing Tile 4/4, Sample 26/512
Fra:1 Mem:41.64M (0.00M, Peak 45.65M) | Time:00:14.27 | Remaining:00:00.62 | Mem:16.22M, Peak:17.98M | Scene, RenderLayer | Path Tracing Tile 4/4, Sample 280/512
Fra:1 Mem:41.14M (0.00M, Peak 45.65M) | Time:00:15.19 | Mem:15.73M, Peak:17.98M | Scene, RenderLayer | Path Tracing Tile 4/4, Sample 512/512
Fra:1 Mem:41.14M (0.00M, Peak 45.65M) | Time:00:15.19 | Mem:15.73M, Peak:17.98M | Scene, RenderLayer | Finished
Fra:1 Mem:17.53M (0.00M, Peak 45.65M) | Time:00:15.27 | Sce: Scene Ve:0 Fa:0 La:0
Saved: 'data/clevr-cleaned-variants/train/fovariant-2/render/images/CLEVR_val_000003.png'
 Time: 00:15.31 (Saving: 00:00.03)

read blend: /home/ubuntu/vdp-tool-chain/data/clevr_scene_data/base_scene.blend
convertViewVec: called in an invalid context
convertViewVec: called in an invalid context
convertViewVec: called in an invalid context
convertViewVec: called in an invalid context
Fra:1 Mem:19.61M (0.00M, Peak 19.61M) | Time:00:00.00 | Preparing Scene data
Fra:1 Mem:29.58M (0.00M, Peak 30.56M) | Time:00:00.02 | Preparing Scene data
Fra:1 Mem:29.58M (0.00M, Peak 30.56M) | Time:00:00.02 | Creating Shadowbuffers
Fra:1 Mem:29.58M (0.00M, Peak 30.56M) | Time:00:00.02 | Raytree.. preparing
Fra:1 Mem:40.54M (0.00M, Peak 40.54M) | Time:00:00.03 | Raytree.. building
Fra:1 Mem:39.95M (0.00M, Peak 57.07M) | Time:00:00.21 | Raytree finished
Fra:1 Mem:39.95M (0.00M, Peak 57.07M) | Time:00:00.21 | Creating Environment maps
Fra:1 Mem:39.95M (0.00M, Peak 57.07M) | Time:00:00.21 | Caching Point Densities
Fra:1 Mem:39.95M (0.00M, Peak 57.07M) | Time:00:00.21 | Sce: Scene Ve:81416 Fa:79811 La:1
Fra:1 Mem:39.95M (0.00M, Peak 57.07M) | Time:00:00.21 | Loading voxel datasets
Fra:1 Mem:39.95M (0.00M, Peak 57.07M) | Time:00:00.21 | Sce: Scene Ve:81416 Fa:79811 La:1
Fra:1 Mem:39.96M (0.00M, Peak 57.07M) | Time:00:00.21 | Sce: Scene Ve:81416 Fa:79811 La:1
Fra:1 Mem:39.96M (0.00M, Peak 57.07M) | Time:00:00.21 | Volume preprocessing
Fra:1 Mem:39.96M (0.00M, Peak 57.07M) | Time:00:00.21 | Sce: Scene Ve:81416 Fa:79811 La:1
Fra:1 Mem:39.96M (0.00M, Peak 57.07M) | Time:00:00.21 | Sce: Scene Ve:81416 Fa:79811 La:1
Fra:1 Mem:44.30M (0.00M, Peak 57.07M) | Time:00:00.21 | Scene, Part 3-4
Fra:1 Mem:43.99M (0.00M, Peak 57.07M) | Time:00:00.21 | Scene, Part 4-4
Fra:1 Mem:43.05M (0.00M, Peak 57.07M) | Time:00:00.22 | Scene, Part 2-4
Fra:1 Mem:41.21M (0.00M, Peak 57.07M) | Time:00:00.23 | Scene, Part 1-4
Fra:1 Mem:19.47M (0.00M, Peak 57.07M) | Time:00:00.23 | Sce: Scene Ve:81416 Fa:79811 La:1
Saved: '/tmp/tmpm8fkmslb.png'
 Time: 00:00.25 (Saving: 00:00.01)

Fra:1 Mem:19.50M (0.00M, Peak 20.10M) | Time:00:00.05 | Mem:0.00M, Peak:0.00M | Scene, RenderLayer | Synchronizing object | Area
Fra:1 Mem:19.50M (0.00M, Peak 20.10M) | Time:00:00.05 | Mem:0.00M, Peak:0.00M | Scene, RenderLayer | Synchronizing object | Ground
Fra:1 Mem:19.57M (0.00M, Peak 20.10M) | Time:00:00.05 | Mem:0.00M, Peak:0.00M | Scene, RenderLayer | Synchronizing object | Empty
Fra:1 Mem:19.57M (0.00M, Peak 20.10M) | Time:00:00.05 | Mem:0.00M, Peak:0.00M | Scene, RenderLayer | Synchronizing object | Lamp_Back
Fra:1 Mem:19.57M (0.00M, Peak 20.10M) | Time:00:00.05 | Mem:0.00M, Peak:0.00M | Scene, RenderLayer | Synchronizing object | Lamp_Fill
Fra:1 Mem:19.57M (0.00M, Peak 20.10M) | Time:00:00.05 | Mem:0.00M, Peak:0.00M | Scene, RenderLayer | Synchronizing object | Lamp_Key
Fra:1 Mem:19.57M (0.00M, Peak 20.10M) | Time:00:00.05 | Mem:0.00M, Peak:0.00M | Scene, RenderLayer | Synchronizing object | Camera
Fra:1 Mem:19.57M (0.00M, Peak 20.10M) | Time:00:00.05 | Mem:0.00M, Peak:0.00M | Scene, RenderLayer | Synchronizing object | SmoothCylinder_0
Fra:1 Mem:22.89M (0.00M, Peak 25.97M) | Time:00:00.06 | Mem:0.00M, Peak:0.00M | Scene, RenderLayer | Synchronizing object | Sphere_0
Fra:1 Mem:24.38M (0.00M, Peak 25.97M) | Time:00:00.06 | Mem:0.00M, Peak:0.00M | Scene, RenderLayer | Synchronizing object | Sphere_1
Fra:1 Mem:25.64M (0.00M, Peak 27.14M) | Time:00:00.07 | Mem:0.00M, Peak:0.00M | Scene, RenderLayer | Synchronizing object | Sphere_2
Fra:1 Mem:26.90M (0.00M, Peak 28.40M) | Time:00:00.07 | Mem:0.00M, Peak:0.00M | Scene, RenderLayer | Initializing
Fra:1 Mem:26.90M (0.00M, Peak 28.40M) | Time:00:00.07 | Mem:0.00M, Peak:0.00M | Scene, RenderLayer | Loading render kernels (may take a few minutes the first time)
Fra:1 Mem:26.90M (0.00M, Peak 29.60M) | Time:00:00.08 | Mem:0.00M, Peak:0.00M | Scene, RenderLayer | Waiting for render to start
Fra:1 Mem:26.90M (0.00M, Peak 29.60M) | Time:00:00.08 | Mem:0.00M, Peak:0.00M | Scene, RenderLayer | Updating Scene
Fra:1 Mem:26.90M (0.00M, Peak 29.60M) | Time:00:00.08 | Mem:0.00M, Peak:0.00M | Scene, RenderLayer | Updating Shaders
Fra:1 Mem:27.16M (0.00M, Peak 29.60M) | Time:00:00.08 | Mem:0.00M, Peak:0.00M | Scene, RenderLayer | Updating Background
Fra:1 Mem:27.16M (0.00M, Peak 29.60M) | Time:00:00.08 | Mem:0.00M, Peak:0.00M | Scene, RenderLayer | Updating Camera
Fra:1 Mem:27.16M (0.00M, Peak 29.60M) | Time:00:00.08 | Mem:0.00M, Peak:0.00M | Scene, RenderLayer | Updating Meshes Flags
Fra:1 Mem:27.16M (0.00M, Peak 29.60M) | Time:00:00.08 | Mem:0.00M, Peak:0.00M | Scene, RenderLayer | Updating Objects
Fra:1 Mem:27.16M (0.00M, Peak 29.60M) | Time:00:00.08 | Mem:0.00M, Peak:0.00M | Scene, RenderLayer | Updating Objects | Copying Transformations to device
Fra:1 Mem:27.16M (0.00M, Peak 29.60M) | Time:00:00.09 | Mem:0.00M, Peak:0.00M | Scene, RenderLayer | Updating Objects | Applying Static Transformations
Fra:1 Mem:27.16M (0.00M, Peak 29.60M) | Time:00:00.09 | Mem:0.00M, Peak:0.00M | Scene, RenderLayer | Updating Meshes
Fra:1 Mem:29.59M (0.00M, Peak 29.60M) | Time:00:00.09 | Mem:0.00M, Peak:0.00M | Scene, RenderLayer | Updating Mesh | Computing attributes
Fra:1 Mem:30.37M (0.00M, Peak 30.37M) | Time:00:00.09 | Mem:0.00M, Peak:0.00M | Scene, RenderLayer | Updating Mesh | Copying Attributes to device
Fra:1 Mem:30.37M (0.00M, Peak 31.14M) | Time:00:00.09 | Mem:0.78M, Peak:0.78M | Scene, RenderLayer | Updating Scene BVH | Building
Fra:1 Mem:30.37M (0.00M, Peak 31.14M) | Time:00:00.09 | Mem:0.78M, Peak:0.78M | Scene, RenderLayer | Updating Scene BVH | Building BVH
Fra:1 Mem:39.51M (0.00M, Peak 39.51M) | Time:00:00.21 | Mem:0.78M, Peak:0.78M | Scene, RenderLayer | Updating Scene BVH | Packing BVH triangles and strands
Fra:1 Mem:48.04M (0.00M, Peak 48.04M) | Time:00:00.22 | Mem:0.78M, Peak:0.78M | Scene, RenderLayer | Updating Scene BVH | Packing BVH nodes
Fra:1 Mem:43.23M (0.00M, Peak 50.54M) | Time:00:00.23 | Mem:0.78M, Peak:0.78M | Scene, RenderLayer | Updating Scene BVH | Copying BVH to device
Fra:1 Mem:43.84M (0.00M, Peak 50.54M) | Time:00:00.23 | Mem:13.64M, Peak:13.64M | Scene, RenderLayer | Updating Mesh | Computing normals
Fra:1 Mem:49.38M (0.00M, Peak 50.54M) | Time:00:00.24 | Mem:13.64M, Peak:13.64M | Scene, RenderLayer | Updating Mesh | Copying Mesh to device
Fra:1 Mem:48.77M (0.00M, Peak 50.54M) | Time:00:00.24 | Mem:19.18M, Peak:19.18M | Scene, RenderLayer | Updating Objects Flags
Fra:1 Mem:48.77M (0.00M, Peak 50.54M) | Time:00:00.24 | Mem:19.18M, Peak:19.18M | Scene, RenderLayer | Updating Images
Fra:1 Mem:48.77M (0.00M, Peak 50.54M) | Time:00:00.24 | Mem:19.18M, Peak:19.18M | Scene, RenderLayer | Updating Camera Volume
Fra:1 Mem:48.77M (0.00M, Peak 50.54M) | Time:00:00.24 | Mem:19.18M, Peak:19.18M | Scene, RenderLayer | Updating Hair Systems
Fra:1 Mem:48.77M (0.00M, Peak 50.54M) | Time:00:00.24 | Mem:19.18M, Peak:19.18M | Scene, RenderLayer | Updating Hair settings | Copying Hair settings to device
Fra:1 Mem:48.77M (0.00M, Peak 50.54M) | Time:00:00.24 | Mem:19.18M, Peak:19.18M | Scene, RenderLayer | Updating Lookup Tables
Fra:1 Mem:48.77M (0.00M, Peak 50.54M) | Time:00:00.24 | Mem:19.43M, Peak:19.43M | Scene, RenderLayer | Updating Lights
Fra:1 Mem:48.77M (0.00M, Peak 50.54M) | Time:00:00.24 | Mem:19.43M, Peak:19.43M | Scene, RenderLayer | Updating Lights | Computing distribution
Fra:1 Mem:48.77M (0.00M, Peak 50.54M) | Time:00:00.24 | Mem:19.43M, Peak:19.43M | Scene, RenderLayer | Updating Particle Systems
Fra:1 Mem:48.77M (0.00M, Peak 50.54M) | Time:00:00.24 | Mem:19.43M, Peak:19.43M | Scene, RenderLayer | Updating Particle Systems | Copying Particles to device
Fra:1 Mem:48.77M (0.00M, Peak 50.54M) | Time:00:00.24 | Mem:19.43M, Peak:19.43M | Scene, RenderLayer | Updating Integrator
Fra:1 Mem:48.81M (0.00M, Peak 50.54M) | Time:00:00.24 | Mem:19.47M, Peak:19.47M | Scene, RenderLayer | Updating Film
Fra:1 Mem:48.81M (0.00M, Peak 50.54M) | Time:00:00.24 | Mem:19.47M, Peak:19.47M | Scene, RenderLayer | Updating Lookup Tables
Fra:1 Mem:48.81M (0.00M, Peak 50.54M) | Time:00:00.24 | Mem:19.47M, Peak:19.47M | Scene, RenderLayer | Updating Baking
Fra:1 Mem:48.81M (0.00M, Peak 50.54M) | Time:00:00.24 | Mem:19.47M, Peak:19.47M | Scene, RenderLayer | Updating Device | Writing constant memory
Fra:1 Mem:48.81M (0.00M, Peak 50.54M) | Time:00:00.24 | Mem:19.47M, Peak:19.47M | Scene, RenderLayer | Path Tracing Tile 0/4, Sample 0/512
Fra:1 Mem:51.06M (0.00M, Peak 52.31M) | Time:00:00.24 | Mem:21.72M, Peak:21.72M | Scene, RenderLayer | Path Tracing Tile 1/4, Sample 0/512
Fra:1 Mem:51.06M (0.00M, Peak 53.31M) | Time:00:01.25 | Remaining:00:10.96 | Mem:21.72M, Peak:21.72M | Scene, RenderLayer | Path Tracing Tile 1/4, Sample 101/512
Fra:1 Mem:51.06M (0.00M, Peak 53.31M) | Time:00:02.25 | Remaining:00:09.93 | Mem:21.72M, Peak:21.72M | Scene, RenderLayer | Path Tracing Tile 1/4, Sample 202/512
Fra:1 Mem:51.06M (0.00M, Peak 53.31M) | Time:00:03.26 | Remaining:00:08.92 | Mem:21.72M, Peak:21.72M | Scene, RenderLayer | Path Tracing Tile 1/4, Sample 303/512
Fra:1 Mem:51.06M (0.00M, Peak 53.31M) | Time:00:04.26 | Remaining:00:07.92 | Mem:21.72M, Peak:21.72M | Scene, RenderLayer | Path Tracing Tile 1/4, Sample 404/512
Fra:1 Mem:51.06M (0.00M, Peak 53.31M) | Time:00:05.27 | Remaining:00:06.93 | Mem:21.72M, Peak:21.72M | Scene, RenderLayer | Path Tracing Tile 1/4, Sample 504/512
Fra:1 Mem:48.81M (0.00M, Peak 53.31M) | Time:00:05.35 | Remaining:00:06.86 | Mem:19.47M, Peak:21.72M | Scene, RenderLayer | Path Tracing Tile 1/4, Sample 512/512
Fra:1 Mem:50.78M (0.00M, Peak 53.31M) | Time:00:05.36 | Remaining:00:06.87 | Mem:21.44M, Peak:21.72M | Scene, RenderLayer | Path Tracing Tile 2/4, Sample 512/512
Fra:1 Mem:50.78M (0.00M, Peak 53.31M) | Time:00:06.27 | Remaining:00:05.91 | Mem:21.44M, Peak:21.72M | Scene, RenderLayer | Path Tracing Tile 2/4, Sample 107/512
Fra:1 Mem:50.78M (0.00M, Peak 53.31M) | Time:00:07.27 | Remaining:00:04.90 | Mem:21.44M, Peak:21.72M | Scene, RenderLayer | Path Tracing Tile 2/4, Sample 223/512
Fra:1 Mem:50.78M (0.00M, Peak 53.31M) | Time:00:08.28 | Remaining:00:03.81 | Mem:21.44M, Peak:21.72M | Scene, RenderLayer | Path Tracing Tile 2/4, Sample 345/512
Fra:1 Mem:50.78M (0.00M, Peak 53.31M) | Time:00:09.28 | Remaining:00:02.75 | Mem:21.44M, Peak:21.72M | Scene, RenderLayer | Path Tracing Tile 2/4, Sample 466/512
Fra:1 Mem:48.81M (0.00M, Peak 53.31M) | Time:00:09.66 | Remaining:00:02.35 | Mem:19.47M, Peak:21.72M | Scene, RenderLayer | Path Tracing Tile 2/4, Sample 512/512
Fra:1 Mem:49.37M (0.00M, Peak 53.31M) | Time:00:09.66 | Remaining:00:02.35 | Mem:20.03M, Peak:21.72M | Scene, RenderLayer | Path Tracing Tile 3/4, Sample 512/512
Fra:1 Mem:49.37M (0.00M, Peak 53.31M) | Time:00:10.28 | Remaining:00:02.04 | Mem:20.03M, Peak:21.72M | Scene, RenderLayer | Path Tracing Tile 3/4, Sample 148/512
Fra:1 Mem:49.37M (0.00M, Peak 53.31M) | Time:00:11.28 | Remaining:00:01.49 | Mem:20.03M, Peak:21.72M | Scene, RenderLayer | Path Tracing Tile 3/4, Sample 387/512
Fra:1 Mem:48.81M (0.00M, Peak 53.31M) | Time:00:11.81 | Remaining:00:01.19 | Mem:19.47M, Peak:21.72M | Scene, RenderLayer | Path Tracing Tile 3/4, Sample 512/512
Fra:1 Mem:49.30M (0.00M, Peak 53.31M) | Time:00:11.81 | Remaining:00:01.19 | Mem:19.96M, Peak:21.72M | Scene, RenderLayer | Path Tracing Tile 4/4, Sample 512/512
Fra:1 Mem:49.30M (0.00M, Peak 53.31M) | Time:00:12.28 | Remaining:00:00.91 | Mem:19.96M, Peak:21.72M | Scene, RenderLayer | Path Tracing Tile 4/4, Sample 123/512
Fra:1 Mem:49.30M (0.00M, Peak 53.31M) | Time:00:13.29 | Remaining:00:00.31 | Mem:19.96M, Peak:21.72M | Scene, RenderLayer | Path Tracing Tile 4/4, Sample 381/512
Fra:1 Mem:48.81M (0.00M, Peak 53.31M) | Time:00:13.80 | Mem:19.47M, Peak:21.72M | Scene, RenderLayer | Path Tracing Tile 4/4, Sample 512/512
Fra:1 Mem:48.81M (0.00M, Peak 53.31M) | Time:00:13.80 | Mem:19.47M, Peak:21.72M | Scene, RenderLayer | Finished
Fra:1 Mem:19.50M (0.00M, Peak 53.31M) | Time:00:13.88 | Sce: Scene Ve:0 Fa:0 La:0
Saved: 'data/clevr-cleaned-variants/train/fovariant-2/render/images/CLEVR_val_000004.png'
 Time: 00:13.92 (Saving: 00:00.03)

read blend: /home/ubuntu/vdp-tool-chain/data/clevr_scene_data/base_scene.blend
convertViewVec: called in an invalid context
convertViewVec: called in an invalid context
Fra:1 Mem:15.65M (0.00M, Peak 15.65M) | Time:00:00.00 | Preparing Scene data
Fra:1 Mem:21.69M (0.00M, Peak 22.67M) | Time:00:00.01 | Preparing Scene data
Fra:1 Mem:21.69M (0.00M, Peak 22.67M) | Time:00:00.01 | Creating Shadowbuffers
Fra:1 Mem:21.69M (0.00M, Peak 22.67M) | Time:00:00.01 | Raytree.. preparing
Fra:1 Mem:28.38M (0.00M, Peak 28.38M) | Time:00:00.01 | Raytree.. building
Fra:1 Mem:28.04M (0.00M, Peak 38.48M) | Time:00:00.12 | Raytree finished
Fra:1 Mem:28.04M (0.00M, Peak 38.48M) | Time:00:00.12 | Creating Environment maps
Fra:1 Mem:28.04M (0.00M, Peak 38.48M) | Time:00:00.12 | Caching Point Densities
Fra:1 Mem:28.04M (0.00M, Peak 38.48M) | Time:00:00.12 | Sce: Scene Ve:50692 Fa:48712 La:1
Fra:1 Mem:28.04M (0.00M, Peak 38.48M) | Time:00:00.12 | Loading voxel datasets
Fra:1 Mem:28.04M (0.00M, Peak 38.48M) | Time:00:00.12 | Sce: Scene Ve:50692 Fa:48712 La:1
Fra:1 Mem:28.04M (0.00M, Peak 38.48M) | Time:00:00.12 | Sce: Scene Ve:50692 Fa:48712 La:1
Fra:1 Mem:28.04M (0.00M, Peak 38.48M) | Time:00:00.12 | Volume preprocessing
Fra:1 Mem:28.04M (0.00M, Peak 38.48M) | Time:00:00.12 | Sce: Scene Ve:50692 Fa:48712 La:1
Fra:1 Mem:28.04M (0.00M, Peak 38.48M) | Time:00:00.12 | Sce: Scene Ve:50692 Fa:48712 La:1
Fra:1 Mem:32.11M (0.00M, Peak 38.48M) | Time:00:00.12 | Scene, Part 3-4
Fra:1 Mem:32.07M (0.00M, Peak 38.48M) | Time:00:00.12 | Scene, Part 4-4
Fra:1 Mem:31.04M (0.00M, Peak 38.48M) | Time:00:00.14 | Scene, Part 1-4
Fra:1 Mem:29.13M (0.00M, Peak 38.48M) | Time:00:00.14 | Scene, Part 2-4
Fra:1 Mem:15.56M (0.00M, Peak 38.48M) | Time:00:00.14 | Sce: Scene Ve:50692 Fa:48712 La:1
Saved: '/tmp/tmpkuo9syyw.png'
 Time: 00:00.16 (Saving: 00:00.01)

Fra:1 Mem:15.59M (0.00M, Peak 16.19M) | Time:00:00.04 | Mem:0.00M, Peak:0.00M | Scene, RenderLayer | Synchronizing object | Area
Fra:1 Mem:15.59M (0.00M, Peak 16.19M) | Time:00:00.04 | Mem:0.00M, Peak:0.00M | Scene, RenderLayer | Synchronizing object | Ground
Fra:1 Mem:15.66M (0.00M, Peak 16.19M) | Time:00:00.04 | Mem:0.00M, Peak:0.00M | Scene, RenderLayer | Synchronizing object | Empty
Fra:1 Mem:15.66M (0.00M, Peak 16.19M) | Time:00:00.04 | Mem:0.00M, Peak:0.00M | Scene, RenderLayer | Synchronizing object | Lamp_Back
Fra:1 Mem:15.66M (0.00M, Peak 16.19M) | Time:00:00.04 | Mem:0.00M, Peak:0.00M | Scene, RenderLayer | Synchronizing object | Lamp_Fill
Fra:1 Mem:15.66M (0.00M, Peak 16.19M) | Time:00:00.05 | Mem:0.00M, Peak:0.00M | Scene, RenderLayer | Synchronizing object | Lamp_Key
Fra:1 Mem:15.66M (0.00M, Peak 16.19M) | Time:00:00.05 | Mem:0.00M, Peak:0.00M | Scene, RenderLayer | Synchronizing object | Camera
Fra:1 Mem:15.66M (0.00M, Peak 16.19M) | Time:00:00.05 | Mem:0.00M, Peak:0.00M | Scene, RenderLayer | Synchronizing object | SmoothCylinder_0
Fra:1 Mem:18.98M (0.00M, Peak 22.07M) | Time:00:00.06 | Mem:0.00M, Peak:0.00M | Scene, RenderLayer | Synchronizing object | Sphere_0
Fra:1 Mem:20.24M (0.00M, Peak 22.07M) | Time:00:00.06 | Mem:0.00M, Peak:0.00M | Scene, RenderLayer | Initializing
Fra:1 Mem:20.24M (0.00M, Peak 22.07M) | Time:00:00.06 | Mem:0.00M, Peak:0.00M | Scene, RenderLayer | Loading render kernels (may take a few minutes the first time)
Fra:1 Mem:20.24M (0.00M, Peak 22.94M) | Time:00:00.08 | Mem:0.00M, Peak:0.00M | Scene, RenderLayer | Waiting for render to start
Fra:1 Mem:20.24M (0.00M, Peak 22.94M) | Time:00:00.08 | Mem:0.00M, Peak:0.00M | Scene, RenderLayer | Updating Scene
Fra:1 Mem:20.24M (0.00M, Peak 22.94M) | Time:00:00.08 | Mem:0.00M, Peak:0.00M | Scene, RenderLayer | Updating Shaders
Fra:1 Mem:20.50M (0.00M, Peak 22.94M) | Time:00:00.08 | Mem:0.00M, Peak:0.00M | Scene, RenderLayer | Updating Background
Fra:1 Mem:20.50M (0.00M, Peak 22.94M) | Time:00:00.08 | Mem:0.00M, Peak:0.00M | Scene, RenderLayer | Updating Camera
Fra:1 Mem:20.50M (0.00M, Peak 22.94M) | Time:00:00.08 | Mem:0.00M, Peak:0.00M | Scene, RenderLayer | Updating Meshes Flags
Fra:1 Mem:20.50M (0.00M, Peak 22.94M) | Time:00:00.08 | Mem:0.00M, Peak:0.00M | Scene, RenderLayer | Updating Objects
Fra:1 Mem:20.50M (0.00M, Peak 22.94M) | Time:00:00.08 | Mem:0.00M, Peak:0.00M | Scene, RenderLayer | Updating Objects | Copying Transformations to device
Fra:1 Mem:20.50M (0.00M, Peak 22.94M) | Time:00:00.08 | Mem:0.00M, Peak:0.00M | Scene, RenderLayer | Updating Objects | Applying Static Transformations
Fra:1 Mem:20.50M (0.00M, Peak 22.94M) | Time:00:00.08 | Mem:0.00M, Peak:0.00M | Scene, RenderLayer | Updating Meshes
Fra:1 Mem:22.00M (0.00M, Peak 22.94M) | Time:00:00.08 | Mem:0.00M, Peak:0.00M | Scene, RenderLayer | Updating Mesh | Computing attributes
Fra:1 Mem:22.53M (0.00M, Peak 22.94M) | Time:00:00.08 | Mem:0.00M, Peak:0.00M | Scene, RenderLayer | Updating Mesh | Copying Attributes to device
Fra:1 Mem:22.53M (0.00M, Peak 23.07M) | Time:00:00.08 | Mem:0.54M, Peak:0.54M | Scene, RenderLayer | Updating Scene BVH | Building
Fra:1 Mem:22.53M (0.00M, Peak 23.07M) | Time:00:00.08 | Mem:0.54M, Peak:0.54M | Scene, RenderLayer | Updating Scene BVH | Building BVH
Fra:1 Mem:28.16M (0.00M, Peak 28.16M) | Time:00:00.15 | Mem:0.54M, Peak:0.54M | Scene, RenderLayer | Updating Scene BVH | Packing BVH triangles and strands
Fra:1 Mem:33.41M (0.00M, Peak 33.41M) | Time:00:00.16 | Mem:0.54M, Peak:0.54M | Scene, RenderLayer | Updating Scene BVH | Packing BVH nodes
Fra:1 Mem:30.49M (0.00M, Peak 34.99M) | Time:00:00.16 | Mem:0.54M, Peak:0.54M | Scene, RenderLayer | Updating Scene BVH | Copying BVH to device
Fra:1 Mem:30.86M (0.00M, Peak 34.99M) | Time:00:00.17 | Mem:8.50M, Peak:8.50M | Scene, RenderLayer | Updating Mesh | Computing normals
Fra:1 Mem:34.30M (0.00M, Peak 34.99M) | Time:00:00.17 | Mem:8.50M, Peak:8.50M | Scene, RenderLayer | Updating Mesh | Copying Mesh to device
Fra:1 Mem:33.92M (0.00M, Peak 34.99M) | Time:00:00.17 | Mem:11.93M, Peak:11.93M | Scene, RenderLayer | Updating Objects Flags
Fra:1 Mem:33.92M (0.00M, Peak 34.99M) | Time:00:00.17 | Mem:11.93M, Peak:11.93M | Scene, RenderLayer | Updating Images
Fra:1 Mem:33.92M (0.00M, Peak 34.99M) | Time:00:00.17 | Mem:11.93M, Peak:11.93M | Scene, RenderLayer | Updating Camera Volume
Fra:1 Mem:33.92M (0.00M, Peak 34.99M) | Time:00:00.17 | Mem:11.93M, Peak:11.93M | Scene, RenderLayer | Updating Hair Systems
Fra:1 Mem:33.92M (0.00M, Peak 34.99M) | Time:00:00.17 | Mem:11.93M, Peak:11.93M | Scene, RenderLayer | Updating Hair settings | Copying Hair settings to device
Fra:1 Mem:33.92M (0.00M, Peak 34.99M) | Time:00:00.17 | Mem:11.93M, Peak:11.93M | Scene, RenderLayer | Updating Lookup Tables
Fra:1 Mem:33.92M (0.00M, Peak 34.99M) | Time:00:00.17 | Mem:12.18M, Peak:12.18M | Scene, RenderLayer | Updating Lights
Fra:1 Mem:33.92M (0.00M, Peak 34.99M) | Time:00:00.17 | Mem:12.18M, Peak:12.18M | Scene, RenderLayer | Updating Lights | Computing distribution
Fra:1 Mem:33.92M (0.00M, Peak 34.99M) | Time:00:00.17 | Mem:12.18M, Peak:12.18M | Scene, RenderLayer | Updating Particle Systems
Fra:1 Mem:33.92M (0.00M, Peak 34.99M) | Time:00:00.17 | Mem:12.18M, Peak:12.18M | Scene, RenderLayer | Updating Particle Systems | Copying Particles to device
Fra:1 Mem:33.92M (0.00M, Peak 34.99M) | Time:00:00.17 | Mem:12.18M, Peak:12.18M | Scene, RenderLayer | Updating Integrator
Fra:1 Mem:33.96M (0.00M, Peak 34.99M) | Time:00:00.17 | Mem:12.22M, Peak:12.22M | Scene, RenderLayer | Updating Film
Fra:1 Mem:33.97M (0.00M, Peak 34.99M) | Time:00:00.17 | Mem:12.22M, Peak:12.22M | Scene, RenderLayer | Updating Lookup Tables
Fra:1 Mem:33.97M (0.00M, Peak 34.99M) | Time:00:00.17 | Mem:12.22M, Peak:12.22M | Scene, RenderLayer | Updating Baking
Fra:1 Mem:33.97M (0.00M, Peak 34.99M) | Time:00:00.17 | Mem:12.22M, Peak:12.22M | Scene, RenderLayer | Updating Device | Writing constant memory
Fra:1 Mem:33.97M (0.00M, Peak 34.99M) | Time:00:00.17 | Mem:12.22M, Peak:12.22M | Scene, RenderLayer | Path Tracing Tile 0/4, Sample 0/512
Fra:1 Mem:36.22M (0.00M, Peak 37.47M) | Time:00:00.17 | Mem:14.47M, Peak:14.47M | Scene, RenderLayer | Path Tracing Tile 1/4, Sample 0/512
Fra:1 Mem:36.22M (0.00M, Peak 38.47M) | Time:00:01.18 | Remaining:00:10.38 | Mem:14.47M, Peak:14.47M | Scene, RenderLayer | Path Tracing Tile 1/4, Sample 106/512
Fra:1 Mem:36.22M (0.00M, Peak 38.47M) | Time:00:02.19 | Remaining:00:09.32 | Mem:14.47M, Peak:14.47M | Scene, RenderLayer | Path Tracing Tile 1/4, Sample 213/512
Fra:1 Mem:36.22M (0.00M, Peak 38.47M) | Time:00:03.19 | Remaining:00:08.33 | Mem:14.47M, Peak:14.47M | Scene, RenderLayer | Path Tracing Tile 1/4, Sample 319/512
Fra:1 Mem:36.22M (0.00M, Peak 38.47M) | Time:00:04.20 | Remaining:00:07.33 | Mem:14.47M, Peak:14.47M | Scene, RenderLayer | Path Tracing Tile 1/4, Sample 425/512
Fra:1 Mem:33.97M (0.00M, Peak 38.47M) | Time:00:05.03 | Remaining:00:06.52 | Mem:12.22M, Peak:14.47M | Scene, RenderLayer | Path Tracing Tile 1/4, Sample 512/512
Fra:1 Mem:35.93M (0.00M, Peak 38.47M) | Time:00:05.03 | Remaining:00:06.52 | Mem:14.19M, Peak:14.47M | Scene, RenderLayer | Path Tracing Tile 2/4, Sample 512/512
Fra:1 Mem:35.93M (0.00M, Peak 38.47M) | Time:00:05.20 | Remaining:00:06.38 | Mem:14.19M, Peak:14.47M | Scene, RenderLayer | Path Tracing Tile 2/4, Sample 19/512
Fra:1 Mem:35.93M (0.00M, Peak 38.47M) | Time:00:06.20 | Remaining:00:05.46 | Mem:14.19M, Peak:14.47M | Scene, RenderLayer | Path Tracing Tile 2/4, Sample 134/512
Fra:1 Mem:35.93M (0.00M, Peak 38.47M) | Time:00:07.21 | Remaining:00:04.53 | Mem:14.19M, Peak:14.47M | Scene, RenderLayer | Path Tracing Tile 2/4, Sample 249/512
Fra:1 Mem:35.93M (0.00M, Peak 38.47M) | Time:00:08.21 | Remaining:00:03.58 | Mem:14.19M, Peak:14.47M | Scene, RenderLayer | Path Tracing Tile 2/4, Sample 363/512
Fra:1 Mem:35.93M (0.00M, Peak 38.47M) | Time:00:09.22 | Remaining:00:02.63 | Mem:14.19M, Peak:14.47M | Scene, RenderLayer | Path Tracing Tile 2/4, Sample 477/512
Fra:1 Mem:33.97M (0.00M, Peak 38.47M) | Time:00:09.53 | Remaining:00:02.33 | Mem:12.22M, Peak:14.47M | Scene, RenderLayer | Path Tracing Tile 2/4, Sample 512/512
Fra:1 Mem:34.53M (0.00M, Peak 38.47M) | Time:00:09.53 | Remaining:00:02.33 | Mem:12.79M, Peak:14.47M | Scene, RenderLayer | Path Tracing Tile 3/4, Sample 512/512
Fra:1 Mem:34.53M (0.00M, Peak 38.47M) | Time:00:10.22 | Remaining:00:01.99 | Mem:12.79M, Peak:14.47M | Scene, RenderLayer | Path Tracing Tile 3/4, Sample 165/512
Fra:1 Mem:34.53M (0.00M, Peak 38.47M) | Time:00:11.22 | Remaining:00:01.44 | Mem:12.79M, Peak:14.47M | Scene, RenderLayer | Path Tracing Tile 3/4, Sample 404/512
Fra:1 Mem:33.97M (0.00M, Peak 38.47M) | Time:00:11.67 | Remaining:00:01.18 | Mem:12.22M, Peak:14.47M | Scene, RenderLayer | Path Tracing Tile 3/4, Sample 512/512
Fra:1 Mem:34.46M (0.00M, Peak 38.47M) | Time:00:11.68 | Remaining:00:01.18 | Mem:12.72M, Peak:14.47M | Scene, RenderLayer | Path Tracing Tile 4/4, Sample 512/512
Fra:1 Mem:34.46M (0.00M, Peak 38.47M) | Time:00:12.22 | Remaining:00:00.87 | Mem:12.72M, Peak:14.47M | Scene, RenderLayer | Path Tracing Tile 4/4, Sample 142/512
Fra:1 Mem:34.46M (0.00M, Peak 38.47M) | Time:00:13.22 | Remaining:00:00.27 | Mem:12.72M, Peak:14.47M | Scene, RenderLayer | Path Tracing Tile 4/4, Sample 400/512
Fra:1 Mem:33.97M (0.00M, Peak 38.47M) | Time:00:13.66 | Mem:12.22M, Peak:14.47M | Scene, RenderLayer | Path Tracing Tile 4/4, Sample 512/512
Fra:1 Mem:33.97M (0.00M, Peak 38.47M) | Time:00:13.66 | Mem:12.22M, Peak:14.47M | Scene, RenderLayer | Finished
Fra:1 Mem:15.59M (0.00M, Peak 38.47M) | Time:00:13.74 | Sce: Scene Ve:0 Fa:0 La:0
Saved: 'data/clevr-cleaned-variants/train/fovariant-2/render/images/CLEVR_val_000005.png'
 Time: 00:13.78 (Saving: 00:00.03)


Blender quit

INFO test_net.py:  81: Called with args:
INFO test_net.py:  82: Namespace(cfg_file='clevr_inference/scene_parse/mask_rcnn/configs/baselines/e2e_mask_rcnn_R-50-FPN_1x.yaml', clevr_comp_cat=1, dataset='clevr_original_val', grab_conv=False, images_dir='data/clevr-cleaned-variants/train/fovariant-2/render/images', load_ckpt='/home/ubuntu/vdp-tool-chain/data/ns-vqa-data/pretrained/object_detector.pt', load_detectron=None, multi_gpu_testing=False, name=None, output_dir='data/clevr-cleaned-variants/train/fovariant-2/infer/mask_rcnn', range=None, rendersummary_path='data/clevr-cleaned-variants/train/fovariant-2/render/summary.json', set_cfgs=[], vis=False)
INFO test_net.py: 125: Testing with config:
INFO test_net.py: 126: {'BBOX_XFORM_CLIP': 4.135166556742356,
 'CLEVR': {'COMP_CAT': True},
 'CROP_RESIZE_WITH_MAX_POOL': True,
 'CUDA': False,
 'DATA_DIR': '/home/ubuntu/vdp-tool-chain/data/ns-vqa-data/mask_rcnn',
 'DATA_LOADER': {'NUM_THREADS': 4},
 'DEBUG': False,
 'DEDUP_BOXES': 0.0625,
 'EPS': 1e-14,
 'EXPECTED_RESULTS': [],
 'EXPECTED_RESULTS_ATOL': 0.005,
 'EXPECTED_RESULTS_EMAIL': '',
 'EXPECTED_RESULTS_RTOL': 0.1,
 'FAST_RCNN': {'CONV_HEAD_DIM': 256,
               'MLP_HEAD_DIM': 1024,
               'NUM_STACKED_CONVS': 4,
               'ROI_BOX_HEAD': 'fast_rcnn_heads.roi_2mlp_head',
               'ROI_XFORM_METHOD': 'RoIAlign',
               'ROI_XFORM_RESOLUTION': 7,
               'ROI_XFORM_SAMPLING_RATIO': 2},
 'FPN': {'COARSEST_STRIDE': 32,
         'DIM': 256,
         'EXTRA_CONV_LEVELS': False,
         'FPN_ON': True,
         'MULTILEVEL_ROIS': True,
         'MULTILEVEL_RPN': True,
         'ROI_CANONICAL_LEVEL': 4,
         'ROI_CANONICAL_SCALE': 224,
         'ROI_MAX_LEVEL': 5,
         'ROI_MIN_LEVEL': 2,
         'RPN_ANCHOR_START_SIZE': 32,
         'RPN_ASPECT_RATIOS': (0.5, 1, 2),
         'RPN_COLLECT_SCALE': 1,
         'RPN_MAX_LEVEL': 6,
         'RPN_MIN_LEVEL': 2,
         'USE_GN': False,
         'ZERO_INIT_LATERAL': False},
 'GROUP_NORM': {'DIM_PER_GP': -1, 'EPSILON': 1e-05, 'NUM_GROUPS': 32},
 'KRCNN': {'CONV_HEAD_DIM': 256,
           'CONV_HEAD_KERNEL': 3,
           'CONV_INIT': 'GaussianFill',
           'DECONV_DIM': 256,
           'DECONV_KERNEL': 4,
           'DILATION': 1,
           'HEATMAP_SIZE': -1,
           'INFERENCE_MIN_SIZE': 0,
           'KEYPOINT_CONFIDENCE': 'bbox',
           'LOSS_WEIGHT': 1.0,
           'MIN_KEYPOINT_COUNT_FOR_VALID_MINIBATCH': 20,
           'NMS_OKS': False,
           'NORMALIZE_BY_VISIBLE_KEYPOINTS': True,
           'NUM_KEYPOINTS': -1,
           'NUM_STACKED_CONVS': 8,
           'ROI_KEYPOINTS_HEAD': '',
           'ROI_XFORM_METHOD': 'RoIAlign',
           'ROI_XFORM_RESOLUTION': 7,
           'ROI_XFORM_SAMPLING_RATIO': 0,
           'UP_SCALE': -1,
           'USE_DECONV': False,
           'USE_DECONV_OUTPUT': False},
 'MATLAB': 'matlab',
 'MODEL': {'BBOX_REG_WEIGHTS': (10.0, 10.0, 5.0, 5.0),
           'CLS_AGNOSTIC_BBOX_REG': False,
           'CONV_BODY': 'FPN.fpn_ResNet50_conv5_body',
           'FASTER_RCNN': True,
           'KEYPOINTS_ON': False,
           'LOAD_IMAGENET_PRETRAINED_WEIGHTS': True,
           'MASK_ON': True,
           'NUM_CLASSES': 49,
           'RPN_ONLY': False,
           'SHARE_RES5': False,
           'TYPE': 'generalized_rcnn',
           'UNSUPERVISED_POSE': False},
 'MRCNN': {'CLS_SPECIFIC_MASK': True,
           'CONV_INIT': 'MSRAFill',
           'DILATION': 1,
           'DIM_REDUCED': 256,
           'MEMORY_EFFICIENT_LOSS': True,
           'RESOLUTION': 28,
           'ROI_MASK_HEAD': 'mask_rcnn_heads.mask_rcnn_fcn_head_v1up4convs',
           'ROI_XFORM_METHOD': 'RoIAlign',
           'ROI_XFORM_RESOLUTION': 14,
           'ROI_XFORM_SAMPLING_RATIO': 2,
           'THRESH_BINARIZE': 0.5,
           'UPSAMPLE_RATIO': 1,
           'USE_FC_OUTPUT': False,
           'WEIGHT_LOSS_MASK': 1.0},
 'NUM_GPUS': 8,
 'OUTPUT_DIR': 'Outputs',
 'PIXEL_MEANS': array([[[102.9801, 115.9465, 122.7717]]]),
 'POOLING_MODE': 'crop',
 'POOLING_SIZE': 7,
 'PYTORCH_VERSION_LESS_THAN_040': False,
 'RESNETS': {'FREEZE_AT': 2,
             'IMAGENET_PRETRAINED_WEIGHTS': 'pretrained_model/resnet50_caffe.pth',
             'NUM_GROUPS': 1,
             'RES5_DILATION': 1,
             'SHORTCUT_FUNC': 'basic_bn_shortcut',
             'STEM_FUNC': 'basic_bn_stem',
             'STRIDE_1X1': True,
             'TRANS_FUNC': 'bottleneck_transformation',
             'USE_GN': False,
             'WIDTH_PER_GROUP': 64},
 'RETINANET': {'ANCHOR_SCALE': 4,
               'ASPECT_RATIOS': (0.5, 1.0, 2.0),
               'BBOX_REG_BETA': 0.11,
               'BBOX_REG_WEIGHT': 1.0,
               'CLASS_SPECIFIC_BBOX': False,
               'INFERENCE_TH': 0.05,
               'LOSS_ALPHA': 0.25,
               'LOSS_GAMMA': 2.0,
               'NEGATIVE_OVERLAP': 0.4,
               'NUM_CONVS': 4,
               'POSITIVE_OVERLAP': 0.5,
               'PRE_NMS_TOP_N': 1000,
               'PRIOR_PROB': 0.01,
               'RETINANET_ON': False,
               'SCALES_PER_OCTAVE': 3,
               'SHARE_CLS_BBOX_TOWER': False,
               'SOFTMAX': False},
 'RFCN': {'PS_GRID_SIZE': 3},
 'RNG_SEED': 3,
 'ROOT_DIR': '/home/ubuntu/vdp-tool-chain/clevr_inference/scene_parse/mask_rcnn',
 'RPN': {'ASPECT_RATIOS': (0.5, 1, 2),
         'CLS_ACTIVATION': 'sigmoid',
         'OUT_DIM': 512,
         'OUT_DIM_AS_IN_DIM': True,
         'RPN_ON': True,
         'SIZES': (64, 128, 256, 512),
         'STRIDE': 16},
 'SOLVER': {'BASE_LR': 0.02,
            'BIAS_DOUBLE_LR': True,
            'BIAS_WEIGHT_DECAY': False,
            'GAMMA': 0.1,
            'LOG_LR_CHANGE_THRESHOLD': 1.1,
            'LRS': [],
            'LR_POLICY': 'steps_with_decay',
            'MAX_ITER': 30000,
            'MOMENTUM': 0.9,
            'SCALE_MOMENTUM': True,
            'SCALE_MOMENTUM_THRESHOLD': 1.1,
            'STEPS': [0, 20000, 26000],
            'STEP_SIZE': 30000,
            'TYPE': 'SGD',
            'WARM_UP_FACTOR': 0.3333333333333333,
            'WARM_UP_ITERS': 500,
            'WARM_UP_METHOD': 'linear',
            'WEIGHT_DECAY': 0.0001,
            'WEIGHT_DECAY_GN': 0.0},
 'TEST': {'BBOX_AUG': {'AREA_TH_HI': 32400,
                       'AREA_TH_LO': 2500,
                       'ASPECT_RATIOS': (),
                       'ASPECT_RATIO_H_FLIP': False,
                       'COORD_HEUR': 'UNION',
                       'ENABLED': False,
                       'H_FLIP': False,
                       'MAX_SIZE': 4000,
                       'SCALES': (),
                       'SCALE_H_FLIP': False,
                       'SCALE_SIZE_DEP': False,
                       'SCORE_HEUR': 'UNION'},
          'BBOX_REG': True,
          'BBOX_VOTE': {'ENABLED': False,
                        'SCORING_METHOD': 'ID',
                        'SCORING_METHOD_BETA': 1.0,
                        'VOTE_TH': 0.8},
          'COMPETITION_MODE': True,
          'DATASETS': ('custom(data/clevr-cleaned-variants/train/fovariant-2/render/images, '
                       'data/clevr-cleaned-variants/train/fovariant-2/render/summary.json)',),
          'DETECTIONS_PER_IM': 100,
          'FORCE_JSON_DATASET_EVAL': False,
          'KPS_AUG': {'AREA_TH': 32400,
                      'ASPECT_RATIOS': (),
                      'ASPECT_RATIO_H_FLIP': False,
                      'ENABLED': False,
                      'HEUR': 'HM_AVG',
                      'H_FLIP': False,
                      'MAX_SIZE': 4000,
                      'SCALES': (),
                      'SCALE_H_FLIP': False,
                      'SCALE_SIZE_DEP': False},
          'MASK_AUG': {'AREA_TH': 32400,
                       'ASPECT_RATIOS': (),
                       'ASPECT_RATIO_H_FLIP': False,
                       'ENABLED': False,
                       'HEUR': 'SOFT_AVG',
                       'H_FLIP': False,
                       'MAX_SIZE': 4000,
                       'SCALES': (),
                       'SCALE_H_FLIP': False,
                       'SCALE_SIZE_DEP': False},
          'MAX_SIZE': 1333,
          'NMS': 0.5,
          'PRECOMPUTED_PROPOSALS': False,
          'PROPOSAL_FILES': (),
          'PROPOSAL_LIMIT': 2000,
          'RPN_MIN_SIZE': 0,
          'RPN_NMS_THRESH': 0.7,
          'RPN_POST_NMS_TOP_N': 1000,
          'RPN_PRE_NMS_TOP_N': 1000,
          'SCALE': 800,
          'SCORE_THRESH': 0.05,
          'SOFT_NMS': {'ENABLED': False, 'METHOD': 'linear', 'SIGMA': 0.5}},
 'TRAIN': {'ASPECT_CROPPING': False,
           'ASPECT_GROUPING': True,
           'ASPECT_HI': 2,
           'ASPECT_LO': 0.5,
           'BATCH_SIZE_PER_IM': 512,
           'BBOX_INSIDE_WEIGHTS': (1.0, 1.0, 1.0, 1.0),
           'BBOX_NORMALIZE_MEANS': (0.0, 0.0, 0.0, 0.0),
           'BBOX_NORMALIZE_STDS': (0.1, 0.1, 0.2, 0.2),
           'BBOX_NORMALIZE_TARGETS': True,
           'BBOX_NORMALIZE_TARGETS_PRECOMPUTED': False,
           'BBOX_THRESH': 0.5,
           'BG_THRESH_HI': 0.5,
           'BG_THRESH_LO': 0.0,
           'CROWD_FILTER_THRESH': 0.7,
           'DATASETS': (),
           'FG_FRACTION': 0.25,
           'FG_THRESH': 0.5,
           'FREEZE_CONV_BODY': False,
           'GT_MIN_AREA': -1,
           'IMS_PER_BATCH': 2,
           'MAX_SIZE': 1333,
           'PROPOSAL_FILES': (),
           'RPN_BATCH_SIZE_PER_IM': 256,
           'RPN_FG_FRACTION': 0.5,
           'RPN_MIN_SIZE': 0,
           'RPN_NEGATIVE_OVERLAP': 0.3,
           'RPN_NMS_THRESH': 0.7,
           'RPN_POSITIVE_OVERLAP': 0.7,
           'RPN_POST_NMS_TOP_N': 2000,
           'RPN_PRE_NMS_TOP_N': 2000,
           'RPN_STRADDLE_THRESH': 0,
           'SCALES': (800,),
           'SNAPSHOT_ITERS': 20000,
           'USE_FLIPPED': False},
 'VIS': False,
 'VIS_TH': 0.9}
INFO test_engine.py: 352: loading checkpoint /home/ubuntu/vdp-tool-chain/data/ns-vqa-data/pretrained/object_detector.pt
INFO test_engine.py: 286: im_detect: range [1, 6] of 6: 1/6 1.104s + 0.003s (eta: 0:00:05)
INFO test_engine.py: 336: Wrote detections to: /home/ubuntu/vdp-tool-chain/data/clevr-cleaned-variants/train/fovariant-2/infer/mask_rcnn/detections.pkl
INFO test_engine.py: 164: Total inference time: 5.632s


| processing proposals 1 / 6 images
| processing proposals 2 / 6 images
| processing proposals 3 / 6 images
| processing proposals 4 / 6 images
| processing proposals 5 / 6 images
| processing proposals 6 / 6 images
| saving object annotations to data/clevr-cleaned-variants/train/fovariant-2/infer/attrnet/predictions.json


| options
run_dir: data/clevr-cleaned-variants/train/fovariant-2/solver_ir
dataset: clevr
load_checkpoint_path: /home/ubuntu/vdp-tool-chain/data/ns-vqa-data/pretrained/attribute_net.pt
gpu_ids: [0]
clevr_mini_img_dir: /home/ubuntu/vdp-tool-chain/data/ns-vqa-data/raw/CLEVR_mini/images
clevr_mini_ann_path: /home/ubuntu/vdp-tool-chain/data/ns-vqa-data/attr_net/objects/clevr_mini_objs.json
concat_img: 1
split_id: 3500
batch_size: 50
num_workers: 4
learning_rate: 0.002
split: val
output_path: data/clevr-cleaned-variants/train/fovariant-2/solver_ir/results.json
clevr_val_ann_path: data/clevr-cleaned-variants/train/fovariant-2/infer/attrnet/predictions.json
clevr_val_img_dir: /home/ubuntu/vdp-tool-chain/data/ns-vqa-data/raw/CLEVR_v1.0/images/val
shuffle_data: 0
use_cat_label: 1
name: fovariant-2
| loading checkpoint from /home/ubuntu/vdp-tool-chain/data/ns-vqa-data/pretrained/attribute_net.pt
clevr_object.py: CLEVR_val_000000.png val 0 0
clevr_object.py: CLEVR_val_000000.png val 0 1
clevr_object.py: CLEVR_val_000000.png val 0 2
clevr_object.py: CLEVR_val_000001.png val 1 3
clevr_object.py: CLEVR_val_000001.png val 1 4
clevr_object.py: CLEVR_val_000001.png val 1 5
clevr_object.py: CLEVR_val_000002.png val 2 6
clevr_object.py: CLEVR_val_000002.png val 2 7
clevr_object.py: CLEVR_val_000002.png val 2 8
clevr_object.py: CLEVR_val_000003.png val 3 9
clevr_object.py: CLEVR_val_000003.png val 3 10
clevr_object.py: CLEVR_val_000003.png val 3 11
clevr_object.py: CLEVR_val_000004.png val 4 12
clevr_object.py: CLEVR_val_000004.png val 4 13
clevr_object.py: CLEVR_val_000004.png val 4 14
clevr_object.py: CLEVR_val_000004.png val 4 15
clevr_object.py: CLEVR_val_000005.png val 5 16
clevr_object.py: CLEVR_val_000005.png val 5 17
18 / 18 objects processed
| saving annotation file to data/clevr-cleaned-variants/train/fovariant-2/solver_ir/results.json


0.json in test
THRESHOLD relate_front objs = {'id': '0-0', 'position': [-2.783931016921997, -0.241356760263443, 0.6912636160850525], 'color': 'cyan', 'material': 'metal', 'shape': 'cylinder', 'size': 'large'}, {'id': '0-1', 'position': [2.914386510848999, 0.0639829933643341, 0.6908546090126038], 'color': 'cyan', 'material': 'metal', 'shape': 'sphere', 'size': 'large'}
THRESHOLD relate_front objs = {'id': '0-0', 'position': [-2.783931016921997, -0.241356760263443, 0.6912636160850525], 'color': 'cyan', 'material': 'metal', 'shape': 'cylinder', 'size': 'large'}, {'id': '0-2', 'position': [0.1121162697672844, -0.028782259672880173, 0.6844748258590698], 'color': 'cyan', 'material': 'metal', 'shape': 'sphere', 'size': 'large'}
THRESHOLD relate_behind objs = {'id': '0-1', 'position': [2.914386510848999, 0.0639829933643341, 0.6908546090126038], 'color': 'cyan', 'material': 'metal', 'shape': 'sphere', 'size': 'large'}, {'id': '0-0', 'position': [-2.783931016921997, -0.241356760263443, 0.6912636160850525], 'color': 'cyan', 'material': 'metal', 'shape': 'cylinder', 'size': 'large'}
THRESHOLD relate_behind objs = {'id': '0-1', 'position': [2.914386510848999, 0.0639829933643341, 0.6908546090126038], 'color': 'cyan', 'material': 'metal', 'shape': 'sphere', 'size': 'large'}, {'id': '0-2', 'position': [0.1121162697672844, -0.028782259672880173, 0.6844748258590698], 'color': 'cyan', 'material': 'metal', 'shape': 'sphere', 'size': 'large'}
THRESHOLD relate_behind objs = {'id': '0-2', 'position': [0.1121162697672844, -0.028782259672880173, 0.6844748258590698], 'color': 'cyan', 'material': 'metal', 'shape': 'sphere', 'size': 'large'}, {'id': '0-0', 'position': [-2.783931016921997, -0.241356760263443, 0.6912636160850525], 'color': 'cyan', 'material': 'metal', 'shape': 'cylinder', 'size': 'large'}
THRESHOLD relate_front objs = {'id': '0-2', 'position': [0.1121162697672844, -0.028782259672880173, 0.6844748258590698], 'color': 'cyan', 'material': 'metal', 'shape': 'sphere', 'size': 'large'}, {'id': '0-1', 'position': [2.914386510848999, 0.0639829933643341, 0.6908546090126038], 'color': 'cyan', 'material': 'metal', 'shape': 'sphere', 'size': 'large'}
1.json in test
THRESHOLD relate_behind objs = {'id': '1-0', 'position': [-0.05829464644193649, 0.08342760801315308, 0.682795524597168], 'color': 'cyan', 'material': 'metal', 'shape': 'cylinder', 'size': 'large'}, {'id': '1-1', 'position': [-2.9448304176330566, -0.014256177470088005, 0.6915108561515808], 'color': 'cyan', 'material': 'metal', 'shape': 'sphere', 'size': 'large'}
THRESHOLD relate_front objs = {'id': '1-0', 'position': [-0.05829464644193649, 0.08342760801315308, 0.682795524597168], 'color': 'cyan', 'material': 'metal', 'shape': 'cylinder', 'size': 'large'}, {'id': '1-2', 'position': [2.81996750831604, 0.1812935471534729, 0.6936880946159363], 'color': 'cyan', 'material': 'metal', 'shape': 'sphere', 'size': 'large'}
THRESHOLD relate_front objs = {'id': '1-1', 'position': [-2.9448304176330566, -0.014256177470088005, 0.6915108561515808], 'color': 'cyan', 'material': 'metal', 'shape': 'sphere', 'size': 'large'}, {'id': '1-0', 'position': [-0.05829464644193649, 0.08342760801315308, 0.682795524597168], 'color': 'cyan', 'material': 'metal', 'shape': 'cylinder', 'size': 'large'}
THRESHOLD relate_front objs = {'id': '1-1', 'position': [-2.9448304176330566, -0.014256177470088005, 0.6915108561515808], 'color': 'cyan', 'material': 'metal', 'shape': 'sphere', 'size': 'large'}, {'id': '1-2', 'position': [2.81996750831604, 0.1812935471534729, 0.6936880946159363], 'color': 'cyan', 'material': 'metal', 'shape': 'sphere', 'size': 'large'}
THRESHOLD relate_behind objs = {'id': '1-2', 'position': [2.81996750831604, 0.1812935471534729, 0.6936880946159363], 'color': 'cyan', 'material': 'metal', 'shape': 'sphere', 'size': 'large'}, {'id': '1-0', 'position': [-0.05829464644193649, 0.08342760801315308, 0.682795524597168], 'color': 'cyan', 'material': 'metal', 'shape': 'cylinder', 'size': 'large'}
THRESHOLD relate_behind objs = {'id': '1-2', 'position': [2.81996750831604, 0.1812935471534729, 0.6936880946159363], 'color': 'cyan', 'material': 'metal', 'shape': 'sphere', 'size': 'large'}, {'id': '1-1', 'position': [-2.9448304176330566, -0.014256177470088005, 0.6915108561515808], 'color': 'cyan', 'material': 'metal', 'shape': 'sphere', 'size': 'large'}
2.json in test
THRESHOLD relate_front objs = {'id': '2-0', 'position': [-2.8882803916931152, -0.26616597175598145, 0.34629541635513306], 'color': 'cyan', 'material': 'rubber', 'shape': 'cylinder', 'size': 'small'}, {'id': '2-1', 'position': [1.3663744926452637, -0.1723208725452423, 0.6906290650367737], 'color': 'cyan', 'material': 'metal', 'shape': 'sphere', 'size': 'large'}
THRESHOLD relate_front objs = {'id': '2-0', 'position': [-2.8882803916931152, -0.26616597175598145, 0.34629541635513306], 'color': 'cyan', 'material': 'rubber', 'shape': 'cylinder', 'size': 'small'}, {'id': '2-2', 'position': [-1.5213087797164917, -0.21796000003814697, 0.69716876745224], 'color': 'cyan', 'material': 'metal', 'shape': 'sphere', 'size': 'large'}
THRESHOLD relate_behind objs = {'id': '2-1', 'position': [1.3663744926452637, -0.1723208725452423, 0.6906290650367737], 'color': 'cyan', 'material': 'metal', 'shape': 'sphere', 'size': 'large'}, {'id': '2-0', 'position': [-2.8882803916931152, -0.26616597175598145, 0.34629541635513306], 'color': 'cyan', 'material': 'rubber', 'shape': 'cylinder', 'size': 'small'}
THRESHOLD relate_behind objs = {'id': '2-1', 'position': [1.3663744926452637, -0.1723208725452423, 0.6906290650367737], 'color': 'cyan', 'material': 'metal', 'shape': 'sphere', 'size': 'large'}, {'id': '2-2', 'position': [-1.5213087797164917, -0.21796000003814697, 0.69716876745224], 'color': 'cyan', 'material': 'metal', 'shape': 'sphere', 'size': 'large'}
THRESHOLD relate_behind objs = {'id': '2-2', 'position': [-1.5213087797164917, -0.21796000003814697, 0.69716876745224], 'color': 'cyan', 'material': 'metal', 'shape': 'sphere', 'size': 'large'}, {'id': '2-0', 'position': [-2.8882803916931152, -0.26616597175598145, 0.34629541635513306], 'color': 'cyan', 'material': 'rubber', 'shape': 'cylinder', 'size': 'small'}
THRESHOLD relate_front objs = {'id': '2-2', 'position': [-1.5213087797164917, -0.21796000003814697, 0.69716876745224], 'color': 'cyan', 'material': 'metal', 'shape': 'sphere', 'size': 'large'}, {'id': '2-1', 'position': [1.3663744926452637, -0.1723208725452423, 0.6906290650367737], 'color': 'cyan', 'material': 'metal', 'shape': 'sphere', 'size': 'large'}
3.json in train
THRESHOLD relate_behind objs = {'id': '3-0', 'position': [0.027947410941123962, 0.0588516965508461, 0.6942010521888733], 'color': 'cyan', 'material': 'rubber', 'shape': 'sphere', 'size': 'large'}, {'id': '3-2', 'position': [-2.773948907852173, -0.024552302435040474, 0.6916253566741943], 'color': 'cyan', 'material': 'metal', 'shape': 'cylinder', 'size': 'large'}
THRESHOLD relate_front objs = {'id': '3-0', 'position': [0.027947410941123962, 0.0588516965508461, 0.6942010521888733], 'color': 'cyan', 'material': 'rubber', 'shape': 'sphere', 'size': 'large'}, {'id': '3-1', 'position': [2.8299782276153564, 0.16583383083343506, 0.6908681392669678], 'color': 'cyan', 'material': 'rubber', 'shape': 'sphere', 'size': 'large'}
THRESHOLD relate_behind objs = {'id': '3-1', 'position': [2.8299782276153564, 0.16583383083343506, 0.6908681392669678], 'color': 'cyan', 'material': 'rubber', 'shape': 'sphere', 'size': 'large'}, {'id': '3-0', 'position': [0.027947410941123962, 0.0588516965508461, 0.6942010521888733], 'color': 'cyan', 'material': 'rubber', 'shape': 'sphere', 'size': 'large'}
THRESHOLD relate_behind objs = {'id': '3-1', 'position': [2.8299782276153564, 0.16583383083343506, 0.6908681392669678], 'color': 'cyan', 'material': 'rubber', 'shape': 'sphere', 'size': 'large'}, {'id': '3-2', 'position': [-2.773948907852173, -0.024552302435040474, 0.6916253566741943], 'color': 'cyan', 'material': 'metal', 'shape': 'cylinder', 'size': 'large'}
THRESHOLD relate_front objs = {'id': '3-2', 'position': [-2.773948907852173, -0.024552302435040474, 0.6916253566741943], 'color': 'cyan', 'material': 'metal', 'shape': 'cylinder', 'size': 'large'}, {'id': '3-0', 'position': [0.027947410941123962, 0.0588516965508461, 0.6942010521888733], 'color': 'cyan', 'material': 'rubber', 'shape': 'sphere', 'size': 'large'}
THRESHOLD relate_front objs = {'id': '3-2', 'position': [-2.773948907852173, -0.024552302435040474, 0.6916253566741943], 'color': 'cyan', 'material': 'metal', 'shape': 'cylinder', 'size': 'large'}, {'id': '3-1', 'position': [2.8299782276153564, 0.16583383083343506, 0.6908681392669678], 'color': 'cyan', 'material': 'rubber', 'shape': 'sphere', 'size': 'large'}
4.json in train
THRESHOLD relate_front objs = {'id': '4-0', 'position': [-2.7737417221069336, -0.19579622149467468, 0.3455866575241089], 'color': 'brown', 'material': 'metal', 'shape': 'cylinder', 'size': 'small'}, {'id': '4-1', 'position': [1.3220398426055908, 0.1269073784351349, 0.3446785807609558], 'color': 'red', 'material': 'rubber', 'shape': 'sphere', 'size': 'small'}
THRESHOLD relate_front objs = {'id': '4-0', 'position': [-2.7737417221069336, -0.19579622149467468, 0.3455866575241089], 'color': 'brown', 'material': 'metal', 'shape': 'cylinder', 'size': 'small'}, {'id': '4-2', 'position': [-0.08931796997785568, 0.0784192904829979, 0.3439272940158844], 'color': 'red', 'material': 'rubber', 'shape': 'sphere', 'size': 'small'}
THRESHOLD relate_front objs = {'id': '4-0', 'position': [-2.7737417221069336, -0.19579622149467468, 0.3455866575241089], 'color': 'brown', 'material': 'metal', 'shape': 'cylinder', 'size': 'small'}, {'id': '4-3', 'position': [-1.3859031200408936, 0.021967057138681412, 0.34060871601104736], 'color': 'red', 'material': 'metal', 'shape': 'sphere', 'size': 'small'}
THRESHOLD relate_behind objs = {'id': '4-1', 'position': [1.3220398426055908, 0.1269073784351349, 0.3446785807609558], 'color': 'red', 'material': 'rubber', 'shape': 'sphere', 'size': 'small'}, {'id': '4-0', 'position': [-2.7737417221069336, -0.19579622149467468, 0.3455866575241089], 'color': 'brown', 'material': 'metal', 'shape': 'cylinder', 'size': 'small'}
THRESHOLD relate_behind objs = {'id': '4-1', 'position': [1.3220398426055908, 0.1269073784351349, 0.3446785807609558], 'color': 'red', 'material': 'rubber', 'shape': 'sphere', 'size': 'small'}, {'id': '4-2', 'position': [-0.08931796997785568, 0.0784192904829979, 0.3439272940158844], 'color': 'red', 'material': 'rubber', 'shape': 'sphere', 'size': 'small'}
THRESHOLD relate_behind objs = {'id': '4-1', 'position': [1.3220398426055908, 0.1269073784351349, 0.3446785807609558], 'color': 'red', 'material': 'rubber', 'shape': 'sphere', 'size': 'small'}, {'id': '4-3', 'position': [-1.3859031200408936, 0.021967057138681412, 0.34060871601104736], 'color': 'red', 'material': 'metal', 'shape': 'sphere', 'size': 'small'}
THRESHOLD relate_behind objs = {'id': '4-2', 'position': [-0.08931796997785568, 0.0784192904829979, 0.3439272940158844], 'color': 'red', 'material': 'rubber', 'shape': 'sphere', 'size': 'small'}, {'id': '4-0', 'position': [-2.7737417221069336, -0.19579622149467468, 0.3455866575241089], 'color': 'brown', 'material': 'metal', 'shape': 'cylinder', 'size': 'small'}
THRESHOLD relate_behind objs = {'id': '4-2', 'position': [-0.08931796997785568, 0.0784192904829979, 0.3439272940158844], 'color': 'red', 'material': 'rubber', 'shape': 'sphere', 'size': 'small'}, {'id': '4-3', 'position': [-1.3859031200408936, 0.021967057138681412, 0.34060871601104736], 'color': 'red', 'material': 'metal', 'shape': 'sphere', 'size': 'small'}
THRESHOLD relate_front objs = {'id': '4-2', 'position': [-0.08931796997785568, 0.0784192904829979, 0.3439272940158844], 'color': 'red', 'material': 'rubber', 'shape': 'sphere', 'size': 'small'}, {'id': '4-1', 'position': [1.3220398426055908, 0.1269073784351349, 0.3446785807609558], 'color': 'red', 'material': 'rubber', 'shape': 'sphere', 'size': 'small'}
THRESHOLD relate_behind objs = {'id': '4-3', 'position': [-1.3859031200408936, 0.021967057138681412, 0.34060871601104736], 'color': 'red', 'material': 'metal', 'shape': 'sphere', 'size': 'small'}, {'id': '4-0', 'position': [-2.7737417221069336, -0.19579622149467468, 0.3455866575241089], 'color': 'brown', 'material': 'metal', 'shape': 'cylinder', 'size': 'small'}
THRESHOLD relate_front objs = {'id': '4-3', 'position': [-1.3859031200408936, 0.021967057138681412, 0.34060871601104736], 'color': 'red', 'material': 'metal', 'shape': 'sphere', 'size': 'small'}, {'id': '4-1', 'position': [1.3220398426055908, 0.1269073784351349, 0.3446785807609558], 'color': 'red', 'material': 'rubber', 'shape': 'sphere', 'size': 'small'}
THRESHOLD relate_front objs = {'id': '4-3', 'position': [-1.3859031200408936, 0.021967057138681412, 0.34060871601104736], 'color': 'red', 'material': 'metal', 'shape': 'sphere', 'size': 'small'}, {'id': '4-2', 'position': [-0.08931796997785568, 0.0784192904829979, 0.3439272940158844], 'color': 'red', 'material': 'rubber', 'shape': 'sphere', 'size': 'small'}
5.json in train
THRESHOLD relate_front objs = {'id': '5-0', 'position': [0.0717276930809021, 0.13306596875190735, 0.6797405481338501], 'color': 'brown', 'material': 'metal', 'shape': 'cylinder', 'size': 'large'}, {'id': '5-1', 'position': [1.430503487586975, 0.28106075525283813, 0.33750036358833313], 'color': 'red', 'material': 'rubber', 'shape': 'sphere', 'size': 'small'}
THRESHOLD relate_behind objs = {'id': '5-1', 'position': [1.430503487586975, 0.28106075525283813, 0.33750036358833313], 'color': 'red', 'material': 'rubber', 'shape': 'sphere', 'size': 'small'}, {'id': '5-0', 'position': [0.0717276930809021, 0.13306596875190735, 0.6797405481338501], 'color': 'brown', 'material': 'metal', 'shape': 'cylinder', 'size': 'large'}
