Solving data/gqa_ir/Are_the_pants_black__ex__2335265_2350102_2384348_2392267__cand__1107_2388084_2413946_2414603/
question: Are the pants black?
intended: 2388084
Candidate: c0
Concept: Exists q0: pants. black(q0)
Candidate Name: data/gqa_ir/Are_the_pants_black__ex__2335265_2350102_2384348_2392267__cand__1107_2388084_2413946_2414603//ir/test/2388084.json


real	0m12.637s
user	0m12.562s
sys	0m0.041s

Solving data/gqa_ir/Are_there_airplanes_in_the_picture__ex__2335450_2336273_2356604_2402965__cand__2323867_2367018_2376110_2411115/
question: Are there airplanes in the picture?
intended: 2376110
Candidate: c1
Concept: Exists q0: airplane. True
Candidate Name: data/gqa_ir/Are_there_airplanes_in_the_picture__ex__2335450_2336273_2356604_2402965__cand__2323867_2367018_2376110_2411115//ir/test/2376110.json


real	0m5.952s
user	0m5.911s
sys	0m0.024s

Solving data/gqa_ir/Are_there_any_cows__ex__2333299_2372604_2373742_2408542__cand__2320173_2327286_2370280_2383419/
question: Are there any cows?
intended: 2370280
Candidate: c2
Concept: Exists q0: cow. True
Candidate Name: data/gqa_ir/Are_there_any_cows__ex__2333299_2372604_2373742_2408542__cand__2320173_2327286_2370280_2383419//ir/test/2370280.json


real	0m8.933s
user	0m8.864s
sys	0m0.036s

Solving data/gqa_ir/Are_there_any_hats_that_are_black__ex__2346265_2366109_2369881_2394110__cand__2373220_2405662_2409912_2413124/
question: Are there any hats that are black?
intended: 2409912
Candidate: c3
Concept: Exists q0: woman. True
Candidate Name: data/gqa_ir/Are_there_any_hats_that_are_black__ex__2346265_2366109_2369881_2394110__cand__2373220_2405662_2409912_2413124//ir/test/2405662.json


real	0m8.323s
user	0m8.247s
sys	0m0.052s

Solving data/gqa_ir/Are_there_any_men_to_the_left_of_the_glasses__ex__2334802_2338070_2341077_713082__cand__2392215_2392403_2417374_396/
question: Are there any men to the left of the glasses?
intended: 2392215
Candidate: c0
Concept: Exists q0: man. Exists q1: glasses. to_the_left_of(q0,q1)
Candidate Name: data/gqa_ir/Are_there_any_men_to_the_left_of_the_glasses__ex__2334802_2338070_2341077_713082__cand__2392215_2392403_2417374_396//ir/test/2392215.json


real	7m21.659s
user	7m19.490s
sys	0m0.456s

Solving data/gqa_ir/Are_there_any_umbrellas__ex__2351084_2354431_2366208_2412949__cand__2334351_2370229_2371075_2396028/
question: Are there any umbrellas?
intended: 2334351
No discriminator found for puzzle data/gqa_ir/Are_there_any_umbrellas__ex__2351084_2354431_2366208_2412949__cand__2334351_2370229_2371075_2396028//ir/.

real	4m25.336s
user	4m21.346s
sys	0m0.456s

Solving data/gqa_ir/Are_there_boots_in_the_picture__ex__2343742_2345720_2403985_713091__cand__2323961_2347089_2365308_2377293/
question: Are there boots in the picture?
intended: 2377293
Candidate: c3
Concept: Exists q0: boots. True
Candidate Name: data/gqa_ir/Are_there_boots_in_the_picture__ex__2343742_2345720_2403985_713091__cand__2323961_2347089_2365308_2377293//ir/test/2377293.json


real	0m13.590s
user	0m12.987s
sys	0m0.076s

Solving data/gqa_ir/Are_there_chairs_to_the_right_of_the_man__ex__2344744_2354751_2358787_2389084__cand__2343957_2368653_2379824_2396403/
question: Are there chairs to the right of the man?
intended: 2368653
No discriminator found for puzzle data/gqa_ir/Are_there_chairs_to_the_right_of_the_man__ex__2344744_2354751_2358787_2389084__cand__2343957_2368653_2379824_2396403//ir/.

real	1m52.551s
user	1m51.122s
sys	0m0.328s

Solving data/gqa_ir/Are_there_clocks_in_the_photo__ex__2317604_2376790_2377321_2387296__cand__2318618_2356802_2370854_2917/
question: Are there clocks in the photo?
intended: 2370854
Candidate: c3
Concept: Exists q0: clock. True
Candidate Name: data/gqa_ir/Are_there_clocks_in_the_photo__ex__2317604_2376790_2377321_2387296__cand__2318618_2356802_2370854_2917//ir/test/2370854.json


real	0m11.584s
user	0m11.373s
sys	0m0.088s

Solving data/gqa_ir/Are_there_doors_in_the_scene__ex__2352052_2375202_2390445_2397264__cand__2405800_2416693_4025_4255/
question: Are there doors in the scene?
intended: 4025
Candidate: c2
Concept: Exists q0: door. True
Candidate Name: data/gqa_ir/Are_there_doors_in_the_scene__ex__2352052_2375202_2390445_2397264__cand__2405800_2416693_4025_4255//ir/test/4025.json


real	0m11.778s
user	0m11.382s
sys	0m0.040s

Solving data/gqa_ir/Are_there_frisbees_in_the_image__ex__2320722_2358286_2388623_2407990__cand__1593237_2326844_2344663_2385774/
question: Are there frisbees in the image?
intended: 2385774
Candidate: c3
Concept: Exists q0: frisbee. True
Candidate Name: data/gqa_ir/Are_there_frisbees_in_the_image__ex__2320722_2358286_2388623_2407990__cand__1593237_2326844_2344663_2385774//ir/test/2385774.json


real	0m14.768s
user	0m12.875s
sys	0m0.064s

Solving data/gqa_ir/Are_there_frisbees_in_the_picture__ex__2331317_2336490_2349732_2363040__cand__2323431_2334244_2336615_2415751/
question: Are there frisbees in the picture?
intended: 2323431
Candidate: c1
Concept: Exists q0: frisbee. True
Candidate Name: data/gqa_ir/Are_there_frisbees_in_the_picture__ex__2331317_2336490_2349732_2363040__cand__2323431_2334244_2336615_2415751//ir/test/2323431.json


real	0m7.645s
user	0m7.453s
sys	0m0.068s

Solving data/gqa_ir/Are_there_giraffes__ex__2357952_2377401_2393898_2403340__cand__2320700_2337173_2365633_2377125/
question: Are there giraffes?
intended: 2365633
Candidate: c0
Concept: Exists q0: tree. True
Candidate Name: data/gqa_ir/Are_there_giraffes__ex__2357952_2377401_2393898_2403340__cand__2320700_2337173_2365633_2377125//ir/test/2320700.json


real	0m8.235s
user	0m8.039s
sys	0m0.056s

Solving data/gqa_ir/Are_there_horses_in_this_picture__ex__2343224_2347098_2386806_2409771__cand__2368619_2389597_2402885_2403944/
question: Are there horses in this picture?
intended: 2402885
Candidate: c0
Concept: Exists q0: horse. True
Candidate Name: data/gqa_ir/Are_there_horses_in_this_picture__ex__2343224_2347098_2386806_2409771__cand__2368619_2389597_2402885_2403944//ir/test/2402885.json


real	0m13.104s
user	0m12.926s
sys	0m0.076s

Solving data/gqa_ir/Are_there_rackets_in_the_photo__ex__2320944_2329066_2406498_2406795__cand__2330501_2348533_2373593_2379520/
question: Are there rackets in the photo?
intended: 2330501
Candidate: c1
Concept: Exists q0: racket. True
Candidate Name: data/gqa_ir/Are_there_rackets_in_the_photo__ex__2320944_2329066_2406498_2406795__cand__2330501_2348533_2373593_2379520//ir/test/2330501.json


real	0m5.751s
user	0m5.733s
sys	0m0.016s

Solving data/gqa_ir/Are_there_televisions_in_the_picture__ex__2343359_2392309_2397037_2400655__cand__2316018_2384108_2392699_2399959/
question: Are there televisions in the picture?
intended: 2399959
Candidate: c2
Concept: Exists q0: television. True
Candidate Name: data/gqa_ir/Are_there_televisions_in_the_picture__ex__2343359_2392309_2397037_2400655__cand__2316018_2384108_2392699_2399959//ir/test/2399959.json


real	0m11.341s
user	0m11.174s
sys	0m0.072s

Solving data/gqa_ir/Are_there_traffic_lights_in_the_image__ex__2318602_2318781_2343736_2348625__cand__2370083_2371080_2398183_2405083/
question: Are there traffic lights in the image?
intended: 2398183
Candidate: c0
Concept: Exists q0: traffic_light. True
Candidate Name: data/gqa_ir/Are_there_traffic_lights_in_the_image__ex__2318602_2318781_2343736_2348625__cand__2370083_2371080_2398183_2405083//ir/test/2398183.json


real	0m12.864s
user	0m12.567s
sys	0m0.044s

Solving data/gqa_ir/Are_there_trains_in_the_image__ex__2341047_2352954_2386150_2389019__cand__2331000_2359992_2396327_2417856/
question: Are there trains in the image?
intended: 2417856
Candidate: c1
Concept: Exists q0: train. True
Candidate Name: data/gqa_ir/Are_there_trains_in_the_image__ex__2341047_2352954_2386150_2389019__cand__2331000_2359992_2396327_2417856//ir/test/2417856.json


real	0m6.419s
user	0m6.374s
sys	0m0.028s

Solving data/gqa_ir/Are_the_shoes_white__ex__1591832_2324730_2386368_2413863__cand__2348335_2356789_2389017_2396175/
question: Are the shoes white?
intended: 2356789
Candidate: c2
Concept: Exists q0: shoes. white(q0)
Candidate Name: data/gqa_ir/Are_the_shoes_white__ex__1591832_2324730_2386368_2413863__cand__2348335_2356789_2389017_2396175//ir/test/2356789.json


real	0m15.898s
user	0m15.831s
sys	0m0.048s

Solving data/gqa_ir/Does_the_bag_have_white_color__ex__2328327_2339356_2347399_2358512__cand__2353109_2360212_2375471_2407357/
question: Does the bag have white color?
intended: 2353109
Candidate: c2
Concept: Exists q0: bag. white(q0)
Candidate Name: data/gqa_ir/Does_the_bag_have_white_color__ex__2328327_2339356_2347399_2358512__cand__2353109_2360212_2375471_2407357//ir/test/2353109.json


real	0m19.750s
user	0m19.493s
sys	0m0.076s

Solving data/gqa_ir/Does_the_brown_hair_have_long_length__ex__2342855_2343662_2345557_2366218__cand__2334964_2362447_2383187_2411851/
question: Does the brown hair have long length?
intended: 2383187
Candidate: c3
Concept: Exists q0: hand. True
Candidate Name: data/gqa_ir/Does_the_brown_hair_have_long_length__ex__2342855_2343662_2345557_2366218__cand__2334964_2362447_2383187_2411851//ir/test/2334964.json


real	0m10.726s
user	0m10.612s
sys	0m0.044s

Solving data/gqa_ir/Does_the_door_look_open__ex__2345565_2373417_2408765_2411649__cand__2377101_2384530_2387056_2415125/
question: Does the door look open?
intended: 2415125
Candidate: c3
Concept: Exists q0: door. open(q0)
Candidate Name: data/gqa_ir/Does_the_door_look_open__ex__2345565_2373417_2408765_2411649__cand__2377101_2384530_2387056_2415125//ir/test/2415125.json


real	0m15.468s
user	0m15.248s
sys	0m0.072s

Solving data/gqa_ir/Does_the_fence_have_brown_color__ex__2337554_2345246_2414268_285883__cand__1592933_2375431_2382077_2401706/
question: Does the fence have brown color?
intended: 2401706
Candidate: c1
Concept: Exists q0: fence. brown(q0)
Candidate Name: data/gqa_ir/Does_the_fence_have_brown_color__ex__2337554_2345246_2414268_285883__cand__1592933_2375431_2382077_2401706//ir/test/2401706.json


real	0m13.056s
user	0m12.873s
sys	0m0.080s

Solving data/gqa_ir/Does_the_grass_have_brown_color__ex__2345160_2361966_2381834_2412908__cand__2348651_2361362_2409836_242/
question: Does the grass have brown color?
intended: 2409836
Candidate: c2
Concept: Exists q0: grass. brown(q0)
Candidate Name: data/gqa_ir/Does_the_grass_have_brown_color__ex__2345160_2361966_2381834_2412908__cand__2348651_2361362_2409836_242//ir/test/2409836.json


real	0m11.903s
user	0m11.762s
sys	0m0.056s

Solving data/gqa_ir/Does_the_helmet_look_black__ex__2323495_2337981_2367998_2394919__cand__2345268_2366231_2380575_2389279/
question: Does the helmet look black?
intended: 2380575
Candidate: c2
Concept: Exists q0: helmet. black(q0)
Candidate Name: data/gqa_ir/Does_the_helmet_look_black__ex__2323495_2337981_2367998_2394919__cand__2345268_2366231_2380575_2389279//ir/test/2380575.json


real	0m12.964s
user	0m12.309s
sys	0m0.084s

Solving data/gqa_ir/Does_the_jacket_look_gray__ex__2328017_2329015_2399019_2414687__cand__150430_1592822_2321476_2402470/
question: Does the jacket look gray?
intended: 1592822
Candidate: c2
Concept: Exists q0: jacket. gray(q0)
Candidate Name: data/gqa_ir/Does_the_jacket_look_gray__ex__2328017_2329015_2399019_2414687__cand__150430_1592822_2321476_2402470//ir/test/1592822.json


real	0m9.708s
user	0m9.629s
sys	0m0.040s

Solving data/gqa_ir/Does_the_man_wear_a_cap__ex__2347394_2380033_2402239_2405031__cand__2356892_2391502_2397542_2409148/
question: Does the man wear a cap?
intended: 2391502
Candidate: c3
Concept: Exists q0: cap. True
Candidate Name: data/gqa_ir/Does_the_man_wear_a_cap__ex__2347394_2380033_2402239_2405031__cand__2356892_2391502_2397542_2409148//ir/test/2391502.json


real	0m8.661s
user	0m8.462s
sys	0m0.088s

Solving data/gqa_ir/Does_the_man_wear_a_jacket__ex__2327700_2356892_2380592_2401958__cand__2337462_2353933_2391502_2411819/
question: Does the man wear a jacket?
intended: 2353933
Candidate: c1
Concept: Exists q0: jacket. True
Candidate Name: data/gqa_ir/Does_the_man_wear_a_jacket__ex__2327700_2356892_2380592_2401958__cand__2337462_2353933_2391502_2411819//ir/test/2353933.json


real	0m9.149s
user	0m8.792s
sys	0m0.080s

Solving data/gqa_ir/Does_the_skateboard_look_blue__ex__2376958_2382104_2399596_2408067__cand__2333767_2376279_2398133_2414692/
question: Does the skateboard look blue?
intended: 2376279
Candidate: c1
Concept: Exists q0: skateboard. blue(q0)
Candidate Name: data/gqa_ir/Does_the_skateboard_look_blue__ex__2376958_2382104_2399596_2408067__cand__2333767_2376279_2398133_2414692//ir/test/2376279.json


real	0m9.536s
user	0m9.439s
sys	0m0.044s

Solving data/gqa_ir/Does_the_sky_appear_to_be_cloudy__ex__2376374_2382911_2403288_2414327__cand__2397853_2398506_2404303_2408191/
question: Does the sky appear to be cloudy?
intended: 2404303
Candidate: c0
Concept: Exists q0: sky. cloudy(q0)
Candidate Name: data/gqa_ir/Does_the_sky_appear_to_be_cloudy__ex__2376374_2382911_2403288_2414327__cand__2397853_2398506_2404303_2408191//ir/test/2404303.json


real	0m16.067s
user	0m15.880s
sys	0m0.076s

Solving data/gqa_ir/Does_the_sky_look_blue__ex__2327858_2344383_2370551_2410580__cand__2318617_2342302_2358121_2415426/
question: Does the sky look blue?
intended: 2358121
Candidate: c0
Concept: Exists q0: sky. blue(q0)
Candidate Name: data/gqa_ir/Does_the_sky_look_blue__ex__2327858_2344383_2370551_2410580__cand__2318617_2342302_2358121_2415426//ir/test/2358121.json


real	0m9.996s
user	0m9.667s
sys	0m0.052s

Solving data/gqa_ir/Does_the_table_have_white_color__ex__2362888_2401644_2402989_2405572__cand__2332967_2373459_2380482_2408973/
question: Does the table have white color?
intended: 2408973
Candidate: c0
Concept: Exists q0: table. white(q0)
Candidate Name: data/gqa_ir/Does_the_table_have_white_color__ex__2362888_2401644_2402989_2405572__cand__2332967_2373459_2380482_2408973//ir/test/2408973.json


real	0m24.932s
user	0m19.481s
sys	0m0.175s

Solving data/gqa_ir/Do_the_shoes_look_white__ex__2355292_2384641_2394386_2404459__cand__2334700_2355702_2366005_2385851/
question: Do the shoes look white?
intended: 2366005
Candidate: c2
Concept: Exists q0: shoes. white(q0)
Candidate Name: data/gqa_ir/Do_the_shoes_look_white__ex__2355292_2384641_2394386_2404459__cand__2334700_2355702_2366005_2385851//ir/test/2366005.json


real	0m19.435s
user	0m18.181s
sys	0m0.116s

Solving data/gqa_ir/Do_the_shorts_look_red__ex__2353502_2398560_2402250_2405726__cand__2319170_2377006_2404702_498343/
question: Do the shorts look red?
intended: 2377006
Candidate: c3
Concept: Exists q0: shorts. red(q0)
Candidate Name: data/gqa_ir/Do_the_shorts_look_red__ex__2353502_2398560_2402250_2405726__cand__2319170_2377006_2404702_498343//ir/test/2377006.json


real	0m17.475s
user	0m16.465s
sys	0m0.056s

Solving data/gqa_ir/Do_the_trousers_look_blue__ex__2330479_2335527_2369773_2387916__cand__1778_2343476_2414329_285808/
question: Do the trousers look blue?
intended: 285808
Candidate: c1
Concept: Exists q0: pants. blue(q0)
Candidate Name: data/gqa_ir/Do_the_trousers_look_blue__ex__2330479_2335527_2369773_2387916__cand__1778_2343476_2414329_285808//ir/test/285808.json


real	0m34.906s
user	0m23.983s
sys	0m0.259s

Solving data/gqa_ir/Do_you_see_a_fence_that_is_not_made_of_wood__ex__2366346_2383725_2396751_2406624__cand__2344672_2383084_2395084_2405675/
question: Do you see a fence that is not made of wood?
intended: 2383084
Candidate: c3
Concept: Exists q0: tree. True
Candidate Name: data/gqa_ir/Do_you_see_a_fence_that_is_not_made_of_wood__ex__2366346_2383725_2396751_2406624__cand__2344672_2383084_2395084_2405675//ir/test/2405675.json


real	0m24.101s
user	0m18.305s
sys	0m0.184s

Solving data/gqa_ir/Do_you_see_an_elephant_there__ex__2338410_2367936_2374342_285886__cand__2324267_2335897_2348333_2378975/
question: Do you see an elephant there?
intended: 2324267
Candidate: c2
Concept: Exists q0: elephant. True
Candidate Name: data/gqa_ir/Do_you_see_an_elephant_there__ex__2338410_2367936_2374342_285886__cand__2324267_2335897_2348333_2378975//ir/test/2324267.json


real	0m13.503s
user	0m12.566s
sys	0m0.132s

Solving data/gqa_ir/Do_you_see_an_umbrella_there__ex__2355384_2374243_2391234_2407130__cand__2326544_2366723_2375712_2416781/
question: Do you see an umbrella there?
intended: 2326544
No discriminator found for puzzle data/gqa_ir/Do_you_see_an_umbrella_there__ex__2355384_2374243_2391234_2407130__cand__2326544_2366723_2375712_2416781//ir/.

real	3m10.137s
user	2m59.958s
sys	0m0.447s

Solving data/gqa_ir/Do_you_see_any_chairs__ex__2351062_2370712_2387493_2413143__cand__2320626_2356414_2372773_2401496/
question: Do you see any chairs?
intended: 2320626
Candidate: c3
Concept: Exists q0: chair. True
Candidate Name: data/gqa_ir/Do_you_see_any_chairs__ex__2351062_2370712_2387493_2413143__cand__2320626_2356414_2372773_2401496//ir/test/2320626.json


real	0m13.812s
user	0m13.752s
sys	0m0.056s

Solving data/gqa_ir/Do_you_see_any_meat_there__ex__2327406_2338505_2358247_2368129__cand__2352513_2390701_2401168_2401426/
question: Do you see any meat there?
intended: 2390701
Candidate: c3
Concept: Exists q0: meat. True
Candidate Name: data/gqa_ir/Do_you_see_any_meat_there__ex__2327406_2338505_2358247_2368129__cand__2352513_2390701_2401168_2401426//ir/test/2390701.json


real	0m9.336s
user	0m9.296s
sys	0m0.040s

Solving data/gqa_ir/Do_you_see_any_mirrors__ex__150399_2376140_2384208_2405079__cand__2364086_2394499_2410146_2414765/
question: Do you see any mirrors?
intended: 2414765
Candidate: c1
Concept: Exists q0: mirror. True
Candidate Name: data/gqa_ir/Do_you_see_any_mirrors__ex__150399_2376140_2384208_2405079__cand__2364086_2394499_2410146_2414765//ir/test/2414765.json


real	0m7.340s
user	0m7.288s
sys	0m0.052s

Solving data/gqa_ir/Do_you_see_any_towels__ex__2376019_2382962_2390013_2411830__cand__2370681_2408874_2410894_2414839/
question: Do you see any towels?
intended: 2370681
Candidate: c2
Concept: Exists q0: towel. True
Candidate Name: data/gqa_ir/Do_you_see_any_towels__ex__2376019_2382962_2390013_2411830__cand__2370681_2408874_2410894_2414839//ir/test/2370681.json


real	0m13.849s
user	0m13.793s
sys	0m0.036s

Solving data/gqa_ir/Do_you_see_any_women__ex__2323845_2373352_2374141_2382211__cand__2328781_2359753_2390895_2402618/
question: Do you see any women?
intended: 2402618
Candidate: c1
Concept: Exists q0: woman. True
Candidate Name: data/gqa_ir/Do_you_see_any_women__ex__2323845_2373352_2374141_2382211__cand__2328781_2359753_2390895_2402618//ir/test/2402618.json


real	0m7.087s
user	0m7.047s
sys	0m0.032s

Solving data/gqa_ir/Do_you_see_giraffes_there__ex__2333387_2365155_2404008_2409746__cand__2332761_2367827_2369286_2409207/
question: Do you see giraffes there?
intended: 2367827
Candidate: c0
Concept: Exists q0: giraffe. True
Candidate Name: data/gqa_ir/Do_you_see_giraffes_there__ex__2333387_2365155_2404008_2409746__cand__2332761_2367827_2369286_2409207//ir/test/2367827.json


real	0m5.110s
user	0m5.079s
sys	0m0.024s

Solving data/gqa_ir/Is_the_bag_in_the_bottom__ex__2326532_2368484_2373341_2405837__cand__2356205_2373141_2377413_2395342/
question: Is the bag in the bottom?
intended: 2356205
No discriminator found for puzzle data/gqa_ir/Is_the_bag_in_the_bottom__ex__2326532_2368484_2373341_2405837__cand__2356205_2373141_2377413_2395342//ir/.

real	1m40.655s
user	1m40.395s
sys	0m0.088s

Solving data/gqa_ir/Is_the_bicycle_on_the_right__ex__1592158_2360444_2363325_2416037__cand__2335060_2356376_2371310_713135/
question: Is the bicycle on the right?
intended: 2335060
No discriminator found for puzzle data/gqa_ir/Is_the_bicycle_on_the_right__ex__1592158_2360444_2363325_2416037__cand__2335060_2356376_2371310_713135//ir/.

real	1m20.599s
user	1m20.405s
sys	0m0.068s

Solving data/gqa_ir/Is_the_blanket_on_the_left_side__ex__2317777_2356062_2390660_2391669__cand__2321077_2325123_2363307_2374737/
question: Is the blanket on the left side?
intended: 2321077
No discriminator found for puzzle data/gqa_ir/Is_the_blanket_on_the_left_side__ex__2317777_2356062_2390660_2391669__cand__2321077_2325123_2363307_2374737//ir/.

real	2m49.837s
user	2m49.597s
sys	0m0.096s

Solving data/gqa_ir/Is_the_blanket_white__ex__2340123_2348878_2387989_2415900__cand__2370714_2402043_2404155_2409725/
question: Is the blanket white?
intended: 2409725
Candidate: c0
Concept: Exists q0: blanket. white(q0)
Candidate Name: data/gqa_ir/Is_the_blanket_white__ex__2340123_2348878_2387989_2415900__cand__2370714_2402043_2404155_2409725//ir/test/2409725.json


real	0m14.785s
user	0m14.733s
sys	0m0.036s

Solving data/gqa_ir/Is_the_camera_on_the_right__ex__2325671_2333306_2335125_2342735__cand__2340671_2347494_2411316_2412606/
question: Is the camera on the right?
intended: 2412606
No discriminator found for puzzle data/gqa_ir/Is_the_camera_on_the_right__ex__2325671_2333306_2335125_2342735__cand__2340671_2347494_2411316_2412606//ir/.

real	1m0.901s
user	1m0.583s
sys	0m0.068s

Solving data/gqa_ir/Is_the_car_in_the_bottom_part_of_the_photo__ex__2353076_2380332_2396127_3040__cand__2327613_2352554_2353660_2379515/
question: Is the car in the bottom part of the photo?
intended: 2379515
No discriminator found for puzzle data/gqa_ir/Is_the_car_in_the_bottom_part_of_the_photo__ex__2353076_2380332_2396127_3040__cand__2327613_2352554_2353660_2379515//ir/.

real	1m2.068s
user	1m1.981s
sys	0m0.064s

Solving data/gqa_ir/Is_the_car_yellow__ex__2327688_2335189_2347780_2356930__cand__2334_2334616_2388047_2403274/
question: Is the car yellow?
intended: 2334
Candidate: c2
Concept: Exists q0: car. yellow(q0)
Candidate Name: data/gqa_ir/Is_the_car_yellow__ex__2327688_2335189_2347780_2356930__cand__2334_2334616_2388047_2403274//ir/test/2334.json


real	0m8.224s
user	0m8.192s
sys	0m0.032s

Solving data/gqa_ir/Is_the_chair_in_the_bottom_part_of_the_image__ex__2320103_2323144_2338091_2344777__cand__2320226_2400427_2414033_7/
question: Is the chair in the bottom part of the image?
intended: 7
No discriminator found for puzzle data/gqa_ir/Is_the_chair_in_the_bottom_part_of_the_image__ex__2320103_2323144_2338091_2344777__cand__2320226_2400427_2414033_7//ir/.

real	2m2.068s
user	2m1.743s
sys	0m0.112s

Solving data/gqa_ir/Is_the_clock_on_the_right_side__ex__2343491_2346302_2350017_2409989__cand__1159469_1592617_2408627_2417125/
question: Is the clock on the right side?
intended: 1159469
No discriminator found for puzzle data/gqa_ir/Is_the_clock_on_the_right_side__ex__2343491_2346302_2350017_2409989__cand__1159469_1592617_2408627_2417125//ir/.

real	1m5.550s
user	1m5.513s
sys	0m0.036s

Solving data/gqa_ir/Is_the_fence_made_of_metal__ex__2327959_2348727_2388561_2414483__cand__2333721_2368672_2411554_285944/
question: Is the fence made of metal?
intended: 2333721
Candidate: c3
Concept: Exists q0: fence. metal(q0)
Candidate Name: data/gqa_ir/Is_the_fence_made_of_metal__ex__2327959_2348727_2388561_2414483__cand__2333721_2368672_2411554_285944//ir/test/2333721.json


real	0m9.782s
user	0m9.666s
sys	0m0.056s

Solving data/gqa_ir/Is_the_fence_on_the_right__ex__2322611_2324291_2382890_2411303__cand__2338847_2371392_2385452_2389713/
question: Is the fence on the right?
intended: 2338847
No discriminator found for puzzle data/gqa_ir/Is_the_fence_on_the_right__ex__2322611_2324291_2382890_2411303__cand__2338847_2371392_2385452_2389713//ir/.

real	1m22.002s
user	1m21.942s
sys	0m0.032s

Solving data/gqa_ir/Is_the_flag_red__ex__2321336_2357651_2388229_2401715__cand__1592606_2343294_2369678_2377941/
question: Is the flag red?
intended: 2377941
Candidate: c3
Concept: Exists q0: flag. red(q0)
Candidate Name: data/gqa_ir/Is_the_flag_red__ex__2321336_2357651_2388229_2401715__cand__1592606_2343294_2369678_2377941//ir/test/2377941.json


real	0m12.533s
user	0m12.419s
sys	0m0.072s

Solving data/gqa_ir/Is_the_hat_brown__ex__2348398_2382044_2382280_713052__cand__2329321_2351097_2356602_2396873/
question: Is the hat brown?
intended: 2396873
Candidate: c2
Concept: Exists q0: hat. brown(q0)
Candidate Name: data/gqa_ir/Is_the_hat_brown__ex__2348398_2382044_2382280_713052__cand__2329321_2351097_2356602_2396873//ir/test/2396873.json


real	0m9.134s
user	0m9.072s
sys	0m0.036s

Solving data/gqa_ir/Is_the_helmet_blue__ex__2332934_2386744_2403064_2410237__cand__2322739_2348051_2368196_2371313/
question: Is the helmet blue?
intended: 2348051
Candidate: c1
Concept: Exists q0: helmet. blue(q0)
Candidate Name: data/gqa_ir/Is_the_helmet_blue__ex__2332934_2386744_2403064_2410237__cand__2322739_2348051_2368196_2371313//ir/test/2348051.json


real	0m9.880s
user	0m9.835s
sys	0m0.044s

Solving data/gqa_ir/Is_the_helmet_on_the_right_side__ex__2337981_2353809_2365927_2400556__cand__2315995_2357519_2365886_2381301/
question: Is the helmet on the right side?
intended: 2357519
No discriminator found for puzzle data/gqa_ir/Is_the_helmet_on_the_right_side__ex__2337981_2353809_2365927_2400556__cand__2315995_2357519_2365886_2381301//ir/.

real	1m26.037s
user	1m25.946s
sys	0m0.048s

Solving data/gqa_ir/Is_the_lamp_white__ex__1523_2332687_2369340_2399361__cand__2363356_2401757_2405073_2407461/
question: Is the lamp white?
intended: 2405073
Candidate: c3
Concept: Exists q0: lamp. white(q0)
Candidate Name: data/gqa_ir/Is_the_lamp_white__ex__1523_2332687_2369340_2399361__cand__2363356_2401757_2405073_2407461//ir/test/2405073.json


real	0m10.507s
user	0m10.437s
sys	0m0.032s

Solving data/gqa_ir/Is_the_mane_black__ex__2320894_2334831_2359226_2413583__cand__2337997_2340296_2373762_2377678/
question: Is the mane black?
intended: 2340296
Candidate: c2
Concept: Exists q0: mane. black(q0)
Candidate Name: data/gqa_ir/Is_the_mane_black__ex__2320894_2334831_2359226_2413583__cand__2337997_2340296_2373762_2377678//ir/test/2340296.json


real	0m8.078s
user	0m7.997s
sys	0m0.048s

Solving data/gqa_ir/Is_the_man_in_the_bottom_of_the_photo__ex__2318611_2323912_2377103_2390443__cand__2335103_2346814_2354442_2389242/
question: Is the man in the bottom of the photo?
intended: 2389242
No discriminator found for puzzle data/gqa_ir/Is_the_man_in_the_bottom_of_the_photo__ex__2318611_2323912_2377103_2390443__cand__2335103_2346814_2354442_2389242//ir/.

real	1m5.671s
user	1m5.478s
sys	0m0.088s

Solving data/gqa_ir/Is_the_man_to_the_left_of_the_woman__ex__2308_2370576_2402053_2415720__cand__2368355_2383399_2413900_713575/
question: Is the man to the left of the woman?
intended: 2413900
Candidate: c2
Concept: Exists q0: woman. Exists q1: man. to_the_right_of(q0,q1)
Candidate Name: data/gqa_ir/Is_the_man_to_the_left_of_the_woman__ex__2308_2370576_2402053_2415720__cand__2368355_2383399_2413900_713575//ir/test/2413900.json


real	8m44.110s
user	8m10.571s
sys	0m1.812s

Solving data/gqa_ir/Is_the_man_to_the_right_of_a_bottle__ex__2337022_2363502_2371941_2380000__cand__2358931_2366441_2367022_2371609/
question: Is the man to the right of a bottle?
intended: 2367022
Candidate: c2
Concept: Exists q0: bottle. True
Candidate Name: data/gqa_ir/Is_the_man_to_the_right_of_a_bottle__ex__2337022_2363502_2371941_2380000__cand__2358931_2366441_2367022_2371609//ir/test/2367022.json


real	0m18.332s
user	0m18.061s
sys	0m0.064s

Solving data/gqa_ir/Is_the_napkin_in_the_bottom_of_the_photo__ex__2396449_2404153_2404742_2417975__cand__150299_2350023_2361705_2386521/
question: Is the napkin in the bottom of the photo?
intended: 2350023
No discriminator found for puzzle data/gqa_ir/Is_the_napkin_in_the_bottom_of_the_photo__ex__2396449_2404153_2404742_2417975__cand__150299_2350023_2361705_2386521//ir/.

real	2m18.706s
user	2m18.470s
sys	0m0.112s

Solving data/gqa_ir/Is_the_napkin_on_the_left_side__ex__2322440_2376937_2382780_2404985__cand__2368744_2374127_2384716_2417606/
question: Is the napkin on the left side?
intended: 2384716
Candidate: c3
Concept: Exists q0: table. Exists q1: bowl. True
Candidate Name: data/gqa_ir/Is_the_napkin_on_the_left_side__ex__2322440_2376937_2382780_2404985__cand__2368744_2374127_2384716_2417606//ir/test/2374127.json


real	4m4.572s
user	4m4.094s
sys	0m0.140s

Solving data/gqa_ir/Is_there_a_bird_in_the_picture__ex__2362360_2383787_2389005_2390486__cand__150398_2326009_2365641_2373160/
question: Is there a bird in the picture?
intended: 2326009
Candidate: c1
Concept: Exists q0: bird. True
Candidate Name: data/gqa_ir/Is_there_a_bird_in_the_picture__ex__2362360_2383787_2389005_2390486__cand__150398_2326009_2365641_2373160//ir/test/2326009.json


real	0m4.609s
user	0m4.586s
sys	0m0.012s

Solving data/gqa_ir/Is_there_a_blanket_in_the_image__ex__2321353_2362072_2366817_2416783__cand__2324788_2328811_2361002_2372775/
question: Is there a blanket in the image?
intended: 2324788
Candidate: c0
Concept: Exists q0: blanket. True
Candidate Name: data/gqa_ir/Is_there_a_blanket_in_the_image__ex__2321353_2362072_2366817_2416783__cand__2324788_2328811_2361002_2372775//ir/test/2324788.json


real	0m7.553s
user	0m7.493s
sys	0m0.052s

Solving data/gqa_ir/Is_there_a_boat__ex__2316545_2360338_2360891_2363522__cand__2324070_2344262_2372421_2411071/
question: Is there a boat?
intended: 2344262
Candidate: c1
Concept: Exists q0: boat. True
Candidate Name: data/gqa_ir/Is_there_a_boat__ex__2316545_2360338_2360891_2363522__cand__2324070_2344262_2372421_2411071//ir/test/2344262.json


real	0m8.306s
user	0m8.257s
sys	0m0.024s

Solving data/gqa_ir/Is_there_a_boat_in_this_image__ex__2317941_2373135_2380944_2403268__cand__2336119_2365883_2388197_2397653/
question: Is there a boat in this image?
intended: 2397653
Candidate: c1
Concept: Exists q0: boat. True
Candidate Name: data/gqa_ir/Is_there_a_boat_in_this_image__ex__2317941_2373135_2380944_2403268__cand__2336119_2365883_2388197_2397653//ir/test/2397653.json


real	0m7.098s
user	0m7.079s
sys	0m0.016s

Solving data/gqa_ir/Is_there_a_bottle_in_the_photo__ex__2321876_2394764_2397152_2407065__cand__2329744_2332428_2370614_404/
question: Is there a bottle in the photo?
intended: 2329744
Candidate: c1
Concept: Exists q0: bottle. True
Candidate Name: data/gqa_ir/Is_there_a_bottle_in_the_photo__ex__2321876_2394764_2397152_2407065__cand__2329744_2332428_2370614_404//ir/test/2329744.json


real	0m8.592s
user	0m8.542s
sys	0m0.040s

Solving data/gqa_ir/Is_there_a_bus_in_the_photograph__ex__2347627_2356178_2358710_2359450__cand__2318004_2389478_2413360_3247/
question: Is there a bus in the photograph?
intended: 2318004
Candidate: c0
Concept: Exists q0: ground. True
Candidate Name: data/gqa_ir/Is_there_a_bus_in_the_photograph__ex__2347627_2356178_2358710_2359450__cand__2318004_2389478_2413360_3247//ir/test/2318004.json


real	0m9.398s
user	0m9.333s
sys	0m0.040s

Solving data/gqa_ir/Is_there_a_bus_in_this_scene__ex__2353705_2357366_2372234_2406006__cand__2353970_2372596_2396147_2401075/
question: Is there a bus in this scene?
intended: 2401075
Candidate: c1
Concept: Exists q0: car. True
Candidate Name: data/gqa_ir/Is_there_a_bus_in_this_scene__ex__2353705_2357366_2372234_2406006__cand__2353970_2372596_2396147_2401075//ir/test/2372596.json


real	0m8.457s
user	0m8.421s
sys	0m0.032s

Solving data/gqa_ir/Is_there_a_cow_in_the_picture__ex__2331446_2365953_2366639_2368387__cand__2338829_2360074_2390630_2391353/
question: Is there a cow in the picture?
intended: 2338829
No discriminator found for puzzle data/gqa_ir/Is_there_a_cow_in_the_picture__ex__2331446_2365953_2366639_2368387__cand__2338829_2360074_2390630_2391353//ir/.

real	0m28.923s
user	0m28.861s
sys	0m0.032s

Solving data/gqa_ir/Is_there_a_dog_in_the_photo__ex__2371137_2372037_2381489_2399069__cand__1593035_2349319_2403052_2403281/
question: Is there a dog in the photo?
intended: 1593035
Candidate: c3
Concept: Exists q0: dog. True
Candidate Name: data/gqa_ir/Is_there_a_dog_in_the_photo__ex__2371137_2372037_2381489_2399069__cand__1593035_2349319_2403052_2403281//ir/test/1593035.json


real	0m6.534s
user	0m6.500s
sys	0m0.028s

Solving data/gqa_ir/Is_there_a_dog_that_is_not_white__ex__2393921_2399069_2402433_2403048__cand__2316441_2378801_2398346_2406798/
question: Is there a dog that is not white?
intended: 2398346
No discriminator found for puzzle data/gqa_ir/Is_there_a_dog_that_is_not_white__ex__2393921_2399069_2402433_2403048__cand__2316441_2378801_2398346_2406798//ir/.

real	1m5.367s
user	1m5.279s
sys	0m0.048s

Solving data/gqa_ir/Is_there_a_duck_in_the_picture__ex__2351612_2388121_2391961_2395159__cand__2373391_2388693_2394490_2411408/
question: Is there a duck in the picture?
intended: 2388693
No discriminator found for puzzle data/gqa_ir/Is_there_a_duck_in_the_picture__ex__2351612_2388121_2391961_2395159__cand__2373391_2388693_2394490_2411408//ir/.

real	0m45.280s
user	0m45.173s
sys	0m0.040s

Solving data/gqa_ir/Is_there_a_fence_that_is_tall__ex__2315361_2324546_2362688_2370334__cand__2337162_2342912_2390430_2400295/
question: Is there a fence that is tall?
intended: 2400295
Candidate: c1
Concept: Exists q0: fence. tall(q0)
Candidate Name: data/gqa_ir/Is_there_a_fence_that_is_tall__ex__2315361_2324546_2362688_2370334__cand__2337162_2342912_2390430_2400295//ir/test/2400295.json


real	0m11.504s
user	0m11.460s
sys	0m0.028s

Solving data/gqa_ir/Is_there_an_umbrella_in_the_photograph__ex__2320737_2369332_2380986_3722__cand__1592911_2348892_2383345_2417085/
question: Is there an umbrella in the photograph?
intended: 2383345
Candidate: c3
Concept: Exists q0: umbrella. True
Candidate Name: data/gqa_ir/Is_there_an_umbrella_in_the_photograph__ex__2320737_2369332_2380986_3722__cand__1592911_2348892_2383345_2417085//ir/test/2383345.json


real	0m9.580s
user	0m9.530s
sys	0m0.044s

Solving data/gqa_ir/Is_there_an_umbrella_in_this_image__ex__1591821_2331052_2386188_2417087__cand__1159964_2337283_2350149_2410469/
question: Is there an umbrella in this image?
intended: 2350149
Candidate: c1
Concept: Exists q0: umbrella. True
Candidate Name: data/gqa_ir/Is_there_an_umbrella_in_this_image__ex__1591821_2331052_2386188_2417087__cand__1159964_2337283_2350149_2410469//ir/test/2350149.json


real	0m9.513s
user	0m9.464s
sys	0m0.044s

Solving data/gqa_ir/Is_there_any_boat_in_the_picture__ex__2345929_2367673_2415596_713557__cand__2340747_2365815_2372113_2405972/
question: Is there any boat in the picture?
intended: 2372113
Candidate: c1
Concept: Exists q0: boat. True
Candidate Name: data/gqa_ir/Is_there_any_boat_in_the_picture__ex__2345929_2367673_2415596_713557__cand__2340747_2365815_2372113_2405972//ir/test/2372113.json


real	0m7.119s
user	0m7.089s
sys	0m0.028s

Solving data/gqa_ir/Is_there_any_cheese_in_the_photo__ex__2325290_2344934_2346033_2398243__cand__2317928_2355294_2371425_94/
question: Is there any cheese in the photo?
intended: 2317928
Candidate: c2
Concept: Exists q0: cheese. True
Candidate Name: data/gqa_ir/Is_there_any_cheese_in_the_photo__ex__2325290_2344934_2346033_2398243__cand__2317928_2355294_2371425_94//ir/test/2317928.json


real	0m6.510s
user	0m6.456s
sys	0m0.052s

Solving data/gqa_ir/Is_there_any_fence_in_the_image__ex__2336406_2369173_2389444_2408629__cand__2364171_2369644_2374565_2408600/
question: Is there any fence in the image?
intended: 2408600
Candidate: c0
Concept: Exists q0: fence. True
Candidate Name: data/gqa_ir/Is_there_any_fence_in_the_image__ex__2336406_2369173_2389444_2408629__cand__2364171_2369644_2374565_2408600//ir/test/2408600.json


real	0m14.591s
user	0m14.531s
sys	0m0.048s

Solving data/gqa_ir/Is_there_any_food_in_this_photo__ex__2321915_2335763_2397075_2400059__cand__2320686_2329624_2380245_713769/
question: Is there any food in this photo?
intended: 713769
Candidate: c3
Concept: Exists q0: food. True
Candidate Name: data/gqa_ir/Is_there_any_food_in_this_photo__ex__2321915_2335763_2397075_2400059__cand__2320686_2329624_2380245_713769//ir/test/713769.json


real	0m8.365s
user	0m8.337s
sys	0m0.020s

Solving data/gqa_ir/Is_there_any_grass_in_the_photo_that_is_green__ex__1592108_2342449_2410164_3830__cand__2365238_2374716_2379275_2411651/
question: Is there any grass in the photo that is green?
intended: 2411651
Candidate: c0
Concept: Exists q0: grass. green(q0)
Candidate Name: data/gqa_ir/Is_there_any_grass_in_the_photo_that_is_green__ex__1592108_2342449_2410164_3830__cand__2365238_2374716_2379275_2411651//ir/test/2411651.json


real	0m13.924s
user	0m13.875s
sys	0m0.044s

Solving data/gqa_ir/Is_there_any_grass_in_this_image_that_is_brown__ex__2323153_2349871_2351625_2373389__cand__2315378_2364888_2398307_2402406/
question: Is there any grass in this image that is brown?
intended: 2315378
Candidate: c2
Concept: Exists q0: grass. brown(q0)
Candidate Name: data/gqa_ir/Is_there_any_grass_in_this_image_that_is_brown__ex__2323153_2349871_2351625_2373389__cand__2315378_2364888_2398307_2402406//ir/test/2315378.json


real	0m10.080s
user	0m10.042s
sys	0m0.028s

Solving data/gqa_ir/Is_there_any_grass_in_this_picture_that_is_green__ex__2358644_2384904_2401380_2407730__cand__2325558_2326090_2335613_2346092/
question: Is there any grass in this picture that is green?
intended: 2325558
Candidate: c2
Concept: Exists q0: grass. green(q0)
Candidate Name: data/gqa_ir/Is_there_any_grass_in_this_picture_that_is_green__ex__2358644_2384904_2401380_2407730__cand__2325558_2326090_2335613_2346092//ir/test/2325558.json


real	0m10.555s
user	0m10.513s
sys	0m0.032s

Solving data/gqa_ir/Is_there_any_grass_that_is_brown_in_the_image__ex__2331095_2349338_2352865_2388189__cand__2351059_2397946_2401194_2406785/
question: Is there any grass that is brown in the image?
intended: 2401194
Candidate: c1
Concept: Exists q0: grass. brown(q0)
Candidate Name: data/gqa_ir/Is_there_any_grass_that_is_brown_in_the_image__ex__2331095_2349338_2352865_2388189__cand__2351059_2397946_2401194_2406785//ir/test/2401194.json


real	0m7.111s
user	0m7.076s
sys	0m0.032s

Solving data/gqa_ir/Is_there_a_racket__ex__2319486_2331061_2342010_2386517__cand__2379334_2402289_2406795_3518/
question: Is there a racket?
intended: 2406795
Candidate: c1
Concept: Exists q0: racket. True
Candidate Name: data/gqa_ir/Is_there_a_racket__ex__2319486_2331061_2342010_2386517__cand__2379334_2402289_2406795_3518//ir/test/2406795.json


real	0m5.391s
user	0m5.359s
sys	0m0.028s

Solving data/gqa_ir/Is_there_a_sandwich_in_the_image__ex__2368491_2395952_2402653_2416040__cand__2367349_2387905_2392750_2416044/
question: Is there a sandwich in the image?
intended: 2392750
Candidate: c2
Concept: Exists q0: sandwich. True
Candidate Name: data/gqa_ir/Is_there_a_sandwich_in_the_image__ex__2368491_2395952_2402653_2416040__cand__2367349_2387905_2392750_2416044//ir/test/2392750.json


real	0m7.735s
user	0m7.673s
sys	0m0.036s

Solving data/gqa_ir/Is_there_a_sheep_in_the_picture__ex__2320581_2373306_2389746_2398544__cand__2364338_2375163_2396667_2417103/
question: Is there a sheep in the picture?
intended: 2364338
Candidate: c0
Concept: Exists q0: sheep. True
Candidate Name: data/gqa_ir/Is_there_a_sheep_in_the_picture__ex__2320581_2373306_2389746_2398544__cand__2364338_2375163_2396667_2417103//ir/test/2364338.json


real	0m5.601s
user	0m5.570s
sys	0m0.016s

Solving data/gqa_ir/Is_there_a_skateboard_in_the_picture__ex__2321685_2333767_2339017_2347361__cand__2329730_2335518_2343730_2345653/
question: Is there a skateboard in the picture?
intended: 2345653
Candidate: c3
Concept: Exists q0: skateboard. True
Candidate Name: data/gqa_ir/Is_there_a_skateboard_in_the_picture__ex__2321685_2333767_2339017_2347361__cand__2329730_2335518_2343730_2345653//ir/test/2345653.json


real	0m4.526s
user	0m4.475s
sys	0m0.036s

Solving data/gqa_ir/Is_there_a_woman_that_is_sitting__ex__1159969_2363300_2371249_2389226__cand__2355842_2389191_2409397_2412365/
question: Is there a woman that is sitting?
intended: 2412365
Candidate: c0
Concept: Exists q0: woman. sitting(q0)
Candidate Name: data/gqa_ir/Is_there_a_woman_that_is_sitting__ex__1159969_2363300_2371249_2389226__cand__2355842_2389191_2409397_2412365//ir/test/2412365.json


real	0m18.443s
user	0m18.364s
sys	0m0.052s

Solving data/gqa_ir/Is_the_shirt_short_sleeved__ex__2360106_2390125_2390278_713821__cand__2323481_2330624_2386788_2388614/
question: Is the shirt short sleeved?
intended: 2388614
Candidate: c3
Concept: Exists q0: hair. True
Candidate Name: data/gqa_ir/Is_the_shirt_short_sleeved__ex__2360106_2390125_2390278_713821__cand__2323481_2330624_2386788_2388614//ir/test/2330624.json


real	0m5.949s
user	0m5.906s
sys	0m0.028s

Solving data/gqa_ir/Is_the_sky_overcast__ex__2344670_2398025_2405180_2414013__cand__2366705_2383071_2387896_2402057/
question: Is the sky overcast?
intended: 2366705
Candidate: c2
Concept: Exists q0: sky. overcast(q0)
Candidate Name: data/gqa_ir/Is_the_sky_overcast__ex__2344670_2398025_2405180_2414013__cand__2366705_2383071_2387896_2402057//ir/test/2366705.json


real	0m9.390s
user	0m9.317s
sys	0m0.032s

Solving data/gqa_ir/Is_the_table_made_of_glass__ex__2345624_2378441_2388050_2408916__cand__2351051_2365990_2377106_2416650/
question: Is the table made of glass?
intended: 2377106
Candidate: c2
Concept: Exists q0: glass. True
Candidate Name: data/gqa_ir/Is_the_table_made_of_glass__ex__2345624_2378441_2388050_2408916__cand__2351051_2365990_2377106_2416650//ir/test/2377106.json


real	0m9.079s
user	0m9.033s
sys	0m0.028s

Solving data/gqa_ir/Is_the_truck_blue__ex__2390036_2405053_2406276_993__cand__1592429_2352257_2406549_2412527/
question: Is the truck blue?
intended: 2412527
Candidate: c3
Concept: Exists q0: truck. blue(q0)
Candidate Name: data/gqa_ir/Is_the_truck_blue__ex__2390036_2405053_2406276_993__cand__1592429_2352257_2406549_2412527//ir/test/2412527.json


real	0m10.537s
user	0m10.507s
sys	0m0.024s

Solving data/gqa_ir/Is_the_woman_in_the_bottom_of_the_picture__ex__2325040_2332909_2388293_2400187__cand__2340333_2360821_2378223_2385157/
question: Is the woman in the bottom of the picture?
intended: 2340333
No discriminator found for puzzle data/gqa_ir/Is_the_woman_in_the_bottom_of_the_picture__ex__2325040_2332909_2388293_2400187__cand__2340333_2360821_2378223_2385157//ir/.

real	1m33.079s
user	1m32.854s
sys	0m0.104s

Solving data/gqa_ir/Is_the_woman_to_the_right_of_a_boy__ex__2353948_2355463_2376122_2415425__cand__2318712_2321662_2325872_2841/
question: Is the woman to the right of a boy?
intended: 2321662
Candidate: c2
Concept: Exists q0: boy. True
Candidate Name: data/gqa_ir/Is_the_woman_to_the_right_of_a_boy__ex__2353948_2355463_2376122_2415425__cand__2318712_2321662_2325872_2841//ir/test/2321662.json


real	0m11.072s
user	0m10.999s
sys	0m0.056s

Solving data/gqa_ir/Is_this_a_white_boat__ex__2333973_2370804_2373351_2385987__cand__1902_2356284_2390986_2406598/
question: Is this a white boat?
intended: 1902
Candidate: c3
Concept: Exists q0: boat. white(q0)
Candidate Name: data/gqa_ir/Is_this_a_white_boat__ex__2333973_2370804_2373351_2385987__cand__1902_2356284_2390986_2406598//ir/test/1902.json


real	0m8.328s
user	0m8.297s
sys	0m0.020s

