Started Logging. 2022-07-09 19:14:07.003738

0.json in train
THRESHOLD relate_behind objs = {'id': '0-0', 'position': [0.00954996794462204, -0.058323804289102554, 0.6864039301872253], 'color': 'red', 'material': 'metal', 'shape': 'cube', 'size': 'large'}, {'id': '0-2', 'position': [-2.795180082321167, -0.21311429142951965, 0.6973963379859924], 'color': 'red', 'material': 'metal', 'shape': 'cylinder', 'size': 'large'}
THRESHOLD relate_front objs = {'id': '0-0', 'position': [0.00954996794462204, -0.058323804289102554, 0.6864039301872253], 'color': 'red', 'material': 'metal', 'shape': 'cube', 'size': 'large'}, {'id': '0-1', 'position': [2.7693676948547363, 0.17594757676124573, 0.6884873509407043], 'color': 'red', 'material': 'metal', 'shape': 'cube', 'size': 'large'}
THRESHOLD relate_behind objs = {'id': '0-1', 'position': [2.7693676948547363, 0.17594757676124573, 0.6884873509407043], 'color': 'red', 'material': 'metal', 'shape': 'cube', 'size': 'large'}, {'id': '0-0', 'position': [0.00954996794462204, -0.058323804289102554, 0.6864039301872253], 'color': 'red', 'material': 'metal', 'shape': 'cube', 'size': 'large'}
THRESHOLD relate_behind objs = {'id': '0-1', 'position': [2.7693676948547363, 0.17594757676124573, 0.6884873509407043], 'color': 'red', 'material': 'metal', 'shape': 'cube', 'size': 'large'}, {'id': '0-2', 'position': [-2.795180082321167, -0.21311429142951965, 0.6973963379859924], 'color': 'red', 'material': 'metal', 'shape': 'cylinder', 'size': 'large'}
THRESHOLD relate_front objs = {'id': '0-2', 'position': [-2.795180082321167, -0.21311429142951965, 0.6973963379859924], 'color': 'red', 'material': 'metal', 'shape': 'cylinder', 'size': 'large'}, {'id': '0-0', 'position': [0.00954996794462204, -0.058323804289102554, 0.6864039301872253], 'color': 'red', 'material': 'metal', 'shape': 'cube', 'size': 'large'}
THRESHOLD relate_front objs = {'id': '0-2', 'position': [-2.795180082321167, -0.21311429142951965, 0.6973963379859924], 'color': 'red', 'material': 'metal', 'shape': 'cylinder', 'size': 'large'}, {'id': '0-1', 'position': [2.7693676948547363, 0.17594757676124573, 0.6884873509407043], 'color': 'red', 'material': 'metal', 'shape': 'cube', 'size': 'large'}
1.json in test
THRESHOLD relate_behind objs = {'id': '1-0', 'position': [2.7601287364959717, 0.26250195503234863, 0.690954864025116], 'color': 'red', 'material': 'metal', 'shape': 'cube', 'size': 'large'}, {'id': '1-2', 'position': [-0.12688413262367249, 0.10172844678163528, 0.6911181211471558], 'color': 'red', 'material': 'metal', 'shape': 'cylinder', 'size': 'large'}
THRESHOLD relate_front objs = {'id': '1-1', 'position': [-2.9474639892578125, -0.18790686130523682, 0.6895783543586731], 'color': 'red', 'material': 'metal', 'shape': 'cube', 'size': 'large'}, {'id': '1-2', 'position': [-0.12688413262367249, 0.10172844678163528, 0.6911181211471558], 'color': 'red', 'material': 'metal', 'shape': 'cylinder', 'size': 'large'}
THRESHOLD relate_behind objs = {'id': '1-2', 'position': [-0.12688413262367249, 0.10172844678163528, 0.6911181211471558], 'color': 'red', 'material': 'metal', 'shape': 'cylinder', 'size': 'large'}, {'id': '1-1', 'position': [-2.9474639892578125, -0.18790686130523682, 0.6895783543586731], 'color': 'red', 'material': 'metal', 'shape': 'cube', 'size': 'large'}
THRESHOLD relate_front objs = {'id': '1-2', 'position': [-0.12688413262367249, 0.10172844678163528, 0.6911181211471558], 'color': 'red', 'material': 'metal', 'shape': 'cylinder', 'size': 'large'}, {'id': '1-0', 'position': [2.7601287364959717, 0.26250195503234863, 0.690954864025116], 'color': 'red', 'material': 'metal', 'shape': 'cube', 'size': 'large'}
2.json in test
THRESHOLD relate_front objs = {'id': '2-0', 'position': [-2.73620343208313, -0.2308710813522339, 0.3486117124557495], 'color': 'red', 'material': 'rubber', 'shape': 'cylinder', 'size': 'small'}, {'id': '2-1', 'position': [-1.3285683393478394, 0.0566539391875267, 0.6924326419830322], 'color': 'red', 'material': 'metal', 'shape': 'cube', 'size': 'large'}
THRESHOLD relate_front objs = {'id': '2-0', 'position': [-2.73620343208313, -0.2308710813522339, 0.3486117124557495], 'color': 'red', 'material': 'rubber', 'shape': 'cylinder', 'size': 'small'}, {'id': '2-2', 'position': [1.532297968864441, 0.03359730541706085, 0.691733717918396], 'color': 'red', 'material': 'metal', 'shape': 'cube', 'size': 'large'}
THRESHOLD relate_behind objs = {'id': '2-1', 'position': [-1.3285683393478394, 0.0566539391875267, 0.6924326419830322], 'color': 'red', 'material': 'metal', 'shape': 'cube', 'size': 'large'}, {'id': '2-0', 'position': [-2.73620343208313, -0.2308710813522339, 0.3486117124557495], 'color': 'red', 'material': 'rubber', 'shape': 'cylinder', 'size': 'small'}
THRESHOLD relate_behind objs = {'id': '2-1', 'position': [-1.3285683393478394, 0.0566539391875267, 0.6924326419830322], 'color': 'red', 'material': 'metal', 'shape': 'cube', 'size': 'large'}, {'id': '2-2', 'position': [1.532297968864441, 0.03359730541706085, 0.691733717918396], 'color': 'red', 'material': 'metal', 'shape': 'cube', 'size': 'large'}
THRESHOLD relate_behind objs = {'id': '2-2', 'position': [1.532297968864441, 0.03359730541706085, 0.691733717918396], 'color': 'red', 'material': 'metal', 'shape': 'cube', 'size': 'large'}, {'id': '2-0', 'position': [-2.73620343208313, -0.2308710813522339, 0.3486117124557495], 'color': 'red', 'material': 'rubber', 'shape': 'cylinder', 'size': 'small'}
THRESHOLD relate_front objs = {'id': '2-2', 'position': [1.532297968864441, 0.03359730541706085, 0.691733717918396], 'color': 'red', 'material': 'metal', 'shape': 'cube', 'size': 'large'}, {'id': '2-1', 'position': [-1.3285683393478394, 0.0566539391875267, 0.6924326419830322], 'color': 'red', 'material': 'metal', 'shape': 'cube', 'size': 'large'}
3.json in test
THRESHOLD relate_behind objs = {'id': '3-0', 'position': [2.6993720531463623, 0.31127628684043884, 0.685910701751709], 'color': 'red', 'material': 'rubber', 'shape': 'cube', 'size': 'large'}, {'id': '3-1', 'position': [-0.022116966545581818, 0.017307039350271225, 0.6891381144523621], 'color': 'red', 'material': 'rubber', 'shape': 'cube', 'size': 'large'}
THRESHOLD relate_behind objs = {'id': '3-1', 'position': [-0.022116966545581818, 0.017307039350271225, 0.6891381144523621], 'color': 'red', 'material': 'rubber', 'shape': 'cube', 'size': 'large'}, {'id': '3-2', 'position': [-2.865432024002075, -0.13145795464515686, 0.6950181126594543], 'color': 'red', 'material': 'metal', 'shape': 'cylinder', 'size': 'large'}
THRESHOLD relate_front objs = {'id': '3-1', 'position': [-0.022116966545581818, 0.017307039350271225, 0.6891381144523621], 'color': 'red', 'material': 'rubber', 'shape': 'cube', 'size': 'large'}, {'id': '3-0', 'position': [2.6993720531463623, 0.31127628684043884, 0.685910701751709], 'color': 'red', 'material': 'rubber', 'shape': 'cube', 'size': 'large'}
THRESHOLD relate_front objs = {'id': '3-2', 'position': [-2.865432024002075, -0.13145795464515686, 0.6950181126594543], 'color': 'red', 'material': 'metal', 'shape': 'cylinder', 'size': 'large'}, {'id': '3-1', 'position': [-0.022116966545581818, 0.017307039350271225, 0.6891381144523621], 'color': 'red', 'material': 'rubber', 'shape': 'cube', 'size': 'large'}
4.json in train
THRESHOLD relate_front objs = {'id': '4-0', 'position': [-2.743623733520508, -0.20855242013931274, 0.3504672050476074], 'color': 'blue', 'material': 'metal', 'shape': 'cylinder', 'size': 'small'}, {'id': '4-1', 'position': [-0.0976129099726677, 0.08118098229169846, 0.3447619676589966], 'color': 'brown', 'material': 'rubber', 'shape': 'cube', 'size': 'small'}
THRESHOLD relate_front objs = {'id': '4-0', 'position': [-2.743623733520508, -0.20855242013931274, 0.3504672050476074], 'color': 'blue', 'material': 'metal', 'shape': 'cylinder', 'size': 'small'}, {'id': '4-3', 'position': [-1.3575282096862793, -0.03587488830089569, 0.36246228218078613], 'color': 'brown', 'material': 'metal', 'shape': 'cube', 'size': 'small'}
THRESHOLD relate_behind objs = {'id': '4-1', 'position': [-0.0976129099726677, 0.08118098229169846, 0.3447619676589966], 'color': 'brown', 'material': 'rubber', 'shape': 'cube', 'size': 'small'}, {'id': '4-0', 'position': [-2.743623733520508, -0.20855242013931274, 0.3504672050476074], 'color': 'blue', 'material': 'metal', 'shape': 'cylinder', 'size': 'small'}
THRESHOLD relate_behind objs = {'id': '4-1', 'position': [-0.0976129099726677, 0.08118098229169846, 0.3447619676589966], 'color': 'brown', 'material': 'rubber', 'shape': 'cube', 'size': 'small'}, {'id': '4-3', 'position': [-1.3575282096862793, -0.03587488830089569, 0.36246228218078613], 'color': 'brown', 'material': 'metal', 'shape': 'cube', 'size': 'small'}
THRESHOLD relate_front objs = {'id': '4-1', 'position': [-0.0976129099726677, 0.08118098229169846, 0.3447619676589966], 'color': 'brown', 'material': 'rubber', 'shape': 'cube', 'size': 'small'}, {'id': '4-2', 'position': [1.3458492755889893, 0.19302430748939514, 0.34410360455513], 'color': 'brown', 'material': 'rubber', 'shape': 'cube', 'size': 'small'}
THRESHOLD relate_behind objs = {'id': '4-2', 'position': [1.3458492755889893, 0.19302430748939514, 0.34410360455513], 'color': 'brown', 'material': 'rubber', 'shape': 'cube', 'size': 'small'}, {'id': '4-1', 'position': [-0.0976129099726677, 0.08118098229169846, 0.3447619676589966], 'color': 'brown', 'material': 'rubber', 'shape': 'cube', 'size': 'small'}
THRESHOLD relate_behind objs = {'id': '4-2', 'position': [1.3458492755889893, 0.19302430748939514, 0.34410360455513], 'color': 'brown', 'material': 'rubber', 'shape': 'cube', 'size': 'small'}, {'id': '4-3', 'position': [-1.3575282096862793, -0.03587488830089569, 0.36246228218078613], 'color': 'brown', 'material': 'metal', 'shape': 'cube', 'size': 'small'}
THRESHOLD relate_behind objs = {'id': '4-3', 'position': [-1.3575282096862793, -0.03587488830089569, 0.36246228218078613], 'color': 'brown', 'material': 'metal', 'shape': 'cube', 'size': 'small'}, {'id': '4-0', 'position': [-2.743623733520508, -0.20855242013931274, 0.3504672050476074], 'color': 'blue', 'material': 'metal', 'shape': 'cylinder', 'size': 'small'}
THRESHOLD relate_front objs = {'id': '4-3', 'position': [-1.3575282096862793, -0.03587488830089569, 0.36246228218078613], 'color': 'brown', 'material': 'metal', 'shape': 'cube', 'size': 'small'}, {'id': '4-1', 'position': [-0.0976129099726677, 0.08118098229169846, 0.3447619676589966], 'color': 'brown', 'material': 'rubber', 'shape': 'cube', 'size': 'small'}
THRESHOLD relate_front objs = {'id': '4-3', 'position': [-1.3575282096862793, -0.03587488830089569, 0.36246228218078613], 'color': 'brown', 'material': 'metal', 'shape': 'cube', 'size': 'small'}, {'id': '4-2', 'position': [1.3458492755889893, 0.19302430748939514, 0.34410360455513], 'color': 'brown', 'material': 'rubber', 'shape': 'cube', 'size': 'small'}
5.json in train
THRESHOLD relate_behind objs = {'id': '5-0', 'position': [-0.034689776599407196, 0.019088372588157654, 0.6881305575370789], 'color': 'blue', 'material': 'metal', 'shape': 'cylinder', 'size': 'large'}, {'id': '5-1', 'position': [1.2560251951217651, -0.010172789916396141, 0.34330493211746216], 'color': 'brown', 'material': 'rubber', 'shape': 'cube', 'size': 'small'}
THRESHOLD relate_front objs = {'id': '5-1', 'position': [1.2560251951217651, -0.010172789916396141, 0.34330493211746216], 'color': 'brown', 'material': 'rubber', 'shape': 'cube', 'size': 'small'}, {'id': '5-0', 'position': [-0.034689776599407196, 0.019088372588157654, 0.6881305575370789], 'color': 'blue', 'material': 'metal', 'shape': 'cylinder', 'size': 'large'}
