Started Logging. 2022-07-09 10:12:10.111657

found bundled python: /home/ubuntu/vdp/data/blender-2.78c-linux-glibc219-x86_64/2.78/python
read blend: /home/ubuntu/vdp/data/clevr_scene_data/base_scene.blend
convertViewVec: called in an invalid context
convertViewVec: called in an invalid context
convertViewVec: called in an invalid context
Fra:1 Mem:17.34M (0.00M, Peak 17.34M) | Time:00:00.00 | Preparing Scene data
Fra:1 Mem:25.35M (0.00M, Peak 26.33M) | Time:00:00.01 | Preparing Scene data
Fra:1 Mem:25.35M (0.00M, Peak 26.33M) | Time:00:00.01 | Creating Shadowbuffers
Fra:1 Mem:25.35M (0.00M, Peak 26.33M) | Time:00:00.01 | Raytree.. preparing
Fra:1 Mem:34.17M (0.00M, Peak 34.17M) | Time:00:00.02 | Raytree.. building
Fra:1 Mem:33.69M (0.00M, Peak 47.46M) | Time:00:00.16 | Raytree finished
Fra:1 Mem:33.69M (0.00M, Peak 47.46M) | Time:00:00.16 | Creating Environment maps
Fra:1 Mem:33.69M (0.00M, Peak 47.46M) | Time:00:00.16 | Caching Point Densities
Fra:1 Mem:33.69M (0.00M, Peak 47.46M) | Time:00:00.16 | Sce: Scene Ve:66054 Fa:64254 La:1
Fra:1 Mem:33.69M (0.00M, Peak 47.46M) | Time:00:00.16 | Loading voxel datasets
Fra:1 Mem:33.69M (0.00M, Peak 47.46M) | Time:00:00.16 | Sce: Scene Ve:66054 Fa:64254 La:1
Fra:1 Mem:33.69M (0.00M, Peak 47.46M) | Time:00:00.16 | Sce: Scene Ve:66054 Fa:64254 La:1
Fra:1 Mem:33.69M (0.00M, Peak 47.46M) | Time:00:00.16 | Volume preprocessing
Fra:1 Mem:33.69M (0.00M, Peak 47.46M) | Time:00:00.16 | Sce: Scene Ve:66054 Fa:64254 La:1
Fra:1 Mem:33.69M (0.00M, Peak 47.46M) | Time:00:00.16 | Sce: Scene Ve:66054 Fa:64254 La:1
Fra:1 Mem:38.04M (0.00M, Peak 47.46M) | Time:00:00.16 | Scene, Part 3-4
Fra:1 Mem:37.72M (0.00M, Peak 47.46M) | Time:00:00.16 | Scene, Part 4-4
Fra:1 Mem:36.79M (0.00M, Peak 47.46M) | Time:00:00.17 | Scene, Part 2-4
Fra:1 Mem:34.94M (0.00M, Peak 47.46M) | Time:00:00.18 | Scene, Part 1-4
Fra:1 Mem:17.23M (0.00M, Peak 47.46M) | Time:00:00.18 | Sce: Scene Ve:66054 Fa:64254 La:1
Saved: '/tmp/tmp97xyvxf5.png'
 Time: 00:00.22 (Saving: 00:00.04)

Fra:1 Mem:17.26M (0.00M, Peak 17.85M) | Time:00:00.04 | Mem:0.00M, Peak:0.00M | Scene, RenderLayer | Synchronizing object | Area
Fra:1 Mem:17.26M (0.00M, Peak 17.85M) | Time:00:00.04 | Mem:0.00M, Peak:0.00M | Scene, RenderLayer | Synchronizing object | Ground
Fra:1 Mem:17.33M (0.00M, Peak 17.85M) | Time:00:00.05 | Mem:0.00M, Peak:0.00M | Scene, RenderLayer | Synchronizing object | Empty
Fra:1 Mem:17.33M (0.00M, Peak 17.85M) | Time:00:00.05 | Mem:0.00M, Peak:0.00M | Scene, RenderLayer | Synchronizing object | Lamp_Back
Fra:1 Mem:17.33M (0.00M, Peak 17.85M) | Time:00:00.05 | Mem:0.00M, Peak:0.00M | Scene, RenderLayer | Synchronizing object | Lamp_Fill
Fra:1 Mem:17.33M (0.00M, Peak 17.85M) | Time:00:00.05 | Mem:0.00M, Peak:0.00M | Scene, RenderLayer | Synchronizing object | Lamp_Key
Fra:1 Mem:17.33M (0.00M, Peak 17.85M) | Time:00:00.05 | Mem:0.00M, Peak:0.00M | Scene, RenderLayer | Synchronizing object | Camera
Fra:1 Mem:17.33M (0.00M, Peak 17.85M) | Time:00:00.05 | Mem:0.00M, Peak:0.00M | Scene, RenderLayer | Synchronizing object | Sphere_0
Fra:1 Mem:18.82M (0.00M, Peak 20.26M) | Time:00:00.05 | Mem:0.00M, Peak:0.00M | Scene, RenderLayer | Synchronizing object | SmoothCylinder_0
Fra:1 Mem:21.60M (0.00M, Peak 24.82M) | Time:00:00.06 | Mem:0.00M, Peak:0.00M | Scene, RenderLayer | Synchronizing object | Sphere_1
Fra:1 Mem:23.10M (0.00M, Peak 24.82M) | Time:00:00.06 | Mem:0.00M, Peak:0.00M | Scene, RenderLayer | Initializing
Fra:1 Mem:23.10M (0.00M, Peak 24.82M) | Time:00:00.07 | Mem:0.00M, Peak:0.00M | Scene, RenderLayer | Loading render kernels (may take a few minutes the first time)
Fra:1 Mem:23.10M (0.00M, Peak 25.80M) | Time:00:00.08 | Mem:0.00M, Peak:0.00M | Scene, RenderLayer | Waiting for render to start
Fra:1 Mem:23.10M (0.00M, Peak 25.80M) | Time:00:00.08 | Mem:0.00M, Peak:0.00M | Scene, RenderLayer | Updating Scene
Fra:1 Mem:23.10M (0.00M, Peak 25.80M) | Time:00:00.08 | Mem:0.00M, Peak:0.00M | Scene, RenderLayer | Updating Shaders
Fra:1 Mem:23.60M (0.00M, Peak 25.80M) | Time:00:00.16 | Mem:0.00M, Peak:0.00M | Scene, RenderLayer | Updating Background
Fra:1 Mem:23.60M (0.00M, Peak 25.80M) | Time:00:00.16 | Mem:0.00M, Peak:0.00M | Scene, RenderLayer | Updating Camera
Fra:1 Mem:23.60M (0.00M, Peak 25.80M) | Time:00:00.16 | Mem:0.00M, Peak:0.00M | Scene, RenderLayer | Updating Meshes Flags
Fra:1 Mem:23.60M (0.00M, Peak 25.80M) | Time:00:00.16 | Mem:0.00M, Peak:0.00M | Scene, RenderLayer | Updating Objects
Fra:1 Mem:23.60M (0.00M, Peak 25.80M) | Time:00:00.16 | Mem:0.00M, Peak:0.00M | Scene, RenderLayer | Updating Objects | Copying Transformations to device
Fra:1 Mem:23.60M (0.00M, Peak 25.80M) | Time:00:00.16 | Mem:0.00M, Peak:0.00M | Scene, RenderLayer | Updating Objects | Applying Static Transformations
Fra:1 Mem:23.60M (0.00M, Peak 25.80M) | Time:00:00.16 | Mem:0.00M, Peak:0.00M | Scene, RenderLayer | Updating Meshes
Fra:1 Mem:25.57M (0.00M, Peak 25.80M) | Time:00:00.16 | Mem:0.00M, Peak:0.00M | Scene, RenderLayer | Updating Mesh | Computing attributes
Fra:1 Mem:26.04M (0.00M, Peak 26.04M) | Time:00:00.17 | Mem:0.00M, Peak:0.00M | Scene, RenderLayer | Updating Mesh | Copying Attributes to device
Fra:1 Mem:26.04M (0.00M, Peak 26.51M) | Time:00:00.17 | Mem:0.47M, Peak:0.47M | Scene, RenderLayer | Updating Scene BVH | Building
Fra:1 Mem:26.04M (0.00M, Peak 26.51M) | Time:00:00.17 | Mem:0.47M, Peak:0.47M | Scene, RenderLayer | Updating Scene BVH | Building BVH
Fra:1 Mem:33.42M (0.00M, Peak 33.42M) | Time:00:00.25 | Mem:0.47M, Peak:0.47M | Scene, RenderLayer | Updating Scene BVH | Packing BVH triangles and strands
Fra:1 Mem:40.31M (0.00M, Peak 40.31M) | Time:00:00.26 | Mem:0.47M, Peak:0.47M | Scene, RenderLayer | Updating Scene BVH | Packing BVH nodes
Fra:1 Mem:36.44M (0.00M, Peak 42.35M) | Time:00:00.27 | Mem:0.47M, Peak:0.47M | Scene, RenderLayer | Updating Scene BVH | Copying BVH to device
Fra:1 Mem:36.93M (0.00M, Peak 42.35M) | Time:00:00.27 | Mem:10.87M, Peak:10.87M | Scene, RenderLayer | Updating Mesh | Computing normals
Fra:1 Mem:41.42M (0.00M, Peak 42.35M) | Time:00:00.28 | Mem:10.87M, Peak:10.87M | Scene, RenderLayer | Updating Mesh | Copying Mesh to device
Fra:1 Mem:40.93M (0.00M, Peak 42.35M) | Time:00:00.28 | Mem:15.36M, Peak:15.36M | Scene, RenderLayer | Updating Objects Flags
Fra:1 Mem:40.93M (0.00M, Peak 42.35M) | Time:00:00.28 | Mem:15.36M, Peak:15.36M | Scene, RenderLayer | Updating Images
Fra:1 Mem:40.93M (0.00M, Peak 42.35M) | Time:00:00.28 | Mem:15.36M, Peak:15.36M | Scene, RenderLayer | Updating Camera Volume
Fra:1 Mem:40.93M (0.00M, Peak 42.35M) | Time:00:00.28 | Mem:15.36M, Peak:15.36M | Scene, RenderLayer | Updating Hair Systems
Fra:1 Mem:40.93M (0.00M, Peak 42.35M) | Time:00:00.28 | Mem:15.36M, Peak:15.36M | Scene, RenderLayer | Updating Hair settings | Copying Hair settings to device
Fra:1 Mem:40.93M (0.00M, Peak 42.35M) | Time:00:00.28 | Mem:15.36M, Peak:15.36M | Scene, RenderLayer | Updating Lookup Tables
Fra:1 Mem:40.93M (0.00M, Peak 42.35M) | Time:00:00.28 | Mem:15.61M, Peak:15.61M | Scene, RenderLayer | Updating Lights
Fra:1 Mem:40.93M (0.00M, Peak 42.35M) | Time:00:00.28 | Mem:15.61M, Peak:15.61M | Scene, RenderLayer | Updating Lights | Computing distribution
Fra:1 Mem:40.93M (0.00M, Peak 42.35M) | Time:00:00.28 | Mem:15.61M, Peak:15.61M | Scene, RenderLayer | Updating Particle Systems
Fra:1 Mem:40.93M (0.00M, Peak 42.35M) | Time:00:00.28 | Mem:15.61M, Peak:15.61M | Scene, RenderLayer | Updating Particle Systems | Copying Particles to device
Fra:1 Mem:40.93M (0.00M, Peak 42.35M) | Time:00:00.28 | Mem:15.61M, Peak:15.61M | Scene, RenderLayer | Updating Integrator
Fra:1 Mem:40.97M (0.00M, Peak 42.35M) | Time:00:00.28 | Mem:15.65M, Peak:15.65M | Scene, RenderLayer | Updating Film
Fra:1 Mem:40.97M (0.00M, Peak 42.35M) | Time:00:00.28 | Mem:15.65M, Peak:15.65M | Scene, RenderLayer | Updating Lookup Tables
Fra:1 Mem:40.97M (0.00M, Peak 42.35M) | Time:00:00.28 | Mem:15.66M, Peak:15.66M | Scene, RenderLayer | Updating Baking
Fra:1 Mem:40.97M (0.00M, Peak 42.35M) | Time:00:00.28 | Mem:15.66M, Peak:15.66M | Scene, RenderLayer | Updating Device | Writing constant memory
Fra:1 Mem:40.97M (0.00M, Peak 42.35M) | Time:00:00.28 | Mem:15.66M, Peak:15.66M | Scene, RenderLayer | Path Tracing Tile 0/4, Sample 0/512
Fra:1 Mem:43.22M (0.00M, Peak 44.47M) | Time:00:00.28 | Mem:17.91M, Peak:17.91M | Scene, RenderLayer | Path Tracing Tile 1/4, Sample 0/512
Fra:1 Mem:43.22M (0.00M, Peak 45.47M) | Time:00:01.29 | Remaining:00:11.77 | Mem:17.91M, Peak:17.91M | Scene, RenderLayer | Path Tracing Tile 1/4, Sample 95/512
Fra:1 Mem:43.22M (0.00M, Peak 45.47M) | Time:00:02.30 | Remaining:00:10.74 | Mem:17.91M, Peak:17.91M | Scene, RenderLayer | Path Tracing Tile 1/4, Sample 190/512
Fra:1 Mem:43.22M (0.00M, Peak 45.47M) | Time:00:03.31 | Remaining:00:09.73 | Mem:17.91M, Peak:17.91M | Scene, RenderLayer | Path Tracing Tile 1/4, Sample 285/512
Fra:1 Mem:43.22M (0.00M, Peak 45.47M) | Time:00:04.32 | Remaining:00:08.71 | Mem:17.91M, Peak:17.91M | Scene, RenderLayer | Path Tracing Tile 1/4, Sample 380/512
Fra:1 Mem:43.22M (0.00M, Peak 45.47M) | Time:00:05.32 | Remaining:00:07.72 | Mem:17.91M, Peak:17.91M | Scene, RenderLayer | Path Tracing Tile 1/4, Sample 474/512
Fra:1 Mem:40.97M (0.00M, Peak 45.47M) | Time:00:05.73 | Remaining:00:07.32 | Mem:15.66M, Peak:17.91M | Scene, RenderLayer | Path Tracing Tile 1/4, Sample 512/512
Fra:1 Mem:42.94M (0.00M, Peak 45.47M) | Time:00:05.74 | Remaining:00:07.33 | Mem:17.62M, Peak:17.91M | Scene, RenderLayer | Path Tracing Tile 2/4, Sample 512/512
Fra:1 Mem:42.94M (0.00M, Peak 45.47M) | Time:00:06.33 | Remaining:00:06.73 | Mem:17.62M, Peak:17.91M | Scene, RenderLayer | Path Tracing Tile 2/4, Sample 64/512
Fra:1 Mem:42.94M (0.00M, Peak 45.47M) | Time:00:07.33 | Remaining:00:05.72 | Mem:17.62M, Peak:17.91M | Scene, RenderLayer | Path Tracing Tile 2/4, Sample 172/512
Fra:1 Mem:42.94M (0.00M, Peak 45.47M) | Time:00:08.33 | Remaining:00:04.71 | Mem:17.62M, Peak:17.91M | Scene, RenderLayer | Path Tracing Tile 2/4, Sample 280/512
Fra:1 Mem:42.94M (0.00M, Peak 45.47M) | Time:00:09.33 | Remaining:00:03.71 | Mem:17.62M, Peak:17.91M | Scene, RenderLayer | Path Tracing Tile 2/4, Sample 387/512
Fra:1 Mem:42.94M (0.00M, Peak 45.47M) | Time:00:10.33 | Remaining:00:02.72 | Mem:17.62M, Peak:17.91M | Scene, RenderLayer | Path Tracing Tile 2/4, Sample 494/512
Fra:1 Mem:40.97M (0.00M, Peak 45.47M) | Time:00:10.50 | Remaining:00:02.55 | Mem:15.66M, Peak:17.91M | Scene, RenderLayer | Path Tracing Tile 2/4, Sample 512/512
Fra:1 Mem:41.53M (0.00M, Peak 45.47M) | Time:00:10.50 | Remaining:00:02.55 | Mem:16.22M, Peak:17.91M | Scene, RenderLayer | Path Tracing Tile 3/4, Sample 512/512
Fra:1 Mem:41.53M (0.00M, Peak 45.47M) | Time:00:11.34 | Remaining:00:02.08 | Mem:16.22M, Peak:17.91M | Scene, RenderLayer | Path Tracing Tile 3/4, Sample 197/512
Fra:1 Mem:41.53M (0.00M, Peak 45.47M) | Time:00:12.34 | Remaining:00:01.48 | Mem:16.22M, Peak:17.91M | Scene, RenderLayer | Path Tracing Tile 3/4, Sample 433/512
Fra:1 Mem:40.97M (0.00M, Peak 45.47M) | Time:00:12.68 | Remaining:00:01.27 | Mem:15.66M, Peak:17.91M | Scene, RenderLayer | Path Tracing Tile 3/4, Sample 512/512
Fra:1 Mem:41.46M (0.00M, Peak 45.47M) | Time:00:12.68 | Remaining:00:01.27 | Mem:16.15M, Peak:17.91M | Scene, RenderLayer | Path Tracing Tile 4/4, Sample 512/512
Fra:1 Mem:41.46M (0.00M, Peak 45.47M) | Time:00:13.34 | Remaining:00:00.87 | Mem:16.15M, Peak:17.91M | Scene, RenderLayer | Path Tracing Tile 4/4, Sample 169/512
Fra:1 Mem:41.46M (0.00M, Peak 45.47M) | Time:00:14.34 | Remaining:00:00.22 | Mem:16.15M, Peak:17.91M | Scene, RenderLayer | Path Tracing Tile 4/4, Sample 424/512
Fra:1 Mem:40.97M (0.00M, Peak 45.47M) | Time:00:14.69 | Mem:15.66M, Peak:17.91M | Scene, RenderLayer | Path Tracing Tile 4/4, Sample 512/512
Fra:1 Mem:40.97M (0.00M, Peak 45.47M) | Time:00:14.69 | Mem:15.66M, Peak:17.91M | Scene, RenderLayer | Finished
Fra:1 Mem:17.50M (0.00M, Peak 45.47M) | Time:00:14.77 | Sce: Scene Ve:0 Fa:0 La:0
Saved: 'data/clevr-cleaned-variants/apocope/fovariant-19/render/images/CLEVR_val_000000.png'
 Time: 00:14.81 (Saving: 00:00.03)

read blend: /home/ubuntu/vdp/data/clevr_scene_data/base_scene.blend
convertViewVec: called in an invalid context
convertViewVec: called in an invalid context
convertViewVec: called in an invalid context
convertViewVec: called in an invalid context
Fra:1 Mem:21.89M (0.00M, Peak 21.89M) | Time:00:00.00 | Preparing Scene data
Fra:1 Mem:33.99M (0.00M, Peak 36.14M) | Time:00:00.02 | Preparing Scene data
Fra:1 Mem:33.99M (0.00M, Peak 36.14M) | Time:00:00.02 | Creating Shadowbuffers
Fra:1 Mem:33.99M (0.00M, Peak 36.14M) | Time:00:00.02 | Raytree.. preparing
Fra:1 Mem:47.36M (0.00M, Peak 47.36M) | Time:00:00.03 | Raytree.. building
Fra:1 Mem:46.64M (0.00M, Peak 67.51M) | Time:00:00.25 | Raytree finished
Fra:1 Mem:46.64M (0.00M, Peak 67.51M) | Time:00:00.25 | Creating Environment maps
Fra:1 Mem:46.64M (0.00M, Peak 67.51M) | Time:00:00.25 | Caching Point Densities
Fra:1 Mem:46.64M (0.00M, Peak 67.51M) | Time:00:00.25 | Sce: Scene Ve:101384 Fa:97404 La:1
Fra:1 Mem:46.64M (0.00M, Peak 67.51M) | Time:00:00.25 | Loading voxel datasets
Fra:1 Mem:46.64M (0.00M, Peak 67.51M) | Time:00:00.25 | Sce: Scene Ve:101384 Fa:97404 La:1
Fra:1 Mem:46.64M (0.00M, Peak 67.51M) | Time:00:00.25 | Sce: Scene Ve:101384 Fa:97404 La:1
Fra:1 Mem:46.64M (0.00M, Peak 67.51M) | Time:00:00.25 | Volume preprocessing
Fra:1 Mem:46.64M (0.00M, Peak 67.51M) | Time:00:00.25 | Sce: Scene Ve:101384 Fa:97404 La:1
Fra:1 Mem:46.64M (0.00M, Peak 67.51M) | Time:00:00.25 | Sce: Scene Ve:101384 Fa:97404 La:1
Fra:1 Mem:50.71M (0.00M, Peak 67.51M) | Time:00:00.26 | Scene, Part 3-4
Fra:1 Mem:50.67M (0.00M, Peak 67.51M) | Time:00:00.26 | Scene, Part 4-4
Fra:1 Mem:49.64M (0.00M, Peak 67.51M) | Time:00:00.27 | Scene, Part 1-4
Fra:1 Mem:47.74M (0.00M, Peak 67.51M) | Time:00:00.27 | Scene, Part 2-4
Fra:1 Mem:21.75M (0.00M, Peak 67.51M) | Time:00:00.27 | Sce: Scene Ve:101384 Fa:97404 La:1
Saved: '/tmp/tmpsqlcal48.png'
 Time: 00:00.29 (Saving: 00:00.01)

Fra:1 Mem:21.78M (0.00M, Peak 22.37M) | Time:00:00.04 | Mem:0.00M, Peak:0.00M | Scene, RenderLayer | Synchronizing object | Area
Fra:1 Mem:21.78M (0.00M, Peak 22.37M) | Time:00:00.04 | Mem:0.00M, Peak:0.00M | Scene, RenderLayer | Synchronizing object | Ground
Fra:1 Mem:21.85M (0.00M, Peak 22.37M) | Time:00:00.04 | Mem:0.00M, Peak:0.00M | Scene, RenderLayer | Synchronizing object | Empty
Fra:1 Mem:21.85M (0.00M, Peak 22.37M) | Time:00:00.04 | Mem:0.00M, Peak:0.00M | Scene, RenderLayer | Synchronizing object | Lamp_Back
Fra:1 Mem:21.85M (0.00M, Peak 22.37M) | Time:00:00.04 | Mem:0.00M, Peak:0.00M | Scene, RenderLayer | Synchronizing object | Lamp_Fill
Fra:1 Mem:21.85M (0.00M, Peak 22.37M) | Time:00:00.04 | Mem:0.00M, Peak:0.00M | Scene, RenderLayer | Synchronizing object | Lamp_Key
Fra:1 Mem:21.85M (0.00M, Peak 22.37M) | Time:00:00.04 | Mem:0.00M, Peak:0.00M | Scene, RenderLayer | Synchronizing object | Camera
Fra:1 Mem:21.85M (0.00M, Peak 22.37M) | Time:00:00.04 | Mem:0.00M, Peak:0.00M | Scene, RenderLayer | Synchronizing object | Sphere_0
Fra:1 Mem:23.34M (0.00M, Peak 24.78M) | Time:00:00.05 | Mem:0.00M, Peak:0.00M | Scene, RenderLayer | Synchronizing object | SmoothCylinder_0
Fra:1 Mem:26.66M (0.00M, Peak 29.75M) | Time:00:00.06 | Mem:0.00M, Peak:0.00M | Scene, RenderLayer | Synchronizing object | Sphere_1
Fra:1 Mem:28.16M (0.00M, Peak 29.75M) | Time:00:00.07 | Mem:0.00M, Peak:0.00M | Scene, RenderLayer | Synchronizing object | SmoothCylinder_1
Fra:1 Mem:31.48M (0.00M, Peak 34.56M) | Time:00:00.08 | Mem:0.00M, Peak:0.00M | Scene, RenderLayer | Initializing
Fra:1 Mem:31.48M (0.00M, Peak 34.56M) | Time:00:00.08 | Mem:0.00M, Peak:0.00M | Scene, RenderLayer | Loading render kernels (may take a few minutes the first time)
Fra:1 Mem:31.48M (0.00M, Peak 34.56M) | Time:00:00.09 | Mem:0.00M, Peak:0.00M | Scene, RenderLayer | Waiting for render to start
Fra:1 Mem:31.48M (0.00M, Peak 34.56M) | Time:00:00.09 | Mem:0.00M, Peak:0.00M | Scene, RenderLayer | Updating Scene
Fra:1 Mem:31.48M (0.00M, Peak 34.56M) | Time:00:00.09 | Mem:0.00M, Peak:0.00M | Scene, RenderLayer | Updating Shaders
Fra:1 Mem:31.73M (0.00M, Peak 34.56M) | Time:00:00.09 | Mem:0.00M, Peak:0.00M | Scene, RenderLayer | Updating Background
Fra:1 Mem:31.73M (0.00M, Peak 34.56M) | Time:00:00.09 | Mem:0.00M, Peak:0.00M | Scene, RenderLayer | Updating Camera
Fra:1 Mem:31.73M (0.00M, Peak 34.56M) | Time:00:00.09 | Mem:0.00M, Peak:0.00M | Scene, RenderLayer | Updating Meshes Flags
Fra:1 Mem:31.73M (0.00M, Peak 34.56M) | Time:00:00.09 | Mem:0.00M, Peak:0.00M | Scene, RenderLayer | Updating Objects
Fra:1 Mem:31.73M (0.00M, Peak 34.56M) | Time:00:00.09 | Mem:0.00M, Peak:0.00M | Scene, RenderLayer | Updating Objects | Copying Transformations to device
Fra:1 Mem:31.73M (0.00M, Peak 34.56M) | Time:00:00.10 | Mem:0.00M, Peak:0.00M | Scene, RenderLayer | Updating Objects | Applying Static Transformations
Fra:1 Mem:31.73M (0.00M, Peak 34.56M) | Time:00:00.10 | Mem:0.00M, Peak:0.00M | Scene, RenderLayer | Updating Meshes
Fra:1 Mem:34.71M (0.00M, Peak 34.71M) | Time:00:00.10 | Mem:0.00M, Peak:0.00M | Scene, RenderLayer | Updating Mesh | Computing attributes
Fra:1 Mem:36.26M (0.00M, Peak 36.26M) | Time:00:00.10 | Mem:0.00M, Peak:0.00M | Scene, RenderLayer | Updating Mesh | Copying Attributes to device
Fra:1 Mem:36.26M (0.00M, Peak 37.80M) | Time:00:00.11 | Mem:1.55M, Peak:1.55M | Scene, RenderLayer | Updating Scene BVH | Building
Fra:1 Mem:36.26M (0.00M, Peak 37.80M) | Time:00:00.11 | Mem:1.55M, Peak:1.55M | Scene, RenderLayer | Updating Scene BVH | Building BVH
Fra:1 Mem:47.42M (0.00M, Peak 47.42M) | Time:00:00.24 | Mem:1.55M, Peak:1.55M | Scene, RenderLayer | Updating Scene BVH | Packing BVH triangles and strands
Fra:1 Mem:57.83M (0.00M, Peak 57.83M) | Time:00:00.25 | Mem:1.55M, Peak:1.55M | Scene, RenderLayer | Updating Scene BVH | Packing BVH nodes
Fra:1 Mem:52.03M (0.00M, Peak 60.97M) | Time:00:00.26 | Mem:1.55M, Peak:1.55M | Scene, RenderLayer | Updating Scene BVH | Copying BVH to device
Fra:1 Mem:52.78M (0.00M, Peak 60.97M) | Time:00:00.27 | Mem:17.33M, Peak:17.33M | Scene, RenderLayer | Updating Mesh | Computing normals
Fra:1 Mem:59.59M (0.00M, Peak 60.97M) | Time:00:00.27 | Mem:17.33M, Peak:17.33M | Scene, RenderLayer | Updating Mesh | Copying Mesh to device
Fra:1 Mem:58.84M (0.00M, Peak 60.97M) | Time:00:00.27 | Mem:24.14M, Peak:24.14M | Scene, RenderLayer | Updating Objects Flags
Fra:1 Mem:58.84M (0.00M, Peak 60.97M) | Time:00:00.27 | Mem:24.14M, Peak:24.14M | Scene, RenderLayer | Updating Images
Fra:1 Mem:58.84M (0.00M, Peak 60.97M) | Time:00:00.27 | Mem:24.14M, Peak:24.14M | Scene, RenderLayer | Updating Camera Volume
Fra:1 Mem:58.84M (0.00M, Peak 60.97M) | Time:00:00.27 | Mem:24.14M, Peak:24.14M | Scene, RenderLayer | Updating Hair Systems
Fra:1 Mem:58.84M (0.00M, Peak 60.97M) | Time:00:00.27 | Mem:24.14M, Peak:24.14M | Scene, RenderLayer | Updating Hair settings | Copying Hair settings to device
Fra:1 Mem:58.84M (0.00M, Peak 60.97M) | Time:00:00.27 | Mem:24.14M, Peak:24.14M | Scene, RenderLayer | Updating Lookup Tables
Fra:1 Mem:58.84M (0.00M, Peak 60.97M) | Time:00:00.27 | Mem:24.39M, Peak:24.39M | Scene, RenderLayer | Updating Lights
Fra:1 Mem:58.84M (0.00M, Peak 60.97M) | Time:00:00.27 | Mem:24.39M, Peak:24.39M | Scene, RenderLayer | Updating Lights | Computing distribution
Fra:1 Mem:58.84M (0.00M, Peak 60.97M) | Time:00:00.27 | Mem:24.39M, Peak:24.39M | Scene, RenderLayer | Updating Particle Systems
Fra:1 Mem:58.84M (0.00M, Peak 60.97M) | Time:00:00.27 | Mem:24.39M, Peak:24.39M | Scene, RenderLayer | Updating Particle Systems | Copying Particles to device
Fra:1 Mem:58.84M (0.00M, Peak 60.97M) | Time:00:00.27 | Mem:24.39M, Peak:24.39M | Scene, RenderLayer | Updating Integrator
Fra:1 Mem:58.88M (0.00M, Peak 60.97M) | Time:00:00.27 | Mem:24.43M, Peak:24.43M | Scene, RenderLayer | Updating Film
Fra:1 Mem:58.89M (0.00M, Peak 60.97M) | Time:00:00.27 | Mem:24.43M, Peak:24.43M | Scene, RenderLayer | Updating Lookup Tables
Fra:1 Mem:58.89M (0.00M, Peak 60.97M) | Time:00:00.27 | Mem:24.43M, Peak:24.43M | Scene, RenderLayer | Updating Baking
Fra:1 Mem:58.89M (0.00M, Peak 60.97M) | Time:00:00.27 | Mem:24.43M, Peak:24.43M | Scene, RenderLayer | Updating Device | Writing constant memory
Fra:1 Mem:58.89M (0.00M, Peak 60.97M) | Time:00:00.27 | Mem:24.43M, Peak:24.43M | Scene, RenderLayer | Path Tracing Tile 0/4, Sample 0/512
Fra:1 Mem:61.14M (0.00M, Peak 62.39M) | Time:00:00.28 | Mem:26.68M, Peak:26.68M | Scene, RenderLayer | Path Tracing Tile 1/4, Sample 0/512
Fra:1 Mem:61.14M (0.00M, Peak 63.39M) | Time:00:01.28 | Remaining:00:11.97 | Mem:26.68M, Peak:26.68M | Scene, RenderLayer | Path Tracing Tile 1/4, Sample 93/512
Fra:1 Mem:61.14M (0.00M, Peak 63.39M) | Time:00:02.28 | Remaining:00:10.94 | Mem:26.68M, Peak:26.68M | Scene, RenderLayer | Path Tracing Tile 1/4, Sample 186/512
Fra:1 Mem:61.14M (0.00M, Peak 63.39M) | Time:00:03.29 | Remaining:00:09.91 | Mem:26.68M, Peak:26.68M | Scene, RenderLayer | Path Tracing Tile 1/4, Sample 280/512
Fra:1 Mem:61.14M (0.00M, Peak 63.39M) | Time:00:04.29 | Remaining:00:08.91 | Mem:26.68M, Peak:26.68M | Scene, RenderLayer | Path Tracing Tile 1/4, Sample 373/512
Fra:1 Mem:61.14M (0.00M, Peak 63.39M) | Time:00:05.30 | Remaining:00:07.91 | Mem:26.68M, Peak:26.68M | Scene, RenderLayer | Path Tracing Tile 1/4, Sample 466/512
Fra:1 Mem:58.89M (0.00M, Peak 63.39M) | Time:00:05.80 | Remaining:00:07.42 | Mem:24.43M, Peak:26.68M | Scene, RenderLayer | Path Tracing Tile 1/4, Sample 512/512
Fra:1 Mem:60.86M (0.00M, Peak 63.39M) | Time:00:05.81 | Remaining:00:07.43 | Mem:26.40M, Peak:26.68M | Scene, RenderLayer | Path Tracing Tile 2/4, Sample 512/512
Fra:1 Mem:60.86M (0.00M, Peak 63.39M) | Time:00:06.31 | Remaining:00:06.91 | Mem:26.40M, Peak:26.68M | Scene, RenderLayer | Path Tracing Tile 2/4, Sample 54/512
Fra:1 Mem:60.86M (0.00M, Peak 63.39M) | Time:00:07.32 | Remaining:00:05.88 | Mem:26.40M, Peak:26.68M | Scene, RenderLayer | Path Tracing Tile 2/4, Sample 162/512
Fra:1 Mem:60.86M (0.00M, Peak 63.39M) | Time:00:08.32 | Remaining:00:04.86 | Mem:26.40M, Peak:26.68M | Scene, RenderLayer | Path Tracing Tile 2/4, Sample 270/512
Fra:1 Mem:60.86M (0.00M, Peak 63.39M) | Time:00:09.33 | Remaining:00:03.85 | Mem:26.40M, Peak:26.68M | Scene, RenderLayer | Path Tracing Tile 2/4, Sample 377/512
Fra:1 Mem:60.86M (0.00M, Peak 63.39M) | Time:00:10.34 | Remaining:00:02.84 | Mem:26.40M, Peak:26.68M | Scene, RenderLayer | Path Tracing Tile 2/4, Sample 484/512
Fra:1 Mem:58.89M (0.00M, Peak 63.39M) | Time:00:10.60 | Remaining:00:02.58 | Mem:24.43M, Peak:26.68M | Scene, RenderLayer | Path Tracing Tile 2/4, Sample 512/512
Fra:1 Mem:59.45M (0.00M, Peak 63.39M) | Time:00:10.60 | Remaining:00:02.58 | Mem:24.99M, Peak:26.68M | Scene, RenderLayer | Path Tracing Tile 3/4, Sample 512/512
Fra:1 Mem:59.45M (0.00M, Peak 63.39M) | Time:00:11.34 | Remaining:00:02.16 | Mem:24.99M, Peak:26.68M | Scene, RenderLayer | Path Tracing Tile 3/4, Sample 174/512
Fra:1 Mem:59.45M (0.00M, Peak 63.39M) | Time:00:12.34 | Remaining:00:01.56 | Mem:24.99M, Peak:26.68M | Scene, RenderLayer | Path Tracing Tile 3/4, Sample 409/512
Fra:1 Mem:58.89M (0.00M, Peak 63.39M) | Time:00:12.78 | Remaining:00:01.28 | Mem:24.43M, Peak:26.68M | Scene, RenderLayer | Path Tracing Tile 3/4, Sample 512/512
Fra:1 Mem:59.38M (0.00M, Peak 63.39M) | Time:00:12.78 | Remaining:00:01.28 | Mem:24.92M, Peak:26.68M | Scene, RenderLayer | Path Tracing Tile 4/4, Sample 512/512
Fra:1 Mem:59.38M (0.00M, Peak 63.39M) | Time:00:13.34 | Remaining:00:00.94 | Mem:24.92M, Peak:26.68M | Scene, RenderLayer | Path Tracing Tile 4/4, Sample 142/512
Fra:1 Mem:59.38M (0.00M, Peak 63.39M) | Time:00:14.34 | Remaining:00:00.30 | Mem:24.92M, Peak:26.68M | Scene, RenderLayer | Path Tracing Tile 4/4, Sample 397/512
Fra:1 Mem:58.89M (0.00M, Peak 63.39M) | Time:00:14.80 | Mem:24.43M, Peak:26.68M | Scene, RenderLayer | Path Tracing Tile 4/4, Sample 512/512
Fra:1 Mem:58.89M (0.00M, Peak 63.39M) | Time:00:14.80 | Mem:24.43M, Peak:26.68M | Scene, RenderLayer | Finished
Fra:1 Mem:21.77M (0.00M, Peak 63.39M) | Time:00:14.89 | Sce: Scene Ve:0 Fa:0 La:0
Saved: 'data/clevr-cleaned-variants/apocope/fovariant-19/render/images/CLEVR_val_000001.png'
 Time: 00:14.92 (Saving: 00:00.03)

read blend: /home/ubuntu/vdp/data/clevr_scene_data/base_scene.blend
convertViewVec: called in an invalid context
convertViewVec: called in an invalid context
Fra:1 Mem:15.63M (0.00M, Peak 15.63M) | Time:00:00.00 | Preparing Scene data
Fra:1 Mem:21.67M (0.00M, Peak 23.82M) | Time:00:00.01 | Preparing Scene data
Fra:1 Mem:21.67M (0.00M, Peak 23.82M) | Time:00:00.01 | Creating Shadowbuffers
Fra:1 Mem:21.67M (0.00M, Peak 23.82M) | Time:00:00.01 | Raytree.. preparing
Fra:1 Mem:28.36M (0.00M, Peak 28.36M) | Time:00:00.01 | Raytree.. building
Fra:1 Mem:28.02M (0.00M, Peak 38.46M) | Time:00:00.12 | Raytree finished
Fra:1 Mem:28.02M (0.00M, Peak 38.46M) | Time:00:00.12 | Creating Environment maps
Fra:1 Mem:28.02M (0.00M, Peak 38.46M) | Time:00:00.12 | Caching Point Densities
Fra:1 Mem:28.02M (0.00M, Peak 38.46M) | Time:00:00.12 | Sce: Scene Ve:50692 Fa:48707 La:1
Fra:1 Mem:28.02M (0.00M, Peak 38.46M) | Time:00:00.12 | Loading voxel datasets
Fra:1 Mem:28.02M (0.00M, Peak 38.46M) | Time:00:00.12 | Sce: Scene Ve:50692 Fa:48707 La:1
Fra:1 Mem:28.02M (0.00M, Peak 38.46M) | Time:00:00.12 | Sce: Scene Ve:50692 Fa:48707 La:1
Fra:1 Mem:28.02M (0.00M, Peak 38.46M) | Time:00:00.12 | Volume preprocessing
Fra:1 Mem:28.02M (0.00M, Peak 38.46M) | Time:00:00.12 | Sce: Scene Ve:50692 Fa:48707 La:1
Fra:1 Mem:28.02M (0.00M, Peak 38.46M) | Time:00:00.12 | Sce: Scene Ve:50692 Fa:48707 La:1
Fra:1 Mem:31.80M (0.00M, Peak 38.46M) | Time:00:00.13 | Scene, Part 1-4
Fra:1 Mem:30.53M (0.00M, Peak 38.46M) | Time:00:00.13 | Scene, Part 3-4
Fra:1 Mem:30.05M (0.00M, Peak 38.46M) | Time:00:00.13 | Scene, Part 4-4
Fra:1 Mem:29.12M (0.00M, Peak 38.46M) | Time:00:00.13 | Scene, Part 2-4
Fra:1 Mem:15.55M (0.00M, Peak 38.46M) | Time:00:00.14 | Sce: Scene Ve:50692 Fa:48707 La:1
Saved: '/tmp/tmpygw0a4pm.png'
 Time: 00:00.15 (Saving: 00:00.01)

Fra:1 Mem:15.58M (0.00M, Peak 16.17M) | Time:00:00.04 | Mem:0.00M, Peak:0.00M | Scene, RenderLayer | Synchronizing object | Area
Fra:1 Mem:15.58M (0.00M, Peak 16.17M) | Time:00:00.04 | Mem:0.00M, Peak:0.00M | Scene, RenderLayer | Synchronizing object | Ground
Fra:1 Mem:15.64M (0.00M, Peak 16.17M) | Time:00:00.04 | Mem:0.00M, Peak:0.00M | Scene, RenderLayer | Synchronizing object | Empty
Fra:1 Mem:15.64M (0.00M, Peak 16.17M) | Time:00:00.04 | Mem:0.00M, Peak:0.00M | Scene, RenderLayer | Synchronizing object | Lamp_Back
Fra:1 Mem:15.64M (0.00M, Peak 16.17M) | Time:00:00.04 | Mem:0.00M, Peak:0.00M | Scene, RenderLayer | Synchronizing object | Lamp_Fill
Fra:1 Mem:15.64M (0.00M, Peak 16.17M) | Time:00:00.04 | Mem:0.00M, Peak:0.00M | Scene, RenderLayer | Synchronizing object | Lamp_Key
Fra:1 Mem:15.64M (0.00M, Peak 16.17M) | Time:00:00.04 | Mem:0.00M, Peak:0.00M | Scene, RenderLayer | Synchronizing object | Camera
Fra:1 Mem:15.64M (0.00M, Peak 16.17M) | Time:00:00.04 | Mem:0.00M, Peak:0.00M | Scene, RenderLayer | Synchronizing object | Sphere_0
Fra:1 Mem:17.14M (0.00M, Peak 18.58M) | Time:00:00.05 | Mem:0.00M, Peak:0.00M | Scene, RenderLayer | Synchronizing object | SmoothCylinder_0
Fra:1 Mem:20.46M (0.00M, Peak 23.55M) | Time:00:00.06 | Mem:0.00M, Peak:0.00M | Scene, RenderLayer | Initializing
Fra:1 Mem:20.46M (0.00M, Peak 23.55M) | Time:00:00.06 | Mem:0.00M, Peak:0.00M | Scene, RenderLayer | Loading render kernels (may take a few minutes the first time)
Fra:1 Mem:20.46M (0.00M, Peak 23.55M) | Time:00:00.08 | Mem:0.00M, Peak:0.00M | Scene, RenderLayer | Waiting for render to start
Fra:1 Mem:20.46M (0.00M, Peak 23.55M) | Time:00:00.08 | Mem:0.00M, Peak:0.00M | Scene, RenderLayer | Updating Scene
Fra:1 Mem:20.46M (0.00M, Peak 23.55M) | Time:00:00.08 | Mem:0.00M, Peak:0.00M | Scene, RenderLayer | Updating Shaders
Fra:1 Mem:20.71M (0.00M, Peak 23.55M) | Time:00:00.08 | Mem:0.00M, Peak:0.00M | Scene, RenderLayer | Updating Background
Fra:1 Mem:20.71M (0.00M, Peak 23.55M) | Time:00:00.08 | Mem:0.00M, Peak:0.00M | Scene, RenderLayer | Updating Camera
Fra:1 Mem:20.71M (0.00M, Peak 23.55M) | Time:00:00.08 | Mem:0.00M, Peak:0.00M | Scene, RenderLayer | Updating Meshes Flags
Fra:1 Mem:20.71M (0.00M, Peak 23.55M) | Time:00:00.08 | Mem:0.00M, Peak:0.00M | Scene, RenderLayer | Updating Objects
Fra:1 Mem:20.71M (0.00M, Peak 23.55M) | Time:00:00.08 | Mem:0.00M, Peak:0.00M | Scene, RenderLayer | Updating Objects | Copying Transformations to device
Fra:1 Mem:20.71M (0.00M, Peak 23.55M) | Time:00:00.08 | Mem:0.00M, Peak:0.00M | Scene, RenderLayer | Updating Objects | Applying Static Transformations
Fra:1 Mem:20.71M (0.00M, Peak 23.55M) | Time:00:00.08 | Mem:0.00M, Peak:0.00M | Scene, RenderLayer | Updating Meshes
Fra:1 Mem:22.21M (0.00M, Peak 23.55M) | Time:00:00.08 | Mem:0.00M, Peak:0.00M | Scene, RenderLayer | Updating Mesh | Computing attributes
Fra:1 Mem:22.99M (0.00M, Peak 23.55M) | Time:00:00.08 | Mem:0.00M, Peak:0.00M | Scene, RenderLayer | Updating Mesh | Copying Attributes to device
Fra:1 Mem:22.99M (0.00M, Peak 23.76M) | Time:00:00.08 | Mem:0.78M, Peak:0.78M | Scene, RenderLayer | Updating Scene BVH | Building
Fra:1 Mem:22.99M (0.00M, Peak 23.76M) | Time:00:00.08 | Mem:0.78M, Peak:0.78M | Scene, RenderLayer | Updating Scene BVH | Building BVH
Fra:1 Mem:28.61M (0.00M, Peak 28.61M) | Time:00:00.15 | Mem:0.78M, Peak:0.78M | Scene, RenderLayer | Updating Scene BVH | Packing BVH triangles and strands
Fra:1 Mem:33.86M (0.00M, Peak 33.86M) | Time:00:00.15 | Mem:0.78M, Peak:0.78M | Scene, RenderLayer | Updating Scene BVH | Packing BVH nodes
Fra:1 Mem:30.93M (0.00M, Peak 35.43M) | Time:00:00.16 | Mem:0.78M, Peak:0.78M | Scene, RenderLayer | Updating Scene BVH | Copying BVH to device
Fra:1 Mem:31.31M (0.00M, Peak 35.43M) | Time:00:00.16 | Mem:8.72M, Peak:8.72M | Scene, RenderLayer | Updating Mesh | Computing normals
Fra:1 Mem:34.74M (0.00M, Peak 35.43M) | Time:00:00.16 | Mem:8.72M, Peak:8.72M | Scene, RenderLayer | Updating Mesh | Copying Mesh to device
Fra:1 Mem:34.37M (0.00M, Peak 35.43M) | Time:00:00.17 | Mem:12.15M, Peak:12.15M | Scene, RenderLayer | Updating Objects Flags
Fra:1 Mem:34.37M (0.00M, Peak 35.43M) | Time:00:00.17 | Mem:12.15M, Peak:12.15M | Scene, RenderLayer | Updating Images
Fra:1 Mem:34.37M (0.00M, Peak 35.43M) | Time:00:00.17 | Mem:12.15M, Peak:12.15M | Scene, RenderLayer | Updating Camera Volume
Fra:1 Mem:34.37M (0.00M, Peak 35.43M) | Time:00:00.17 | Mem:12.15M, Peak:12.15M | Scene, RenderLayer | Updating Hair Systems
Fra:1 Mem:34.37M (0.00M, Peak 35.43M) | Time:00:00.17 | Mem:12.15M, Peak:12.15M | Scene, RenderLayer | Updating Hair settings | Copying Hair settings to device
Fra:1 Mem:34.37M (0.00M, Peak 35.43M) | Time:00:00.17 | Mem:12.15M, Peak:12.15M | Scene, RenderLayer | Updating Lookup Tables
Fra:1 Mem:34.37M (0.00M, Peak 35.43M) | Time:00:00.17 | Mem:12.40M, Peak:12.40M | Scene, RenderLayer | Updating Lights
Fra:1 Mem:34.37M (0.00M, Peak 35.43M) | Time:00:00.17 | Mem:12.41M, Peak:12.41M | Scene, RenderLayer | Updating Lights | Computing distribution
Fra:1 Mem:34.37M (0.00M, Peak 35.43M) | Time:00:00.17 | Mem:12.41M, Peak:12.41M | Scene, RenderLayer | Updating Particle Systems
Fra:1 Mem:34.37M (0.00M, Peak 35.43M) | Time:00:00.17 | Mem:12.41M, Peak:12.41M | Scene, RenderLayer | Updating Particle Systems | Copying Particles to device
Fra:1 Mem:34.37M (0.00M, Peak 35.43M) | Time:00:00.17 | Mem:12.41M, Peak:12.41M | Scene, RenderLayer | Updating Integrator
Fra:1 Mem:34.41M (0.00M, Peak 35.43M) | Time:00:00.17 | Mem:12.45M, Peak:12.45M | Scene, RenderLayer | Updating Film
Fra:1 Mem:34.41M (0.00M, Peak 35.43M) | Time:00:00.17 | Mem:12.45M, Peak:12.45M | Scene, RenderLayer | Updating Lookup Tables
Fra:1 Mem:34.41M (0.00M, Peak 35.43M) | Time:00:00.17 | Mem:12.45M, Peak:12.45M | Scene, RenderLayer | Updating Baking
Fra:1 Mem:34.41M (0.00M, Peak 35.43M) | Time:00:00.17 | Mem:12.45M, Peak:12.45M | Scene, RenderLayer | Updating Device | Writing constant memory
Fra:1 Mem:34.41M (0.00M, Peak 35.43M) | Time:00:00.17 | Mem:12.45M, Peak:12.45M | Scene, RenderLayer | Path Tracing Tile 0/4, Sample 0/512
Fra:1 Mem:36.66M (0.00M, Peak 37.91M) | Time:00:00.17 | Mem:14.70M, Peak:14.70M | Scene, RenderLayer | Path Tracing Tile 1/4, Sample 0/512
Fra:1 Mem:36.66M (0.00M, Peak 38.91M) | Time:00:01.17 | Remaining:00:10.72 | Mem:14.70M, Peak:14.70M | Scene, RenderLayer | Path Tracing Tile 1/4, Sample 103/512
Fra:1 Mem:36.66M (0.00M, Peak 38.91M) | Time:00:02.18 | Remaining:00:09.65 | Mem:14.70M, Peak:14.70M | Scene, RenderLayer | Path Tracing Tile 1/4, Sample 207/512
Fra:1 Mem:36.66M (0.00M, Peak 38.91M) | Time:00:03.18 | Remaining:00:08.66 | Mem:14.70M, Peak:14.70M | Scene, RenderLayer | Path Tracing Tile 1/4, Sample 310/512
Fra:1 Mem:36.66M (0.00M, Peak 38.91M) | Time:00:04.19 | Remaining:00:07.65 | Mem:14.70M, Peak:14.70M | Scene, RenderLayer | Path Tracing Tile 1/4, Sample 413/512
Fra:1 Mem:34.41M (0.00M, Peak 38.91M) | Time:00:05.16 | Remaining:00:06.70 | Mem:12.45M, Peak:14.70M | Scene, RenderLayer | Path Tracing Tile 1/4, Sample 512/512
Fra:1 Mem:36.38M (0.00M, Peak 38.91M) | Time:00:05.16 | Remaining:00:06.71 | Mem:14.42M, Peak:14.70M | Scene, RenderLayer | Path Tracing Tile 2/4, Sample 512/512
Fra:1 Mem:36.38M (0.00M, Peak 38.91M) | Time:00:05.19 | Remaining:00:06.68 | Mem:14.42M, Peak:14.70M | Scene, RenderLayer | Path Tracing Tile 2/4, Sample 3/512
Fra:1 Mem:36.38M (0.00M, Peak 38.91M) | Time:00:06.20 | Remaining:00:05.71 | Mem:14.42M, Peak:14.70M | Scene, RenderLayer | Path Tracing Tile 2/4, Sample 119/512
Fra:1 Mem:36.38M (0.00M, Peak 38.91M) | Time:00:07.20 | Remaining:00:04.73 | Mem:14.42M, Peak:14.70M | Scene, RenderLayer | Path Tracing Tile 2/4, Sample 235/512
Fra:1 Mem:36.38M (0.00M, Peak 38.91M) | Time:00:08.21 | Remaining:00:03.75 | Mem:14.42M, Peak:14.70M | Scene, RenderLayer | Path Tracing Tile 2/4, Sample 350/512
Fra:1 Mem:36.38M (0.00M, Peak 38.91M) | Time:00:09.22 | Remaining:00:02.77 | Mem:14.42M, Peak:14.70M | Scene, RenderLayer | Path Tracing Tile 2/4, Sample 465/512
Fra:1 Mem:34.41M (0.00M, Peak 38.91M) | Time:00:09.64 | Remaining:00:02.36 | Mem:12.45M, Peak:14.70M | Scene, RenderLayer | Path Tracing Tile 2/4, Sample 512/512
Fra:1 Mem:34.97M (0.00M, Peak 38.91M) | Time:00:09.64 | Remaining:00:02.36 | Mem:13.01M, Peak:14.70M | Scene, RenderLayer | Path Tracing Tile 3/4, Sample 512/512
Fra:1 Mem:34.97M (0.00M, Peak 38.91M) | Time:00:10.22 | Remaining:00:02.06 | Mem:13.01M, Peak:14.70M | Scene, RenderLayer | Path Tracing Tile 3/4, Sample 141/512
Fra:1 Mem:34.97M (0.00M, Peak 38.91M) | Time:00:11.23 | Remaining:00:01.51 | Mem:13.01M, Peak:14.70M | Scene, RenderLayer | Path Tracing Tile 3/4, Sample 380/512
Fra:1 Mem:34.41M (0.00M, Peak 38.91M) | Time:00:11.78 | Remaining:00:01.19 | Mem:12.45M, Peak:14.70M | Scene, RenderLayer | Path Tracing Tile 3/4, Sample 512/512
Fra:1 Mem:34.90M (0.00M, Peak 38.91M) | Time:00:11.78 | Remaining:00:01.19 | Mem:12.94M, Peak:14.70M | Scene, RenderLayer | Path Tracing Tile 4/4, Sample 512/512
Fra:1 Mem:34.90M (0.00M, Peak 38.91M) | Time:00:12.23 | Remaining:00:00.94 | Mem:12.94M, Peak:14.70M | Scene, RenderLayer | Path Tracing Tile 4/4, Sample 114/512
Fra:1 Mem:34.90M (0.00M, Peak 38.91M) | Time:00:13.23 | Remaining:00:00.34 | Mem:12.94M, Peak:14.70M | Scene, RenderLayer | Path Tracing Tile 4/4, Sample 370/512
Fra:1 Mem:34.41M (0.00M, Peak 38.91M) | Time:00:13.79 | Mem:12.45M, Peak:14.70M | Scene, RenderLayer | Path Tracing Tile 4/4, Sample 512/512
Fra:1 Mem:34.41M (0.00M, Peak 38.91M) | Time:00:13.79 | Mem:12.45M, Peak:14.70M | Scene, RenderLayer | Finished
Fra:1 Mem:15.57M (0.00M, Peak 38.91M) | Time:00:13.87 | Sce: Scene Ve:0 Fa:0 La:0
Saved: 'data/clevr-cleaned-variants/apocope/fovariant-19/render/images/CLEVR_val_000002.png'
 Time: 00:13.91 (Saving: 00:00.03)

read blend: /home/ubuntu/vdp/data/clevr_scene_data/base_scene.blend
convertViewVec: called in an invalid context
convertViewVec: called in an invalid context
Fra:1 Mem:15.63M (0.00M, Peak 15.63M) | Time:00:00.00 | Preparing Scene data
Fra:1 Mem:21.68M (0.00M, Peak 22.66M) | Time:00:00.01 | Preparing Scene data
Fra:1 Mem:21.68M (0.00M, Peak 22.66M) | Time:00:00.01 | Creating Shadowbuffers
Fra:1 Mem:21.68M (0.00M, Peak 22.66M) | Time:00:00.01 | Raytree.. preparing
Fra:1 Mem:28.37M (0.00M, Peak 28.37M) | Time:00:00.01 | Raytree.. building
Fra:1 Mem:28.01M (0.00M, Peak 38.45M) | Time:00:00.12 | Raytree finished
Fra:1 Mem:28.01M (0.00M, Peak 38.45M) | Time:00:00.12 | Creating Environment maps
Fra:1 Mem:28.01M (0.00M, Peak 38.45M) | Time:00:00.12 | Caching Point Densities
Fra:1 Mem:28.01M (0.00M, Peak 38.45M) | Time:00:00.12 | Sce: Scene Ve:50692 Fa:48696 La:1
Fra:1 Mem:28.01M (0.00M, Peak 38.45M) | Time:00:00.12 | Loading voxel datasets
Fra:1 Mem:28.01M (0.00M, Peak 38.45M) | Time:00:00.12 | Sce: Scene Ve:50692 Fa:48696 La:1
Fra:1 Mem:28.01M (0.00M, Peak 38.45M) | Time:00:00.12 | Sce: Scene Ve:50692 Fa:48696 La:1
Fra:1 Mem:28.01M (0.00M, Peak 38.45M) | Time:00:00.12 | Volume preprocessing
Fra:1 Mem:28.01M (0.00M, Peak 38.45M) | Time:00:00.12 | Sce: Scene Ve:50692 Fa:48696 La:1
Fra:1 Mem:28.01M (0.00M, Peak 38.45M) | Time:00:00.12 | Sce: Scene Ve:50692 Fa:48696 La:1
Fra:1 Mem:32.07M (0.00M, Peak 38.45M) | Time:00:00.13 | Scene, Part 3-4
Fra:1 Mem:32.04M (0.00M, Peak 38.45M) | Time:00:00.13 | Scene, Part 4-4
Fra:1 Mem:31.01M (0.00M, Peak 38.45M) | Time:00:00.13 | Scene, Part 1-4
Fra:1 Mem:29.10M (0.00M, Peak 38.45M) | Time:00:00.13 | Scene, Part 2-4
Fra:1 Mem:15.55M (0.00M, Peak 38.45M) | Time:00:00.13 | Sce: Scene Ve:50692 Fa:48696 La:1
Saved: '/tmp/tmp_lgx64af.png'
 Time: 00:00.15 (Saving: 00:00.01)

Fra:1 Mem:15.58M (0.00M, Peak 16.18M) | Time:00:00.04 | Mem:0.00M, Peak:0.00M | Scene, RenderLayer | Synchronizing object | Area
Fra:1 Mem:15.58M (0.00M, Peak 16.18M) | Time:00:00.04 | Mem:0.00M, Peak:0.00M | Scene, RenderLayer | Synchronizing object | Ground
Fra:1 Mem:15.65M (0.00M, Peak 16.18M) | Time:00:00.04 | Mem:0.00M, Peak:0.00M | Scene, RenderLayer | Synchronizing object | Empty
Fra:1 Mem:15.65M (0.00M, Peak 16.18M) | Time:00:00.04 | Mem:0.00M, Peak:0.00M | Scene, RenderLayer | Synchronizing object | Lamp_Back
Fra:1 Mem:15.65M (0.00M, Peak 16.18M) | Time:00:00.04 | Mem:0.00M, Peak:0.00M | Scene, RenderLayer | Synchronizing object | Lamp_Fill
Fra:1 Mem:15.65M (0.00M, Peak 16.18M) | Time:00:00.04 | Mem:0.00M, Peak:0.00M | Scene, RenderLayer | Synchronizing object | Lamp_Key
Fra:1 Mem:15.65M (0.00M, Peak 16.18M) | Time:00:00.04 | Mem:0.00M, Peak:0.00M | Scene, RenderLayer | Synchronizing object | Camera
Fra:1 Mem:15.65M (0.00M, Peak 16.18M) | Time:00:00.04 | Mem:0.00M, Peak:0.00M | Scene, RenderLayer | Synchronizing object | SmoothCylinder_0
Fra:1 Mem:18.97M (0.00M, Peak 22.06M) | Time:00:00.06 | Mem:0.00M, Peak:0.00M | Scene, RenderLayer | Synchronizing object | Sphere_0
Fra:1 Mem:20.47M (0.00M, Peak 22.06M) | Time:00:00.06 | Mem:0.00M, Peak:0.00M | Scene, RenderLayer | Initializing
Fra:1 Mem:20.47M (0.00M, Peak 22.06M) | Time:00:00.06 | Mem:0.00M, Peak:0.00M | Scene, RenderLayer | Loading render kernels (may take a few minutes the first time)
Fra:1 Mem:20.47M (0.00M, Peak 23.17M) | Time:00:00.08 | Mem:0.00M, Peak:0.00M | Scene, RenderLayer | Waiting for render to start
Fra:1 Mem:20.47M (0.00M, Peak 23.17M) | Time:00:00.08 | Mem:0.00M, Peak:0.00M | Scene, RenderLayer | Updating Scene
Fra:1 Mem:20.47M (0.00M, Peak 23.17M) | Time:00:00.08 | Mem:0.00M, Peak:0.00M | Scene, RenderLayer | Updating Shaders
Fra:1 Mem:20.72M (0.00M, Peak 23.17M) | Time:00:00.08 | Mem:0.00M, Peak:0.00M | Scene, RenderLayer | Updating Background
Fra:1 Mem:20.72M (0.00M, Peak 23.17M) | Time:00:00.08 | Mem:0.00M, Peak:0.00M | Scene, RenderLayer | Updating Camera
Fra:1 Mem:20.72M (0.00M, Peak 23.17M) | Time:00:00.08 | Mem:0.00M, Peak:0.00M | Scene, RenderLayer | Updating Meshes Flags
Fra:1 Mem:20.72M (0.00M, Peak 23.17M) | Time:00:00.08 | Mem:0.00M, Peak:0.00M | Scene, RenderLayer | Updating Objects
Fra:1 Mem:20.72M (0.00M, Peak 23.17M) | Time:00:00.08 | Mem:0.00M, Peak:0.00M | Scene, RenderLayer | Updating Objects | Copying Transformations to device
Fra:1 Mem:20.72M (0.00M, Peak 23.17M) | Time:00:00.08 | Mem:0.00M, Peak:0.00M | Scene, RenderLayer | Updating Objects | Applying Static Transformations
Fra:1 Mem:20.72M (0.00M, Peak 23.17M) | Time:00:00.08 | Mem:0.00M, Peak:0.00M | Scene, RenderLayer | Updating Meshes
Fra:1 Mem:22.22M (0.00M, Peak 23.17M) | Time:00:00.08 | Mem:0.00M, Peak:0.00M | Scene, RenderLayer | Updating Mesh | Computing attributes
Fra:1 Mem:22.99M (0.00M, Peak 23.17M) | Time:00:00.08 | Mem:0.00M, Peak:0.00M | Scene, RenderLayer | Updating Mesh | Copying Attributes to device
Fra:1 Mem:22.99M (0.00M, Peak 23.77M) | Time:00:00.08 | Mem:0.78M, Peak:0.78M | Scene, RenderLayer | Updating Scene BVH | Building
Fra:1 Mem:22.99M (0.00M, Peak 23.77M) | Time:00:00.08 | Mem:0.78M, Peak:0.78M | Scene, RenderLayer | Updating Scene BVH | Building BVH
Fra:1 Mem:28.62M (0.00M, Peak 28.62M) | Time:00:00.15 | Mem:0.78M, Peak:0.78M | Scene, RenderLayer | Updating Scene BVH | Packing BVH triangles and strands
Fra:1 Mem:33.86M (0.00M, Peak 33.86M) | Time:00:00.16 | Mem:0.78M, Peak:0.78M | Scene, RenderLayer | Updating Scene BVH | Packing BVH nodes
Fra:1 Mem:30.94M (0.00M, Peak 35.44M) | Time:00:00.17 | Mem:0.78M, Peak:0.78M | Scene, RenderLayer | Updating Scene BVH | Copying BVH to device
Fra:1 Mem:31.32M (0.00M, Peak 35.44M) | Time:00:00.17 | Mem:8.72M, Peak:8.72M | Scene, RenderLayer | Updating Mesh | Computing normals
Fra:1 Mem:34.75M (0.00M, Peak 35.44M) | Time:00:00.17 | Mem:8.72M, Peak:8.72M | Scene, RenderLayer | Updating Mesh | Copying Mesh to device
Fra:1 Mem:34.37M (0.00M, Peak 35.44M) | Time:00:00.17 | Mem:12.16M, Peak:12.16M | Scene, RenderLayer | Updating Objects Flags
Fra:1 Mem:34.37M (0.00M, Peak 35.44M) | Time:00:00.17 | Mem:12.16M, Peak:12.16M | Scene, RenderLayer | Updating Images
Fra:1 Mem:34.37M (0.00M, Peak 35.44M) | Time:00:00.17 | Mem:12.16M, Peak:12.16M | Scene, RenderLayer | Updating Camera Volume
Fra:1 Mem:34.37M (0.00M, Peak 35.44M) | Time:00:00.17 | Mem:12.16M, Peak:12.16M | Scene, RenderLayer | Updating Hair Systems
Fra:1 Mem:34.37M (0.00M, Peak 35.44M) | Time:00:00.17 | Mem:12.16M, Peak:12.16M | Scene, RenderLayer | Updating Hair settings | Copying Hair settings to device
Fra:1 Mem:34.37M (0.00M, Peak 35.44M) | Time:00:00.17 | Mem:12.16M, Peak:12.16M | Scene, RenderLayer | Updating Lookup Tables
Fra:1 Mem:34.37M (0.00M, Peak 35.44M) | Time:00:00.17 | Mem:12.41M, Peak:12.41M | Scene, RenderLayer | Updating Lights
Fra:1 Mem:34.37M (0.00M, Peak 35.44M) | Time:00:00.17 | Mem:12.41M, Peak:12.41M | Scene, RenderLayer | Updating Lights | Computing distribution
Fra:1 Mem:34.37M (0.00M, Peak 35.44M) | Time:00:00.17 | Mem:12.41M, Peak:12.41M | Scene, RenderLayer | Updating Particle Systems
Fra:1 Mem:34.37M (0.00M, Peak 35.44M) | Time:00:00.17 | Mem:12.41M, Peak:12.41M | Scene, RenderLayer | Updating Particle Systems | Copying Particles to device
Fra:1 Mem:34.37M (0.00M, Peak 35.44M) | Time:00:00.17 | Mem:12.41M, Peak:12.41M | Scene, RenderLayer | Updating Integrator
Fra:1 Mem:34.41M (0.00M, Peak 35.44M) | Time:00:00.17 | Mem:12.45M, Peak:12.45M | Scene, RenderLayer | Updating Film
Fra:1 Mem:34.42M (0.00M, Peak 35.44M) | Time:00:00.17 | Mem:12.45M, Peak:12.45M | Scene, RenderLayer | Updating Lookup Tables
Fra:1 Mem:34.42M (0.00M, Peak 35.44M) | Time:00:00.17 | Mem:12.45M, Peak:12.45M | Scene, RenderLayer | Updating Baking
Fra:1 Mem:34.42M (0.00M, Peak 35.44M) | Time:00:00.17 | Mem:12.45M, Peak:12.45M | Scene, RenderLayer | Updating Device | Writing constant memory
Fra:1 Mem:34.42M (0.00M, Peak 35.44M) | Time:00:00.17 | Mem:12.45M, Peak:12.45M | Scene, RenderLayer | Path Tracing Tile 0/4, Sample 0/512
Fra:1 Mem:36.67M (0.00M, Peak 37.92M) | Time:00:00.18 | Mem:14.70M, Peak:14.70M | Scene, RenderLayer | Path Tracing Tile 1/4, Sample 0/512
Fra:1 Mem:36.67M (0.00M, Peak 38.92M) | Time:00:01.18 | Remaining:00:10.51 | Mem:14.70M, Peak:14.70M | Scene, RenderLayer | Path Tracing Tile 1/4, Sample 105/512
Fra:1 Mem:36.67M (0.00M, Peak 38.92M) | Time:00:02.18 | Remaining:00:09.46 | Mem:14.70M, Peak:14.70M | Scene, RenderLayer | Path Tracing Tile 1/4, Sample 210/512
Fra:1 Mem:36.67M (0.00M, Peak 38.92M) | Time:00:03.19 | Remaining:00:08.46 | Mem:14.70M, Peak:14.70M | Scene, RenderLayer | Path Tracing Tile 1/4, Sample 315/512
Fra:1 Mem:36.67M (0.00M, Peak 38.92M) | Time:00:04.20 | Remaining:00:07.46 | Mem:14.70M, Peak:14.70M | Scene, RenderLayer | Path Tracing Tile 1/4, Sample 420/512
Fra:1 Mem:34.42M (0.00M, Peak 38.92M) | Time:00:05.09 | Remaining:00:06.59 | Mem:12.45M, Peak:14.70M | Scene, RenderLayer | Path Tracing Tile 1/4, Sample 512/512
Fra:1 Mem:36.39M (0.00M, Peak 38.92M) | Time:00:05.09 | Remaining:00:06.60 | Mem:14.42M, Peak:14.70M | Scene, RenderLayer | Path Tracing Tile 2/4, Sample 512/512
Fra:1 Mem:36.39M (0.00M, Peak 38.92M) | Time:00:05.20 | Remaining:00:06.49 | Mem:14.42M, Peak:14.70M | Scene, RenderLayer | Path Tracing Tile 2/4, Sample 13/512
Fra:1 Mem:36.39M (0.00M, Peak 38.92M) | Time:00:06.21 | Remaining:00:05.55 | Mem:14.42M, Peak:14.70M | Scene, RenderLayer | Path Tracing Tile 2/4, Sample 129/512
Fra:1 Mem:36.39M (0.00M, Peak 38.92M) | Time:00:07.21 | Remaining:00:04.59 | Mem:14.42M, Peak:14.70M | Scene, RenderLayer | Path Tracing Tile 2/4, Sample 245/512
Fra:1 Mem:36.39M (0.00M, Peak 38.92M) | Time:00:08.22 | Remaining:00:03.62 | Mem:14.42M, Peak:14.70M | Scene, RenderLayer | Path Tracing Tile 2/4, Sample 360/512
Fra:1 Mem:36.39M (0.00M, Peak 38.92M) | Time:00:09.22 | Remaining:00:02.65 | Mem:14.42M, Peak:14.70M | Scene, RenderLayer | Path Tracing Tile 2/4, Sample 475/512
Fra:1 Mem:34.42M (0.00M, Peak 38.92M) | Time:00:09.55 | Remaining:00:02.34 | Mem:12.45M, Peak:14.70M | Scene, RenderLayer | Path Tracing Tile 2/4, Sample 512/512
Fra:1 Mem:34.98M (0.00M, Peak 38.92M) | Time:00:09.55 | Remaining:00:02.34 | Mem:13.01M, Peak:14.70M | Scene, RenderLayer | Path Tracing Tile 3/4, Sample 512/512
Fra:1 Mem:34.98M (0.00M, Peak 38.92M) | Time:00:10.23 | Remaining:00:02.00 | Mem:13.01M, Peak:14.70M | Scene, RenderLayer | Path Tracing Tile 3/4, Sample 162/512
Fra:1 Mem:34.98M (0.00M, Peak 38.92M) | Time:00:11.23 | Remaining:00:01.45 | Mem:13.01M, Peak:14.70M | Scene, RenderLayer | Path Tracing Tile 3/4, Sample 402/512
Fra:1 Mem:34.42M (0.00M, Peak 38.92M) | Time:00:11.69 | Remaining:00:01.18 | Mem:12.45M, Peak:14.70M | Scene, RenderLayer | Path Tracing Tile 3/4, Sample 512/512
Fra:1 Mem:34.91M (0.00M, Peak 38.92M) | Time:00:11.69 | Remaining:00:01.18 | Mem:12.94M, Peak:14.70M | Scene, RenderLayer | Path Tracing Tile 4/4, Sample 512/512
Fra:1 Mem:34.91M (0.00M, Peak 38.92M) | Time:00:12.23 | Remaining:00:00.87 | Mem:12.94M, Peak:14.70M | Scene, RenderLayer | Path Tracing Tile 4/4, Sample 139/512
Fra:1 Mem:34.91M (0.00M, Peak 38.92M) | Time:00:13.23 | Remaining:00:00.27 | Mem:12.94M, Peak:14.70M | Scene, RenderLayer | Path Tracing Tile 4/4, Sample 398/512
Fra:1 Mem:34.42M (0.00M, Peak 38.92M) | Time:00:13.68 | Mem:12.45M, Peak:14.70M | Scene, RenderLayer | Path Tracing Tile 4/4, Sample 512/512
Fra:1 Mem:34.42M (0.00M, Peak 38.92M) | Time:00:13.68 | Mem:12.45M, Peak:14.70M | Scene, RenderLayer | Finished
Fra:1 Mem:15.58M (0.00M, Peak 38.92M) | Time:00:13.76 | Sce: Scene Ve:0 Fa:0 La:0
Saved: 'data/clevr-cleaned-variants/apocope/fovariant-19/render/images/CLEVR_val_000003.png'
 Time: 00:13.80 (Saving: 00:00.03)

read blend: /home/ubuntu/vdp/data/clevr_scene_data/base_scene.blend
convertViewVec: called in an invalid context
convertViewVec: called in an invalid context
convertViewVec: called in an invalid context
convertViewVec: called in an invalid context
Fra:1 Mem:19.61M (0.00M, Peak 19.62M) | Time:00:00.00 | Preparing Scene data
Fra:1 Mem:29.58M (0.00M, Peak 30.56M) | Time:00:00.02 | Preparing Scene data
Fra:1 Mem:29.58M (0.00M, Peak 30.56M) | Time:00:00.02 | Creating Shadowbuffers
Fra:1 Mem:29.58M (0.00M, Peak 30.56M) | Time:00:00.02 | Raytree.. preparing
Fra:1 Mem:40.54M (0.00M, Peak 40.54M) | Time:00:00.03 | Raytree.. building
Fra:1 Mem:39.95M (0.00M, Peak 57.06M) | Time:00:00.21 | Raytree finished
Fra:1 Mem:39.95M (0.00M, Peak 57.06M) | Time:00:00.21 | Creating Environment maps
Fra:1 Mem:39.95M (0.00M, Peak 57.06M) | Time:00:00.21 | Caching Point Densities
Fra:1 Mem:39.95M (0.00M, Peak 57.06M) | Time:00:00.21 | Sce: Scene Ve:81416 Fa:79806 La:1
Fra:1 Mem:39.95M (0.00M, Peak 57.06M) | Time:00:00.21 | Loading voxel datasets
Fra:1 Mem:39.95M (0.00M, Peak 57.06M) | Time:00:00.21 | Sce: Scene Ve:81416 Fa:79806 La:1
Fra:1 Mem:39.96M (0.00M, Peak 57.06M) | Time:00:00.21 | Sce: Scene Ve:81416 Fa:79806 La:1
Fra:1 Mem:39.96M (0.00M, Peak 57.06M) | Time:00:00.21 | Volume preprocessing
Fra:1 Mem:39.96M (0.00M, Peak 57.06M) | Time:00:00.21 | Sce: Scene Ve:81416 Fa:79806 La:1
Fra:1 Mem:39.96M (0.00M, Peak 57.06M) | Time:00:00.21 | Sce: Scene Ve:81416 Fa:79806 La:1
Fra:1 Mem:44.03M (0.00M, Peak 57.06M) | Time:00:00.21 | Scene, Part 3-4
Fra:1 Mem:43.99M (0.00M, Peak 57.06M) | Time:00:00.21 | Scene, Part 4-4
Fra:1 Mem:42.96M (0.00M, Peak 57.06M) | Time:00:00.23 | Scene, Part 1-4
Fra:1 Mem:41.05M (0.00M, Peak 57.06M) | Time:00:00.23 | Scene, Part 2-4
Fra:1 Mem:19.47M (0.00M, Peak 57.06M) | Time:00:00.23 | Sce: Scene Ve:81416 Fa:79806 La:1
Saved: '/tmp/tmp5czqwu2d.png'
 Time: 00:00.25 (Saving: 00:00.01)

Fra:1 Mem:19.50M (0.00M, Peak 20.10M) | Time:00:00.04 | Mem:0.00M, Peak:0.00M | Scene, RenderLayer | Synchronizing object | Area
Fra:1 Mem:19.50M (0.00M, Peak 20.10M) | Time:00:00.04 | Mem:0.00M, Peak:0.00M | Scene, RenderLayer | Synchronizing object | Ground
Fra:1 Mem:19.57M (0.00M, Peak 20.10M) | Time:00:00.05 | Mem:0.00M, Peak:0.00M | Scene, RenderLayer | Synchronizing object | Empty
Fra:1 Mem:19.57M (0.00M, Peak 20.10M) | Time:00:00.05 | Mem:0.00M, Peak:0.00M | Scene, RenderLayer | Synchronizing object | Lamp_Back
Fra:1 Mem:19.57M (0.00M, Peak 20.10M) | Time:00:00.05 | Mem:0.00M, Peak:0.00M | Scene, RenderLayer | Synchronizing object | Lamp_Fill
Fra:1 Mem:19.57M (0.00M, Peak 20.10M) | Time:00:00.05 | Mem:0.00M, Peak:0.00M | Scene, RenderLayer | Synchronizing object | Lamp_Key
Fra:1 Mem:19.57M (0.00M, Peak 20.10M) | Time:00:00.05 | Mem:0.00M, Peak:0.00M | Scene, RenderLayer | Synchronizing object | Camera
Fra:1 Mem:19.57M (0.00M, Peak 20.10M) | Time:00:00.05 | Mem:0.00M, Peak:0.00M | Scene, RenderLayer | Synchronizing object | Sphere_0
Fra:1 Mem:21.06M (0.00M, Peak 22.50M) | Time:00:00.05 | Mem:0.00M, Peak:0.00M | Scene, RenderLayer | Synchronizing object | Sphere_1
Fra:1 Mem:22.56M (0.00M, Peak 24.00M) | Time:00:00.06 | Mem:0.00M, Peak:0.00M | Scene, RenderLayer | Synchronizing object | SmoothCylinder_0
Fra:1 Mem:25.88M (0.00M, Peak 28.96M) | Time:00:00.07 | Mem:0.00M, Peak:0.00M | Scene, RenderLayer | Synchronizing object | Sphere_2
Fra:1 Mem:27.37M (0.00M, Peak 28.96M) | Time:00:00.07 | Mem:0.00M, Peak:0.00M | Scene, RenderLayer | Initializing
Fra:1 Mem:27.37M (0.00M, Peak 28.96M) | Time:00:00.07 | Mem:0.00M, Peak:0.00M | Scene, RenderLayer | Loading render kernels (may take a few minutes the first time)
Fra:1 Mem:27.37M (0.00M, Peak 30.07M) | Time:00:00.09 | Mem:0.00M, Peak:0.00M | Scene, RenderLayer | Waiting for render to start
Fra:1 Mem:27.37M (0.00M, Peak 30.07M) | Time:00:00.09 | Mem:0.00M, Peak:0.00M | Scene, RenderLayer | Updating Scene
Fra:1 Mem:27.37M (0.00M, Peak 30.07M) | Time:00:00.09 | Mem:0.00M, Peak:0.00M | Scene, RenderLayer | Updating Shaders
Fra:1 Mem:27.63M (0.00M, Peak 30.07M) | Time:00:00.09 | Mem:0.00M, Peak:0.00M | Scene, RenderLayer | Updating Background
Fra:1 Mem:27.63M (0.00M, Peak 30.07M) | Time:00:00.09 | Mem:0.00M, Peak:0.00M | Scene, RenderLayer | Updating Camera
Fra:1 Mem:27.63M (0.00M, Peak 30.07M) | Time:00:00.09 | Mem:0.00M, Peak:0.00M | Scene, RenderLayer | Updating Meshes Flags
Fra:1 Mem:27.63M (0.00M, Peak 30.07M) | Time:00:00.09 | Mem:0.00M, Peak:0.00M | Scene, RenderLayer | Updating Objects
Fra:1 Mem:27.63M (0.00M, Peak 30.07M) | Time:00:00.09 | Mem:0.00M, Peak:0.00M | Scene, RenderLayer | Updating Objects | Copying Transformations to device
Fra:1 Mem:27.63M (0.00M, Peak 30.07M) | Time:00:00.09 | Mem:0.00M, Peak:0.00M | Scene, RenderLayer | Updating Objects | Applying Static Transformations
Fra:1 Mem:27.63M (0.00M, Peak 30.07M) | Time:00:00.09 | Mem:0.00M, Peak:0.00M | Scene, RenderLayer | Updating Meshes
Fra:1 Mem:30.06M (0.00M, Peak 30.07M) | Time:00:00.09 | Mem:0.00M, Peak:0.00M | Scene, RenderLayer | Updating Mesh | Computing attributes
Fra:1 Mem:31.31M (0.00M, Peak 31.31M) | Time:00:00.10 | Mem:0.00M, Peak:0.00M | Scene, RenderLayer | Updating Mesh | Copying Attributes to device
Fra:1 Mem:31.31M (0.00M, Peak 32.55M) | Time:00:00.10 | Mem:1.25M, Peak:1.25M | Scene, RenderLayer | Updating Scene BVH | Building
Fra:1 Mem:31.31M (0.00M, Peak 32.55M) | Time:00:00.10 | Mem:1.25M, Peak:1.25M | Scene, RenderLayer | Updating Scene BVH | Building BVH
Fra:1 Mem:40.45M (0.00M, Peak 40.45M) | Time:00:00.20 | Mem:1.25M, Peak:1.25M | Scene, RenderLayer | Updating Scene BVH | Packing BVH triangles and strands
Fra:1 Mem:48.98M (0.00M, Peak 48.98M) | Time:00:00.21 | Mem:1.25M, Peak:1.25M | Scene, RenderLayer | Updating Scene BVH | Packing BVH nodes
Fra:1 Mem:44.17M (0.00M, Peak 51.49M) | Time:00:00.22 | Mem:1.25M, Peak:1.25M | Scene, RenderLayer | Updating Scene BVH | Copying BVH to device
Fra:1 Mem:44.78M (0.00M, Peak 51.49M) | Time:00:00.22 | Mem:14.11M, Peak:14.11M | Scene, RenderLayer | Updating Mesh | Computing normals
Fra:1 Mem:50.32M (0.00M, Peak 51.49M) | Time:00:00.23 | Mem:14.11M, Peak:14.11M | Scene, RenderLayer | Updating Mesh | Copying Mesh to device
Fra:1 Mem:49.72M (0.00M, Peak 51.49M) | Time:00:00.23 | Mem:19.65M, Peak:19.65M | Scene, RenderLayer | Updating Objects Flags
Fra:1 Mem:49.72M (0.00M, Peak 51.49M) | Time:00:00.23 | Mem:19.65M, Peak:19.65M | Scene, RenderLayer | Updating Images
Fra:1 Mem:49.72M (0.00M, Peak 51.49M) | Time:00:00.23 | Mem:19.65M, Peak:19.65M | Scene, RenderLayer | Updating Camera Volume
Fra:1 Mem:49.72M (0.00M, Peak 51.49M) | Time:00:00.23 | Mem:19.65M, Peak:19.65M | Scene, RenderLayer | Updating Hair Systems
Fra:1 Mem:49.72M (0.00M, Peak 51.49M) | Time:00:00.23 | Mem:19.65M, Peak:19.65M | Scene, RenderLayer | Updating Hair settings | Copying Hair settings to device
Fra:1 Mem:49.72M (0.00M, Peak 51.49M) | Time:00:00.23 | Mem:19.65M, Peak:19.65M | Scene, RenderLayer | Updating Lookup Tables
Fra:1 Mem:49.72M (0.00M, Peak 51.49M) | Time:00:00.23 | Mem:19.90M, Peak:19.90M | Scene, RenderLayer | Updating Lights
Fra:1 Mem:49.72M (0.00M, Peak 51.49M) | Time:00:00.23 | Mem:19.90M, Peak:19.90M | Scene, RenderLayer | Updating Lights | Computing distribution
Fra:1 Mem:49.72M (0.00M, Peak 51.49M) | Time:00:00.23 | Mem:19.91M, Peak:19.91M | Scene, RenderLayer | Updating Particle Systems
Fra:1 Mem:49.72M (0.00M, Peak 51.49M) | Time:00:00.23 | Mem:19.91M, Peak:19.91M | Scene, RenderLayer | Updating Particle Systems | Copying Particles to device
Fra:1 Mem:49.72M (0.00M, Peak 51.49M) | Time:00:00.23 | Mem:19.91M, Peak:19.91M | Scene, RenderLayer | Updating Integrator
Fra:1 Mem:49.76M (0.00M, Peak 51.49M) | Time:00:00.23 | Mem:19.95M, Peak:19.95M | Scene, RenderLayer | Updating Film
Fra:1 Mem:49.76M (0.00M, Peak 51.49M) | Time:00:00.23 | Mem:19.95M, Peak:19.95M | Scene, RenderLayer | Updating Lookup Tables
Fra:1 Mem:49.76M (0.00M, Peak 51.49M) | Time:00:00.23 | Mem:19.95M, Peak:19.95M | Scene, RenderLayer | Updating Baking
Fra:1 Mem:49.76M (0.00M, Peak 51.49M) | Time:00:00.23 | Mem:19.95M, Peak:19.95M | Scene, RenderLayer | Updating Device | Writing constant memory
Fra:1 Mem:49.76M (0.00M, Peak 51.49M) | Time:00:00.23 | Mem:19.95M, Peak:19.95M | Scene, RenderLayer | Path Tracing Tile 0/4, Sample 0/512
Fra:1 Mem:52.01M (0.00M, Peak 53.26M) | Time:00:00.23 | Mem:22.20M, Peak:22.20M | Scene, RenderLayer | Path Tracing Tile 1/4, Sample 0/512
Fra:1 Mem:52.01M (0.00M, Peak 54.26M) | Time:00:01.24 | Remaining:00:13.18 | Mem:22.20M, Peak:22.20M | Scene, RenderLayer | Path Tracing Tile 1/4, Sample 85/512
Fra:1 Mem:52.01M (0.00M, Peak 54.26M) | Time:00:02.24 | Remaining:00:12.17 | Mem:22.20M, Peak:22.20M | Scene, RenderLayer | Path Tracing Tile 1/4, Sample 170/512
Fra:1 Mem:52.01M (0.00M, Peak 54.26M) | Time:00:03.25 | Remaining:00:11.13 | Mem:22.20M, Peak:22.20M | Scene, RenderLayer | Path Tracing Tile 1/4, Sample 256/512
Fra:1 Mem:52.01M (0.00M, Peak 54.26M) | Time:00:04.26 | Remaining:00:10.14 | Mem:22.20M, Peak:22.20M | Scene, RenderLayer | Path Tracing Tile 1/4, Sample 341/512
Fra:1 Mem:52.01M (0.00M, Peak 54.26M) | Time:00:05.26 | Remaining:00:09.14 | Mem:22.20M, Peak:22.20M | Scene, RenderLayer | Path Tracing Tile 1/4, Sample 426/512
Fra:1 Mem:52.01M (0.00M, Peak 54.26M) | Time:00:06.26 | Remaining:00:08.16 | Mem:22.20M, Peak:22.20M | Scene, RenderLayer | Path Tracing Tile 1/4, Sample 510/512
Fra:1 Mem:49.76M (0.00M, Peak 54.26M) | Time:00:06.29 | Remaining:00:08.14 | Mem:19.95M, Peak:22.20M | Scene, RenderLayer | Path Tracing Tile 1/4, Sample 512/512
Fra:1 Mem:51.73M (0.00M, Peak 54.26M) | Time:00:06.29 | Remaining:00:08.14 | Mem:21.92M, Peak:22.20M | Scene, RenderLayer | Path Tracing Tile 2/4, Sample 512/512
Fra:1 Mem:51.73M (0.00M, Peak 54.26M) | Time:00:07.27 | Remaining:00:07.05 | Mem:21.92M, Peak:22.20M | Scene, RenderLayer | Path Tracing Tile 2/4, Sample 100/512
Fra:1 Mem:51.73M (0.00M, Peak 54.26M) | Time:00:08.27 | Remaining:00:05.97 | Mem:21.92M, Peak:22.20M | Scene, RenderLayer | Path Tracing Tile 2/4, Sample 202/512
Fra:1 Mem:51.73M (0.00M, Peak 54.26M) | Time:00:09.28 | Remaining:00:04.90 | Mem:21.92M, Peak:22.20M | Scene, RenderLayer | Path Tracing Tile 2/4, Sample 304/512
Fra:1 Mem:51.73M (0.00M, Peak 54.26M) | Time:00:10.29 | Remaining:00:03.85 | Mem:21.92M, Peak:22.20M | Scene, RenderLayer | Path Tracing Tile 2/4, Sample 406/512
Fra:1 Mem:51.73M (0.00M, Peak 54.26M) | Time:00:11.29 | Remaining:00:02.82 | Mem:21.92M, Peak:22.20M | Scene, RenderLayer | Path Tracing Tile 2/4, Sample 507/512
Fra:1 Mem:49.76M (0.00M, Peak 54.26M) | Time:00:11.34 | Remaining:00:02.77 | Mem:19.95M, Peak:22.20M | Scene, RenderLayer | Path Tracing Tile 2/4, Sample 512/512
Fra:1 Mem:50.32M (0.00M, Peak 54.26M) | Time:00:11.34 | Remaining:00:02.77 | Mem:20.51M, Peak:22.20M | Scene, RenderLayer | Path Tracing Tile 3/4, Sample 512/512
Fra:1 Mem:50.32M (0.00M, Peak 54.26M) | Time:00:12.29 | Remaining:00:02.19 | Mem:20.51M, Peak:22.20M | Scene, RenderLayer | Path Tracing Tile 3/4, Sample 220/512
Fra:1 Mem:50.32M (0.00M, Peak 54.26M) | Time:00:13.29 | Remaining:00:01.54 | Mem:20.51M, Peak:22.20M | Scene, RenderLayer | Path Tracing Tile 3/4, Sample 451/512
Fra:1 Mem:49.76M (0.00M, Peak 54.26M) | Time:00:13.56 | Remaining:00:01.37 | Mem:19.95M, Peak:22.20M | Scene, RenderLayer | Path Tracing Tile 3/4, Sample 512/512
Fra:1 Mem:50.25M (0.00M, Peak 54.26M) | Time:00:13.56 | Remaining:00:01.37 | Mem:20.44M, Peak:22.20M | Scene, RenderLayer | Path Tracing Tile 4/4, Sample 512/512
Fra:1 Mem:50.25M (0.00M, Peak 54.26M) | Time:00:14.29 | Remaining:00:00.89 | Mem:20.44M, Peak:22.20M | Scene, RenderLayer | Path Tracing Tile 4/4, Sample 182/512
Fra:1 Mem:50.25M (0.00M, Peak 54.26M) | Time:00:15.29 | Remaining:00:00.23 | Mem:20.44M, Peak:22.20M | Scene, RenderLayer | Path Tracing Tile 4/4, Sample 428/512
Fra:1 Mem:49.76M (0.00M, Peak 54.26M) | Time:00:15.64 | Mem:19.95M, Peak:22.20M | Scene, RenderLayer | Path Tracing Tile 4/4, Sample 512/512
Fra:1 Mem:49.76M (0.00M, Peak 54.26M) | Time:00:15.64 | Mem:19.95M, Peak:22.20M | Scene, RenderLayer | Finished
Fra:1 Mem:19.50M (0.00M, Peak 54.26M) | Time:00:15.72 | Sce: Scene Ve:0 Fa:0 La:0
Saved: 'data/clevr-cleaned-variants/apocope/fovariant-19/render/images/CLEVR_val_000004.png'
 Time: 00:15.76 (Saving: 00:00.03)

read blend: /home/ubuntu/vdp/data/clevr_scene_data/base_scene.blend
convertViewVec: called in an invalid context
convertViewVec: called in an invalid context
convertViewVec: called in an invalid context
Fra:1 Mem:17.63M (0.00M, Peak 17.63M) | Time:00:00.00 | Preparing Scene data
Fra:1 Mem:25.64M (0.00M, Peak 26.62M) | Time:00:00.01 | Preparing Scene data
Fra:1 Mem:25.64M (0.00M, Peak 26.62M) | Time:00:00.01 | Creating Shadowbuffers
Fra:1 Mem:25.64M (0.00M, Peak 26.62M) | Time:00:00.01 | Raytree.. preparing
Fra:1 Mem:34.46M (0.00M, Peak 34.46M) | Time:00:00.02 | Raytree.. building
Fra:1 Mem:33.98M (0.00M, Peak 47.75M) | Time:00:00.16 | Raytree finished
Fra:1 Mem:33.98M (0.00M, Peak 47.75M) | Time:00:00.16 | Creating Environment maps
Fra:1 Mem:33.98M (0.00M, Peak 47.75M) | Time:00:00.16 | Caching Point Densities
Fra:1 Mem:33.98M (0.00M, Peak 47.75M) | Time:00:00.16 | Sce: Scene Ve:66054 Fa:64254 La:1
Fra:1 Mem:33.98M (0.00M, Peak 47.75M) | Time:00:00.16 | Loading voxel datasets
Fra:1 Mem:33.98M (0.00M, Peak 47.75M) | Time:00:00.16 | Sce: Scene Ve:66054 Fa:64254 La:1
Fra:1 Mem:33.98M (0.00M, Peak 47.75M) | Time:00:00.16 | Sce: Scene Ve:66054 Fa:64254 La:1
Fra:1 Mem:33.98M (0.00M, Peak 47.75M) | Time:00:00.16 | Volume preprocessing
Fra:1 Mem:33.98M (0.00M, Peak 47.75M) | Time:00:00.16 | Sce: Scene Ve:66054 Fa:64254 La:1
Fra:1 Mem:33.98M (0.00M, Peak 47.75M) | Time:00:00.16 | Sce: Scene Ve:66054 Fa:64254 La:1
Fra:1 Mem:38.49M (0.00M, Peak 47.75M) | Time:00:00.16 | Scene, Part 3-4
Fra:1 Mem:38.01M (0.00M, Peak 47.75M) | Time:00:00.16 | Scene, Part 4-4
Fra:1 Mem:37.08M (0.00M, Peak 47.75M) | Time:00:00.17 | Scene, Part 2-4
Fra:1 Mem:35.23M (0.00M, Peak 47.75M) | Time:00:00.17 | Scene, Part 1-4
Fra:1 Mem:17.52M (0.00M, Peak 47.75M) | Time:00:00.18 | Sce: Scene Ve:66054 Fa:64254 La:1
Saved: '/tmp/tmpqq4atxs0.png'
 Time: 00:00.19 (Saving: 00:00.01)

Fra:1 Mem:17.55M (0.00M, Peak 18.14M) | Time:00:00.04 | Mem:0.00M, Peak:0.00M | Scene, RenderLayer | Synchronizing object | Area
Fra:1 Mem:17.55M (0.00M, Peak 18.14M) | Time:00:00.04 | Mem:0.00M, Peak:0.00M | Scene, RenderLayer | Synchronizing object | Ground
Fra:1 Mem:17.62M (0.00M, Peak 18.14M) | Time:00:00.04 | Mem:0.00M, Peak:0.00M | Scene, RenderLayer | Synchronizing object | Empty
Fra:1 Mem:17.62M (0.00M, Peak 18.14M) | Time:00:00.04 | Mem:0.00M, Peak:0.00M | Scene, RenderLayer | Synchronizing object | Lamp_Back
Fra:1 Mem:17.62M (0.00M, Peak 18.14M) | Time:00:00.04 | Mem:0.00M, Peak:0.00M | Scene, RenderLayer | Synchronizing object | Lamp_Fill
Fra:1 Mem:17.62M (0.00M, Peak 18.14M) | Time:00:00.04 | Mem:0.00M, Peak:0.00M | Scene, RenderLayer | Synchronizing object | Lamp_Key
Fra:1 Mem:17.62M (0.00M, Peak 18.14M) | Time:00:00.04 | Mem:0.00M, Peak:0.00M | Scene, RenderLayer | Synchronizing object | Camera
Fra:1 Mem:17.62M (0.00M, Peak 18.14M) | Time:00:00.04 | Mem:0.00M, Peak:0.00M | Scene, RenderLayer | Synchronizing object | Sphere_0
Fra:1 Mem:19.11M (0.00M, Peak 20.55M) | Time:00:00.05 | Mem:0.00M, Peak:0.00M | Scene, RenderLayer | Synchronizing object | SmoothCylinder_0
Fra:1 Mem:22.43M (0.00M, Peak 25.52M) | Time:00:00.06 | Mem:0.00M, Peak:0.00M | Scene, RenderLayer | Synchronizing object | Sphere_1
Fra:1 Mem:23.93M (0.00M, Peak 25.52M) | Time:00:00.07 | Mem:0.00M, Peak:0.00M | Scene, RenderLayer | Initializing
Fra:1 Mem:23.93M (0.00M, Peak 25.52M) | Time:00:00.07 | Mem:0.00M, Peak:0.00M | Scene, RenderLayer | Loading render kernels (may take a few minutes the first time)
Fra:1 Mem:23.93M (0.00M, Peak 26.63M) | Time:00:00.08 | Mem:0.00M, Peak:0.00M | Scene, RenderLayer | Waiting for render to start
Fra:1 Mem:23.93M (0.00M, Peak 26.63M) | Time:00:00.08 | Mem:0.00M, Peak:0.00M | Scene, RenderLayer | Updating Scene
Fra:1 Mem:23.93M (0.00M, Peak 26.63M) | Time:00:00.08 | Mem:0.00M, Peak:0.00M | Scene, RenderLayer | Updating Shaders
Fra:1 Mem:24.18M (0.00M, Peak 26.63M) | Time:00:00.08 | Mem:0.00M, Peak:0.00M | Scene, RenderLayer | Updating Background
Fra:1 Mem:24.18M (0.00M, Peak 26.63M) | Time:00:00.08 | Mem:0.00M, Peak:0.00M | Scene, RenderLayer | Updating Camera
Fra:1 Mem:24.18M (0.00M, Peak 26.63M) | Time:00:00.08 | Mem:0.00M, Peak:0.00M | Scene, RenderLayer | Updating Meshes Flags
Fra:1 Mem:24.18M (0.00M, Peak 26.63M) | Time:00:00.08 | Mem:0.00M, Peak:0.00M | Scene, RenderLayer | Updating Objects
Fra:1 Mem:24.18M (0.00M, Peak 26.63M) | Time:00:00.08 | Mem:0.00M, Peak:0.00M | Scene, RenderLayer | Updating Objects | Copying Transformations to device
Fra:1 Mem:24.18M (0.00M, Peak 26.63M) | Time:00:00.08 | Mem:0.00M, Peak:0.00M | Scene, RenderLayer | Updating Objects | Applying Static Transformations
Fra:1 Mem:24.18M (0.00M, Peak 26.63M) | Time:00:00.08 | Mem:0.00M, Peak:0.00M | Scene, RenderLayer | Updating Meshes
Fra:1 Mem:26.15M (0.00M, Peak 26.63M) | Time:00:00.09 | Mem:0.00M, Peak:0.00M | Scene, RenderLayer | Updating Mesh | Computing attributes
Fra:1 Mem:27.16M (0.00M, Peak 27.16M) | Time:00:00.09 | Mem:0.00M, Peak:0.00M | Scene, RenderLayer | Updating Mesh | Copying Attributes to device
Fra:1 Mem:27.16M (0.00M, Peak 28.16M) | Time:00:00.09 | Mem:1.01M, Peak:1.01M | Scene, RenderLayer | Updating Scene BVH | Building
Fra:1 Mem:27.16M (0.00M, Peak 28.16M) | Time:00:00.09 | Mem:1.01M, Peak:1.01M | Scene, RenderLayer | Updating Scene BVH | Building BVH
Fra:1 Mem:34.54M (0.00M, Peak 34.54M) | Time:00:00.18 | Mem:1.01M, Peak:1.01M | Scene, RenderLayer | Updating Scene BVH | Packing BVH triangles and strands
Fra:1 Mem:41.43M (0.00M, Peak 41.43M) | Time:00:00.18 | Mem:1.01M, Peak:1.01M | Scene, RenderLayer | Updating Scene BVH | Packing BVH nodes
Fra:1 Mem:37.56M (0.00M, Peak 43.47M) | Time:00:00.19 | Mem:1.01M, Peak:1.01M | Scene, RenderLayer | Updating Scene BVH | Copying BVH to device
Fra:1 Mem:38.05M (0.00M, Peak 43.47M) | Time:00:00.19 | Mem:11.42M, Peak:11.42M | Scene, RenderLayer | Updating Mesh | Computing normals
Fra:1 Mem:42.54M (0.00M, Peak 43.47M) | Time:00:00.20 | Mem:11.42M, Peak:11.42M | Scene, RenderLayer | Updating Mesh | Copying Mesh to device
Fra:1 Mem:42.05M (0.00M, Peak 43.47M) | Time:00:00.20 | Mem:15.90M, Peak:15.90M | Scene, RenderLayer | Updating Objects Flags
Fra:1 Mem:42.05M (0.00M, Peak 43.47M) | Time:00:00.20 | Mem:15.90M, Peak:15.90M | Scene, RenderLayer | Updating Images
Fra:1 Mem:42.05M (0.00M, Peak 43.47M) | Time:00:00.20 | Mem:15.90M, Peak:15.90M | Scene, RenderLayer | Updating Camera Volume
Fra:1 Mem:42.05M (0.00M, Peak 43.47M) | Time:00:00.20 | Mem:15.90M, Peak:15.90M | Scene, RenderLayer | Updating Hair Systems
Fra:1 Mem:42.05M (0.00M, Peak 43.47M) | Time:00:00.20 | Mem:15.90M, Peak:15.90M | Scene, RenderLayer | Updating Hair settings | Copying Hair settings to device
Fra:1 Mem:42.05M (0.00M, Peak 43.47M) | Time:00:00.20 | Mem:15.90M, Peak:15.90M | Scene, RenderLayer | Updating Lookup Tables
Fra:1 Mem:42.05M (0.00M, Peak 43.47M) | Time:00:00.20 | Mem:16.15M, Peak:16.15M | Scene, RenderLayer | Updating Lights
Fra:1 Mem:42.05M (0.00M, Peak 43.47M) | Time:00:00.20 | Mem:16.15M, Peak:16.15M | Scene, RenderLayer | Updating Lights | Computing distribution
Fra:1 Mem:42.05M (0.00M, Peak 43.47M) | Time:00:00.20 | Mem:16.15M, Peak:16.15M | Scene, RenderLayer | Updating Particle Systems
Fra:1 Mem:42.05M (0.00M, Peak 43.47M) | Time:00:00.20 | Mem:16.15M, Peak:16.15M | Scene, RenderLayer | Updating Particle Systems | Copying Particles to device
Fra:1 Mem:42.05M (0.00M, Peak 43.47M) | Time:00:00.20 | Mem:16.15M, Peak:16.15M | Scene, RenderLayer | Updating Integrator
Fra:1 Mem:42.09M (0.00M, Peak 43.47M) | Time:00:00.20 | Mem:16.20M, Peak:16.20M | Scene, RenderLayer | Updating Film
Fra:1 Mem:42.09M (0.00M, Peak 43.47M) | Time:00:00.20 | Mem:16.20M, Peak:16.20M | Scene, RenderLayer | Updating Lookup Tables
Fra:1 Mem:42.09M (0.00M, Peak 43.47M) | Time:00:00.20 | Mem:16.20M, Peak:16.20M | Scene, RenderLayer | Updating Baking
Fra:1 Mem:42.09M (0.00M, Peak 43.47M) | Time:00:00.20 | Mem:16.20M, Peak:16.20M | Scene, RenderLayer | Updating Device | Writing constant memory
Fra:1 Mem:42.09M (0.00M, Peak 43.47M) | Time:00:00.20 | Mem:16.20M, Peak:16.20M | Scene, RenderLayer | Path Tracing Tile 0/4, Sample 0/512
Fra:1 Mem:44.34M (0.00M, Peak 45.59M) | Time:00:00.20 | Mem:18.45M, Peak:18.45M | Scene, RenderLayer | Path Tracing Tile 1/4, Sample 0/512
Fra:1 Mem:44.34M (0.00M, Peak 46.59M) | Time:00:01.21 | Remaining:00:11.76 | Mem:18.45M, Peak:18.45M | Scene, RenderLayer | Path Tracing Tile 1/4, Sample 95/512
Fra:1 Mem:44.34M (0.00M, Peak 46.59M) | Time:00:02.22 | Remaining:00:10.73 | Mem:18.45M, Peak:18.45M | Scene, RenderLayer | Path Tracing Tile 1/4, Sample 190/512
Fra:1 Mem:44.34M (0.00M, Peak 46.59M) | Time:00:03.23 | Remaining:00:09.72 | Mem:18.45M, Peak:18.45M | Scene, RenderLayer | Path Tracing Tile 1/4, Sample 285/512
Fra:1 Mem:44.34M (0.00M, Peak 46.59M) | Time:00:04.23 | Remaining:00:08.72 | Mem:18.45M, Peak:18.45M | Scene, RenderLayer | Path Tracing Tile 1/4, Sample 379/512
Fra:1 Mem:44.34M (0.00M, Peak 46.59M) | Time:00:05.23 | Remaining:00:07.72 | Mem:18.45M, Peak:18.45M | Scene, RenderLayer | Path Tracing Tile 1/4, Sample 473/512
Fra:1 Mem:42.09M (0.00M, Peak 46.59M) | Time:00:05.65 | Remaining:00:07.32 | Mem:16.20M, Peak:18.45M | Scene, RenderLayer | Path Tracing Tile 1/4, Sample 512/512
Fra:1 Mem:44.06M (0.00M, Peak 46.59M) | Time:00:05.65 | Remaining:00:07.32 | Mem:18.17M, Peak:18.45M | Scene, RenderLayer | Path Tracing Tile 2/4, Sample 512/512
Fra:1 Mem:44.06M (0.00M, Peak 46.59M) | Time:00:06.23 | Remaining:00:06.73 | Mem:18.17M, Peak:18.45M | Scene, RenderLayer | Path Tracing Tile 2/4, Sample 63/512
Fra:1 Mem:44.06M (0.00M, Peak 46.59M) | Time:00:07.24 | Remaining:00:05.72 | Mem:18.17M, Peak:18.45M | Scene, RenderLayer | Path Tracing Tile 2/4, Sample 171/512
Fra:1 Mem:44.06M (0.00M, Peak 46.59M) | Time:00:08.24 | Remaining:00:04.72 | Mem:18.17M, Peak:18.45M | Scene, RenderLayer | Path Tracing Tile 2/4, Sample 279/512
Fra:1 Mem:44.06M (0.00M, Peak 46.59M) | Time:00:09.25 | Remaining:00:03.71 | Mem:18.17M, Peak:18.45M | Scene, RenderLayer | Path Tracing Tile 2/4, Sample 387/512
Fra:1 Mem:44.06M (0.00M, Peak 46.59M) | Time:00:10.25 | Remaining:00:02.72 | Mem:18.17M, Peak:18.45M | Scene, RenderLayer | Path Tracing Tile 2/4, Sample 494/512
Fra:1 Mem:42.09M (0.00M, Peak 46.59M) | Time:00:10.43 | Remaining:00:02.55 | Mem:16.20M, Peak:18.45M | Scene, RenderLayer | Path Tracing Tile 2/4, Sample 512/512
Fra:1 Mem:42.66M (0.00M, Peak 46.59M) | Time:00:10.43 | Remaining:00:02.55 | Mem:16.76M, Peak:18.45M | Scene, RenderLayer | Path Tracing Tile 3/4, Sample 512/512
Fra:1 Mem:42.66M (0.00M, Peak 46.59M) | Time:00:11.25 | Remaining:00:02.09 | Mem:16.76M, Peak:18.45M | Scene, RenderLayer | Path Tracing Tile 3/4, Sample 196/512
Fra:1 Mem:42.66M (0.00M, Peak 46.59M) | Time:00:12.26 | Remaining:00:01.49 | Mem:16.76M, Peak:18.45M | Scene, RenderLayer | Path Tracing Tile 3/4, Sample 432/512
Fra:1 Mem:42.09M (0.00M, Peak 46.59M) | Time:00:12.60 | Remaining:00:01.27 | Mem:16.20M, Peak:18.45M | Scene, RenderLayer | Path Tracing Tile 3/4, Sample 512/512
Fra:1 Mem:42.59M (0.00M, Peak 46.59M) | Time:00:12.60 | Remaining:00:01.27 | Mem:16.69M, Peak:18.45M | Scene, RenderLayer | Path Tracing Tile 4/4, Sample 512/512
Fra:1 Mem:42.59M (0.00M, Peak 46.59M) | Time:00:13.26 | Remaining:00:00.87 | Mem:16.69M, Peak:18.45M | Scene, RenderLayer | Path Tracing Tile 4/4, Sample 168/512
Fra:1 Mem:42.59M (0.00M, Peak 46.59M) | Time:00:14.26 | Remaining:00:00.23 | Mem:16.69M, Peak:18.45M | Scene, RenderLayer | Path Tracing Tile 4/4, Sample 422/512
Fra:1 Mem:42.09M (0.00M, Peak 46.59M) | Time:00:14.62 | Mem:16.20M, Peak:18.45M | Scene, RenderLayer | Path Tracing Tile 4/4, Sample 512/512
Fra:1 Mem:42.09M (0.00M, Peak 46.59M) | Time:00:14.62 | Mem:16.20M, Peak:18.45M | Scene, RenderLayer | Finished
Fra:1 Mem:17.54M (0.00M, Peak 46.59M) | Time:00:14.70 | Sce: Scene Ve:0 Fa:0 La:0
Saved: 'data/clevr-cleaned-variants/apocope/fovariant-19/render/images/CLEVR_val_000005.png'
 Time: 00:14.74 (Saving: 00:00.03)


Blender quit

INFO test_net.py:  81: Called with args:
INFO test_net.py:  82: Namespace(cfg_file='clevr_inference/scene_parse/mask_rcnn/configs/baselines/e2e_mask_rcnn_R-50-FPN_1x.yaml', clevr_comp_cat=1, dataset='clevr_original_val', grab_conv=False, images_dir='data/clevr-cleaned-variants/apocope/fovariant-19/render/images', load_ckpt='/home/ubuntu/vdp/data/ns-vqa-data/pretrained/object_detector.pt', load_detectron=None, multi_gpu_testing=False, name=None, output_dir='data/clevr-cleaned-variants/apocope/fovariant-19/infer/mask_rcnn', range=None, rendersummary_path='data/clevr-cleaned-variants/apocope/fovariant-19/render/summary.json', set_cfgs=[], vis=False)
INFO test_net.py: 125: Testing with config:
INFO test_net.py: 126: {'BBOX_XFORM_CLIP': 4.135166556742356,
 'CLEVR': {'COMP_CAT': True},
 'CROP_RESIZE_WITH_MAX_POOL': True,
 'CUDA': False,
 'DATA_DIR': '/home/ubuntu/vdp/data/ns-vqa-data/mask_rcnn',
 'DATA_LOADER': {'NUM_THREADS': 4},
 'DEBUG': False,
 'DEDUP_BOXES': 0.0625,
 'EPS': 1e-14,
 'EXPECTED_RESULTS': [],
 'EXPECTED_RESULTS_ATOL': 0.005,
 'EXPECTED_RESULTS_EMAIL': '',
 'EXPECTED_RESULTS_RTOL': 0.1,
 'FAST_RCNN': {'CONV_HEAD_DIM': 256,
               'MLP_HEAD_DIM': 1024,
               'NUM_STACKED_CONVS': 4,
               'ROI_BOX_HEAD': 'fast_rcnn_heads.roi_2mlp_head',
               'ROI_XFORM_METHOD': 'RoIAlign',
               'ROI_XFORM_RESOLUTION': 7,
               'ROI_XFORM_SAMPLING_RATIO': 2},
 'FPN': {'COARSEST_STRIDE': 32,
         'DIM': 256,
         'EXTRA_CONV_LEVELS': False,
         'FPN_ON': True,
         'MULTILEVEL_ROIS': True,
         'MULTILEVEL_RPN': True,
         'ROI_CANONICAL_LEVEL': 4,
         'ROI_CANONICAL_SCALE': 224,
         'ROI_MAX_LEVEL': 5,
         'ROI_MIN_LEVEL': 2,
         'RPN_ANCHOR_START_SIZE': 32,
         'RPN_ASPECT_RATIOS': (0.5, 1, 2),
         'RPN_COLLECT_SCALE': 1,
         'RPN_MAX_LEVEL': 6,
         'RPN_MIN_LEVEL': 2,
         'USE_GN': False,
         'ZERO_INIT_LATERAL': False},
 'GROUP_NORM': {'DIM_PER_GP': -1, 'EPSILON': 1e-05, 'NUM_GROUPS': 32},
 'KRCNN': {'CONV_HEAD_DIM': 256,
           'CONV_HEAD_KERNEL': 3,
           'CONV_INIT': 'GaussianFill',
           'DECONV_DIM': 256,
           'DECONV_KERNEL': 4,
           'DILATION': 1,
           'HEATMAP_SIZE': -1,
           'INFERENCE_MIN_SIZE': 0,
           'KEYPOINT_CONFIDENCE': 'bbox',
           'LOSS_WEIGHT': 1.0,
           'MIN_KEYPOINT_COUNT_FOR_VALID_MINIBATCH': 20,
           'NMS_OKS': False,
           'NORMALIZE_BY_VISIBLE_KEYPOINTS': True,
           'NUM_KEYPOINTS': -1,
           'NUM_STACKED_CONVS': 8,
           'ROI_KEYPOINTS_HEAD': '',
           'ROI_XFORM_METHOD': 'RoIAlign',
           'ROI_XFORM_RESOLUTION': 7,
           'ROI_XFORM_SAMPLING_RATIO': 0,
           'UP_SCALE': -1,
           'USE_DECONV': False,
           'USE_DECONV_OUTPUT': False},
 'MATLAB': 'matlab',
 'MODEL': {'BBOX_REG_WEIGHTS': (10.0, 10.0, 5.0, 5.0),
           'CLS_AGNOSTIC_BBOX_REG': False,
           'CONV_BODY': 'FPN.fpn_ResNet50_conv5_body',
           'FASTER_RCNN': True,
           'KEYPOINTS_ON': False,
           'LOAD_IMAGENET_PRETRAINED_WEIGHTS': True,
           'MASK_ON': True,
           'NUM_CLASSES': 49,
           'RPN_ONLY': False,
           'SHARE_RES5': False,
           'TYPE': 'generalized_rcnn',
           'UNSUPERVISED_POSE': False},
 'MRCNN': {'CLS_SPECIFIC_MASK': True,
           'CONV_INIT': 'MSRAFill',
           'DILATION': 1,
           'DIM_REDUCED': 256,
           'MEMORY_EFFICIENT_LOSS': True,
           'RESOLUTION': 28,
           'ROI_MASK_HEAD': 'mask_rcnn_heads.mask_rcnn_fcn_head_v1up4convs',
           'ROI_XFORM_METHOD': 'RoIAlign',
           'ROI_XFORM_RESOLUTION': 14,
           'ROI_XFORM_SAMPLING_RATIO': 2,
           'THRESH_BINARIZE': 0.5,
           'UPSAMPLE_RATIO': 1,
           'USE_FC_OUTPUT': False,
           'WEIGHT_LOSS_MASK': 1.0},
 'NUM_GPUS': 8,
 'OUTPUT_DIR': 'Outputs',
 'PIXEL_MEANS': array([[[102.9801, 115.9465, 122.7717]]]),
 'POOLING_MODE': 'crop',
 'POOLING_SIZE': 7,
 'PYTORCH_VERSION_LESS_THAN_040': False,
 'RESNETS': {'FREEZE_AT': 2,
             'IMAGENET_PRETRAINED_WEIGHTS': 'pretrained_model/resnet50_caffe.pth',
             'NUM_GROUPS': 1,
             'RES5_DILATION': 1,
             'SHORTCUT_FUNC': 'basic_bn_shortcut',
             'STEM_FUNC': 'basic_bn_stem',
             'STRIDE_1X1': True,
             'TRANS_FUNC': 'bottleneck_transformation',
             'USE_GN': False,
             'WIDTH_PER_GROUP': 64},
 'RETINANET': {'ANCHOR_SCALE': 4,
               'ASPECT_RATIOS': (0.5, 1.0, 2.0),
               'BBOX_REG_BETA': 0.11,
               'BBOX_REG_WEIGHT': 1.0,
               'CLASS_SPECIFIC_BBOX': False,
               'INFERENCE_TH': 0.05,
               'LOSS_ALPHA': 0.25,
               'LOSS_GAMMA': 2.0,
               'NEGATIVE_OVERLAP': 0.4,
               'NUM_CONVS': 4,
               'POSITIVE_OVERLAP': 0.5,
               'PRE_NMS_TOP_N': 1000,
               'PRIOR_PROB': 0.01,
               'RETINANET_ON': False,
               'SCALES_PER_OCTAVE': 3,
               'SHARE_CLS_BBOX_TOWER': False,
               'SOFTMAX': False},
 'RFCN': {'PS_GRID_SIZE': 3},
 'RNG_SEED': 3,
 'ROOT_DIR': '/home/ubuntu/vdp/clevr_inference/scene_parse/mask_rcnn',
 'RPN': {'ASPECT_RATIOS': (0.5, 1, 2),
         'CLS_ACTIVATION': 'sigmoid',
         'OUT_DIM': 512,
         'OUT_DIM_AS_IN_DIM': True,
         'RPN_ON': True,
         'SIZES': (64, 128, 256, 512),
         'STRIDE': 16},
 'SOLVER': {'BASE_LR': 0.02,
            'BIAS_DOUBLE_LR': True,
            'BIAS_WEIGHT_DECAY': False,
            'GAMMA': 0.1,
            'LOG_LR_CHANGE_THRESHOLD': 1.1,
            'LRS': [],
            'LR_POLICY': 'steps_with_decay',
            'MAX_ITER': 30000,
            'MOMENTUM': 0.9,
            'SCALE_MOMENTUM': True,
            'SCALE_MOMENTUM_THRESHOLD': 1.1,
            'STEPS': [0, 20000, 26000],
            'STEP_SIZE': 30000,
            'TYPE': 'SGD',
            'WARM_UP_FACTOR': 0.3333333333333333,
            'WARM_UP_ITERS': 500,
            'WARM_UP_METHOD': 'linear',
            'WEIGHT_DECAY': 0.0001,
            'WEIGHT_DECAY_GN': 0.0},
 'TEST': {'BBOX_AUG': {'AREA_TH_HI': 32400,
                       'AREA_TH_LO': 2500,
                       'ASPECT_RATIOS': (),
                       'ASPECT_RATIO_H_FLIP': False,
                       'COORD_HEUR': 'UNION',
                       'ENABLED': False,
                       'H_FLIP': False,
                       'MAX_SIZE': 4000,
                       'SCALES': (),
                       'SCALE_H_FLIP': False,
                       'SCALE_SIZE_DEP': False,
                       'SCORE_HEUR': 'UNION'},
          'BBOX_REG': True,
          'BBOX_VOTE': {'ENABLED': False,
                        'SCORING_METHOD': 'ID',
                        'SCORING_METHOD_BETA': 1.0,
                        'VOTE_TH': 0.8},
          'COMPETITION_MODE': True,
          'DATASETS': ('custom(data/clevr-cleaned-variants/apocope/fovariant-19/render/images, '
                       'data/clevr-cleaned-variants/apocope/fovariant-19/render/summary.json)',),
          'DETECTIONS_PER_IM': 100,
          'FORCE_JSON_DATASET_EVAL': False,
          'KPS_AUG': {'AREA_TH': 32400,
                      'ASPECT_RATIOS': (),
                      'ASPECT_RATIO_H_FLIP': False,
                      'ENABLED': False,
                      'HEUR': 'HM_AVG',
                      'H_FLIP': False,
                      'MAX_SIZE': 4000,
                      'SCALES': (),
                      'SCALE_H_FLIP': False,
                      'SCALE_SIZE_DEP': False},
          'MASK_AUG': {'AREA_TH': 32400,
                       'ASPECT_RATIOS': (),
                       'ASPECT_RATIO_H_FLIP': False,
                       'ENABLED': False,
                       'HEUR': 'SOFT_AVG',
                       'H_FLIP': False,
                       'MAX_SIZE': 4000,
                       'SCALES': (),
                       'SCALE_H_FLIP': False,
                       'SCALE_SIZE_DEP': False},
          'MAX_SIZE': 1333,
          'NMS': 0.5,
          'PRECOMPUTED_PROPOSALS': False,
          'PROPOSAL_FILES': (),
          'PROPOSAL_LIMIT': 2000,
          'RPN_MIN_SIZE': 0,
          'RPN_NMS_THRESH': 0.7,
          'RPN_POST_NMS_TOP_N': 1000,
          'RPN_PRE_NMS_TOP_N': 1000,
          'SCALE': 800,
          'SCORE_THRESH': 0.05,
          'SOFT_NMS': {'ENABLED': False, 'METHOD': 'linear', 'SIGMA': 0.5}},
 'TRAIN': {'ASPECT_CROPPING': False,
           'ASPECT_GROUPING': True,
           'ASPECT_HI': 2,
           'ASPECT_LO': 0.5,
           'BATCH_SIZE_PER_IM': 512,
           'BBOX_INSIDE_WEIGHTS': (1.0, 1.0, 1.0, 1.0),
           'BBOX_NORMALIZE_MEANS': (0.0, 0.0, 0.0, 0.0),
           'BBOX_NORMALIZE_STDS': (0.1, 0.1, 0.2, 0.2),
           'BBOX_NORMALIZE_TARGETS': True,
           'BBOX_NORMALIZE_TARGETS_PRECOMPUTED': False,
           'BBOX_THRESH': 0.5,
           'BG_THRESH_HI': 0.5,
           'BG_THRESH_LO': 0.0,
           'CROWD_FILTER_THRESH': 0.7,
           'DATASETS': (),
           'FG_FRACTION': 0.25,
           'FG_THRESH': 0.5,
           'FREEZE_CONV_BODY': False,
           'GT_MIN_AREA': -1,
           'IMS_PER_BATCH': 2,
           'MAX_SIZE': 1333,
           'PROPOSAL_FILES': (),
           'RPN_BATCH_SIZE_PER_IM': 256,
           'RPN_FG_FRACTION': 0.5,
           'RPN_MIN_SIZE': 0,
           'RPN_NEGATIVE_OVERLAP': 0.3,
           'RPN_NMS_THRESH': 0.7,
           'RPN_POSITIVE_OVERLAP': 0.7,
           'RPN_POST_NMS_TOP_N': 2000,
           'RPN_PRE_NMS_TOP_N': 2000,
           'RPN_STRADDLE_THRESH': 0,
           'SCALES': (800,),
           'SNAPSHOT_ITERS': 20000,
           'USE_FLIPPED': False},
 'VIS': False,
 'VIS_TH': 0.9}
INFO test_engine.py: 352: loading checkpoint /home/ubuntu/vdp/data/ns-vqa-data/pretrained/object_detector.pt
INFO test_engine.py: 286: im_detect: range [1, 6] of 6: 1/6 1.125s + 0.004s (eta: 0:00:05)
INFO test_engine.py: 336: Wrote detections to: /home/ubuntu/vdp/data/clevr-cleaned-variants/apocope/fovariant-19/infer/mask_rcnn/detections.pkl
INFO test_engine.py: 164: Total inference time: 5.613s


| processing proposals 1 / 6 images
| processing proposals 2 / 6 images
| processing proposals 3 / 6 images
| processing proposals 4 / 6 images
| processing proposals 5 / 6 images
| processing proposals 6 / 6 images
| saving object annotations to data/clevr-cleaned-variants/apocope/fovariant-19/infer/attrnet/predictions.json


| options
run_dir: data/clevr-cleaned-variants/apocope/fovariant-19/solver_ir
dataset: clevr
load_checkpoint_path: /home/ubuntu/vdp/data/ns-vqa-data/pretrained/attribute_net.pt
gpu_ids: [0]
clevr_mini_img_dir: /home/ubuntu/vdp/data/ns-vqa-data/raw/CLEVR_mini/images
clevr_mini_ann_path: /home/ubuntu/vdp/data/ns-vqa-data/attr_net/objects/clevr_mini_objs.json
concat_img: 1
split_id: 3500
batch_size: 50
num_workers: 4
learning_rate: 0.002
split: val
output_path: data/clevr-cleaned-variants/apocope/fovariant-19/solver_ir/results.json
clevr_val_ann_path: data/clevr-cleaned-variants/apocope/fovariant-19/infer/attrnet/predictions.json
clevr_val_img_dir: /home/ubuntu/vdp/data/ns-vqa-data/raw/CLEVR_v1.0/images/val
shuffle_data: 0
use_cat_label: 1
name: fovariant-19
| loading checkpoint from /home/ubuntu/vdp/data/ns-vqa-data/pretrained/attribute_net.pt
18 / 18 objects processed
| saving annotation file to data/clevr-cleaned-variants/apocope/fovariant-19/solver_ir/results.json


0.json in test
THRESHOLD relate_behind objs = {'id': '0-0', 'position': [2.82785701751709, 0.1953745186328888, 0.6923003792762756], 'color': 'blue', 'material': 'metal', 'shape': 'sphere', 'size': 'large'}, {'id': '0-1', 'position': [-2.833124876022339, -0.14926955103874207, 0.6981948018074036], 'color': 'blue', 'material': 'metal', 'shape': 'sphere', 'size': 'large'}
THRESHOLD relate_behind objs = {'id': '0-0', 'position': [2.82785701751709, 0.1953745186328888, 0.6923003792762756], 'color': 'blue', 'material': 'metal', 'shape': 'sphere', 'size': 'large'}, {'id': '0-2', 'position': [-0.11021638661623001, 0.0966435968875885, 0.35562556982040405], 'color': 'brown', 'material': 'rubber', 'shape': 'cylinder', 'size': 'small'}
THRESHOLD relate_front objs = {'id': '0-1', 'position': [-2.833124876022339, -0.14926955103874207, 0.6981948018074036], 'color': 'blue', 'material': 'metal', 'shape': 'sphere', 'size': 'large'}, {'id': '0-0', 'position': [2.82785701751709, 0.1953745186328888, 0.6923003792762756], 'color': 'blue', 'material': 'metal', 'shape': 'sphere', 'size': 'large'}
THRESHOLD relate_front objs = {'id': '0-1', 'position': [-2.833124876022339, -0.14926955103874207, 0.6981948018074036], 'color': 'blue', 'material': 'metal', 'shape': 'sphere', 'size': 'large'}, {'id': '0-2', 'position': [-0.11021638661623001, 0.0966435968875885, 0.35562556982040405], 'color': 'brown', 'material': 'rubber', 'shape': 'cylinder', 'size': 'small'}
THRESHOLD relate_behind objs = {'id': '0-2', 'position': [-0.11021638661623001, 0.0966435968875885, 0.35562556982040405], 'color': 'brown', 'material': 'rubber', 'shape': 'cylinder', 'size': 'small'}, {'id': '0-1', 'position': [-2.833124876022339, -0.14926955103874207, 0.6981948018074036], 'color': 'blue', 'material': 'metal', 'shape': 'sphere', 'size': 'large'}
THRESHOLD relate_front objs = {'id': '0-2', 'position': [-0.11021638661623001, 0.0966435968875885, 0.35562556982040405], 'color': 'brown', 'material': 'rubber', 'shape': 'cylinder', 'size': 'small'}, {'id': '0-0', 'position': [2.82785701751709, 0.1953745186328888, 0.6923003792762756], 'color': 'blue', 'material': 'metal', 'shape': 'sphere', 'size': 'large'}
1.json in test
THRESHOLD relate_front objs = {'id': '1-0', 'position': [-3.048630952835083, -0.1223236620426178, 0.6985429525375366], 'color': 'blue', 'material': 'metal', 'shape': 'sphere', 'size': 'large'}, {'id': '1-1', 'position': [1.4924557209014893, 0.08863604813814163, 0.6976953148841858], 'color': 'blue', 'material': 'metal', 'shape': 'sphere', 'size': 'large'}
THRESHOLD relate_front objs = {'id': '1-0', 'position': [-3.048630952835083, -0.1223236620426178, 0.6985429525375366], 'color': 'blue', 'material': 'metal', 'shape': 'sphere', 'size': 'large'}, {'id': '1-2', 'position': [-1.287852168083191, -0.048832740634679794, 0.3420453667640686], 'color': 'brown', 'material': 'metal', 'shape': 'cylinder', 'size': 'small'}
THRESHOLD relate_front objs = {'id': '1-0', 'position': [-3.048630952835083, -0.1223236620426178, 0.6985429525375366], 'color': 'blue', 'material': 'metal', 'shape': 'sphere', 'size': 'large'}, {'id': '1-3', 'position': [3.2142961025238037, 0.22186943888664246, 0.3420047163963318], 'color': 'brown', 'material': 'metal', 'shape': 'cylinder', 'size': 'small'}
THRESHOLD relate_behind objs = {'id': '1-1', 'position': [1.4924557209014893, 0.08863604813814163, 0.6976953148841858], 'color': 'blue', 'material': 'metal', 'shape': 'sphere', 'size': 'large'}, {'id': '1-0', 'position': [-3.048630952835083, -0.1223236620426178, 0.6985429525375366], 'color': 'blue', 'material': 'metal', 'shape': 'sphere', 'size': 'large'}
THRESHOLD relate_behind objs = {'id': '1-1', 'position': [1.4924557209014893, 0.08863604813814163, 0.6976953148841858], 'color': 'blue', 'material': 'metal', 'shape': 'sphere', 'size': 'large'}, {'id': '1-2', 'position': [-1.287852168083191, -0.048832740634679794, 0.3420453667640686], 'color': 'brown', 'material': 'metal', 'shape': 'cylinder', 'size': 'small'}
THRESHOLD relate_front objs = {'id': '1-1', 'position': [1.4924557209014893, 0.08863604813814163, 0.6976953148841858], 'color': 'blue', 'material': 'metal', 'shape': 'sphere', 'size': 'large'}, {'id': '1-3', 'position': [3.2142961025238037, 0.22186943888664246, 0.3420047163963318], 'color': 'brown', 'material': 'metal', 'shape': 'cylinder', 'size': 'small'}
THRESHOLD relate_behind objs = {'id': '1-2', 'position': [-1.287852168083191, -0.048832740634679794, 0.3420453667640686], 'color': 'brown', 'material': 'metal', 'shape': 'cylinder', 'size': 'small'}, {'id': '1-0', 'position': [-3.048630952835083, -0.1223236620426178, 0.6985429525375366], 'color': 'blue', 'material': 'metal', 'shape': 'sphere', 'size': 'large'}
THRESHOLD relate_front objs = {'id': '1-2', 'position': [-1.287852168083191, -0.048832740634679794, 0.3420453667640686], 'color': 'brown', 'material': 'metal', 'shape': 'cylinder', 'size': 'small'}, {'id': '1-1', 'position': [1.4924557209014893, 0.08863604813814163, 0.6976953148841858], 'color': 'blue', 'material': 'metal', 'shape': 'sphere', 'size': 'large'}
THRESHOLD relate_front objs = {'id': '1-2', 'position': [-1.287852168083191, -0.048832740634679794, 0.3420453667640686], 'color': 'brown', 'material': 'metal', 'shape': 'cylinder', 'size': 'small'}, {'id': '1-3', 'position': [3.2142961025238037, 0.22186943888664246, 0.3420047163963318], 'color': 'brown', 'material': 'metal', 'shape': 'cylinder', 'size': 'small'}
THRESHOLD relate_behind objs = {'id': '1-3', 'position': [3.2142961025238037, 0.22186943888664246, 0.3420047163963318], 'color': 'brown', 'material': 'metal', 'shape': 'cylinder', 'size': 'small'}, {'id': '1-0', 'position': [-3.048630952835083, -0.1223236620426178, 0.6985429525375366], 'color': 'blue', 'material': 'metal', 'shape': 'sphere', 'size': 'large'}
THRESHOLD relate_behind objs = {'id': '1-3', 'position': [3.2142961025238037, 0.22186943888664246, 0.3420047163963318], 'color': 'brown', 'material': 'metal', 'shape': 'cylinder', 'size': 'small'}, {'id': '1-1', 'position': [1.4924557209014893, 0.08863604813814163, 0.6976953148841858], 'color': 'blue', 'material': 'metal', 'shape': 'sphere', 'size': 'large'}
THRESHOLD relate_behind objs = {'id': '1-3', 'position': [3.2142961025238037, 0.22186943888664246, 0.3420047163963318], 'color': 'brown', 'material': 'metal', 'shape': 'cylinder', 'size': 'small'}, {'id': '1-2', 'position': [-1.287852168083191, -0.048832740634679794, 0.3420453667640686], 'color': 'brown', 'material': 'metal', 'shape': 'cylinder', 'size': 'small'}
2.json in test
THRESHOLD relate_behind objs = {'id': '2-0', 'position': [2.186859130859375, 0.10422685742378235, 0.34635722637176514], 'color': 'blue', 'material': 'metal', 'shape': 'cylinder', 'size': 'small'}, {'id': '2-1', 'position': [0.0831858441233635, 0.007036156952381134, 0.6940761208534241], 'color': 'blue', 'material': 'metal', 'shape': 'sphere', 'size': 'large'}
THRESHOLD relate_front objs = {'id': '2-1', 'position': [0.0831858441233635, 0.007036156952381134, 0.6940761208534241], 'color': 'blue', 'material': 'metal', 'shape': 'sphere', 'size': 'large'}, {'id': '2-0', 'position': [2.186859130859375, 0.10422685742378235, 0.34635722637176514], 'color': 'blue', 'material': 'metal', 'shape': 'cylinder', 'size': 'small'}
3.json in train
THRESHOLD relate_behind objs = {'id': '3-0', 'position': [0.8139739632606506, 0.06432747095823288, 0.6946386098861694], 'color': 'blue', 'material': 'metal', 'shape': 'sphere', 'size': 'large'}, {'id': '3-1', 'position': [-1.2777953147888184, -0.015584804117679596, 0.345162570476532], 'color': 'gray', 'material': 'metal', 'shape': 'cylinder', 'size': 'small'}
THRESHOLD relate_front objs = {'id': '3-1', 'position': [-1.2777953147888184, -0.015584804117679596, 0.345162570476532], 'color': 'gray', 'material': 'metal', 'shape': 'cylinder', 'size': 'small'}, {'id': '3-0', 'position': [0.8139739632606506, 0.06432747095823288, 0.6946386098861694], 'color': 'blue', 'material': 'metal', 'shape': 'sphere', 'size': 'large'}
4.json in train
THRESHOLD relate_behind objs = {'id': '4-0', 'position': [3.01588773727417, 0.19274351000785828, 0.6957937479019165], 'color': 'blue', 'material': 'metal', 'shape': 'sphere', 'size': 'large'}, {'id': '4-1', 'position': [-3.601310968399048, -0.1844710409641266, 0.6939356327056885], 'color': 'blue', 'material': 'metal', 'shape': 'sphere', 'size': 'large'}
THRESHOLD relate_behind objs = {'id': '4-0', 'position': [3.01588773727417, 0.19274351000785828, 0.6957937479019165], 'color': 'blue', 'material': 'metal', 'shape': 'sphere', 'size': 'large'}, {'id': '4-2', 'position': [-0.7253708243370056, -0.08862999826669693, 0.6942163109779358], 'color': 'blue', 'material': 'metal', 'shape': 'sphere', 'size': 'large'}
THRESHOLD relate_behind objs = {'id': '4-0', 'position': [3.01588773727417, 0.19274351000785828, 0.6957937479019165], 'color': 'blue', 'material': 'metal', 'shape': 'sphere', 'size': 'large'}, {'id': '4-3', 'position': [1.3095428943634033, 0.010309215635061264, 0.3467663526535034], 'color': 'brown', 'material': 'metal', 'shape': 'cylinder', 'size': 'small'}
THRESHOLD relate_front objs = {'id': '4-1', 'position': [-3.601310968399048, -0.1844710409641266, 0.6939356327056885], 'color': 'blue', 'material': 'metal', 'shape': 'sphere', 'size': 'large'}, {'id': '4-0', 'position': [3.01588773727417, 0.19274351000785828, 0.6957937479019165], 'color': 'blue', 'material': 'metal', 'shape': 'sphere', 'size': 'large'}
THRESHOLD relate_front objs = {'id': '4-1', 'position': [-3.601310968399048, -0.1844710409641266, 0.6939356327056885], 'color': 'blue', 'material': 'metal', 'shape': 'sphere', 'size': 'large'}, {'id': '4-2', 'position': [-0.7253708243370056, -0.08862999826669693, 0.6942163109779358], 'color': 'blue', 'material': 'metal', 'shape': 'sphere', 'size': 'large'}
THRESHOLD relate_front objs = {'id': '4-1', 'position': [-3.601310968399048, -0.1844710409641266, 0.6939356327056885], 'color': 'blue', 'material': 'metal', 'shape': 'sphere', 'size': 'large'}, {'id': '4-3', 'position': [1.3095428943634033, 0.010309215635061264, 0.3467663526535034], 'color': 'brown', 'material': 'metal', 'shape': 'cylinder', 'size': 'small'}
THRESHOLD relate_behind objs = {'id': '4-2', 'position': [-0.7253708243370056, -0.08862999826669693, 0.6942163109779358], 'color': 'blue', 'material': 'metal', 'shape': 'sphere', 'size': 'large'}, {'id': '4-1', 'position': [-3.601310968399048, -0.1844710409641266, 0.6939356327056885], 'color': 'blue', 'material': 'metal', 'shape': 'sphere', 'size': 'large'}
THRESHOLD relate_front objs = {'id': '4-2', 'position': [-0.7253708243370056, -0.08862999826669693, 0.6942163109779358], 'color': 'blue', 'material': 'metal', 'shape': 'sphere', 'size': 'large'}, {'id': '4-0', 'position': [3.01588773727417, 0.19274351000785828, 0.6957937479019165], 'color': 'blue', 'material': 'metal', 'shape': 'sphere', 'size': 'large'}
THRESHOLD relate_front objs = {'id': '4-2', 'position': [-0.7253708243370056, -0.08862999826669693, 0.6942163109779358], 'color': 'blue', 'material': 'metal', 'shape': 'sphere', 'size': 'large'}, {'id': '4-3', 'position': [1.3095428943634033, 0.010309215635061264, 0.3467663526535034], 'color': 'brown', 'material': 'metal', 'shape': 'cylinder', 'size': 'small'}
THRESHOLD relate_behind objs = {'id': '4-3', 'position': [1.3095428943634033, 0.010309215635061264, 0.3467663526535034], 'color': 'brown', 'material': 'metal', 'shape': 'cylinder', 'size': 'small'}, {'id': '4-1', 'position': [-3.601310968399048, -0.1844710409641266, 0.6939356327056885], 'color': 'blue', 'material': 'metal', 'shape': 'sphere', 'size': 'large'}
THRESHOLD relate_behind objs = {'id': '4-3', 'position': [1.3095428943634033, 0.010309215635061264, 0.3467663526535034], 'color': 'brown', 'material': 'metal', 'shape': 'cylinder', 'size': 'small'}, {'id': '4-2', 'position': [-0.7253708243370056, -0.08862999826669693, 0.6942163109779358], 'color': 'blue', 'material': 'metal', 'shape': 'sphere', 'size': 'large'}
THRESHOLD relate_front objs = {'id': '4-3', 'position': [1.3095428943634033, 0.010309215635061264, 0.3467663526535034], 'color': 'brown', 'material': 'metal', 'shape': 'cylinder', 'size': 'small'}, {'id': '4-0', 'position': [3.01588773727417, 0.19274351000785828, 0.6957937479019165], 'color': 'blue', 'material': 'metal', 'shape': 'sphere', 'size': 'large'}
5.json in train
THRESHOLD relate_front objs = {'id': '5-0', 'position': [-2.7989346981048584, -0.08027291297912598, 0.6988043785095215], 'color': 'blue', 'material': 'metal', 'shape': 'sphere', 'size': 'large'}, {'id': '5-1', 'position': [-0.0001568421721458435, 0.12119389325380325, 0.3427761495113373], 'color': 'brown', 'material': 'metal', 'shape': 'cylinder', 'size': 'small'}
THRESHOLD relate_behind objs = {'id': '5-1', 'position': [-0.0001568421721458435, 0.12119389325380325, 0.3427761495113373], 'color': 'brown', 'material': 'metal', 'shape': 'cylinder', 'size': 'small'}, {'id': '5-0', 'position': [-2.7989346981048584, -0.08027291297912598, 0.6988043785095215], 'color': 'blue', 'material': 'metal', 'shape': 'sphere', 'size': 'large'}
THRESHOLD relate_front objs = {'id': '5-1', 'position': [-0.0001568421721458435, 0.12119389325380325, 0.3427761495113373], 'color': 'brown', 'material': 'metal', 'shape': 'cylinder', 'size': 'small'}, {'id': '5-2', 'position': [2.8312318325042725, 0.3387649655342102, 0.694271445274353], 'color': 'red', 'material': 'metal', 'shape': 'sphere', 'size': 'large'}
THRESHOLD relate_behind objs = {'id': '5-2', 'position': [2.8312318325042725, 0.3387649655342102, 0.694271445274353], 'color': 'red', 'material': 'metal', 'shape': 'sphere', 'size': 'large'}, {'id': '5-1', 'position': [-0.0001568421721458435, 0.12119389325380325, 0.3427761495113373], 'color': 'brown', 'material': 'metal', 'shape': 'cylinder', 'size': 'small'}
