Started Logging. 2022-07-10 05:39:26.488901

found bundled python: /home/ubuntu/vdp-tool-chain/data/blender-2.78c-linux-glibc219-x86_64/2.78/python
read blend: /home/ubuntu/vdp-tool-chain/data/clevr_scene_data/base_scene.blend
convertViewVec: called in an invalid context
convertViewVec: called in an invalid context
Fra:1 Mem:13.05M (0.00M, Peak 13.05M) | Time:00:00.00 | Preparing Scene data
Fra:1 Mem:16.97M (0.00M, Peak 17.95M) | Time:00:00.00 | Preparing Scene data
Fra:1 Mem:16.97M (0.00M, Peak 17.95M) | Time:00:00.00 | Creating Shadowbuffers
Fra:1 Mem:16.97M (0.00M, Peak 17.95M) | Time:00:00.00 | Raytree.. preparing
Fra:1 Mem:21.24M (0.00M, Peak 21.24M) | Time:00:00.01 | Raytree.. building
Fra:1 Mem:20.98M (0.00M, Peak 27.65M) | Time:00:00.07 | Raytree finished
Fra:1 Mem:20.98M (0.00M, Peak 27.65M) | Time:00:00.07 | Creating Environment maps
Fra:1 Mem:20.98M (0.00M, Peak 27.65M) | Time:00:00.07 | Caching Point Densities
Fra:1 Mem:20.98M (0.00M, Peak 27.65M) | Time:00:00.07 | Sce: Scene Ve:30724 Fa:31097 La:1
Fra:1 Mem:20.98M (0.00M, Peak 27.65M) | Time:00:00.07 | Loading voxel datasets
Fra:1 Mem:20.98M (0.00M, Peak 27.65M) | Time:00:00.07 | Sce: Scene Ve:30724 Fa:31097 La:1
Fra:1 Mem:20.99M (0.00M, Peak 27.65M) | Time:00:00.07 | Sce: Scene Ve:30724 Fa:31097 La:1
Fra:1 Mem:20.99M (0.00M, Peak 27.65M) | Time:00:00.07 | Volume preprocessing
Fra:1 Mem:20.99M (0.00M, Peak 27.65M) | Time:00:00.07 | Sce: Scene Ve:30724 Fa:31097 La:1
Fra:1 Mem:20.99M (0.00M, Peak 27.65M) | Time:00:00.07 | Sce: Scene Ve:30724 Fa:31097 La:1
Fra:1 Mem:25.33M (0.00M, Peak 27.65M) | Time:00:00.08 | Scene, Part 3-4
Fra:1 Mem:25.02M (0.00M, Peak 27.65M) | Time:00:00.08 | Scene, Part 4-4
Fra:1 Mem:23.33M (0.00M, Peak 27.65M) | Time:00:00.09 | Scene, Part 1-4
Fra:1 Mem:22.08M (0.00M, Peak 27.65M) | Time:00:00.09 | Scene, Part 2-4
Fra:1 Mem:12.97M (0.00M, Peak 27.65M) | Time:00:00.09 | Sce: Scene Ve:30724 Fa:31097 La:1
Saved: '/tmp/tmpy0i491u8.png'
 Time: 00:00.13 (Saving: 00:00.04)

Fra:1 Mem:13.00M (0.00M, Peak 13.60M) | Time:00:00.04 | Mem:0.00M, Peak:0.00M | Scene, RenderLayer | Synchronizing object | Area
Fra:1 Mem:13.00M (0.00M, Peak 13.60M) | Time:00:00.04 | Mem:0.00M, Peak:0.00M | Scene, RenderLayer | Synchronizing object | Ground
Fra:1 Mem:13.07M (0.00M, Peak 13.60M) | Time:00:00.04 | Mem:0.00M, Peak:0.00M | Scene, RenderLayer | Synchronizing object | Empty
Fra:1 Mem:13.07M (0.00M, Peak 13.60M) | Time:00:00.04 | Mem:0.00M, Peak:0.00M | Scene, RenderLayer | Synchronizing object | Lamp_Back
Fra:1 Mem:13.07M (0.00M, Peak 13.60M) | Time:00:00.04 | Mem:0.00M, Peak:0.00M | Scene, RenderLayer | Synchronizing object | Lamp_Fill
Fra:1 Mem:13.07M (0.00M, Peak 13.60M) | Time:00:00.04 | Mem:0.00M, Peak:0.00M | Scene, RenderLayer | Synchronizing object | Lamp_Key
Fra:1 Mem:13.07M (0.00M, Peak 13.60M) | Time:00:00.04 | Mem:0.00M, Peak:0.00M | Scene, RenderLayer | Synchronizing object | Camera
Fra:1 Mem:13.07M (0.00M, Peak 13.60M) | Time:00:00.04 | Mem:0.00M, Peak:0.00M | Scene, RenderLayer | Synchronizing object | Sphere_0
Fra:1 Mem:14.33M (0.00M, Peak 15.83M) | Time:00:00.05 | Mem:0.00M, Peak:0.00M | Scene, RenderLayer | Synchronizing object | Sphere_1
Fra:1 Mem:15.59M (0.00M, Peak 17.09M) | Time:00:00.05 | Mem:0.00M, Peak:0.00M | Scene, RenderLayer | Initializing
Fra:1 Mem:15.59M (0.00M, Peak 17.09M) | Time:00:00.05 | Mem:0.00M, Peak:0.00M | Scene, RenderLayer | Loading render kernels (may take a few minutes the first time)
Fra:1 Mem:15.59M (0.00M, Peak 18.29M) | Time:00:00.06 | Mem:0.00M, Peak:0.00M | Scene, RenderLayer | Waiting for render to start
Fra:1 Mem:15.59M (0.00M, Peak 18.29M) | Time:00:00.06 | Mem:0.00M, Peak:0.00M | Scene, RenderLayer | Updating Scene
Fra:1 Mem:15.59M (0.00M, Peak 18.29M) | Time:00:00.06 | Mem:0.00M, Peak:0.00M | Scene, RenderLayer | Updating Shaders
Fra:1 Mem:16.09M (0.00M, Peak 18.29M) | Time:00:00.14 | Mem:0.00M, Peak:0.00M | Scene, RenderLayer | Updating Background
Fra:1 Mem:16.09M (0.00M, Peak 18.29M) | Time:00:00.14 | Mem:0.00M, Peak:0.00M | Scene, RenderLayer | Updating Camera
Fra:1 Mem:16.09M (0.00M, Peak 18.29M) | Time:00:00.14 | Mem:0.00M, Peak:0.00M | Scene, RenderLayer | Updating Meshes Flags
Fra:1 Mem:16.09M (0.00M, Peak 18.29M) | Time:00:00.14 | Mem:0.00M, Peak:0.00M | Scene, RenderLayer | Updating Objects
Fra:1 Mem:16.09M (0.00M, Peak 18.29M) | Time:00:00.14 | Mem:0.00M, Peak:0.00M | Scene, RenderLayer | Updating Objects | Copying Transformations to device
Fra:1 Mem:16.09M (0.00M, Peak 18.29M) | Time:00:00.14 | Mem:0.00M, Peak:0.00M | Scene, RenderLayer | Updating Objects | Applying Static Transformations
Fra:1 Mem:16.09M (0.00M, Peak 18.29M) | Time:00:00.14 | Mem:0.00M, Peak:0.00M | Scene, RenderLayer | Updating Meshes
Fra:1 Mem:17.05M (0.00M, Peak 18.29M) | Time:00:00.15 | Mem:0.00M, Peak:0.00M | Scene, RenderLayer | Updating Mesh | Computing attributes
Fra:1 Mem:17.05M (0.00M, Peak 18.29M) | Time:00:00.15 | Mem:0.00M, Peak:0.00M | Scene, RenderLayer | Updating Mesh | Copying Attributes to device
Fra:1 Mem:17.05M (0.00M, Peak 18.29M) | Time:00:00.15 | Mem:0.00M, Peak:0.00M | Scene, RenderLayer | Updating Scene BVH | Building
Fra:1 Mem:17.05M (0.00M, Peak 18.29M) | Time:00:00.15 | Mem:0.00M, Peak:0.00M | Scene, RenderLayer | Updating Scene BVH | Building BVH
Fra:1 Mem:20.65M (0.00M, Peak 20.65M) | Time:00:00.19 | Mem:0.00M, Peak:0.00M | Scene, RenderLayer | Updating Scene BVH | Packing BVH triangles and strands
Fra:1 Mem:24.02M (0.00M, Peak 24.02M) | Time:00:00.19 | Mem:0.00M, Peak:0.00M | Scene, RenderLayer | Updating Scene BVH | Packing BVH nodes
Fra:1 Mem:22.08M (0.00M, Peak 24.96M) | Time:00:00.20 | Mem:0.00M, Peak:0.00M | Scene, RenderLayer | Updating Scene BVH | Copying BVH to device
Fra:1 Mem:22.32M (0.00M, Peak 24.96M) | Time:00:00.20 | Mem:5.03M, Peak:5.03M | Scene, RenderLayer | Updating Mesh | Computing normals
Fra:1 Mem:24.48M (0.00M, Peak 24.96M) | Time:00:00.20 | Mem:5.03M, Peak:5.03M | Scene, RenderLayer | Updating Mesh | Copying Mesh to device
Fra:1 Mem:24.24M (0.00M, Peak 24.96M) | Time:00:00.20 | Mem:7.19M, Peak:7.19M | Scene, RenderLayer | Updating Objects Flags
Fra:1 Mem:24.24M (0.00M, Peak 24.96M) | Time:00:00.20 | Mem:7.19M, Peak:7.19M | Scene, RenderLayer | Updating Images
Fra:1 Mem:24.24M (0.00M, Peak 24.96M) | Time:00:00.20 | Mem:7.19M, Peak:7.19M | Scene, RenderLayer | Updating Camera Volume
Fra:1 Mem:24.24M (0.00M, Peak 24.96M) | Time:00:00.20 | Mem:7.19M, Peak:7.19M | Scene, RenderLayer | Updating Hair Systems
Fra:1 Mem:24.24M (0.00M, Peak 24.96M) | Time:00:00.20 | Mem:7.19M, Peak:7.19M | Scene, RenderLayer | Updating Hair settings | Copying Hair settings to device
Fra:1 Mem:24.24M (0.00M, Peak 24.96M) | Time:00:00.20 | Mem:7.19M, Peak:7.19M | Scene, RenderLayer | Updating Lookup Tables
Fra:1 Mem:24.24M (0.00M, Peak 24.96M) | Time:00:00.20 | Mem:7.44M, Peak:7.44M | Scene, RenderLayer | Updating Lights
Fra:1 Mem:24.24M (0.00M, Peak 24.96M) | Time:00:00.20 | Mem:7.44M, Peak:7.44M | Scene, RenderLayer | Updating Lights | Computing distribution
Fra:1 Mem:24.24M (0.00M, Peak 24.96M) | Time:00:00.20 | Mem:7.44M, Peak:7.44M | Scene, RenderLayer | Updating Particle Systems
Fra:1 Mem:24.24M (0.00M, Peak 24.96M) | Time:00:00.20 | Mem:7.44M, Peak:7.44M | Scene, RenderLayer | Updating Particle Systems | Copying Particles to device
Fra:1 Mem:24.24M (0.00M, Peak 24.96M) | Time:00:00.20 | Mem:7.44M, Peak:7.44M | Scene, RenderLayer | Updating Integrator
Fra:1 Mem:24.28M (0.00M, Peak 24.96M) | Time:00:00.20 | Mem:7.48M, Peak:7.48M | Scene, RenderLayer | Updating Film
Fra:1 Mem:24.29M (0.00M, Peak 24.96M) | Time:00:00.20 | Mem:7.48M, Peak:7.48M | Scene, RenderLayer | Updating Lookup Tables
Fra:1 Mem:24.29M (0.00M, Peak 24.96M) | Time:00:00.20 | Mem:7.49M, Peak:7.49M | Scene, RenderLayer | Updating Baking
Fra:1 Mem:24.29M (0.00M, Peak 24.96M) | Time:00:00.20 | Mem:7.49M, Peak:7.49M | Scene, RenderLayer | Updating Device | Writing constant memory
Fra:1 Mem:24.29M (0.00M, Peak 24.96M) | Time:00:00.20 | Mem:7.49M, Peak:7.49M | Scene, RenderLayer | Path Tracing Tile 0/4, Sample 0/512
Fra:1 Mem:26.54M (0.00M, Peak 27.79M) | Time:00:00.21 | Mem:9.74M, Peak:9.74M | Scene, RenderLayer | Path Tracing Tile 1/4, Sample 0/512
Fra:1 Mem:26.54M (0.00M, Peak 28.79M) | Time:00:01.21 | Remaining:00:10.07 | Mem:9.74M, Peak:9.74M | Scene, RenderLayer | Path Tracing Tile 1/4, Sample 109/512
Fra:1 Mem:26.54M (0.00M, Peak 28.79M) | Time:00:02.21 | Remaining:00:09.00 | Mem:9.74M, Peak:9.74M | Scene, RenderLayer | Path Tracing Tile 1/4, Sample 219/512
Fra:1 Mem:26.54M (0.00M, Peak 28.79M) | Time:00:03.21 | Remaining:00:08.00 | Mem:9.74M, Peak:9.74M | Scene, RenderLayer | Path Tracing Tile 1/4, Sample 328/512
Fra:1 Mem:26.54M (0.00M, Peak 28.79M) | Time:00:04.22 | Remaining:00:07.01 | Mem:9.74M, Peak:9.74M | Scene, RenderLayer | Path Tracing Tile 1/4, Sample 437/512
Fra:1 Mem:24.29M (0.00M, Peak 28.79M) | Time:00:04.92 | Remaining:00:06.33 | Mem:7.49M, Peak:9.74M | Scene, RenderLayer | Path Tracing Tile 1/4, Sample 512/512
Fra:1 Mem:26.26M (0.00M, Peak 28.79M) | Time:00:04.92 | Remaining:00:06.33 | Mem:9.46M, Peak:9.74M | Scene, RenderLayer | Path Tracing Tile 2/4, Sample 512/512
Fra:1 Mem:26.26M (0.00M, Peak 28.79M) | Time:00:05.22 | Remaining:00:06.03 | Mem:9.46M, Peak:9.74M | Scene, RenderLayer | Path Tracing Tile 2/4, Sample 38/512
Fra:1 Mem:26.26M (0.00M, Peak 28.79M) | Time:00:06.23 | Remaining:00:05.05 | Mem:9.46M, Peak:9.74M | Scene, RenderLayer | Path Tracing Tile 2/4, Sample 161/512
Fra:1 Mem:26.26M (0.00M, Peak 28.79M) | Time:00:07.23 | Remaining:00:04.06 | Mem:9.46M, Peak:9.74M | Scene, RenderLayer | Path Tracing Tile 2/4, Sample 284/512
Fra:1 Mem:26.26M (0.00M, Peak 28.79M) | Time:00:08.24 | Remaining:00:03.07 | Mem:9.46M, Peak:9.74M | Scene, RenderLayer | Path Tracing Tile 2/4, Sample 407/512
Fra:1 Mem:24.29M (0.00M, Peak 28.79M) | Time:00:09.10 | Remaining:00:02.22 | Mem:7.49M, Peak:9.74M | Scene, RenderLayer | Path Tracing Tile 2/4, Sample 512/512
Fra:1 Mem:24.85M (0.00M, Peak 28.79M) | Time:00:09.11 | Remaining:00:02.22 | Mem:8.05M, Peak:9.74M | Scene, RenderLayer | Path Tracing Tile 3/4, Sample 512/512
Fra:1 Mem:24.85M (0.00M, Peak 28.79M) | Time:00:09.24 | Remaining:00:02.16 | Mem:8.05M, Peak:9.74M | Scene, RenderLayer | Path Tracing Tile 3/4, Sample 32/512
Fra:1 Mem:24.85M (0.00M, Peak 28.79M) | Time:00:10.24 | Remaining:00:01.67 | Mem:8.05M, Peak:9.74M | Scene, RenderLayer | Path Tracing Tile 3/4, Sample 274/512
Fra:1 Mem:24.29M (0.00M, Peak 28.79M) | Time:00:11.24 | Remaining:00:01.13 | Mem:7.49M, Peak:9.74M | Scene, RenderLayer | Path Tracing Tile 3/4, Sample 512/512
Fra:1 Mem:24.78M (0.00M, Peak 28.79M) | Time:00:11.24 | Remaining:00:01.13 | Mem:7.98M, Peak:9.74M | Scene, RenderLayer | Path Tracing Tile 4/4, Sample 512/512
Fra:1 Mem:24.78M (0.00M, Peak 28.79M) | Time:00:11.24 | Remaining:00:01.13 | Mem:7.98M, Peak:9.74M | Scene, RenderLayer | Path Tracing Tile 4/4, Sample 2/512
Fra:1 Mem:24.78M (0.00M, Peak 28.79M) | Time:00:12.25 | Remaining:00:00.57 | Mem:7.98M, Peak:9.74M | Scene, RenderLayer | Path Tracing Tile 4/4, Sample 263/512
Fra:1 Mem:24.29M (0.00M, Peak 28.79M) | Time:00:13.21 | Mem:7.49M, Peak:9.74M | Scene, RenderLayer | Path Tracing Tile 4/4, Sample 512/512
Fra:1 Mem:24.29M (0.00M, Peak 28.79M) | Time:00:13.21 | Mem:7.49M, Peak:9.74M | Scene, RenderLayer | Finished
Fra:1 Mem:13.25M (0.00M, Peak 28.79M) | Time:00:13.29 | Sce: Scene Ve:0 Fa:0 La:0
Saved: 'data/clevr-cleaned-puzzles/alternate-color/render/images/CLEVR_val_000000.png'
 Time: 00:13.32 (Saving: 00:00.03)

read blend: /home/ubuntu/vdp-tool-chain/data/clevr_scene_data/base_scene.blend
convertViewVec: called in an invalid context
convertViewVec: called in an invalid context
Fra:1 Mem:13.31M (0.00M, Peak 13.31M) | Time:00:00.00 | Preparing Scene data
Fra:1 Mem:17.23M (0.00M, Peak 18.21M) | Time:00:00.00 | Preparing Scene data
Fra:1 Mem:17.23M (0.00M, Peak 18.21M) | Time:00:00.00 | Creating Shadowbuffers
Fra:1 Mem:17.23M (0.00M, Peak 18.21M) | Time:00:00.00 | Raytree.. preparing
Fra:1 Mem:21.50M (0.00M, Peak 21.50M) | Time:00:00.01 | Raytree.. building
Fra:1 Mem:21.26M (0.00M, Peak 27.93M) | Time:00:00.07 | Raytree finished
Fra:1 Mem:21.26M (0.00M, Peak 27.93M) | Time:00:00.07 | Creating Environment maps
Fra:1 Mem:21.26M (0.00M, Peak 27.93M) | Time:00:00.07 | Caching Point Densities
Fra:1 Mem:21.26M (0.00M, Peak 27.93M) | Time:00:00.07 | Sce: Scene Ve:30724 Fa:31107 La:1
Fra:1 Mem:21.26M (0.00M, Peak 27.93M) | Time:00:00.07 | Loading voxel datasets
Fra:1 Mem:21.26M (0.00M, Peak 27.93M) | Time:00:00.07 | Sce: Scene Ve:30724 Fa:31107 La:1
Fra:1 Mem:21.26M (0.00M, Peak 27.93M) | Time:00:00.07 | Sce: Scene Ve:30724 Fa:31107 La:1
Fra:1 Mem:21.26M (0.00M, Peak 27.93M) | Time:00:00.07 | Volume preprocessing
Fra:1 Mem:21.26M (0.00M, Peak 27.93M) | Time:00:00.07 | Sce: Scene Ve:30724 Fa:31107 La:1
Fra:1 Mem:21.26M (0.00M, Peak 27.93M) | Time:00:00.07 | Sce: Scene Ve:30724 Fa:31107 La:1
Fra:1 Mem:25.33M (0.00M, Peak 27.93M) | Time:00:00.08 | Scene, Part 3-4
Fra:1 Mem:25.29M (0.00M, Peak 27.93M) | Time:00:00.08 | Scene, Part 4-4
Fra:1 Mem:24.36M (0.00M, Peak 27.93M) | Time:00:00.08 | Scene, Part 2-4
Fra:1 Mem:22.52M (0.00M, Peak 27.93M) | Time:00:00.09 | Scene, Part 1-4
Fra:1 Mem:13.23M (0.00M, Peak 27.93M) | Time:00:00.09 | Sce: Scene Ve:30724 Fa:31107 La:1
Saved: '/tmp/tmpzhjy145l.png'
 Time: 00:00.10 (Saving: 00:00.01)

Fra:1 Mem:13.26M (0.00M, Peak 13.86M) | Time:00:00.04 | Mem:0.00M, Peak:0.00M | Scene, RenderLayer | Synchronizing object | Area
Fra:1 Mem:13.26M (0.00M, Peak 13.86M) | Time:00:00.04 | Mem:0.00M, Peak:0.00M | Scene, RenderLayer | Synchronizing object | Ground
Fra:1 Mem:13.33M (0.00M, Peak 13.86M) | Time:00:00.04 | Mem:0.00M, Peak:0.00M | Scene, RenderLayer | Synchronizing object | Empty
Fra:1 Mem:13.33M (0.00M, Peak 13.86M) | Time:00:00.04 | Mem:0.00M, Peak:0.00M | Scene, RenderLayer | Synchronizing object | Lamp_Back
Fra:1 Mem:13.33M (0.00M, Peak 13.86M) | Time:00:00.04 | Mem:0.00M, Peak:0.00M | Scene, RenderLayer | Synchronizing object | Lamp_Fill
Fra:1 Mem:13.33M (0.00M, Peak 13.86M) | Time:00:00.04 | Mem:0.00M, Peak:0.00M | Scene, RenderLayer | Synchronizing object | Lamp_Key
Fra:1 Mem:13.33M (0.00M, Peak 13.86M) | Time:00:00.04 | Mem:0.00M, Peak:0.00M | Scene, RenderLayer | Synchronizing object | Camera
Fra:1 Mem:13.33M (0.00M, Peak 13.86M) | Time:00:00.04 | Mem:0.00M, Peak:0.00M | Scene, RenderLayer | Synchronizing object | Sphere_0
Fra:1 Mem:14.59M (0.00M, Peak 16.09M) | Time:00:00.05 | Mem:0.00M, Peak:0.00M | Scene, RenderLayer | Synchronizing object | Sphere_1
Fra:1 Mem:15.85M (0.00M, Peak 17.35M) | Time:00:00.05 | Mem:0.00M, Peak:0.00M | Scene, RenderLayer | Initializing
Fra:1 Mem:15.85M (0.00M, Peak 17.35M) | Time:00:00.05 | Mem:0.00M, Peak:0.00M | Scene, RenderLayer | Loading render kernels (may take a few minutes the first time)
Fra:1 Mem:15.85M (0.00M, Peak 18.55M) | Time:00:00.06 | Mem:0.00M, Peak:0.00M | Scene, RenderLayer | Waiting for render to start
Fra:1 Mem:15.85M (0.00M, Peak 18.55M) | Time:00:00.06 | Mem:0.00M, Peak:0.00M | Scene, RenderLayer | Updating Scene
Fra:1 Mem:15.85M (0.00M, Peak 18.55M) | Time:00:00.06 | Mem:0.00M, Peak:0.00M | Scene, RenderLayer | Updating Shaders
Fra:1 Mem:16.10M (0.00M, Peak 18.55M) | Time:00:00.07 | Mem:0.00M, Peak:0.00M | Scene, RenderLayer | Updating Background
Fra:1 Mem:16.10M (0.00M, Peak 18.55M) | Time:00:00.07 | Mem:0.00M, Peak:0.00M | Scene, RenderLayer | Updating Camera
Fra:1 Mem:16.10M (0.00M, Peak 18.55M) | Time:00:00.07 | Mem:0.00M, Peak:0.00M | Scene, RenderLayer | Updating Meshes Flags
Fra:1 Mem:16.10M (0.00M, Peak 18.55M) | Time:00:00.07 | Mem:0.00M, Peak:0.00M | Scene, RenderLayer | Updating Objects
Fra:1 Mem:16.10M (0.00M, Peak 18.55M) | Time:00:00.07 | Mem:0.00M, Peak:0.00M | Scene, RenderLayer | Updating Objects | Copying Transformations to device
Fra:1 Mem:16.10M (0.00M, Peak 18.55M) | Time:00:00.07 | Mem:0.00M, Peak:0.00M | Scene, RenderLayer | Updating Objects | Applying Static Transformations
Fra:1 Mem:16.10M (0.00M, Peak 18.55M) | Time:00:00.07 | Mem:0.00M, Peak:0.00M | Scene, RenderLayer | Updating Meshes
Fra:1 Mem:17.06M (0.00M, Peak 18.55M) | Time:00:00.07 | Mem:0.00M, Peak:0.00M | Scene, RenderLayer | Updating Mesh | Computing attributes
Fra:1 Mem:17.06M (0.00M, Peak 18.55M) | Time:00:00.07 | Mem:0.00M, Peak:0.00M | Scene, RenderLayer | Updating Mesh | Copying Attributes to device
Fra:1 Mem:17.06M (0.00M, Peak 18.55M) | Time:00:00.07 | Mem:0.00M, Peak:0.00M | Scene, RenderLayer | Updating Scene BVH | Building
Fra:1 Mem:17.06M (0.00M, Peak 18.55M) | Time:00:00.07 | Mem:0.00M, Peak:0.00M | Scene, RenderLayer | Updating Scene BVH | Building BVH
Fra:1 Mem:20.66M (0.00M, Peak 20.66M) | Time:00:00.11 | Mem:0.00M, Peak:0.00M | Scene, RenderLayer | Updating Scene BVH | Packing BVH triangles and strands
Fra:1 Mem:24.03M (0.00M, Peak 24.03M) | Time:00:00.12 | Mem:0.00M, Peak:0.00M | Scene, RenderLayer | Updating Scene BVH | Packing BVH nodes
Fra:1 Mem:22.09M (0.00M, Peak 24.97M) | Time:00:00.12 | Mem:0.00M, Peak:0.00M | Scene, RenderLayer | Updating Scene BVH | Copying BVH to device
Fra:1 Mem:22.33M (0.00M, Peak 24.97M) | Time:00:00.12 | Mem:5.03M, Peak:5.03M | Scene, RenderLayer | Updating Mesh | Computing normals
Fra:1 Mem:24.49M (0.00M, Peak 24.97M) | Time:00:00.12 | Mem:5.03M, Peak:5.03M | Scene, RenderLayer | Updating Mesh | Copying Mesh to device
Fra:1 Mem:24.25M (0.00M, Peak 24.97M) | Time:00:00.12 | Mem:7.19M, Peak:7.19M | Scene, RenderLayer | Updating Objects Flags
Fra:1 Mem:24.25M (0.00M, Peak 24.97M) | Time:00:00.12 | Mem:7.19M, Peak:7.19M | Scene, RenderLayer | Updating Images
Fra:1 Mem:24.25M (0.00M, Peak 24.97M) | Time:00:00.12 | Mem:7.19M, Peak:7.19M | Scene, RenderLayer | Updating Camera Volume
Fra:1 Mem:24.25M (0.00M, Peak 24.97M) | Time:00:00.12 | Mem:7.19M, Peak:7.19M | Scene, RenderLayer | Updating Hair Systems
Fra:1 Mem:24.25M (0.00M, Peak 24.97M) | Time:00:00.12 | Mem:7.19M, Peak:7.19M | Scene, RenderLayer | Updating Hair settings | Copying Hair settings to device
Fra:1 Mem:24.25M (0.00M, Peak 24.97M) | Time:00:00.12 | Mem:7.19M, Peak:7.19M | Scene, RenderLayer | Updating Lookup Tables
Fra:1 Mem:24.25M (0.00M, Peak 24.97M) | Time:00:00.12 | Mem:7.44M, Peak:7.44M | Scene, RenderLayer | Updating Lights
Fra:1 Mem:24.25M (0.00M, Peak 24.97M) | Time:00:00.12 | Mem:7.44M, Peak:7.44M | Scene, RenderLayer | Updating Lights | Computing distribution
Fra:1 Mem:24.25M (0.00M, Peak 24.97M) | Time:00:00.12 | Mem:7.44M, Peak:7.44M | Scene, RenderLayer | Updating Particle Systems
Fra:1 Mem:24.25M (0.00M, Peak 24.97M) | Time:00:00.12 | Mem:7.44M, Peak:7.44M | Scene, RenderLayer | Updating Particle Systems | Copying Particles to device
Fra:1 Mem:24.25M (0.00M, Peak 24.97M) | Time:00:00.12 | Mem:7.44M, Peak:7.44M | Scene, RenderLayer | Updating Integrator
Fra:1 Mem:24.30M (0.00M, Peak 24.97M) | Time:00:00.12 | Mem:7.49M, Peak:7.49M | Scene, RenderLayer | Updating Film
Fra:1 Mem:24.30M (0.00M, Peak 24.97M) | Time:00:00.13 | Mem:7.49M, Peak:7.49M | Scene, RenderLayer | Updating Lookup Tables
Fra:1 Mem:24.30M (0.00M, Peak 24.97M) | Time:00:00.13 | Mem:7.49M, Peak:7.49M | Scene, RenderLayer | Updating Baking
Fra:1 Mem:24.30M (0.00M, Peak 24.97M) | Time:00:00.13 | Mem:7.49M, Peak:7.49M | Scene, RenderLayer | Updating Device | Writing constant memory
Fra:1 Mem:24.30M (0.00M, Peak 24.97M) | Time:00:00.13 | Mem:7.49M, Peak:7.49M | Scene, RenderLayer | Path Tracing Tile 0/4, Sample 0/512
Fra:1 Mem:26.55M (0.00M, Peak 27.80M) | Time:00:00.13 | Mem:9.74M, Peak:9.74M | Scene, RenderLayer | Path Tracing Tile 1/4, Sample 0/512
Fra:1 Mem:26.55M (0.00M, Peak 28.80M) | Time:00:01.13 | Remaining:00:10.48 | Mem:9.74M, Peak:9.74M | Scene, RenderLayer | Path Tracing Tile 1/4, Sample 105/512
Fra:1 Mem:26.55M (0.00M, Peak 28.80M) | Time:00:02.14 | Remaining:00:09.42 | Mem:9.74M, Peak:9.74M | Scene, RenderLayer | Path Tracing Tile 1/4, Sample 211/512
Fra:1 Mem:26.55M (0.00M, Peak 28.80M) | Time:00:03.14 | Remaining:00:08.42 | Mem:9.74M, Peak:9.74M | Scene, RenderLayer | Path Tracing Tile 1/4, Sample 316/512
Fra:1 Mem:26.55M (0.00M, Peak 28.80M) | Time:00:04.14 | Remaining:00:07.42 | Mem:9.74M, Peak:9.74M | Scene, RenderLayer | Path Tracing Tile 1/4, Sample 421/512
Fra:1 Mem:24.30M (0.00M, Peak 28.80M) | Time:00:05.02 | Remaining:00:06.57 | Mem:7.49M, Peak:9.74M | Scene, RenderLayer | Path Tracing Tile 1/4, Sample 512/512
Fra:1 Mem:26.27M (0.00M, Peak 28.80M) | Time:00:05.02 | Remaining:00:06.57 | Mem:9.46M, Peak:9.74M | Scene, RenderLayer | Path Tracing Tile 2/4, Sample 512/512
Fra:1 Mem:26.27M (0.00M, Peak 28.80M) | Time:00:05.14 | Remaining:00:06.42 | Mem:9.46M, Peak:9.74M | Scene, RenderLayer | Path Tracing Tile 2/4, Sample 16/512
Fra:1 Mem:26.27M (0.00M, Peak 28.80M) | Time:00:06.14 | Remaining:00:05.28 | Mem:9.46M, Peak:9.74M | Scene, RenderLayer | Path Tracing Tile 2/4, Sample 145/512
Fra:1 Mem:26.27M (0.00M, Peak 28.80M) | Time:00:07.15 | Remaining:00:04.18 | Mem:9.46M, Peak:9.74M | Scene, RenderLayer | Path Tracing Tile 2/4, Sample 274/512
Fra:1 Mem:26.27M (0.00M, Peak 28.80M) | Time:00:08.15 | Remaining:00:03.12 | Mem:9.46M, Peak:9.74M | Scene, RenderLayer | Path Tracing Tile 2/4, Sample 402/512
Fra:1 Mem:24.30M (0.00M, Peak 28.80M) | Time:00:09.01 | Remaining:00:02.22 | Mem:7.49M, Peak:9.74M | Scene, RenderLayer | Path Tracing Tile 2/4, Sample 512/512
Fra:1 Mem:24.86M (0.00M, Peak 28.80M) | Time:00:09.02 | Remaining:00:02.22 | Mem:8.05M, Peak:9.74M | Scene, RenderLayer | Path Tracing Tile 3/4, Sample 512/512
Fra:1 Mem:24.86M (0.00M, Peak 28.80M) | Time:00:09.15 | Remaining:00:02.16 | Mem:8.05M, Peak:9.74M | Scene, RenderLayer | Path Tracing Tile 3/4, Sample 32/512
Fra:1 Mem:24.86M (0.00M, Peak 28.80M) | Time:00:10.15 | Remaining:00:01.67 | Mem:8.05M, Peak:9.74M | Scene, RenderLayer | Path Tracing Tile 3/4, Sample 273/512
Fra:1 Mem:24.86M (0.00M, Peak 28.80M) | Time:00:11.15 | Remaining:00:01.13 | Mem:8.05M, Peak:9.74M | Scene, RenderLayer | Path Tracing Tile 3/4, Sample 512/512
Fra:1 Mem:24.79M (0.00M, Peak 28.80M) | Time:00:11.15 | Remaining:00:01.13 | Mem:7.98M, Peak:9.74M | Scene, RenderLayer | Path Tracing Tile 4/4, Sample 512/512
Fra:1 Mem:24.79M (0.00M, Peak 28.80M) | Time:00:12.15 | Remaining:00:00.57 | Mem:7.98M, Peak:9.74M | Scene, RenderLayer | Path Tracing Tile 4/4, Sample 261/512
Fra:1 Mem:24.30M (0.00M, Peak 28.80M) | Time:00:13.12 | Mem:7.49M, Peak:9.74M | Scene, RenderLayer | Path Tracing Tile 4/4, Sample 512/512
Fra:1 Mem:24.30M (0.00M, Peak 28.80M) | Time:00:13.12 | Mem:7.49M, Peak:9.74M | Scene, RenderLayer | Finished
Fra:1 Mem:13.26M (0.00M, Peak 28.80M) | Time:00:13.20 | Sce: Scene Ve:0 Fa:0 La:0
Saved: 'data/clevr-cleaned-puzzles/alternate-color/render/images/CLEVR_val_000001.png'
 Time: 00:13.24 (Saving: 00:00.03)

read blend: /home/ubuntu/vdp-tool-chain/data/clevr_scene_data/base_scene.blend
convertViewVec: called in an invalid context
convertViewVec: called in an invalid context
convertViewVec: called in an invalid context
convertViewVec: called in an invalid context
Fra:1 Mem:11.45M (0.00M, Peak 11.45M) | Time:00:00.00 | Preparing Scene data
Fra:1 Mem:14.18M (0.00M, Peak 14.36M) | Time:00:00.00 | Preparing Scene data
Fra:1 Mem:14.18M (0.00M, Peak 14.36M) | Time:00:00.00 | Creating Shadowbuffers
Fra:1 Mem:14.18M (0.00M, Peak 14.36M) | Time:00:00.00 | Raytree.. preparing
Fra:1 Mem:16.72M (0.00M, Peak 16.72M) | Time:00:00.00 | Raytree.. building
Fra:1 Mem:16.59M (0.00M, Peak 20.57M) | Time:00:00.04 | Raytree finished
Fra:1 Mem:16.59M (0.00M, Peak 20.57M) | Time:00:00.04 | Creating Environment maps
Fra:1 Mem:16.59M (0.00M, Peak 20.57M) | Time:00:00.04 | Caching Point Densities
Fra:1 Mem:16.59M (0.00M, Peak 20.57M) | Time:00:00.04 | Sce: Scene Ve:15008 Fa:18471 La:1
Fra:1 Mem:16.59M (0.00M, Peak 20.57M) | Time:00:00.04 | Loading voxel datasets
Fra:1 Mem:16.59M (0.00M, Peak 20.57M) | Time:00:00.04 | Sce: Scene Ve:15008 Fa:18471 La:1
Fra:1 Mem:16.60M (0.00M, Peak 20.57M) | Time:00:00.04 | Sce: Scene Ve:15008 Fa:18471 La:1
Fra:1 Mem:16.60M (0.00M, Peak 20.57M) | Time:00:00.04 | Volume preprocessing
Fra:1 Mem:16.60M (0.00M, Peak 20.57M) | Time:00:00.04 | Sce: Scene Ve:15008 Fa:18471 La:1
Fra:1 Mem:16.60M (0.00M, Peak 20.57M) | Time:00:00.04 | Sce: Scene Ve:15008 Fa:18471 La:1
Fra:1 Mem:20.67M (0.00M, Peak 20.85M) | Time:00:00.04 | Scene, Part 3-4
Fra:1 Mem:20.62M (0.00M, Peak 20.85M) | Time:00:00.04 | Scene, Part 4-4
Fra:1 Mem:19.69M (0.00M, Peak 20.85M) | Time:00:00.05 | Scene, Part 2-4
Fra:1 Mem:17.85M (0.00M, Peak 20.85M) | Time:00:00.05 | Scene, Part 1-4
Fra:1 Mem:11.31M (0.00M, Peak 20.85M) | Time:00:00.05 | Sce: Scene Ve:15008 Fa:18471 La:1
Saved: '/tmp/tmpkkh5mvjh.png'
 Time: 00:00.07 (Saving: 00:00.01)

Fra:1 Mem:11.34M (0.00M, Peak 11.93M) | Time:00:00.04 | Mem:0.00M, Peak:0.00M | Scene, RenderLayer | Synchronizing object | Area
Fra:1 Mem:11.34M (0.00M, Peak 11.93M) | Time:00:00.04 | Mem:0.00M, Peak:0.00M | Scene, RenderLayer | Synchronizing object | Ground
Fra:1 Mem:11.41M (0.00M, Peak 11.93M) | Time:00:00.04 | Mem:0.00M, Peak:0.00M | Scene, RenderLayer | Synchronizing object | Empty
Fra:1 Mem:11.41M (0.00M, Peak 11.93M) | Time:00:00.04 | Mem:0.00M, Peak:0.00M | Scene, RenderLayer | Synchronizing object | Lamp_Back
Fra:1 Mem:11.41M (0.00M, Peak 11.93M) | Time:00:00.04 | Mem:0.00M, Peak:0.00M | Scene, RenderLayer | Synchronizing object | Lamp_Fill
Fra:1 Mem:11.41M (0.00M, Peak 11.93M) | Time:00:00.04 | Mem:0.00M, Peak:0.00M | Scene, RenderLayer | Synchronizing object | Lamp_Key
Fra:1 Mem:11.41M (0.00M, Peak 11.93M) | Time:00:00.04 | Mem:0.00M, Peak:0.00M | Scene, RenderLayer | Synchronizing object | Camera
Fra:1 Mem:11.41M (0.00M, Peak 11.93M) | Time:00:00.04 | Mem:0.00M, Peak:0.00M | Scene, RenderLayer | Synchronizing object | SmoothCube_v2_0
Fra:1 Mem:11.71M (0.00M, Peak 12.08M) | Time:00:00.04 | Mem:0.00M, Peak:0.00M | Scene, RenderLayer | Synchronizing object | SmoothCube_v2_1
Fra:1 Mem:12.02M (0.00M, Peak 12.39M) | Time:00:00.04 | Mem:0.00M, Peak:0.00M | Scene, RenderLayer | Synchronizing object | SmoothCube_v2_2
Fra:1 Mem:12.33M (0.00M, Peak 12.70M) | Time:00:00.05 | Mem:0.00M, Peak:0.00M | Scene, RenderLayer | Synchronizing object | SmoothCube_v2_3
Fra:1 Mem:12.64M (0.00M, Peak 13.01M) | Time:00:00.05 | Mem:0.00M, Peak:0.00M | Scene, RenderLayer | Initializing
Fra:1 Mem:12.64M (0.00M, Peak 13.01M) | Time:00:00.05 | Mem:0.00M, Peak:0.00M | Scene, RenderLayer | Loading render kernels (may take a few minutes the first time)
Fra:1 Mem:12.64M (0.00M, Peak 15.34M) | Time:00:00.06 | Mem:0.00M, Peak:0.00M | Scene, RenderLayer | Waiting for render to start
Fra:1 Mem:12.64M (0.00M, Peak 15.34M) | Time:00:00.06 | Mem:0.00M, Peak:0.00M | Scene, RenderLayer | Updating Scene
Fra:1 Mem:12.64M (0.00M, Peak 15.34M) | Time:00:00.06 | Mem:0.00M, Peak:0.00M | Scene, RenderLayer | Updating Shaders
Fra:1 Mem:12.89M (0.00M, Peak 15.34M) | Time:00:00.06 | Mem:0.00M, Peak:0.00M | Scene, RenderLayer | Updating Background
Fra:1 Mem:12.89M (0.00M, Peak 15.34M) | Time:00:00.06 | Mem:0.00M, Peak:0.00M | Scene, RenderLayer | Updating Camera
Fra:1 Mem:12.89M (0.00M, Peak 15.34M) | Time:00:00.06 | Mem:0.00M, Peak:0.00M | Scene, RenderLayer | Updating Meshes Flags
Fra:1 Mem:12.89M (0.00M, Peak 15.34M) | Time:00:00.06 | Mem:0.00M, Peak:0.00M | Scene, RenderLayer | Updating Objects
Fra:1 Mem:12.89M (0.00M, Peak 15.34M) | Time:00:00.06 | Mem:0.00M, Peak:0.00M | Scene, RenderLayer | Updating Objects | Copying Transformations to device
Fra:1 Mem:12.89M (0.00M, Peak 15.34M) | Time:00:00.06 | Mem:0.00M, Peak:0.00M | Scene, RenderLayer | Updating Objects | Applying Static Transformations
Fra:1 Mem:12.89M (0.00M, Peak 15.34M) | Time:00:00.06 | Mem:0.00M, Peak:0.00M | Scene, RenderLayer | Updating Meshes
Fra:1 Mem:13.37M (0.00M, Peak 15.34M) | Time:00:00.06 | Mem:0.00M, Peak:0.00M | Scene, RenderLayer | Updating Mesh | Computing attributes
Fra:1 Mem:13.37M (0.00M, Peak 15.34M) | Time:00:00.06 | Mem:0.00M, Peak:0.00M | Scene, RenderLayer | Updating Mesh | Copying Attributes to device
Fra:1 Mem:13.37M (0.00M, Peak 15.34M) | Time:00:00.06 | Mem:0.00M, Peak:0.00M | Scene, RenderLayer | Updating Scene BVH | Building
Fra:1 Mem:13.37M (0.00M, Peak 15.34M) | Time:00:00.06 | Mem:0.00M, Peak:0.00M | Scene, RenderLayer | Updating Scene BVH | Building BVH
Fra:1 Mem:15.18M (0.00M, Peak 15.34M) | Time:00:00.08 | Mem:0.00M, Peak:0.00M | Scene, RenderLayer | Updating Scene BVH | Packing BVH triangles and strands
Fra:1 Mem:16.86M (0.00M, Peak 16.86M) | Time:00:00.09 | Mem:0.00M, Peak:0.00M | Scene, RenderLayer | Updating Scene BVH | Packing BVH nodes
Fra:1 Mem:15.89M (0.00M, Peak 17.33M) | Time:00:00.09 | Mem:0.00M, Peak:0.00M | Scene, RenderLayer | Updating Scene BVH | Copying BVH to device
Fra:1 Mem:16.01M (0.00M, Peak 17.33M) | Time:00:00.09 | Mem:2.52M, Peak:2.52M | Scene, RenderLayer | Updating Mesh | Computing normals
Fra:1 Mem:17.10M (0.00M, Peak 17.33M) | Time:00:00.09 | Mem:2.52M, Peak:2.52M | Scene, RenderLayer | Updating Mesh | Copying Mesh to device
Fra:1 Mem:16.98M (0.00M, Peak 17.33M) | Time:00:00.09 | Mem:3.61M, Peak:3.61M | Scene, RenderLayer | Updating Objects Flags
Fra:1 Mem:16.98M (0.00M, Peak 17.33M) | Time:00:00.09 | Mem:3.61M, Peak:3.61M | Scene, RenderLayer | Updating Images
Fra:1 Mem:16.98M (0.00M, Peak 17.33M) | Time:00:00.09 | Mem:3.61M, Peak:3.61M | Scene, RenderLayer | Updating Camera Volume
Fra:1 Mem:16.98M (0.00M, Peak 17.33M) | Time:00:00.09 | Mem:3.61M, Peak:3.61M | Scene, RenderLayer | Updating Hair Systems
Fra:1 Mem:16.98M (0.00M, Peak 17.33M) | Time:00:00.09 | Mem:3.61M, Peak:3.61M | Scene, RenderLayer | Updating Hair settings | Copying Hair settings to device
Fra:1 Mem:16.98M (0.00M, Peak 17.33M) | Time:00:00.09 | Mem:3.61M, Peak:3.61M | Scene, RenderLayer | Updating Lookup Tables
Fra:1 Mem:16.98M (0.00M, Peak 17.33M) | Time:00:00.09 | Mem:3.86M, Peak:3.86M | Scene, RenderLayer | Updating Lights
Fra:1 Mem:16.98M (0.00M, Peak 17.33M) | Time:00:00.09 | Mem:3.86M, Peak:3.86M | Scene, RenderLayer | Updating Lights | Computing distribution
Fra:1 Mem:16.98M (0.00M, Peak 17.33M) | Time:00:00.09 | Mem:3.86M, Peak:3.86M | Scene, RenderLayer | Updating Particle Systems
Fra:1 Mem:16.98M (0.00M, Peak 17.33M) | Time:00:00.09 | Mem:3.86M, Peak:3.86M | Scene, RenderLayer | Updating Particle Systems | Copying Particles to device
Fra:1 Mem:16.98M (0.00M, Peak 17.33M) | Time:00:00.09 | Mem:3.86M, Peak:3.86M | Scene, RenderLayer | Updating Integrator
Fra:1 Mem:17.02M (0.00M, Peak 17.33M) | Time:00:00.09 | Mem:3.90M, Peak:3.90M | Scene, RenderLayer | Updating Film
Fra:1 Mem:17.02M (0.00M, Peak 17.33M) | Time:00:00.09 | Mem:3.90M, Peak:3.90M | Scene, RenderLayer | Updating Lookup Tables
Fra:1 Mem:17.02M (0.00M, Peak 17.33M) | Time:00:00.09 | Mem:3.90M, Peak:3.90M | Scene, RenderLayer | Updating Baking
Fra:1 Mem:17.02M (0.00M, Peak 17.33M) | Time:00:00.09 | Mem:3.90M, Peak:3.90M | Scene, RenderLayer | Updating Device | Writing constant memory
Fra:1 Mem:17.02M (0.00M, Peak 17.33M) | Time:00:00.09 | Mem:3.90M, Peak:3.90M | Scene, RenderLayer | Path Tracing Tile 0/4, Sample 0/512
Fra:1 Mem:19.27M (0.00M, Peak 20.52M) | Time:00:00.09 | Mem:6.15M, Peak:6.15M | Scene, RenderLayer | Path Tracing Tile 1/4, Sample 0/512
Fra:1 Mem:19.27M (0.00M, Peak 21.52M) | Time:00:01.10 | Remaining:00:10.75 | Mem:6.15M, Peak:6.15M | Scene, RenderLayer | Path Tracing Tile 1/4, Sample 103/512
Fra:1 Mem:19.27M (0.00M, Peak 21.52M) | Time:00:02.10 | Remaining:00:09.71 | Mem:6.15M, Peak:6.15M | Scene, RenderLayer | Path Tracing Tile 1/4, Sample 206/512
Fra:1 Mem:19.27M (0.00M, Peak 21.52M) | Time:00:03.11 | Remaining:00:08.70 | Mem:6.15M, Peak:6.15M | Scene, RenderLayer | Path Tracing Tile 1/4, Sample 309/512
Fra:1 Mem:19.27M (0.00M, Peak 21.52M) | Time:00:04.11 | Remaining:00:07.69 | Mem:6.15M, Peak:6.15M | Scene, RenderLayer | Path Tracing Tile 1/4, Sample 412/512
Fra:1 Mem:17.02M (0.00M, Peak 21.52M) | Time:00:05.10 | Remaining:00:06.72 | Mem:3.90M, Peak:6.15M | Scene, RenderLayer | Path Tracing Tile 1/4, Sample 512/512
Fra:1 Mem:18.99M (0.00M, Peak 21.52M) | Time:00:05.10 | Remaining:00:06.73 | Mem:5.87M, Peak:6.15M | Scene, RenderLayer | Path Tracing Tile 2/4, Sample 512/512
Fra:1 Mem:18.99M (0.00M, Peak 21.52M) | Time:00:05.12 | Remaining:00:06.71 | Mem:5.87M, Peak:6.15M | Scene, RenderLayer | Path Tracing Tile 2/4, Sample 2/512
Fra:1 Mem:18.99M (0.00M, Peak 21.52M) | Time:00:06.12 | Remaining:00:05.59 | Mem:5.87M, Peak:6.15M | Scene, RenderLayer | Path Tracing Tile 2/4, Sample 126/512
Fra:1 Mem:18.99M (0.00M, Peak 21.52M) | Time:00:07.12 | Remaining:00:04.51 | Mem:5.87M, Peak:6.15M | Scene, RenderLayer | Path Tracing Tile 2/4, Sample 250/512
Fra:1 Mem:18.99M (0.00M, Peak 21.52M) | Time:00:08.13 | Remaining:00:03.46 | Mem:5.87M, Peak:6.15M | Scene, RenderLayer | Path Tracing Tile 2/4, Sample 373/512
Fra:1 Mem:18.99M (0.00M, Peak 21.52M) | Time:00:09.13 | Remaining:00:02.42 | Mem:5.87M, Peak:6.15M | Scene, RenderLayer | Path Tracing Tile 2/4, Sample 496/512
Fra:1 Mem:17.02M (0.00M, Peak 21.52M) | Time:00:09.27 | Remaining:00:02.29 | Mem:3.90M, Peak:6.15M | Scene, RenderLayer | Path Tracing Tile 2/4, Sample 512/512
Fra:1 Mem:17.58M (0.00M, Peak 21.52M) | Time:00:09.27 | Remaining:00:02.29 | Mem:4.46M, Peak:6.15M | Scene, RenderLayer | Path Tracing Tile 3/4, Sample 512/512
Fra:1 Mem:17.58M (0.00M, Peak 21.52M) | Time:00:10.13 | Remaining:00:01.86 | Mem:4.46M, Peak:6.15M | Scene, RenderLayer | Path Tracing Tile 3/4, Sample 207/512
Fra:1 Mem:17.58M (0.00M, Peak 21.52M) | Time:00:11.13 | Remaining:00:01.32 | Mem:4.46M, Peak:6.15M | Scene, RenderLayer | Path Tracing Tile 3/4, Sample 445/512
Fra:1 Mem:17.02M (0.00M, Peak 21.52M) | Time:00:11.42 | Remaining:00:01.16 | Mem:3.90M, Peak:6.15M | Scene, RenderLayer | Path Tracing Tile 3/4, Sample 512/512
Fra:1 Mem:17.51M (0.00M, Peak 21.52M) | Time:00:11.42 | Remaining:00:01.16 | Mem:4.39M, Peak:6.15M | Scene, RenderLayer | Path Tracing Tile 4/4, Sample 512/512
Fra:1 Mem:17.51M (0.00M, Peak 21.52M) | Time:00:12.13 | Remaining:00:00.75 | Mem:4.39M, Peak:6.15M | Scene, RenderLayer | Path Tracing Tile 4/4, Sample 187/512
Fra:1 Mem:17.51M (0.00M, Peak 21.52M) | Time:00:13.14 | Remaining:00:00.15 | Mem:4.39M, Peak:6.15M | Scene, RenderLayer | Path Tracing Tile 4/4, Sample 446/512
Fra:1 Mem:17.02M (0.00M, Peak 21.52M) | Time:00:13.39 | Mem:3.90M, Peak:6.15M | Scene, RenderLayer | Path Tracing Tile 4/4, Sample 512/512
Fra:1 Mem:17.02M (0.00M, Peak 21.52M) | Time:00:13.39 | Mem:3.90M, Peak:6.15M | Scene, RenderLayer | Finished
Fra:1 Mem:11.33M (0.00M, Peak 21.52M) | Time:00:13.47 | Sce: Scene Ve:0 Fa:0 La:0
Saved: 'data/clevr-cleaned-puzzles/alternate-color/render/images/CLEVR_val_000002.png'
 Time: 00:13.51 (Saving: 00:00.03)

read blend: /home/ubuntu/vdp-tool-chain/data/clevr_scene_data/base_scene.blend
convertViewVec: called in an invalid context
convertViewVec: called in an invalid context
convertViewVec: called in an invalid context
convertViewVec: called in an invalid context
Fra:1 Mem:17.31M (0.00M, Peak 17.31M) | Time:00:00.00 | Preparing Scene data
Fra:1 Mem:25.15M (0.00M, Peak 26.13M) | Time:00:00.01 | Preparing Scene data
Fra:1 Mem:25.15M (0.00M, Peak 26.13M) | Time:00:00.01 | Creating Shadowbuffers
Fra:1 Mem:25.15M (0.00M, Peak 26.13M) | Time:00:00.01 | Raytree.. preparing
Fra:1 Mem:33.69M (0.00M, Peak 33.69M) | Time:00:00.02 | Raytree.. building
Fra:1 Mem:33.22M (0.00M, Peak 46.55M) | Time:00:00.16 | Raytree finished
Fra:1 Mem:33.22M (0.00M, Peak 46.55M) | Time:00:00.16 | Creating Environment maps
Fra:1 Mem:33.22M (0.00M, Peak 46.55M) | Time:00:00.16 | Caching Point Densities
Fra:1 Mem:33.22M (0.00M, Peak 46.55M) | Time:00:00.16 | Sce: Scene Ve:61448 Fa:62207 La:1
Fra:1 Mem:33.22M (0.00M, Peak 46.55M) | Time:00:00.16 | Loading voxel datasets
Fra:1 Mem:33.22M (0.00M, Peak 46.55M) | Time:00:00.16 | Sce: Scene Ve:61448 Fa:62207 La:1
Fra:1 Mem:33.22M (0.00M, Peak 46.55M) | Time:00:00.16 | Sce: Scene Ve:61448 Fa:62207 La:1
Fra:1 Mem:33.22M (0.00M, Peak 46.55M) | Time:00:00.16 | Volume preprocessing
Fra:1 Mem:33.22M (0.00M, Peak 46.55M) | Time:00:00.16 | Sce: Scene Ve:61448 Fa:62207 La:1
Fra:1 Mem:33.22M (0.00M, Peak 46.55M) | Time:00:00.16 | Sce: Scene Ve:61448 Fa:62207 La:1
Fra:1 Mem:37.57M (0.00M, Peak 46.55M) | Time:00:00.16 | Scene, Part 3-4
Fra:1 Mem:37.26M (0.00M, Peak 46.55M) | Time:00:00.17 | Scene, Part 4-4
Fra:1 Mem:35.57M (0.00M, Peak 46.55M) | Time:00:00.18 | Scene, Part 1-4
Fra:1 Mem:34.32M (0.00M, Peak 46.55M) | Time:00:00.18 | Scene, Part 2-4
Fra:1 Mem:17.16M (0.00M, Peak 46.55M) | Time:00:00.18 | Sce: Scene Ve:61448 Fa:62207 La:1
Saved: '/tmp/tmp41yspm9m.png'
 Time: 00:00.20 (Saving: 00:00.01)

Fra:1 Mem:17.19M (0.00M, Peak 17.79M) | Time:00:00.04 | Mem:0.00M, Peak:0.00M | Scene, RenderLayer | Synchronizing object | Area
Fra:1 Mem:17.19M (0.00M, Peak 17.79M) | Time:00:00.04 | Mem:0.00M, Peak:0.00M | Scene, RenderLayer | Synchronizing object | Ground
Fra:1 Mem:17.26M (0.00M, Peak 17.79M) | Time:00:00.04 | Mem:0.00M, Peak:0.00M | Scene, RenderLayer | Synchronizing object | Empty
Fra:1 Mem:17.26M (0.00M, Peak 17.79M) | Time:00:00.04 | Mem:0.00M, Peak:0.00M | Scene, RenderLayer | Synchronizing object | Lamp_Back
Fra:1 Mem:17.26M (0.00M, Peak 17.79M) | Time:00:00.04 | Mem:0.00M, Peak:0.00M | Scene, RenderLayer | Synchronizing object | Lamp_Fill
Fra:1 Mem:17.26M (0.00M, Peak 17.79M) | Time:00:00.04 | Mem:0.00M, Peak:0.00M | Scene, RenderLayer | Synchronizing object | Lamp_Key
Fra:1 Mem:17.26M (0.00M, Peak 17.79M) | Time:00:00.04 | Mem:0.00M, Peak:0.00M | Scene, RenderLayer | Synchronizing object | Camera
Fra:1 Mem:17.26M (0.00M, Peak 17.79M) | Time:00:00.04 | Mem:0.00M, Peak:0.00M | Scene, RenderLayer | Synchronizing object | Sphere_0
Fra:1 Mem:18.52M (0.00M, Peak 20.02M) | Time:00:00.05 | Mem:0.00M, Peak:0.00M | Scene, RenderLayer | Synchronizing object | Sphere_1
Fra:1 Mem:19.78M (0.00M, Peak 21.28M) | Time:00:00.05 | Mem:0.00M, Peak:0.00M | Scene, RenderLayer | Synchronizing object | Sphere_2
Fra:1 Mem:21.04M (0.00M, Peak 22.54M) | Time:00:00.06 | Mem:0.00M, Peak:0.00M | Scene, RenderLayer | Synchronizing object | Sphere_3
Fra:1 Mem:22.30M (0.00M, Peak 23.80M) | Time:00:00.06 | Mem:0.00M, Peak:0.00M | Scene, RenderLayer | Initializing
Fra:1 Mem:22.30M (0.00M, Peak 23.80M) | Time:00:00.06 | Mem:0.00M, Peak:0.00M | Scene, RenderLayer | Loading render kernels (may take a few minutes the first time)
Fra:1 Mem:22.30M (0.00M, Peak 25.00M) | Time:00:00.07 | Mem:0.00M, Peak:0.00M | Scene, RenderLayer | Waiting for render to start
Fra:1 Mem:22.30M (0.00M, Peak 25.00M) | Time:00:00.07 | Mem:0.00M, Peak:0.00M | Scene, RenderLayer | Updating Scene
Fra:1 Mem:22.30M (0.00M, Peak 25.00M) | Time:00:00.07 | Mem:0.00M, Peak:0.00M | Scene, RenderLayer | Updating Shaders
Fra:1 Mem:22.55M (0.00M, Peak 25.00M) | Time:00:00.07 | Mem:0.00M, Peak:0.00M | Scene, RenderLayer | Updating Background
Fra:1 Mem:22.55M (0.00M, Peak 25.00M) | Time:00:00.07 | Mem:0.00M, Peak:0.00M | Scene, RenderLayer | Updating Camera
Fra:1 Mem:22.55M (0.00M, Peak 25.00M) | Time:00:00.07 | Mem:0.00M, Peak:0.00M | Scene, RenderLayer | Updating Meshes Flags
Fra:1 Mem:22.55M (0.00M, Peak 25.00M) | Time:00:00.07 | Mem:0.00M, Peak:0.00M | Scene, RenderLayer | Updating Objects
Fra:1 Mem:22.55M (0.00M, Peak 25.00M) | Time:00:00.07 | Mem:0.00M, Peak:0.00M | Scene, RenderLayer | Updating Objects | Copying Transformations to device
Fra:1 Mem:22.56M (0.00M, Peak 25.00M) | Time:00:00.08 | Mem:0.00M, Peak:0.00M | Scene, RenderLayer | Updating Objects | Applying Static Transformations
Fra:1 Mem:22.56M (0.00M, Peak 25.00M) | Time:00:00.08 | Mem:0.00M, Peak:0.00M | Scene, RenderLayer | Updating Meshes
Fra:1 Mem:24.45M (0.00M, Peak 25.00M) | Time:00:00.08 | Mem:0.00M, Peak:0.00M | Scene, RenderLayer | Updating Mesh | Computing attributes
Fra:1 Mem:24.45M (0.00M, Peak 25.00M) | Time:00:00.08 | Mem:0.00M, Peak:0.00M | Scene, RenderLayer | Updating Mesh | Copying Attributes to device
Fra:1 Mem:24.45M (0.00M, Peak 25.00M) | Time:00:00.08 | Mem:0.00M, Peak:0.00M | Scene, RenderLayer | Updating Scene BVH | Building
Fra:1 Mem:24.45M (0.00M, Peak 25.00M) | Time:00:00.08 | Mem:0.00M, Peak:0.00M | Scene, RenderLayer | Updating Scene BVH | Building BVH
Fra:1 Mem:31.57M (0.00M, Peak 31.57M) | Time:00:00.16 | Mem:0.00M, Peak:0.00M | Scene, RenderLayer | Updating Scene BVH | Packing BVH triangles and strands
Fra:1 Mem:38.21M (0.00M, Peak 38.21M) | Time:00:00.17 | Mem:0.00M, Peak:0.00M | Scene, RenderLayer | Updating Scene BVH | Packing BVH nodes
Fra:1 Mem:34.39M (0.00M, Peak 40.09M) | Time:00:00.18 | Mem:0.00M, Peak:0.00M | Scene, RenderLayer | Updating Scene BVH | Copying BVH to device
Fra:1 Mem:34.87M (0.00M, Peak 40.09M) | Time:00:00.18 | Mem:9.94M, Peak:9.94M | Scene, RenderLayer | Updating Mesh | Computing normals
Fra:1 Mem:39.14M (0.00M, Peak 40.09M) | Time:00:00.18 | Mem:9.94M, Peak:9.94M | Scene, RenderLayer | Updating Mesh | Copying Mesh to device
Fra:1 Mem:38.67M (0.00M, Peak 40.09M) | Time:00:00.18 | Mem:14.22M, Peak:14.22M | Scene, RenderLayer | Updating Objects Flags
Fra:1 Mem:38.67M (0.00M, Peak 40.09M) | Time:00:00.18 | Mem:14.22M, Peak:14.22M | Scene, RenderLayer | Updating Images
Fra:1 Mem:38.67M (0.00M, Peak 40.09M) | Time:00:00.18 | Mem:14.22M, Peak:14.22M | Scene, RenderLayer | Updating Camera Volume
Fra:1 Mem:38.67M (0.00M, Peak 40.09M) | Time:00:00.18 | Mem:14.22M, Peak:14.22M | Scene, RenderLayer | Updating Hair Systems
Fra:1 Mem:38.67M (0.00M, Peak 40.09M) | Time:00:00.18 | Mem:14.22M, Peak:14.22M | Scene, RenderLayer | Updating Hair settings | Copying Hair settings to device
Fra:1 Mem:38.67M (0.00M, Peak 40.09M) | Time:00:00.18 | Mem:14.22M, Peak:14.22M | Scene, RenderLayer | Updating Lookup Tables
Fra:1 Mem:38.67M (0.00M, Peak 40.09M) | Time:00:00.18 | Mem:14.47M, Peak:14.47M | Scene, RenderLayer | Updating Lights
Fra:1 Mem:38.67M (0.00M, Peak 40.09M) | Time:00:00.18 | Mem:14.47M, Peak:14.47M | Scene, RenderLayer | Updating Lights | Computing distribution
Fra:1 Mem:38.67M (0.00M, Peak 40.09M) | Time:00:00.18 | Mem:14.47M, Peak:14.47M | Scene, RenderLayer | Updating Particle Systems
Fra:1 Mem:38.67M (0.00M, Peak 40.09M) | Time:00:00.18 | Mem:14.47M, Peak:14.47M | Scene, RenderLayer | Updating Particle Systems | Copying Particles to device
Fra:1 Mem:38.67M (0.00M, Peak 40.09M) | Time:00:00.18 | Mem:14.47M, Peak:14.47M | Scene, RenderLayer | Updating Integrator
Fra:1 Mem:38.71M (0.00M, Peak 40.09M) | Time:00:00.18 | Mem:14.51M, Peak:14.51M | Scene, RenderLayer | Updating Film
Fra:1 Mem:38.71M (0.00M, Peak 40.09M) | Time:00:00.19 | Mem:14.51M, Peak:14.51M | Scene, RenderLayer | Updating Lookup Tables
Fra:1 Mem:38.71M (0.00M, Peak 40.09M) | Time:00:00.19 | Mem:14.51M, Peak:14.51M | Scene, RenderLayer | Updating Baking
Fra:1 Mem:38.71M (0.00M, Peak 40.09M) | Time:00:00.19 | Mem:14.51M, Peak:14.51M | Scene, RenderLayer | Updating Device | Writing constant memory
Fra:1 Mem:38.71M (0.00M, Peak 40.09M) | Time:00:00.19 | Mem:14.51M, Peak:14.51M | Scene, RenderLayer | Path Tracing Tile 0/4, Sample 0/512
Fra:1 Mem:40.96M (0.00M, Peak 42.21M) | Time:00:00.19 | Mem:16.76M, Peak:16.76M | Scene, RenderLayer | Path Tracing Tile 1/4, Sample 0/512
Fra:1 Mem:40.96M (0.00M, Peak 43.21M) | Time:00:01.19 | Remaining:00:12.15 | Mem:16.76M, Peak:16.76M | Scene, RenderLayer | Path Tracing Tile 1/4, Sample 92/512
Fra:1 Mem:40.96M (0.00M, Peak 43.21M) | Time:00:02.20 | Remaining:00:11.12 | Mem:16.76M, Peak:16.76M | Scene, RenderLayer | Path Tracing Tile 1/4, Sample 184/512
Fra:1 Mem:40.96M (0.00M, Peak 43.21M) | Time:00:03.20 | Remaining:00:10.10 | Mem:16.76M, Peak:16.76M | Scene, RenderLayer | Path Tracing Tile 1/4, Sample 276/512
Fra:1 Mem:40.96M (0.00M, Peak 43.21M) | Time:00:04.21 | Remaining:00:09.09 | Mem:16.76M, Peak:16.76M | Scene, RenderLayer | Path Tracing Tile 1/4, Sample 368/512
Fra:1 Mem:40.96M (0.00M, Peak 43.21M) | Time:00:05.21 | Remaining:00:08.11 | Mem:16.76M, Peak:16.76M | Scene, RenderLayer | Path Tracing Tile 1/4, Sample 459/512
Fra:1 Mem:38.71M (0.00M, Peak 43.21M) | Time:00:05.80 | Remaining:00:07.54 | Mem:14.51M, Peak:16.76M | Scene, RenderLayer | Path Tracing Tile 1/4, Sample 512/512
Fra:1 Mem:40.68M (0.00M, Peak 43.21M) | Time:00:05.80 | Remaining:00:07.54 | Mem:16.48M, Peak:16.76M | Scene, RenderLayer | Path Tracing Tile 2/4, Sample 512/512
Fra:1 Mem:40.68M (0.00M, Peak 43.21M) | Time:00:06.22 | Remaining:00:07.13 | Mem:16.48M, Peak:16.76M | Scene, RenderLayer | Path Tracing Tile 2/4, Sample 43/512
Fra:1 Mem:40.68M (0.00M, Peak 43.21M) | Time:00:07.22 | Remaining:00:06.16 | Mem:16.48M, Peak:16.76M | Scene, RenderLayer | Path Tracing Tile 2/4, Sample 146/512
Fra:1 Mem:40.68M (0.00M, Peak 43.21M) | Time:00:08.22 | Remaining:00:05.17 | Mem:16.48M, Peak:16.76M | Scene, RenderLayer | Path Tracing Tile 2/4, Sample 249/512
Fra:1 Mem:40.68M (0.00M, Peak 43.21M) | Time:00:09.23 | Remaining:00:04.18 | Mem:16.48M, Peak:16.76M | Scene, RenderLayer | Path Tracing Tile 2/4, Sample 352/512
Fra:1 Mem:40.68M (0.00M, Peak 43.21M) | Time:00:10.23 | Remaining:00:03.21 | Mem:16.48M, Peak:16.76M | Scene, RenderLayer | Path Tracing Tile 2/4, Sample 454/512
Fra:1 Mem:38.71M (0.00M, Peak 43.21M) | Time:00:10.80 | Remaining:00:02.65 | Mem:14.51M, Peak:16.76M | Scene, RenderLayer | Path Tracing Tile 2/4, Sample 512/512
Fra:1 Mem:39.27M (0.00M, Peak 43.21M) | Time:00:10.80 | Remaining:00:02.65 | Mem:15.07M, Peak:16.76M | Scene, RenderLayer | Path Tracing Tile 3/4, Sample 512/512
Fra:1 Mem:39.27M (0.00M, Peak 43.21M) | Time:00:11.23 | Remaining:00:02.40 | Mem:15.07M, Peak:16.76M | Scene, RenderLayer | Path Tracing Tile 3/4, Sample 101/512
Fra:1 Mem:39.27M (0.00M, Peak 43.21M) | Time:00:12.23 | Remaining:00:01.79 | Mem:15.07M, Peak:16.76M | Scene, RenderLayer | Path Tracing Tile 3/4, Sample 337/512
Fra:1 Mem:38.71M (0.00M, Peak 43.21M) | Time:00:12.98 | Remaining:00:01.31 | Mem:14.51M, Peak:16.76M | Scene, RenderLayer | Path Tracing Tile 3/4, Sample 512/512
Fra:1 Mem:39.20M (0.00M, Peak 43.21M) | Time:00:12.98 | Remaining:00:01.31 | Mem:15.00M, Peak:16.76M | Scene, RenderLayer | Path Tracing Tile 4/4, Sample 512/512
Fra:1 Mem:39.20M (0.00M, Peak 43.21M) | Time:00:13.23 | Remaining:00:01.15 | Mem:15.00M, Peak:16.76M | Scene, RenderLayer | Path Tracing Tile 4/4, Sample 65/512
Fra:1 Mem:39.20M (0.00M, Peak 43.21M) | Time:00:14.23 | Remaining:00:00.50 | Mem:15.00M, Peak:16.76M | Scene, RenderLayer | Path Tracing Tile 4/4, Sample 321/512
Fra:1 Mem:38.71M (0.00M, Peak 43.21M) | Time:00:14.99 | Mem:14.51M, Peak:16.76M | Scene, RenderLayer | Path Tracing Tile 4/4, Sample 512/512
Fra:1 Mem:38.71M (0.00M, Peak 43.21M) | Time:00:14.99 | Mem:14.51M, Peak:16.76M | Scene, RenderLayer | Finished
Fra:1 Mem:17.19M (0.00M, Peak 43.21M) | Time:00:15.07 | Sce: Scene Ve:0 Fa:0 La:0
Saved: 'data/clevr-cleaned-puzzles/alternate-color/render/images/CLEVR_val_000003.png'
 Time: 00:15.11 (Saving: 00:00.03)

read blend: /home/ubuntu/vdp-tool-chain/data/clevr_scene_data/base_scene.blend
convertViewVec: called in an invalid context
convertViewVec: called in an invalid context
Fra:1 Mem:13.34M (0.00M, Peak 13.34M) | Time:00:00.00 | Preparing Scene data
Fra:1 Mem:17.26M (0.00M, Peak 18.24M) | Time:00:00.00 | Preparing Scene data
Fra:1 Mem:17.26M (0.00M, Peak 18.24M) | Time:00:00.00 | Creating Shadowbuffers
Fra:1 Mem:17.26M (0.00M, Peak 18.24M) | Time:00:00.00 | Raytree.. preparing
Fra:1 Mem:21.53M (0.00M, Peak 21.53M) | Time:00:00.01 | Raytree.. building
Fra:1 Mem:21.30M (0.00M, Peak 27.97M) | Time:00:00.07 | Raytree finished
Fra:1 Mem:21.30M (0.00M, Peak 27.97M) | Time:00:00.07 | Creating Environment maps
Fra:1 Mem:21.30M (0.00M, Peak 27.97M) | Time:00:00.07 | Caching Point Densities
Fra:1 Mem:21.30M (0.00M, Peak 27.97M) | Time:00:00.07 | Sce: Scene Ve:30724 Fa:31097 La:1
Fra:1 Mem:21.30M (0.00M, Peak 27.97M) | Time:00:00.07 | Loading voxel datasets
Fra:1 Mem:21.30M (0.00M, Peak 27.97M) | Time:00:00.07 | Sce: Scene Ve:30724 Fa:31097 La:1
Fra:1 Mem:21.31M (0.00M, Peak 27.97M) | Time:00:00.07 | Sce: Scene Ve:30724 Fa:31097 La:1
Fra:1 Mem:21.31M (0.00M, Peak 27.97M) | Time:00:00.07 | Volume preprocessing
Fra:1 Mem:21.31M (0.00M, Peak 27.97M) | Time:00:00.07 | Sce: Scene Ve:30724 Fa:31097 La:1
Fra:1 Mem:21.31M (0.00M, Peak 27.97M) | Time:00:00.07 | Sce: Scene Ve:30724 Fa:31097 La:1
Fra:1 Mem:25.38M (0.00M, Peak 27.97M) | Time:00:00.08 | Scene, Part 3-4
Fra:1 Mem:25.34M (0.00M, Peak 27.97M) | Time:00:00.08 | Scene, Part 4-4
Fra:1 Mem:24.40M (0.00M, Peak 27.97M) | Time:00:00.09 | Scene, Part 2-4
Fra:1 Mem:22.56M (0.00M, Peak 27.97M) | Time:00:00.09 | Scene, Part 1-4
Fra:1 Mem:13.26M (0.00M, Peak 27.97M) | Time:00:00.09 | Sce: Scene Ve:30724 Fa:31097 La:1
Saved: '/tmp/tmpkft5o4y2.png'
 Time: 00:00.11 (Saving: 00:00.01)

Fra:1 Mem:13.29M (0.00M, Peak 13.88M) | Time:00:00.04 | Mem:0.00M, Peak:0.00M | Scene, RenderLayer | Synchronizing object | Area
Fra:1 Mem:13.29M (0.00M, Peak 13.88M) | Time:00:00.04 | Mem:0.00M, Peak:0.00M | Scene, RenderLayer | Synchronizing object | Ground
Fra:1 Mem:13.36M (0.00M, Peak 13.88M) | Time:00:00.04 | Mem:0.00M, Peak:0.00M | Scene, RenderLayer | Synchronizing object | Empty
Fra:1 Mem:13.36M (0.00M, Peak 13.88M) | Time:00:00.04 | Mem:0.00M, Peak:0.00M | Scene, RenderLayer | Synchronizing object | Lamp_Back
Fra:1 Mem:13.36M (0.00M, Peak 13.88M) | Time:00:00.04 | Mem:0.00M, Peak:0.00M | Scene, RenderLayer | Synchronizing object | Lamp_Fill
Fra:1 Mem:13.36M (0.00M, Peak 13.88M) | Time:00:00.04 | Mem:0.00M, Peak:0.00M | Scene, RenderLayer | Synchronizing object | Lamp_Key
Fra:1 Mem:13.36M (0.00M, Peak 13.88M) | Time:00:00.04 | Mem:0.00M, Peak:0.00M | Scene, RenderLayer | Synchronizing object | Camera
Fra:1 Mem:13.36M (0.00M, Peak 13.88M) | Time:00:00.04 | Mem:0.00M, Peak:0.00M | Scene, RenderLayer | Synchronizing object | Sphere_0
Fra:1 Mem:14.85M (0.00M, Peak 16.29M) | Time:00:00.05 | Mem:0.00M, Peak:0.00M | Scene, RenderLayer | Synchronizing object | Sphere_1
Fra:1 Mem:16.11M (0.00M, Peak 17.61M) | Time:00:00.05 | Mem:0.00M, Peak:0.00M | Scene, RenderLayer | Initializing
Fra:1 Mem:16.11M (0.00M, Peak 17.61M) | Time:00:00.05 | Mem:0.00M, Peak:0.00M | Scene, RenderLayer | Loading render kernels (may take a few minutes the first time)
Fra:1 Mem:16.11M (0.00M, Peak 18.81M) | Time:00:00.07 | Mem:0.00M, Peak:0.00M | Scene, RenderLayer | Waiting for render to start
Fra:1 Mem:16.11M (0.00M, Peak 18.81M) | Time:00:00.07 | Mem:0.00M, Peak:0.00M | Scene, RenderLayer | Updating Scene
Fra:1 Mem:16.11M (0.00M, Peak 18.81M) | Time:00:00.07 | Mem:0.00M, Peak:0.00M | Scene, RenderLayer | Updating Shaders
Fra:1 Mem:16.36M (0.00M, Peak 18.81M) | Time:00:00.07 | Mem:0.00M, Peak:0.00M | Scene, RenderLayer | Updating Background
Fra:1 Mem:16.36M (0.00M, Peak 18.81M) | Time:00:00.07 | Mem:0.00M, Peak:0.00M | Scene, RenderLayer | Updating Camera
Fra:1 Mem:16.36M (0.00M, Peak 18.81M) | Time:00:00.07 | Mem:0.00M, Peak:0.00M | Scene, RenderLayer | Updating Meshes Flags
Fra:1 Mem:16.36M (0.00M, Peak 18.81M) | Time:00:00.07 | Mem:0.00M, Peak:0.00M | Scene, RenderLayer | Updating Objects
Fra:1 Mem:16.36M (0.00M, Peak 18.81M) | Time:00:00.07 | Mem:0.00M, Peak:0.00M | Scene, RenderLayer | Updating Objects | Copying Transformations to device
Fra:1 Mem:16.36M (0.00M, Peak 18.81M) | Time:00:00.07 | Mem:0.00M, Peak:0.00M | Scene, RenderLayer | Updating Objects | Applying Static Transformations
Fra:1 Mem:16.36M (0.00M, Peak 18.81M) | Time:00:00.07 | Mem:0.00M, Peak:0.00M | Scene, RenderLayer | Updating Meshes
Fra:1 Mem:17.32M (0.00M, Peak 18.81M) | Time:00:00.07 | Mem:0.00M, Peak:0.00M | Scene, RenderLayer | Updating Mesh | Computing attributes
Fra:1 Mem:17.56M (0.00M, Peak 18.81M) | Time:00:00.07 | Mem:0.00M, Peak:0.00M | Scene, RenderLayer | Updating Mesh | Copying Attributes to device
Fra:1 Mem:17.56M (0.00M, Peak 18.81M) | Time:00:00.07 | Mem:0.24M, Peak:0.24M | Scene, RenderLayer | Updating Scene BVH | Building
Fra:1 Mem:17.56M (0.00M, Peak 18.81M) | Time:00:00.07 | Mem:0.24M, Peak:0.24M | Scene, RenderLayer | Updating Scene BVH | Building BVH
Fra:1 Mem:21.16M (0.00M, Peak 21.16M) | Time:00:00.11 | Mem:0.24M, Peak:0.24M | Scene, RenderLayer | Updating Scene BVH | Packing BVH triangles and strands
Fra:1 Mem:24.52M (0.00M, Peak 24.52M) | Time:00:00.12 | Mem:0.24M, Peak:0.24M | Scene, RenderLayer | Updating Scene BVH | Packing BVH nodes
Fra:1 Mem:22.58M (0.00M, Peak 25.47M) | Time:00:00.12 | Mem:0.24M, Peak:0.24M | Scene, RenderLayer | Updating Scene BVH | Copying BVH to device
Fra:1 Mem:22.82M (0.00M, Peak 25.47M) | Time:00:00.12 | Mem:5.26M, Peak:5.26M | Scene, RenderLayer | Updating Mesh | Computing normals
Fra:1 Mem:24.99M (0.00M, Peak 25.47M) | Time:00:00.12 | Mem:5.26M, Peak:5.26M | Scene, RenderLayer | Updating Mesh | Copying Mesh to device
Fra:1 Mem:24.75M (0.00M, Peak 25.47M) | Time:00:00.13 | Mem:7.43M, Peak:7.43M | Scene, RenderLayer | Updating Objects Flags
Fra:1 Mem:24.75M (0.00M, Peak 25.47M) | Time:00:00.13 | Mem:7.43M, Peak:7.43M | Scene, RenderLayer | Updating Images
Fra:1 Mem:24.75M (0.00M, Peak 25.47M) | Time:00:00.13 | Mem:7.43M, Peak:7.43M | Scene, RenderLayer | Updating Camera Volume
Fra:1 Mem:24.75M (0.00M, Peak 25.47M) | Time:00:00.13 | Mem:7.43M, Peak:7.43M | Scene, RenderLayer | Updating Hair Systems
Fra:1 Mem:24.75M (0.00M, Peak 25.47M) | Time:00:00.13 | Mem:7.43M, Peak:7.43M | Scene, RenderLayer | Updating Hair settings | Copying Hair settings to device
Fra:1 Mem:24.75M (0.00M, Peak 25.47M) | Time:00:00.13 | Mem:7.43M, Peak:7.43M | Scene, RenderLayer | Updating Lookup Tables
Fra:1 Mem:24.75M (0.00M, Peak 25.47M) | Time:00:00.13 | Mem:7.68M, Peak:7.68M | Scene, RenderLayer | Updating Lights
Fra:1 Mem:24.75M (0.00M, Peak 25.47M) | Time:00:00.13 | Mem:7.68M, Peak:7.68M | Scene, RenderLayer | Updating Lights | Computing distribution
Fra:1 Mem:24.75M (0.00M, Peak 25.47M) | Time:00:00.13 | Mem:7.68M, Peak:7.68M | Scene, RenderLayer | Updating Particle Systems
Fra:1 Mem:24.75M (0.00M, Peak 25.47M) | Time:00:00.13 | Mem:7.68M, Peak:7.68M | Scene, RenderLayer | Updating Particle Systems | Copying Particles to device
Fra:1 Mem:24.75M (0.00M, Peak 25.47M) | Time:00:00.13 | Mem:7.68M, Peak:7.68M | Scene, RenderLayer | Updating Integrator
Fra:1 Mem:24.79M (0.00M, Peak 25.47M) | Time:00:00.13 | Mem:7.72M, Peak:7.72M | Scene, RenderLayer | Updating Film
Fra:1 Mem:24.79M (0.00M, Peak 25.47M) | Time:00:00.13 | Mem:7.72M, Peak:7.72M | Scene, RenderLayer | Updating Lookup Tables
Fra:1 Mem:24.79M (0.00M, Peak 25.47M) | Time:00:00.13 | Mem:7.72M, Peak:7.72M | Scene, RenderLayer | Updating Baking
Fra:1 Mem:24.79M (0.00M, Peak 25.47M) | Time:00:00.13 | Mem:7.72M, Peak:7.72M | Scene, RenderLayer | Updating Device | Writing constant memory
Fra:1 Mem:24.79M (0.00M, Peak 25.47M) | Time:00:00.13 | Mem:7.72M, Peak:7.72M | Scene, RenderLayer | Path Tracing Tile 0/4, Sample 0/512
Fra:1 Mem:27.04M (0.00M, Peak 28.29M) | Time:00:00.13 | Mem:9.97M, Peak:9.97M | Scene, RenderLayer | Path Tracing Tile 1/4, Sample 0/512
Fra:1 Mem:27.04M (0.00M, Peak 29.29M) | Time:00:01.13 | Remaining:00:11.16 | Mem:9.97M, Peak:9.97M | Scene, RenderLayer | Path Tracing Tile 1/4, Sample 99/512
Fra:1 Mem:27.04M (0.00M, Peak 29.29M) | Time:00:02.14 | Remaining:00:10.12 | Mem:9.97M, Peak:9.97M | Scene, RenderLayer | Path Tracing Tile 1/4, Sample 199/512
Fra:1 Mem:27.04M (0.00M, Peak 29.29M) | Time:00:03.15 | Remaining:00:09.10 | Mem:9.97M, Peak:9.97M | Scene, RenderLayer | Path Tracing Tile 1/4, Sample 299/512
Fra:1 Mem:27.04M (0.00M, Peak 29.29M) | Time:00:04.15 | Remaining:00:08.10 | Mem:9.97M, Peak:9.97M | Scene, RenderLayer | Path Tracing Tile 1/4, Sample 398/512
Fra:1 Mem:27.04M (0.00M, Peak 29.29M) | Time:00:05.16 | Remaining:00:07.11 | Mem:9.97M, Peak:9.97M | Scene, RenderLayer | Path Tracing Tile 1/4, Sample 497/512
Fra:1 Mem:24.79M (0.00M, Peak 29.29M) | Time:00:05.31 | Remaining:00:06.96 | Mem:7.72M, Peak:9.97M | Scene, RenderLayer | Path Tracing Tile 1/4, Sample 512/512
Fra:1 Mem:26.76M (0.00M, Peak 29.29M) | Time:00:05.32 | Remaining:00:06.97 | Mem:9.69M, Peak:9.97M | Scene, RenderLayer | Path Tracing Tile 2/4, Sample 512/512
Fra:1 Mem:26.76M (0.00M, Peak 29.29M) | Time:00:06.16 | Remaining:00:06.02 | Mem:9.69M, Peak:9.97M | Scene, RenderLayer | Path Tracing Tile 2/4, Sample 101/512
Fra:1 Mem:26.76M (0.00M, Peak 29.29M) | Time:00:07.17 | Remaining:00:04.92 | Mem:9.69M, Peak:9.97M | Scene, RenderLayer | Path Tracing Tile 2/4, Sample 222/512
Fra:1 Mem:26.76M (0.00M, Peak 29.29M) | Time:00:08.17 | Remaining:00:03.85 | Mem:9.69M, Peak:9.97M | Scene, RenderLayer | Path Tracing Tile 2/4, Sample 342/512
Fra:1 Mem:26.76M (0.00M, Peak 29.29M) | Time:00:09.18 | Remaining:00:02.81 | Mem:9.69M, Peak:9.97M | Scene, RenderLayer | Path Tracing Tile 2/4, Sample 461/512
Fra:1 Mem:24.79M (0.00M, Peak 29.29M) | Time:00:09.61 | Remaining:00:02.37 | Mem:7.72M, Peak:9.97M | Scene, RenderLayer | Path Tracing Tile 2/4, Sample 512/512
Fra:1 Mem:25.36M (0.00M, Peak 29.29M) | Time:00:09.61 | Remaining:00:02.37 | Mem:8.29M, Peak:9.97M | Scene, RenderLayer | Path Tracing Tile 3/4, Sample 512/512
Fra:1 Mem:25.36M (0.00M, Peak 29.29M) | Time:00:10.18 | Remaining:00:02.08 | Mem:8.29M, Peak:9.97M | Scene, RenderLayer | Path Tracing Tile 3/4, Sample 136/512
Fra:1 Mem:25.36M (0.00M, Peak 29.29M) | Time:00:11.18 | Remaining:00:01.53 | Mem:8.29M, Peak:9.97M | Scene, RenderLayer | Path Tracing Tile 3/4, Sample 375/512
Fra:1 Mem:24.79M (0.00M, Peak 29.29M) | Time:00:11.76 | Remaining:00:01.19 | Mem:7.72M, Peak:9.97M | Scene, RenderLayer | Path Tracing Tile 3/4, Sample 512/512
Fra:1 Mem:25.29M (0.00M, Peak 29.29M) | Time:00:11.76 | Remaining:00:01.19 | Mem:8.22M, Peak:9.97M | Scene, RenderLayer | Path Tracing Tile 4/4, Sample 512/512
Fra:1 Mem:25.29M (0.00M, Peak 29.29M) | Time:00:12.18 | Remaining:00:00.95 | Mem:8.22M, Peak:9.97M | Scene, RenderLayer | Path Tracing Tile 4/4, Sample 110/512
Fra:1 Mem:25.29M (0.00M, Peak 29.29M) | Time:00:13.18 | Remaining:00:00.34 | Mem:8.22M, Peak:9.97M | Scene, RenderLayer | Path Tracing Tile 4/4, Sample 369/512
Fra:1 Mem:24.79M (0.00M, Peak 29.29M) | Time:00:13.73 | Mem:7.72M, Peak:9.97M | Scene, RenderLayer | Path Tracing Tile 4/4, Sample 512/512
Fra:1 Mem:24.79M (0.00M, Peak 29.29M) | Time:00:13.73 | Mem:7.72M, Peak:9.97M | Scene, RenderLayer | Finished
Fra:1 Mem:13.28M (0.00M, Peak 29.29M) | Time:00:13.81 | Sce: Scene Ve:0 Fa:0 La:0
Saved: 'data/clevr-cleaned-puzzles/alternate-color/render/images/CLEVR_val_000004.png'
 Time: 00:13.85 (Saving: 00:00.03)

read blend: /home/ubuntu/vdp-tool-chain/data/clevr_scene_data/base_scene.blend
convertViewVec: called in an invalid context
convertViewVec: called in an invalid context
convertViewVec: called in an invalid context
convertViewVec: called in an invalid context
Fra:1 Mem:17.31M (0.00M, Peak 17.31M) | Time:00:00.00 | Preparing Scene data
Fra:1 Mem:25.15M (0.00M, Peak 26.14M) | Time:00:00.01 | Preparing Scene data
Fra:1 Mem:25.15M (0.00M, Peak 26.14M) | Time:00:00.01 | Creating Shadowbuffers
Fra:1 Mem:25.15M (0.00M, Peak 26.14M) | Time:00:00.01 | Raytree.. preparing
Fra:1 Mem:33.70M (0.00M, Peak 33.70M) | Time:00:00.02 | Raytree.. building
Fra:1 Mem:33.23M (0.00M, Peak 46.56M) | Time:00:00.16 | Raytree finished
Fra:1 Mem:33.23M (0.00M, Peak 46.56M) | Time:00:00.16 | Creating Environment maps
Fra:1 Mem:33.23M (0.00M, Peak 46.56M) | Time:00:00.16 | Caching Point Densities
Fra:1 Mem:33.23M (0.00M, Peak 46.56M) | Time:00:00.16 | Sce: Scene Ve:61448 Fa:62204 La:1
Fra:1 Mem:33.23M (0.00M, Peak 46.56M) | Time:00:00.16 | Loading voxel datasets
Fra:1 Mem:33.23M (0.00M, Peak 46.56M) | Time:00:00.16 | Sce: Scene Ve:61448 Fa:62204 La:1
Fra:1 Mem:33.23M (0.00M, Peak 46.56M) | Time:00:00.16 | Sce: Scene Ve:61448 Fa:62204 La:1
Fra:1 Mem:33.23M (0.00M, Peak 46.56M) | Time:00:00.16 | Volume preprocessing
Fra:1 Mem:33.23M (0.00M, Peak 46.56M) | Time:00:00.16 | Sce: Scene Ve:61448 Fa:62204 La:1
Fra:1 Mem:33.23M (0.00M, Peak 46.56M) | Time:00:00.16 | Sce: Scene Ve:61448 Fa:62204 La:1
Fra:1 Mem:37.30M (0.00M, Peak 46.56M) | Time:00:00.17 | Scene, Part 3-4
Fra:1 Mem:37.26M (0.00M, Peak 46.56M) | Time:00:00.17 | Scene, Part 4-4
Fra:1 Mem:35.58M (0.00M, Peak 46.56M) | Time:00:00.18 | Scene, Part 2-4
Fra:1 Mem:34.48M (0.00M, Peak 46.56M) | Time:00:00.19 | Scene, Part 1-4
Fra:1 Mem:17.17M (0.00M, Peak 46.56M) | Time:00:00.19 | Sce: Scene Ve:61448 Fa:62204 La:1
Saved: '/tmp/tmprvkfcsx7.png'
 Time: 00:00.21 (Saving: 00:00.01)

Fra:1 Mem:17.20M (0.00M, Peak 17.80M) | Time:00:00.04 | Mem:0.00M, Peak:0.00M | Scene, RenderLayer | Synchronizing object | Area
Fra:1 Mem:17.20M (0.00M, Peak 17.80M) | Time:00:00.04 | Mem:0.00M, Peak:0.00M | Scene, RenderLayer | Synchronizing object | Ground
Fra:1 Mem:17.27M (0.00M, Peak 17.80M) | Time:00:00.04 | Mem:0.00M, Peak:0.00M | Scene, RenderLayer | Synchronizing object | Empty
Fra:1 Mem:17.27M (0.00M, Peak 17.80M) | Time:00:00.04 | Mem:0.00M, Peak:0.00M | Scene, RenderLayer | Synchronizing object | Lamp_Back
Fra:1 Mem:17.27M (0.00M, Peak 17.80M) | Time:00:00.04 | Mem:0.00M, Peak:0.00M | Scene, RenderLayer | Synchronizing object | Lamp_Fill
Fra:1 Mem:17.27M (0.00M, Peak 17.80M) | Time:00:00.04 | Mem:0.00M, Peak:0.00M | Scene, RenderLayer | Synchronizing object | Lamp_Key
Fra:1 Mem:17.27M (0.00M, Peak 17.80M) | Time:00:00.04 | Mem:0.00M, Peak:0.00M | Scene, RenderLayer | Synchronizing object | Camera
Fra:1 Mem:17.27M (0.00M, Peak 17.80M) | Time:00:00.04 | Mem:0.00M, Peak:0.00M | Scene, RenderLayer | Synchronizing object | Sphere_0
Fra:1 Mem:18.76M (0.00M, Peak 20.20M) | Time:00:00.05 | Mem:0.00M, Peak:0.00M | Scene, RenderLayer | Synchronizing object | Sphere_1
Fra:1 Mem:20.26M (0.00M, Peak 21.69M) | Time:00:00.05 | Mem:0.00M, Peak:0.00M | Scene, RenderLayer | Synchronizing object | Sphere_2
Fra:1 Mem:21.75M (0.00M, Peak 23.19M) | Time:00:00.06 | Mem:0.00M, Peak:0.00M | Scene, RenderLayer | Synchronizing object | Sphere_3
Fra:1 Mem:23.25M (0.00M, Peak 24.68M) | Time:00:00.06 | Mem:0.00M, Peak:0.00M | Scene, RenderLayer | Initializing
Fra:1 Mem:23.25M (0.00M, Peak 24.68M) | Time:00:00.06 | Mem:0.00M, Peak:0.00M | Scene, RenderLayer | Loading render kernels (may take a few minutes the first time)
Fra:1 Mem:23.25M (0.00M, Peak 25.95M) | Time:00:00.08 | Mem:0.00M, Peak:0.00M | Scene, RenderLayer | Waiting for render to start
Fra:1 Mem:23.25M (0.00M, Peak 25.95M) | Time:00:00.08 | Mem:0.00M, Peak:0.00M | Scene, RenderLayer | Updating Scene
Fra:1 Mem:23.25M (0.00M, Peak 25.95M) | Time:00:00.08 | Mem:0.00M, Peak:0.00M | Scene, RenderLayer | Updating Shaders
Fra:1 Mem:23.50M (0.00M, Peak 25.95M) | Time:00:00.08 | Mem:0.00M, Peak:0.00M | Scene, RenderLayer | Updating Background
Fra:1 Mem:23.50M (0.00M, Peak 25.95M) | Time:00:00.08 | Mem:0.00M, Peak:0.00M | Scene, RenderLayer | Updating Camera
Fra:1 Mem:23.50M (0.00M, Peak 25.95M) | Time:00:00.08 | Mem:0.00M, Peak:0.00M | Scene, RenderLayer | Updating Meshes Flags
Fra:1 Mem:23.50M (0.00M, Peak 25.95M) | Time:00:00.08 | Mem:0.00M, Peak:0.00M | Scene, RenderLayer | Updating Objects
Fra:1 Mem:23.50M (0.00M, Peak 25.95M) | Time:00:00.08 | Mem:0.00M, Peak:0.00M | Scene, RenderLayer | Updating Objects | Copying Transformations to device
Fra:1 Mem:23.50M (0.00M, Peak 25.95M) | Time:00:00.08 | Mem:0.00M, Peak:0.00M | Scene, RenderLayer | Updating Objects | Applying Static Transformations
Fra:1 Mem:23.50M (0.00M, Peak 25.95M) | Time:00:00.08 | Mem:0.00M, Peak:0.00M | Scene, RenderLayer | Updating Meshes
Fra:1 Mem:25.40M (0.00M, Peak 25.95M) | Time:00:00.08 | Mem:0.00M, Peak:0.00M | Scene, RenderLayer | Updating Mesh | Computing attributes
Fra:1 Mem:26.34M (0.00M, Peak 26.34M) | Time:00:00.09 | Mem:0.00M, Peak:0.00M | Scene, RenderLayer | Updating Mesh | Copying Attributes to device
Fra:1 Mem:26.34M (0.00M, Peak 27.27M) | Time:00:00.09 | Mem:0.94M, Peak:0.94M | Scene, RenderLayer | Updating Scene BVH | Building
Fra:1 Mem:26.34M (0.00M, Peak 27.27M) | Time:00:00.09 | Mem:0.94M, Peak:0.94M | Scene, RenderLayer | Updating Scene BVH | Building BVH
Fra:1 Mem:33.45M (0.00M, Peak 33.45M) | Time:00:00.17 | Mem:0.94M, Peak:0.94M | Scene, RenderLayer | Updating Scene BVH | Packing BVH triangles and strands
Fra:1 Mem:40.10M (0.00M, Peak 40.10M) | Time:00:00.17 | Mem:0.94M, Peak:0.94M | Scene, RenderLayer | Updating Scene BVH | Packing BVH nodes
Fra:1 Mem:36.27M (0.00M, Peak 41.97M) | Time:00:00.18 | Mem:0.94M, Peak:0.94M | Scene, RenderLayer | Updating Scene BVH | Copying BVH to device
Fra:1 Mem:36.75M (0.00M, Peak 41.97M) | Time:00:00.19 | Mem:10.88M, Peak:10.88M | Scene, RenderLayer | Updating Mesh | Computing normals
Fra:1 Mem:41.02M (0.00M, Peak 41.97M) | Time:00:00.19 | Mem:10.88M, Peak:10.88M | Scene, RenderLayer | Updating Mesh | Copying Mesh to device
Fra:1 Mem:40.55M (0.00M, Peak 41.97M) | Time:00:00.19 | Mem:15.16M, Peak:15.16M | Scene, RenderLayer | Updating Objects Flags
Fra:1 Mem:40.55M (0.00M, Peak 41.97M) | Time:00:00.19 | Mem:15.16M, Peak:15.16M | Scene, RenderLayer | Updating Images
Fra:1 Mem:40.55M (0.00M, Peak 41.97M) | Time:00:00.19 | Mem:15.16M, Peak:15.16M | Scene, RenderLayer | Updating Camera Volume
Fra:1 Mem:40.55M (0.00M, Peak 41.97M) | Time:00:00.19 | Mem:15.16M, Peak:15.16M | Scene, RenderLayer | Updating Hair Systems
Fra:1 Mem:40.55M (0.00M, Peak 41.97M) | Time:00:00.19 | Mem:15.16M, Peak:15.16M | Scene, RenderLayer | Updating Hair settings | Copying Hair settings to device
Fra:1 Mem:40.55M (0.00M, Peak 41.97M) | Time:00:00.19 | Mem:15.16M, Peak:15.16M | Scene, RenderLayer | Updating Lookup Tables
Fra:1 Mem:40.55M (0.00M, Peak 41.97M) | Time:00:00.19 | Mem:15.41M, Peak:15.41M | Scene, RenderLayer | Updating Lights
Fra:1 Mem:40.55M (0.00M, Peak 41.97M) | Time:00:00.19 | Mem:15.41M, Peak:15.41M | Scene, RenderLayer | Updating Lights | Computing distribution
Fra:1 Mem:40.55M (0.00M, Peak 41.97M) | Time:00:00.19 | Mem:15.41M, Peak:15.41M | Scene, RenderLayer | Updating Particle Systems
Fra:1 Mem:40.55M (0.00M, Peak 41.97M) | Time:00:00.19 | Mem:15.41M, Peak:15.41M | Scene, RenderLayer | Updating Particle Systems | Copying Particles to device
Fra:1 Mem:40.55M (0.00M, Peak 41.97M) | Time:00:00.19 | Mem:15.41M, Peak:15.41M | Scene, RenderLayer | Updating Integrator
Fra:1 Mem:40.59M (0.00M, Peak 41.97M) | Time:00:00.19 | Mem:15.45M, Peak:15.45M | Scene, RenderLayer | Updating Film
Fra:1 Mem:40.59M (0.00M, Peak 41.97M) | Time:00:00.19 | Mem:15.45M, Peak:15.45M | Scene, RenderLayer | Updating Lookup Tables
Fra:1 Mem:40.59M (0.00M, Peak 41.97M) | Time:00:00.19 | Mem:15.45M, Peak:15.45M | Scene, RenderLayer | Updating Baking
Fra:1 Mem:40.59M (0.00M, Peak 41.97M) | Time:00:00.19 | Mem:15.45M, Peak:15.45M | Scene, RenderLayer | Updating Device | Writing constant memory
Fra:1 Mem:40.59M (0.00M, Peak 41.97M) | Time:00:00.19 | Mem:15.45M, Peak:15.45M | Scene, RenderLayer | Path Tracing Tile 0/4, Sample 0/512
Fra:1 Mem:42.84M (0.00M, Peak 44.10M) | Time:00:00.19 | Mem:17.70M, Peak:17.70M | Scene, RenderLayer | Path Tracing Tile 1/4, Sample 0/512
Fra:1 Mem:42.84M (0.00M, Peak 45.10M) | Time:00:01.20 | Remaining:00:10.53 | Mem:17.70M, Peak:17.70M | Scene, RenderLayer | Path Tracing Tile 1/4, Sample 105/512
Fra:1 Mem:42.84M (0.00M, Peak 45.10M) | Time:00:02.20 | Remaining:00:09.47 | Mem:17.70M, Peak:17.70M | Scene, RenderLayer | Path Tracing Tile 1/4, Sample 210/512
Fra:1 Mem:42.84M (0.00M, Peak 45.10M) | Time:00:03.21 | Remaining:00:08.47 | Mem:17.70M, Peak:17.70M | Scene, RenderLayer | Path Tracing Tile 1/4, Sample 315/512
Fra:1 Mem:42.84M (0.00M, Peak 45.10M) | Time:00:04.21 | Remaining:00:07.47 | Mem:17.70M, Peak:17.70M | Scene, RenderLayer | Path Tracing Tile 1/4, Sample 420/512
Fra:1 Mem:40.59M (0.00M, Peak 45.10M) | Time:00:05.10 | Remaining:00:06.59 | Mem:15.45M, Peak:17.70M | Scene, RenderLayer | Path Tracing Tile 1/4, Sample 512/512
Fra:1 Mem:42.56M (0.00M, Peak 45.10M) | Time:00:05.10 | Remaining:00:06.60 | Mem:17.42M, Peak:17.70M | Scene, RenderLayer | Path Tracing Tile 2/4, Sample 512/512
Fra:1 Mem:42.56M (0.00M, Peak 45.10M) | Time:00:05.22 | Remaining:00:06.50 | Mem:17.42M, Peak:17.70M | Scene, RenderLayer | Path Tracing Tile 2/4, Sample 13/512
Fra:1 Mem:42.56M (0.00M, Peak 45.10M) | Time:00:06.22 | Remaining:00:05.56 | Mem:17.42M, Peak:17.70M | Scene, RenderLayer | Path Tracing Tile 2/4, Sample 128/512
Fra:1 Mem:42.56M (0.00M, Peak 45.10M) | Time:00:07.23 | Remaining:00:04.61 | Mem:17.42M, Peak:17.70M | Scene, RenderLayer | Path Tracing Tile 2/4, Sample 243/512
Fra:1 Mem:42.56M (0.00M, Peak 45.10M) | Time:00:08.23 | Remaining:00:03.65 | Mem:17.42M, Peak:17.70M | Scene, RenderLayer | Path Tracing Tile 2/4, Sample 358/512
Fra:1 Mem:42.56M (0.00M, Peak 45.10M) | Time:00:09.24 | Remaining:00:02.68 | Mem:17.42M, Peak:17.70M | Scene, RenderLayer | Path Tracing Tile 2/4, Sample 472/512
Fra:1 Mem:40.59M (0.00M, Peak 45.10M) | Time:00:09.59 | Remaining:00:02.35 | Mem:15.45M, Peak:17.70M | Scene, RenderLayer | Path Tracing Tile 2/4, Sample 512/512
Fra:1 Mem:41.16M (0.00M, Peak 45.10M) | Time:00:09.59 | Remaining:00:02.35 | Mem:16.01M, Peak:17.70M | Scene, RenderLayer | Path Tracing Tile 3/4, Sample 512/512
Fra:1 Mem:41.16M (0.00M, Peak 45.10M) | Time:00:10.24 | Remaining:00:02.02 | Mem:16.01M, Peak:17.70M | Scene, RenderLayer | Path Tracing Tile 3/4, Sample 155/512
Fra:1 Mem:41.16M (0.00M, Peak 45.10M) | Time:00:11.24 | Remaining:00:01.47 | Mem:16.01M, Peak:17.70M | Scene, RenderLayer | Path Tracing Tile 3/4, Sample 395/512
Fra:1 Mem:40.59M (0.00M, Peak 45.10M) | Time:00:11.73 | Remaining:00:01.18 | Mem:15.45M, Peak:17.70M | Scene, RenderLayer | Path Tracing Tile 3/4, Sample 512/512
Fra:1 Mem:41.09M (0.00M, Peak 45.10M) | Time:00:11.73 | Remaining:00:01.18 | Mem:15.94M, Peak:17.70M | Scene, RenderLayer | Path Tracing Tile 4/4, Sample 512/512
Fra:1 Mem:41.09M (0.00M, Peak 45.10M) | Time:00:12.24 | Remaining:00:00.89 | Mem:15.94M, Peak:17.70M | Scene, RenderLayer | Path Tracing Tile 4/4, Sample 132/512
Fra:1 Mem:41.09M (0.00M, Peak 45.10M) | Time:00:13.25 | Remaining:00:00.29 | Mem:15.94M, Peak:17.70M | Scene, RenderLayer | Path Tracing Tile 4/4, Sample 389/512
Fra:1 Mem:40.59M (0.00M, Peak 45.10M) | Time:00:13.73 | Mem:15.45M, Peak:17.70M | Scene, RenderLayer | Path Tracing Tile 4/4, Sample 512/512
Fra:1 Mem:40.59M (0.00M, Peak 45.10M) | Time:00:13.73 | Mem:15.45M, Peak:17.70M | Scene, RenderLayer | Finished
Fra:1 Mem:17.19M (0.00M, Peak 45.10M) | Time:00:13.81 | Sce: Scene Ve:0 Fa:0 La:0
Saved: 'data/clevr-cleaned-puzzles/alternate-color/render/images/CLEVR_val_000005.png'
 Time: 00:13.85 (Saving: 00:00.03)


Blender quit

INFO test_net.py:  81: Called with args:
INFO test_net.py:  82: Namespace(cfg_file='clevr_inference/scene_parse/mask_rcnn/configs/baselines/e2e_mask_rcnn_R-50-FPN_1x.yaml', clevr_comp_cat=1, dataset='clevr_original_val', grab_conv=False, images_dir='data/clevr-cleaned-puzzles/alternate-color/render/images', load_ckpt='/home/ubuntu/vdp-tool-chain/data/ns-vqa-data/pretrained/object_detector.pt', load_detectron=None, multi_gpu_testing=False, name=None, output_dir='data/clevr-cleaned-puzzles/alternate-color/infer/mask_rcnn', range=None, rendersummary_path='data/clevr-cleaned-puzzles/alternate-color/render/summary.json', set_cfgs=[], vis=False)
INFO test_net.py: 125: Testing with config:
INFO test_net.py: 126: {'BBOX_XFORM_CLIP': 4.135166556742356,
 'CLEVR': {'COMP_CAT': True},
 'CROP_RESIZE_WITH_MAX_POOL': True,
 'CUDA': False,
 'DATA_DIR': '/home/ubuntu/vdp-tool-chain/data/ns-vqa-data/mask_rcnn',
 'DATA_LOADER': {'NUM_THREADS': 4},
 'DEBUG': False,
 'DEDUP_BOXES': 0.0625,
 'EPS': 1e-14,
 'EXPECTED_RESULTS': [],
 'EXPECTED_RESULTS_ATOL': 0.005,
 'EXPECTED_RESULTS_EMAIL': '',
 'EXPECTED_RESULTS_RTOL': 0.1,
 'FAST_RCNN': {'CONV_HEAD_DIM': 256,
               'MLP_HEAD_DIM': 1024,
               'NUM_STACKED_CONVS': 4,
               'ROI_BOX_HEAD': 'fast_rcnn_heads.roi_2mlp_head',
               'ROI_XFORM_METHOD': 'RoIAlign',
               'ROI_XFORM_RESOLUTION': 7,
               'ROI_XFORM_SAMPLING_RATIO': 2},
 'FPN': {'COARSEST_STRIDE': 32,
         'DIM': 256,
         'EXTRA_CONV_LEVELS': False,
         'FPN_ON': True,
         'MULTILEVEL_ROIS': True,
         'MULTILEVEL_RPN': True,
         'ROI_CANONICAL_LEVEL': 4,
         'ROI_CANONICAL_SCALE': 224,
         'ROI_MAX_LEVEL': 5,
         'ROI_MIN_LEVEL': 2,
         'RPN_ANCHOR_START_SIZE': 32,
         'RPN_ASPECT_RATIOS': (0.5, 1, 2),
         'RPN_COLLECT_SCALE': 1,
         'RPN_MAX_LEVEL': 6,
         'RPN_MIN_LEVEL': 2,
         'USE_GN': False,
         'ZERO_INIT_LATERAL': False},
 'GROUP_NORM': {'DIM_PER_GP': -1, 'EPSILON': 1e-05, 'NUM_GROUPS': 32},
 'KRCNN': {'CONV_HEAD_DIM': 256,
           'CONV_HEAD_KERNEL': 3,
           'CONV_INIT': 'GaussianFill',
           'DECONV_DIM': 256,
           'DECONV_KERNEL': 4,
           'DILATION': 1,
           'HEATMAP_SIZE': -1,
           'INFERENCE_MIN_SIZE': 0,
           'KEYPOINT_CONFIDENCE': 'bbox',
           'LOSS_WEIGHT': 1.0,
           'MIN_KEYPOINT_COUNT_FOR_VALID_MINIBATCH': 20,
           'NMS_OKS': False,
           'NORMALIZE_BY_VISIBLE_KEYPOINTS': True,
           'NUM_KEYPOINTS': -1,
           'NUM_STACKED_CONVS': 8,
           'ROI_KEYPOINTS_HEAD': '',
           'ROI_XFORM_METHOD': 'RoIAlign',
           'ROI_XFORM_RESOLUTION': 7,
           'ROI_XFORM_SAMPLING_RATIO': 0,
           'UP_SCALE': -1,
           'USE_DECONV': False,
           'USE_DECONV_OUTPUT': False},
 'MATLAB': 'matlab',
 'MODEL': {'BBOX_REG_WEIGHTS': (10.0, 10.0, 5.0, 5.0),
           'CLS_AGNOSTIC_BBOX_REG': False,
           'CONV_BODY': 'FPN.fpn_ResNet50_conv5_body',
           'FASTER_RCNN': True,
           'KEYPOINTS_ON': False,
           'LOAD_IMAGENET_PRETRAINED_WEIGHTS': True,
           'MASK_ON': True,
           'NUM_CLASSES': 49,
           'RPN_ONLY': False,
           'SHARE_RES5': False,
           'TYPE': 'generalized_rcnn',
           'UNSUPERVISED_POSE': False},
 'MRCNN': {'CLS_SPECIFIC_MASK': True,
           'CONV_INIT': 'MSRAFill',
           'DILATION': 1,
           'DIM_REDUCED': 256,
           'MEMORY_EFFICIENT_LOSS': True,
           'RESOLUTION': 28,
           'ROI_MASK_HEAD': 'mask_rcnn_heads.mask_rcnn_fcn_head_v1up4convs',
           'ROI_XFORM_METHOD': 'RoIAlign',
           'ROI_XFORM_RESOLUTION': 14,
           'ROI_XFORM_SAMPLING_RATIO': 2,
           'THRESH_BINARIZE': 0.5,
           'UPSAMPLE_RATIO': 1,
           'USE_FC_OUTPUT': False,
           'WEIGHT_LOSS_MASK': 1.0},
 'NUM_GPUS': 8,
 'OUTPUT_DIR': 'Outputs',
 'PIXEL_MEANS': array([[[102.9801, 115.9465, 122.7717]]]),
 'POOLING_MODE': 'crop',
 'POOLING_SIZE': 7,
 'PYTORCH_VERSION_LESS_THAN_040': False,
 'RESNETS': {'FREEZE_AT': 2,
             'IMAGENET_PRETRAINED_WEIGHTS': 'pretrained_model/resnet50_caffe.pth',
             'NUM_GROUPS': 1,
             'RES5_DILATION': 1,
             'SHORTCUT_FUNC': 'basic_bn_shortcut',
             'STEM_FUNC': 'basic_bn_stem',
             'STRIDE_1X1': True,
             'TRANS_FUNC': 'bottleneck_transformation',
             'USE_GN': False,
             'WIDTH_PER_GROUP': 64},
 'RETINANET': {'ANCHOR_SCALE': 4,
               'ASPECT_RATIOS': (0.5, 1.0, 2.0),
               'BBOX_REG_BETA': 0.11,
               'BBOX_REG_WEIGHT': 1.0,
               'CLASS_SPECIFIC_BBOX': False,
               'INFERENCE_TH': 0.05,
               'LOSS_ALPHA': 0.25,
               'LOSS_GAMMA': 2.0,
               'NEGATIVE_OVERLAP': 0.4,
               'NUM_CONVS': 4,
               'POSITIVE_OVERLAP': 0.5,
               'PRE_NMS_TOP_N': 1000,
               'PRIOR_PROB': 0.01,
               'RETINANET_ON': False,
               'SCALES_PER_OCTAVE': 3,
               'SHARE_CLS_BBOX_TOWER': False,
               'SOFTMAX': False},
 'RFCN': {'PS_GRID_SIZE': 3},
 'RNG_SEED': 3,
 'ROOT_DIR': '/home/ubuntu/vdp-tool-chain/clevr_inference/scene_parse/mask_rcnn',
 'RPN': {'ASPECT_RATIOS': (0.5, 1, 2),
         'CLS_ACTIVATION': 'sigmoid',
         'OUT_DIM': 512,
         'OUT_DIM_AS_IN_DIM': True,
         'RPN_ON': True,
         'SIZES': (64, 128, 256, 512),
         'STRIDE': 16},
 'SOLVER': {'BASE_LR': 0.02,
            'BIAS_DOUBLE_LR': True,
            'BIAS_WEIGHT_DECAY': False,
            'GAMMA': 0.1,
            'LOG_LR_CHANGE_THRESHOLD': 1.1,
            'LRS': [],
            'LR_POLICY': 'steps_with_decay',
            'MAX_ITER': 30000,
            'MOMENTUM': 0.9,
            'SCALE_MOMENTUM': True,
            'SCALE_MOMENTUM_THRESHOLD': 1.1,
            'STEPS': [0, 20000, 26000],
            'STEP_SIZE': 30000,
            'TYPE': 'SGD',
            'WARM_UP_FACTOR': 0.3333333333333333,
            'WARM_UP_ITERS': 500,
            'WARM_UP_METHOD': 'linear',
            'WEIGHT_DECAY': 0.0001,
            'WEIGHT_DECAY_GN': 0.0},
 'TEST': {'BBOX_AUG': {'AREA_TH_HI': 32400,
                       'AREA_TH_LO': 2500,
                       'ASPECT_RATIOS': (),
                       'ASPECT_RATIO_H_FLIP': False,
                       'COORD_HEUR': 'UNION',
                       'ENABLED': False,
                       'H_FLIP': False,
                       'MAX_SIZE': 4000,
                       'SCALES': (),
                       'SCALE_H_FLIP': False,
                       'SCALE_SIZE_DEP': False,
                       'SCORE_HEUR': 'UNION'},
          'BBOX_REG': True,
          'BBOX_VOTE': {'ENABLED': False,
                        'SCORING_METHOD': 'ID',
                        'SCORING_METHOD_BETA': 1.0,
                        'VOTE_TH': 0.8},
          'COMPETITION_MODE': True,
          'DATASETS': ('custom(data/clevr-cleaned-puzzles/alternate-color/render/images, '
                       'data/clevr-cleaned-puzzles/alternate-color/render/summary.json)',),
          'DETECTIONS_PER_IM': 100,
          'FORCE_JSON_DATASET_EVAL': False,
          'KPS_AUG': {'AREA_TH': 32400,
                      'ASPECT_RATIOS': (),
                      'ASPECT_RATIO_H_FLIP': False,
                      'ENABLED': False,
                      'HEUR': 'HM_AVG',
                      'H_FLIP': False,
                      'MAX_SIZE': 4000,
                      'SCALES': (),
                      'SCALE_H_FLIP': False,
                      'SCALE_SIZE_DEP': False},
          'MASK_AUG': {'AREA_TH': 32400,
                       'ASPECT_RATIOS': (),
                       'ASPECT_RATIO_H_FLIP': False,
                       'ENABLED': False,
                       'HEUR': 'SOFT_AVG',
                       'H_FLIP': False,
                       'MAX_SIZE': 4000,
                       'SCALES': (),
                       'SCALE_H_FLIP': False,
                       'SCALE_SIZE_DEP': False},
          'MAX_SIZE': 1333,
          'NMS': 0.5,
          'PRECOMPUTED_PROPOSALS': False,
          'PROPOSAL_FILES': (),
          'PROPOSAL_LIMIT': 2000,
          'RPN_MIN_SIZE': 0,
          'RPN_NMS_THRESH': 0.7,
          'RPN_POST_NMS_TOP_N': 1000,
          'RPN_PRE_NMS_TOP_N': 1000,
          'SCALE': 800,
          'SCORE_THRESH': 0.05,
          'SOFT_NMS': {'ENABLED': False, 'METHOD': 'linear', 'SIGMA': 0.5}},
 'TRAIN': {'ASPECT_CROPPING': False,
           'ASPECT_GROUPING': True,
           'ASPECT_HI': 2,
           'ASPECT_LO': 0.5,
           'BATCH_SIZE_PER_IM': 512,
           'BBOX_INSIDE_WEIGHTS': (1.0, 1.0, 1.0, 1.0),
           'BBOX_NORMALIZE_MEANS': (0.0, 0.0, 0.0, 0.0),
           'BBOX_NORMALIZE_STDS': (0.1, 0.1, 0.2, 0.2),
           'BBOX_NORMALIZE_TARGETS': True,
           'BBOX_NORMALIZE_TARGETS_PRECOMPUTED': False,
           'BBOX_THRESH': 0.5,
           'BG_THRESH_HI': 0.5,
           'BG_THRESH_LO': 0.0,
           'CROWD_FILTER_THRESH': 0.7,
           'DATASETS': (),
           'FG_FRACTION': 0.25,
           'FG_THRESH': 0.5,
           'FREEZE_CONV_BODY': False,
           'GT_MIN_AREA': -1,
           'IMS_PER_BATCH': 2,
           'MAX_SIZE': 1333,
           'PROPOSAL_FILES': (),
           'RPN_BATCH_SIZE_PER_IM': 256,
           'RPN_FG_FRACTION': 0.5,
           'RPN_MIN_SIZE': 0,
           'RPN_NEGATIVE_OVERLAP': 0.3,
           'RPN_NMS_THRESH': 0.7,
           'RPN_POSITIVE_OVERLAP': 0.7,
           'RPN_POST_NMS_TOP_N': 2000,
           'RPN_PRE_NMS_TOP_N': 2000,
           'RPN_STRADDLE_THRESH': 0,
           'SCALES': (800,),
           'SNAPSHOT_ITERS': 20000,
           'USE_FLIPPED': False},
 'VIS': False,
 'VIS_TH': 0.9}
INFO test_engine.py: 352: loading checkpoint /home/ubuntu/vdp-tool-chain/data/ns-vqa-data/pretrained/object_detector.pt
INFO test_engine.py: 286: im_detect: range [1, 6] of 6: 1/6 1.114s + 0.003s (eta: 0:00:05)
INFO test_engine.py: 336: Wrote detections to: /home/ubuntu/vdp-tool-chain/data/clevr-cleaned-puzzles/alternate-color/infer/mask_rcnn/detections.pkl
INFO test_engine.py: 164: Total inference time: 5.626s


| processing proposals 1 / 6 images
| processing proposals 2 / 6 images
| processing proposals 3 / 6 images
| processing proposals 4 / 6 images
| processing proposals 5 / 6 images
| processing proposals 6 / 6 images
| saving object annotations to data/clevr-cleaned-puzzles/alternate-color/infer/attrnet/predictions.json


| options
run_dir: data/clevr-cleaned-puzzles/alternate-color/solver_ir
dataset: clevr
load_checkpoint_path: /home/ubuntu/vdp-tool-chain/data/ns-vqa-data/pretrained/attribute_net.pt
gpu_ids: [0]
clevr_mini_img_dir: /home/ubuntu/vdp-tool-chain/data/ns-vqa-data/raw/CLEVR_mini/images
clevr_mini_ann_path: /home/ubuntu/vdp-tool-chain/data/ns-vqa-data/attr_net/objects/clevr_mini_objs.json
concat_img: 1
split_id: 3500
batch_size: 50
num_workers: 4
learning_rate: 0.002
split: val
output_path: data/clevr-cleaned-puzzles/alternate-color/solver_ir/results.json
clevr_val_ann_path: data/clevr-cleaned-puzzles/alternate-color/infer/attrnet/predictions.json
clevr_val_img_dir: /home/ubuntu/vdp-tool-chain/data/ns-vqa-data/raw/CLEVR_v1.0/images/val
shuffle_data: 0
use_cat_label: 1
name: alternate-color
| loading checkpoint from /home/ubuntu/vdp-tool-chain/data/ns-vqa-data/pretrained/attribute_net.pt
clevr_object.py: CLEVR_val_000000.png val 0 0
clevr_object.py: CLEVR_val_000000.png val 0 1
clevr_object.py: CLEVR_val_000001.png val 1 2
clevr_object.py: CLEVR_val_000001.png val 1 3
clevr_object.py: CLEVR_val_000002.png val 2 4
clevr_object.py: CLEVR_val_000002.png val 2 5
clevr_object.py: CLEVR_val_000002.png val 2 6
clevr_object.py: CLEVR_val_000002.png val 2 7
clevr_object.py: CLEVR_val_000003.png val 3 8
clevr_object.py: CLEVR_val_000003.png val 3 9
clevr_object.py: CLEVR_val_000003.png val 3 10
clevr_object.py: CLEVR_val_000003.png val 3 11
clevr_object.py: CLEVR_val_000004.png val 4 12
clevr_object.py: CLEVR_val_000004.png val 4 13
clevr_object.py: CLEVR_val_000005.png val 5 14
clevr_object.py: CLEVR_val_000005.png val 5 15
clevr_object.py: CLEVR_val_000005.png val 5 16
clevr_object.py: CLEVR_val_000005.png val 5 17
18 / 18 objects processed
| saving annotation file to data/clevr-cleaned-puzzles/alternate-color/solver_ir/results.json


0.json in test
THRESHOLD relate_behind objs = {'id': '0-0', 'position': [1.3635443449020386, 0.1723945140838623, 0.36264684796333313], 'color': 'green', 'material': 'rubber', 'shape': 'sphere', 'size': 'small'}, {'id': '0-1', 'position': [-1.3988192081451416, -0.08539247512817383, 0.35806822776794434], 'color': 'red', 'material': 'rubber', 'shape': 'sphere', 'size': 'small'}
THRESHOLD relate_front objs = {'id': '0-1', 'position': [-1.3988192081451416, -0.08539247512817383, 0.35806822776794434], 'color': 'red', 'material': 'rubber', 'shape': 'sphere', 'size': 'small'}, {'id': '0-0', 'position': [1.3635443449020386, 0.1723945140838623, 0.36264684796333313], 'color': 'green', 'material': 'rubber', 'shape': 'sphere', 'size': 'small'}
1.json in test
THRESHOLD relate_front objs = {'id': '1-0', 'position': [-2.797712802886963, -0.16866031289100647, 0.35291558504104614], 'color': 'green', 'material': 'rubber', 'shape': 'sphere', 'size': 'small'}, {'id': '1-1', 'position': [-0.00853649526834488, 0.05598755180835724, 0.35518309473991394], 'color': 'red', 'material': 'rubber', 'shape': 'sphere', 'size': 'small'}
THRESHOLD relate_behind objs = {'id': '1-1', 'position': [-0.00853649526834488, 0.05598755180835724, 0.35518309473991394], 'color': 'red', 'material': 'rubber', 'shape': 'sphere', 'size': 'small'}, {'id': '1-0', 'position': [-2.797712802886963, -0.16866031289100647, 0.35291558504104614], 'color': 'green', 'material': 'rubber', 'shape': 'sphere', 'size': 'small'}
2.json in test
THRESHOLD relate_behind objs = {'id': '2-0', 'position': [-1.3915894031524658, -0.044238265603780746, 0.3655305504798889], 'color': 'green', 'material': 'rubber', 'shape': 'cube', 'size': 'small'}, {'id': '2-2', 'position': [-2.8734147548675537, -0.1259661316871643, 0.3603450655937195], 'color': 'red', 'material': 'rubber', 'shape': 'cube', 'size': 'small'}
THRESHOLD relate_front objs = {'id': '2-0', 'position': [-1.3915894031524658, -0.044238265603780746, 0.3655305504798889], 'color': 'green', 'material': 'rubber', 'shape': 'cube', 'size': 'small'}, {'id': '2-1', 'position': [1.3881444931030273, 0.13218030333518982, 0.35976719856262207], 'color': 'green', 'material': 'rubber', 'shape': 'cube', 'size': 'small'}
THRESHOLD relate_front objs = {'id': '2-0', 'position': [-1.3915894031524658, -0.044238265603780746, 0.3655305504798889], 'color': 'green', 'material': 'rubber', 'shape': 'cube', 'size': 'small'}, {'id': '2-3', 'position': [0.024782806634902954, 0.12394560128450394, 0.3548143208026886], 'color': 'red', 'material': 'rubber', 'shape': 'cube', 'size': 'small'}
THRESHOLD relate_behind objs = {'id': '2-1', 'position': [1.3881444931030273, 0.13218030333518982, 0.35976719856262207], 'color': 'green', 'material': 'rubber', 'shape': 'cube', 'size': 'small'}, {'id': '2-0', 'position': [-1.3915894031524658, -0.044238265603780746, 0.3655305504798889], 'color': 'green', 'material': 'rubber', 'shape': 'cube', 'size': 'small'}
THRESHOLD relate_behind objs = {'id': '2-1', 'position': [1.3881444931030273, 0.13218030333518982, 0.35976719856262207], 'color': 'green', 'material': 'rubber', 'shape': 'cube', 'size': 'small'}, {'id': '2-2', 'position': [-2.8734147548675537, -0.1259661316871643, 0.3603450655937195], 'color': 'red', 'material': 'rubber', 'shape': 'cube', 'size': 'small'}
THRESHOLD relate_behind objs = {'id': '2-1', 'position': [1.3881444931030273, 0.13218030333518982, 0.35976719856262207], 'color': 'green', 'material': 'rubber', 'shape': 'cube', 'size': 'small'}, {'id': '2-3', 'position': [0.024782806634902954, 0.12394560128450394, 0.3548143208026886], 'color': 'red', 'material': 'rubber', 'shape': 'cube', 'size': 'small'}
THRESHOLD relate_front objs = {'id': '2-2', 'position': [-2.8734147548675537, -0.1259661316871643, 0.3603450655937195], 'color': 'red', 'material': 'rubber', 'shape': 'cube', 'size': 'small'}, {'id': '2-0', 'position': [-1.3915894031524658, -0.044238265603780746, 0.3655305504798889], 'color': 'green', 'material': 'rubber', 'shape': 'cube', 'size': 'small'}
THRESHOLD relate_front objs = {'id': '2-2', 'position': [-2.8734147548675537, -0.1259661316871643, 0.3603450655937195], 'color': 'red', 'material': 'rubber', 'shape': 'cube', 'size': 'small'}, {'id': '2-1', 'position': [1.3881444931030273, 0.13218030333518982, 0.35976719856262207], 'color': 'green', 'material': 'rubber', 'shape': 'cube', 'size': 'small'}
THRESHOLD relate_front objs = {'id': '2-2', 'position': [-2.8734147548675537, -0.1259661316871643, 0.3603450655937195], 'color': 'red', 'material': 'rubber', 'shape': 'cube', 'size': 'small'}, {'id': '2-3', 'position': [0.024782806634902954, 0.12394560128450394, 0.3548143208026886], 'color': 'red', 'material': 'rubber', 'shape': 'cube', 'size': 'small'}
THRESHOLD relate_behind objs = {'id': '2-3', 'position': [0.024782806634902954, 0.12394560128450394, 0.3548143208026886], 'color': 'red', 'material': 'rubber', 'shape': 'cube', 'size': 'small'}, {'id': '2-0', 'position': [-1.3915894031524658, -0.044238265603780746, 0.3655305504798889], 'color': 'green', 'material': 'rubber', 'shape': 'cube', 'size': 'small'}
THRESHOLD relate_behind objs = {'id': '2-3', 'position': [0.024782806634902954, 0.12394560128450394, 0.3548143208026886], 'color': 'red', 'material': 'rubber', 'shape': 'cube', 'size': 'small'}, {'id': '2-2', 'position': [-2.8734147548675537, -0.1259661316871643, 0.3603450655937195], 'color': 'red', 'material': 'rubber', 'shape': 'cube', 'size': 'small'}
THRESHOLD relate_front objs = {'id': '2-3', 'position': [0.024782806634902954, 0.12394560128450394, 0.3548143208026886], 'color': 'red', 'material': 'rubber', 'shape': 'cube', 'size': 'small'}, {'id': '2-1', 'position': [1.3881444931030273, 0.13218030333518982, 0.35976719856262207], 'color': 'green', 'material': 'rubber', 'shape': 'cube', 'size': 'small'}
3.json in train
THRESHOLD relate_behind objs = {'id': '3-0', 'position': [2.780700445175171, 0.10170919448137283, 0.695283830165863], 'color': 'green', 'material': 'rubber', 'shape': 'sphere', 'size': 'large'}, {'id': '3-1', 'position': [-1.3825477361679077, -0.18941274285316467, 0.6814581751823425], 'color': 'green', 'material': 'rubber', 'shape': 'sphere', 'size': 'large'}
THRESHOLD relate_behind objs = {'id': '3-0', 'position': [2.780700445175171, 0.10170919448137283, 0.695283830165863], 'color': 'green', 'material': 'rubber', 'shape': 'sphere', 'size': 'large'}, {'id': '3-2', 'position': [-2.8673007488250732, -0.1706250011920929, 0.36353805661201477], 'color': 'red', 'material': 'rubber', 'shape': 'sphere', 'size': 'small'}
THRESHOLD relate_front objs = {'id': '3-0', 'position': [2.780700445175171, 0.10170919448137283, 0.695283830165863], 'color': 'green', 'material': 'rubber', 'shape': 'sphere', 'size': 'large'}, {'id': '3-3', 'position': [0.7124170660972595, 0.21130794286727905, 0.3537660241127014], 'color': 'red', 'material': 'rubber', 'shape': 'sphere', 'size': 'small'}
THRESHOLD relate_front objs = {'id': '3-1', 'position': [-1.3825477361679077, -0.18941274285316467, 0.6814581751823425], 'color': 'green', 'material': 'rubber', 'shape': 'sphere', 'size': 'large'}, {'id': '3-0', 'position': [2.780700445175171, 0.10170919448137283, 0.695283830165863], 'color': 'green', 'material': 'rubber', 'shape': 'sphere', 'size': 'large'}
THRESHOLD relate_front objs = {'id': '3-1', 'position': [-1.3825477361679077, -0.18941274285316467, 0.6814581751823425], 'color': 'green', 'material': 'rubber', 'shape': 'sphere', 'size': 'large'}, {'id': '3-2', 'position': [-2.8673007488250732, -0.1706250011920929, 0.36353805661201477], 'color': 'red', 'material': 'rubber', 'shape': 'sphere', 'size': 'small'}
THRESHOLD relate_behind objs = {'id': '3-2', 'position': [-2.8673007488250732, -0.1706250011920929, 0.36353805661201477], 'color': 'red', 'material': 'rubber', 'shape': 'sphere', 'size': 'small'}, {'id': '3-1', 'position': [-1.3825477361679077, -0.18941274285316467, 0.6814581751823425], 'color': 'green', 'material': 'rubber', 'shape': 'sphere', 'size': 'large'}
THRESHOLD relate_front objs = {'id': '3-2', 'position': [-2.8673007488250732, -0.1706250011920929, 0.36353805661201477], 'color': 'red', 'material': 'rubber', 'shape': 'sphere', 'size': 'small'}, {'id': '3-0', 'position': [2.780700445175171, 0.10170919448137283, 0.695283830165863], 'color': 'green', 'material': 'rubber', 'shape': 'sphere', 'size': 'large'}
THRESHOLD relate_front objs = {'id': '3-2', 'position': [-2.8673007488250732, -0.1706250011920929, 0.36353805661201477], 'color': 'red', 'material': 'rubber', 'shape': 'sphere', 'size': 'small'}, {'id': '3-3', 'position': [0.7124170660972595, 0.21130794286727905, 0.3537660241127014], 'color': 'red', 'material': 'rubber', 'shape': 'sphere', 'size': 'small'}
THRESHOLD relate_behind objs = {'id': '3-3', 'position': [0.7124170660972595, 0.21130794286727905, 0.3537660241127014], 'color': 'red', 'material': 'rubber', 'shape': 'sphere', 'size': 'small'}, {'id': '3-0', 'position': [2.780700445175171, 0.10170919448137283, 0.695283830165863], 'color': 'green', 'material': 'rubber', 'shape': 'sphere', 'size': 'large'}
THRESHOLD relate_behind objs = {'id': '3-3', 'position': [0.7124170660972595, 0.21130794286727905, 0.3537660241127014], 'color': 'red', 'material': 'rubber', 'shape': 'sphere', 'size': 'small'}, {'id': '3-2', 'position': [-2.8673007488250732, -0.1706250011920929, 0.36353805661201477], 'color': 'red', 'material': 'rubber', 'shape': 'sphere', 'size': 'small'}
4.json in train
THRESHOLD relate_behind objs = {'id': '4-0', 'position': [1.322234869003296, 0.1349518597126007, 0.3601870834827423], 'color': 'green', 'material': 'rubber', 'shape': 'sphere', 'size': 'small'}, {'id': '4-1', 'position': [-1.3401483297348022, -0.19892093539237976, 0.6822420358657837], 'color': 'red', 'material': 'metal', 'shape': 'sphere', 'size': 'large'}
THRESHOLD relate_front objs = {'id': '4-1', 'position': [-1.3401483297348022, -0.19892093539237976, 0.6822420358657837], 'color': 'red', 'material': 'metal', 'shape': 'sphere', 'size': 'large'}, {'id': '4-0', 'position': [1.322234869003296, 0.1349518597126007, 0.3601870834827423], 'color': 'green', 'material': 'rubber', 'shape': 'sphere', 'size': 'small'}
5.json in train
THRESHOLD relate_behind objs = {'id': '5-0', 'position': [-0.014441773295402527, 0.014661546796560287, 0.3534637689590454], 'color': 'green', 'material': 'metal', 'shape': 'sphere', 'size': 'small'}, {'id': '5-2', 'position': [-1.3959579467773438, -0.08957144618034363, 0.3577929139137268], 'color': 'red', 'material': 'metal', 'shape': 'sphere', 'size': 'small'}
THRESHOLD relate_front objs = {'id': '5-0', 'position': [-0.014441773295402527, 0.014661546796560287, 0.3534637689590454], 'color': 'green', 'material': 'metal', 'shape': 'sphere', 'size': 'small'}, {'id': '5-1', 'position': [2.7700886726379395, 0.37619253993034363, 0.3649696111679077], 'color': 'green', 'material': 'metal', 'shape': 'sphere', 'size': 'small'}
THRESHOLD relate_front objs = {'id': '5-0', 'position': [-0.014441773295402527, 0.014661546796560287, 0.3534637689590454], 'color': 'green', 'material': 'metal', 'shape': 'sphere', 'size': 'small'}, {'id': '5-3', 'position': [1.3534809350967407, 0.15966981649398804, 0.36273643374443054], 'color': 'red', 'material': 'metal', 'shape': 'sphere', 'size': 'small'}
THRESHOLD relate_behind objs = {'id': '5-1', 'position': [2.7700886726379395, 0.37619253993034363, 0.3649696111679077], 'color': 'green', 'material': 'metal', 'shape': 'sphere', 'size': 'small'}, {'id': '5-0', 'position': [-0.014441773295402527, 0.014661546796560287, 0.3534637689590454], 'color': 'green', 'material': 'metal', 'shape': 'sphere', 'size': 'small'}
THRESHOLD relate_behind objs = {'id': '5-1', 'position': [2.7700886726379395, 0.37619253993034363, 0.3649696111679077], 'color': 'green', 'material': 'metal', 'shape': 'sphere', 'size': 'small'}, {'id': '5-3', 'position': [1.3534809350967407, 0.15966981649398804, 0.36273643374443054], 'color': 'red', 'material': 'metal', 'shape': 'sphere', 'size': 'small'}
THRESHOLD relate_front objs = {'id': '5-2', 'position': [-1.3959579467773438, -0.08957144618034363, 0.3577929139137268], 'color': 'red', 'material': 'metal', 'shape': 'sphere', 'size': 'small'}, {'id': '5-0', 'position': [-0.014441773295402527, 0.014661546796560287, 0.3534637689590454], 'color': 'green', 'material': 'metal', 'shape': 'sphere', 'size': 'small'}
THRESHOLD relate_front objs = {'id': '5-2', 'position': [-1.3959579467773438, -0.08957144618034363, 0.3577929139137268], 'color': 'red', 'material': 'metal', 'shape': 'sphere', 'size': 'small'}, {'id': '5-3', 'position': [1.3534809350967407, 0.15966981649398804, 0.36273643374443054], 'color': 'red', 'material': 'metal', 'shape': 'sphere', 'size': 'small'}
THRESHOLD relate_behind objs = {'id': '5-3', 'position': [1.3534809350967407, 0.15966981649398804, 0.36273643374443054], 'color': 'red', 'material': 'metal', 'shape': 'sphere', 'size': 'small'}, {'id': '5-0', 'position': [-0.014441773295402527, 0.014661546796560287, 0.3534637689590454], 'color': 'green', 'material': 'metal', 'shape': 'sphere', 'size': 'small'}
THRESHOLD relate_behind objs = {'id': '5-3', 'position': [1.3534809350967407, 0.15966981649398804, 0.36273643374443054], 'color': 'red', 'material': 'metal', 'shape': 'sphere', 'size': 'small'}, {'id': '5-2', 'position': [-1.3959579467773438, -0.08957144618034363, 0.3577929139137268], 'color': 'red', 'material': 'metal', 'shape': 'sphere', 'size': 'small'}
THRESHOLD relate_front objs = {'id': '5-3', 'position': [1.3534809350967407, 0.15966981649398804, 0.36273643374443054], 'color': 'red', 'material': 'metal', 'shape': 'sphere', 'size': 'small'}, {'id': '5-1', 'position': [2.7700886726379395, 0.37619253993034363, 0.3649696111679077], 'color': 'green', 'material': 'metal', 'shape': 'sphere', 'size': 'small'}
