Started Logging. 2022-07-09 10:34:06.911214

found bundled python: /home/ubuntu/vdp/data/blender-2.78c-linux-glibc219-x86_64/2.78/python
read blend: /home/ubuntu/vdp/data/clevr_scene_data/base_scene.blend
convertViewVec: called in an invalid context
convertViewVec: called in an invalid context
convertViewVec: called in an invalid context
convertViewVec: called in an invalid context
Fra:1 Mem:21.63M (0.00M, Peak 21.63M) | Time:00:00.00 | Preparing Scene data
Fra:1 Mem:33.73M (0.00M, Peak 34.71M) | Time:00:00.02 | Preparing Scene data
Fra:1 Mem:33.73M (0.00M, Peak 34.71M) | Time:00:00.02 | Creating Shadowbuffers
Fra:1 Mem:33.73M (0.00M, Peak 34.71M) | Time:00:00.02 | Raytree.. preparing
Fra:1 Mem:47.10M (0.00M, Peak 47.10M) | Time:00:00.03 | Raytree.. building
Fra:1 Mem:46.38M (0.00M, Peak 67.25M) | Time:00:00.25 | Raytree finished
Fra:1 Mem:46.38M (0.00M, Peak 67.25M) | Time:00:00.25 | Creating Environment maps
Fra:1 Mem:46.38M (0.00M, Peak 67.25M) | Time:00:00.25 | Caching Point Densities
Fra:1 Mem:46.38M (0.00M, Peak 67.25M) | Time:00:00.25 | Sce: Scene Ve:101384 Fa:97403 La:1
Fra:1 Mem:46.38M (0.00M, Peak 67.25M) | Time:00:00.25 | Loading voxel datasets
Fra:1 Mem:46.38M (0.00M, Peak 67.25M) | Time:00:00.25 | Sce: Scene Ve:101384 Fa:97403 La:1
Fra:1 Mem:46.38M (0.00M, Peak 67.25M) | Time:00:00.25 | Sce: Scene Ve:101384 Fa:97403 La:1
Fra:1 Mem:46.38M (0.00M, Peak 67.25M) | Time:00:00.25 | Volume preprocessing
Fra:1 Mem:46.38M (0.00M, Peak 67.25M) | Time:00:00.25 | Sce: Scene Ve:101384 Fa:97403 La:1
Fra:1 Mem:46.38M (0.00M, Peak 67.25M) | Time:00:00.25 | Sce: Scene Ve:101384 Fa:97403 La:1
Fra:1 Mem:50.72M (0.00M, Peak 67.25M) | Time:00:00.25 | Scene, Part 4-4
Fra:1 Mem:50.45M (0.00M, Peak 67.25M) | Time:00:00.25 | Scene, Part 3-4
Fra:1 Mem:49.38M (0.00M, Peak 67.25M) | Time:00:00.27 | Scene, Part 1-4
Fra:1 Mem:47.48M (0.00M, Peak 67.25M) | Time:00:00.28 | Scene, Part 2-4
Fra:1 Mem:21.48M (0.00M, Peak 67.25M) | Time:00:00.28 | Sce: Scene Ve:101384 Fa:97403 La:1
Saved: '/tmp/tmpx1pew8jt.png'
 Time: 00:00.32 (Saving: 00:00.04)

Fra:1 Mem:21.52M (0.00M, Peak 22.11M) | Time:00:00.04 | Mem:0.00M, Peak:0.00M | Scene, RenderLayer | Synchronizing object | Area
Fra:1 Mem:21.52M (0.00M, Peak 22.11M) | Time:00:00.04 | Mem:0.00M, Peak:0.00M | Scene, RenderLayer | Synchronizing object | Ground
Fra:1 Mem:21.59M (0.00M, Peak 22.11M) | Time:00:00.04 | Mem:0.00M, Peak:0.00M | Scene, RenderLayer | Synchronizing object | Empty
Fra:1 Mem:21.59M (0.00M, Peak 22.11M) | Time:00:00.04 | Mem:0.00M, Peak:0.00M | Scene, RenderLayer | Synchronizing object | Lamp_Back
Fra:1 Mem:21.59M (0.00M, Peak 22.11M) | Time:00:00.04 | Mem:0.00M, Peak:0.00M | Scene, RenderLayer | Synchronizing object | Lamp_Fill
Fra:1 Mem:21.59M (0.00M, Peak 22.11M) | Time:00:00.04 | Mem:0.00M, Peak:0.00M | Scene, RenderLayer | Synchronizing object | Lamp_Key
Fra:1 Mem:21.59M (0.00M, Peak 22.11M) | Time:00:00.04 | Mem:0.00M, Peak:0.00M | Scene, RenderLayer | Synchronizing object | Camera
Fra:1 Mem:21.59M (0.00M, Peak 22.11M) | Time:00:00.04 | Mem:0.00M, Peak:0.00M | Scene, RenderLayer | Synchronizing object | SmoothCylinder_0
Fra:1 Mem:24.37M (0.00M, Peak 27.59M) | Time:00:00.05 | Mem:0.00M, Peak:0.00M | Scene, RenderLayer | Synchronizing object | Sphere_0
Fra:1 Mem:25.86M (0.00M, Peak 27.59M) | Time:00:00.06 | Mem:0.00M, Peak:0.00M | Scene, RenderLayer | Synchronizing object | SmoothCylinder_1
Fra:1 Mem:28.64M (0.00M, Peak 31.86M) | Time:00:00.07 | Mem:0.00M, Peak:0.00M | Scene, RenderLayer | Synchronizing object | Sphere_1
Fra:1 Mem:30.14M (0.00M, Peak 31.86M) | Time:00:00.07 | Mem:0.00M, Peak:0.00M | Scene, RenderLayer | Initializing
Fra:1 Mem:30.14M (0.00M, Peak 31.86M) | Time:00:00.07 | Mem:0.00M, Peak:0.00M | Scene, RenderLayer | Loading render kernels (may take a few minutes the first time)
Fra:1 Mem:30.14M (0.00M, Peak 32.84M) | Time:00:00.09 | Mem:0.00M, Peak:0.00M | Scene, RenderLayer | Waiting for render to start
Fra:1 Mem:30.14M (0.00M, Peak 32.84M) | Time:00:00.09 | Mem:0.00M, Peak:0.00M | Scene, RenderLayer | Updating Scene
Fra:1 Mem:30.14M (0.00M, Peak 32.84M) | Time:00:00.09 | Mem:0.00M, Peak:0.00M | Scene, RenderLayer | Updating Shaders
Fra:1 Mem:30.64M (0.00M, Peak 32.84M) | Time:00:00.17 | Mem:0.00M, Peak:0.00M | Scene, RenderLayer | Updating Background
Fra:1 Mem:30.64M (0.00M, Peak 32.84M) | Time:00:00.17 | Mem:0.00M, Peak:0.00M | Scene, RenderLayer | Updating Camera
Fra:1 Mem:30.64M (0.00M, Peak 32.84M) | Time:00:00.17 | Mem:0.00M, Peak:0.00M | Scene, RenderLayer | Updating Meshes Flags
Fra:1 Mem:30.64M (0.00M, Peak 32.84M) | Time:00:00.17 | Mem:0.00M, Peak:0.00M | Scene, RenderLayer | Updating Objects
Fra:1 Mem:30.64M (0.00M, Peak 32.84M) | Time:00:00.17 | Mem:0.00M, Peak:0.00M | Scene, RenderLayer | Updating Objects | Copying Transformations to device
Fra:1 Mem:30.64M (0.00M, Peak 32.84M) | Time:00:00.17 | Mem:0.00M, Peak:0.00M | Scene, RenderLayer | Updating Objects | Applying Static Transformations
Fra:1 Mem:30.64M (0.00M, Peak 32.84M) | Time:00:00.17 | Mem:0.00M, Peak:0.00M | Scene, RenderLayer | Updating Meshes
Fra:1 Mem:33.62M (0.00M, Peak 33.62M) | Time:00:00.18 | Mem:0.00M, Peak:0.00M | Scene, RenderLayer | Updating Mesh | Computing attributes
Fra:1 Mem:34.09M (0.00M, Peak 34.09M) | Time:00:00.18 | Mem:0.00M, Peak:0.00M | Scene, RenderLayer | Updating Mesh | Copying Attributes to device
Fra:1 Mem:34.09M (0.00M, Peak 34.56M) | Time:00:00.18 | Mem:0.47M, Peak:0.47M | Scene, RenderLayer | Updating Scene BVH | Building
Fra:1 Mem:34.09M (0.00M, Peak 34.56M) | Time:00:00.18 | Mem:0.47M, Peak:0.47M | Scene, RenderLayer | Updating Scene BVH | Building BVH
Fra:1 Mem:45.25M (0.00M, Peak 45.25M) | Time:00:00.31 | Mem:0.47M, Peak:0.47M | Scene, RenderLayer | Updating Scene BVH | Packing BVH triangles and strands
Fra:1 Mem:55.67M (0.00M, Peak 55.67M) | Time:00:00.32 | Mem:0.47M, Peak:0.47M | Scene, RenderLayer | Updating Scene BVH | Packing BVH nodes
Fra:1 Mem:49.87M (0.00M, Peak 58.80M) | Time:00:00.33 | Mem:0.47M, Peak:0.47M | Scene, RenderLayer | Updating Scene BVH | Copying BVH to device
Fra:1 Mem:50.61M (0.00M, Peak 58.80M) | Time:00:00.34 | Mem:16.25M, Peak:16.25M | Scene, RenderLayer | Updating Mesh | Computing normals
Fra:1 Mem:57.42M (0.00M, Peak 58.80M) | Time:00:00.34 | Mem:16.25M, Peak:16.25M | Scene, RenderLayer | Updating Mesh | Copying Mesh to device
Fra:1 Mem:56.68M (0.00M, Peak 58.80M) | Time:00:00.35 | Mem:23.06M, Peak:23.06M | Scene, RenderLayer | Updating Objects Flags
Fra:1 Mem:56.68M (0.00M, Peak 58.80M) | Time:00:00.35 | Mem:23.06M, Peak:23.06M | Scene, RenderLayer | Updating Images
Fra:1 Mem:56.68M (0.00M, Peak 58.80M) | Time:00:00.35 | Mem:23.06M, Peak:23.06M | Scene, RenderLayer | Updating Camera Volume
Fra:1 Mem:56.68M (0.00M, Peak 58.80M) | Time:00:00.35 | Mem:23.06M, Peak:23.06M | Scene, RenderLayer | Updating Hair Systems
Fra:1 Mem:56.68M (0.00M, Peak 58.80M) | Time:00:00.35 | Mem:23.06M, Peak:23.06M | Scene, RenderLayer | Updating Hair settings | Copying Hair settings to device
Fra:1 Mem:56.68M (0.00M, Peak 58.80M) | Time:00:00.35 | Mem:23.06M, Peak:23.06M | Scene, RenderLayer | Updating Lookup Tables
Fra:1 Mem:56.68M (0.00M, Peak 58.80M) | Time:00:00.35 | Mem:23.31M, Peak:23.31M | Scene, RenderLayer | Updating Lights
Fra:1 Mem:56.68M (0.00M, Peak 58.80M) | Time:00:00.35 | Mem:23.31M, Peak:23.31M | Scene, RenderLayer | Updating Lights | Computing distribution
Fra:1 Mem:56.68M (0.00M, Peak 58.80M) | Time:00:00.35 | Mem:23.31M, Peak:23.31M | Scene, RenderLayer | Updating Particle Systems
Fra:1 Mem:56.68M (0.00M, Peak 58.80M) | Time:00:00.35 | Mem:23.31M, Peak:23.31M | Scene, RenderLayer | Updating Particle Systems | Copying Particles to device
Fra:1 Mem:56.68M (0.00M, Peak 58.80M) | Time:00:00.35 | Mem:23.31M, Peak:23.31M | Scene, RenderLayer | Updating Integrator
Fra:1 Mem:56.72M (0.00M, Peak 58.80M) | Time:00:00.35 | Mem:23.35M, Peak:23.35M | Scene, RenderLayer | Updating Film
Fra:1 Mem:56.72M (0.00M, Peak 58.80M) | Time:00:00.35 | Mem:23.35M, Peak:23.35M | Scene, RenderLayer | Updating Lookup Tables
Fra:1 Mem:56.72M (0.00M, Peak 58.80M) | Time:00:00.35 | Mem:23.36M, Peak:23.36M | Scene, RenderLayer | Updating Baking
Fra:1 Mem:56.72M (0.00M, Peak 58.80M) | Time:00:00.35 | Mem:23.36M, Peak:23.36M | Scene, RenderLayer | Updating Device | Writing constant memory
Fra:1 Mem:56.72M (0.00M, Peak 58.80M) | Time:00:00.35 | Mem:23.36M, Peak:23.36M | Scene, RenderLayer | Path Tracing Tile 0/4, Sample 0/512
Fra:1 Mem:58.97M (0.00M, Peak 60.22M) | Time:00:00.35 | Mem:25.61M, Peak:25.61M | Scene, RenderLayer | Path Tracing Tile 1/4, Sample 0/512
Fra:1 Mem:58.97M (0.00M, Peak 61.22M) | Time:00:01.36 | Remaining:00:11.49 | Mem:25.61M, Peak:25.61M | Scene, RenderLayer | Path Tracing Tile 1/4, Sample 97/512
Fra:1 Mem:58.97M (0.00M, Peak 61.22M) | Time:00:02.37 | Remaining:00:10.46 | Mem:25.61M, Peak:25.61M | Scene, RenderLayer | Path Tracing Tile 1/4, Sample 194/512
Fra:1 Mem:58.97M (0.00M, Peak 61.22M) | Time:00:03.37 | Remaining:00:09.45 | Mem:25.61M, Peak:25.61M | Scene, RenderLayer | Path Tracing Tile 1/4, Sample 291/512
Fra:1 Mem:58.97M (0.00M, Peak 61.22M) | Time:00:04.37 | Remaining:00:08.46 | Mem:25.61M, Peak:25.61M | Scene, RenderLayer | Path Tracing Tile 1/4, Sample 387/512
Fra:1 Mem:58.97M (0.00M, Peak 61.22M) | Time:00:05.38 | Remaining:00:07.46 | Mem:25.61M, Peak:25.61M | Scene, RenderLayer | Path Tracing Tile 1/4, Sample 483/512
Fra:1 Mem:56.72M (0.00M, Peak 61.22M) | Time:00:05.68 | Remaining:00:07.17 | Mem:23.36M, Peak:25.61M | Scene, RenderLayer | Path Tracing Tile 1/4, Sample 512/512
Fra:1 Mem:58.69M (0.00M, Peak 61.22M) | Time:00:05.69 | Remaining:00:07.17 | Mem:25.32M, Peak:25.61M | Scene, RenderLayer | Path Tracing Tile 2/4, Sample 512/512
Fra:1 Mem:58.69M (0.00M, Peak 61.22M) | Time:00:06.38 | Remaining:00:06.69 | Mem:25.32M, Peak:25.61M | Scene, RenderLayer | Path Tracing Tile 2/4, Sample 65/512
Fra:1 Mem:58.69M (0.00M, Peak 61.22M) | Time:00:07.38 | Remaining:00:05.92 | Mem:25.32M, Peak:25.61M | Scene, RenderLayer | Path Tracing Tile 2/4, Sample 159/512
Fra:1 Mem:58.69M (0.00M, Peak 61.22M) | Time:00:08.38 | Remaining:00:05.11 | Mem:25.32M, Peak:25.61M | Scene, RenderLayer | Path Tracing Tile 2/4, Sample 253/512
Fra:1 Mem:58.69M (0.00M, Peak 61.22M) | Time:00:09.38 | Remaining:00:04.25 | Mem:25.32M, Peak:25.61M | Scene, RenderLayer | Path Tracing Tile 2/4, Sample 347/512
Fra:1 Mem:58.69M (0.00M, Peak 61.22M) | Time:00:10.39 | Remaining:00:03.38 | Mem:25.32M, Peak:25.61M | Scene, RenderLayer | Path Tracing Tile 2/4, Sample 441/512
Fra:1 Mem:56.72M (0.00M, Peak 61.22M) | Time:00:11.15 | Remaining:00:02.70 | Mem:23.36M, Peak:25.61M | Scene, RenderLayer | Path Tracing Tile 2/4, Sample 512/512
Fra:1 Mem:57.28M (0.00M, Peak 61.22M) | Time:00:11.15 | Remaining:00:02.70 | Mem:23.92M, Peak:25.61M | Scene, RenderLayer | Path Tracing Tile 3/4, Sample 512/512
Fra:1 Mem:57.28M (0.00M, Peak 61.22M) | Time:00:11.39 | Remaining:00:02.56 | Mem:23.92M, Peak:25.61M | Scene, RenderLayer | Path Tracing Tile 3/4, Sample 56/512
Fra:1 Mem:57.28M (0.00M, Peak 61.22M) | Time:00:12.39 | Remaining:00:01.94 | Mem:23.92M, Peak:25.61M | Scene, RenderLayer | Path Tracing Tile 3/4, Sample 294/512
Fra:1 Mem:56.72M (0.00M, Peak 61.22M) | Time:00:13.32 | Remaining:00:01.33 | Mem:23.36M, Peak:25.61M | Scene, RenderLayer | Path Tracing Tile 3/4, Sample 512/512
Fra:1 Mem:57.21M (0.00M, Peak 61.22M) | Time:00:13.32 | Remaining:00:01.33 | Mem:23.85M, Peak:25.61M | Scene, RenderLayer | Path Tracing Tile 4/4, Sample 512/512
Fra:1 Mem:57.21M (0.00M, Peak 61.22M) | Time:00:13.40 | Remaining:00:01.28 | Mem:23.85M, Peak:25.61M | Scene, RenderLayer | Path Tracing Tile 4/4, Sample 19/512
Fra:1 Mem:57.21M (0.00M, Peak 61.22M) | Time:00:14.40 | Remaining:00:00.63 | Mem:23.85M, Peak:25.61M | Scene, RenderLayer | Path Tracing Tile 4/4, Sample 274/512
Fra:1 Mem:56.72M (0.00M, Peak 61.22M) | Time:00:15.34 | Mem:23.36M, Peak:25.61M | Scene, RenderLayer | Path Tracing Tile 4/4, Sample 512/512
Fra:1 Mem:56.72M (0.00M, Peak 61.22M) | Time:00:15.34 | Mem:23.36M, Peak:25.61M | Scene, RenderLayer | Finished
Fra:1 Mem:21.76M (0.00M, Peak 61.22M) | Time:00:15.42 | Sce: Scene Ve:0 Fa:0 La:0
Saved: 'data/clevr-cleaned-variants/spy/fovariant-4/render/images/CLEVR_val_000000.png'
 Time: 00:15.46 (Saving: 00:00.03)

read blend: /home/ubuntu/vdp/data/clevr_scene_data/base_scene.blend
convertViewVec: called in an invalid context
convertViewVec: called in an invalid context
convertViewVec: called in an invalid context
convertViewVec: called in an invalid context
Fra:1 Mem:21.90M (0.00M, Peak 21.90M) | Time:00:00.00 | Preparing Scene data
Fra:1 Mem:33.99M (0.00M, Peak 36.14M) | Time:00:00.02 | Preparing Scene data
Fra:1 Mem:33.99M (0.00M, Peak 36.14M) | Time:00:00.02 | Creating Shadowbuffers
Fra:1 Mem:33.99M (0.00M, Peak 36.14M) | Time:00:00.02 | Raytree.. preparing
Fra:1 Mem:47.37M (0.00M, Peak 47.37M) | Time:00:00.03 | Raytree.. building
Fra:1 Mem:46.65M (0.00M, Peak 67.54M) | Time:00:00.25 | Raytree finished
Fra:1 Mem:46.65M (0.00M, Peak 67.54M) | Time:00:00.25 | Creating Environment maps
Fra:1 Mem:46.65M (0.00M, Peak 67.54M) | Time:00:00.25 | Caching Point Densities
Fra:1 Mem:46.65M (0.00M, Peak 67.54M) | Time:00:00.25 | Sce: Scene Ve:101384 Fa:97421 La:1
Fra:1 Mem:46.65M (0.00M, Peak 67.54M) | Time:00:00.25 | Loading voxel datasets
Fra:1 Mem:46.65M (0.00M, Peak 67.54M) | Time:00:00.25 | Sce: Scene Ve:101384 Fa:97421 La:1
Fra:1 Mem:46.65M (0.00M, Peak 67.54M) | Time:00:00.25 | Sce: Scene Ve:101384 Fa:97421 La:1
Fra:1 Mem:46.65M (0.00M, Peak 67.54M) | Time:00:00.25 | Volume preprocessing
Fra:1 Mem:46.65M (0.00M, Peak 67.54M) | Time:00:00.25 | Sce: Scene Ve:101384 Fa:97421 La:1
Fra:1 Mem:46.65M (0.00M, Peak 67.54M) | Time:00:00.25 | Sce: Scene Ve:101384 Fa:97421 La:1
Fra:1 Mem:50.99M (0.00M, Peak 67.54M) | Time:00:00.25 | Scene, Part 3-4
Fra:1 Mem:50.68M (0.00M, Peak 67.54M) | Time:00:00.25 | Scene, Part 4-4
Fra:1 Mem:49.00M (0.00M, Peak 67.54M) | Time:00:00.27 | Scene, Part 1-4
Fra:1 Mem:47.75M (0.00M, Peak 67.54M) | Time:00:00.27 | Scene, Part 2-4
Fra:1 Mem:21.75M (0.00M, Peak 67.54M) | Time:00:00.27 | Sce: Scene Ve:101384 Fa:97421 La:1
Saved: '/tmp/tmpkxrjrrfw.png'
 Time: 00:00.29 (Saving: 00:00.01)

Fra:1 Mem:21.79M (0.00M, Peak 22.38M) | Time:00:00.04 | Mem:0.00M, Peak:0.00M | Scene, RenderLayer | Synchronizing object | Area
Fra:1 Mem:21.79M (0.00M, Peak 22.38M) | Time:00:00.04 | Mem:0.00M, Peak:0.00M | Scene, RenderLayer | Synchronizing object | Ground
Fra:1 Mem:21.85M (0.00M, Peak 22.38M) | Time:00:00.04 | Mem:0.00M, Peak:0.00M | Scene, RenderLayer | Synchronizing object | Empty
Fra:1 Mem:21.85M (0.00M, Peak 22.38M) | Time:00:00.04 | Mem:0.00M, Peak:0.00M | Scene, RenderLayer | Synchronizing object | Lamp_Back
Fra:1 Mem:21.85M (0.00M, Peak 22.38M) | Time:00:00.04 | Mem:0.00M, Peak:0.00M | Scene, RenderLayer | Synchronizing object | Lamp_Fill
Fra:1 Mem:21.85M (0.00M, Peak 22.38M) | Time:00:00.04 | Mem:0.00M, Peak:0.00M | Scene, RenderLayer | Synchronizing object | Lamp_Key
Fra:1 Mem:21.85M (0.00M, Peak 22.38M) | Time:00:00.04 | Mem:0.00M, Peak:0.00M | Scene, RenderLayer | Synchronizing object | Camera
Fra:1 Mem:21.85M (0.00M, Peak 22.38M) | Time:00:00.04 | Mem:0.00M, Peak:0.00M | Scene, RenderLayer | Synchronizing object | Sphere_0
Fra:1 Mem:23.35M (0.00M, Peak 24.79M) | Time:00:00.05 | Mem:0.00M, Peak:0.00M | Scene, RenderLayer | Synchronizing object | SmoothCylinder_0
Fra:1 Mem:26.13M (0.00M, Peak 29.35M) | Time:00:00.06 | Mem:0.00M, Peak:0.00M | Scene, RenderLayer | Synchronizing object | Sphere_1
Fra:1 Mem:27.62M (0.00M, Peak 29.35M) | Time:00:00.06 | Mem:0.00M, Peak:0.00M | Scene, RenderLayer | Synchronizing object | SmoothCylinder_1
Fra:1 Mem:30.41M (0.00M, Peak 33.63M) | Time:00:00.07 | Mem:0.00M, Peak:0.00M | Scene, RenderLayer | Initializing
Fra:1 Mem:30.41M (0.00M, Peak 33.63M) | Time:00:00.07 | Mem:0.00M, Peak:0.00M | Scene, RenderLayer | Loading render kernels (may take a few minutes the first time)
Fra:1 Mem:30.41M (0.00M, Peak 33.63M) | Time:00:00.09 | Mem:0.00M, Peak:0.00M | Scene, RenderLayer | Waiting for render to start
Fra:1 Mem:30.41M (0.00M, Peak 33.63M) | Time:00:00.09 | Mem:0.00M, Peak:0.00M | Scene, RenderLayer | Updating Scene
Fra:1 Mem:30.41M (0.00M, Peak 33.63M) | Time:00:00.09 | Mem:0.00M, Peak:0.00M | Scene, RenderLayer | Updating Shaders
Fra:1 Mem:30.66M (0.00M, Peak 33.63M) | Time:00:00.09 | Mem:0.00M, Peak:0.00M | Scene, RenderLayer | Updating Background
Fra:1 Mem:30.66M (0.00M, Peak 33.63M) | Time:00:00.09 | Mem:0.00M, Peak:0.00M | Scene, RenderLayer | Updating Camera
Fra:1 Mem:30.66M (0.00M, Peak 33.63M) | Time:00:00.09 | Mem:0.00M, Peak:0.00M | Scene, RenderLayer | Updating Meshes Flags
Fra:1 Mem:30.66M (0.00M, Peak 33.63M) | Time:00:00.09 | Mem:0.00M, Peak:0.00M | Scene, RenderLayer | Updating Objects
Fra:1 Mem:30.66M (0.00M, Peak 33.63M) | Time:00:00.09 | Mem:0.00M, Peak:0.00M | Scene, RenderLayer | Updating Objects | Copying Transformations to device
Fra:1 Mem:30.66M (0.00M, Peak 33.63M) | Time:00:00.09 | Mem:0.00M, Peak:0.00M | Scene, RenderLayer | Updating Objects | Applying Static Transformations
Fra:1 Mem:30.66M (0.00M, Peak 33.63M) | Time:00:00.09 | Mem:0.00M, Peak:0.00M | Scene, RenderLayer | Updating Meshes
Fra:1 Mem:33.64M (0.00M, Peak 33.64M) | Time:00:00.10 | Mem:0.00M, Peak:0.00M | Scene, RenderLayer | Updating Mesh | Computing attributes
Fra:1 Mem:34.11M (0.00M, Peak 34.11M) | Time:00:00.10 | Mem:0.00M, Peak:0.00M | Scene, RenderLayer | Updating Mesh | Copying Attributes to device
Fra:1 Mem:34.11M (0.00M, Peak 34.58M) | Time:00:00.10 | Mem:0.47M, Peak:0.47M | Scene, RenderLayer | Updating Scene BVH | Building
Fra:1 Mem:34.11M (0.00M, Peak 34.58M) | Time:00:00.10 | Mem:0.47M, Peak:0.47M | Scene, RenderLayer | Updating Scene BVH | Building BVH
Fra:1 Mem:45.27M (0.00M, Peak 45.27M) | Time:00:00.23 | Mem:0.47M, Peak:0.47M | Scene, RenderLayer | Updating Scene BVH | Packing BVH triangles and strands
Fra:1 Mem:55.68M (0.00M, Peak 55.68M) | Time:00:00.24 | Mem:0.47M, Peak:0.47M | Scene, RenderLayer | Updating Scene BVH | Packing BVH nodes
Fra:1 Mem:49.88M (0.00M, Peak 58.81M) | Time:00:00.25 | Mem:0.47M, Peak:0.47M | Scene, RenderLayer | Updating Scene BVH | Copying BVH to device
Fra:1 Mem:50.63M (0.00M, Peak 58.81M) | Time:00:00.26 | Mem:16.25M, Peak:16.25M | Scene, RenderLayer | Updating Mesh | Computing normals
Fra:1 Mem:57.43M (0.00M, Peak 58.81M) | Time:00:00.26 | Mem:16.25M, Peak:16.25M | Scene, RenderLayer | Updating Mesh | Copying Mesh to device
Fra:1 Mem:56.69M (0.00M, Peak 58.81M) | Time:00:00.27 | Mem:23.06M, Peak:23.06M | Scene, RenderLayer | Updating Objects Flags
Fra:1 Mem:56.69M (0.00M, Peak 58.81M) | Time:00:00.27 | Mem:23.06M, Peak:23.06M | Scene, RenderLayer | Updating Images
Fra:1 Mem:56.69M (0.00M, Peak 58.81M) | Time:00:00.27 | Mem:23.06M, Peak:23.06M | Scene, RenderLayer | Updating Camera Volume
Fra:1 Mem:56.69M (0.00M, Peak 58.81M) | Time:00:00.27 | Mem:23.06M, Peak:23.06M | Scene, RenderLayer | Updating Hair Systems
Fra:1 Mem:56.69M (0.00M, Peak 58.81M) | Time:00:00.27 | Mem:23.06M, Peak:23.06M | Scene, RenderLayer | Updating Hair settings | Copying Hair settings to device
Fra:1 Mem:56.69M (0.00M, Peak 58.81M) | Time:00:00.27 | Mem:23.06M, Peak:23.06M | Scene, RenderLayer | Updating Lookup Tables
Fra:1 Mem:56.69M (0.00M, Peak 58.81M) | Time:00:00.27 | Mem:23.31M, Peak:23.31M | Scene, RenderLayer | Updating Lights
Fra:1 Mem:56.69M (0.00M, Peak 58.81M) | Time:00:00.27 | Mem:23.31M, Peak:23.31M | Scene, RenderLayer | Updating Lights | Computing distribution
Fra:1 Mem:56.69M (0.00M, Peak 58.81M) | Time:00:00.27 | Mem:23.31M, Peak:23.31M | Scene, RenderLayer | Updating Particle Systems
Fra:1 Mem:56.69M (0.00M, Peak 58.81M) | Time:00:00.27 | Mem:23.31M, Peak:23.31M | Scene, RenderLayer | Updating Particle Systems | Copying Particles to device
Fra:1 Mem:56.69M (0.00M, Peak 58.81M) | Time:00:00.27 | Mem:23.31M, Peak:23.31M | Scene, RenderLayer | Updating Integrator
Fra:1 Mem:56.73M (0.00M, Peak 58.81M) | Time:00:00.27 | Mem:23.35M, Peak:23.35M | Scene, RenderLayer | Updating Film
Fra:1 Mem:56.74M (0.00M, Peak 58.81M) | Time:00:00.27 | Mem:23.35M, Peak:23.35M | Scene, RenderLayer | Updating Lookup Tables
Fra:1 Mem:56.74M (0.00M, Peak 58.81M) | Time:00:00.27 | Mem:23.35M, Peak:23.35M | Scene, RenderLayer | Updating Baking
Fra:1 Mem:56.74M (0.00M, Peak 58.81M) | Time:00:00.27 | Mem:23.35M, Peak:23.35M | Scene, RenderLayer | Updating Device | Writing constant memory
Fra:1 Mem:56.74M (0.00M, Peak 58.81M) | Time:00:00.27 | Mem:23.35M, Peak:23.35M | Scene, RenderLayer | Path Tracing Tile 0/4, Sample 0/512
Fra:1 Mem:58.99M (0.00M, Peak 60.24M) | Time:00:00.27 | Mem:25.60M, Peak:25.60M | Scene, RenderLayer | Path Tracing Tile 1/4, Sample 0/512
Fra:1 Mem:58.99M (0.00M, Peak 61.24M) | Time:00:01.27 | Remaining:00:10.93 | Mem:25.60M, Peak:25.60M | Scene, RenderLayer | Path Tracing Tile 1/4, Sample 101/512
Fra:1 Mem:58.99M (0.00M, Peak 61.24M) | Time:00:02.28 | Remaining:00:09.88 | Mem:25.60M, Peak:25.60M | Scene, RenderLayer | Path Tracing Tile 1/4, Sample 203/512
Fra:1 Mem:58.99M (0.00M, Peak 61.24M) | Time:00:03.28 | Remaining:00:08.88 | Mem:25.60M, Peak:25.60M | Scene, RenderLayer | Path Tracing Tile 1/4, Sample 304/512
Fra:1 Mem:58.99M (0.00M, Peak 61.24M) | Time:00:04.28 | Remaining:00:07.88 | Mem:25.60M, Peak:25.60M | Scene, RenderLayer | Path Tracing Tile 1/4, Sample 405/512
Fra:1 Mem:58.99M (0.00M, Peak 61.24M) | Time:00:05.29 | Remaining:00:06.90 | Mem:25.60M, Peak:25.60M | Scene, RenderLayer | Path Tracing Tile 1/4, Sample 505/512
Fra:1 Mem:56.74M (0.00M, Peak 61.24M) | Time:00:05.36 | Remaining:00:06.83 | Mem:23.35M, Peak:25.60M | Scene, RenderLayer | Path Tracing Tile 1/4, Sample 512/512
Fra:1 Mem:58.70M (0.00M, Peak 61.24M) | Time:00:05.36 | Remaining:00:06.84 | Mem:25.32M, Peak:25.60M | Scene, RenderLayer | Path Tracing Tile 2/4, Sample 512/512
Fra:1 Mem:58.70M (0.00M, Peak 61.24M) | Time:00:06.29 | Remaining:00:05.99 | Mem:25.32M, Peak:25.60M | Scene, RenderLayer | Path Tracing Tile 2/4, Sample 102/512
Fra:1 Mem:58.70M (0.00M, Peak 61.24M) | Time:00:07.29 | Remaining:00:05.04 | Mem:25.32M, Peak:25.60M | Scene, RenderLayer | Path Tracing Tile 2/4, Sample 213/512
Fra:1 Mem:58.70M (0.00M, Peak 61.24M) | Time:00:08.30 | Remaining:00:04.09 | Mem:25.32M, Peak:25.60M | Scene, RenderLayer | Path Tracing Tile 2/4, Sample 323/512
Fra:1 Mem:58.70M (0.00M, Peak 61.24M) | Time:00:09.31 | Remaining:00:03.13 | Mem:25.32M, Peak:25.60M | Scene, RenderLayer | Path Tracing Tile 2/4, Sample 433/512
Fra:1 Mem:56.74M (0.00M, Peak 61.24M) | Time:00:10.03 | Remaining:00:02.44 | Mem:23.35M, Peak:25.60M | Scene, RenderLayer | Path Tracing Tile 2/4, Sample 512/512
Fra:1 Mem:57.30M (0.00M, Peak 61.24M) | Time:00:10.03 | Remaining:00:02.44 | Mem:23.91M, Peak:25.60M | Scene, RenderLayer | Path Tracing Tile 3/4, Sample 512/512
Fra:1 Mem:57.30M (0.00M, Peak 61.24M) | Time:00:10.31 | Remaining:00:02.30 | Mem:23.91M, Peak:25.60M | Scene, RenderLayer | Path Tracing Tile 3/4, Sample 65/512
Fra:1 Mem:57.30M (0.00M, Peak 61.24M) | Time:00:11.31 | Remaining:00:01.74 | Mem:23.91M, Peak:25.60M | Scene, RenderLayer | Path Tracing Tile 3/4, Sample 306/512
Fra:1 Mem:56.74M (0.00M, Peak 61.24M) | Time:00:12.18 | Remaining:00:01.22 | Mem:23.35M, Peak:25.60M | Scene, RenderLayer | Path Tracing Tile 3/4, Sample 512/512
Fra:1 Mem:57.23M (0.00M, Peak 61.24M) | Time:00:12.18 | Remaining:00:01.22 | Mem:23.84M, Peak:25.60M | Scene, RenderLayer | Path Tracing Tile 4/4, Sample 512/512
Fra:1 Mem:57.23M (0.00M, Peak 61.24M) | Time:00:12.31 | Remaining:00:01.14 | Mem:23.84M, Peak:25.60M | Scene, RenderLayer | Path Tracing Tile 4/4, Sample 34/512
Fra:1 Mem:57.23M (0.00M, Peak 61.24M) | Time:00:13.31 | Remaining:00:00.57 | Mem:23.84M, Peak:25.60M | Scene, RenderLayer | Path Tracing Tile 4/4, Sample 282/512
Fra:1 Mem:56.74M (0.00M, Peak 61.24M) | Time:00:14.25 | Mem:23.35M, Peak:25.60M | Scene, RenderLayer | Path Tracing Tile 4/4, Sample 512/512
Fra:1 Mem:56.74M (0.00M, Peak 61.24M) | Time:00:14.25 | Mem:23.35M, Peak:25.60M | Scene, RenderLayer | Finished
Fra:1 Mem:21.78M (0.00M, Peak 61.24M) | Time:00:14.33 | Sce: Scene Ve:0 Fa:0 La:0
Saved: 'data/clevr-cleaned-variants/spy/fovariant-4/render/images/CLEVR_val_000001.png'
 Time: 00:14.37 (Saving: 00:00.03)

read blend: /home/ubuntu/vdp/data/clevr_scene_data/base_scene.blend
convertViewVec: called in an invalid context
convertViewVec: called in an invalid context
convertViewVec: called in an invalid context
convertViewVec: called in an invalid context
Fra:1 Mem:14.39M (0.00M, Peak 14.39M) | Time:00:00.00 | Preparing Scene data
Fra:1 Mem:19.67M (0.00M, Peak 20.65M) | Time:00:00.01 | Preparing Scene data
Fra:1 Mem:19.67M (0.00M, Peak 20.65M) | Time:00:00.01 | Creating Shadowbuffers
Fra:1 Mem:19.67M (0.00M, Peak 20.65M) | Time:00:00.01 | Raytree.. preparing
Fra:1 Mem:25.21M (0.00M, Peak 25.21M) | Time:00:00.01 | Raytree.. building
Fra:1 Mem:24.92M (0.00M, Peak 33.57M) | Time:00:00.10 | Raytree finished
Fra:1 Mem:24.92M (0.00M, Peak 33.57M) | Time:00:00.10 | Creating Environment maps
Fra:1 Mem:24.92M (0.00M, Peak 33.57M) | Time:00:00.10 | Caching Point Densities
Fra:1 Mem:24.92M (0.00M, Peak 33.57M) | Time:00:00.10 | Sce: Scene Ve:38228 Fa:40340 La:1
Fra:1 Mem:24.92M (0.00M, Peak 33.57M) | Time:00:00.10 | Loading voxel datasets
Fra:1 Mem:24.92M (0.00M, Peak 33.57M) | Time:00:00.10 | Sce: Scene Ve:38228 Fa:40340 La:1
Fra:1 Mem:24.92M (0.00M, Peak 33.57M) | Time:00:00.10 | Sce: Scene Ve:38228 Fa:40340 La:1
Fra:1 Mem:24.92M (0.00M, Peak 33.57M) | Time:00:00.10 | Volume preprocessing
Fra:1 Mem:24.92M (0.00M, Peak 33.57M) | Time:00:00.10 | Sce: Scene Ve:38228 Fa:40340 La:1
Fra:1 Mem:24.92M (0.00M, Peak 33.57M) | Time:00:00.10 | Sce: Scene Ve:38228 Fa:40340 La:1
Fra:1 Mem:28.99M (0.00M, Peak 33.57M) | Time:00:00.10 | Scene, Part 3-4
Fra:1 Mem:28.96M (0.00M, Peak 33.57M) | Time:00:00.10 | Scene, Part 4-4
Fra:1 Mem:27.93M (0.00M, Peak 33.57M) | Time:00:00.11 | Scene, Part 1-4
Fra:1 Mem:26.02M (0.00M, Peak 33.57M) | Time:00:00.11 | Scene, Part 2-4
Fra:1 Mem:14.24M (0.00M, Peak 33.57M) | Time:00:00.11 | Sce: Scene Ve:38228 Fa:40340 La:1
Saved: '/tmp/tmp62yzxgpb.png'
 Time: 00:00.13 (Saving: 00:00.01)

Fra:1 Mem:14.27M (0.00M, Peak 14.87M) | Time:00:00.04 | Mem:0.00M, Peak:0.00M | Scene, RenderLayer | Synchronizing object | Area
Fra:1 Mem:14.27M (0.00M, Peak 14.87M) | Time:00:00.04 | Mem:0.00M, Peak:0.00M | Scene, RenderLayer | Synchronizing object | Ground
Fra:1 Mem:14.34M (0.00M, Peak 14.87M) | Time:00:00.04 | Mem:0.00M, Peak:0.00M | Scene, RenderLayer | Synchronizing object | Empty
Fra:1 Mem:14.34M (0.00M, Peak 14.87M) | Time:00:00.04 | Mem:0.00M, Peak:0.00M | Scene, RenderLayer | Synchronizing object | Lamp_Back
Fra:1 Mem:14.34M (0.00M, Peak 14.87M) | Time:00:00.04 | Mem:0.00M, Peak:0.00M | Scene, RenderLayer | Synchronizing object | Lamp_Fill
Fra:1 Mem:14.34M (0.00M, Peak 14.87M) | Time:00:00.04 | Mem:0.00M, Peak:0.00M | Scene, RenderLayer | Synchronizing object | Lamp_Key
Fra:1 Mem:14.34M (0.00M, Peak 14.87M) | Time:00:00.04 | Mem:0.00M, Peak:0.00M | Scene, RenderLayer | Synchronizing object | Camera
Fra:1 Mem:14.34M (0.00M, Peak 14.87M) | Time:00:00.04 | Mem:0.00M, Peak:0.00M | Scene, RenderLayer | Synchronizing object | SmoothCube_v2_0
Fra:1 Mem:14.65M (0.00M, Peak 15.02M) | Time:00:00.04 | Mem:0.00M, Peak:0.00M | Scene, RenderLayer | Synchronizing object | SmoothCube_v2_1
Fra:1 Mem:14.96M (0.00M, Peak 15.32M) | Time:00:00.04 | Mem:0.00M, Peak:0.00M | Scene, RenderLayer | Synchronizing object | Sphere_0
Fra:1 Mem:16.45M (0.00M, Peak 17.89M) | Time:00:00.05 | Mem:0.00M, Peak:0.00M | Scene, RenderLayer | Synchronizing object | Sphere_1
Fra:1 Mem:17.95M (0.00M, Peak 19.38M) | Time:00:00.05 | Mem:0.00M, Peak:0.00M | Scene, RenderLayer | Initializing
Fra:1 Mem:17.95M (0.00M, Peak 19.38M) | Time:00:00.06 | Mem:0.00M, Peak:0.00M | Scene, RenderLayer | Loading render kernels (may take a few minutes the first time)
Fra:1 Mem:17.95M (0.00M, Peak 20.65M) | Time:00:00.07 | Mem:0.00M, Peak:0.00M | Scene, RenderLayer | Waiting for render to start
Fra:1 Mem:17.95M (0.00M, Peak 20.65M) | Time:00:00.07 | Mem:0.00M, Peak:0.00M | Scene, RenderLayer | Updating Scene
Fra:1 Mem:17.95M (0.00M, Peak 20.65M) | Time:00:00.07 | Mem:0.00M, Peak:0.00M | Scene, RenderLayer | Updating Shaders
Fra:1 Mem:18.20M (0.00M, Peak 20.65M) | Time:00:00.07 | Mem:0.00M, Peak:0.00M | Scene, RenderLayer | Updating Background
Fra:1 Mem:18.20M (0.00M, Peak 20.65M) | Time:00:00.07 | Mem:0.00M, Peak:0.00M | Scene, RenderLayer | Updating Camera
Fra:1 Mem:18.20M (0.00M, Peak 20.65M) | Time:00:00.07 | Mem:0.00M, Peak:0.00M | Scene, RenderLayer | Updating Meshes Flags
Fra:1 Mem:18.20M (0.00M, Peak 20.65M) | Time:00:00.07 | Mem:0.00M, Peak:0.00M | Scene, RenderLayer | Updating Objects
Fra:1 Mem:18.20M (0.00M, Peak 20.65M) | Time:00:00.07 | Mem:0.00M, Peak:0.00M | Scene, RenderLayer | Updating Objects | Copying Transformations to device
Fra:1 Mem:18.20M (0.00M, Peak 20.65M) | Time:00:00.07 | Mem:0.00M, Peak:0.00M | Scene, RenderLayer | Updating Objects | Applying Static Transformations
Fra:1 Mem:18.20M (0.00M, Peak 20.65M) | Time:00:00.07 | Mem:0.00M, Peak:0.00M | Scene, RenderLayer | Updating Meshes
Fra:1 Mem:19.39M (0.00M, Peak 20.65M) | Time:00:00.07 | Mem:0.00M, Peak:0.00M | Scene, RenderLayer | Updating Mesh | Computing attributes
Fra:1 Mem:19.86M (0.00M, Peak 20.65M) | Time:00:00.07 | Mem:0.00M, Peak:0.00M | Scene, RenderLayer | Updating Mesh | Copying Attributes to device
Fra:1 Mem:19.86M (0.00M, Peak 20.65M) | Time:00:00.07 | Mem:0.47M, Peak:0.47M | Scene, RenderLayer | Updating Scene BVH | Building
Fra:1 Mem:19.86M (0.00M, Peak 20.65M) | Time:00:00.07 | Mem:0.47M, Peak:0.47M | Scene, RenderLayer | Updating Scene BVH | Building BVH
Fra:1 Mem:24.32M (0.00M, Peak 24.32M) | Time:00:00.12 | Mem:0.47M, Peak:0.47M | Scene, RenderLayer | Updating Scene BVH | Packing BVH triangles and strands
Fra:1 Mem:28.48M (0.00M, Peak 28.48M) | Time:00:00.13 | Mem:0.47M, Peak:0.47M | Scene, RenderLayer | Updating Scene BVH | Packing BVH nodes
Fra:1 Mem:26.09M (0.00M, Peak 29.66M) | Time:00:00.13 | Mem:0.47M, Peak:0.47M | Scene, RenderLayer | Updating Scene BVH | Copying BVH to device
Fra:1 Mem:26.38M (0.00M, Peak 29.66M) | Time:00:00.14 | Mem:6.70M, Peak:6.70M | Scene, RenderLayer | Updating Mesh | Computing normals
Fra:1 Mem:29.06M (0.00M, Peak 29.66M) | Time:00:00.14 | Mem:6.70M, Peak:6.70M | Scene, RenderLayer | Updating Mesh | Copying Mesh to device
Fra:1 Mem:28.77M (0.00M, Peak 29.66M) | Time:00:00.14 | Mem:9.38M, Peak:9.38M | Scene, RenderLayer | Updating Objects Flags
Fra:1 Mem:28.77M (0.00M, Peak 29.66M) | Time:00:00.14 | Mem:9.38M, Peak:9.38M | Scene, RenderLayer | Updating Images
Fra:1 Mem:28.77M (0.00M, Peak 29.66M) | Time:00:00.14 | Mem:9.38M, Peak:9.38M | Scene, RenderLayer | Updating Camera Volume
Fra:1 Mem:28.77M (0.00M, Peak 29.66M) | Time:00:00.14 | Mem:9.38M, Peak:9.38M | Scene, RenderLayer | Updating Hair Systems
Fra:1 Mem:28.77M (0.00M, Peak 29.66M) | Time:00:00.14 | Mem:9.38M, Peak:9.38M | Scene, RenderLayer | Updating Hair settings | Copying Hair settings to device
Fra:1 Mem:28.77M (0.00M, Peak 29.66M) | Time:00:00.14 | Mem:9.38M, Peak:9.38M | Scene, RenderLayer | Updating Lookup Tables
Fra:1 Mem:28.77M (0.00M, Peak 29.66M) | Time:00:00.14 | Mem:9.63M, Peak:9.63M | Scene, RenderLayer | Updating Lights
Fra:1 Mem:28.77M (0.00M, Peak 29.66M) | Time:00:00.14 | Mem:9.63M, Peak:9.63M | Scene, RenderLayer | Updating Lights | Computing distribution
Fra:1 Mem:28.77M (0.00M, Peak 29.66M) | Time:00:00.14 | Mem:9.63M, Peak:9.63M | Scene, RenderLayer | Updating Particle Systems
Fra:1 Mem:28.77M (0.00M, Peak 29.66M) | Time:00:00.14 | Mem:9.63M, Peak:9.63M | Scene, RenderLayer | Updating Particle Systems | Copying Particles to device
Fra:1 Mem:28.77M (0.00M, Peak 29.66M) | Time:00:00.14 | Mem:9.63M, Peak:9.63M | Scene, RenderLayer | Updating Integrator
Fra:1 Mem:28.81M (0.00M, Peak 29.66M) | Time:00:00.14 | Mem:9.67M, Peak:9.67M | Scene, RenderLayer | Updating Film
Fra:1 Mem:28.81M (0.00M, Peak 29.66M) | Time:00:00.14 | Mem:9.67M, Peak:9.67M | Scene, RenderLayer | Updating Lookup Tables
Fra:1 Mem:28.81M (0.00M, Peak 29.66M) | Time:00:00.14 | Mem:9.68M, Peak:9.68M | Scene, RenderLayer | Updating Baking
Fra:1 Mem:28.81M (0.00M, Peak 29.66M) | Time:00:00.14 | Mem:9.68M, Peak:9.68M | Scene, RenderLayer | Updating Device | Writing constant memory
Fra:1 Mem:28.81M (0.00M, Peak 29.66M) | Time:00:00.14 | Mem:9.68M, Peak:9.68M | Scene, RenderLayer | Path Tracing Tile 0/4, Sample 0/512
Fra:1 Mem:31.06M (0.00M, Peak 32.31M) | Time:00:00.14 | Mem:11.93M, Peak:11.93M | Scene, RenderLayer | Path Tracing Tile 1/4, Sample 0/512
Fra:1 Mem:31.06M (0.00M, Peak 33.31M) | Time:00:01.15 | Remaining:00:11.87 | Mem:11.93M, Peak:11.93M | Scene, RenderLayer | Path Tracing Tile 1/4, Sample 94/512
Fra:1 Mem:31.06M (0.00M, Peak 33.31M) | Time:00:02.15 | Remaining:00:10.83 | Mem:11.93M, Peak:11.93M | Scene, RenderLayer | Path Tracing Tile 1/4, Sample 188/512
Fra:1 Mem:31.06M (0.00M, Peak 33.31M) | Time:00:03.16 | Remaining:00:09.81 | Mem:11.93M, Peak:11.93M | Scene, RenderLayer | Path Tracing Tile 1/4, Sample 282/512
Fra:1 Mem:31.06M (0.00M, Peak 33.31M) | Time:00:04.16 | Remaining:00:08.81 | Mem:11.93M, Peak:11.93M | Scene, RenderLayer | Path Tracing Tile 1/4, Sample 376/512
Fra:1 Mem:31.06M (0.00M, Peak 33.31M) | Time:00:05.17 | Remaining:00:07.81 | Mem:11.93M, Peak:11.93M | Scene, RenderLayer | Path Tracing Tile 1/4, Sample 470/512
Fra:1 Mem:28.81M (0.00M, Peak 33.31M) | Time:00:05.63 | Remaining:00:07.37 | Mem:9.68M, Peak:11.93M | Scene, RenderLayer | Path Tracing Tile 1/4, Sample 512/512
Fra:1 Mem:30.78M (0.00M, Peak 33.31M) | Time:00:05.63 | Remaining:00:07.37 | Mem:11.65M, Peak:11.93M | Scene, RenderLayer | Path Tracing Tile 2/4, Sample 512/512
Fra:1 Mem:30.78M (0.00M, Peak 33.31M) | Time:00:06.18 | Remaining:00:06.98 | Mem:11.65M, Peak:11.93M | Scene, RenderLayer | Path Tracing Tile 2/4, Sample 51/512
Fra:1 Mem:30.78M (0.00M, Peak 33.31M) | Time:00:07.19 | Remaining:00:06.21 | Mem:11.65M, Peak:11.93M | Scene, RenderLayer | Path Tracing Tile 2/4, Sample 144/512
Fra:1 Mem:30.78M (0.00M, Peak 33.31M) | Time:00:08.20 | Remaining:00:05.38 | Mem:11.65M, Peak:11.93M | Scene, RenderLayer | Path Tracing Tile 2/4, Sample 237/512
Fra:1 Mem:30.78M (0.00M, Peak 33.31M) | Time:00:09.21 | Remaining:00:04.53 | Mem:11.65M, Peak:11.93M | Scene, RenderLayer | Path Tracing Tile 2/4, Sample 329/512
Fra:1 Mem:30.78M (0.00M, Peak 33.31M) | Time:00:10.21 | Remaining:00:03.65 | Mem:11.65M, Peak:11.93M | Scene, RenderLayer | Path Tracing Tile 2/4, Sample 421/512
Fra:1 Mem:28.81M (0.00M, Peak 33.31M) | Time:00:11.21 | Remaining:00:02.76 | Mem:9.68M, Peak:11.93M | Scene, RenderLayer | Path Tracing Tile 2/4, Sample 512/512
Fra:1 Mem:29.37M (0.00M, Peak 33.31M) | Time:00:11.21 | Remaining:00:02.76 | Mem:10.24M, Peak:11.93M | Scene, RenderLayer | Path Tracing Tile 3/4, Sample 512/512
Fra:1 Mem:29.37M (0.00M, Peak 33.31M) | Time:00:11.22 | Remaining:00:02.76 | Mem:10.24M, Peak:11.93M | Scene, RenderLayer | Path Tracing Tile 3/4, Sample 1/512
Fra:1 Mem:29.37M (0.00M, Peak 33.31M) | Time:00:12.22 | Remaining:00:02.13 | Mem:10.24M, Peak:11.93M | Scene, RenderLayer | Path Tracing Tile 3/4, Sample 239/512
Fra:1 Mem:29.37M (0.00M, Peak 33.31M) | Time:00:13.22 | Remaining:00:01.47 | Mem:10.24M, Peak:11.93M | Scene, RenderLayer | Path Tracing Tile 3/4, Sample 474/512
Fra:1 Mem:28.81M (0.00M, Peak 33.31M) | Time:00:13.38 | Remaining:00:01.36 | Mem:9.68M, Peak:11.93M | Scene, RenderLayer | Path Tracing Tile 3/4, Sample 512/512
Fra:1 Mem:29.30M (0.00M, Peak 33.31M) | Time:00:13.38 | Remaining:00:01.36 | Mem:10.17M, Peak:11.93M | Scene, RenderLayer | Path Tracing Tile 4/4, Sample 512/512
Fra:1 Mem:29.30M (0.00M, Peak 33.31M) | Time:00:14.22 | Remaining:00:00.81 | Mem:10.17M, Peak:11.93M | Scene, RenderLayer | Path Tracing Tile 4/4, Sample 211/512
Fra:1 Mem:29.30M (0.00M, Peak 33.31M) | Time:00:15.22 | Remaining:00:00.13 | Mem:10.17M, Peak:11.93M | Scene, RenderLayer | Path Tracing Tile 4/4, Sample 462/512
Fra:1 Mem:28.81M (0.00M, Peak 33.31M) | Time:00:15.43 | Mem:9.68M, Peak:11.93M | Scene, RenderLayer | Path Tracing Tile 4/4, Sample 512/512
Fra:1 Mem:28.81M (0.00M, Peak 33.31M) | Time:00:15.43 | Mem:9.68M, Peak:11.93M | Scene, RenderLayer | Finished
Fra:1 Mem:14.27M (0.00M, Peak 33.31M) | Time:00:15.51 | Sce: Scene Ve:0 Fa:0 La:0
Saved: 'data/clevr-cleaned-variants/spy/fovariant-4/render/images/CLEVR_val_000002.png'
 Time: 00:15.54 (Saving: 00:00.03)

read blend: /home/ubuntu/vdp/data/clevr_scene_data/base_scene.blend
convertViewVec: called in an invalid context
convertViewVec: called in an invalid context
convertViewVec: called in an invalid context
convertViewVec: called in an invalid context
convertViewVec: called in an invalid context
convertViewVec: called in an invalid context
Fra:1 Mem:28.19M (0.00M, Peak 28.19M) | Time:00:00.00 | Preparing Scene data
Fra:1 Mem:46.33M (0.00M, Peak 47.31M) | Time:00:00.03 | Preparing Scene data
Fra:1 Mem:46.33M (0.00M, Peak 47.31M) | Time:00:00.03 | Creating Shadowbuffers
Fra:1 Mem:46.33M (0.00M, Peak 47.31M) | Time:00:00.03 | Raytree.. preparing
Fra:1 Mem:66.40M (0.00M, Peak 66.40M) | Time:00:00.05 | Raytree.. building
Fra:1 Mem:65.31M (0.00M, Peak 96.63M) | Time:00:00.39 | Raytree finished
Fra:1 Mem:65.31M (0.00M, Peak 96.63M) | Time:00:00.39 | Creating Environment maps
Fra:1 Mem:65.31M (0.00M, Peak 96.63M) | Time:00:00.39 | Caching Point Densities
Fra:1 Mem:65.31M (0.00M, Peak 96.63M) | Time:00:00.39 | Sce: Scene Ve:152076 Fa:146102 La:1
Fra:1 Mem:65.31M (0.00M, Peak 96.63M) | Time:00:00.39 | Loading voxel datasets
Fra:1 Mem:65.31M (0.00M, Peak 96.63M) | Time:00:00.39 | Sce: Scene Ve:152076 Fa:146102 La:1
Fra:1 Mem:65.31M (0.00M, Peak 96.63M) | Time:00:00.39 | Sce: Scene Ve:152076 Fa:146102 La:1
Fra:1 Mem:65.31M (0.00M, Peak 96.63M) | Time:00:00.39 | Volume preprocessing
Fra:1 Mem:65.31M (0.00M, Peak 96.63M) | Time:00:00.39 | Sce: Scene Ve:152076 Fa:146102 La:1
Fra:1 Mem:65.31M (0.00M, Peak 96.63M) | Time:00:00.39 | Sce: Scene Ve:152076 Fa:146102 La:1
Fra:1 Mem:69.66M (0.00M, Peak 96.63M) | Time:00:00.40 | Scene, Part 3-4
Fra:1 Mem:69.34M (0.00M, Peak 96.63M) | Time:00:00.40 | Scene, Part 4-4
Fra:1 Mem:67.66M (0.00M, Peak 96.63M) | Time:00:00.42 | Scene, Part 1-4
Fra:1 Mem:66.41M (0.00M, Peak 96.63M) | Time:00:00.42 | Scene, Part 2-4
Fra:1 Mem:27.98M (0.00M, Peak 96.63M) | Time:00:00.42 | Sce: Scene Ve:152076 Fa:146102 La:1
Saved: '/tmp/tmp5jlelw_2.png'
 Time: 00:00.44 (Saving: 00:00.01)

Fra:1 Mem:28.01M (0.00M, Peak 28.61M) | Time:00:00.04 | Mem:0.00M, Peak:0.00M | Scene, RenderLayer | Synchronizing object | Area
Fra:1 Mem:28.01M (0.00M, Peak 28.61M) | Time:00:00.04 | Mem:0.00M, Peak:0.00M | Scene, RenderLayer | Synchronizing object | Ground
Fra:1 Mem:28.08M (0.00M, Peak 28.61M) | Time:00:00.04 | Mem:0.00M, Peak:0.00M | Scene, RenderLayer | Synchronizing object | Empty
Fra:1 Mem:28.08M (0.00M, Peak 28.61M) | Time:00:00.04 | Mem:0.00M, Peak:0.00M | Scene, RenderLayer | Synchronizing object | Lamp_Back
Fra:1 Mem:28.08M (0.00M, Peak 28.61M) | Time:00:00.04 | Mem:0.00M, Peak:0.00M | Scene, RenderLayer | Synchronizing object | Lamp_Fill
Fra:1 Mem:28.08M (0.00M, Peak 28.61M) | Time:00:00.04 | Mem:0.00M, Peak:0.00M | Scene, RenderLayer | Synchronizing object | Lamp_Key
Fra:1 Mem:28.08M (0.00M, Peak 28.61M) | Time:00:00.04 | Mem:0.00M, Peak:0.00M | Scene, RenderLayer | Synchronizing object | Camera
Fra:1 Mem:28.08M (0.00M, Peak 28.61M) | Time:00:00.04 | Mem:0.00M, Peak:0.00M | Scene, RenderLayer | Synchronizing object | SmoothCylinder_0
Fra:1 Mem:30.86M (0.00M, Peak 34.08M) | Time:00:00.05 | Mem:0.00M, Peak:0.00M | Scene, RenderLayer | Synchronizing object | Sphere_0
Fra:1 Mem:32.36M (0.00M, Peak 34.08M) | Time:00:00.06 | Mem:0.00M, Peak:0.00M | Scene, RenderLayer | Synchronizing object | SmoothCylinder_1
Fra:1 Mem:35.14M (0.00M, Peak 38.36M) | Time:00:00.07 | Mem:0.00M, Peak:0.00M | Scene, RenderLayer | Synchronizing object | Sphere_1
Fra:1 Mem:36.63M (0.00M, Peak 38.36M) | Time:00:00.07 | Mem:0.00M, Peak:0.00M | Scene, RenderLayer | Synchronizing object | SmoothCylinder_2
Fra:1 Mem:39.42M (0.00M, Peak 42.64M) | Time:00:00.08 | Mem:0.00M, Peak:0.00M | Scene, RenderLayer | Synchronizing object | Sphere_2
Fra:1 Mem:40.91M (0.00M, Peak 42.64M) | Time:00:00.09 | Mem:0.00M, Peak:0.00M | Scene, RenderLayer | Initializing
Fra:1 Mem:40.91M (0.00M, Peak 42.64M) | Time:00:00.09 | Mem:0.00M, Peak:0.00M | Scene, RenderLayer | Loading render kernels (may take a few minutes the first time)
Fra:1 Mem:40.91M (0.00M, Peak 43.61M) | Time:00:00.10 | Mem:0.00M, Peak:0.00M | Scene, RenderLayer | Waiting for render to start
Fra:1 Mem:40.91M (0.00M, Peak 43.61M) | Time:00:00.10 | Mem:0.00M, Peak:0.00M | Scene, RenderLayer | Updating Scene
Fra:1 Mem:40.91M (0.00M, Peak 43.61M) | Time:00:00.10 | Mem:0.00M, Peak:0.00M | Scene, RenderLayer | Updating Shaders
Fra:1 Mem:41.17M (0.00M, Peak 43.61M) | Time:00:00.10 | Mem:0.00M, Peak:0.00M | Scene, RenderLayer | Updating Background
Fra:1 Mem:41.17M (0.00M, Peak 43.61M) | Time:00:00.10 | Mem:0.00M, Peak:0.00M | Scene, RenderLayer | Updating Camera
Fra:1 Mem:41.17M (0.00M, Peak 43.61M) | Time:00:00.10 | Mem:0.00M, Peak:0.00M | Scene, RenderLayer | Updating Meshes Flags
Fra:1 Mem:41.17M (0.00M, Peak 43.61M) | Time:00:00.10 | Mem:0.00M, Peak:0.00M | Scene, RenderLayer | Updating Objects
Fra:1 Mem:41.17M (0.00M, Peak 43.61M) | Time:00:00.10 | Mem:0.00M, Peak:0.00M | Scene, RenderLayer | Updating Objects | Copying Transformations to device
Fra:1 Mem:41.17M (0.00M, Peak 43.61M) | Time:00:00.11 | Mem:0.01M, Peak:0.01M | Scene, RenderLayer | Updating Objects | Applying Static Transformations
Fra:1 Mem:41.17M (0.00M, Peak 43.61M) | Time:00:00.11 | Mem:0.01M, Peak:0.01M | Scene, RenderLayer | Updating Meshes
Fra:1 Mem:45.62M (0.00M, Peak 45.62M) | Time:00:00.12 | Mem:0.01M, Peak:0.01M | Scene, RenderLayer | Updating Mesh | Computing attributes
Fra:1 Mem:46.32M (0.00M, Peak 46.32M) | Time:00:00.12 | Mem:0.01M, Peak:0.01M | Scene, RenderLayer | Updating Mesh | Copying Attributes to device
Fra:1 Mem:46.32M (0.00M, Peak 47.03M) | Time:00:00.12 | Mem:0.71M, Peak:0.71M | Scene, RenderLayer | Updating Scene BVH | Building
Fra:1 Mem:46.32M (0.00M, Peak 47.03M) | Time:00:00.12 | Mem:0.71M, Peak:0.71M | Scene, RenderLayer | Updating Scene BVH | Building BVH
Fra:1 Mem:63.02M (0.00M, Peak 63.02M) | Time:00:00.31 | Mem:0.71M, Peak:0.71M | Scene, RenderLayer | Updating Scene BVH | Packing BVH triangles and strands
Fra:1 Mem:78.61M (0.00M, Peak 78.61M) | Time:00:00.32 | Mem:0.71M, Peak:0.71M | Scene, RenderLayer | Updating Scene BVH | Packing BVH nodes
Fra:1 Mem:69.94M (0.00M, Peak 83.30M) | Time:00:00.34 | Mem:0.71M, Peak:0.71M | Scene, RenderLayer | Updating Scene BVH | Copying BVH to device
Fra:1 Mem:71.06M (0.00M, Peak 83.30M) | Time:00:00.35 | Mem:24.33M, Peak:24.33M | Scene, RenderLayer | Updating Mesh | Computing normals
Fra:1 Mem:81.24M (0.00M, Peak 83.30M) | Time:00:00.36 | Mem:24.33M, Peak:24.33M | Scene, RenderLayer | Updating Mesh | Copying Mesh to device
Fra:1 Mem:80.12M (0.00M, Peak 83.30M) | Time:00:00.36 | Mem:34.51M, Peak:34.51M | Scene, RenderLayer | Updating Objects Flags
Fra:1 Mem:80.12M (0.00M, Peak 83.30M) | Time:00:00.36 | Mem:34.51M, Peak:34.51M | Scene, RenderLayer | Updating Images
Fra:1 Mem:80.12M (0.00M, Peak 83.30M) | Time:00:00.36 | Mem:34.51M, Peak:34.51M | Scene, RenderLayer | Updating Camera Volume
Fra:1 Mem:80.12M (0.00M, Peak 83.30M) | Time:00:00.36 | Mem:34.51M, Peak:34.51M | Scene, RenderLayer | Updating Hair Systems
Fra:1 Mem:80.12M (0.00M, Peak 83.30M) | Time:00:00.36 | Mem:34.51M, Peak:34.51M | Scene, RenderLayer | Updating Hair settings | Copying Hair settings to device
Fra:1 Mem:80.12M (0.00M, Peak 83.30M) | Time:00:00.36 | Mem:34.51M, Peak:34.51M | Scene, RenderLayer | Updating Lookup Tables
Fra:1 Mem:80.12M (0.00M, Peak 83.30M) | Time:00:00.36 | Mem:34.76M, Peak:34.76M | Scene, RenderLayer | Updating Lights
Fra:1 Mem:80.12M (0.00M, Peak 83.30M) | Time:00:00.36 | Mem:34.76M, Peak:34.76M | Scene, RenderLayer | Updating Lights | Computing distribution
Fra:1 Mem:80.12M (0.00M, Peak 83.30M) | Time:00:00.36 | Mem:34.76M, Peak:34.76M | Scene, RenderLayer | Updating Particle Systems
Fra:1 Mem:80.12M (0.00M, Peak 83.30M) | Time:00:00.36 | Mem:34.76M, Peak:34.76M | Scene, RenderLayer | Updating Particle Systems | Copying Particles to device
Fra:1 Mem:80.12M (0.00M, Peak 83.30M) | Time:00:00.36 | Mem:34.76M, Peak:34.76M | Scene, RenderLayer | Updating Integrator
Fra:1 Mem:80.17M (0.00M, Peak 83.30M) | Time:00:00.36 | Mem:34.80M, Peak:34.80M | Scene, RenderLayer | Updating Film
Fra:1 Mem:80.17M (0.00M, Peak 83.30M) | Time:00:00.36 | Mem:34.80M, Peak:34.80M | Scene, RenderLayer | Updating Lookup Tables
Fra:1 Mem:80.17M (0.00M, Peak 83.30M) | Time:00:00.36 | Mem:34.80M, Peak:34.80M | Scene, RenderLayer | Updating Baking
Fra:1 Mem:80.17M (0.00M, Peak 83.30M) | Time:00:00.36 | Mem:34.80M, Peak:34.80M | Scene, RenderLayer | Updating Device | Writing constant memory
Fra:1 Mem:80.17M (0.00M, Peak 83.30M) | Time:00:00.36 | Mem:34.80M, Peak:34.80M | Scene, RenderLayer | Path Tracing Tile 0/4, Sample 0/512
Fra:1 Mem:82.42M (0.00M, Peak 83.67M) | Time:00:00.36 | Mem:37.05M, Peak:37.05M | Scene, RenderLayer | Path Tracing Tile 1/4, Sample 0/512
Fra:1 Mem:82.42M (0.00M, Peak 84.67M) | Time:00:01.38 | Remaining:00:14.60 | Mem:37.05M, Peak:37.05M | Scene, RenderLayer | Path Tracing Tile 1/4, Sample 78/512
Fra:1 Mem:82.42M (0.00M, Peak 84.67M) | Time:00:02.39 | Remaining:00:13.54 | Mem:37.05M, Peak:37.05M | Scene, RenderLayer | Path Tracing Tile 1/4, Sample 156/512
Fra:1 Mem:82.42M (0.00M, Peak 84.67M) | Time:00:03.39 | Remaining:00:12.51 | Mem:37.05M, Peak:37.05M | Scene, RenderLayer | Path Tracing Tile 1/4, Sample 234/512
Fra:1 Mem:82.42M (0.00M, Peak 84.67M) | Time:00:04.41 | Remaining:00:11.50 | Mem:37.05M, Peak:37.05M | Scene, RenderLayer | Path Tracing Tile 1/4, Sample 312/512
Fra:1 Mem:82.42M (0.00M, Peak 84.67M) | Time:00:05.42 | Remaining:00:10.49 | Mem:37.05M, Peak:37.05M | Scene, RenderLayer | Path Tracing Tile 1/4, Sample 390/512
Fra:1 Mem:82.42M (0.00M, Peak 84.67M) | Time:00:06.42 | Remaining:00:09.50 | Mem:37.05M, Peak:37.05M | Scene, RenderLayer | Path Tracing Tile 1/4, Sample 467/512
Fra:1 Mem:80.17M (0.00M, Peak 84.67M) | Time:00:07.00 | Remaining:00:08.92 | Mem:34.80M, Peak:37.05M | Scene, RenderLayer | Path Tracing Tile 1/4, Sample 512/512
Fra:1 Mem:82.14M (0.00M, Peak 84.67M) | Time:00:07.01 | Remaining:00:08.92 | Mem:36.77M, Peak:37.05M | Scene, RenderLayer | Path Tracing Tile 2/4, Sample 512/512
Fra:1 Mem:82.14M (0.00M, Peak 84.67M) | Time:00:07.43 | Remaining:00:08.48 | Mem:36.77M, Peak:37.05M | Scene, RenderLayer | Path Tracing Tile 2/4, Sample 38/512
Fra:1 Mem:82.14M (0.00M, Peak 84.67M) | Time:00:08.43 | Remaining:00:07.42 | Mem:36.77M, Peak:37.05M | Scene, RenderLayer | Path Tracing Tile 2/4, Sample 129/512
Fra:1 Mem:82.14M (0.00M, Peak 84.67M) | Time:00:09.44 | Remaining:00:06.38 | Mem:36.77M, Peak:37.05M | Scene, RenderLayer | Path Tracing Tile 2/4, Sample 220/512
Fra:1 Mem:82.14M (0.00M, Peak 84.67M) | Time:00:10.44 | Remaining:00:05.36 | Mem:36.77M, Peak:37.05M | Scene, RenderLayer | Path Tracing Tile 2/4, Sample 310/512
Fra:1 Mem:82.14M (0.00M, Peak 84.67M) | Time:00:11.44 | Remaining:00:04.34 | Mem:36.77M, Peak:37.05M | Scene, RenderLayer | Path Tracing Tile 2/4, Sample 400/512
Fra:1 Mem:82.14M (0.00M, Peak 84.67M) | Time:00:12.44 | Remaining:00:03.32 | Mem:36.77M, Peak:37.05M | Scene, RenderLayer | Path Tracing Tile 2/4, Sample 490/512
Fra:1 Mem:80.17M (0.00M, Peak 84.67M) | Time:00:12.69 | Remaining:00:03.08 | Mem:34.80M, Peak:37.05M | Scene, RenderLayer | Path Tracing Tile 2/4, Sample 512/512
Fra:1 Mem:80.73M (0.00M, Peak 84.67M) | Time:00:12.69 | Remaining:00:03.08 | Mem:35.37M, Peak:37.05M | Scene, RenderLayer | Path Tracing Tile 3/4, Sample 512/512
Fra:1 Mem:80.73M (0.00M, Peak 84.67M) | Time:00:13.44 | Remaining:00:02.55 | Mem:35.37M, Peak:37.05M | Scene, RenderLayer | Path Tracing Tile 3/4, Sample 175/512
Fra:1 Mem:80.73M (0.00M, Peak 84.67M) | Time:00:14.44 | Remaining:00:01.83 | Mem:35.37M, Peak:37.05M | Scene, RenderLayer | Path Tracing Tile 3/4, Sample 406/512
Fra:1 Mem:80.17M (0.00M, Peak 84.67M) | Time:00:14.90 | Remaining:00:01.49 | Mem:34.80M, Peak:37.05M | Scene, RenderLayer | Path Tracing Tile 3/4, Sample 512/512
Fra:1 Mem:80.66M (0.00M, Peak 84.67M) | Time:00:14.91 | Remaining:00:01.49 | Mem:35.30M, Peak:37.05M | Scene, RenderLayer | Path Tracing Tile 4/4, Sample 512/512
Fra:1 Mem:80.66M (0.00M, Peak 84.67M) | Time:00:15.45 | Remaining:00:01.11 | Mem:35.30M, Peak:37.05M | Scene, RenderLayer | Path Tracing Tile 4/4, Sample 134/512
Fra:1 Mem:80.66M (0.00M, Peak 84.67M) | Time:00:16.45 | Remaining:00:00.39 | Mem:35.30M, Peak:37.05M | Scene, RenderLayer | Path Tracing Tile 4/4, Sample 380/512
Fra:1 Mem:80.17M (0.00M, Peak 84.67M) | Time:00:16.99 | Mem:34.80M, Peak:37.05M | Scene, RenderLayer | Path Tracing Tile 4/4, Sample 512/512
Fra:1 Mem:80.17M (0.00M, Peak 84.67M) | Time:00:16.99 | Mem:34.80M, Peak:37.05M | Scene, RenderLayer | Finished
Fra:1 Mem:28.01M (0.00M, Peak 84.67M) | Time:00:17.07 | Sce: Scene Ve:0 Fa:0 La:0
Saved: 'data/clevr-cleaned-variants/spy/fovariant-4/render/images/CLEVR_val_000003.png'
 Time: 00:17.11 (Saving: 00:00.04)

read blend: /home/ubuntu/vdp/data/clevr_scene_data/base_scene.blend
convertViewVec: called in an invalid context
convertViewVec: called in an invalid context
convertViewVec: called in an invalid context
convertViewVec: called in an invalid context
Fra:1 Mem:21.92M (0.00M, Peak 21.92M) | Time:00:00.00 | Preparing Scene data
Fra:1 Mem:34.01M (0.00M, Peak 35.00M) | Time:00:00.02 | Preparing Scene data
Fra:1 Mem:34.01M (0.00M, Peak 35.00M) | Time:00:00.02 | Creating Shadowbuffers
Fra:1 Mem:34.01M (0.00M, Peak 35.00M) | Time:00:00.02 | Raytree.. preparing
Fra:1 Mem:47.39M (0.00M, Peak 47.39M) | Time:00:00.03 | Raytree.. building
Fra:1 Mem:46.67M (0.00M, Peak 67.54M) | Time:00:00.25 | Raytree finished
Fra:1 Mem:46.67M (0.00M, Peak 67.54M) | Time:00:00.25 | Creating Environment maps
Fra:1 Mem:46.67M (0.00M, Peak 67.54M) | Time:00:00.25 | Caching Point Densities
Fra:1 Mem:46.67M (0.00M, Peak 67.54M) | Time:00:00.25 | Sce: Scene Ve:101384 Fa:97405 La:1
Fra:1 Mem:46.67M (0.00M, Peak 67.54M) | Time:00:00.25 | Loading voxel datasets
Fra:1 Mem:46.67M (0.00M, Peak 67.54M) | Time:00:00.25 | Sce: Scene Ve:101384 Fa:97405 La:1
Fra:1 Mem:46.67M (0.00M, Peak 67.54M) | Time:00:00.25 | Sce: Scene Ve:101384 Fa:97405 La:1
Fra:1 Mem:46.67M (0.00M, Peak 67.54M) | Time:00:00.25 | Volume preprocessing
Fra:1 Mem:46.67M (0.00M, Peak 67.54M) | Time:00:00.25 | Sce: Scene Ve:101384 Fa:97405 La:1
Fra:1 Mem:46.67M (0.00M, Peak 67.54M) | Time:00:00.25 | Sce: Scene Ve:101384 Fa:97405 La:1
Fra:1 Mem:50.74M (0.00M, Peak 67.54M) | Time:00:00.25 | Scene, Part 3-4
Fra:1 Mem:50.70M (0.00M, Peak 67.54M) | Time:00:00.25 | Scene, Part 4-4
Fra:1 Mem:49.67M (0.00M, Peak 67.54M) | Time:00:00.27 | Scene, Part 1-4
Fra:1 Mem:47.76M (0.00M, Peak 67.54M) | Time:00:00.27 | Scene, Part 2-4
Fra:1 Mem:21.77M (0.00M, Peak 67.54M) | Time:00:00.27 | Sce: Scene Ve:101384 Fa:97405 La:1
Saved: '/tmp/tmpyeeqv39v.png'
 Time: 00:00.29 (Saving: 00:00.01)

Fra:1 Mem:21.80M (0.00M, Peak 22.40M) | Time:00:00.04 | Mem:0.00M, Peak:0.00M | Scene, RenderLayer | Synchronizing object | Area
Fra:1 Mem:21.80M (0.00M, Peak 22.40M) | Time:00:00.04 | Mem:0.00M, Peak:0.00M | Scene, RenderLayer | Synchronizing object | Ground
Fra:1 Mem:21.87M (0.00M, Peak 22.40M) | Time:00:00.04 | Mem:0.00M, Peak:0.00M | Scene, RenderLayer | Synchronizing object | Empty
Fra:1 Mem:21.87M (0.00M, Peak 22.40M) | Time:00:00.04 | Mem:0.00M, Peak:0.00M | Scene, RenderLayer | Synchronizing object | Lamp_Back
Fra:1 Mem:21.87M (0.00M, Peak 22.40M) | Time:00:00.04 | Mem:0.00M, Peak:0.00M | Scene, RenderLayer | Synchronizing object | Lamp_Fill
Fra:1 Mem:21.87M (0.00M, Peak 22.40M) | Time:00:00.04 | Mem:0.00M, Peak:0.00M | Scene, RenderLayer | Synchronizing object | Lamp_Key
Fra:1 Mem:21.87M (0.00M, Peak 22.40M) | Time:00:00.04 | Mem:0.00M, Peak:0.00M | Scene, RenderLayer | Synchronizing object | Camera
Fra:1 Mem:21.87M (0.00M, Peak 22.40M) | Time:00:00.04 | Mem:0.00M, Peak:0.00M | Scene, RenderLayer | Synchronizing object | SmoothCylinder_0
Fra:1 Mem:24.65M (0.00M, Peak 27.87M) | Time:00:00.05 | Mem:0.00M, Peak:0.00M | Scene, RenderLayer | Synchronizing object | Sphere_0
Fra:1 Mem:26.15M (0.00M, Peak 27.87M) | Time:00:00.06 | Mem:0.00M, Peak:0.00M | Scene, RenderLayer | Synchronizing object | SmoothCylinder_1
Fra:1 Mem:28.93M (0.00M, Peak 32.15M) | Time:00:00.07 | Mem:0.00M, Peak:0.00M | Scene, RenderLayer | Synchronizing object | Sphere_1
Fra:1 Mem:30.42M (0.00M, Peak 32.15M) | Time:00:00.07 | Mem:0.00M, Peak:0.00M | Scene, RenderLayer | Initializing
Fra:1 Mem:30.42M (0.00M, Peak 32.15M) | Time:00:00.07 | Mem:0.00M, Peak:0.00M | Scene, RenderLayer | Loading render kernels (may take a few minutes the first time)
Fra:1 Mem:30.42M (0.00M, Peak 33.13M) | Time:00:00.09 | Mem:0.00M, Peak:0.00M | Scene, RenderLayer | Waiting for render to start
Fra:1 Mem:30.42M (0.00M, Peak 33.13M) | Time:00:00.09 | Mem:0.00M, Peak:0.00M | Scene, RenderLayer | Updating Scene
Fra:1 Mem:30.42M (0.00M, Peak 33.13M) | Time:00:00.09 | Mem:0.00M, Peak:0.00M | Scene, RenderLayer | Updating Shaders
Fra:1 Mem:30.68M (0.00M, Peak 33.13M) | Time:00:00.09 | Mem:0.00M, Peak:0.00M | Scene, RenderLayer | Updating Background
Fra:1 Mem:30.68M (0.00M, Peak 33.13M) | Time:00:00.09 | Mem:0.00M, Peak:0.00M | Scene, RenderLayer | Updating Camera
Fra:1 Mem:30.68M (0.00M, Peak 33.13M) | Time:00:00.09 | Mem:0.00M, Peak:0.00M | Scene, RenderLayer | Updating Meshes Flags
Fra:1 Mem:30.68M (0.00M, Peak 33.13M) | Time:00:00.09 | Mem:0.00M, Peak:0.00M | Scene, RenderLayer | Updating Objects
Fra:1 Mem:30.68M (0.00M, Peak 33.13M) | Time:00:00.09 | Mem:0.00M, Peak:0.00M | Scene, RenderLayer | Updating Objects | Copying Transformations to device
Fra:1 Mem:30.68M (0.00M, Peak 33.13M) | Time:00:00.09 | Mem:0.00M, Peak:0.00M | Scene, RenderLayer | Updating Objects | Applying Static Transformations
Fra:1 Mem:30.68M (0.00M, Peak 33.13M) | Time:00:00.09 | Mem:0.00M, Peak:0.00M | Scene, RenderLayer | Updating Meshes
Fra:1 Mem:33.66M (0.00M, Peak 33.66M) | Time:00:00.10 | Mem:0.00M, Peak:0.00M | Scene, RenderLayer | Updating Mesh | Computing attributes
Fra:1 Mem:34.12M (0.00M, Peak 34.12M) | Time:00:00.10 | Mem:0.00M, Peak:0.00M | Scene, RenderLayer | Updating Mesh | Copying Attributes to device
Fra:1 Mem:34.12M (0.00M, Peak 34.59M) | Time:00:00.10 | Mem:0.47M, Peak:0.47M | Scene, RenderLayer | Updating Scene BVH | Building
Fra:1 Mem:34.12M (0.00M, Peak 34.59M) | Time:00:00.10 | Mem:0.47M, Peak:0.47M | Scene, RenderLayer | Updating Scene BVH | Building BVH
Fra:1 Mem:45.28M (0.00M, Peak 45.29M) | Time:00:00.23 | Mem:0.47M, Peak:0.47M | Scene, RenderLayer | Updating Scene BVH | Packing BVH triangles and strands
Fra:1 Mem:55.70M (0.00M, Peak 55.70M) | Time:00:00.24 | Mem:0.47M, Peak:0.47M | Scene, RenderLayer | Updating Scene BVH | Packing BVH nodes
Fra:1 Mem:49.90M (0.00M, Peak 58.83M) | Time:00:00.25 | Mem:0.47M, Peak:0.47M | Scene, RenderLayer | Updating Scene BVH | Copying BVH to device
Fra:1 Mem:50.65M (0.00M, Peak 58.83M) | Time:00:00.26 | Mem:16.25M, Peak:16.25M | Scene, RenderLayer | Updating Mesh | Computing normals
Fra:1 Mem:57.45M (0.00M, Peak 58.83M) | Time:00:00.26 | Mem:16.25M, Peak:16.25M | Scene, RenderLayer | Updating Mesh | Copying Mesh to device
Fra:1 Mem:56.71M (0.00M, Peak 58.83M) | Time:00:00.27 | Mem:23.06M, Peak:23.06M | Scene, RenderLayer | Updating Objects Flags
Fra:1 Mem:56.71M (0.00M, Peak 58.83M) | Time:00:00.27 | Mem:23.06M, Peak:23.06M | Scene, RenderLayer | Updating Images
Fra:1 Mem:56.71M (0.00M, Peak 58.83M) | Time:00:00.27 | Mem:23.06M, Peak:23.06M | Scene, RenderLayer | Updating Camera Volume
Fra:1 Mem:56.71M (0.00M, Peak 58.83M) | Time:00:00.27 | Mem:23.06M, Peak:23.06M | Scene, RenderLayer | Updating Hair Systems
Fra:1 Mem:56.71M (0.00M, Peak 58.83M) | Time:00:00.27 | Mem:23.06M, Peak:23.06M | Scene, RenderLayer | Updating Hair settings | Copying Hair settings to device
Fra:1 Mem:56.71M (0.00M, Peak 58.83M) | Time:00:00.27 | Mem:23.06M, Peak:23.06M | Scene, RenderLayer | Updating Lookup Tables
Fra:1 Mem:56.71M (0.00M, Peak 58.83M) | Time:00:00.27 | Mem:23.31M, Peak:23.31M | Scene, RenderLayer | Updating Lights
Fra:1 Mem:56.71M (0.00M, Peak 58.83M) | Time:00:00.27 | Mem:23.31M, Peak:23.31M | Scene, RenderLayer | Updating Lights | Computing distribution
Fra:1 Mem:56.71M (0.00M, Peak 58.83M) | Time:00:00.27 | Mem:23.31M, Peak:23.31M | Scene, RenderLayer | Updating Particle Systems
Fra:1 Mem:56.71M (0.00M, Peak 58.83M) | Time:00:00.27 | Mem:23.31M, Peak:23.31M | Scene, RenderLayer | Updating Particle Systems | Copying Particles to device
Fra:1 Mem:56.71M (0.00M, Peak 58.83M) | Time:00:00.27 | Mem:23.31M, Peak:23.31M | Scene, RenderLayer | Updating Integrator
Fra:1 Mem:56.75M (0.00M, Peak 58.83M) | Time:00:00.27 | Mem:23.35M, Peak:23.35M | Scene, RenderLayer | Updating Film
Fra:1 Mem:56.75M (0.00M, Peak 58.83M) | Time:00:00.27 | Mem:23.35M, Peak:23.35M | Scene, RenderLayer | Updating Lookup Tables
Fra:1 Mem:56.75M (0.00M, Peak 58.83M) | Time:00:00.27 | Mem:23.35M, Peak:23.35M | Scene, RenderLayer | Updating Baking
Fra:1 Mem:56.75M (0.00M, Peak 58.83M) | Time:00:00.27 | Mem:23.35M, Peak:23.35M | Scene, RenderLayer | Updating Device | Writing constant memory
Fra:1 Mem:56.75M (0.00M, Peak 58.83M) | Time:00:00.27 | Mem:23.35M, Peak:23.35M | Scene, RenderLayer | Path Tracing Tile 0/4, Sample 0/512
Fra:1 Mem:59.00M (0.00M, Peak 60.25M) | Time:00:00.27 | Mem:25.60M, Peak:25.60M | Scene, RenderLayer | Path Tracing Tile 1/4, Sample 0/512
Fra:1 Mem:59.00M (0.00M, Peak 61.25M) | Time:00:01.28 | Remaining:00:11.99 | Mem:25.60M, Peak:25.60M | Scene, RenderLayer | Path Tracing Tile 1/4, Sample 93/512
Fra:1 Mem:59.00M (0.00M, Peak 61.25M) | Time:00:02.28 | Remaining:00:10.95 | Mem:25.60M, Peak:25.60M | Scene, RenderLayer | Path Tracing Tile 1/4, Sample 186/512
Fra:1 Mem:59.00M (0.00M, Peak 61.25M) | Time:00:03.28 | Remaining:00:09.94 | Mem:25.60M, Peak:25.60M | Scene, RenderLayer | Path Tracing Tile 1/4, Sample 279/512
Fra:1 Mem:59.00M (0.00M, Peak 61.25M) | Time:00:04.28 | Remaining:00:08.93 | Mem:25.60M, Peak:25.60M | Scene, RenderLayer | Path Tracing Tile 1/4, Sample 372/512
Fra:1 Mem:59.00M (0.00M, Peak 61.25M) | Time:00:05.29 | Remaining:00:07.93 | Mem:25.60M, Peak:25.60M | Scene, RenderLayer | Path Tracing Tile 1/4, Sample 465/512
Fra:1 Mem:56.75M (0.00M, Peak 61.25M) | Time:00:05.80 | Remaining:00:07.43 | Mem:23.35M, Peak:25.60M | Scene, RenderLayer | Path Tracing Tile 1/4, Sample 512/512
Fra:1 Mem:58.72M (0.00M, Peak 61.25M) | Time:00:05.80 | Remaining:00:07.43 | Mem:25.32M, Peak:25.60M | Scene, RenderLayer | Path Tracing Tile 2/4, Sample 512/512
Fra:1 Mem:58.72M (0.00M, Peak 61.25M) | Time:00:06.29 | Remaining:00:07.04 | Mem:25.32M, Peak:25.60M | Scene, RenderLayer | Path Tracing Tile 2/4, Sample 47/512
Fra:1 Mem:58.72M (0.00M, Peak 61.25M) | Time:00:07.29 | Remaining:00:06.20 | Mem:25.32M, Peak:25.60M | Scene, RenderLayer | Path Tracing Tile 2/4, Sample 143/512
Fra:1 Mem:58.72M (0.00M, Peak 61.25M) | Time:00:08.29 | Remaining:00:05.32 | Mem:25.32M, Peak:25.60M | Scene, RenderLayer | Path Tracing Tile 2/4, Sample 239/512
Fra:1 Mem:58.72M (0.00M, Peak 61.25M) | Time:00:09.29 | Remaining:00:04.42 | Mem:25.32M, Peak:25.60M | Scene, RenderLayer | Path Tracing Tile 2/4, Sample 335/512
Fra:1 Mem:58.72M (0.00M, Peak 61.25M) | Time:00:10.30 | Remaining:00:03.50 | Mem:25.32M, Peak:25.60M | Scene, RenderLayer | Path Tracing Tile 2/4, Sample 431/512
Fra:1 Mem:56.75M (0.00M, Peak 61.25M) | Time:00:11.15 | Remaining:00:02.72 | Mem:23.35M, Peak:25.60M | Scene, RenderLayer | Path Tracing Tile 2/4, Sample 512/512
Fra:1 Mem:57.32M (0.00M, Peak 61.25M) | Time:00:11.15 | Remaining:00:02.72 | Mem:23.91M, Peak:25.60M | Scene, RenderLayer | Path Tracing Tile 3/4, Sample 512/512
Fra:1 Mem:57.32M (0.00M, Peak 61.25M) | Time:00:11.30 | Remaining:00:02.63 | Mem:23.91M, Peak:25.60M | Scene, RenderLayer | Path Tracing Tile 3/4, Sample 35/512
Fra:1 Mem:57.32M (0.00M, Peak 61.25M) | Time:00:12.30 | Remaining:00:02.01 | Mem:23.91M, Peak:25.60M | Scene, RenderLayer | Path Tracing Tile 3/4, Sample 272/512
Fra:1 Mem:57.32M (0.00M, Peak 61.25M) | Time:00:13.31 | Remaining:00:01.35 | Mem:23.91M, Peak:25.60M | Scene, RenderLayer | Path Tracing Tile 3/4, Sample 507/512
Fra:1 Mem:56.75M (0.00M, Peak 61.25M) | Time:00:13.33 | Remaining:00:01.34 | Mem:23.35M, Peak:25.60M | Scene, RenderLayer | Path Tracing Tile 3/4, Sample 512/512
Fra:1 Mem:57.25M (0.00M, Peak 61.25M) | Time:00:13.33 | Remaining:00:01.34 | Mem:23.84M, Peak:25.60M | Scene, RenderLayer | Path Tracing Tile 4/4, Sample 512/512
Fra:1 Mem:57.25M (0.00M, Peak 61.25M) | Time:00:14.31 | Remaining:00:00.70 | Mem:23.84M, Peak:25.60M | Scene, RenderLayer | Path Tracing Tile 4/4, Sample 249/512
Fra:1 Mem:57.25M (0.00M, Peak 61.25M) | Time:00:15.31 | Remaining:00:00.02 | Mem:23.84M, Peak:25.60M | Scene, RenderLayer | Path Tracing Tile 4/4, Sample 502/512
Fra:1 Mem:56.75M (0.00M, Peak 61.25M) | Time:00:15.35 | Mem:23.35M, Peak:25.60M | Scene, RenderLayer | Path Tracing Tile 4/4, Sample 512/512
Fra:1 Mem:56.75M (0.00M, Peak 61.25M) | Time:00:15.35 | Mem:23.35M, Peak:25.60M | Scene, RenderLayer | Finished
Fra:1 Mem:21.80M (0.00M, Peak 61.25M) | Time:00:15.43 | Sce: Scene Ve:0 Fa:0 La:0
Saved: 'data/clevr-cleaned-variants/spy/fovariant-4/render/images/CLEVR_val_000004.png'
 Time: 00:15.47 (Saving: 00:00.04)

read blend: /home/ubuntu/vdp/data/clevr_scene_data/base_scene.blend
convertViewVec: called in an invalid context
convertViewVec: called in an invalid context
Fra:1 Mem:15.65M (0.00M, Peak 15.65M) | Time:00:00.00 | Preparing Scene data
Fra:1 Mem:21.69M (0.00M, Peak 22.68M) | Time:00:00.01 | Preparing Scene data
Fra:1 Mem:21.69M (0.00M, Peak 22.68M) | Time:00:00.01 | Creating Shadowbuffers
Fra:1 Mem:21.69M (0.00M, Peak 22.68M) | Time:00:00.01 | Raytree.. preparing
Fra:1 Mem:28.38M (0.00M, Peak 28.38M) | Time:00:00.01 | Raytree.. building
Fra:1 Mem:28.02M (0.00M, Peak 38.47M) | Time:00:00.12 | Raytree finished
Fra:1 Mem:28.02M (0.00M, Peak 38.47M) | Time:00:00.12 | Creating Environment maps
Fra:1 Mem:28.02M (0.00M, Peak 38.47M) | Time:00:00.12 | Caching Point Densities
Fra:1 Mem:28.02M (0.00M, Peak 38.47M) | Time:00:00.12 | Sce: Scene Ve:50692 Fa:48714 La:1
Fra:1 Mem:28.02M (0.00M, Peak 38.47M) | Time:00:00.12 | Loading voxel datasets
Fra:1 Mem:28.02M (0.00M, Peak 38.47M) | Time:00:00.12 | Sce: Scene Ve:50692 Fa:48714 La:1
Fra:1 Mem:28.02M (0.00M, Peak 38.47M) | Time:00:00.12 | Sce: Scene Ve:50692 Fa:48714 La:1
Fra:1 Mem:28.02M (0.00M, Peak 38.47M) | Time:00:00.12 | Volume preprocessing
Fra:1 Mem:28.02M (0.00M, Peak 38.47M) | Time:00:00.12 | Sce: Scene Ve:50692 Fa:48714 La:1
Fra:1 Mem:28.02M (0.00M, Peak 38.47M) | Time:00:00.12 | Sce: Scene Ve:50692 Fa:48714 La:1
Fra:1 Mem:32.09M (0.00M, Peak 38.47M) | Time:00:00.13 | Scene, Part 3-4
Fra:1 Mem:32.05M (0.00M, Peak 38.47M) | Time:00:00.13 | Scene, Part 4-4
Fra:1 Mem:31.12M (0.00M, Peak 38.47M) | Time:00:00.13 | Scene, Part 2-4
Fra:1 Mem:29.28M (0.00M, Peak 38.47M) | Time:00:00.14 | Scene, Part 1-4
Fra:1 Mem:15.57M (0.00M, Peak 38.47M) | Time:00:00.14 | Sce: Scene Ve:50692 Fa:48714 La:1
Saved: '/tmp/tmpgl5gswjk.png'
 Time: 00:00.15 (Saving: 00:00.01)

Fra:1 Mem:15.59M (0.00M, Peak 16.19M) | Time:00:00.04 | Mem:0.00M, Peak:0.00M | Scene, RenderLayer | Synchronizing object | Area
Fra:1 Mem:15.59M (0.00M, Peak 16.19M) | Time:00:00.04 | Mem:0.00M, Peak:0.00M | Scene, RenderLayer | Synchronizing object | Ground
Fra:1 Mem:15.66M (0.00M, Peak 16.19M) | Time:00:00.04 | Mem:0.00M, Peak:0.00M | Scene, RenderLayer | Synchronizing object | Empty
Fra:1 Mem:15.66M (0.00M, Peak 16.19M) | Time:00:00.04 | Mem:0.00M, Peak:0.00M | Scene, RenderLayer | Synchronizing object | Lamp_Back
Fra:1 Mem:15.66M (0.00M, Peak 16.19M) | Time:00:00.04 | Mem:0.00M, Peak:0.00M | Scene, RenderLayer | Synchronizing object | Lamp_Fill
Fra:1 Mem:15.66M (0.00M, Peak 16.19M) | Time:00:00.04 | Mem:0.00M, Peak:0.00M | Scene, RenderLayer | Synchronizing object | Lamp_Key
Fra:1 Mem:15.66M (0.00M, Peak 16.19M) | Time:00:00.04 | Mem:0.00M, Peak:0.00M | Scene, RenderLayer | Synchronizing object | Camera
Fra:1 Mem:15.66M (0.00M, Peak 16.19M) | Time:00:00.04 | Mem:0.00M, Peak:0.00M | Scene, RenderLayer | Synchronizing object | SmoothCylinder_0
Fra:1 Mem:18.44M (0.00M, Peak 21.66M) | Time:00:00.05 | Mem:0.00M, Peak:0.00M | Scene, RenderLayer | Synchronizing object | Sphere_0
Fra:1 Mem:19.94M (0.00M, Peak 21.66M) | Time:00:00.06 | Mem:0.00M, Peak:0.00M | Scene, RenderLayer | Initializing
Fra:1 Mem:19.94M (0.00M, Peak 21.66M) | Time:00:00.06 | Mem:0.00M, Peak:0.00M | Scene, RenderLayer | Loading render kernels (may take a few minutes the first time)
Fra:1 Mem:19.94M (0.00M, Peak 22.64M) | Time:00:00.07 | Mem:0.00M, Peak:0.00M | Scene, RenderLayer | Waiting for render to start
Fra:1 Mem:19.94M (0.00M, Peak 22.64M) | Time:00:00.07 | Mem:0.00M, Peak:0.00M | Scene, RenderLayer | Updating Scene
Fra:1 Mem:19.94M (0.00M, Peak 22.64M) | Time:00:00.07 | Mem:0.00M, Peak:0.00M | Scene, RenderLayer | Updating Shaders
Fra:1 Mem:20.19M (0.00M, Peak 22.64M) | Time:00:00.07 | Mem:0.00M, Peak:0.00M | Scene, RenderLayer | Updating Background
Fra:1 Mem:20.19M (0.00M, Peak 22.64M) | Time:00:00.07 | Mem:0.00M, Peak:0.00M | Scene, RenderLayer | Updating Camera
Fra:1 Mem:20.19M (0.00M, Peak 22.64M) | Time:00:00.07 | Mem:0.00M, Peak:0.00M | Scene, RenderLayer | Updating Meshes Flags
Fra:1 Mem:20.19M (0.00M, Peak 22.64M) | Time:00:00.07 | Mem:0.00M, Peak:0.00M | Scene, RenderLayer | Updating Objects
Fra:1 Mem:20.19M (0.00M, Peak 22.64M) | Time:00:00.07 | Mem:0.00M, Peak:0.00M | Scene, RenderLayer | Updating Objects | Copying Transformations to device
Fra:1 Mem:20.19M (0.00M, Peak 22.64M) | Time:00:00.08 | Mem:0.00M, Peak:0.00M | Scene, RenderLayer | Updating Objects | Applying Static Transformations
Fra:1 Mem:20.19M (0.00M, Peak 22.64M) | Time:00:00.08 | Mem:0.00M, Peak:0.00M | Scene, RenderLayer | Updating Meshes
Fra:1 Mem:21.69M (0.00M, Peak 22.64M) | Time:00:00.08 | Mem:0.00M, Peak:0.00M | Scene, RenderLayer | Updating Mesh | Computing attributes
Fra:1 Mem:21.93M (0.00M, Peak 22.64M) | Time:00:00.08 | Mem:0.00M, Peak:0.00M | Scene, RenderLayer | Updating Mesh | Copying Attributes to device
Fra:1 Mem:21.93M (0.00M, Peak 22.64M) | Time:00:00.08 | Mem:0.24M, Peak:0.24M | Scene, RenderLayer | Updating Scene BVH | Building
Fra:1 Mem:21.93M (0.00M, Peak 22.64M) | Time:00:00.08 | Mem:0.24M, Peak:0.24M | Scene, RenderLayer | Updating Scene BVH | Building BVH
Fra:1 Mem:27.55M (0.00M, Peak 27.55M) | Time:00:00.15 | Mem:0.24M, Peak:0.24M | Scene, RenderLayer | Updating Scene BVH | Packing BVH triangles and strands
Fra:1 Mem:32.80M (0.00M, Peak 32.80M) | Time:00:00.16 | Mem:0.24M, Peak:0.24M | Scene, RenderLayer | Updating Scene BVH | Packing BVH nodes
Fra:1 Mem:29.87M (0.00M, Peak 34.38M) | Time:00:00.17 | Mem:0.24M, Peak:0.24M | Scene, RenderLayer | Updating Scene BVH | Copying BVH to device
Fra:1 Mem:30.25M (0.00M, Peak 34.38M) | Time:00:00.17 | Mem:8.19M, Peak:8.19M | Scene, RenderLayer | Updating Mesh | Computing normals
Fra:1 Mem:33.68M (0.00M, Peak 34.38M) | Time:00:00.17 | Mem:8.19M, Peak:8.19M | Scene, RenderLayer | Updating Mesh | Copying Mesh to device
Fra:1 Mem:33.31M (0.00M, Peak 34.38M) | Time:00:00.17 | Mem:11.62M, Peak:11.62M | Scene, RenderLayer | Updating Objects Flags
Fra:1 Mem:33.31M (0.00M, Peak 34.38M) | Time:00:00.17 | Mem:11.62M, Peak:11.62M | Scene, RenderLayer | Updating Images
Fra:1 Mem:33.31M (0.00M, Peak 34.38M) | Time:00:00.17 | Mem:11.62M, Peak:11.62M | Scene, RenderLayer | Updating Camera Volume
Fra:1 Mem:33.31M (0.00M, Peak 34.38M) | Time:00:00.17 | Mem:11.62M, Peak:11.62M | Scene, RenderLayer | Updating Hair Systems
Fra:1 Mem:33.31M (0.00M, Peak 34.38M) | Time:00:00.17 | Mem:11.62M, Peak:11.62M | Scene, RenderLayer | Updating Hair settings | Copying Hair settings to device
Fra:1 Mem:33.31M (0.00M, Peak 34.38M) | Time:00:00.17 | Mem:11.62M, Peak:11.62M | Scene, RenderLayer | Updating Lookup Tables
Fra:1 Mem:33.31M (0.00M, Peak 34.38M) | Time:00:00.17 | Mem:11.87M, Peak:11.87M | Scene, RenderLayer | Updating Lights
Fra:1 Mem:33.31M (0.00M, Peak 34.38M) | Time:00:00.17 | Mem:11.87M, Peak:11.87M | Scene, RenderLayer | Updating Lights | Computing distribution
Fra:1 Mem:33.31M (0.00M, Peak 34.38M) | Time:00:00.17 | Mem:11.87M, Peak:11.87M | Scene, RenderLayer | Updating Particle Systems
Fra:1 Mem:33.31M (0.00M, Peak 34.38M) | Time:00:00.17 | Mem:11.87M, Peak:11.87M | Scene, RenderLayer | Updating Particle Systems | Copying Particles to device
Fra:1 Mem:33.31M (0.00M, Peak 34.38M) | Time:00:00.17 | Mem:11.87M, Peak:11.87M | Scene, RenderLayer | Updating Integrator
Fra:1 Mem:33.35M (0.00M, Peak 34.38M) | Time:00:00.17 | Mem:11.91M, Peak:11.91M | Scene, RenderLayer | Updating Film
Fra:1 Mem:33.35M (0.00M, Peak 34.38M) | Time:00:00.17 | Mem:11.91M, Peak:11.91M | Scene, RenderLayer | Updating Lookup Tables
Fra:1 Mem:33.35M (0.00M, Peak 34.38M) | Time:00:00.17 | Mem:11.91M, Peak:11.91M | Scene, RenderLayer | Updating Baking
Fra:1 Mem:33.35M (0.00M, Peak 34.38M) | Time:00:00.17 | Mem:11.91M, Peak:11.91M | Scene, RenderLayer | Updating Device | Writing constant memory
Fra:1 Mem:33.35M (0.00M, Peak 34.38M) | Time:00:00.17 | Mem:11.91M, Peak:11.91M | Scene, RenderLayer | Path Tracing Tile 0/4, Sample 0/512
Fra:1 Mem:35.60M (0.00M, Peak 36.85M) | Time:00:00.18 | Mem:14.16M, Peak:14.16M | Scene, RenderLayer | Path Tracing Tile 1/4, Sample 0/512
Fra:1 Mem:35.60M (0.00M, Peak 37.85M) | Time:00:01.18 | Remaining:00:11.16 | Mem:14.16M, Peak:14.16M | Scene, RenderLayer | Path Tracing Tile 1/4, Sample 99/512
Fra:1 Mem:35.60M (0.00M, Peak 37.85M) | Time:00:02.18 | Remaining:00:10.15 | Mem:14.16M, Peak:14.16M | Scene, RenderLayer | Path Tracing Tile 1/4, Sample 198/512
Fra:1 Mem:35.60M (0.00M, Peak 37.85M) | Time:00:03.18 | Remaining:00:09.14 | Mem:14.16M, Peak:14.16M | Scene, RenderLayer | Path Tracing Tile 1/4, Sample 297/512
Fra:1 Mem:35.60M (0.00M, Peak 37.85M) | Time:00:04.18 | Remaining:00:08.13 | Mem:14.16M, Peak:14.16M | Scene, RenderLayer | Path Tracing Tile 1/4, Sample 396/512
Fra:1 Mem:35.60M (0.00M, Peak 37.85M) | Time:00:05.19 | Remaining:00:07.13 | Mem:14.16M, Peak:14.16M | Scene, RenderLayer | Path Tracing Tile 1/4, Sample 495/512
Fra:1 Mem:33.35M (0.00M, Peak 37.85M) | Time:00:05.36 | Remaining:00:06.97 | Mem:11.91M, Peak:14.16M | Scene, RenderLayer | Path Tracing Tile 1/4, Sample 512/512
Fra:1 Mem:35.32M (0.00M, Peak 37.85M) | Time:00:05.37 | Remaining:00:06.97 | Mem:13.88M, Peak:14.16M | Scene, RenderLayer | Path Tracing Tile 2/4, Sample 512/512
Fra:1 Mem:35.32M (0.00M, Peak 37.85M) | Time:00:06.19 | Remaining:00:05.97 | Mem:13.88M, Peak:14.16M | Scene, RenderLayer | Path Tracing Tile 2/4, Sample 103/512
Fra:1 Mem:35.32M (0.00M, Peak 37.85M) | Time:00:07.20 | Remaining:00:04.80 | Mem:13.88M, Peak:14.16M | Scene, RenderLayer | Path Tracing Tile 2/4, Sample 229/512
Fra:1 Mem:35.32M (0.00M, Peak 37.85M) | Time:00:08.20 | Remaining:00:03.70 | Mem:13.88M, Peak:14.16M | Scene, RenderLayer | Path Tracing Tile 2/4, Sample 353/512
Fra:1 Mem:35.32M (0.00M, Peak 37.85M) | Time:00:09.20 | Remaining:00:02.63 | Mem:13.88M, Peak:14.16M | Scene, RenderLayer | Path Tracing Tile 2/4, Sample 476/512
Fra:1 Mem:33.35M (0.00M, Peak 37.85M) | Time:00:09.49 | Remaining:00:02.33 | Mem:11.91M, Peak:14.16M | Scene, RenderLayer | Path Tracing Tile 2/4, Sample 512/512
Fra:1 Mem:33.91M (0.00M, Peak 37.85M) | Time:00:09.50 | Remaining:00:02.33 | Mem:12.48M, Peak:14.16M | Scene, RenderLayer | Path Tracing Tile 3/4, Sample 512/512
Fra:1 Mem:33.91M (0.00M, Peak 37.85M) | Time:00:10.20 | Remaining:00:01.99 | Mem:12.48M, Peak:14.16M | Scene, RenderLayer | Path Tracing Tile 3/4, Sample 165/512
Fra:1 Mem:33.91M (0.00M, Peak 37.85M) | Time:00:11.20 | Remaining:00:01.46 | Mem:12.48M, Peak:14.16M | Scene, RenderLayer | Path Tracing Tile 3/4, Sample 398/512
Fra:1 Mem:33.35M (0.00M, Peak 37.85M) | Time:00:11.70 | Remaining:00:01.18 | Mem:11.91M, Peak:14.16M | Scene, RenderLayer | Path Tracing Tile 3/4, Sample 512/512
Fra:1 Mem:33.84M (0.00M, Peak 37.85M) | Time:00:11.70 | Remaining:00:01.18 | Mem:12.40M, Peak:14.16M | Scene, RenderLayer | Path Tracing Tile 4/4, Sample 512/512
Fra:1 Mem:33.84M (0.00M, Peak 37.85M) | Time:00:12.21 | Remaining:00:00.90 | Mem:12.40M, Peak:14.16M | Scene, RenderLayer | Path Tracing Tile 4/4, Sample 129/512
Fra:1 Mem:33.84M (0.00M, Peak 37.85M) | Time:00:13.21 | Remaining:00:00.31 | Mem:12.40M, Peak:14.16M | Scene, RenderLayer | Path Tracing Tile 4/4, Sample 381/512
Fra:1 Mem:33.35M (0.00M, Peak 37.85M) | Time:00:13.73 | Mem:11.91M, Peak:14.16M | Scene, RenderLayer | Path Tracing Tile 4/4, Sample 512/512
Fra:1 Mem:33.35M (0.00M, Peak 37.85M) | Time:00:13.73 | Mem:11.91M, Peak:14.16M | Scene, RenderLayer | Finished
Fra:1 Mem:15.59M (0.00M, Peak 37.85M) | Time:00:13.81 | Sce: Scene Ve:0 Fa:0 La:0
Saved: 'data/clevr-cleaned-variants/spy/fovariant-4/render/images/CLEVR_val_000005.png'
 Time: 00:13.85 (Saving: 00:00.03)


Blender quit

INFO test_net.py:  81: Called with args:
INFO test_net.py:  82: Namespace(cfg_file='clevr_inference/scene_parse/mask_rcnn/configs/baselines/e2e_mask_rcnn_R-50-FPN_1x.yaml', clevr_comp_cat=1, dataset='clevr_original_val', grab_conv=False, images_dir='data/clevr-cleaned-variants/spy/fovariant-4/render/images', load_ckpt='/home/ubuntu/vdp/data/ns-vqa-data/pretrained/object_detector.pt', load_detectron=None, multi_gpu_testing=False, name=None, output_dir='data/clevr-cleaned-variants/spy/fovariant-4/infer/mask_rcnn', range=None, rendersummary_path='data/clevr-cleaned-variants/spy/fovariant-4/render/summary.json', set_cfgs=[], vis=False)
INFO test_net.py: 125: Testing with config:
INFO test_net.py: 126: {'BBOX_XFORM_CLIP': 4.135166556742356,
 'CLEVR': {'COMP_CAT': True},
 'CROP_RESIZE_WITH_MAX_POOL': True,
 'CUDA': False,
 'DATA_DIR': '/home/ubuntu/vdp/data/ns-vqa-data/mask_rcnn',
 'DATA_LOADER': {'NUM_THREADS': 4},
 'DEBUG': False,
 'DEDUP_BOXES': 0.0625,
 'EPS': 1e-14,
 'EXPECTED_RESULTS': [],
 'EXPECTED_RESULTS_ATOL': 0.005,
 'EXPECTED_RESULTS_EMAIL': '',
 'EXPECTED_RESULTS_RTOL': 0.1,
 'FAST_RCNN': {'CONV_HEAD_DIM': 256,
               'MLP_HEAD_DIM': 1024,
               'NUM_STACKED_CONVS': 4,
               'ROI_BOX_HEAD': 'fast_rcnn_heads.roi_2mlp_head',
               'ROI_XFORM_METHOD': 'RoIAlign',
               'ROI_XFORM_RESOLUTION': 7,
               'ROI_XFORM_SAMPLING_RATIO': 2},
 'FPN': {'COARSEST_STRIDE': 32,
         'DIM': 256,
         'EXTRA_CONV_LEVELS': False,
         'FPN_ON': True,
         'MULTILEVEL_ROIS': True,
         'MULTILEVEL_RPN': True,
         'ROI_CANONICAL_LEVEL': 4,
         'ROI_CANONICAL_SCALE': 224,
         'ROI_MAX_LEVEL': 5,
         'ROI_MIN_LEVEL': 2,
         'RPN_ANCHOR_START_SIZE': 32,
         'RPN_ASPECT_RATIOS': (0.5, 1, 2),
         'RPN_COLLECT_SCALE': 1,
         'RPN_MAX_LEVEL': 6,
         'RPN_MIN_LEVEL': 2,
         'USE_GN': False,
         'ZERO_INIT_LATERAL': False},
 'GROUP_NORM': {'DIM_PER_GP': -1, 'EPSILON': 1e-05, 'NUM_GROUPS': 32},
 'KRCNN': {'CONV_HEAD_DIM': 256,
           'CONV_HEAD_KERNEL': 3,
           'CONV_INIT': 'GaussianFill',
           'DECONV_DIM': 256,
           'DECONV_KERNEL': 4,
           'DILATION': 1,
           'HEATMAP_SIZE': -1,
           'INFERENCE_MIN_SIZE': 0,
           'KEYPOINT_CONFIDENCE': 'bbox',
           'LOSS_WEIGHT': 1.0,
           'MIN_KEYPOINT_COUNT_FOR_VALID_MINIBATCH': 20,
           'NMS_OKS': False,
           'NORMALIZE_BY_VISIBLE_KEYPOINTS': True,
           'NUM_KEYPOINTS': -1,
           'NUM_STACKED_CONVS': 8,
           'ROI_KEYPOINTS_HEAD': '',
           'ROI_XFORM_METHOD': 'RoIAlign',
           'ROI_XFORM_RESOLUTION': 7,
           'ROI_XFORM_SAMPLING_RATIO': 0,
           'UP_SCALE': -1,
           'USE_DECONV': False,
           'USE_DECONV_OUTPUT': False},
 'MATLAB': 'matlab',
 'MODEL': {'BBOX_REG_WEIGHTS': (10.0, 10.0, 5.0, 5.0),
           'CLS_AGNOSTIC_BBOX_REG': False,
           'CONV_BODY': 'FPN.fpn_ResNet50_conv5_body',
           'FASTER_RCNN': True,
           'KEYPOINTS_ON': False,
           'LOAD_IMAGENET_PRETRAINED_WEIGHTS': True,
           'MASK_ON': True,
           'NUM_CLASSES': 49,
           'RPN_ONLY': False,
           'SHARE_RES5': False,
           'TYPE': 'generalized_rcnn',
           'UNSUPERVISED_POSE': False},
 'MRCNN': {'CLS_SPECIFIC_MASK': True,
           'CONV_INIT': 'MSRAFill',
           'DILATION': 1,
           'DIM_REDUCED': 256,
           'MEMORY_EFFICIENT_LOSS': True,
           'RESOLUTION': 28,
           'ROI_MASK_HEAD': 'mask_rcnn_heads.mask_rcnn_fcn_head_v1up4convs',
           'ROI_XFORM_METHOD': 'RoIAlign',
           'ROI_XFORM_RESOLUTION': 14,
           'ROI_XFORM_SAMPLING_RATIO': 2,
           'THRESH_BINARIZE': 0.5,
           'UPSAMPLE_RATIO': 1,
           'USE_FC_OUTPUT': False,
           'WEIGHT_LOSS_MASK': 1.0},
 'NUM_GPUS': 8,
 'OUTPUT_DIR': 'Outputs',
 'PIXEL_MEANS': array([[[102.9801, 115.9465, 122.7717]]]),
 'POOLING_MODE': 'crop',
 'POOLING_SIZE': 7,
 'PYTORCH_VERSION_LESS_THAN_040': False,
 'RESNETS': {'FREEZE_AT': 2,
             'IMAGENET_PRETRAINED_WEIGHTS': 'pretrained_model/resnet50_caffe.pth',
             'NUM_GROUPS': 1,
             'RES5_DILATION': 1,
             'SHORTCUT_FUNC': 'basic_bn_shortcut',
             'STEM_FUNC': 'basic_bn_stem',
             'STRIDE_1X1': True,
             'TRANS_FUNC': 'bottleneck_transformation',
             'USE_GN': False,
             'WIDTH_PER_GROUP': 64},
 'RETINANET': {'ANCHOR_SCALE': 4,
               'ASPECT_RATIOS': (0.5, 1.0, 2.0),
               'BBOX_REG_BETA': 0.11,
               'BBOX_REG_WEIGHT': 1.0,
               'CLASS_SPECIFIC_BBOX': False,
               'INFERENCE_TH': 0.05,
               'LOSS_ALPHA': 0.25,
               'LOSS_GAMMA': 2.0,
               'NEGATIVE_OVERLAP': 0.4,
               'NUM_CONVS': 4,
               'POSITIVE_OVERLAP': 0.5,
               'PRE_NMS_TOP_N': 1000,
               'PRIOR_PROB': 0.01,
               'RETINANET_ON': False,
               'SCALES_PER_OCTAVE': 3,
               'SHARE_CLS_BBOX_TOWER': False,
               'SOFTMAX': False},
 'RFCN': {'PS_GRID_SIZE': 3},
 'RNG_SEED': 3,
 'ROOT_DIR': '/home/ubuntu/vdp/clevr_inference/scene_parse/mask_rcnn',
 'RPN': {'ASPECT_RATIOS': (0.5, 1, 2),
         'CLS_ACTIVATION': 'sigmoid',
         'OUT_DIM': 512,
         'OUT_DIM_AS_IN_DIM': True,
         'RPN_ON': True,
         'SIZES': (64, 128, 256, 512),
         'STRIDE': 16},
 'SOLVER': {'BASE_LR': 0.02,
            'BIAS_DOUBLE_LR': True,
            'BIAS_WEIGHT_DECAY': False,
            'GAMMA': 0.1,
            'LOG_LR_CHANGE_THRESHOLD': 1.1,
            'LRS': [],
            'LR_POLICY': 'steps_with_decay',
            'MAX_ITER': 30000,
            'MOMENTUM': 0.9,
            'SCALE_MOMENTUM': True,
            'SCALE_MOMENTUM_THRESHOLD': 1.1,
            'STEPS': [0, 20000, 26000],
            'STEP_SIZE': 30000,
            'TYPE': 'SGD',
            'WARM_UP_FACTOR': 0.3333333333333333,
            'WARM_UP_ITERS': 500,
            'WARM_UP_METHOD': 'linear',
            'WEIGHT_DECAY': 0.0001,
            'WEIGHT_DECAY_GN': 0.0},
 'TEST': {'BBOX_AUG': {'AREA_TH_HI': 32400,
                       'AREA_TH_LO': 2500,
                       'ASPECT_RATIOS': (),
                       'ASPECT_RATIO_H_FLIP': False,
                       'COORD_HEUR': 'UNION',
                       'ENABLED': False,
                       'H_FLIP': False,
                       'MAX_SIZE': 4000,
                       'SCALES': (),
                       'SCALE_H_FLIP': False,
                       'SCALE_SIZE_DEP': False,
                       'SCORE_HEUR': 'UNION'},
          'BBOX_REG': True,
          'BBOX_VOTE': {'ENABLED': False,
                        'SCORING_METHOD': 'ID',
                        'SCORING_METHOD_BETA': 1.0,
                        'VOTE_TH': 0.8},
          'COMPETITION_MODE': True,
          'DATASETS': ('custom(data/clevr-cleaned-variants/spy/fovariant-4/render/images, '
                       'data/clevr-cleaned-variants/spy/fovariant-4/render/summary.json)',),
          'DETECTIONS_PER_IM': 100,
          'FORCE_JSON_DATASET_EVAL': False,
          'KPS_AUG': {'AREA_TH': 32400,
                      'ASPECT_RATIOS': (),
                      'ASPECT_RATIO_H_FLIP': False,
                      'ENABLED': False,
                      'HEUR': 'HM_AVG',
                      'H_FLIP': False,
                      'MAX_SIZE': 4000,
                      'SCALES': (),
                      'SCALE_H_FLIP': False,
                      'SCALE_SIZE_DEP': False},
          'MASK_AUG': {'AREA_TH': 32400,
                       'ASPECT_RATIOS': (),
                       'ASPECT_RATIO_H_FLIP': False,
                       'ENABLED': False,
                       'HEUR': 'SOFT_AVG',
                       'H_FLIP': False,
                       'MAX_SIZE': 4000,
                       'SCALES': (),
                       'SCALE_H_FLIP': False,
                       'SCALE_SIZE_DEP': False},
          'MAX_SIZE': 1333,
          'NMS': 0.5,
          'PRECOMPUTED_PROPOSALS': False,
          'PROPOSAL_FILES': (),
          'PROPOSAL_LIMIT': 2000,
          'RPN_MIN_SIZE': 0,
          'RPN_NMS_THRESH': 0.7,
          'RPN_POST_NMS_TOP_N': 1000,
          'RPN_PRE_NMS_TOP_N': 1000,
          'SCALE': 800,
          'SCORE_THRESH': 0.05,
          'SOFT_NMS': {'ENABLED': False, 'METHOD': 'linear', 'SIGMA': 0.5}},
 'TRAIN': {'ASPECT_CROPPING': False,
           'ASPECT_GROUPING': True,
           'ASPECT_HI': 2,
           'ASPECT_LO': 0.5,
           'BATCH_SIZE_PER_IM': 512,
           'BBOX_INSIDE_WEIGHTS': (1.0, 1.0, 1.0, 1.0),
           'BBOX_NORMALIZE_MEANS': (0.0, 0.0, 0.0, 0.0),
           'BBOX_NORMALIZE_STDS': (0.1, 0.1, 0.2, 0.2),
           'BBOX_NORMALIZE_TARGETS': True,
           'BBOX_NORMALIZE_TARGETS_PRECOMPUTED': False,
           'BBOX_THRESH': 0.5,
           'BG_THRESH_HI': 0.5,
           'BG_THRESH_LO': 0.0,
           'CROWD_FILTER_THRESH': 0.7,
           'DATASETS': (),
           'FG_FRACTION': 0.25,
           'FG_THRESH': 0.5,
           'FREEZE_CONV_BODY': False,
           'GT_MIN_AREA': -1,
           'IMS_PER_BATCH': 2,
           'MAX_SIZE': 1333,
           'PROPOSAL_FILES': (),
           'RPN_BATCH_SIZE_PER_IM': 256,
           'RPN_FG_FRACTION': 0.5,
           'RPN_MIN_SIZE': 0,
           'RPN_NEGATIVE_OVERLAP': 0.3,
           'RPN_NMS_THRESH': 0.7,
           'RPN_POSITIVE_OVERLAP': 0.7,
           'RPN_POST_NMS_TOP_N': 2000,
           'RPN_PRE_NMS_TOP_N': 2000,
           'RPN_STRADDLE_THRESH': 0,
           'SCALES': (800,),
           'SNAPSHOT_ITERS': 20000,
           'USE_FLIPPED': False},
 'VIS': False,
 'VIS_TH': 0.9}
INFO test_engine.py: 352: loading checkpoint /home/ubuntu/vdp/data/ns-vqa-data/pretrained/object_detector.pt
INFO test_engine.py: 286: im_detect: range [1, 6] of 6: 1/6 1.106s + 0.004s (eta: 0:00:05)
INFO test_engine.py: 336: Wrote detections to: /home/ubuntu/vdp/data/clevr-cleaned-variants/spy/fovariant-4/infer/mask_rcnn/detections.pkl
INFO test_engine.py: 164: Total inference time: 5.620s


| processing proposals 1 / 6 images
| processing proposals 2 / 6 images
| processing proposals 3 / 6 images
| processing proposals 4 / 6 images
| processing proposals 5 / 6 images
| processing proposals 6 / 6 images
| saving object annotations to data/clevr-cleaned-variants/spy/fovariant-4/infer/attrnet/predictions.json


| options
run_dir: data/clevr-cleaned-variants/spy/fovariant-4/solver_ir
dataset: clevr
load_checkpoint_path: /home/ubuntu/vdp/data/ns-vqa-data/pretrained/attribute_net.pt
gpu_ids: [0]
clevr_mini_img_dir: /home/ubuntu/vdp/data/ns-vqa-data/raw/CLEVR_mini/images
clevr_mini_ann_path: /home/ubuntu/vdp/data/ns-vqa-data/attr_net/objects/clevr_mini_objs.json
concat_img: 1
split_id: 3500
batch_size: 50
num_workers: 4
learning_rate: 0.002
split: val
output_path: data/clevr-cleaned-variants/spy/fovariant-4/solver_ir/results.json
clevr_val_ann_path: data/clevr-cleaned-variants/spy/fovariant-4/infer/attrnet/predictions.json
clevr_val_img_dir: /home/ubuntu/vdp/data/ns-vqa-data/raw/CLEVR_v1.0/images/val
shuffle_data: 0
use_cat_label: 1
name: fovariant-4
| loading checkpoint from /home/ubuntu/vdp/data/ns-vqa-data/pretrained/attribute_net.pt
clevr_object.py: CLEVR_val_000000.png val 0 0
clevr_object.py: CLEVR_val_000000.png val 0 1
clevr_object.py: CLEVR_val_000000.png val 0 2
clevr_object.py: CLEVR_val_000000.png val 0 3
clevr_object.py: CLEVR_val_000001.png val 1 4
clevr_object.py: CLEVR_val_000001.png val 1 5
clevr_object.py: CLEVR_val_000001.png val 1 6
clevr_object.py: CLEVR_val_000001.png val 1 7
clevr_object.py: CLEVR_val_000002.png val 2 8
clevr_object.py: CLEVR_val_000002.png val 2 9
clevr_object.py: CLEVR_val_000002.png val 2 10
clevr_object.py: CLEVR_val_000002.png val 2 11
clevr_object.py: CLEVR_val_000003.png val 3 12
clevr_object.py: CLEVR_val_000003.png val 3 13
clevr_object.py: CLEVR_val_000003.png val 3 14
clevr_object.py: CLEVR_val_000003.png val 3 15
clevr_object.py: CLEVR_val_000003.png val 3 16
clevr_object.py: CLEVR_val_000003.png val 3 17
clevr_object.py: CLEVR_val_000004.png val 4 18
clevr_object.py: CLEVR_val_000004.png val 4 19
clevr_object.py: CLEVR_val_000004.png val 4 20
clevr_object.py: CLEVR_val_000004.png val 4 21
clevr_object.py: CLEVR_val_000005.png val 5 22
clevr_object.py: CLEVR_val_000005.png val 5 23
24 / 24 objects processed
| saving annotation file to data/clevr-cleaned-variants/spy/fovariant-4/solver_ir/results.json


0.json in test
THRESHOLD relate_front objs = {'id': '0-0', 'position': [0.22138547897338867, -2.0924315452575684, 0.34293997287750244], 'color': 'brown', 'material': 'rubber', 'shape': 'cylinder', 'size': 'small'}, {'id': '0-1', 'position': [2.236933946609497, -1.8819323778152466, 0.35481536388397217], 'color': 'brown', 'material': 'rubber', 'shape': 'cylinder', 'size': 'small'}
THRESHOLD relate_left objs = {'id': '0-1', 'position': [2.236933946609497, -1.8819323778152466, 0.35481536388397217], 'color': 'brown', 'material': 'rubber', 'shape': 'cylinder', 'size': 'small'}, {'id': '0-3', 'position': [2.146944046020508, 2.020913600921631, 0.704257607460022], 'color': 'green', 'material': 'metal', 'shape': 'sphere', 'size': 'large'}
THRESHOLD relate_behind objs = {'id': '0-1', 'position': [2.236933946609497, -1.8819323778152466, 0.35481536388397217], 'color': 'brown', 'material': 'rubber', 'shape': 'cylinder', 'size': 'small'}, {'id': '0-0', 'position': [0.22138547897338867, -2.0924315452575684, 0.34293997287750244], 'color': 'brown', 'material': 'rubber', 'shape': 'cylinder', 'size': 'small'}
THRESHOLD relate_front objs = {'id': '0-2', 'position': [-0.009993769228458405, 1.9731959104537964, 0.7033862471580505], 'color': 'green', 'material': 'metal', 'shape': 'sphere', 'size': 'large'}, {'id': '0-3', 'position': [2.146944046020508, 2.020913600921631, 0.704257607460022], 'color': 'green', 'material': 'metal', 'shape': 'sphere', 'size': 'large'}
THRESHOLD relate_right objs = {'id': '0-3', 'position': [2.146944046020508, 2.020913600921631, 0.704257607460022], 'color': 'green', 'material': 'metal', 'shape': 'sphere', 'size': 'large'}, {'id': '0-1', 'position': [2.236933946609497, -1.8819323778152466, 0.35481536388397217], 'color': 'brown', 'material': 'rubber', 'shape': 'cylinder', 'size': 'small'}
THRESHOLD relate_behind objs = {'id': '0-3', 'position': [2.146944046020508, 2.020913600921631, 0.704257607460022], 'color': 'green', 'material': 'metal', 'shape': 'sphere', 'size': 'large'}, {'id': '0-2', 'position': [-0.009993769228458405, 1.9731959104537964, 0.7033862471580505], 'color': 'green', 'material': 'metal', 'shape': 'sphere', 'size': 'large'}
1.json in test
THRESHOLD relate_behind objs = {'id': '1-0', 'position': [1.9370815753936768, 2.1853575706481934, 0.3378252387046814], 'color': 'brown', 'material': 'rubber', 'shape': 'cylinder', 'size': 'small'}, {'id': '1-1', 'position': [-0.12534692883491516, 2.1412153244018555, 0.34450674057006836], 'color': 'brown', 'material': 'rubber', 'shape': 'cylinder', 'size': 'small'}
THRESHOLD relate_front objs = {'id': '1-1', 'position': [-0.12534692883491516, 2.1412153244018555, 0.34450674057006836], 'color': 'brown', 'material': 'rubber', 'shape': 'cylinder', 'size': 'small'}, {'id': '1-0', 'position': [1.9370815753936768, 2.1853575706481934, 0.3378252387046814], 'color': 'brown', 'material': 'rubber', 'shape': 'cylinder', 'size': 'small'}
THRESHOLD relate_front objs = {'id': '1-2', 'position': [0.24959558248519897, -1.9653979539871216, 0.34176433086395264], 'color': 'green', 'material': 'metal', 'shape': 'sphere', 'size': 'small'}, {'id': '1-3', 'position': [2.207517385482788, -1.8222830295562744, 0.3468663692474365], 'color': 'green', 'material': 'metal', 'shape': 'sphere', 'size': 'small'}
THRESHOLD relate_behind objs = {'id': '1-3', 'position': [2.207517385482788, -1.8222830295562744, 0.3468663692474365], 'color': 'green', 'material': 'metal', 'shape': 'sphere', 'size': 'small'}, {'id': '1-2', 'position': [0.24959558248519897, -1.9653979539871216, 0.34176433086395264], 'color': 'green', 'material': 'metal', 'shape': 'sphere', 'size': 'small'}
2.json in test
THRESHOLD relate_front objs = {'id': '2-0', 'position': [0.19162002205848694, -1.9365923404693604, 0.3544308543205261], 'color': 'brown', 'material': 'rubber', 'shape': 'cube', 'size': 'small'}, {'id': '2-1', 'position': [2.4877512454986572, -1.5601166486740112, 0.34921103715896606], 'color': 'brown', 'material': 'rubber', 'shape': 'cube', 'size': 'small'}
THRESHOLD relate_behind objs = {'id': '2-1', 'position': [2.4877512454986572, -1.5601166486740112, 0.34921103715896606], 'color': 'brown', 'material': 'rubber', 'shape': 'cube', 'size': 'small'}, {'id': '2-0', 'position': [0.19162002205848694, -1.9365923404693604, 0.3544308543205261], 'color': 'brown', 'material': 'rubber', 'shape': 'cube', 'size': 'small'}
THRESHOLD relate_behind objs = {'id': '2-2', 'position': [1.9835898876190186, 2.167368173599243, 0.6935229301452637], 'color': 'green', 'material': 'metal', 'shape': 'sphere', 'size': 'large'}, {'id': '2-3', 'position': [-0.10964172333478928, 1.903869867324829, 0.7393667101860046], 'color': 'green', 'material': 'metal', 'shape': 'sphere', 'size': 'large'}
THRESHOLD relate_front objs = {'id': '2-3', 'position': [-0.10964172333478928, 1.903869867324829, 0.7393667101860046], 'color': 'green', 'material': 'metal', 'shape': 'sphere', 'size': 'large'}, {'id': '2-2', 'position': [1.9835898876190186, 2.167368173599243, 0.6935229301452637], 'color': 'green', 'material': 'metal', 'shape': 'sphere', 'size': 'large'}
3.json in train
THRESHOLD relate_behind objs = {'id': '3-0', 'position': [1.5089055299758911, -2.427523612976074, 0.3427582383155823], 'color': 'brown', 'material': 'rubber', 'shape': 'cylinder', 'size': 'small'}, {'id': '3-2', 'position': [-1.1341238021850586, -2.824481248855591, 0.3461429476737976], 'color': 'brown', 'material': 'rubber', 'shape': 'cylinder', 'size': 'small'}
THRESHOLD relate_front objs = {'id': '3-0', 'position': [1.5089055299758911, -2.427523612976074, 0.3427582383155823], 'color': 'brown', 'material': 'rubber', 'shape': 'cylinder', 'size': 'small'}, {'id': '3-1', 'position': [0.2612995207309723, -2.4081199169158936, 0.3429124057292938], 'color': 'brown', 'material': 'rubber', 'shape': 'cylinder', 'size': 'small'}
THRESHOLD relate_behind objs = {'id': '3-1', 'position': [0.2612995207309723, -2.4081199169158936, 0.3429124057292938], 'color': 'brown', 'material': 'rubber', 'shape': 'cylinder', 'size': 'small'}, {'id': '3-0', 'position': [1.5089055299758911, -2.427523612976074, 0.3427582383155823], 'color': 'brown', 'material': 'rubber', 'shape': 'cylinder', 'size': 'small'}
THRESHOLD relate_front objs = {'id': '3-2', 'position': [-1.1341238021850586, -2.824481248855591, 0.3461429476737976], 'color': 'brown', 'material': 'rubber', 'shape': 'cylinder', 'size': 'small'}, {'id': '3-0', 'position': [1.5089055299758911, -2.427523612976074, 0.3427582383155823], 'color': 'brown', 'material': 'rubber', 'shape': 'cylinder', 'size': 'small'}
THRESHOLD relate_behind objs = {'id': '3-3', 'position': [1.8811935186386108, 2.2062199115753174, 0.6888574957847595], 'color': 'yellow', 'material': 'metal', 'shape': 'sphere', 'size': 'large'}, {'id': '3-4', 'position': [-0.08052533119916916, 2.1079964637756348, 0.6948773264884949], 'color': 'yellow', 'material': 'metal', 'shape': 'sphere', 'size': 'large'}
THRESHOLD relate_behind objs = {'id': '3-3', 'position': [1.8811935186386108, 2.2062199115753174, 0.6888574957847595], 'color': 'yellow', 'material': 'metal', 'shape': 'sphere', 'size': 'large'}, {'id': '3-5', 'position': [-2.111611843109131, 1.9458307027816772, 0.6992076635360718], 'color': 'yellow', 'material': 'metal', 'shape': 'sphere', 'size': 'large'}
THRESHOLD relate_behind objs = {'id': '3-4', 'position': [-0.08052533119916916, 2.1079964637756348, 0.6948773264884949], 'color': 'yellow', 'material': 'metal', 'shape': 'sphere', 'size': 'large'}, {'id': '3-5', 'position': [-2.111611843109131, 1.9458307027816772, 0.6992076635360718], 'color': 'yellow', 'material': 'metal', 'shape': 'sphere', 'size': 'large'}
THRESHOLD relate_front objs = {'id': '3-4', 'position': [-0.08052533119916916, 2.1079964637756348, 0.6948773264884949], 'color': 'yellow', 'material': 'metal', 'shape': 'sphere', 'size': 'large'}, {'id': '3-3', 'position': [1.8811935186386108, 2.2062199115753174, 0.6888574957847595], 'color': 'yellow', 'material': 'metal', 'shape': 'sphere', 'size': 'large'}
THRESHOLD relate_front objs = {'id': '3-5', 'position': [-2.111611843109131, 1.9458307027816772, 0.6992076635360718], 'color': 'yellow', 'material': 'metal', 'shape': 'sphere', 'size': 'large'}, {'id': '3-3', 'position': [1.8811935186386108, 2.2062199115753174, 0.6888574957847595], 'color': 'yellow', 'material': 'metal', 'shape': 'sphere', 'size': 'large'}
THRESHOLD relate_front objs = {'id': '3-5', 'position': [-2.111611843109131, 1.9458307027816772, 0.6992076635360718], 'color': 'yellow', 'material': 'metal', 'shape': 'sphere', 'size': 'large'}, {'id': '3-4', 'position': [-0.08052533119916916, 2.1079964637756348, 0.6948773264884949], 'color': 'yellow', 'material': 'metal', 'shape': 'sphere', 'size': 'large'}
4.json in train
THRESHOLD relate_front objs = {'id': '4-0', 'position': [0.04749614745378494, -2.657994031906128, 0.34334123134613037], 'color': 'purple', 'material': 'rubber', 'shape': 'cylinder', 'size': 'small'}, {'id': '4-1', 'position': [1.5232611894607544, -2.6412270069122314, 0.3396039605140686], 'color': 'purple', 'material': 'rubber', 'shape': 'cylinder', 'size': 'small'}
THRESHOLD relate_behind objs = {'id': '4-1', 'position': [1.5232611894607544, -2.6412270069122314, 0.3396039605140686], 'color': 'purple', 'material': 'rubber', 'shape': 'cylinder', 'size': 'small'}, {'id': '4-0', 'position': [0.04749614745378494, -2.657994031906128, 0.34334123134613037], 'color': 'purple', 'material': 'rubber', 'shape': 'cylinder', 'size': 'small'}
THRESHOLD relate_behind objs = {'id': '4-2', 'position': [1.9151328802108765, 2.1682586669921875, 0.6987488865852356], 'color': 'red', 'material': 'metal', 'shape': 'sphere', 'size': 'large'}, {'id': '4-3', 'position': [-0.2632518410682678, 2.011204481124878, 0.7017302513122559], 'color': 'red', 'material': 'metal', 'shape': 'sphere', 'size': 'large'}
THRESHOLD relate_front objs = {'id': '4-3', 'position': [-0.2632518410682678, 2.011204481124878, 0.7017302513122559], 'color': 'red', 'material': 'metal', 'shape': 'sphere', 'size': 'large'}, {'id': '4-2', 'position': [1.9151328802108765, 2.1682586669921875, 0.6987488865852356], 'color': 'red', 'material': 'metal', 'shape': 'sphere', 'size': 'large'}
5.json in train
