Started Logging. 2022-07-09 17:11:43.144691

found bundled python: /home/ubuntu/vdp-tool-chain/data/blender-2.78c-linux-glibc219-x86_64/2.78/python
read blend: /home/ubuntu/vdp-tool-chain/data/clevr_scene_data/base_scene.blend
convertViewVec: called in an invalid context
convertViewVec: called in an invalid context
convertViewVec: called in an invalid context
Fra:1 Mem:19.64M (0.00M, Peak 19.64M) | Time:00:00.00 | Preparing Scene data
Fra:1 Mem:29.77M (0.00M, Peak 31.92M) | Time:00:00.02 | Preparing Scene data
Fra:1 Mem:29.77M (0.00M, Peak 31.92M) | Time:00:00.02 | Creating Shadowbuffers
Fra:1 Mem:29.77M (0.00M, Peak 31.92M) | Time:00:00.02 | Raytree.. preparing
Fra:1 Mem:41.01M (0.00M, Peak 41.01M) | Time:00:00.03 | Raytree.. building
Fra:1 Mem:40.41M (0.00M, Peak 57.96M) | Time:00:00.20 | Raytree finished
Fra:1 Mem:40.41M (0.00M, Peak 57.96M) | Time:00:00.20 | Creating Environment maps
Fra:1 Mem:40.41M (0.00M, Peak 57.96M) | Time:00:00.20 | Caching Point Densities
Fra:1 Mem:40.41M (0.00M, Peak 57.96M) | Time:00:00.20 | Sce: Scene Ve:86022 Fa:81858 La:1
Fra:1 Mem:40.41M (0.00M, Peak 57.96M) | Time:00:00.20 | Loading voxel datasets
Fra:1 Mem:40.41M (0.00M, Peak 57.96M) | Time:00:00.20 | Sce: Scene Ve:86022 Fa:81858 La:1
Fra:1 Mem:40.41M (0.00M, Peak 57.96M) | Time:00:00.20 | Sce: Scene Ve:86022 Fa:81858 La:1
Fra:1 Mem:40.41M (0.00M, Peak 57.96M) | Time:00:00.20 | Volume preprocessing
Fra:1 Mem:40.41M (0.00M, Peak 57.96M) | Time:00:00.20 | Sce: Scene Ve:86022 Fa:81858 La:1
Fra:1 Mem:40.41M (0.00M, Peak 57.96M) | Time:00:00.20 | Sce: Scene Ve:86022 Fa:81858 La:1
Fra:1 Mem:44.44M (0.00M, Peak 57.96M) | Time:00:00.21 | Scene, Part 4-4
Fra:1 Mem:44.48M (0.00M, Peak 57.96M) | Time:00:00.21 | Scene, Part 3-4
Fra:1 Mem:43.51M (0.00M, Peak 57.96M) | Time:00:00.23 | Scene, Part 2-4
Fra:1 Mem:41.67M (0.00M, Peak 57.96M) | Time:00:00.23 | Scene, Part 1-4
Fra:1 Mem:19.53M (0.00M, Peak 57.96M) | Time:00:00.23 | Sce: Scene Ve:86022 Fa:81858 La:1
Saved: '/tmp/tmprlxujz08.png'
 Time: 00:00.28 (Saving: 00:00.04)

Fra:1 Mem:19.56M (0.00M, Peak 20.15M) | Time:00:00.04 | Mem:0.00M, Peak:0.00M | Scene, RenderLayer | Synchronizing object | Area
Fra:1 Mem:19.56M (0.00M, Peak 20.15M) | Time:00:00.04 | Mem:0.00M, Peak:0.00M | Scene, RenderLayer | Synchronizing object | Ground
Fra:1 Mem:19.63M (0.00M, Peak 20.15M) | Time:00:00.04 | Mem:0.00M, Peak:0.00M | Scene, RenderLayer | Synchronizing object | Empty
Fra:1 Mem:19.63M (0.00M, Peak 20.15M) | Time:00:00.04 | Mem:0.00M, Peak:0.00M | Scene, RenderLayer | Synchronizing object | Lamp_Back
Fra:1 Mem:19.63M (0.00M, Peak 20.15M) | Time:00:00.04 | Mem:0.00M, Peak:0.00M | Scene, RenderLayer | Synchronizing object | Lamp_Fill
Fra:1 Mem:19.63M (0.00M, Peak 20.15M) | Time:00:00.04 | Mem:0.00M, Peak:0.00M | Scene, RenderLayer | Synchronizing object | Lamp_Key
Fra:1 Mem:19.63M (0.00M, Peak 20.15M) | Time:00:00.04 | Mem:0.00M, Peak:0.00M | Scene, RenderLayer | Synchronizing object | Camera
Fra:1 Mem:19.63M (0.00M, Peak 20.15M) | Time:00:00.04 | Mem:0.00M, Peak:0.00M | Scene, RenderLayer | Synchronizing object | SmoothCylinder_0
Fra:1 Mem:22.95M (0.00M, Peak 26.03M) | Time:00:00.06 | Mem:0.00M, Peak:0.00M | Scene, RenderLayer | Synchronizing object | Sphere_0
Fra:1 Mem:24.44M (0.00M, Peak 26.03M) | Time:00:00.06 | Mem:0.00M, Peak:0.00M | Scene, RenderLayer | Synchronizing object | SmoothCylinder_1
Fra:1 Mem:27.76M (0.00M, Peak 30.85M) | Time:00:00.07 | Mem:0.00M, Peak:0.00M | Scene, RenderLayer | Initializing
Fra:1 Mem:27.76M (0.00M, Peak 30.85M) | Time:00:00.07 | Mem:0.00M, Peak:0.00M | Scene, RenderLayer | Loading render kernels (may take a few minutes the first time)
Fra:1 Mem:27.76M (0.00M, Peak 30.85M) | Time:00:00.09 | Mem:0.00M, Peak:0.00M | Scene, RenderLayer | Waiting for render to start
Fra:1 Mem:27.76M (0.00M, Peak 30.85M) | Time:00:00.09 | Mem:0.00M, Peak:0.00M | Scene, RenderLayer | Updating Scene
Fra:1 Mem:27.76M (0.00M, Peak 30.85M) | Time:00:00.09 | Mem:0.00M, Peak:0.00M | Scene, RenderLayer | Updating Shaders
Fra:1 Mem:28.26M (0.00M, Peak 30.85M) | Time:00:00.17 | Mem:0.00M, Peak:0.00M | Scene, RenderLayer | Updating Background
Fra:1 Mem:28.26M (0.00M, Peak 30.85M) | Time:00:00.17 | Mem:0.00M, Peak:0.00M | Scene, RenderLayer | Updating Camera
Fra:1 Mem:28.26M (0.00M, Peak 30.85M) | Time:00:00.17 | Mem:0.00M, Peak:0.00M | Scene, RenderLayer | Updating Meshes Flags
Fra:1 Mem:28.26M (0.00M, Peak 30.85M) | Time:00:00.17 | Mem:0.00M, Peak:0.00M | Scene, RenderLayer | Updating Objects
Fra:1 Mem:28.26M (0.00M, Peak 30.85M) | Time:00:00.17 | Mem:0.00M, Peak:0.00M | Scene, RenderLayer | Updating Objects | Copying Transformations to device
Fra:1 Mem:28.27M (0.00M, Peak 30.85M) | Time:00:00.17 | Mem:0.00M, Peak:0.00M | Scene, RenderLayer | Updating Objects | Applying Static Transformations
Fra:1 Mem:28.27M (0.00M, Peak 30.85M) | Time:00:00.17 | Mem:0.00M, Peak:0.00M | Scene, RenderLayer | Updating Meshes
Fra:1 Mem:30.77M (0.00M, Peak 30.85M) | Time:00:00.18 | Mem:0.00M, Peak:0.00M | Scene, RenderLayer | Updating Mesh | Computing attributes
Fra:1 Mem:32.09M (0.00M, Peak 32.09M) | Time:00:00.18 | Mem:0.00M, Peak:0.00M | Scene, RenderLayer | Updating Mesh | Copying Attributes to device
Fra:1 Mem:32.09M (0.00M, Peak 33.40M) | Time:00:00.18 | Mem:1.32M, Peak:1.32M | Scene, RenderLayer | Updating Scene BVH | Building
Fra:1 Mem:32.09M (0.00M, Peak 33.40M) | Time:00:00.18 | Mem:1.32M, Peak:1.32M | Scene, RenderLayer | Updating Scene BVH | Building BVH
Fra:1 Mem:41.49M (0.00M, Peak 41.49M) | Time:00:00.29 | Mem:1.32M, Peak:1.32M | Scene, RenderLayer | Updating Scene BVH | Packing BVH triangles and strands
Fra:1 Mem:50.26M (0.00M, Peak 50.26M) | Time:00:00.30 | Mem:1.32M, Peak:1.32M | Scene, RenderLayer | Updating Scene BVH | Packing BVH nodes
Fra:1 Mem:45.41M (0.00M, Peak 52.94M) | Time:00:00.31 | Mem:1.32M, Peak:1.32M | Scene, RenderLayer | Updating Scene BVH | Copying BVH to device
Fra:1 Mem:46.04M (0.00M, Peak 52.94M) | Time:00:00.32 | Mem:14.64M, Peak:14.64M | Scene, RenderLayer | Updating Mesh | Computing normals
Fra:1 Mem:51.79M (0.00M, Peak 52.94M) | Time:00:00.32 | Mem:14.64M, Peak:14.64M | Scene, RenderLayer | Updating Mesh | Copying Mesh to device
Fra:1 Mem:51.17M (0.00M, Peak 52.94M) | Time:00:00.32 | Mem:20.40M, Peak:20.40M | Scene, RenderLayer | Updating Objects Flags
Fra:1 Mem:51.17M (0.00M, Peak 52.94M) | Time:00:00.32 | Mem:20.40M, Peak:20.40M | Scene, RenderLayer | Updating Images
Fra:1 Mem:51.17M (0.00M, Peak 52.94M) | Time:00:00.32 | Mem:20.40M, Peak:20.40M | Scene, RenderLayer | Updating Camera Volume
Fra:1 Mem:51.17M (0.00M, Peak 52.94M) | Time:00:00.32 | Mem:20.40M, Peak:20.40M | Scene, RenderLayer | Updating Hair Systems
Fra:1 Mem:51.17M (0.00M, Peak 52.94M) | Time:00:00.32 | Mem:20.40M, Peak:20.40M | Scene, RenderLayer | Updating Hair settings | Copying Hair settings to device
Fra:1 Mem:51.17M (0.00M, Peak 52.94M) | Time:00:00.32 | Mem:20.40M, Peak:20.40M | Scene, RenderLayer | Updating Lookup Tables
Fra:1 Mem:51.17M (0.00M, Peak 52.94M) | Time:00:00.32 | Mem:20.65M, Peak:20.65M | Scene, RenderLayer | Updating Lights
Fra:1 Mem:51.17M (0.00M, Peak 52.94M) | Time:00:00.32 | Mem:20.65M, Peak:20.65M | Scene, RenderLayer | Updating Lights | Computing distribution
Fra:1 Mem:51.17M (0.00M, Peak 52.94M) | Time:00:00.32 | Mem:20.65M, Peak:20.65M | Scene, RenderLayer | Updating Particle Systems
Fra:1 Mem:51.17M (0.00M, Peak 52.94M) | Time:00:00.32 | Mem:20.65M, Peak:20.65M | Scene, RenderLayer | Updating Particle Systems | Copying Particles to device
Fra:1 Mem:51.17M (0.00M, Peak 52.94M) | Time:00:00.32 | Mem:20.65M, Peak:20.65M | Scene, RenderLayer | Updating Integrator
Fra:1 Mem:51.21M (0.00M, Peak 52.94M) | Time:00:00.32 | Mem:20.69M, Peak:20.69M | Scene, RenderLayer | Updating Film
Fra:1 Mem:51.21M (0.00M, Peak 52.94M) | Time:00:00.32 | Mem:20.69M, Peak:20.69M | Scene, RenderLayer | Updating Lookup Tables
Fra:1 Mem:51.21M (0.00M, Peak 52.94M) | Time:00:00.32 | Mem:20.69M, Peak:20.69M | Scene, RenderLayer | Updating Baking
Fra:1 Mem:51.21M (0.00M, Peak 52.94M) | Time:00:00.32 | Mem:20.69M, Peak:20.69M | Scene, RenderLayer | Updating Device | Writing constant memory
Fra:1 Mem:51.21M (0.00M, Peak 52.94M) | Time:00:00.32 | Mem:20.69M, Peak:20.69M | Scene, RenderLayer | Path Tracing Tile 0/4, Sample 0/512
Fra:1 Mem:53.46M (0.00M, Peak 54.71M) | Time:00:00.32 | Mem:22.94M, Peak:22.94M | Scene, RenderLayer | Path Tracing Tile 1/4, Sample 0/512
Fra:1 Mem:53.46M (0.00M, Peak 55.71M) | Time:00:01.33 | Remaining:00:12.12 | Mem:22.94M, Peak:22.94M | Scene, RenderLayer | Path Tracing Tile 1/4, Sample 92/512
Fra:1 Mem:53.46M (0.00M, Peak 55.71M) | Time:00:02.33 | Remaining:00:11.10 | Mem:22.94M, Peak:22.94M | Scene, RenderLayer | Path Tracing Tile 1/4, Sample 184/512
Fra:1 Mem:53.46M (0.00M, Peak 55.71M) | Time:00:03.33 | Remaining:00:10.08 | Mem:22.94M, Peak:22.94M | Scene, RenderLayer | Path Tracing Tile 1/4, Sample 276/512
Fra:1 Mem:53.46M (0.00M, Peak 55.71M) | Time:00:04.34 | Remaining:00:09.07 | Mem:22.94M, Peak:22.94M | Scene, RenderLayer | Path Tracing Tile 1/4, Sample 368/512
Fra:1 Mem:53.46M (0.00M, Peak 55.71M) | Time:00:05.35 | Remaining:00:08.08 | Mem:22.94M, Peak:22.94M | Scene, RenderLayer | Path Tracing Tile 1/4, Sample 460/512
Fra:1 Mem:51.21M (0.00M, Peak 55.71M) | Time:00:05.92 | Remaining:00:07.52 | Mem:20.69M, Peak:22.94M | Scene, RenderLayer | Path Tracing Tile 1/4, Sample 512/512
Fra:1 Mem:53.18M (0.00M, Peak 55.71M) | Time:00:05.92 | Remaining:00:07.52 | Mem:22.66M, Peak:22.94M | Scene, RenderLayer | Path Tracing Tile 2/4, Sample 512/512
Fra:1 Mem:53.18M (0.00M, Peak 55.71M) | Time:00:06.35 | Remaining:00:07.08 | Mem:22.66M, Peak:22.94M | Scene, RenderLayer | Path Tracing Tile 2/4, Sample 45/512
Fra:1 Mem:53.18M (0.00M, Peak 55.71M) | Time:00:07.35 | Remaining:00:06.05 | Mem:22.66M, Peak:22.94M | Scene, RenderLayer | Path Tracing Tile 2/4, Sample 152/512
Fra:1 Mem:53.18M (0.00M, Peak 55.71M) | Time:00:08.36 | Remaining:00:05.03 | Mem:22.66M, Peak:22.94M | Scene, RenderLayer | Path Tracing Tile 2/4, Sample 258/512
Fra:1 Mem:53.18M (0.00M, Peak 55.71M) | Time:00:09.36 | Remaining:00:04.02 | Mem:22.66M, Peak:22.94M | Scene, RenderLayer | Path Tracing Tile 2/4, Sample 364/512
Fra:1 Mem:53.18M (0.00M, Peak 55.71M) | Time:00:10.37 | Remaining:00:03.01 | Mem:22.66M, Peak:22.94M | Scene, RenderLayer | Path Tracing Tile 2/4, Sample 470/512
Fra:1 Mem:51.21M (0.00M, Peak 55.71M) | Time:00:10.77 | Remaining:00:02.61 | Mem:20.69M, Peak:22.94M | Scene, RenderLayer | Path Tracing Tile 2/4, Sample 512/512
Fra:1 Mem:51.77M (0.00M, Peak 55.71M) | Time:00:10.77 | Remaining:00:02.61 | Mem:21.25M, Peak:22.94M | Scene, RenderLayer | Path Tracing Tile 3/4, Sample 512/512
Fra:1 Mem:51.77M (0.00M, Peak 55.71M) | Time:00:11.37 | Remaining:00:02.27 | Mem:21.25M, Peak:22.94M | Scene, RenderLayer | Path Tracing Tile 3/4, Sample 141/512
Fra:1 Mem:51.77M (0.00M, Peak 55.71M) | Time:00:12.37 | Remaining:00:01.66 | Mem:21.25M, Peak:22.94M | Scene, RenderLayer | Path Tracing Tile 3/4, Sample 376/512
Fra:1 Mem:51.21M (0.00M, Peak 55.71M) | Time:00:12.96 | Remaining:00:01.30 | Mem:20.69M, Peak:22.94M | Scene, RenderLayer | Path Tracing Tile 3/4, Sample 512/512
Fra:1 Mem:51.70M (0.00M, Peak 55.71M) | Time:00:12.96 | Remaining:00:01.30 | Mem:21.18M, Peak:22.94M | Scene, RenderLayer | Path Tracing Tile 4/4, Sample 512/512
Fra:1 Mem:51.70M (0.00M, Peak 55.71M) | Time:00:13.37 | Remaining:00:01.04 | Mem:21.18M, Peak:22.94M | Scene, RenderLayer | Path Tracing Tile 4/4, Sample 106/512
Fra:1 Mem:51.70M (0.00M, Peak 55.71M) | Time:00:14.38 | Remaining:00:00.40 | Mem:21.18M, Peak:22.94M | Scene, RenderLayer | Path Tracing Tile 4/4, Sample 360/512
Fra:1 Mem:51.21M (0.00M, Peak 55.71M) | Time:00:14.98 | Mem:20.69M, Peak:22.94M | Scene, RenderLayer | Path Tracing Tile 4/4, Sample 512/512
Fra:1 Mem:51.21M (0.00M, Peak 55.71M) | Time:00:14.98 | Mem:20.69M, Peak:22.94M | Scene, RenderLayer | Finished
Fra:1 Mem:19.80M (0.00M, Peak 55.71M) | Time:00:15.06 | Sce: Scene Ve:0 Fa:0 La:0
Saved: 'data/clevr-cleaned-variants/circle-at-ends/fovariant-17/render/images/CLEVR_val_000000.png'
 Time: 00:15.10 (Saving: 00:00.04)

read blend: /home/ubuntu/vdp-tool-chain/data/clevr_scene_data/base_scene.blend
convertViewVec: called in an invalid context
convertViewVec: called in an invalid context
convertViewVec: called in an invalid context
Fra:1 Mem:19.90M (0.00M, Peak 19.90M) | Time:00:00.00 | Preparing Scene data
Fra:1 Mem:30.04M (0.00M, Peak 32.19M) | Time:00:00.02 | Preparing Scene data
Fra:1 Mem:30.04M (0.00M, Peak 32.19M) | Time:00:00.02 | Creating Shadowbuffers
Fra:1 Mem:30.04M (0.00M, Peak 32.19M) | Time:00:00.02 | Raytree.. preparing
Fra:1 Mem:41.28M (0.00M, Peak 41.28M) | Time:00:00.03 | Raytree.. building
Fra:1 Mem:40.67M (0.00M, Peak 58.22M) | Time:00:00.21 | Raytree finished
Fra:1 Mem:40.67M (0.00M, Peak 58.22M) | Time:00:00.21 | Creating Environment maps
Fra:1 Mem:40.67M (0.00M, Peak 58.22M) | Time:00:00.21 | Caching Point Densities
Fra:1 Mem:40.67M (0.00M, Peak 58.22M) | Time:00:00.21 | Sce: Scene Ve:86022 Fa:81853 La:1
Fra:1 Mem:40.67M (0.00M, Peak 58.22M) | Time:00:00.21 | Loading voxel datasets
Fra:1 Mem:40.67M (0.00M, Peak 58.22M) | Time:00:00.21 | Sce: Scene Ve:86022 Fa:81853 La:1
Fra:1 Mem:40.68M (0.00M, Peak 58.22M) | Time:00:00.21 | Sce: Scene Ve:86022 Fa:81853 La:1
Fra:1 Mem:40.68M (0.00M, Peak 58.22M) | Time:00:00.21 | Volume preprocessing
Fra:1 Mem:40.68M (0.00M, Peak 58.22M) | Time:00:00.21 | Sce: Scene Ve:86022 Fa:81853 La:1
Fra:1 Mem:40.68M (0.00M, Peak 58.22M) | Time:00:00.21 | Sce: Scene Ve:86022 Fa:81853 La:1
Fra:1 Mem:44.97M (0.00M, Peak 58.22M) | Time:00:00.22 | Scene, Part 3-4
Fra:1 Mem:44.71M (0.00M, Peak 58.22M) | Time:00:00.22 | Scene, Part 4-4
Fra:1 Mem:43.68M (0.00M, Peak 58.22M) | Time:00:00.22 | Scene, Part 1-4
Fra:1 Mem:41.77M (0.00M, Peak 58.22M) | Time:00:00.23 | Scene, Part 2-4
Fra:1 Mem:19.79M (0.00M, Peak 58.22M) | Time:00:00.23 | Sce: Scene Ve:86022 Fa:81853 La:1
Saved: '/tmp/tmpfyjygmnl.png'
 Time: 00:00.24 (Saving: 00:00.01)

Fra:1 Mem:19.82M (0.00M, Peak 20.42M) | Time:00:00.04 | Mem:0.00M, Peak:0.00M | Scene, RenderLayer | Synchronizing object | Area
Fra:1 Mem:19.82M (0.00M, Peak 20.42M) | Time:00:00.04 | Mem:0.00M, Peak:0.00M | Scene, RenderLayer | Synchronizing object | Ground
Fra:1 Mem:19.89M (0.00M, Peak 20.42M) | Time:00:00.04 | Mem:0.00M, Peak:0.00M | Scene, RenderLayer | Synchronizing object | Empty
Fra:1 Mem:19.89M (0.00M, Peak 20.42M) | Time:00:00.04 | Mem:0.00M, Peak:0.00M | Scene, RenderLayer | Synchronizing object | Lamp_Back
Fra:1 Mem:19.89M (0.00M, Peak 20.42M) | Time:00:00.04 | Mem:0.00M, Peak:0.00M | Scene, RenderLayer | Synchronizing object | Lamp_Fill
Fra:1 Mem:19.89M (0.00M, Peak 20.42M) | Time:00:00.04 | Mem:0.00M, Peak:0.00M | Scene, RenderLayer | Synchronizing object | Lamp_Key
Fra:1 Mem:19.89M (0.00M, Peak 20.42M) | Time:00:00.04 | Mem:0.00M, Peak:0.00M | Scene, RenderLayer | Synchronizing object | Camera
Fra:1 Mem:19.89M (0.00M, Peak 20.42M) | Time:00:00.04 | Mem:0.00M, Peak:0.00M | Scene, RenderLayer | Synchronizing object | Sphere_0
Fra:1 Mem:21.38M (0.00M, Peak 22.82M) | Time:00:00.05 | Mem:0.00M, Peak:0.00M | Scene, RenderLayer | Synchronizing object | SmoothCylinder_0
Fra:1 Mem:24.70M (0.00M, Peak 27.79M) | Time:00:00.06 | Mem:0.00M, Peak:0.00M | Scene, RenderLayer | Synchronizing object | SmoothCylinder_1
Fra:1 Mem:28.03M (0.00M, Peak 31.11M) | Time:00:00.07 | Mem:0.00M, Peak:0.00M | Scene, RenderLayer | Initializing
Fra:1 Mem:28.03M (0.00M, Peak 31.11M) | Time:00:00.07 | Mem:0.00M, Peak:0.00M | Scene, RenderLayer | Loading render kernels (may take a few minutes the first time)
Fra:1 Mem:28.03M (0.00M, Peak 31.11M) | Time:00:00.09 | Mem:0.00M, Peak:0.00M | Scene, RenderLayer | Waiting for render to start
Fra:1 Mem:28.03M (0.00M, Peak 31.11M) | Time:00:00.09 | Mem:0.00M, Peak:0.00M | Scene, RenderLayer | Updating Scene
Fra:1 Mem:28.03M (0.00M, Peak 31.11M) | Time:00:00.09 | Mem:0.00M, Peak:0.00M | Scene, RenderLayer | Updating Shaders
Fra:1 Mem:28.28M (0.00M, Peak 31.11M) | Time:00:00.09 | Mem:0.00M, Peak:0.00M | Scene, RenderLayer | Updating Background
Fra:1 Mem:28.28M (0.00M, Peak 31.11M) | Time:00:00.09 | Mem:0.00M, Peak:0.00M | Scene, RenderLayer | Updating Camera
Fra:1 Mem:28.28M (0.00M, Peak 31.11M) | Time:00:00.09 | Mem:0.00M, Peak:0.00M | Scene, RenderLayer | Updating Meshes Flags
Fra:1 Mem:28.28M (0.00M, Peak 31.11M) | Time:00:00.09 | Mem:0.00M, Peak:0.00M | Scene, RenderLayer | Updating Objects
Fra:1 Mem:28.28M (0.00M, Peak 31.11M) | Time:00:00.09 | Mem:0.00M, Peak:0.00M | Scene, RenderLayer | Updating Objects | Copying Transformations to device
Fra:1 Mem:28.28M (0.00M, Peak 31.11M) | Time:00:00.09 | Mem:0.00M, Peak:0.00M | Scene, RenderLayer | Updating Objects | Applying Static Transformations
Fra:1 Mem:28.28M (0.00M, Peak 31.11M) | Time:00:00.09 | Mem:0.00M, Peak:0.00M | Scene, RenderLayer | Updating Meshes
Fra:1 Mem:30.79M (0.00M, Peak 31.11M) | Time:00:00.10 | Mem:0.00M, Peak:0.00M | Scene, RenderLayer | Updating Mesh | Computing attributes
Fra:1 Mem:32.10M (0.00M, Peak 32.10M) | Time:00:00.10 | Mem:0.00M, Peak:0.00M | Scene, RenderLayer | Updating Mesh | Copying Attributes to device
Fra:1 Mem:32.10M (0.00M, Peak 33.41M) | Time:00:00.10 | Mem:1.32M, Peak:1.32M | Scene, RenderLayer | Updating Scene BVH | Building
Fra:1 Mem:32.10M (0.00M, Peak 33.41M) | Time:00:00.10 | Mem:1.32M, Peak:1.32M | Scene, RenderLayer | Updating Scene BVH | Building BVH
Fra:1 Mem:41.50M (0.00M, Peak 41.50M) | Time:00:00.21 | Mem:1.32M, Peak:1.32M | Scene, RenderLayer | Updating Scene BVH | Packing BVH triangles and strands
Fra:1 Mem:50.28M (0.00M, Peak 50.28M) | Time:00:00.22 | Mem:1.32M, Peak:1.32M | Scene, RenderLayer | Updating Scene BVH | Packing BVH nodes
Fra:1 Mem:45.43M (0.00M, Peak 52.95M) | Time:00:00.23 | Mem:1.32M, Peak:1.32M | Scene, RenderLayer | Updating Scene BVH | Copying BVH to device
Fra:1 Mem:46.06M (0.00M, Peak 52.95M) | Time:00:00.23 | Mem:14.65M, Peak:14.65M | Scene, RenderLayer | Updating Mesh | Computing normals
Fra:1 Mem:51.81M (0.00M, Peak 52.95M) | Time:00:00.24 | Mem:14.65M, Peak:14.65M | Scene, RenderLayer | Updating Mesh | Copying Mesh to device
Fra:1 Mem:51.18M (0.00M, Peak 52.95M) | Time:00:00.24 | Mem:20.40M, Peak:20.40M | Scene, RenderLayer | Updating Objects Flags
Fra:1 Mem:51.18M (0.00M, Peak 52.95M) | Time:00:00.24 | Mem:20.40M, Peak:20.40M | Scene, RenderLayer | Updating Images
Fra:1 Mem:51.18M (0.00M, Peak 52.95M) | Time:00:00.24 | Mem:20.40M, Peak:20.40M | Scene, RenderLayer | Updating Camera Volume
Fra:1 Mem:51.18M (0.00M, Peak 52.95M) | Time:00:00.24 | Mem:20.40M, Peak:20.40M | Scene, RenderLayer | Updating Hair Systems
Fra:1 Mem:51.18M (0.00M, Peak 52.95M) | Time:00:00.24 | Mem:20.40M, Peak:20.40M | Scene, RenderLayer | Updating Hair settings | Copying Hair settings to device
Fra:1 Mem:51.18M (0.00M, Peak 52.95M) | Time:00:00.24 | Mem:20.40M, Peak:20.40M | Scene, RenderLayer | Updating Lookup Tables
Fra:1 Mem:51.18M (0.00M, Peak 52.95M) | Time:00:00.24 | Mem:20.65M, Peak:20.65M | Scene, RenderLayer | Updating Lights
Fra:1 Mem:51.18M (0.00M, Peak 52.95M) | Time:00:00.24 | Mem:20.65M, Peak:20.65M | Scene, RenderLayer | Updating Lights | Computing distribution
Fra:1 Mem:51.18M (0.00M, Peak 52.95M) | Time:00:00.24 | Mem:20.65M, Peak:20.65M | Scene, RenderLayer | Updating Particle Systems
Fra:1 Mem:51.18M (0.00M, Peak 52.95M) | Time:00:00.24 | Mem:20.65M, Peak:20.65M | Scene, RenderLayer | Updating Particle Systems | Copying Particles to device
Fra:1 Mem:51.18M (0.00M, Peak 52.95M) | Time:00:00.24 | Mem:20.65M, Peak:20.65M | Scene, RenderLayer | Updating Integrator
Fra:1 Mem:51.22M (0.00M, Peak 52.95M) | Time:00:00.24 | Mem:20.69M, Peak:20.69M | Scene, RenderLayer | Updating Film
Fra:1 Mem:51.23M (0.00M, Peak 52.95M) | Time:00:00.24 | Mem:20.69M, Peak:20.69M | Scene, RenderLayer | Updating Lookup Tables
Fra:1 Mem:51.23M (0.00M, Peak 52.95M) | Time:00:00.24 | Mem:20.69M, Peak:20.69M | Scene, RenderLayer | Updating Baking
Fra:1 Mem:51.23M (0.00M, Peak 52.95M) | Time:00:00.24 | Mem:20.69M, Peak:20.69M | Scene, RenderLayer | Updating Device | Writing constant memory
Fra:1 Mem:51.23M (0.00M, Peak 52.95M) | Time:00:00.24 | Mem:20.69M, Peak:20.69M | Scene, RenderLayer | Path Tracing Tile 0/4, Sample 0/512
Fra:1 Mem:53.48M (0.00M, Peak 54.73M) | Time:00:00.24 | Mem:22.94M, Peak:22.94M | Scene, RenderLayer | Path Tracing Tile 1/4, Sample 0/512
Fra:1 Mem:53.48M (0.00M, Peak 55.73M) | Time:00:01.25 | Remaining:00:12.30 | Mem:22.94M, Peak:22.94M | Scene, RenderLayer | Path Tracing Tile 1/4, Sample 91/512
Fra:1 Mem:53.48M (0.00M, Peak 55.73M) | Time:00:02.26 | Remaining:00:11.27 | Mem:22.94M, Peak:22.94M | Scene, RenderLayer | Path Tracing Tile 1/4, Sample 182/512
Fra:1 Mem:53.48M (0.00M, Peak 55.73M) | Time:00:03.26 | Remaining:00:10.26 | Mem:22.94M, Peak:22.94M | Scene, RenderLayer | Path Tracing Tile 1/4, Sample 273/512
Fra:1 Mem:53.48M (0.00M, Peak 55.73M) | Time:00:04.27 | Remaining:00:09.24 | Mem:22.94M, Peak:22.94M | Scene, RenderLayer | Path Tracing Tile 1/4, Sample 364/512
Fra:1 Mem:53.48M (0.00M, Peak 55.73M) | Time:00:05.27 | Remaining:00:08.26 | Mem:22.94M, Peak:22.94M | Scene, RenderLayer | Path Tracing Tile 1/4, Sample 454/512
Fra:1 Mem:51.23M (0.00M, Peak 55.73M) | Time:00:05.92 | Remaining:00:07.63 | Mem:20.69M, Peak:22.94M | Scene, RenderLayer | Path Tracing Tile 1/4, Sample 512/512
Fra:1 Mem:53.19M (0.00M, Peak 55.73M) | Time:00:05.92 | Remaining:00:07.63 | Mem:22.66M, Peak:22.94M | Scene, RenderLayer | Path Tracing Tile 2/4, Sample 512/512
Fra:1 Mem:53.19M (0.00M, Peak 55.73M) | Time:00:06.27 | Remaining:00:07.24 | Mem:22.66M, Peak:22.94M | Scene, RenderLayer | Path Tracing Tile 2/4, Sample 38/512
Fra:1 Mem:53.19M (0.00M, Peak 55.73M) | Time:00:07.27 | Remaining:00:06.13 | Mem:22.66M, Peak:22.94M | Scene, RenderLayer | Path Tracing Tile 2/4, Sample 147/512
Fra:1 Mem:53.19M (0.00M, Peak 55.73M) | Time:00:08.27 | Remaining:00:05.06 | Mem:22.66M, Peak:22.94M | Scene, RenderLayer | Path Tracing Tile 2/4, Sample 256/512
Fra:1 Mem:53.19M (0.00M, Peak 55.73M) | Time:00:09.28 | Remaining:00:04.00 | Mem:22.66M, Peak:22.94M | Scene, RenderLayer | Path Tracing Tile 2/4, Sample 365/512
Fra:1 Mem:53.19M (0.00M, Peak 55.73M) | Time:00:10.28 | Remaining:00:02.96 | Mem:22.66M, Peak:22.94M | Scene, RenderLayer | Path Tracing Tile 2/4, Sample 474/512
Fra:1 Mem:51.23M (0.00M, Peak 55.73M) | Time:00:10.64 | Remaining:00:02.59 | Mem:20.69M, Peak:22.94M | Scene, RenderLayer | Path Tracing Tile 2/4, Sample 512/512
Fra:1 Mem:51.79M (0.00M, Peak 55.73M) | Time:00:10.64 | Remaining:00:02.59 | Mem:21.25M, Peak:22.94M | Scene, RenderLayer | Path Tracing Tile 3/4, Sample 512/512
Fra:1 Mem:51.79M (0.00M, Peak 55.73M) | Time:00:11.28 | Remaining:00:02.23 | Mem:21.25M, Peak:22.94M | Scene, RenderLayer | Path Tracing Tile 3/4, Sample 152/512
Fra:1 Mem:51.79M (0.00M, Peak 55.73M) | Time:00:12.29 | Remaining:00:01.63 | Mem:21.25M, Peak:22.94M | Scene, RenderLayer | Path Tracing Tile 3/4, Sample 387/512
Fra:1 Mem:51.23M (0.00M, Peak 55.73M) | Time:00:12.83 | Remaining:00:01.29 | Mem:20.69M, Peak:22.94M | Scene, RenderLayer | Path Tracing Tile 3/4, Sample 512/512
Fra:1 Mem:51.72M (0.00M, Peak 55.73M) | Time:00:12.83 | Remaining:00:01.29 | Mem:21.18M, Peak:22.94M | Scene, RenderLayer | Path Tracing Tile 4/4, Sample 512/512
Fra:1 Mem:51.72M (0.00M, Peak 55.73M) | Time:00:13.29 | Remaining:00:01.00 | Mem:21.18M, Peak:22.94M | Scene, RenderLayer | Path Tracing Tile 4/4, Sample 118/512
Fra:1 Mem:51.72M (0.00M, Peak 55.73M) | Time:00:14.29 | Remaining:00:00.37 | Mem:21.18M, Peak:22.94M | Scene, RenderLayer | Path Tracing Tile 4/4, Sample 371/512
Fra:1 Mem:51.23M (0.00M, Peak 55.73M) | Time:00:14.85 | Mem:20.69M, Peak:22.94M | Scene, RenderLayer | Path Tracing Tile 4/4, Sample 512/512
Fra:1 Mem:51.23M (0.00M, Peak 55.73M) | Time:00:14.85 | Mem:20.69M, Peak:22.94M | Scene, RenderLayer | Finished
Fra:1 Mem:19.82M (0.00M, Peak 55.73M) | Time:00:14.94 | Sce: Scene Ve:0 Fa:0 La:0
Saved: 'data/clevr-cleaned-variants/circle-at-ends/fovariant-17/render/images/CLEVR_val_000001.png'
 Time: 00:14.98 (Saving: 00:00.03)

read blend: /home/ubuntu/vdp-tool-chain/data/clevr_scene_data/base_scene.blend
convertViewVec: called in an invalid context
convertViewVec: called in an invalid context
convertViewVec: called in an invalid context
convertViewVec: called in an invalid context
Fra:1 Mem:21.90M (0.00M, Peak 21.90M) | Time:00:00.00 | Preparing Scene data
Fra:1 Mem:34.00M (0.00M, Peak 34.98M) | Time:00:00.02 | Preparing Scene data
Fra:1 Mem:34.00M (0.00M, Peak 34.98M) | Time:00:00.02 | Creating Shadowbuffers
Fra:1 Mem:34.00M (0.00M, Peak 34.98M) | Time:00:00.02 | Raytree.. preparing
Fra:1 Mem:47.37M (0.00M, Peak 47.37M) | Time:00:00.03 | Raytree.. building
Fra:1 Mem:46.67M (0.00M, Peak 67.56M) | Time:00:00.25 | Raytree finished
Fra:1 Mem:46.67M (0.00M, Peak 67.56M) | Time:00:00.25 | Creating Environment maps
Fra:1 Mem:46.67M (0.00M, Peak 67.56M) | Time:00:00.25 | Caching Point Densities
Fra:1 Mem:46.67M (0.00M, Peak 67.56M) | Time:00:00.25 | Sce: Scene Ve:101384 Fa:97419 La:1
Fra:1 Mem:46.67M (0.00M, Peak 67.56M) | Time:00:00.25 | Loading voxel datasets
Fra:1 Mem:46.67M (0.00M, Peak 67.56M) | Time:00:00.25 | Sce: Scene Ve:101384 Fa:97419 La:1
Fra:1 Mem:46.67M (0.00M, Peak 67.56M) | Time:00:00.25 | Sce: Scene Ve:101384 Fa:97419 La:1
Fra:1 Mem:46.67M (0.00M, Peak 67.56M) | Time:00:00.25 | Volume preprocessing
Fra:1 Mem:46.67M (0.00M, Peak 67.56M) | Time:00:00.25 | Sce: Scene Ve:101384 Fa:97419 La:1
Fra:1 Mem:46.67M (0.00M, Peak 67.56M) | Time:00:00.25 | Sce: Scene Ve:101384 Fa:97419 La:1
Fra:1 Mem:50.74M (0.00M, Peak 67.56M) | Time:00:00.26 | Scene, Part 3-4
Fra:1 Mem:50.70M (0.00M, Peak 67.56M) | Time:00:00.26 | Scene, Part 4-4
Fra:1 Mem:49.77M (0.00M, Peak 67.56M) | Time:00:00.27 | Scene, Part 2-4
Fra:1 Mem:47.92M (0.00M, Peak 67.56M) | Time:00:00.28 | Scene, Part 1-4
Fra:1 Mem:21.76M (0.00M, Peak 67.56M) | Time:00:00.28 | Sce: Scene Ve:101384 Fa:97419 La:1
Saved: '/tmp/tmphg3sl0op.png'
 Time: 00:00.30 (Saving: 00:00.01)

Fra:1 Mem:21.79M (0.00M, Peak 22.38M) | Time:00:00.04 | Mem:0.00M, Peak:0.00M | Scene, RenderLayer | Synchronizing object | Area
Fra:1 Mem:21.79M (0.00M, Peak 22.38M) | Time:00:00.04 | Mem:0.00M, Peak:0.00M | Scene, RenderLayer | Synchronizing object | Ground
Fra:1 Mem:21.86M (0.00M, Peak 22.38M) | Time:00:00.05 | Mem:0.00M, Peak:0.00M | Scene, RenderLayer | Synchronizing object | Empty
Fra:1 Mem:21.86M (0.00M, Peak 22.38M) | Time:00:00.05 | Mem:0.00M, Peak:0.00M | Scene, RenderLayer | Synchronizing object | Lamp_Back
Fra:1 Mem:21.86M (0.00M, Peak 22.38M) | Time:00:00.05 | Mem:0.00M, Peak:0.00M | Scene, RenderLayer | Synchronizing object | Lamp_Fill
Fra:1 Mem:21.86M (0.00M, Peak 22.38M) | Time:00:00.05 | Mem:0.00M, Peak:0.00M | Scene, RenderLayer | Synchronizing object | Lamp_Key
Fra:1 Mem:21.86M (0.00M, Peak 22.38M) | Time:00:00.05 | Mem:0.00M, Peak:0.00M | Scene, RenderLayer | Synchronizing object | Camera
Fra:1 Mem:21.86M (0.00M, Peak 22.38M) | Time:00:00.05 | Mem:0.00M, Peak:0.00M | Scene, RenderLayer | Synchronizing object | SmoothCylinder_0
Fra:1 Mem:25.18M (0.00M, Peak 28.26M) | Time:00:00.06 | Mem:0.00M, Peak:0.00M | Scene, RenderLayer | Synchronizing object | Sphere_0
Fra:1 Mem:26.67M (0.00M, Peak 28.26M) | Time:00:00.06 | Mem:0.00M, Peak:0.00M | Scene, RenderLayer | Synchronizing object | SmoothCylinder_1
Fra:1 Mem:29.99M (0.00M, Peak 33.08M) | Time:00:00.08 | Mem:0.00M, Peak:0.00M | Scene, RenderLayer | Synchronizing object | Sphere_1
Fra:1 Mem:31.49M (0.00M, Peak 33.08M) | Time:00:00.08 | Mem:0.00M, Peak:0.00M | Scene, RenderLayer | Initializing
Fra:1 Mem:31.49M (0.00M, Peak 33.08M) | Time:00:00.08 | Mem:0.00M, Peak:0.00M | Scene, RenderLayer | Loading render kernels (may take a few minutes the first time)
Fra:1 Mem:31.49M (0.00M, Peak 34.19M) | Time:00:00.10 | Mem:0.00M, Peak:0.00M | Scene, RenderLayer | Waiting for render to start
Fra:1 Mem:31.49M (0.00M, Peak 34.19M) | Time:00:00.10 | Mem:0.00M, Peak:0.00M | Scene, RenderLayer | Updating Scene
Fra:1 Mem:31.49M (0.00M, Peak 34.19M) | Time:00:00.10 | Mem:0.00M, Peak:0.00M | Scene, RenderLayer | Updating Shaders
Fra:1 Mem:31.74M (0.00M, Peak 34.19M) | Time:00:00.10 | Mem:0.00M, Peak:0.00M | Scene, RenderLayer | Updating Background
Fra:1 Mem:31.74M (0.00M, Peak 34.19M) | Time:00:00.10 | Mem:0.00M, Peak:0.00M | Scene, RenderLayer | Updating Camera
Fra:1 Mem:31.74M (0.00M, Peak 34.19M) | Time:00:00.10 | Mem:0.00M, Peak:0.00M | Scene, RenderLayer | Updating Meshes Flags
Fra:1 Mem:31.74M (0.00M, Peak 34.19M) | Time:00:00.10 | Mem:0.00M, Peak:0.00M | Scene, RenderLayer | Updating Objects
Fra:1 Mem:31.74M (0.00M, Peak 34.19M) | Time:00:00.10 | Mem:0.00M, Peak:0.00M | Scene, RenderLayer | Updating Objects | Copying Transformations to device
Fra:1 Mem:31.74M (0.00M, Peak 34.19M) | Time:00:00.10 | Mem:0.00M, Peak:0.00M | Scene, RenderLayer | Updating Objects | Applying Static Transformations
Fra:1 Mem:31.74M (0.00M, Peak 34.19M) | Time:00:00.10 | Mem:0.00M, Peak:0.00M | Scene, RenderLayer | Updating Meshes
Fra:1 Mem:34.72M (0.00M, Peak 34.72M) | Time:00:00.11 | Mem:0.00M, Peak:0.00M | Scene, RenderLayer | Updating Mesh | Computing attributes
Fra:1 Mem:36.27M (0.00M, Peak 36.27M) | Time:00:00.11 | Mem:0.00M, Peak:0.00M | Scene, RenderLayer | Updating Mesh | Copying Attributes to device
Fra:1 Mem:36.27M (0.00M, Peak 37.81M) | Time:00:00.11 | Mem:1.55M, Peak:1.55M | Scene, RenderLayer | Updating Scene BVH | Building
Fra:1 Mem:36.27M (0.00M, Peak 37.81M) | Time:00:00.11 | Mem:1.55M, Peak:1.55M | Scene, RenderLayer | Updating Scene BVH | Building BVH
Fra:1 Mem:47.43M (0.00M, Peak 47.43M) | Time:00:00.25 | Mem:1.55M, Peak:1.55M | Scene, RenderLayer | Updating Scene BVH | Packing BVH triangles and strands
Fra:1 Mem:57.84M (0.00M, Peak 57.84M) | Time:00:00.26 | Mem:1.55M, Peak:1.55M | Scene, RenderLayer | Updating Scene BVH | Packing BVH nodes
Fra:1 Mem:52.05M (0.00M, Peak 60.98M) | Time:00:00.27 | Mem:1.55M, Peak:1.55M | Scene, RenderLayer | Updating Scene BVH | Copying BVH to device
Fra:1 Mem:52.79M (0.00M, Peak 60.98M) | Time:00:00.28 | Mem:17.33M, Peak:17.33M | Scene, RenderLayer | Updating Mesh | Computing normals
Fra:1 Mem:59.60M (0.00M, Peak 60.98M) | Time:00:00.28 | Mem:17.33M, Peak:17.33M | Scene, RenderLayer | Updating Mesh | Copying Mesh to device
Fra:1 Mem:58.85M (0.00M, Peak 60.98M) | Time:00:00.29 | Mem:24.14M, Peak:24.14M | Scene, RenderLayer | Updating Objects Flags
Fra:1 Mem:58.85M (0.00M, Peak 60.98M) | Time:00:00.29 | Mem:24.14M, Peak:24.14M | Scene, RenderLayer | Updating Images
Fra:1 Mem:58.85M (0.00M, Peak 60.98M) | Time:00:00.29 | Mem:24.14M, Peak:24.14M | Scene, RenderLayer | Updating Camera Volume
Fra:1 Mem:58.85M (0.00M, Peak 60.98M) | Time:00:00.29 | Mem:24.14M, Peak:24.14M | Scene, RenderLayer | Updating Hair Systems
Fra:1 Mem:58.85M (0.00M, Peak 60.98M) | Time:00:00.29 | Mem:24.14M, Peak:24.14M | Scene, RenderLayer | Updating Hair settings | Copying Hair settings to device
Fra:1 Mem:58.85M (0.00M, Peak 60.98M) | Time:00:00.29 | Mem:24.14M, Peak:24.14M | Scene, RenderLayer | Updating Lookup Tables
Fra:1 Mem:58.85M (0.00M, Peak 60.98M) | Time:00:00.29 | Mem:24.39M, Peak:24.39M | Scene, RenderLayer | Updating Lights
Fra:1 Mem:58.85M (0.00M, Peak 60.98M) | Time:00:00.29 | Mem:24.39M, Peak:24.39M | Scene, RenderLayer | Updating Lights | Computing distribution
Fra:1 Mem:58.85M (0.00M, Peak 60.98M) | Time:00:00.29 | Mem:24.39M, Peak:24.39M | Scene, RenderLayer | Updating Particle Systems
Fra:1 Mem:58.85M (0.00M, Peak 60.98M) | Time:00:00.29 | Mem:24.39M, Peak:24.39M | Scene, RenderLayer | Updating Particle Systems | Copying Particles to device
Fra:1 Mem:58.85M (0.00M, Peak 60.98M) | Time:00:00.29 | Mem:24.39M, Peak:24.39M | Scene, RenderLayer | Updating Integrator
Fra:1 Mem:58.89M (0.00M, Peak 60.98M) | Time:00:00.29 | Mem:24.43M, Peak:24.43M | Scene, RenderLayer | Updating Film
Fra:1 Mem:58.90M (0.00M, Peak 60.98M) | Time:00:00.29 | Mem:24.43M, Peak:24.43M | Scene, RenderLayer | Updating Lookup Tables
Fra:1 Mem:58.90M (0.00M, Peak 60.98M) | Time:00:00.29 | Mem:24.43M, Peak:24.43M | Scene, RenderLayer | Updating Baking
Fra:1 Mem:58.90M (0.00M, Peak 60.98M) | Time:00:00.29 | Mem:24.43M, Peak:24.43M | Scene, RenderLayer | Updating Device | Writing constant memory
Fra:1 Mem:58.90M (0.00M, Peak 60.98M) | Time:00:00.29 | Mem:24.43M, Peak:24.43M | Scene, RenderLayer | Path Tracing Tile 0/4, Sample 0/512
Fra:1 Mem:61.15M (0.00M, Peak 62.40M) | Time:00:00.29 | Mem:26.68M, Peak:26.68M | Scene, RenderLayer | Path Tracing Tile 1/4, Sample 0/512
Fra:1 Mem:61.15M (0.00M, Peak 63.40M) | Time:00:01.30 | Remaining:00:10.87 | Mem:26.68M, Peak:26.68M | Scene, RenderLayer | Path Tracing Tile 1/4, Sample 102/512
Fra:1 Mem:61.15M (0.00M, Peak 63.40M) | Time:00:02.30 | Remaining:00:09.84 | Mem:26.68M, Peak:26.68M | Scene, RenderLayer | Path Tracing Tile 1/4, Sample 204/512
Fra:1 Mem:61.15M (0.00M, Peak 63.40M) | Time:00:03.31 | Remaining:00:08.84 | Mem:26.68M, Peak:26.68M | Scene, RenderLayer | Path Tracing Tile 1/4, Sample 306/512
Fra:1 Mem:61.15M (0.00M, Peak 63.40M) | Time:00:04.31 | Remaining:00:07.84 | Mem:26.68M, Peak:26.68M | Scene, RenderLayer | Path Tracing Tile 1/4, Sample 407/512
Fra:1 Mem:61.15M (0.00M, Peak 63.40M) | Time:00:05.32 | Remaining:00:06.85 | Mem:26.68M, Peak:26.68M | Scene, RenderLayer | Path Tracing Tile 1/4, Sample 508/512
Fra:1 Mem:58.90M (0.00M, Peak 63.40M) | Time:00:05.37 | Remaining:00:06.82 | Mem:24.43M, Peak:26.68M | Scene, RenderLayer | Path Tracing Tile 1/4, Sample 512/512
Fra:1 Mem:60.87M (0.00M, Peak 63.40M) | Time:00:05.37 | Remaining:00:06.82 | Mem:26.40M, Peak:26.68M | Scene, RenderLayer | Path Tracing Tile 2/4, Sample 512/512
Fra:1 Mem:60.87M (0.00M, Peak 63.40M) | Time:00:06.33 | Remaining:00:05.74 | Mem:26.40M, Peak:26.68M | Scene, RenderLayer | Path Tracing Tile 2/4, Sample 118/512
Fra:1 Mem:60.87M (0.00M, Peak 63.40M) | Time:00:07.33 | Remaining:00:04.64 | Mem:26.40M, Peak:26.68M | Scene, RenderLayer | Path Tracing Tile 2/4, Sample 241/512
Fra:1 Mem:60.87M (0.00M, Peak 63.40M) | Time:00:08.33 | Remaining:00:03.59 | Mem:26.40M, Peak:26.68M | Scene, RenderLayer | Path Tracing Tile 2/4, Sample 363/512
Fra:1 Mem:60.87M (0.00M, Peak 63.40M) | Time:00:09.34 | Remaining:00:02.54 | Mem:26.40M, Peak:26.68M | Scene, RenderLayer | Path Tracing Tile 2/4, Sample 485/512
Fra:1 Mem:58.90M (0.00M, Peak 63.40M) | Time:00:09.56 | Remaining:00:02.31 | Mem:24.43M, Peak:26.68M | Scene, RenderLayer | Path Tracing Tile 2/4, Sample 512/512
Fra:1 Mem:59.46M (0.00M, Peak 63.40M) | Time:00:09.56 | Remaining:00:02.31 | Mem:25.00M, Peak:26.68M | Scene, RenderLayer | Path Tracing Tile 3/4, Sample 512/512
Fra:1 Mem:59.46M (0.00M, Peak 63.40M) | Time:00:10.34 | Remaining:00:01.93 | Mem:25.00M, Peak:26.68M | Scene, RenderLayer | Path Tracing Tile 3/4, Sample 186/512
Fra:1 Mem:59.46M (0.00M, Peak 63.40M) | Time:00:11.34 | Remaining:00:01.38 | Mem:25.00M, Peak:26.68M | Scene, RenderLayer | Path Tracing Tile 3/4, Sample 424/512
Fra:1 Mem:58.90M (0.00M, Peak 63.40M) | Time:00:11.71 | Remaining:00:01.17 | Mem:24.43M, Peak:26.68M | Scene, RenderLayer | Path Tracing Tile 3/4, Sample 512/512
Fra:1 Mem:59.39M (0.00M, Peak 63.40M) | Time:00:11.71 | Remaining:00:01.17 | Mem:24.93M, Peak:26.68M | Scene, RenderLayer | Path Tracing Tile 4/4, Sample 512/512
Fra:1 Mem:59.39M (0.00M, Peak 63.40M) | Time:00:12.34 | Remaining:00:00.81 | Mem:24.93M, Peak:26.68M | Scene, RenderLayer | Path Tracing Tile 4/4, Sample 164/512
Fra:1 Mem:59.39M (0.00M, Peak 63.40M) | Time:00:13.34 | Remaining:00:00.21 | Mem:24.93M, Peak:26.68M | Scene, RenderLayer | Path Tracing Tile 4/4, Sample 422/512
Fra:1 Mem:58.90M (0.00M, Peak 63.40M) | Time:00:13.70 | Mem:24.43M, Peak:26.68M | Scene, RenderLayer | Path Tracing Tile 4/4, Sample 512/512
Fra:1 Mem:58.90M (0.00M, Peak 63.40M) | Time:00:13.70 | Mem:24.43M, Peak:26.68M | Scene, RenderLayer | Finished
Fra:1 Mem:21.78M (0.00M, Peak 63.40M) | Time:00:13.78 | Sce: Scene Ve:0 Fa:0 La:0
Saved: 'data/clevr-cleaned-variants/circle-at-ends/fovariant-17/render/images/CLEVR_val_000002.png'
 Time: 00:13.82 (Saving: 00:00.03)

read blend: /home/ubuntu/vdp-tool-chain/data/clevr_scene_data/base_scene.blend
convertViewVec: called in an invalid context
convertViewVec: called in an invalid context
convertViewVec: called in an invalid context
convertViewVec: called in an invalid context
Fra:1 Mem:21.91M (0.00M, Peak 21.91M) | Time:00:00.00 | Preparing Scene data
Fra:1 Mem:34.01M (0.00M, Peak 36.16M) | Time:00:00.02 | Preparing Scene data
Fra:1 Mem:34.01M (0.00M, Peak 36.16M) | Time:00:00.02 | Creating Shadowbuffers
Fra:1 Mem:34.01M (0.00M, Peak 36.16M) | Time:00:00.02 | Raytree.. preparing
Fra:1 Mem:47.38M (0.00M, Peak 47.38M) | Time:00:00.03 | Raytree.. building
Fra:1 Mem:46.68M (0.00M, Peak 67.57M) | Time:00:00.25 | Raytree finished
Fra:1 Mem:46.68M (0.00M, Peak 67.57M) | Time:00:00.25 | Creating Environment maps
Fra:1 Mem:46.68M (0.00M, Peak 67.57M) | Time:00:00.25 | Caching Point Densities
Fra:1 Mem:46.68M (0.00M, Peak 67.57M) | Time:00:00.25 | Sce: Scene Ve:101384 Fa:97412 La:1
Fra:1 Mem:46.68M (0.00M, Peak 67.57M) | Time:00:00.25 | Loading voxel datasets
Fra:1 Mem:46.68M (0.00M, Peak 67.57M) | Time:00:00.25 | Sce: Scene Ve:101384 Fa:97412 La:1
Fra:1 Mem:46.68M (0.00M, Peak 67.57M) | Time:00:00.25 | Sce: Scene Ve:101384 Fa:97412 La:1
Fra:1 Mem:46.68M (0.00M, Peak 67.57M) | Time:00:00.25 | Volume preprocessing
Fra:1 Mem:46.68M (0.00M, Peak 67.57M) | Time:00:00.25 | Sce: Scene Ve:101384 Fa:97412 La:1
Fra:1 Mem:46.68M (0.00M, Peak 67.57M) | Time:00:00.25 | Sce: Scene Ve:101384 Fa:97412 La:1
Fra:1 Mem:51.02M (0.00M, Peak 67.57M) | Time:00:00.26 | Scene, Part 3-4
Fra:1 Mem:50.71M (0.00M, Peak 67.57M) | Time:00:00.26 | Scene, Part 4-4
Fra:1 Mem:49.02M (0.00M, Peak 67.57M) | Time:00:00.27 | Scene, Part 2-4
Fra:1 Mem:47.93M (0.00M, Peak 67.57M) | Time:00:00.27 | Scene, Part 1-4
Fra:1 Mem:21.77M (0.00M, Peak 67.57M) | Time:00:00.28 | Sce: Scene Ve:101384 Fa:97412 La:1
Saved: '/tmp/tmphvk29av7.png'
 Time: 00:00.29 (Saving: 00:00.01)

Fra:1 Mem:21.80M (0.00M, Peak 22.39M) | Time:00:00.04 | Mem:0.00M, Peak:0.00M | Scene, RenderLayer | Synchronizing object | Area
Fra:1 Mem:21.80M (0.00M, Peak 22.39M) | Time:00:00.04 | Mem:0.00M, Peak:0.00M | Scene, RenderLayer | Synchronizing object | Ground
Fra:1 Mem:21.87M (0.00M, Peak 22.39M) | Time:00:00.05 | Mem:0.00M, Peak:0.00M | Scene, RenderLayer | Synchronizing object | Empty
Fra:1 Mem:21.87M (0.00M, Peak 22.39M) | Time:00:00.05 | Mem:0.00M, Peak:0.00M | Scene, RenderLayer | Synchronizing object | Lamp_Back
Fra:1 Mem:21.87M (0.00M, Peak 22.39M) | Time:00:00.05 | Mem:0.00M, Peak:0.00M | Scene, RenderLayer | Synchronizing object | Lamp_Fill
Fra:1 Mem:21.87M (0.00M, Peak 22.39M) | Time:00:00.05 | Mem:0.00M, Peak:0.00M | Scene, RenderLayer | Synchronizing object | Lamp_Key
Fra:1 Mem:21.87M (0.00M, Peak 22.39M) | Time:00:00.05 | Mem:0.00M, Peak:0.00M | Scene, RenderLayer | Synchronizing object | Camera
Fra:1 Mem:21.87M (0.00M, Peak 22.39M) | Time:00:00.05 | Mem:0.00M, Peak:0.00M | Scene, RenderLayer | Synchronizing object | SmoothCylinder_0
Fra:1 Mem:24.65M (0.00M, Peak 27.87M) | Time:00:00.06 | Mem:0.00M, Peak:0.00M | Scene, RenderLayer | Synchronizing object | Sphere_0
Fra:1 Mem:26.14M (0.00M, Peak 27.87M) | Time:00:00.06 | Mem:0.00M, Peak:0.00M | Scene, RenderLayer | Synchronizing object | Sphere_1
Fra:1 Mem:27.64M (0.00M, Peak 29.08M) | Time:00:00.06 | Mem:0.00M, Peak:0.00M | Scene, RenderLayer | Synchronizing object | SmoothCylinder_1
Fra:1 Mem:30.96M (0.00M, Peak 34.04M) | Time:00:00.08 | Mem:0.00M, Peak:0.00M | Scene, RenderLayer | Initializing
Fra:1 Mem:30.96M (0.00M, Peak 34.04M) | Time:00:00.08 | Mem:0.00M, Peak:0.00M | Scene, RenderLayer | Loading render kernels (may take a few minutes the first time)
Fra:1 Mem:30.96M (0.00M, Peak 34.04M) | Time:00:00.09 | Mem:0.00M, Peak:0.00M | Scene, RenderLayer | Waiting for render to start
Fra:1 Mem:30.96M (0.00M, Peak 34.04M) | Time:00:00.09 | Mem:0.00M, Peak:0.00M | Scene, RenderLayer | Updating Scene
Fra:1 Mem:30.96M (0.00M, Peak 34.04M) | Time:00:00.09 | Mem:0.00M, Peak:0.00M | Scene, RenderLayer | Updating Shaders
Fra:1 Mem:31.21M (0.00M, Peak 34.04M) | Time:00:00.09 | Mem:0.00M, Peak:0.00M | Scene, RenderLayer | Updating Background
Fra:1 Mem:31.21M (0.00M, Peak 34.04M) | Time:00:00.09 | Mem:0.00M, Peak:0.00M | Scene, RenderLayer | Updating Camera
Fra:1 Mem:31.21M (0.00M, Peak 34.04M) | Time:00:00.09 | Mem:0.00M, Peak:0.00M | Scene, RenderLayer | Updating Meshes Flags
Fra:1 Mem:31.21M (0.00M, Peak 34.04M) | Time:00:00.09 | Mem:0.00M, Peak:0.00M | Scene, RenderLayer | Updating Objects
Fra:1 Mem:31.21M (0.00M, Peak 34.04M) | Time:00:00.09 | Mem:0.00M, Peak:0.00M | Scene, RenderLayer | Updating Objects | Copying Transformations to device
Fra:1 Mem:31.21M (0.00M, Peak 34.04M) | Time:00:00.09 | Mem:0.00M, Peak:0.00M | Scene, RenderLayer | Updating Objects | Applying Static Transformations
Fra:1 Mem:31.21M (0.00M, Peak 34.04M) | Time:00:00.09 | Mem:0.00M, Peak:0.00M | Scene, RenderLayer | Updating Meshes
Fra:1 Mem:34.19M (0.00M, Peak 34.19M) | Time:00:00.10 | Mem:0.00M, Peak:0.00M | Scene, RenderLayer | Updating Mesh | Computing attributes
Fra:1 Mem:35.20M (0.00M, Peak 35.20M) | Time:00:00.10 | Mem:0.00M, Peak:0.00M | Scene, RenderLayer | Updating Mesh | Copying Attributes to device
Fra:1 Mem:35.20M (0.00M, Peak 36.21M) | Time:00:00.10 | Mem:1.01M, Peak:1.01M | Scene, RenderLayer | Updating Scene BVH | Building
Fra:1 Mem:35.20M (0.00M, Peak 36.21M) | Time:00:00.10 | Mem:1.01M, Peak:1.01M | Scene, RenderLayer | Updating Scene BVH | Building BVH
Fra:1 Mem:46.36M (0.00M, Peak 46.36M) | Time:00:00.23 | Mem:1.01M, Peak:1.01M | Scene, RenderLayer | Updating Scene BVH | Packing BVH triangles and strands
Fra:1 Mem:56.77M (0.00M, Peak 56.77M) | Time:00:00.24 | Mem:1.01M, Peak:1.01M | Scene, RenderLayer | Updating Scene BVH | Packing BVH nodes
Fra:1 Mem:50.98M (0.00M, Peak 59.91M) | Time:00:00.26 | Mem:1.01M, Peak:1.01M | Scene, RenderLayer | Updating Scene BVH | Copying BVH to device
Fra:1 Mem:51.72M (0.00M, Peak 59.91M) | Time:00:00.26 | Mem:16.80M, Peak:16.80M | Scene, RenderLayer | Updating Mesh | Computing normals
Fra:1 Mem:58.53M (0.00M, Peak 59.91M) | Time:00:00.27 | Mem:16.80M, Peak:16.80M | Scene, RenderLayer | Updating Mesh | Copying Mesh to device
Fra:1 Mem:57.79M (0.00M, Peak 59.91M) | Time:00:00.27 | Mem:23.60M, Peak:23.60M | Scene, RenderLayer | Updating Objects Flags
Fra:1 Mem:57.79M (0.00M, Peak 59.91M) | Time:00:00.27 | Mem:23.60M, Peak:23.60M | Scene, RenderLayer | Updating Images
Fra:1 Mem:57.79M (0.00M, Peak 59.91M) | Time:00:00.27 | Mem:23.60M, Peak:23.60M | Scene, RenderLayer | Updating Camera Volume
Fra:1 Mem:57.79M (0.00M, Peak 59.91M) | Time:00:00.27 | Mem:23.60M, Peak:23.60M | Scene, RenderLayer | Updating Hair Systems
Fra:1 Mem:57.79M (0.00M, Peak 59.91M) | Time:00:00.27 | Mem:23.60M, Peak:23.60M | Scene, RenderLayer | Updating Hair settings | Copying Hair settings to device
Fra:1 Mem:57.79M (0.00M, Peak 59.91M) | Time:00:00.27 | Mem:23.60M, Peak:23.60M | Scene, RenderLayer | Updating Lookup Tables
Fra:1 Mem:57.79M (0.00M, Peak 59.91M) | Time:00:00.27 | Mem:23.85M, Peak:23.85M | Scene, RenderLayer | Updating Lights
Fra:1 Mem:57.79M (0.00M, Peak 59.91M) | Time:00:00.27 | Mem:23.85M, Peak:23.85M | Scene, RenderLayer | Updating Lights | Computing distribution
Fra:1 Mem:57.79M (0.00M, Peak 59.91M) | Time:00:00.27 | Mem:23.85M, Peak:23.85M | Scene, RenderLayer | Updating Particle Systems
Fra:1 Mem:57.79M (0.00M, Peak 59.91M) | Time:00:00.27 | Mem:23.85M, Peak:23.85M | Scene, RenderLayer | Updating Particle Systems | Copying Particles to device
Fra:1 Mem:57.79M (0.00M, Peak 59.91M) | Time:00:00.27 | Mem:23.85M, Peak:23.85M | Scene, RenderLayer | Updating Integrator
Fra:1 Mem:57.83M (0.00M, Peak 59.91M) | Time:00:00.27 | Mem:23.89M, Peak:23.89M | Scene, RenderLayer | Updating Film
Fra:1 Mem:57.83M (0.00M, Peak 59.91M) | Time:00:00.27 | Mem:23.89M, Peak:23.89M | Scene, RenderLayer | Updating Lookup Tables
Fra:1 Mem:57.83M (0.00M, Peak 59.91M) | Time:00:00.27 | Mem:23.90M, Peak:23.90M | Scene, RenderLayer | Updating Baking
Fra:1 Mem:57.83M (0.00M, Peak 59.91M) | Time:00:00.27 | Mem:23.90M, Peak:23.90M | Scene, RenderLayer | Updating Device | Writing constant memory
Fra:1 Mem:57.83M (0.00M, Peak 59.91M) | Time:00:00.27 | Mem:23.90M, Peak:23.90M | Scene, RenderLayer | Path Tracing Tile 0/4, Sample 0/512
Fra:1 Mem:60.08M (0.00M, Peak 61.33M) | Time:00:00.27 | Mem:26.15M, Peak:26.15M | Scene, RenderLayer | Path Tracing Tile 1/4, Sample 0/512
Fra:1 Mem:60.08M (0.00M, Peak 62.33M) | Time:00:01.28 | Remaining:00:10.81 | Mem:26.15M, Peak:26.15M | Scene, RenderLayer | Path Tracing Tile 1/4, Sample 102/512
Fra:1 Mem:60.08M (0.00M, Peak 62.33M) | Time:00:02.28 | Remaining:00:09.79 | Mem:26.15M, Peak:26.15M | Scene, RenderLayer | Path Tracing Tile 1/4, Sample 204/512
Fra:1 Mem:60.08M (0.00M, Peak 62.33M) | Time:00:03.28 | Remaining:00:08.78 | Mem:26.15M, Peak:26.15M | Scene, RenderLayer | Path Tracing Tile 1/4, Sample 306/512
Fra:1 Mem:60.08M (0.00M, Peak 62.33M) | Time:00:04.28 | Remaining:00:07.78 | Mem:26.15M, Peak:26.15M | Scene, RenderLayer | Path Tracing Tile 1/4, Sample 408/512
Fra:1 Mem:60.08M (0.00M, Peak 62.33M) | Time:00:05.28 | Remaining:00:06.80 | Mem:26.15M, Peak:26.15M | Scene, RenderLayer | Path Tracing Tile 1/4, Sample 509/512
Fra:1 Mem:57.83M (0.00M, Peak 62.33M) | Time:00:05.32 | Remaining:00:06.77 | Mem:23.90M, Peak:26.15M | Scene, RenderLayer | Path Tracing Tile 1/4, Sample 512/512
Fra:1 Mem:59.80M (0.00M, Peak 62.33M) | Time:00:05.32 | Remaining:00:06.78 | Mem:25.87M, Peak:26.15M | Scene, RenderLayer | Path Tracing Tile 2/4, Sample 512/512
Fra:1 Mem:59.80M (0.00M, Peak 62.33M) | Time:00:06.28 | Remaining:00:06.18 | Mem:25.87M, Peak:26.15M | Scene, RenderLayer | Path Tracing Tile 2/4, Sample 91/512
Fra:1 Mem:59.80M (0.00M, Peak 62.33M) | Time:00:07.30 | Remaining:00:05.55 | Mem:25.87M, Peak:26.15M | Scene, RenderLayer | Path Tracing Tile 2/4, Sample 181/512
Fra:1 Mem:59.80M (0.00M, Peak 62.33M) | Time:00:08.30 | Remaining:00:04.72 | Mem:25.87M, Peak:26.15M | Scene, RenderLayer | Path Tracing Tile 2/4, Sample 278/512
Fra:1 Mem:59.80M (0.00M, Peak 62.33M) | Time:00:09.30 | Remaining:00:03.70 | Mem:25.87M, Peak:26.15M | Scene, RenderLayer | Path Tracing Tile 2/4, Sample 387/512
Fra:1 Mem:59.80M (0.00M, Peak 62.33M) | Time:00:10.31 | Remaining:00:02.69 | Mem:25.87M, Peak:26.15M | Scene, RenderLayer | Path Tracing Tile 2/4, Sample 496/512
Fra:1 Mem:57.83M (0.00M, Peak 62.33M) | Time:00:10.46 | Remaining:00:02.54 | Mem:23.90M, Peak:26.15M | Scene, RenderLayer | Path Tracing Tile 2/4, Sample 512/512
Fra:1 Mem:58.39M (0.00M, Peak 62.33M) | Time:00:10.46 | Remaining:00:02.54 | Mem:24.46M, Peak:26.15M | Scene, RenderLayer | Path Tracing Tile 3/4, Sample 512/512
Fra:1 Mem:58.39M (0.00M, Peak 62.33M) | Time:00:11.31 | Remaining:00:02.07 | Mem:24.46M, Peak:26.15M | Scene, RenderLayer | Path Tracing Tile 3/4, Sample 202/512
Fra:1 Mem:58.39M (0.00M, Peak 62.33M) | Time:00:12.31 | Remaining:00:01.46 | Mem:24.46M, Peak:26.15M | Scene, RenderLayer | Path Tracing Tile 3/4, Sample 439/512
Fra:1 Mem:57.83M (0.00M, Peak 62.33M) | Time:00:12.62 | Remaining:00:01.27 | Mem:23.90M, Peak:26.15M | Scene, RenderLayer | Path Tracing Tile 3/4, Sample 512/512
Fra:1 Mem:58.32M (0.00M, Peak 62.33M) | Time:00:12.63 | Remaining:00:01.27 | Mem:24.39M, Peak:26.15M | Scene, RenderLayer | Path Tracing Tile 4/4, Sample 512/512
Fra:1 Mem:58.32M (0.00M, Peak 62.33M) | Time:00:13.31 | Remaining:00:00.85 | Mem:24.39M, Peak:26.15M | Scene, RenderLayer | Path Tracing Tile 4/4, Sample 176/512
Fra:1 Mem:58.32M (0.00M, Peak 62.33M) | Time:00:14.32 | Remaining:00:00.21 | Mem:24.39M, Peak:26.15M | Scene, RenderLayer | Path Tracing Tile 4/4, Sample 431/512
Fra:1 Mem:57.83M (0.00M, Peak 62.33M) | Time:00:14.64 | Mem:23.90M, Peak:26.15M | Scene, RenderLayer | Path Tracing Tile 4/4, Sample 512/512
Fra:1 Mem:57.83M (0.00M, Peak 62.33M) | Time:00:14.64 | Mem:23.90M, Peak:26.15M | Scene, RenderLayer | Finished
Fra:1 Mem:21.79M (0.00M, Peak 62.33M) | Time:00:14.72 | Sce: Scene Ve:0 Fa:0 La:0
Saved: 'data/clevr-cleaned-variants/circle-at-ends/fovariant-17/render/images/CLEVR_val_000003.png'
 Time: 00:14.76 (Saving: 00:00.03)

read blend: /home/ubuntu/vdp-tool-chain/data/clevr_scene_data/base_scene.blend
convertViewVec: called in an invalid context
convertViewVec: called in an invalid context
convertViewVec: called in an invalid context
Fra:1 Mem:19.93M (0.00M, Peak 19.93M) | Time:00:00.00 | Preparing Scene data
Fra:1 Mem:30.07M (0.00M, Peak 32.22M) | Time:00:00.02 | Preparing Scene data
Fra:1 Mem:30.07M (0.00M, Peak 32.22M) | Time:00:00.02 | Creating Shadowbuffers
Fra:1 Mem:30.07M (0.00M, Peak 32.22M) | Time:00:00.02 | Raytree.. preparing
Fra:1 Mem:41.31M (0.00M, Peak 41.31M) | Time:00:00.03 | Raytree.. building
Fra:1 Mem:40.70M (0.00M, Peak 58.25M) | Time:00:00.21 | Raytree finished
Fra:1 Mem:40.70M (0.00M, Peak 58.25M) | Time:00:00.21 | Creating Environment maps
Fra:1 Mem:40.70M (0.00M, Peak 58.25M) | Time:00:00.21 | Caching Point Densities
Fra:1 Mem:40.70M (0.00M, Peak 58.25M) | Time:00:00.21 | Sce: Scene Ve:86022 Fa:81851 La:1
Fra:1 Mem:40.70M (0.00M, Peak 58.25M) | Time:00:00.21 | Loading voxel datasets
Fra:1 Mem:40.70M (0.00M, Peak 58.25M) | Time:00:00.21 | Sce: Scene Ve:86022 Fa:81851 La:1
Fra:1 Mem:40.71M (0.00M, Peak 58.25M) | Time:00:00.21 | Sce: Scene Ve:86022 Fa:81851 La:1
Fra:1 Mem:40.71M (0.00M, Peak 58.25M) | Time:00:00.21 | Volume preprocessing
Fra:1 Mem:40.71M (0.00M, Peak 58.25M) | Time:00:00.21 | Sce: Scene Ve:86022 Fa:81851 La:1
Fra:1 Mem:40.71M (0.00M, Peak 58.25M) | Time:00:00.21 | Sce: Scene Ve:86022 Fa:81851 La:1
Fra:1 Mem:44.77M (0.00M, Peak 58.25M) | Time:00:00.22 | Scene, Part 3-4
Fra:1 Mem:44.73M (0.00M, Peak 58.25M) | Time:00:00.22 | Scene, Part 4-4
Fra:1 Mem:43.05M (0.00M, Peak 58.25M) | Time:00:00.23 | Scene, Part 2-4
Fra:1 Mem:41.96M (0.00M, Peak 58.25M) | Time:00:00.23 | Scene, Part 1-4
Fra:1 Mem:19.82M (0.00M, Peak 58.25M) | Time:00:00.23 | Sce: Scene Ve:86022 Fa:81851 La:1
Saved: '/tmp/tmprbtpnxkq.png'
 Time: 00:00.25 (Saving: 00:00.01)

Fra:1 Mem:19.85M (0.00M, Peak 20.45M) | Time:00:00.04 | Mem:0.00M, Peak:0.00M | Scene, RenderLayer | Synchronizing object | Area
Fra:1 Mem:19.85M (0.00M, Peak 20.45M) | Time:00:00.04 | Mem:0.00M, Peak:0.00M | Scene, RenderLayer | Synchronizing object | Ground
Fra:1 Mem:19.92M (0.00M, Peak 20.45M) | Time:00:00.05 | Mem:0.00M, Peak:0.00M | Scene, RenderLayer | Synchronizing object | Empty
Fra:1 Mem:19.92M (0.00M, Peak 20.45M) | Time:00:00.05 | Mem:0.00M, Peak:0.00M | Scene, RenderLayer | Synchronizing object | Lamp_Back
Fra:1 Mem:19.92M (0.00M, Peak 20.45M) | Time:00:00.05 | Mem:0.00M, Peak:0.00M | Scene, RenderLayer | Synchronizing object | Lamp_Fill
Fra:1 Mem:19.92M (0.00M, Peak 20.45M) | Time:00:00.05 | Mem:0.00M, Peak:0.00M | Scene, RenderLayer | Synchronizing object | Lamp_Key
Fra:1 Mem:19.92M (0.00M, Peak 20.45M) | Time:00:00.05 | Mem:0.00M, Peak:0.00M | Scene, RenderLayer | Synchronizing object | Camera
Fra:1 Mem:19.92M (0.00M, Peak 20.45M) | Time:00:00.05 | Mem:0.00M, Peak:0.00M | Scene, RenderLayer | Synchronizing object | SmoothCylinder_0
Fra:1 Mem:22.70M (0.00M, Peak 25.92M) | Time:00:00.06 | Mem:0.00M, Peak:0.00M | Scene, RenderLayer | Synchronizing object | Sphere_0
Fra:1 Mem:24.19M (0.00M, Peak 25.92M) | Time:00:00.06 | Mem:0.00M, Peak:0.00M | Scene, RenderLayer | Synchronizing object | SmoothCylinder_1
Fra:1 Mem:26.98M (0.00M, Peak 30.20M) | Time:00:00.07 | Mem:0.00M, Peak:0.00M | Scene, RenderLayer | Initializing
Fra:1 Mem:26.98M (0.00M, Peak 30.20M) | Time:00:00.07 | Mem:0.00M, Peak:0.00M | Scene, RenderLayer | Loading render kernels (may take a few minutes the first time)
Fra:1 Mem:26.98M (0.00M, Peak 30.20M) | Time:00:00.08 | Mem:0.00M, Peak:0.00M | Scene, RenderLayer | Waiting for render to start
Fra:1 Mem:26.98M (0.00M, Peak 30.20M) | Time:00:00.08 | Mem:0.00M, Peak:0.00M | Scene, RenderLayer | Updating Scene
Fra:1 Mem:26.98M (0.00M, Peak 30.20M) | Time:00:00.08 | Mem:0.00M, Peak:0.00M | Scene, RenderLayer | Updating Shaders
Fra:1 Mem:27.23M (0.00M, Peak 30.20M) | Time:00:00.08 | Mem:0.00M, Peak:0.00M | Scene, RenderLayer | Updating Background
Fra:1 Mem:27.23M (0.00M, Peak 30.20M) | Time:00:00.08 | Mem:0.00M, Peak:0.00M | Scene, RenderLayer | Updating Camera
Fra:1 Mem:27.23M (0.00M, Peak 30.20M) | Time:00:00.08 | Mem:0.00M, Peak:0.00M | Scene, RenderLayer | Updating Meshes Flags
Fra:1 Mem:27.23M (0.00M, Peak 30.20M) | Time:00:00.08 | Mem:0.00M, Peak:0.00M | Scene, RenderLayer | Updating Objects
Fra:1 Mem:27.23M (0.00M, Peak 30.20M) | Time:00:00.08 | Mem:0.00M, Peak:0.00M | Scene, RenderLayer | Updating Objects | Copying Transformations to device
Fra:1 Mem:27.23M (0.00M, Peak 30.20M) | Time:00:00.09 | Mem:0.00M, Peak:0.00M | Scene, RenderLayer | Updating Objects | Applying Static Transformations
Fra:1 Mem:27.23M (0.00M, Peak 30.20M) | Time:00:00.09 | Mem:0.00M, Peak:0.00M | Scene, RenderLayer | Updating Meshes
Fra:1 Mem:29.74M (0.00M, Peak 30.20M) | Time:00:00.09 | Mem:0.00M, Peak:0.00M | Scene, RenderLayer | Updating Mesh | Computing attributes
Fra:1 Mem:29.97M (0.00M, Peak 30.20M) | Time:00:00.09 | Mem:0.00M, Peak:0.00M | Scene, RenderLayer | Updating Mesh | Copying Attributes to device
Fra:1 Mem:29.97M (0.00M, Peak 30.21M) | Time:00:00.09 | Mem:0.24M, Peak:0.24M | Scene, RenderLayer | Updating Scene BVH | Building
Fra:1 Mem:29.97M (0.00M, Peak 30.21M) | Time:00:00.09 | Mem:0.24M, Peak:0.24M | Scene, RenderLayer | Updating Scene BVH | Building BVH
Fra:1 Mem:39.37M (0.00M, Peak 39.37M) | Time:00:00.21 | Mem:0.24M, Peak:0.24M | Scene, RenderLayer | Updating Scene BVH | Packing BVH triangles and strands
Fra:1 Mem:48.15M (0.00M, Peak 48.15M) | Time:00:00.22 | Mem:0.24M, Peak:0.24M | Scene, RenderLayer | Updating Scene BVH | Packing BVH nodes
Fra:1 Mem:43.30M (0.00M, Peak 50.82M) | Time:00:00.23 | Mem:0.24M, Peak:0.24M | Scene, RenderLayer | Updating Scene BVH | Copying BVH to device
Fra:1 Mem:43.93M (0.00M, Peak 50.82M) | Time:00:00.24 | Mem:13.56M, Peak:13.56M | Scene, RenderLayer | Updating Mesh | Computing normals
Fra:1 Mem:49.68M (0.00M, Peak 50.82M) | Time:00:00.24 | Mem:13.56M, Peak:13.56M | Scene, RenderLayer | Updating Mesh | Copying Mesh to device
Fra:1 Mem:49.05M (0.00M, Peak 50.82M) | Time:00:00.24 | Mem:19.32M, Peak:19.32M | Scene, RenderLayer | Updating Objects Flags
Fra:1 Mem:49.05M (0.00M, Peak 50.82M) | Time:00:00.24 | Mem:19.32M, Peak:19.32M | Scene, RenderLayer | Updating Images
Fra:1 Mem:49.05M (0.00M, Peak 50.82M) | Time:00:00.24 | Mem:19.32M, Peak:19.32M | Scene, RenderLayer | Updating Camera Volume
Fra:1 Mem:49.05M (0.00M, Peak 50.82M) | Time:00:00.24 | Mem:19.32M, Peak:19.32M | Scene, RenderLayer | Updating Hair Systems
Fra:1 Mem:49.05M (0.00M, Peak 50.82M) | Time:00:00.24 | Mem:19.32M, Peak:19.32M | Scene, RenderLayer | Updating Hair settings | Copying Hair settings to device
Fra:1 Mem:49.05M (0.00M, Peak 50.82M) | Time:00:00.24 | Mem:19.32M, Peak:19.32M | Scene, RenderLayer | Updating Lookup Tables
Fra:1 Mem:49.05M (0.00M, Peak 50.82M) | Time:00:00.24 | Mem:19.57M, Peak:19.57M | Scene, RenderLayer | Updating Lights
Fra:1 Mem:49.05M (0.00M, Peak 50.82M) | Time:00:00.24 | Mem:19.57M, Peak:19.57M | Scene, RenderLayer | Updating Lights | Computing distribution
Fra:1 Mem:49.05M (0.00M, Peak 50.82M) | Time:00:00.24 | Mem:19.57M, Peak:19.57M | Scene, RenderLayer | Updating Particle Systems
Fra:1 Mem:49.05M (0.00M, Peak 50.82M) | Time:00:00.24 | Mem:19.57M, Peak:19.57M | Scene, RenderLayer | Updating Particle Systems | Copying Particles to device
Fra:1 Mem:49.05M (0.00M, Peak 50.82M) | Time:00:00.24 | Mem:19.57M, Peak:19.57M | Scene, RenderLayer | Updating Integrator
Fra:1 Mem:49.09M (0.00M, Peak 50.82M) | Time:00:00.24 | Mem:19.61M, Peak:19.61M | Scene, RenderLayer | Updating Film
Fra:1 Mem:49.10M (0.00M, Peak 50.82M) | Time:00:00.24 | Mem:19.61M, Peak:19.61M | Scene, RenderLayer | Updating Lookup Tables
Fra:1 Mem:49.10M (0.00M, Peak 50.82M) | Time:00:00.24 | Mem:19.61M, Peak:19.61M | Scene, RenderLayer | Updating Baking
Fra:1 Mem:49.10M (0.00M, Peak 50.82M) | Time:00:00.24 | Mem:19.61M, Peak:19.61M | Scene, RenderLayer | Updating Device | Writing constant memory
Fra:1 Mem:49.10M (0.00M, Peak 50.82M) | Time:00:00.24 | Mem:19.61M, Peak:19.61M | Scene, RenderLayer | Path Tracing Tile 0/4, Sample 0/512
Fra:1 Mem:51.35M (0.00M, Peak 52.60M) | Time:00:00.25 | Mem:21.86M, Peak:21.86M | Scene, RenderLayer | Path Tracing Tile 1/4, Sample 0/512
Fra:1 Mem:51.35M (0.00M, Peak 53.60M) | Time:00:01.25 | Remaining:00:11.17 | Mem:21.86M, Peak:21.86M | Scene, RenderLayer | Path Tracing Tile 1/4, Sample 99/512
Fra:1 Mem:51.35M (0.00M, Peak 53.60M) | Time:00:02.25 | Remaining:00:10.15 | Mem:21.86M, Peak:21.86M | Scene, RenderLayer | Path Tracing Tile 1/4, Sample 198/512
Fra:1 Mem:51.35M (0.00M, Peak 53.60M) | Time:00:03.25 | Remaining:00:09.14 | Mem:21.86M, Peak:21.86M | Scene, RenderLayer | Path Tracing Tile 1/4, Sample 297/512
Fra:1 Mem:51.35M (0.00M, Peak 53.60M) | Time:00:04.25 | Remaining:00:08.14 | Mem:21.86M, Peak:21.86M | Scene, RenderLayer | Path Tracing Tile 1/4, Sample 396/512
Fra:1 Mem:51.35M (0.00M, Peak 53.60M) | Time:00:05.26 | Remaining:00:07.14 | Mem:21.86M, Peak:21.86M | Scene, RenderLayer | Path Tracing Tile 1/4, Sample 495/512
Fra:1 Mem:49.10M (0.00M, Peak 53.60M) | Time:00:05.44 | Remaining:00:06.98 | Mem:19.61M, Peak:21.86M | Scene, RenderLayer | Path Tracing Tile 1/4, Sample 512/512
Fra:1 Mem:51.06M (0.00M, Peak 53.60M) | Time:00:05.44 | Remaining:00:06.98 | Mem:21.58M, Peak:21.86M | Scene, RenderLayer | Path Tracing Tile 2/4, Sample 512/512
Fra:1 Mem:51.06M (0.00M, Peak 53.60M) | Time:00:06.27 | Remaining:00:06.10 | Mem:21.58M, Peak:21.86M | Scene, RenderLayer | Path Tracing Tile 2/4, Sample 96/512
Fra:1 Mem:51.06M (0.00M, Peak 53.60M) | Time:00:07.27 | Remaining:00:05.05 | Mem:21.58M, Peak:21.86M | Scene, RenderLayer | Path Tracing Tile 2/4, Sample 213/512
Fra:1 Mem:51.06M (0.00M, Peak 53.60M) | Time:00:08.28 | Remaining:00:04.01 | Mem:21.58M, Peak:21.86M | Scene, RenderLayer | Path Tracing Tile 2/4, Sample 329/512
Fra:1 Mem:51.06M (0.00M, Peak 53.60M) | Time:00:09.28 | Remaining:00:03.00 | Mem:21.58M, Peak:21.86M | Scene, RenderLayer | Path Tracing Tile 2/4, Sample 444/512
Fra:1 Mem:49.10M (0.00M, Peak 53.60M) | Time:00:09.88 | Remaining:00:02.40 | Mem:19.61M, Peak:21.86M | Scene, RenderLayer | Path Tracing Tile 2/4, Sample 512/512
Fra:1 Mem:49.66M (0.00M, Peak 53.60M) | Time:00:09.88 | Remaining:00:02.40 | Mem:20.17M, Peak:21.86M | Scene, RenderLayer | Path Tracing Tile 3/4, Sample 512/512
Fra:1 Mem:49.66M (0.00M, Peak 53.60M) | Time:00:10.28 | Remaining:00:02.20 | Mem:20.17M, Peak:21.86M | Scene, RenderLayer | Path Tracing Tile 3/4, Sample 97/512
Fra:1 Mem:49.66M (0.00M, Peak 53.60M) | Time:00:11.28 | Remaining:00:01.64 | Mem:20.17M, Peak:21.86M | Scene, RenderLayer | Path Tracing Tile 3/4, Sample 336/512
Fra:1 Mem:49.10M (0.00M, Peak 53.60M) | Time:00:12.03 | Remaining:00:01.21 | Mem:19.61M, Peak:21.86M | Scene, RenderLayer | Path Tracing Tile 3/4, Sample 512/512
Fra:1 Mem:49.59M (0.00M, Peak 53.60M) | Time:00:12.03 | Remaining:00:01.21 | Mem:20.10M, Peak:21.86M | Scene, RenderLayer | Path Tracing Tile 4/4, Sample 512/512
Fra:1 Mem:49.59M (0.00M, Peak 53.60M) | Time:00:12.29 | Remaining:00:01.06 | Mem:20.10M, Peak:21.86M | Scene, RenderLayer | Path Tracing Tile 4/4, Sample 67/512
Fra:1 Mem:49.59M (0.00M, Peak 53.60M) | Time:00:13.29 | Remaining:00:00.45 | Mem:20.10M, Peak:21.86M | Scene, RenderLayer | Path Tracing Tile 4/4, Sample 326/512
Fra:1 Mem:49.10M (0.00M, Peak 53.60M) | Time:00:14.02 | Mem:19.61M, Peak:21.86M | Scene, RenderLayer | Path Tracing Tile 4/4, Sample 512/512
Fra:1 Mem:49.10M (0.00M, Peak 53.60M) | Time:00:14.02 | Mem:19.61M, Peak:21.86M | Scene, RenderLayer | Finished
Fra:1 Mem:19.85M (0.00M, Peak 53.60M) | Time:00:14.10 | Sce: Scene Ve:0 Fa:0 La:0
Saved: 'data/clevr-cleaned-variants/circle-at-ends/fovariant-17/render/images/CLEVR_val_000004.png'
 Time: 00:14.14 (Saving: 00:00.03)

read blend: /home/ubuntu/vdp-tool-chain/data/clevr_scene_data/base_scene.blend
convertViewVec: called in an invalid context
convertViewVec: called in an invalid context
convertViewVec: called in an invalid context
Fra:1 Mem:19.93M (0.00M, Peak 19.93M) | Time:00:00.00 | Preparing Scene data
Fra:1 Mem:30.07M (0.00M, Peak 32.21M) | Time:00:00.02 | Preparing Scene data
Fra:1 Mem:30.07M (0.00M, Peak 32.21M) | Time:00:00.02 | Creating Shadowbuffers
Fra:1 Mem:30.07M (0.00M, Peak 32.21M) | Time:00:00.02 | Raytree.. preparing
Fra:1 Mem:41.31M (0.00M, Peak 41.31M) | Time:00:00.03 | Raytree.. building
Fra:1 Mem:40.70M (0.00M, Peak 58.25M) | Time:00:00.21 | Raytree finished
Fra:1 Mem:40.70M (0.00M, Peak 58.25M) | Time:00:00.21 | Creating Environment maps
Fra:1 Mem:40.70M (0.00M, Peak 58.25M) | Time:00:00.21 | Caching Point Densities
Fra:1 Mem:40.70M (0.00M, Peak 58.25M) | Time:00:00.21 | Sce: Scene Ve:86022 Fa:81858 La:1
Fra:1 Mem:40.70M (0.00M, Peak 58.25M) | Time:00:00.21 | Loading voxel datasets
Fra:1 Mem:40.70M (0.00M, Peak 58.25M) | Time:00:00.21 | Sce: Scene Ve:86022 Fa:81858 La:1
Fra:1 Mem:40.71M (0.00M, Peak 58.25M) | Time:00:00.21 | Sce: Scene Ve:86022 Fa:81858 La:1
Fra:1 Mem:40.71M (0.00M, Peak 58.25M) | Time:00:00.21 | Volume preprocessing
Fra:1 Mem:40.71M (0.00M, Peak 58.25M) | Time:00:00.21 | Sce: Scene Ve:86022 Fa:81858 La:1
Fra:1 Mem:40.71M (0.00M, Peak 58.25M) | Time:00:00.21 | Sce: Scene Ve:86022 Fa:81858 La:1
Fra:1 Mem:44.77M (0.00M, Peak 58.25M) | Time:00:00.22 | Scene, Part 3-4
Fra:1 Mem:44.73M (0.00M, Peak 58.25M) | Time:00:00.22 | Scene, Part 4-4
Fra:1 Mem:43.80M (0.00M, Peak 58.25M) | Time:00:00.22 | Scene, Part 2-4
Fra:1 Mem:41.96M (0.00M, Peak 58.25M) | Time:00:00.23 | Scene, Part 1-4
Fra:1 Mem:19.82M (0.00M, Peak 58.25M) | Time:00:00.23 | Sce: Scene Ve:86022 Fa:81858 La:1
Saved: '/tmp/tmptd1zjvij.png'
 Time: 00:00.25 (Saving: 00:00.01)

Fra:1 Mem:19.85M (0.00M, Peak 20.44M) | Time:00:00.04 | Mem:0.00M, Peak:0.00M | Scene, RenderLayer | Synchronizing object | Area
Fra:1 Mem:19.85M (0.00M, Peak 20.44M) | Time:00:00.04 | Mem:0.00M, Peak:0.00M | Scene, RenderLayer | Synchronizing object | Ground
Fra:1 Mem:19.92M (0.00M, Peak 20.44M) | Time:00:00.05 | Mem:0.00M, Peak:0.00M | Scene, RenderLayer | Synchronizing object | Empty
Fra:1 Mem:19.92M (0.00M, Peak 20.44M) | Time:00:00.05 | Mem:0.00M, Peak:0.00M | Scene, RenderLayer | Synchronizing object | Lamp_Back
Fra:1 Mem:19.92M (0.00M, Peak 20.44M) | Time:00:00.05 | Mem:0.00M, Peak:0.00M | Scene, RenderLayer | Synchronizing object | Lamp_Fill
Fra:1 Mem:19.92M (0.00M, Peak 20.44M) | Time:00:00.05 | Mem:0.00M, Peak:0.00M | Scene, RenderLayer | Synchronizing object | Lamp_Key
Fra:1 Mem:19.92M (0.00M, Peak 20.44M) | Time:00:00.05 | Mem:0.00M, Peak:0.00M | Scene, RenderLayer | Synchronizing object | Camera
Fra:1 Mem:19.92M (0.00M, Peak 20.44M) | Time:00:00.05 | Mem:0.00M, Peak:0.00M | Scene, RenderLayer | Synchronizing object | SmoothCylinder_0
Fra:1 Mem:23.24M (0.00M, Peak 26.32M) | Time:00:00.06 | Mem:0.00M, Peak:0.00M | Scene, RenderLayer | Synchronizing object | Sphere_0
Fra:1 Mem:24.73M (0.00M, Peak 26.32M) | Time:00:00.06 | Mem:0.00M, Peak:0.00M | Scene, RenderLayer | Synchronizing object | SmoothCylinder_1
Fra:1 Mem:28.05M (0.00M, Peak 31.14M) | Time:00:00.08 | Mem:0.00M, Peak:0.00M | Scene, RenderLayer | Initializing
Fra:1 Mem:28.05M (0.00M, Peak 31.14M) | Time:00:00.08 | Mem:0.00M, Peak:0.00M | Scene, RenderLayer | Loading render kernels (may take a few minutes the first time)
Fra:1 Mem:28.05M (0.00M, Peak 31.14M) | Time:00:00.09 | Mem:0.00M, Peak:0.00M | Scene, RenderLayer | Waiting for render to start
Fra:1 Mem:28.05M (0.00M, Peak 31.14M) | Time:00:00.09 | Mem:0.00M, Peak:0.00M | Scene, RenderLayer | Updating Scene
Fra:1 Mem:28.05M (0.00M, Peak 31.14M) | Time:00:00.09 | Mem:0.00M, Peak:0.00M | Scene, RenderLayer | Updating Shaders
Fra:1 Mem:28.30M (0.00M, Peak 31.14M) | Time:00:00.09 | Mem:0.00M, Peak:0.00M | Scene, RenderLayer | Updating Background
Fra:1 Mem:28.30M (0.00M, Peak 31.14M) | Time:00:00.09 | Mem:0.00M, Peak:0.00M | Scene, RenderLayer | Updating Camera
Fra:1 Mem:28.30M (0.00M, Peak 31.14M) | Time:00:00.09 | Mem:0.00M, Peak:0.00M | Scene, RenderLayer | Updating Meshes Flags
Fra:1 Mem:28.30M (0.00M, Peak 31.14M) | Time:00:00.09 | Mem:0.00M, Peak:0.00M | Scene, RenderLayer | Updating Objects
Fra:1 Mem:28.30M (0.00M, Peak 31.14M) | Time:00:00.09 | Mem:0.00M, Peak:0.00M | Scene, RenderLayer | Updating Objects | Copying Transformations to device
Fra:1 Mem:28.31M (0.00M, Peak 31.14M) | Time:00:00.09 | Mem:0.00M, Peak:0.00M | Scene, RenderLayer | Updating Objects | Applying Static Transformations
Fra:1 Mem:28.31M (0.00M, Peak 31.14M) | Time:00:00.09 | Mem:0.00M, Peak:0.00M | Scene, RenderLayer | Updating Meshes
Fra:1 Mem:30.81M (0.00M, Peak 31.14M) | Time:00:00.10 | Mem:0.00M, Peak:0.00M | Scene, RenderLayer | Updating Mesh | Computing attributes
Fra:1 Mem:32.13M (0.00M, Peak 32.13M) | Time:00:00.10 | Mem:0.00M, Peak:0.00M | Scene, RenderLayer | Updating Mesh | Copying Attributes to device
Fra:1 Mem:32.13M (0.00M, Peak 33.44M) | Time:00:00.10 | Mem:1.32M, Peak:1.32M | Scene, RenderLayer | Updating Scene BVH | Building
Fra:1 Mem:32.13M (0.00M, Peak 33.44M) | Time:00:00.10 | Mem:1.32M, Peak:1.32M | Scene, RenderLayer | Updating Scene BVH | Building BVH
Fra:1 Mem:41.53M (0.00M, Peak 41.53M) | Time:00:00.22 | Mem:1.32M, Peak:1.32M | Scene, RenderLayer | Updating Scene BVH | Packing BVH triangles and strands
Fra:1 Mem:50.30M (0.00M, Peak 50.30M) | Time:00:00.23 | Mem:1.32M, Peak:1.32M | Scene, RenderLayer | Updating Scene BVH | Packing BVH nodes
Fra:1 Mem:45.45M (0.00M, Peak 52.98M) | Time:00:00.24 | Mem:1.32M, Peak:1.32M | Scene, RenderLayer | Updating Scene BVH | Copying BVH to device
Fra:1 Mem:46.08M (0.00M, Peak 52.98M) | Time:00:00.24 | Mem:14.65M, Peak:14.65M | Scene, RenderLayer | Updating Mesh | Computing normals
Fra:1 Mem:51.83M (0.00M, Peak 52.98M) | Time:00:00.25 | Mem:14.65M, Peak:14.65M | Scene, RenderLayer | Updating Mesh | Copying Mesh to device
Fra:1 Mem:51.21M (0.00M, Peak 52.98M) | Time:00:00.25 | Mem:20.40M, Peak:20.40M | Scene, RenderLayer | Updating Objects Flags
Fra:1 Mem:51.21M (0.00M, Peak 52.98M) | Time:00:00.25 | Mem:20.40M, Peak:20.40M | Scene, RenderLayer | Updating Images
Fra:1 Mem:51.21M (0.00M, Peak 52.98M) | Time:00:00.25 | Mem:20.40M, Peak:20.40M | Scene, RenderLayer | Updating Camera Volume
Fra:1 Mem:51.21M (0.00M, Peak 52.98M) | Time:00:00.25 | Mem:20.40M, Peak:20.40M | Scene, RenderLayer | Updating Hair Systems
Fra:1 Mem:51.21M (0.00M, Peak 52.98M) | Time:00:00.25 | Mem:20.40M, Peak:20.40M | Scene, RenderLayer | Updating Hair settings | Copying Hair settings to device
Fra:1 Mem:51.21M (0.00M, Peak 52.98M) | Time:00:00.25 | Mem:20.40M, Peak:20.40M | Scene, RenderLayer | Updating Lookup Tables
Fra:1 Mem:51.21M (0.00M, Peak 52.98M) | Time:00:00.25 | Mem:20.65M, Peak:20.65M | Scene, RenderLayer | Updating Lights
Fra:1 Mem:51.21M (0.00M, Peak 52.98M) | Time:00:00.25 | Mem:20.65M, Peak:20.65M | Scene, RenderLayer | Updating Lights | Computing distribution
Fra:1 Mem:51.21M (0.00M, Peak 52.98M) | Time:00:00.25 | Mem:20.65M, Peak:20.65M | Scene, RenderLayer | Updating Particle Systems
Fra:1 Mem:51.21M (0.00M, Peak 52.98M) | Time:00:00.25 | Mem:20.65M, Peak:20.65M | Scene, RenderLayer | Updating Particle Systems | Copying Particles to device
Fra:1 Mem:51.21M (0.00M, Peak 52.98M) | Time:00:00.25 | Mem:20.65M, Peak:20.65M | Scene, RenderLayer | Updating Integrator
Fra:1 Mem:51.25M (0.00M, Peak 52.98M) | Time:00:00.25 | Mem:20.69M, Peak:20.69M | Scene, RenderLayer | Updating Film
Fra:1 Mem:51.25M (0.00M, Peak 52.98M) | Time:00:00.25 | Mem:20.69M, Peak:20.69M | Scene, RenderLayer | Updating Lookup Tables
Fra:1 Mem:51.25M (0.00M, Peak 52.98M) | Time:00:00.25 | Mem:20.69M, Peak:20.69M | Scene, RenderLayer | Updating Baking
Fra:1 Mem:51.25M (0.00M, Peak 52.98M) | Time:00:00.25 | Mem:20.69M, Peak:20.69M | Scene, RenderLayer | Updating Device | Writing constant memory
Fra:1 Mem:51.25M (0.00M, Peak 52.98M) | Time:00:00.25 | Mem:20.69M, Peak:20.69M | Scene, RenderLayer | Path Tracing Tile 0/4, Sample 0/512
Fra:1 Mem:53.50M (0.00M, Peak 54.75M) | Time:00:00.25 | Mem:22.94M, Peak:22.94M | Scene, RenderLayer | Path Tracing Tile 1/4, Sample 0/512
Fra:1 Mem:53.50M (0.00M, Peak 55.75M) | Time:00:01.25 | Remaining:00:11.41 | Mem:22.94M, Peak:22.94M | Scene, RenderLayer | Path Tracing Tile 1/4, Sample 97/512
Fra:1 Mem:53.50M (0.00M, Peak 55.75M) | Time:00:02.25 | Remaining:00:10.39 | Mem:22.94M, Peak:22.94M | Scene, RenderLayer | Path Tracing Tile 1/4, Sample 194/512
Fra:1 Mem:53.50M (0.00M, Peak 55.75M) | Time:00:03.26 | Remaining:00:09.39 | Mem:22.94M, Peak:22.94M | Scene, RenderLayer | Path Tracing Tile 1/4, Sample 291/512
Fra:1 Mem:53.50M (0.00M, Peak 55.75M) | Time:00:04.26 | Remaining:00:08.39 | Mem:22.94M, Peak:22.94M | Scene, RenderLayer | Path Tracing Tile 1/4, Sample 388/512
Fra:1 Mem:53.50M (0.00M, Peak 55.75M) | Time:00:05.26 | Remaining:00:07.39 | Mem:22.94M, Peak:22.94M | Scene, RenderLayer | Path Tracing Tile 1/4, Sample 485/512
Fra:1 Mem:51.25M (0.00M, Peak 55.75M) | Time:00:05.55 | Remaining:00:07.12 | Mem:20.69M, Peak:22.94M | Scene, RenderLayer | Path Tracing Tile 1/4, Sample 512/512
Fra:1 Mem:53.22M (0.00M, Peak 55.75M) | Time:00:05.55 | Remaining:00:07.12 | Mem:22.66M, Peak:22.94M | Scene, RenderLayer | Path Tracing Tile 2/4, Sample 512/512
Fra:1 Mem:53.22M (0.00M, Peak 55.75M) | Time:00:06.27 | Remaining:00:06.35 | Mem:22.66M, Peak:22.94M | Scene, RenderLayer | Path Tracing Tile 2/4, Sample 82/512
Fra:1 Mem:53.22M (0.00M, Peak 55.75M) | Time:00:07.28 | Remaining:00:05.31 | Mem:22.66M, Peak:22.94M | Scene, RenderLayer | Path Tracing Tile 2/4, Sample 196/512
Fra:1 Mem:53.22M (0.00M, Peak 55.75M) | Time:00:08.28 | Remaining:00:04.27 | Mem:22.66M, Peak:22.94M | Scene, RenderLayer | Path Tracing Tile 2/4, Sample 310/512
Fra:1 Mem:53.22M (0.00M, Peak 55.75M) | Time:00:09.29 | Remaining:00:03.25 | Mem:22.66M, Peak:22.94M | Scene, RenderLayer | Path Tracing Tile 2/4, Sample 423/512
Fra:1 Mem:51.25M (0.00M, Peak 55.75M) | Time:00:10.08 | Remaining:00:02.45 | Mem:20.69M, Peak:22.94M | Scene, RenderLayer | Path Tracing Tile 2/4, Sample 512/512
Fra:1 Mem:51.81M (0.00M, Peak 55.75M) | Time:00:10.08 | Remaining:00:02.45 | Mem:21.25M, Peak:22.94M | Scene, RenderLayer | Path Tracing Tile 3/4, Sample 512/512
Fra:1 Mem:51.81M (0.00M, Peak 55.75M) | Time:00:10.29 | Remaining:00:02.35 | Mem:21.25M, Peak:22.94M | Scene, RenderLayer | Path Tracing Tile 3/4, Sample 49/512
Fra:1 Mem:51.81M (0.00M, Peak 55.75M) | Time:00:11.29 | Remaining:00:01.80 | Mem:21.25M, Peak:22.94M | Scene, RenderLayer | Path Tracing Tile 3/4, Sample 287/512
Fra:1 Mem:51.25M (0.00M, Peak 55.75M) | Time:00:12.25 | Remaining:00:01.23 | Mem:20.69M, Peak:22.94M | Scene, RenderLayer | Path Tracing Tile 3/4, Sample 512/512
Fra:1 Mem:51.74M (0.00M, Peak 55.75M) | Time:00:12.25 | Remaining:00:01.23 | Mem:21.18M, Peak:22.94M | Scene, RenderLayer | Path Tracing Tile 4/4, Sample 512/512
Fra:1 Mem:51.74M (0.00M, Peak 55.75M) | Time:00:12.29 | Remaining:00:01.21 | Mem:21.18M, Peak:22.94M | Scene, RenderLayer | Path Tracing Tile 4/4, Sample 10/512
Fra:1 Mem:51.74M (0.00M, Peak 55.75M) | Time:00:13.29 | Remaining:00:00.61 | Mem:21.18M, Peak:22.94M | Scene, RenderLayer | Path Tracing Tile 4/4, Sample 265/512
Fra:1 Mem:51.25M (0.00M, Peak 55.75M) | Time:00:14.27 | Mem:20.69M, Peak:22.94M | Scene, RenderLayer | Path Tracing Tile 4/4, Sample 512/512
Fra:1 Mem:51.25M (0.00M, Peak 55.75M) | Time:00:14.27 | Mem:20.69M, Peak:22.94M | Scene, RenderLayer | Finished
Fra:1 Mem:19.84M (0.00M, Peak 55.75M) | Time:00:14.35 | Sce: Scene Ve:0 Fa:0 La:0
Saved: 'data/clevr-cleaned-variants/circle-at-ends/fovariant-17/render/images/CLEVR_val_000005.png'
 Time: 00:14.39 (Saving: 00:00.03)


Blender quit

INFO test_net.py:  81: Called with args:
INFO test_net.py:  82: Namespace(cfg_file='clevr_inference/scene_parse/mask_rcnn/configs/baselines/e2e_mask_rcnn_R-50-FPN_1x.yaml', clevr_comp_cat=1, dataset='clevr_original_val', grab_conv=False, images_dir='data/clevr-cleaned-variants/circle-at-ends/fovariant-17/render/images', load_ckpt='/home/ubuntu/vdp-tool-chain/data/ns-vqa-data/pretrained/object_detector.pt', load_detectron=None, multi_gpu_testing=False, name=None, output_dir='data/clevr-cleaned-variants/circle-at-ends/fovariant-17/infer/mask_rcnn', range=None, rendersummary_path='data/clevr-cleaned-variants/circle-at-ends/fovariant-17/render/summary.json', set_cfgs=[], vis=False)
INFO test_net.py: 125: Testing with config:
INFO test_net.py: 126: {'BBOX_XFORM_CLIP': 4.135166556742356,
 'CLEVR': {'COMP_CAT': True},
 'CROP_RESIZE_WITH_MAX_POOL': True,
 'CUDA': False,
 'DATA_DIR': '/home/ubuntu/vdp-tool-chain/data/ns-vqa-data/mask_rcnn',
 'DATA_LOADER': {'NUM_THREADS': 4},
 'DEBUG': False,
 'DEDUP_BOXES': 0.0625,
 'EPS': 1e-14,
 'EXPECTED_RESULTS': [],
 'EXPECTED_RESULTS_ATOL': 0.005,
 'EXPECTED_RESULTS_EMAIL': '',
 'EXPECTED_RESULTS_RTOL': 0.1,
 'FAST_RCNN': {'CONV_HEAD_DIM': 256,
               'MLP_HEAD_DIM': 1024,
               'NUM_STACKED_CONVS': 4,
               'ROI_BOX_HEAD': 'fast_rcnn_heads.roi_2mlp_head',
               'ROI_XFORM_METHOD': 'RoIAlign',
               'ROI_XFORM_RESOLUTION': 7,
               'ROI_XFORM_SAMPLING_RATIO': 2},
 'FPN': {'COARSEST_STRIDE': 32,
         'DIM': 256,
         'EXTRA_CONV_LEVELS': False,
         'FPN_ON': True,
         'MULTILEVEL_ROIS': True,
         'MULTILEVEL_RPN': True,
         'ROI_CANONICAL_LEVEL': 4,
         'ROI_CANONICAL_SCALE': 224,
         'ROI_MAX_LEVEL': 5,
         'ROI_MIN_LEVEL': 2,
         'RPN_ANCHOR_START_SIZE': 32,
         'RPN_ASPECT_RATIOS': (0.5, 1, 2),
         'RPN_COLLECT_SCALE': 1,
         'RPN_MAX_LEVEL': 6,
         'RPN_MIN_LEVEL': 2,
         'USE_GN': False,
         'ZERO_INIT_LATERAL': False},
 'GROUP_NORM': {'DIM_PER_GP': -1, 'EPSILON': 1e-05, 'NUM_GROUPS': 32},
 'KRCNN': {'CONV_HEAD_DIM': 256,
           'CONV_HEAD_KERNEL': 3,
           'CONV_INIT': 'GaussianFill',
           'DECONV_DIM': 256,
           'DECONV_KERNEL': 4,
           'DILATION': 1,
           'HEATMAP_SIZE': -1,
           'INFERENCE_MIN_SIZE': 0,
           'KEYPOINT_CONFIDENCE': 'bbox',
           'LOSS_WEIGHT': 1.0,
           'MIN_KEYPOINT_COUNT_FOR_VALID_MINIBATCH': 20,
           'NMS_OKS': False,
           'NORMALIZE_BY_VISIBLE_KEYPOINTS': True,
           'NUM_KEYPOINTS': -1,
           'NUM_STACKED_CONVS': 8,
           'ROI_KEYPOINTS_HEAD': '',
           'ROI_XFORM_METHOD': 'RoIAlign',
           'ROI_XFORM_RESOLUTION': 7,
           'ROI_XFORM_SAMPLING_RATIO': 0,
           'UP_SCALE': -1,
           'USE_DECONV': False,
           'USE_DECONV_OUTPUT': False},
 'MATLAB': 'matlab',
 'MODEL': {'BBOX_REG_WEIGHTS': (10.0, 10.0, 5.0, 5.0),
           'CLS_AGNOSTIC_BBOX_REG': False,
           'CONV_BODY': 'FPN.fpn_ResNet50_conv5_body',
           'FASTER_RCNN': True,
           'KEYPOINTS_ON': False,
           'LOAD_IMAGENET_PRETRAINED_WEIGHTS': True,
           'MASK_ON': True,
           'NUM_CLASSES': 49,
           'RPN_ONLY': False,
           'SHARE_RES5': False,
           'TYPE': 'generalized_rcnn',
           'UNSUPERVISED_POSE': False},
 'MRCNN': {'CLS_SPECIFIC_MASK': True,
           'CONV_INIT': 'MSRAFill',
           'DILATION': 1,
           'DIM_REDUCED': 256,
           'MEMORY_EFFICIENT_LOSS': True,
           'RESOLUTION': 28,
           'ROI_MASK_HEAD': 'mask_rcnn_heads.mask_rcnn_fcn_head_v1up4convs',
           'ROI_XFORM_METHOD': 'RoIAlign',
           'ROI_XFORM_RESOLUTION': 14,
           'ROI_XFORM_SAMPLING_RATIO': 2,
           'THRESH_BINARIZE': 0.5,
           'UPSAMPLE_RATIO': 1,
           'USE_FC_OUTPUT': False,
           'WEIGHT_LOSS_MASK': 1.0},
 'NUM_GPUS': 8,
 'OUTPUT_DIR': 'Outputs',
 'PIXEL_MEANS': array([[[102.9801, 115.9465, 122.7717]]]),
 'POOLING_MODE': 'crop',
 'POOLING_SIZE': 7,
 'PYTORCH_VERSION_LESS_THAN_040': False,
 'RESNETS': {'FREEZE_AT': 2,
             'IMAGENET_PRETRAINED_WEIGHTS': 'pretrained_model/resnet50_caffe.pth',
             'NUM_GROUPS': 1,
             'RES5_DILATION': 1,
             'SHORTCUT_FUNC': 'basic_bn_shortcut',
             'STEM_FUNC': 'basic_bn_stem',
             'STRIDE_1X1': True,
             'TRANS_FUNC': 'bottleneck_transformation',
             'USE_GN': False,
             'WIDTH_PER_GROUP': 64},
 'RETINANET': {'ANCHOR_SCALE': 4,
               'ASPECT_RATIOS': (0.5, 1.0, 2.0),
               'BBOX_REG_BETA': 0.11,
               'BBOX_REG_WEIGHT': 1.0,
               'CLASS_SPECIFIC_BBOX': False,
               'INFERENCE_TH': 0.05,
               'LOSS_ALPHA': 0.25,
               'LOSS_GAMMA': 2.0,
               'NEGATIVE_OVERLAP': 0.4,
               'NUM_CONVS': 4,
               'POSITIVE_OVERLAP': 0.5,
               'PRE_NMS_TOP_N': 1000,
               'PRIOR_PROB': 0.01,
               'RETINANET_ON': False,
               'SCALES_PER_OCTAVE': 3,
               'SHARE_CLS_BBOX_TOWER': False,
               'SOFTMAX': False},
 'RFCN': {'PS_GRID_SIZE': 3},
 'RNG_SEED': 3,
 'ROOT_DIR': '/home/ubuntu/vdp-tool-chain/clevr_inference/scene_parse/mask_rcnn',
 'RPN': {'ASPECT_RATIOS': (0.5, 1, 2),
         'CLS_ACTIVATION': 'sigmoid',
         'OUT_DIM': 512,
         'OUT_DIM_AS_IN_DIM': True,
         'RPN_ON': True,
         'SIZES': (64, 128, 256, 512),
         'STRIDE': 16},
 'SOLVER': {'BASE_LR': 0.02,
            'BIAS_DOUBLE_LR': True,
            'BIAS_WEIGHT_DECAY': False,
            'GAMMA': 0.1,
            'LOG_LR_CHANGE_THRESHOLD': 1.1,
            'LRS': [],
            'LR_POLICY': 'steps_with_decay',
            'MAX_ITER': 30000,
            'MOMENTUM': 0.9,
            'SCALE_MOMENTUM': True,
            'SCALE_MOMENTUM_THRESHOLD': 1.1,
            'STEPS': [0, 20000, 26000],
            'STEP_SIZE': 30000,
            'TYPE': 'SGD',
            'WARM_UP_FACTOR': 0.3333333333333333,
            'WARM_UP_ITERS': 500,
            'WARM_UP_METHOD': 'linear',
            'WEIGHT_DECAY': 0.0001,
            'WEIGHT_DECAY_GN': 0.0},
 'TEST': {'BBOX_AUG': {'AREA_TH_HI': 32400,
                       'AREA_TH_LO': 2500,
                       'ASPECT_RATIOS': (),
                       'ASPECT_RATIO_H_FLIP': False,
                       'COORD_HEUR': 'UNION',
                       'ENABLED': False,
                       'H_FLIP': False,
                       'MAX_SIZE': 4000,
                       'SCALES': (),
                       'SCALE_H_FLIP': False,
                       'SCALE_SIZE_DEP': False,
                       'SCORE_HEUR': 'UNION'},
          'BBOX_REG': True,
          'BBOX_VOTE': {'ENABLED': False,
                        'SCORING_METHOD': 'ID',
                        'SCORING_METHOD_BETA': 1.0,
                        'VOTE_TH': 0.8},
          'COMPETITION_MODE': True,
          'DATASETS': ('custom(data/clevr-cleaned-variants/circle-at-ends/fovariant-17/render/images, '
                       'data/clevr-cleaned-variants/circle-at-ends/fovariant-17/render/summary.json)',),
          'DETECTIONS_PER_IM': 100,
          'FORCE_JSON_DATASET_EVAL': False,
          'KPS_AUG': {'AREA_TH': 32400,
                      'ASPECT_RATIOS': (),
                      'ASPECT_RATIO_H_FLIP': False,
                      'ENABLED': False,
                      'HEUR': 'HM_AVG',
                      'H_FLIP': False,
                      'MAX_SIZE': 4000,
                      'SCALES': (),
                      'SCALE_H_FLIP': False,
                      'SCALE_SIZE_DEP': False},
          'MASK_AUG': {'AREA_TH': 32400,
                       'ASPECT_RATIOS': (),
                       'ASPECT_RATIO_H_FLIP': False,
                       'ENABLED': False,
                       'HEUR': 'SOFT_AVG',
                       'H_FLIP': False,
                       'MAX_SIZE': 4000,
                       'SCALES': (),
                       'SCALE_H_FLIP': False,
                       'SCALE_SIZE_DEP': False},
          'MAX_SIZE': 1333,
          'NMS': 0.5,
          'PRECOMPUTED_PROPOSALS': False,
          'PROPOSAL_FILES': (),
          'PROPOSAL_LIMIT': 2000,
          'RPN_MIN_SIZE': 0,
          'RPN_NMS_THRESH': 0.7,
          'RPN_POST_NMS_TOP_N': 1000,
          'RPN_PRE_NMS_TOP_N': 1000,
          'SCALE': 800,
          'SCORE_THRESH': 0.05,
          'SOFT_NMS': {'ENABLED': False, 'METHOD': 'linear', 'SIGMA': 0.5}},
 'TRAIN': {'ASPECT_CROPPING': False,
           'ASPECT_GROUPING': True,
           'ASPECT_HI': 2,
           'ASPECT_LO': 0.5,
           'BATCH_SIZE_PER_IM': 512,
           'BBOX_INSIDE_WEIGHTS': (1.0, 1.0, 1.0, 1.0),
           'BBOX_NORMALIZE_MEANS': (0.0, 0.0, 0.0, 0.0),
           'BBOX_NORMALIZE_STDS': (0.1, 0.1, 0.2, 0.2),
           'BBOX_NORMALIZE_TARGETS': True,
           'BBOX_NORMALIZE_TARGETS_PRECOMPUTED': False,
           'BBOX_THRESH': 0.5,
           'BG_THRESH_HI': 0.5,
           'BG_THRESH_LO': 0.0,
           'CROWD_FILTER_THRESH': 0.7,
           'DATASETS': (),
           'FG_FRACTION': 0.25,
           'FG_THRESH': 0.5,
           'FREEZE_CONV_BODY': False,
           'GT_MIN_AREA': -1,
           'IMS_PER_BATCH': 2,
           'MAX_SIZE': 1333,
           'PROPOSAL_FILES': (),
           'RPN_BATCH_SIZE_PER_IM': 256,
           'RPN_FG_FRACTION': 0.5,
           'RPN_MIN_SIZE': 0,
           'RPN_NEGATIVE_OVERLAP': 0.3,
           'RPN_NMS_THRESH': 0.7,
           'RPN_POSITIVE_OVERLAP': 0.7,
           'RPN_POST_NMS_TOP_N': 2000,
           'RPN_PRE_NMS_TOP_N': 2000,
           'RPN_STRADDLE_THRESH': 0,
           'SCALES': (800,),
           'SNAPSHOT_ITERS': 20000,
           'USE_FLIPPED': False},
 'VIS': False,
 'VIS_TH': 0.9}
INFO test_engine.py: 352: loading checkpoint /home/ubuntu/vdp-tool-chain/data/ns-vqa-data/pretrained/object_detector.pt
INFO test_engine.py: 286: im_detect: range [1, 6] of 6: 1/6 1.112s + 0.003s (eta: 0:00:05)
INFO test_engine.py: 336: Wrote detections to: /home/ubuntu/vdp-tool-chain/data/clevr-cleaned-variants/circle-at-ends/fovariant-17/infer/mask_rcnn/detections.pkl
INFO test_engine.py: 164: Total inference time: 5.561s


| processing proposals 1 / 6 images
| processing proposals 2 / 6 images
| processing proposals 3 / 6 images
| processing proposals 4 / 6 images
| processing proposals 5 / 6 images
| processing proposals 6 / 6 images
| saving object annotations to data/clevr-cleaned-variants/circle-at-ends/fovariant-17/infer/attrnet/predictions.json


| options
run_dir: data/clevr-cleaned-variants/circle-at-ends/fovariant-17/solver_ir
dataset: clevr
load_checkpoint_path: /home/ubuntu/vdp-tool-chain/data/ns-vqa-data/pretrained/attribute_net.pt
gpu_ids: [0]
clevr_mini_img_dir: /home/ubuntu/vdp-tool-chain/data/ns-vqa-data/raw/CLEVR_mini/images
clevr_mini_ann_path: /home/ubuntu/vdp-tool-chain/data/ns-vqa-data/attr_net/objects/clevr_mini_objs.json
concat_img: 1
split_id: 3500
batch_size: 50
num_workers: 4
learning_rate: 0.002
split: val
output_path: data/clevr-cleaned-variants/circle-at-ends/fovariant-17/solver_ir/results.json
clevr_val_ann_path: data/clevr-cleaned-variants/circle-at-ends/fovariant-17/infer/attrnet/predictions.json
clevr_val_img_dir: /home/ubuntu/vdp-tool-chain/data/ns-vqa-data/raw/CLEVR_v1.0/images/val
shuffle_data: 0
use_cat_label: 1
name: fovariant-17
| loading checkpoint from /home/ubuntu/vdp-tool-chain/data/ns-vqa-data/pretrained/attribute_net.pt
20 / 20 objects processed
| saving annotation file to data/clevr-cleaned-variants/circle-at-ends/fovariant-17/solver_ir/results.json


0.json in test
THRESHOLD relate_front objs = {'id': '0-0', 'position': [-2.7712483406066895, -0.031895432621240616, 0.6960175037384033], 'color': 'yellow', 'material': 'metal', 'shape': 'cylinder', 'size': 'large'}, {'id': '0-2', 'position': [0.07725828140974045, 0.16060012578964233, 0.7009973526000977], 'color': 'yellow', 'material': 'metal', 'shape': 'sphere', 'size': 'large'}
THRESHOLD relate_behind objs = {'id': '0-1', 'position': [2.8454272747039795, 0.3754144608974457, 0.6919680833816528], 'color': 'yellow', 'material': 'metal', 'shape': 'cylinder', 'size': 'large'}, {'id': '0-2', 'position': [0.07725828140974045, 0.16060012578964233, 0.7009973526000977], 'color': 'yellow', 'material': 'metal', 'shape': 'sphere', 'size': 'large'}
THRESHOLD relate_behind objs = {'id': '0-2', 'position': [0.07725828140974045, 0.16060012578964233, 0.7009973526000977], 'color': 'yellow', 'material': 'metal', 'shape': 'sphere', 'size': 'large'}, {'id': '0-0', 'position': [-2.7712483406066895, -0.031895432621240616, 0.6960175037384033], 'color': 'yellow', 'material': 'metal', 'shape': 'cylinder', 'size': 'large'}
THRESHOLD relate_front objs = {'id': '0-2', 'position': [0.07725828140974045, 0.16060012578964233, 0.7009973526000977], 'color': 'yellow', 'material': 'metal', 'shape': 'sphere', 'size': 'large'}, {'id': '0-1', 'position': [2.8454272747039795, 0.3754144608974457, 0.6919680833816528], 'color': 'yellow', 'material': 'metal', 'shape': 'cylinder', 'size': 'large'}
1.json in test
THRESHOLD relate_behind objs = {'id': '1-0', 'position': [2.7973077297210693, 0.28901925683021545, 0.6987192630767822], 'color': 'yellow', 'material': 'metal', 'shape': 'cylinder', 'size': 'large'}, {'id': '1-1', 'position': [0.08094213902950287, -0.05272693932056427, 0.6925215125083923], 'color': 'yellow', 'material': 'metal', 'shape': 'cylinder', 'size': 'large'}
THRESHOLD relate_behind objs = {'id': '1-1', 'position': [0.08094213902950287, -0.05272693932056427, 0.6925215125083923], 'color': 'yellow', 'material': 'metal', 'shape': 'cylinder', 'size': 'large'}, {'id': '1-2', 'position': [-2.817913055419922, -0.14332786202430725, 0.7076466083526611], 'color': 'yellow', 'material': 'metal', 'shape': 'sphere', 'size': 'large'}
THRESHOLD relate_front objs = {'id': '1-1', 'position': [0.08094213902950287, -0.05272693932056427, 0.6925215125083923], 'color': 'yellow', 'material': 'metal', 'shape': 'cylinder', 'size': 'large'}, {'id': '1-0', 'position': [2.7973077297210693, 0.28901925683021545, 0.6987192630767822], 'color': 'yellow', 'material': 'metal', 'shape': 'cylinder', 'size': 'large'}
THRESHOLD relate_front objs = {'id': '1-2', 'position': [-2.817913055419922, -0.14332786202430725, 0.7076466083526611], 'color': 'yellow', 'material': 'metal', 'shape': 'sphere', 'size': 'large'}, {'id': '1-1', 'position': [0.08094213902950287, -0.05272693932056427, 0.6925215125083923], 'color': 'yellow', 'material': 'metal', 'shape': 'cylinder', 'size': 'large'}
2.json in test
THRESHOLD relate_behind objs = {'id': '2-0', 'position': [0.05165821686387062, 0.019501902163028717, 0.3404582440853119], 'color': 'yellow', 'material': 'metal', 'shape': 'cylinder', 'size': 'small'}, {'id': '2-1', 'position': [-2.8916015625, -0.17935603857040405, 0.3468952775001526], 'color': 'yellow', 'material': 'metal', 'shape': 'cylinder', 'size': 'small'}
THRESHOLD relate_behind objs = {'id': '2-0', 'position': [0.05165821686387062, 0.019501902163028717, 0.3404582440853119], 'color': 'yellow', 'material': 'metal', 'shape': 'cylinder', 'size': 'small'}, {'id': '2-2', 'position': [-1.4440088272094727, -0.1391165554523468, 0.35178983211517334], 'color': 'yellow', 'material': 'metal', 'shape': 'sphere', 'size': 'small'}
THRESHOLD relate_front objs = {'id': '2-0', 'position': [0.05165821686387062, 0.019501902163028717, 0.3404582440853119], 'color': 'yellow', 'material': 'metal', 'shape': 'cylinder', 'size': 'small'}, {'id': '2-3', 'position': [1.3930007219314575, 0.11025514453649521, 0.34595155715942383], 'color': 'yellow', 'material': 'metal', 'shape': 'sphere', 'size': 'small'}
THRESHOLD relate_front objs = {'id': '2-1', 'position': [-2.8916015625, -0.17935603857040405, 0.3468952775001526], 'color': 'yellow', 'material': 'metal', 'shape': 'cylinder', 'size': 'small'}, {'id': '2-0', 'position': [0.05165821686387062, 0.019501902163028717, 0.3404582440853119], 'color': 'yellow', 'material': 'metal', 'shape': 'cylinder', 'size': 'small'}
THRESHOLD relate_front objs = {'id': '2-1', 'position': [-2.8916015625, -0.17935603857040405, 0.3468952775001526], 'color': 'yellow', 'material': 'metal', 'shape': 'cylinder', 'size': 'small'}, {'id': '2-2', 'position': [-1.4440088272094727, -0.1391165554523468, 0.35178983211517334], 'color': 'yellow', 'material': 'metal', 'shape': 'sphere', 'size': 'small'}
THRESHOLD relate_front objs = {'id': '2-1', 'position': [-2.8916015625, -0.17935603857040405, 0.3468952775001526], 'color': 'yellow', 'material': 'metal', 'shape': 'cylinder', 'size': 'small'}, {'id': '2-3', 'position': [1.3930007219314575, 0.11025514453649521, 0.34595155715942383], 'color': 'yellow', 'material': 'metal', 'shape': 'sphere', 'size': 'small'}
THRESHOLD relate_behind objs = {'id': '2-2', 'position': [-1.4440088272094727, -0.1391165554523468, 0.35178983211517334], 'color': 'yellow', 'material': 'metal', 'shape': 'sphere', 'size': 'small'}, {'id': '2-1', 'position': [-2.8916015625, -0.17935603857040405, 0.3468952775001526], 'color': 'yellow', 'material': 'metal', 'shape': 'cylinder', 'size': 'small'}
THRESHOLD relate_front objs = {'id': '2-2', 'position': [-1.4440088272094727, -0.1391165554523468, 0.35178983211517334], 'color': 'yellow', 'material': 'metal', 'shape': 'sphere', 'size': 'small'}, {'id': '2-0', 'position': [0.05165821686387062, 0.019501902163028717, 0.3404582440853119], 'color': 'yellow', 'material': 'metal', 'shape': 'cylinder', 'size': 'small'}
THRESHOLD relate_front objs = {'id': '2-2', 'position': [-1.4440088272094727, -0.1391165554523468, 0.35178983211517334], 'color': 'yellow', 'material': 'metal', 'shape': 'sphere', 'size': 'small'}, {'id': '2-3', 'position': [1.3930007219314575, 0.11025514453649521, 0.34595155715942383], 'color': 'yellow', 'material': 'metal', 'shape': 'sphere', 'size': 'small'}
THRESHOLD relate_behind objs = {'id': '2-3', 'position': [1.3930007219314575, 0.11025514453649521, 0.34595155715942383], 'color': 'yellow', 'material': 'metal', 'shape': 'sphere', 'size': 'small'}, {'id': '2-0', 'position': [0.05165821686387062, 0.019501902163028717, 0.3404582440853119], 'color': 'yellow', 'material': 'metal', 'shape': 'cylinder', 'size': 'small'}
THRESHOLD relate_behind objs = {'id': '2-3', 'position': [1.3930007219314575, 0.11025514453649521, 0.34595155715942383], 'color': 'yellow', 'material': 'metal', 'shape': 'sphere', 'size': 'small'}, {'id': '2-1', 'position': [-2.8916015625, -0.17935603857040405, 0.3468952775001526], 'color': 'yellow', 'material': 'metal', 'shape': 'cylinder', 'size': 'small'}
THRESHOLD relate_behind objs = {'id': '2-3', 'position': [1.3930007219314575, 0.11025514453649521, 0.34595155715942383], 'color': 'yellow', 'material': 'metal', 'shape': 'sphere', 'size': 'small'}, {'id': '2-2', 'position': [-1.4440088272094727, -0.1391165554523468, 0.35178983211517334], 'color': 'yellow', 'material': 'metal', 'shape': 'sphere', 'size': 'small'}
3.json in train
THRESHOLD relate_behind objs = {'id': '3-0', 'position': [-1.2840194702148438, 0.04281286522746086, 0.34231916069984436], 'color': 'blue', 'material': 'metal', 'shape': 'sphere', 'size': 'small'}, {'id': '3-3', 'position': [-2.7179760932922363, 0.021865740418434143, 0.34523946046829224], 'color': 'red', 'material': 'rubber', 'shape': 'cylinder', 'size': 'small'}
THRESHOLD relate_front objs = {'id': '3-0', 'position': [-1.2840194702148438, 0.04281286522746086, 0.34231916069984436], 'color': 'blue', 'material': 'metal', 'shape': 'sphere', 'size': 'small'}, {'id': '3-1', 'position': [1.4254926443099976, 0.2636173963546753, 0.3465929627418518], 'color': 'blue', 'material': 'metal', 'shape': 'sphere', 'size': 'small'}
THRESHOLD relate_front objs = {'id': '3-0', 'position': [-1.2840194702148438, 0.04281286522746086, 0.34231916069984436], 'color': 'blue', 'material': 'metal', 'shape': 'sphere', 'size': 'small'}, {'id': '3-2', 'position': [2.9337706565856934, 0.35045570135116577, 0.6941405534744263], 'color': 'purple', 'material': 'metal', 'shape': 'cylinder', 'size': 'large'}
THRESHOLD relate_behind objs = {'id': '3-1', 'position': [1.4254926443099976, 0.2636173963546753, 0.3465929627418518], 'color': 'blue', 'material': 'metal', 'shape': 'sphere', 'size': 'small'}, {'id': '3-0', 'position': [-1.2840194702148438, 0.04281286522746086, 0.34231916069984436], 'color': 'blue', 'material': 'metal', 'shape': 'sphere', 'size': 'small'}
THRESHOLD relate_behind objs = {'id': '3-1', 'position': [1.4254926443099976, 0.2636173963546753, 0.3465929627418518], 'color': 'blue', 'material': 'metal', 'shape': 'sphere', 'size': 'small'}, {'id': '3-3', 'position': [-2.7179760932922363, 0.021865740418434143, 0.34523946046829224], 'color': 'red', 'material': 'rubber', 'shape': 'cylinder', 'size': 'small'}
THRESHOLD relate_front objs = {'id': '3-1', 'position': [1.4254926443099976, 0.2636173963546753, 0.3465929627418518], 'color': 'blue', 'material': 'metal', 'shape': 'sphere', 'size': 'small'}, {'id': '3-2', 'position': [2.9337706565856934, 0.35045570135116577, 0.6941405534744263], 'color': 'purple', 'material': 'metal', 'shape': 'cylinder', 'size': 'large'}
THRESHOLD relate_behind objs = {'id': '3-2', 'position': [2.9337706565856934, 0.35045570135116577, 0.6941405534744263], 'color': 'purple', 'material': 'metal', 'shape': 'cylinder', 'size': 'large'}, {'id': '3-0', 'position': [-1.2840194702148438, 0.04281286522746086, 0.34231916069984436], 'color': 'blue', 'material': 'metal', 'shape': 'sphere', 'size': 'small'}
THRESHOLD relate_behind objs = {'id': '3-2', 'position': [2.9337706565856934, 0.35045570135116577, 0.6941405534744263], 'color': 'purple', 'material': 'metal', 'shape': 'cylinder', 'size': 'large'}, {'id': '3-1', 'position': [1.4254926443099976, 0.2636173963546753, 0.3465929627418518], 'color': 'blue', 'material': 'metal', 'shape': 'sphere', 'size': 'small'}
THRESHOLD relate_behind objs = {'id': '3-2', 'position': [2.9337706565856934, 0.35045570135116577, 0.6941405534744263], 'color': 'purple', 'material': 'metal', 'shape': 'cylinder', 'size': 'large'}, {'id': '3-3', 'position': [-2.7179760932922363, 0.021865740418434143, 0.34523946046829224], 'color': 'red', 'material': 'rubber', 'shape': 'cylinder', 'size': 'small'}
THRESHOLD relate_front objs = {'id': '3-3', 'position': [-2.7179760932922363, 0.021865740418434143, 0.34523946046829224], 'color': 'red', 'material': 'rubber', 'shape': 'cylinder', 'size': 'small'}, {'id': '3-0', 'position': [-1.2840194702148438, 0.04281286522746086, 0.34231916069984436], 'color': 'blue', 'material': 'metal', 'shape': 'sphere', 'size': 'small'}
THRESHOLD relate_front objs = {'id': '3-3', 'position': [-2.7179760932922363, 0.021865740418434143, 0.34523946046829224], 'color': 'red', 'material': 'rubber', 'shape': 'cylinder', 'size': 'small'}, {'id': '3-1', 'position': [1.4254926443099976, 0.2636173963546753, 0.3465929627418518], 'color': 'blue', 'material': 'metal', 'shape': 'sphere', 'size': 'small'}
THRESHOLD relate_front objs = {'id': '3-3', 'position': [-2.7179760932922363, 0.021865740418434143, 0.34523946046829224], 'color': 'red', 'material': 'rubber', 'shape': 'cylinder', 'size': 'small'}, {'id': '3-2', 'position': [2.9337706565856934, 0.35045570135116577, 0.6941405534744263], 'color': 'purple', 'material': 'metal', 'shape': 'cylinder', 'size': 'large'}
4.json in train
THRESHOLD relate_behind objs = {'id': '4-0', 'position': [2.112281322479248, 0.08707492053508759, 0.3509103059768677], 'color': 'purple', 'material': 'rubber', 'shape': 'cylinder', 'size': 'small'}, {'id': '4-1', 'position': [-1.983824372291565, -0.1345166563987732, 0.3459590673446655], 'color': 'purple', 'material': 'rubber', 'shape': 'cylinder', 'size': 'small'}
THRESHOLD relate_behind objs = {'id': '4-0', 'position': [2.112281322479248, 0.08707492053508759, 0.3509103059768677], 'color': 'purple', 'material': 'rubber', 'shape': 'cylinder', 'size': 'small'}, {'id': '4-2', 'position': [0.03188391029834747, -0.025030773133039474, 0.6969637274742126], 'color': 'yellow', 'material': 'metal', 'shape': 'sphere', 'size': 'large'}
THRESHOLD relate_front objs = {'id': '4-1', 'position': [-1.983824372291565, -0.1345166563987732, 0.3459590673446655], 'color': 'purple', 'material': 'rubber', 'shape': 'cylinder', 'size': 'small'}, {'id': '4-0', 'position': [2.112281322479248, 0.08707492053508759, 0.3509103059768677], 'color': 'purple', 'material': 'rubber', 'shape': 'cylinder', 'size': 'small'}
THRESHOLD relate_front objs = {'id': '4-1', 'position': [-1.983824372291565, -0.1345166563987732, 0.3459590673446655], 'color': 'purple', 'material': 'rubber', 'shape': 'cylinder', 'size': 'small'}, {'id': '4-2', 'position': [0.03188391029834747, -0.025030773133039474, 0.6969637274742126], 'color': 'yellow', 'material': 'metal', 'shape': 'sphere', 'size': 'large'}
THRESHOLD relate_behind objs = {'id': '4-2', 'position': [0.03188391029834747, -0.025030773133039474, 0.6969637274742126], 'color': 'yellow', 'material': 'metal', 'shape': 'sphere', 'size': 'large'}, {'id': '4-1', 'position': [-1.983824372291565, -0.1345166563987732, 0.3459590673446655], 'color': 'purple', 'material': 'rubber', 'shape': 'cylinder', 'size': 'small'}
THRESHOLD relate_front objs = {'id': '4-2', 'position': [0.03188391029834747, -0.025030773133039474, 0.6969637274742126], 'color': 'yellow', 'material': 'metal', 'shape': 'sphere', 'size': 'large'}, {'id': '4-0', 'position': [2.112281322479248, 0.08707492053508759, 0.3509103059768677], 'color': 'purple', 'material': 'rubber', 'shape': 'cylinder', 'size': 'small'}
5.json in train
THRESHOLD relate_behind objs = {'id': '5-0', 'position': [2.1109070777893066, 0.2935512661933899, 0.6905964016914368], 'color': 'red', 'material': 'metal', 'shape': 'cylinder', 'size': 'large'}, {'id': '5-1', 'position': [-2.2375922203063965, 0.06724727898836136, 0.7037451267242432], 'color': 'red', 'material': 'metal', 'shape': 'cylinder', 'size': 'large'}
THRESHOLD relate_behind objs = {'id': '5-0', 'position': [2.1109070777893066, 0.2935512661933899, 0.6905964016914368], 'color': 'red', 'material': 'metal', 'shape': 'cylinder', 'size': 'large'}, {'id': '5-2', 'position': [-0.07486795634031296, 0.10923192650079727, 0.3508145213127136], 'color': 'red', 'material': 'metal', 'shape': 'sphere', 'size': 'small'}
THRESHOLD relate_front objs = {'id': '5-1', 'position': [-2.2375922203063965, 0.06724727898836136, 0.7037451267242432], 'color': 'red', 'material': 'metal', 'shape': 'cylinder', 'size': 'large'}, {'id': '5-0', 'position': [2.1109070777893066, 0.2935512661933899, 0.6905964016914368], 'color': 'red', 'material': 'metal', 'shape': 'cylinder', 'size': 'large'}
THRESHOLD relate_front objs = {'id': '5-1', 'position': [-2.2375922203063965, 0.06724727898836136, 0.7037451267242432], 'color': 'red', 'material': 'metal', 'shape': 'cylinder', 'size': 'large'}, {'id': '5-2', 'position': [-0.07486795634031296, 0.10923192650079727, 0.3508145213127136], 'color': 'red', 'material': 'metal', 'shape': 'sphere', 'size': 'small'}
THRESHOLD relate_behind objs = {'id': '5-2', 'position': [-0.07486795634031296, 0.10923192650079727, 0.3508145213127136], 'color': 'red', 'material': 'metal', 'shape': 'sphere', 'size': 'small'}, {'id': '5-1', 'position': [-2.2375922203063965, 0.06724727898836136, 0.7037451267242432], 'color': 'red', 'material': 'metal', 'shape': 'cylinder', 'size': 'large'}
THRESHOLD relate_front objs = {'id': '5-2', 'position': [-0.07486795634031296, 0.10923192650079727, 0.3508145213127136], 'color': 'red', 'material': 'metal', 'shape': 'sphere', 'size': 'small'}, {'id': '5-0', 'position': [2.1109070777893066, 0.2935512661933899, 0.6905964016914368], 'color': 'red', 'material': 'metal', 'shape': 'cylinder', 'size': 'large'}
