Started Logging. 2022-07-10 05:47:17.222476

found bundled python: /home/ubuntu/vdp-tool-chain/data/blender-2.78c-linux-glibc219-x86_64/2.78/python
read blend: /home/ubuntu/vdp-tool-chain/data/clevr_scene_data/base_scene.blend
convertViewVec: called in an invalid context
convertViewVec: called in an invalid context
convertViewVec: called in an invalid context
Fra:1 Mem:21.94M (0.00M, Peak 21.94M) | Time:00:00.00 | Preparing Scene data
Fra:1 Mem:34.20M (0.00M, Peak 36.35M) | Time:00:00.02 | Preparing Scene data
Fra:1 Mem:34.20M (0.00M, Peak 36.35M) | Time:00:00.02 | Creating Shadowbuffers
Fra:1 Mem:34.20M (0.00M, Peak 36.35M) | Time:00:00.02 | Raytree.. preparing
Fra:1 Mem:47.86M (0.00M, Peak 47.86M) | Time:00:00.03 | Raytree.. building
Fra:1 Mem:47.13M (0.00M, Peak 68.46M) | Time:00:00.25 | Raytree finished
Fra:1 Mem:47.13M (0.00M, Peak 68.46M) | Time:00:00.25 | Creating Environment maps
Fra:1 Mem:47.13M (0.00M, Peak 68.46M) | Time:00:00.25 | Caching Point Densities
Fra:1 Mem:47.13M (0.00M, Peak 68.46M) | Time:00:00.25 | Sce: Scene Ve:105990 Fa:99456 La:1
Fra:1 Mem:47.13M (0.00M, Peak 68.46M) | Time:00:00.25 | Loading voxel datasets
Fra:1 Mem:47.13M (0.00M, Peak 68.46M) | Time:00:00.25 | Sce: Scene Ve:105990 Fa:99456 La:1
Fra:1 Mem:47.13M (0.00M, Peak 68.46M) | Time:00:00.25 | Sce: Scene Ve:105990 Fa:99456 La:1
Fra:1 Mem:47.13M (0.00M, Peak 68.46M) | Time:00:00.25 | Volume preprocessing
Fra:1 Mem:47.13M (0.00M, Peak 68.46M) | Time:00:00.25 | Sce: Scene Ve:105990 Fa:99456 La:1
Fra:1 Mem:47.13M (0.00M, Peak 68.46M) | Time:00:00.25 | Sce: Scene Ve:105990 Fa:99456 La:1
Fra:1 Mem:51.20M (0.00M, Peak 68.46M) | Time:00:00.25 | Scene, Part 3-4
Fra:1 Mem:51.17M (0.00M, Peak 68.46M) | Time:00:00.26 | Scene, Part 4-4
Fra:1 Mem:50.23M (0.00M, Peak 68.46M) | Time:00:00.28 | Scene, Part 2-4
Fra:1 Mem:48.39M (0.00M, Peak 68.46M) | Time:00:00.28 | Scene, Part 1-4
Fra:1 Mem:21.82M (0.00M, Peak 68.46M) | Time:00:00.29 | Sce: Scene Ve:105990 Fa:99456 La:1
Saved: '/tmp/tmpwb_nli4p.png'
 Time: 00:00.33 (Saving: 00:00.04)

Fra:1 Mem:21.86M (0.00M, Peak 22.45M) | Time:00:00.04 | Mem:0.00M, Peak:0.00M | Scene, RenderLayer | Synchronizing object | Area
Fra:1 Mem:21.86M (0.00M, Peak 22.45M) | Time:00:00.04 | Mem:0.00M, Peak:0.00M | Scene, RenderLayer | Synchronizing object | Ground
Fra:1 Mem:21.92M (0.00M, Peak 22.45M) | Time:00:00.04 | Mem:0.00M, Peak:0.00M | Scene, RenderLayer | Synchronizing object | Empty
Fra:1 Mem:21.92M (0.00M, Peak 22.45M) | Time:00:00.04 | Mem:0.00M, Peak:0.00M | Scene, RenderLayer | Synchronizing object | Lamp_Back
Fra:1 Mem:21.92M (0.00M, Peak 22.45M) | Time:00:00.04 | Mem:0.00M, Peak:0.00M | Scene, RenderLayer | Synchronizing object | Lamp_Fill
Fra:1 Mem:21.92M (0.00M, Peak 22.45M) | Time:00:00.04 | Mem:0.00M, Peak:0.00M | Scene, RenderLayer | Synchronizing object | Lamp_Key
Fra:1 Mem:21.92M (0.00M, Peak 22.45M) | Time:00:00.04 | Mem:0.00M, Peak:0.00M | Scene, RenderLayer | Synchronizing object | Camera
Fra:1 Mem:21.92M (0.00M, Peak 22.45M) | Time:00:00.04 | Mem:0.00M, Peak:0.00M | Scene, RenderLayer | Synchronizing object | SmoothCylinder_0
Fra:1 Mem:25.24M (0.00M, Peak 28.33M) | Time:00:00.06 | Mem:0.00M, Peak:0.00M | Scene, RenderLayer | Synchronizing object | SmoothCylinder_1
Fra:1 Mem:28.57M (0.00M, Peak 31.65M) | Time:00:00.07 | Mem:0.00M, Peak:0.00M | Scene, RenderLayer | Synchronizing object | SmoothCylinder_2
Fra:1 Mem:31.89M (0.00M, Peak 34.97M) | Time:00:00.08 | Mem:0.00M, Peak:0.00M | Scene, RenderLayer | Initializing
Fra:1 Mem:31.89M (0.00M, Peak 34.97M) | Time:00:00.08 | Mem:0.00M, Peak:0.00M | Scene, RenderLayer | Loading render kernels (may take a few minutes the first time)
Fra:1 Mem:31.89M (0.00M, Peak 34.97M) | Time:00:00.09 | Mem:0.00M, Peak:0.00M | Scene, RenderLayer | Waiting for render to start
Fra:1 Mem:31.89M (0.00M, Peak 34.97M) | Time:00:00.09 | Mem:0.00M, Peak:0.00M | Scene, RenderLayer | Updating Scene
Fra:1 Mem:31.89M (0.00M, Peak 34.97M) | Time:00:00.09 | Mem:0.00M, Peak:0.00M | Scene, RenderLayer | Updating Shaders
Fra:1 Mem:32.39M (0.00M, Peak 34.97M) | Time:00:00.17 | Mem:0.00M, Peak:0.00M | Scene, RenderLayer | Updating Background
Fra:1 Mem:32.39M (0.00M, Peak 34.97M) | Time:00:00.17 | Mem:0.00M, Peak:0.00M | Scene, RenderLayer | Updating Camera
Fra:1 Mem:32.39M (0.00M, Peak 34.97M) | Time:00:00.17 | Mem:0.00M, Peak:0.00M | Scene, RenderLayer | Updating Meshes Flags
Fra:1 Mem:32.39M (0.00M, Peak 34.97M) | Time:00:00.17 | Mem:0.00M, Peak:0.00M | Scene, RenderLayer | Updating Objects
Fra:1 Mem:32.39M (0.00M, Peak 34.97M) | Time:00:00.17 | Mem:0.00M, Peak:0.00M | Scene, RenderLayer | Updating Objects | Copying Transformations to device
Fra:1 Mem:32.39M (0.00M, Peak 34.97M) | Time:00:00.17 | Mem:0.00M, Peak:0.00M | Scene, RenderLayer | Updating Objects | Applying Static Transformations
Fra:1 Mem:32.39M (0.00M, Peak 34.97M) | Time:00:00.17 | Mem:0.00M, Peak:0.00M | Scene, RenderLayer | Updating Meshes
Fra:1 Mem:35.44M (0.00M, Peak 35.44M) | Time:00:00.18 | Mem:0.00M, Peak:0.00M | Scene, RenderLayer | Updating Mesh | Computing attributes
Fra:1 Mem:37.05M (0.00M, Peak 37.05M) | Time:00:00.18 | Mem:0.00M, Peak:0.00M | Scene, RenderLayer | Updating Mesh | Copying Attributes to device
Fra:1 Mem:37.05M (0.00M, Peak 38.67M) | Time:00:00.18 | Mem:1.62M, Peak:1.62M | Scene, RenderLayer | Updating Scene BVH | Building
Fra:1 Mem:37.05M (0.00M, Peak 38.67M) | Time:00:00.18 | Mem:1.62M, Peak:1.62M | Scene, RenderLayer | Updating Scene BVH | Building BVH
Fra:1 Mem:48.48M (0.00M, Peak 48.48M) | Time:00:00.32 | Mem:1.62M, Peak:1.62M | Scene, RenderLayer | Updating Scene BVH | Packing BVH triangles and strands
Fra:1 Mem:59.14M (0.00M, Peak 59.14M) | Time:00:00.33 | Mem:1.62M, Peak:1.62M | Scene, RenderLayer | Updating Scene BVH | Packing BVH nodes
Fra:1 Mem:53.30M (0.00M, Peak 62.44M) | Time:00:00.35 | Mem:1.62M, Peak:1.62M | Scene, RenderLayer | Updating Scene BVH | Copying BVH to device
Fra:1 Mem:54.06M (0.00M, Peak 62.44M) | Time:00:00.35 | Mem:17.86M, Peak:17.86M | Scene, RenderLayer | Updating Mesh | Computing normals
Fra:1 Mem:61.08M (0.00M, Peak 62.44M) | Time:00:00.36 | Mem:17.86M, Peak:17.86M | Scene, RenderLayer | Updating Mesh | Copying Mesh to device
Fra:1 Mem:60.31M (0.00M, Peak 62.44M) | Time:00:00.36 | Mem:24.88M, Peak:24.88M | Scene, RenderLayer | Updating Objects Flags
Fra:1 Mem:60.31M (0.00M, Peak 62.44M) | Time:00:00.36 | Mem:24.88M, Peak:24.88M | Scene, RenderLayer | Updating Images
Fra:1 Mem:60.31M (0.00M, Peak 62.44M) | Time:00:00.36 | Mem:24.88M, Peak:24.88M | Scene, RenderLayer | Updating Camera Volume
Fra:1 Mem:60.31M (0.00M, Peak 62.44M) | Time:00:00.36 | Mem:24.88M, Peak:24.88M | Scene, RenderLayer | Updating Hair Systems
Fra:1 Mem:60.31M (0.00M, Peak 62.44M) | Time:00:00.36 | Mem:24.88M, Peak:24.88M | Scene, RenderLayer | Updating Hair settings | Copying Hair settings to device
Fra:1 Mem:60.31M (0.00M, Peak 62.44M) | Time:00:00.36 | Mem:24.88M, Peak:24.88M | Scene, RenderLayer | Updating Lookup Tables
Fra:1 Mem:60.31M (0.00M, Peak 62.44M) | Time:00:00.36 | Mem:25.13M, Peak:25.13M | Scene, RenderLayer | Updating Lights
Fra:1 Mem:60.32M (0.00M, Peak 62.44M) | Time:00:00.36 | Mem:25.13M, Peak:25.13M | Scene, RenderLayer | Updating Lights | Computing distribution
Fra:1 Mem:60.32M (0.00M, Peak 62.44M) | Time:00:00.36 | Mem:25.13M, Peak:25.13M | Scene, RenderLayer | Updating Particle Systems
Fra:1 Mem:60.32M (0.00M, Peak 62.44M) | Time:00:00.36 | Mem:25.13M, Peak:25.13M | Scene, RenderLayer | Updating Particle Systems | Copying Particles to device
Fra:1 Mem:60.32M (0.00M, Peak 62.44M) | Time:00:00.36 | Mem:25.13M, Peak:25.13M | Scene, RenderLayer | Updating Integrator
Fra:1 Mem:60.36M (0.00M, Peak 62.44M) | Time:00:00.36 | Mem:25.17M, Peak:25.17M | Scene, RenderLayer | Updating Film
Fra:1 Mem:60.36M (0.00M, Peak 62.44M) | Time:00:00.36 | Mem:25.17M, Peak:25.17M | Scene, RenderLayer | Updating Lookup Tables
Fra:1 Mem:60.36M (0.00M, Peak 62.44M) | Time:00:00.36 | Mem:25.18M, Peak:25.18M | Scene, RenderLayer | Updating Baking
Fra:1 Mem:60.36M (0.00M, Peak 62.44M) | Time:00:00.36 | Mem:25.18M, Peak:25.18M | Scene, RenderLayer | Updating Device | Writing constant memory
Fra:1 Mem:60.36M (0.00M, Peak 62.44M) | Time:00:00.36 | Mem:25.18M, Peak:25.18M | Scene, RenderLayer | Path Tracing Tile 0/4, Sample 0/512
Fra:1 Mem:62.61M (0.00M, Peak 63.86M) | Time:00:00.36 | Mem:27.43M, Peak:27.43M | Scene, RenderLayer | Path Tracing Tile 1/4, Sample 0/512
Fra:1 Mem:62.61M (0.00M, Peak 64.86M) | Time:00:01.37 | Remaining:00:11.71 | Mem:27.43M, Peak:27.43M | Scene, RenderLayer | Path Tracing Tile 1/4, Sample 95/512
Fra:1 Mem:62.61M (0.00M, Peak 64.86M) | Time:00:02.37 | Remaining:00:10.70 | Mem:27.43M, Peak:27.43M | Scene, RenderLayer | Path Tracing Tile 1/4, Sample 190/512
Fra:1 Mem:62.61M (0.00M, Peak 64.86M) | Time:00:03.38 | Remaining:00:09.69 | Mem:27.43M, Peak:27.43M | Scene, RenderLayer | Path Tracing Tile 1/4, Sample 285/512
Fra:1 Mem:62.61M (0.00M, Peak 64.86M) | Time:00:04.39 | Remaining:00:08.68 | Mem:27.43M, Peak:27.43M | Scene, RenderLayer | Path Tracing Tile 1/4, Sample 380/512
Fra:1 Mem:62.61M (0.00M, Peak 64.86M) | Time:00:05.39 | Remaining:00:07.70 | Mem:27.43M, Peak:27.43M | Scene, RenderLayer | Path Tracing Tile 1/4, Sample 474/512
Fra:1 Mem:60.36M (0.00M, Peak 64.86M) | Time:00:05.80 | Remaining:00:07.30 | Mem:25.18M, Peak:27.43M | Scene, RenderLayer | Path Tracing Tile 1/4, Sample 512/512
Fra:1 Mem:62.33M (0.00M, Peak 64.86M) | Time:00:05.80 | Remaining:00:07.31 | Mem:27.15M, Peak:27.43M | Scene, RenderLayer | Path Tracing Tile 2/4, Sample 512/512
Fra:1 Mem:62.33M (0.00M, Peak 64.86M) | Time:00:06.40 | Remaining:00:06.69 | Mem:27.15M, Peak:27.43M | Scene, RenderLayer | Path Tracing Tile 2/4, Sample 65/512
Fra:1 Mem:62.33M (0.00M, Peak 64.86M) | Time:00:07.40 | Remaining:00:05.67 | Mem:27.15M, Peak:27.43M | Scene, RenderLayer | Path Tracing Tile 2/4, Sample 174/512
Fra:1 Mem:62.33M (0.00M, Peak 64.86M) | Time:00:08.40 | Remaining:00:04.65 | Mem:27.15M, Peak:27.43M | Scene, RenderLayer | Path Tracing Tile 2/4, Sample 283/512
Fra:1 Mem:62.33M (0.00M, Peak 64.86M) | Time:00:09.41 | Remaining:00:03.64 | Mem:27.15M, Peak:27.43M | Scene, RenderLayer | Path Tracing Tile 2/4, Sample 392/512
Fra:1 Mem:62.33M (0.00M, Peak 64.86M) | Time:00:10.41 | Remaining:00:02.64 | Mem:27.15M, Peak:27.43M | Scene, RenderLayer | Path Tracing Tile 2/4, Sample 501/512
Fra:1 Mem:60.36M (0.00M, Peak 64.86M) | Time:00:10.52 | Remaining:00:02.53 | Mem:25.18M, Peak:27.43M | Scene, RenderLayer | Path Tracing Tile 2/4, Sample 512/512
Fra:1 Mem:60.92M (0.00M, Peak 64.86M) | Time:00:10.52 | Remaining:00:02.53 | Mem:25.74M, Peak:27.43M | Scene, RenderLayer | Path Tracing Tile 3/4, Sample 512/512
Fra:1 Mem:60.92M (0.00M, Peak 64.86M) | Time:00:11.41 | Remaining:00:02.04 | Mem:25.74M, Peak:27.43M | Scene, RenderLayer | Path Tracing Tile 3/4, Sample 211/512
Fra:1 Mem:60.92M (0.00M, Peak 64.86M) | Time:00:12.42 | Remaining:00:01.44 | Mem:25.74M, Peak:27.43M | Scene, RenderLayer | Path Tracing Tile 3/4, Sample 445/512
Fra:1 Mem:60.36M (0.00M, Peak 64.86M) | Time:00:12.71 | Remaining:00:01.27 | Mem:25.18M, Peak:27.43M | Scene, RenderLayer | Path Tracing Tile 3/4, Sample 512/512
Fra:1 Mem:60.85M (0.00M, Peak 64.86M) | Time:00:12.71 | Remaining:00:01.27 | Mem:25.67M, Peak:27.43M | Scene, RenderLayer | Path Tracing Tile 4/4, Sample 512/512
Fra:1 Mem:60.85M (0.00M, Peak 64.86M) | Time:00:13.42 | Remaining:00:00.83 | Mem:25.67M, Peak:27.43M | Scene, RenderLayer | Path Tracing Tile 4/4, Sample 181/512
Fra:1 Mem:60.85M (0.00M, Peak 64.86M) | Time:00:14.42 | Remaining:00:00.20 | Mem:25.67M, Peak:27.43M | Scene, RenderLayer | Path Tracing Tile 4/4, Sample 435/512
Fra:1 Mem:60.36M (0.00M, Peak 64.86M) | Time:00:14.73 | Mem:25.18M, Peak:27.43M | Scene, RenderLayer | Path Tracing Tile 4/4, Sample 512/512
Fra:1 Mem:60.36M (0.00M, Peak 64.86M) | Time:00:14.73 | Mem:25.18M, Peak:27.43M | Scene, RenderLayer | Finished
Fra:1 Mem:22.10M (0.00M, Peak 64.86M) | Time:00:14.81 | Sce: Scene Ve:0 Fa:0 La:0
Saved: 'data/clevr-cleaned-puzzles/threepack/render/images/CLEVR_val_000000.png'
 Time: 00:14.85 (Saving: 00:00.04)

read blend: /home/ubuntu/vdp-tool-chain/data/clevr_scene_data/base_scene.blend
convertViewVec: called in an invalid context
convertViewVec: called in an invalid context
convertViewVec: called in an invalid context
Fra:1 Mem:22.20M (0.00M, Peak 22.20M) | Time:00:00.00 | Preparing Scene data
Fra:1 Mem:34.46M (0.00M, Peak 36.61M) | Time:00:00.02 | Preparing Scene data
Fra:1 Mem:34.46M (0.00M, Peak 36.61M) | Time:00:00.02 | Creating Shadowbuffers
Fra:1 Mem:34.46M (0.00M, Peak 36.61M) | Time:00:00.02 | Raytree.. preparing
Fra:1 Mem:48.12M (0.00M, Peak 48.12M) | Time:00:00.03 | Raytree.. building
Fra:1 Mem:47.40M (0.00M, Peak 68.72M) | Time:00:00.25 | Raytree finished
Fra:1 Mem:47.40M (0.00M, Peak 68.72M) | Time:00:00.25 | Creating Environment maps
Fra:1 Mem:47.40M (0.00M, Peak 68.72M) | Time:00:00.25 | Caching Point Densities
Fra:1 Mem:47.40M (0.00M, Peak 68.72M) | Time:00:00.25 | Sce: Scene Ve:105990 Fa:99456 La:1
Fra:1 Mem:47.40M (0.00M, Peak 68.72M) | Time:00:00.25 | Loading voxel datasets
Fra:1 Mem:47.40M (0.00M, Peak 68.72M) | Time:00:00.25 | Sce: Scene Ve:105990 Fa:99456 La:1
Fra:1 Mem:47.40M (0.00M, Peak 68.72M) | Time:00:00.25 | Sce: Scene Ve:105990 Fa:99456 La:1
Fra:1 Mem:47.40M (0.00M, Peak 68.72M) | Time:00:00.25 | Volume preprocessing
Fra:1 Mem:47.40M (0.00M, Peak 68.72M) | Time:00:00.25 | Sce: Scene Ve:105990 Fa:99456 La:1
Fra:1 Mem:47.40M (0.00M, Peak 68.72M) | Time:00:00.25 | Sce: Scene Ve:105990 Fa:99456 La:1
Fra:1 Mem:51.74M (0.00M, Peak 68.72M) | Time:00:00.26 | Scene, Part 3-4
Fra:1 Mem:51.43M (0.00M, Peak 68.72M) | Time:00:00.26 | Scene, Part 4-4
Fra:1 Mem:49.75M (0.00M, Peak 68.72M) | Time:00:00.27 | Scene, Part 1-4
Fra:1 Mem:48.49M (0.00M, Peak 68.72M) | Time:00:00.27 | Scene, Part 2-4
Fra:1 Mem:22.09M (0.00M, Peak 68.72M) | Time:00:00.28 | Sce: Scene Ve:105990 Fa:99456 La:1
Saved: '/tmp/tmpeglffoqh.png'
 Time: 00:00.29 (Saving: 00:00.01)

Fra:1 Mem:22.12M (0.00M, Peak 22.72M) | Time:00:00.04 | Mem:0.00M, Peak:0.00M | Scene, RenderLayer | Synchronizing object | Area
Fra:1 Mem:22.12M (0.00M, Peak 22.72M) | Time:00:00.04 | Mem:0.00M, Peak:0.00M | Scene, RenderLayer | Synchronizing object | Ground
Fra:1 Mem:22.19M (0.00M, Peak 22.72M) | Time:00:00.04 | Mem:0.00M, Peak:0.00M | Scene, RenderLayer | Synchronizing object | Empty
Fra:1 Mem:22.19M (0.00M, Peak 22.72M) | Time:00:00.04 | Mem:0.00M, Peak:0.00M | Scene, RenderLayer | Synchronizing object | Lamp_Back
Fra:1 Mem:22.19M (0.00M, Peak 22.72M) | Time:00:00.04 | Mem:0.00M, Peak:0.00M | Scene, RenderLayer | Synchronizing object | Lamp_Fill
Fra:1 Mem:22.19M (0.00M, Peak 22.72M) | Time:00:00.04 | Mem:0.00M, Peak:0.00M | Scene, RenderLayer | Synchronizing object | Lamp_Key
Fra:1 Mem:22.19M (0.00M, Peak 22.72M) | Time:00:00.04 | Mem:0.00M, Peak:0.00M | Scene, RenderLayer | Synchronizing object | Camera
Fra:1 Mem:22.19M (0.00M, Peak 22.72M) | Time:00:00.04 | Mem:0.00M, Peak:0.00M | Scene, RenderLayer | Synchronizing object | SmoothCylinder_0
Fra:1 Mem:25.51M (0.00M, Peak 28.59M) | Time:00:00.06 | Mem:0.00M, Peak:0.00M | Scene, RenderLayer | Synchronizing object | SmoothCylinder_1
Fra:1 Mem:28.83M (0.00M, Peak 31.91M) | Time:00:00.07 | Mem:0.00M, Peak:0.00M | Scene, RenderLayer | Synchronizing object | SmoothCylinder_2
Fra:1 Mem:32.15M (0.00M, Peak 35.24M) | Time:00:00.08 | Mem:0.00M, Peak:0.00M | Scene, RenderLayer | Initializing
Fra:1 Mem:32.15M (0.00M, Peak 35.24M) | Time:00:00.08 | Mem:0.00M, Peak:0.00M | Scene, RenderLayer | Loading render kernels (may take a few minutes the first time)
Fra:1 Mem:32.15M (0.00M, Peak 35.24M) | Time:00:00.09 | Mem:0.00M, Peak:0.00M | Scene, RenderLayer | Waiting for render to start
Fra:1 Mem:32.15M (0.00M, Peak 35.24M) | Time:00:00.09 | Mem:0.00M, Peak:0.00M | Scene, RenderLayer | Updating Scene
Fra:1 Mem:32.15M (0.00M, Peak 35.24M) | Time:00:00.09 | Mem:0.00M, Peak:0.00M | Scene, RenderLayer | Updating Shaders
Fra:1 Mem:32.40M (0.00M, Peak 35.24M) | Time:00:00.09 | Mem:0.00M, Peak:0.00M | Scene, RenderLayer | Updating Background
Fra:1 Mem:32.40M (0.00M, Peak 35.24M) | Time:00:00.09 | Mem:0.00M, Peak:0.00M | Scene, RenderLayer | Updating Camera
Fra:1 Mem:32.40M (0.00M, Peak 35.24M) | Time:00:00.09 | Mem:0.00M, Peak:0.00M | Scene, RenderLayer | Updating Meshes Flags
Fra:1 Mem:32.40M (0.00M, Peak 35.24M) | Time:00:00.09 | Mem:0.00M, Peak:0.00M | Scene, RenderLayer | Updating Objects
Fra:1 Mem:32.40M (0.00M, Peak 35.24M) | Time:00:00.09 | Mem:0.00M, Peak:0.00M | Scene, RenderLayer | Updating Objects | Copying Transformations to device
Fra:1 Mem:32.40M (0.00M, Peak 35.24M) | Time:00:00.10 | Mem:0.00M, Peak:0.00M | Scene, RenderLayer | Updating Objects | Applying Static Transformations
Fra:1 Mem:32.40M (0.00M, Peak 35.24M) | Time:00:00.10 | Mem:0.00M, Peak:0.00M | Scene, RenderLayer | Updating Meshes
Fra:1 Mem:35.45M (0.00M, Peak 35.45M) | Time:00:00.10 | Mem:0.00M, Peak:0.00M | Scene, RenderLayer | Updating Mesh | Computing attributes
Fra:1 Mem:37.07M (0.00M, Peak 37.07M) | Time:00:00.10 | Mem:0.00M, Peak:0.00M | Scene, RenderLayer | Updating Mesh | Copying Attributes to device
Fra:1 Mem:37.07M (0.00M, Peak 38.69M) | Time:00:00.11 | Mem:1.62M, Peak:1.62M | Scene, RenderLayer | Updating Scene BVH | Building
Fra:1 Mem:37.07M (0.00M, Peak 38.69M) | Time:00:00.11 | Mem:1.62M, Peak:1.62M | Scene, RenderLayer | Updating Scene BVH | Building BVH
Fra:1 Mem:48.49M (0.00M, Peak 48.49M) | Time:00:00.24 | Mem:1.62M, Peak:1.62M | Scene, RenderLayer | Updating Scene BVH | Packing BVH triangles and strands
Fra:1 Mem:59.15M (0.00M, Peak 59.15M) | Time:00:00.25 | Mem:1.62M, Peak:1.62M | Scene, RenderLayer | Updating Scene BVH | Packing BVH nodes
Fra:1 Mem:53.31M (0.00M, Peak 62.45M) | Time:00:00.27 | Mem:1.62M, Peak:1.62M | Scene, RenderLayer | Updating Scene BVH | Copying BVH to device
Fra:1 Mem:54.07M (0.00M, Peak 62.45M) | Time:00:00.27 | Mem:17.86M, Peak:17.86M | Scene, RenderLayer | Updating Mesh | Computing normals
Fra:1 Mem:61.09M (0.00M, Peak 62.45M) | Time:00:00.28 | Mem:17.86M, Peak:17.86M | Scene, RenderLayer | Updating Mesh | Copying Mesh to device
Fra:1 Mem:60.33M (0.00M, Peak 62.45M) | Time:00:00.28 | Mem:24.88M, Peak:24.88M | Scene, RenderLayer | Updating Objects Flags
Fra:1 Mem:60.33M (0.00M, Peak 62.45M) | Time:00:00.28 | Mem:24.88M, Peak:24.88M | Scene, RenderLayer | Updating Images
Fra:1 Mem:60.33M (0.00M, Peak 62.45M) | Time:00:00.28 | Mem:24.88M, Peak:24.88M | Scene, RenderLayer | Updating Camera Volume
Fra:1 Mem:60.33M (0.00M, Peak 62.45M) | Time:00:00.28 | Mem:24.88M, Peak:24.88M | Scene, RenderLayer | Updating Hair Systems
Fra:1 Mem:60.33M (0.00M, Peak 62.45M) | Time:00:00.28 | Mem:24.88M, Peak:24.88M | Scene, RenderLayer | Updating Hair settings | Copying Hair settings to device
Fra:1 Mem:60.33M (0.00M, Peak 62.45M) | Time:00:00.28 | Mem:24.88M, Peak:24.88M | Scene, RenderLayer | Updating Lookup Tables
Fra:1 Mem:60.33M (0.00M, Peak 62.45M) | Time:00:00.28 | Mem:25.13M, Peak:25.13M | Scene, RenderLayer | Updating Lights
Fra:1 Mem:60.33M (0.00M, Peak 62.45M) | Time:00:00.28 | Mem:25.13M, Peak:25.13M | Scene, RenderLayer | Updating Lights | Computing distribution
Fra:1 Mem:60.33M (0.00M, Peak 62.45M) | Time:00:00.28 | Mem:25.13M, Peak:25.13M | Scene, RenderLayer | Updating Particle Systems
Fra:1 Mem:60.33M (0.00M, Peak 62.45M) | Time:00:00.28 | Mem:25.13M, Peak:25.13M | Scene, RenderLayer | Updating Particle Systems | Copying Particles to device
Fra:1 Mem:60.33M (0.00M, Peak 62.45M) | Time:00:00.28 | Mem:25.13M, Peak:25.13M | Scene, RenderLayer | Updating Integrator
Fra:1 Mem:60.37M (0.00M, Peak 62.45M) | Time:00:00.28 | Mem:25.17M, Peak:25.17M | Scene, RenderLayer | Updating Film
Fra:1 Mem:60.37M (0.00M, Peak 62.45M) | Time:00:00.28 | Mem:25.17M, Peak:25.17M | Scene, RenderLayer | Updating Lookup Tables
Fra:1 Mem:60.37M (0.00M, Peak 62.45M) | Time:00:00.28 | Mem:25.18M, Peak:25.18M | Scene, RenderLayer | Updating Baking
Fra:1 Mem:60.37M (0.00M, Peak 62.45M) | Time:00:00.28 | Mem:25.18M, Peak:25.18M | Scene, RenderLayer | Updating Device | Writing constant memory
Fra:1 Mem:60.37M (0.00M, Peak 62.45M) | Time:00:00.28 | Mem:25.18M, Peak:25.18M | Scene, RenderLayer | Path Tracing Tile 0/4, Sample 0/512
Fra:1 Mem:62.62M (0.00M, Peak 63.87M) | Time:00:00.28 | Mem:27.43M, Peak:27.43M | Scene, RenderLayer | Path Tracing Tile 1/4, Sample 0/512
Fra:1 Mem:62.62M (0.00M, Peak 64.87M) | Time:00:01.28 | Remaining:00:11.67 | Mem:27.43M, Peak:27.43M | Scene, RenderLayer | Path Tracing Tile 1/4, Sample 95/512
Fra:1 Mem:62.62M (0.00M, Peak 64.87M) | Time:00:02.28 | Remaining:00:10.65 | Mem:27.43M, Peak:27.43M | Scene, RenderLayer | Path Tracing Tile 1/4, Sample 190/512
Fra:1 Mem:62.62M (0.00M, Peak 64.87M) | Time:00:03.29 | Remaining:00:09.65 | Mem:27.43M, Peak:27.43M | Scene, RenderLayer | Path Tracing Tile 1/4, Sample 285/512
Fra:1 Mem:62.62M (0.00M, Peak 64.87M) | Time:00:04.29 | Remaining:00:08.65 | Mem:27.43M, Peak:27.43M | Scene, RenderLayer | Path Tracing Tile 1/4, Sample 380/512
Fra:1 Mem:62.62M (0.00M, Peak 64.87M) | Time:00:05.30 | Remaining:00:07.66 | Mem:27.43M, Peak:27.43M | Scene, RenderLayer | Path Tracing Tile 1/4, Sample 475/512
Fra:1 Mem:60.37M (0.00M, Peak 64.87M) | Time:00:05.70 | Remaining:00:07.28 | Mem:25.18M, Peak:27.43M | Scene, RenderLayer | Path Tracing Tile 1/4, Sample 512/512
Fra:1 Mem:62.34M (0.00M, Peak 64.87M) | Time:00:05.70 | Remaining:00:07.28 | Mem:27.15M, Peak:27.43M | Scene, RenderLayer | Path Tracing Tile 2/4, Sample 512/512
Fra:1 Mem:62.34M (0.00M, Peak 64.87M) | Time:00:06.31 | Remaining:00:06.66 | Mem:27.15M, Peak:27.43M | Scene, RenderLayer | Path Tracing Tile 2/4, Sample 66/512
Fra:1 Mem:62.34M (0.00M, Peak 64.87M) | Time:00:07.31 | Remaining:00:05.65 | Mem:27.15M, Peak:27.43M | Scene, RenderLayer | Path Tracing Tile 2/4, Sample 175/512
Fra:1 Mem:62.34M (0.00M, Peak 64.87M) | Time:00:08.31 | Remaining:00:04.64 | Mem:27.15M, Peak:27.43M | Scene, RenderLayer | Path Tracing Tile 2/4, Sample 284/512
Fra:1 Mem:62.34M (0.00M, Peak 64.87M) | Time:00:09.32 | Remaining:00:03.63 | Mem:27.15M, Peak:27.43M | Scene, RenderLayer | Path Tracing Tile 2/4, Sample 393/512
Fra:1 Mem:62.34M (0.00M, Peak 64.87M) | Time:00:10.33 | Remaining:00:02.62 | Mem:27.15M, Peak:27.43M | Scene, RenderLayer | Path Tracing Tile 2/4, Sample 502/512
Fra:1 Mem:60.37M (0.00M, Peak 64.87M) | Time:00:10.42 | Remaining:00:02.53 | Mem:25.18M, Peak:27.43M | Scene, RenderLayer | Path Tracing Tile 2/4, Sample 512/512
Fra:1 Mem:60.94M (0.00M, Peak 64.87M) | Time:00:10.42 | Remaining:00:02.53 | Mem:25.74M, Peak:27.43M | Scene, RenderLayer | Path Tracing Tile 3/4, Sample 512/512
Fra:1 Mem:60.94M (0.00M, Peak 64.87M) | Time:00:11.33 | Remaining:00:02.03 | Mem:25.74M, Peak:27.43M | Scene, RenderLayer | Path Tracing Tile 3/4, Sample 213/512
Fra:1 Mem:60.94M (0.00M, Peak 64.87M) | Time:00:12.33 | Remaining:00:01.44 | Mem:25.74M, Peak:27.43M | Scene, RenderLayer | Path Tracing Tile 3/4, Sample 447/512
Fra:1 Mem:60.37M (0.00M, Peak 64.87M) | Time:00:12.61 | Remaining:00:01.26 | Mem:25.18M, Peak:27.43M | Scene, RenderLayer | Path Tracing Tile 3/4, Sample 512/512
Fra:1 Mem:60.87M (0.00M, Peak 64.87M) | Time:00:12.61 | Remaining:00:01.26 | Mem:25.67M, Peak:27.43M | Scene, RenderLayer | Path Tracing Tile 4/4, Sample 512/512
Fra:1 Mem:60.87M (0.00M, Peak 64.87M) | Time:00:13.33 | Remaining:00:00.82 | Mem:25.67M, Peak:27.43M | Scene, RenderLayer | Path Tracing Tile 4/4, Sample 184/512
Fra:1 Mem:60.87M (0.00M, Peak 64.87M) | Time:00:14.33 | Remaining:00:00.19 | Mem:25.67M, Peak:27.43M | Scene, RenderLayer | Path Tracing Tile 4/4, Sample 438/512
Fra:1 Mem:60.37M (0.00M, Peak 64.87M) | Time:00:14.63 | Mem:25.18M, Peak:27.43M | Scene, RenderLayer | Path Tracing Tile 4/4, Sample 512/512
Fra:1 Mem:60.37M (0.00M, Peak 64.87M) | Time:00:14.63 | Mem:25.18M, Peak:27.43M | Scene, RenderLayer | Finished
Fra:1 Mem:22.12M (0.00M, Peak 64.87M) | Time:00:14.71 | Sce: Scene Ve:0 Fa:0 La:0
Saved: 'data/clevr-cleaned-puzzles/threepack/render/images/CLEVR_val_000001.png'
 Time: 00:14.75 (Saving: 00:00.03)

read blend: /home/ubuntu/vdp-tool-chain/data/clevr_scene_data/base_scene.blend
convertViewVec: called in an invalid context
convertViewVec: called in an invalid context
Fra:1 Mem:17.93M (0.00M, Peak 17.93M) | Time:00:00.00 | Preparing Scene data
Fra:1 Mem:26.10M (0.00M, Peak 28.25M) | Time:00:00.01 | Preparing Scene data
Fra:1 Mem:26.10M (0.00M, Peak 28.25M) | Time:00:00.01 | Creating Shadowbuffers
Fra:1 Mem:26.10M (0.00M, Peak 28.25M) | Time:00:00.01 | Raytree.. preparing
Fra:1 Mem:35.21M (0.00M, Peak 35.21M) | Time:00:00.02 | Raytree.. building
Fra:1 Mem:34.72M (0.00M, Peak 48.95M) | Time:00:00.17 | Raytree finished
Fra:1 Mem:34.72M (0.00M, Peak 48.95M) | Time:00:00.17 | Creating Environment maps
Fra:1 Mem:34.72M (0.00M, Peak 48.95M) | Time:00:00.17 | Caching Point Densities
Fra:1 Mem:34.72M (0.00M, Peak 48.95M) | Time:00:00.17 | Sce: Scene Ve:70660 Fa:66304 La:1
Fra:1 Mem:34.72M (0.00M, Peak 48.95M) | Time:00:00.17 | Loading voxel datasets
Fra:1 Mem:34.72M (0.00M, Peak 48.95M) | Time:00:00.17 | Sce: Scene Ve:70660 Fa:66304 La:1
Fra:1 Mem:34.72M (0.00M, Peak 48.95M) | Time:00:00.17 | Sce: Scene Ve:70660 Fa:66304 La:1
Fra:1 Mem:34.72M (0.00M, Peak 48.95M) | Time:00:00.17 | Volume preprocessing
Fra:1 Mem:34.72M (0.00M, Peak 48.95M) | Time:00:00.17 | Sce: Scene Ve:70660 Fa:66304 La:1
Fra:1 Mem:34.72M (0.00M, Peak 48.95M) | Time:00:00.17 | Sce: Scene Ve:70660 Fa:66304 La:1
Fra:1 Mem:38.57M (0.00M, Peak 48.95M) | Time:00:00.18 | Scene, Part 3-4
Fra:1 Mem:38.26M (0.00M, Peak 48.95M) | Time:00:00.18 | Scene, Part 2-4
Fra:1 Mem:37.00M (0.00M, Peak 48.95M) | Time:00:00.18 | Scene, Part 4-4
Fra:1 Mem:35.98M (0.00M, Peak 48.95M) | Time:00:00.18 | Scene, Part 1-4
Fra:1 Mem:17.84M (0.00M, Peak 48.95M) | Time:00:00.18 | Sce: Scene Ve:70660 Fa:66304 La:1
Saved: '/tmp/tmpiurv9ixu.png'
 Time: 00:00.20 (Saving: 00:00.01)

Fra:1 Mem:17.87M (0.00M, Peak 18.47M) | Time:00:00.04 | Mem:0.00M, Peak:0.00M | Scene, RenderLayer | Synchronizing object | Area
Fra:1 Mem:17.87M (0.00M, Peak 18.47M) | Time:00:00.04 | Mem:0.00M, Peak:0.00M | Scene, RenderLayer | Synchronizing object | Ground
Fra:1 Mem:17.94M (0.00M, Peak 18.47M) | Time:00:00.04 | Mem:0.00M, Peak:0.00M | Scene, RenderLayer | Synchronizing object | Empty
Fra:1 Mem:17.94M (0.00M, Peak 18.47M) | Time:00:00.04 | Mem:0.00M, Peak:0.00M | Scene, RenderLayer | Synchronizing object | Lamp_Back
Fra:1 Mem:17.94M (0.00M, Peak 18.47M) | Time:00:00.04 | Mem:0.00M, Peak:0.00M | Scene, RenderLayer | Synchronizing object | Lamp_Fill
Fra:1 Mem:17.94M (0.00M, Peak 18.47M) | Time:00:00.04 | Mem:0.00M, Peak:0.00M | Scene, RenderLayer | Synchronizing object | Lamp_Key
Fra:1 Mem:17.94M (0.00M, Peak 18.47M) | Time:00:00.04 | Mem:0.00M, Peak:0.00M | Scene, RenderLayer | Synchronizing object | Camera
Fra:1 Mem:17.94M (0.00M, Peak 18.47M) | Time:00:00.04 | Mem:0.00M, Peak:0.00M | Scene, RenderLayer | Synchronizing object | SmoothCylinder_0
Fra:1 Mem:21.26M (0.00M, Peak 24.35M) | Time:00:00.06 | Mem:0.00M, Peak:0.00M | Scene, RenderLayer | Synchronizing object | SmoothCylinder_1
Fra:1 Mem:24.58M (0.00M, Peak 27.67M) | Time:00:00.07 | Mem:0.00M, Peak:0.00M | Scene, RenderLayer | Initializing
Fra:1 Mem:24.58M (0.00M, Peak 27.67M) | Time:00:00.07 | Mem:0.00M, Peak:0.00M | Scene, RenderLayer | Loading render kernels (may take a few minutes the first time)
Fra:1 Mem:24.58M (0.00M, Peak 27.67M) | Time:00:00.08 | Mem:0.00M, Peak:0.00M | Scene, RenderLayer | Waiting for render to start
Fra:1 Mem:24.58M (0.00M, Peak 27.67M) | Time:00:00.08 | Mem:0.00M, Peak:0.00M | Scene, RenderLayer | Updating Scene
Fra:1 Mem:24.58M (0.00M, Peak 27.67M) | Time:00:00.08 | Mem:0.00M, Peak:0.00M | Scene, RenderLayer | Updating Shaders
Fra:1 Mem:24.84M (0.00M, Peak 27.67M) | Time:00:00.08 | Mem:0.00M, Peak:0.00M | Scene, RenderLayer | Updating Background
Fra:1 Mem:24.84M (0.00M, Peak 27.67M) | Time:00:00.08 | Mem:0.00M, Peak:0.00M | Scene, RenderLayer | Updating Camera
Fra:1 Mem:24.84M (0.00M, Peak 27.67M) | Time:00:00.08 | Mem:0.00M, Peak:0.00M | Scene, RenderLayer | Updating Meshes Flags
Fra:1 Mem:24.84M (0.00M, Peak 27.67M) | Time:00:00.08 | Mem:0.00M, Peak:0.00M | Scene, RenderLayer | Updating Objects
Fra:1 Mem:24.84M (0.00M, Peak 27.67M) | Time:00:00.08 | Mem:0.00M, Peak:0.00M | Scene, RenderLayer | Updating Objects | Copying Transformations to device
Fra:1 Mem:24.84M (0.00M, Peak 27.67M) | Time:00:00.08 | Mem:0.00M, Peak:0.00M | Scene, RenderLayer | Updating Objects | Applying Static Transformations
Fra:1 Mem:24.84M (0.00M, Peak 27.67M) | Time:00:00.09 | Mem:0.00M, Peak:0.00M | Scene, RenderLayer | Updating Meshes
Fra:1 Mem:26.88M (0.00M, Peak 27.67M) | Time:00:00.09 | Mem:0.00M, Peak:0.00M | Scene, RenderLayer | Updating Mesh | Computing attributes
Fra:1 Mem:27.95M (0.00M, Peak 27.95M) | Time:00:00.09 | Mem:0.00M, Peak:0.00M | Scene, RenderLayer | Updating Mesh | Copying Attributes to device
Fra:1 Mem:27.95M (0.00M, Peak 29.03M) | Time:00:00.09 | Mem:1.08M, Peak:1.08M | Scene, RenderLayer | Updating Scene BVH | Building
Fra:1 Mem:27.95M (0.00M, Peak 29.03M) | Time:00:00.09 | Mem:1.08M, Peak:1.08M | Scene, RenderLayer | Updating Scene BVH | Building BVH
Fra:1 Mem:35.60M (0.00M, Peak 35.60M) | Time:00:00.19 | Mem:1.08M, Peak:1.08M | Scene, RenderLayer | Updating Scene BVH | Packing BVH triangles and strands
Fra:1 Mem:42.73M (0.00M, Peak 42.73M) | Time:00:00.20 | Mem:1.08M, Peak:1.08M | Scene, RenderLayer | Updating Scene BVH | Packing BVH nodes
Fra:1 Mem:38.83M (0.00M, Peak 44.94M) | Time:00:00.21 | Mem:1.08M, Peak:1.08M | Scene, RenderLayer | Updating Scene BVH | Copying BVH to device
Fra:1 Mem:39.34M (0.00M, Peak 44.94M) | Time:00:00.21 | Mem:11.95M, Peak:11.95M | Scene, RenderLayer | Updating Mesh | Computing normals
Fra:1 Mem:44.03M (0.00M, Peak 44.94M) | Time:00:00.22 | Mem:11.95M, Peak:11.95M | Scene, RenderLayer | Updating Mesh | Copying Mesh to device
Fra:1 Mem:43.52M (0.00M, Peak 44.94M) | Time:00:00.22 | Mem:16.65M, Peak:16.65M | Scene, RenderLayer | Updating Objects Flags
Fra:1 Mem:43.52M (0.00M, Peak 44.94M) | Time:00:00.22 | Mem:16.65M, Peak:16.65M | Scene, RenderLayer | Updating Images
Fra:1 Mem:43.52M (0.00M, Peak 44.94M) | Time:00:00.22 | Mem:16.65M, Peak:16.65M | Scene, RenderLayer | Updating Camera Volume
Fra:1 Mem:43.52M (0.00M, Peak 44.94M) | Time:00:00.22 | Mem:16.65M, Peak:16.65M | Scene, RenderLayer | Updating Hair Systems
Fra:1 Mem:43.52M (0.00M, Peak 44.94M) | Time:00:00.22 | Mem:16.65M, Peak:16.65M | Scene, RenderLayer | Updating Hair settings | Copying Hair settings to device
Fra:1 Mem:43.52M (0.00M, Peak 44.94M) | Time:00:00.22 | Mem:16.65M, Peak:16.65M | Scene, RenderLayer | Updating Lookup Tables
Fra:1 Mem:43.52M (0.00M, Peak 44.94M) | Time:00:00.22 | Mem:16.90M, Peak:16.90M | Scene, RenderLayer | Updating Lights
Fra:1 Mem:43.52M (0.00M, Peak 44.94M) | Time:00:00.22 | Mem:16.90M, Peak:16.90M | Scene, RenderLayer | Updating Lights | Computing distribution
Fra:1 Mem:43.52M (0.00M, Peak 44.94M) | Time:00:00.22 | Mem:16.90M, Peak:16.90M | Scene, RenderLayer | Updating Particle Systems
Fra:1 Mem:43.52M (0.00M, Peak 44.94M) | Time:00:00.22 | Mem:16.90M, Peak:16.90M | Scene, RenderLayer | Updating Particle Systems | Copying Particles to device
Fra:1 Mem:43.52M (0.00M, Peak 44.94M) | Time:00:00.22 | Mem:16.90M, Peak:16.90M | Scene, RenderLayer | Updating Integrator
Fra:1 Mem:43.56M (0.00M, Peak 44.94M) | Time:00:00.22 | Mem:16.94M, Peak:16.94M | Scene, RenderLayer | Updating Film
Fra:1 Mem:43.57M (0.00M, Peak 44.94M) | Time:00:00.22 | Mem:16.94M, Peak:16.94M | Scene, RenderLayer | Updating Lookup Tables
Fra:1 Mem:43.57M (0.00M, Peak 44.94M) | Time:00:00.22 | Mem:16.95M, Peak:16.95M | Scene, RenderLayer | Updating Baking
Fra:1 Mem:43.57M (0.00M, Peak 44.94M) | Time:00:00.22 | Mem:16.95M, Peak:16.95M | Scene, RenderLayer | Updating Device | Writing constant memory
Fra:1 Mem:43.57M (0.00M, Peak 44.94M) | Time:00:00.22 | Mem:16.95M, Peak:16.95M | Scene, RenderLayer | Path Tracing Tile 0/4, Sample 0/512
Fra:1 Mem:45.82M (0.00M, Peak 47.07M) | Time:00:00.22 | Mem:19.20M, Peak:19.20M | Scene, RenderLayer | Path Tracing Tile 1/4, Sample 0/512
Fra:1 Mem:45.82M (0.00M, Peak 48.07M) | Time:00:01.23 | Remaining:00:11.49 | Mem:19.20M, Peak:19.20M | Scene, RenderLayer | Path Tracing Tile 1/4, Sample 97/512
Fra:1 Mem:45.82M (0.00M, Peak 48.07M) | Time:00:02.24 | Remaining:00:10.46 | Mem:19.20M, Peak:19.20M | Scene, RenderLayer | Path Tracing Tile 1/4, Sample 194/512
Fra:1 Mem:45.82M (0.00M, Peak 48.07M) | Time:00:03.24 | Remaining:00:09.47 | Mem:19.20M, Peak:19.20M | Scene, RenderLayer | Path Tracing Tile 1/4, Sample 290/512
Fra:1 Mem:45.82M (0.00M, Peak 48.07M) | Time:00:04.24 | Remaining:00:08.47 | Mem:19.20M, Peak:19.20M | Scene, RenderLayer | Path Tracing Tile 1/4, Sample 386/512
Fra:1 Mem:45.82M (0.00M, Peak 48.07M) | Time:00:05.24 | Remaining:00:07.48 | Mem:19.20M, Peak:19.20M | Scene, RenderLayer | Path Tracing Tile 1/4, Sample 482/512
Fra:1 Mem:43.57M (0.00M, Peak 48.07M) | Time:00:05.56 | Remaining:00:07.17 | Mem:16.95M, Peak:19.20M | Scene, RenderLayer | Path Tracing Tile 1/4, Sample 512/512
Fra:1 Mem:45.54M (0.00M, Peak 48.07M) | Time:00:05.56 | Remaining:00:07.18 | Mem:18.91M, Peak:19.20M | Scene, RenderLayer | Path Tracing Tile 2/4, Sample 512/512
Fra:1 Mem:45.54M (0.00M, Peak 48.07M) | Time:00:06.24 | Remaining:00:06.32 | Mem:18.91M, Peak:19.20M | Scene, RenderLayer | Path Tracing Tile 2/4, Sample 84/512
Fra:1 Mem:45.54M (0.00M, Peak 48.07M) | Time:00:07.24 | Remaining:00:05.13 | Mem:18.91M, Peak:19.20M | Scene, RenderLayer | Path Tracing Tile 2/4, Sample 207/512
Fra:1 Mem:45.54M (0.00M, Peak 48.07M) | Time:00:08.25 | Remaining:00:04.00 | Mem:18.91M, Peak:19.20M | Scene, RenderLayer | Path Tracing Tile 2/4, Sample 330/512
Fra:1 Mem:45.54M (0.00M, Peak 48.07M) | Time:00:09.25 | Remaining:00:02.91 | Mem:18.91M, Peak:19.20M | Scene, RenderLayer | Path Tracing Tile 2/4, Sample 452/512
Fra:1 Mem:43.57M (0.00M, Peak 48.07M) | Time:00:09.74 | Remaining:00:02.38 | Mem:16.95M, Peak:19.20M | Scene, RenderLayer | Path Tracing Tile 2/4, Sample 512/512
Fra:1 Mem:44.13M (0.00M, Peak 48.07M) | Time:00:09.75 | Remaining:00:02.38 | Mem:17.51M, Peak:19.20M | Scene, RenderLayer | Path Tracing Tile 3/4, Sample 512/512
Fra:1 Mem:44.13M (0.00M, Peak 48.07M) | Time:00:10.25 | Remaining:00:02.12 | Mem:17.51M, Peak:19.20M | Scene, RenderLayer | Path Tracing Tile 3/4, Sample 120/512
Fra:1 Mem:44.13M (0.00M, Peak 48.07M) | Time:00:11.25 | Remaining:00:01.58 | Mem:17.51M, Peak:19.20M | Scene, RenderLayer | Path Tracing Tile 3/4, Sample 357/512
Fra:1 Mem:43.57M (0.00M, Peak 48.07M) | Time:00:11.91 | Remaining:00:01.20 | Mem:16.95M, Peak:19.20M | Scene, RenderLayer | Path Tracing Tile 3/4, Sample 512/512
Fra:1 Mem:44.06M (0.00M, Peak 48.07M) | Time:00:11.91 | Remaining:00:01.20 | Mem:17.44M, Peak:19.20M | Scene, RenderLayer | Path Tracing Tile 4/4, Sample 512/512
Fra:1 Mem:44.06M (0.00M, Peak 48.07M) | Time:00:12.25 | Remaining:00:01.00 | Mem:17.44M, Peak:19.20M | Scene, RenderLayer | Path Tracing Tile 4/4, Sample 89/512
Fra:1 Mem:44.06M (0.00M, Peak 48.07M) | Time:00:13.25 | Remaining:00:00.40 | Mem:17.44M, Peak:19.20M | Scene, RenderLayer | Path Tracing Tile 4/4, Sample 347/512
Fra:1 Mem:43.57M (0.00M, Peak 48.07M) | Time:00:13.90 | Mem:16.95M, Peak:19.20M | Scene, RenderLayer | Path Tracing Tile 4/4, Sample 512/512
Fra:1 Mem:43.57M (0.00M, Peak 48.07M) | Time:00:13.90 | Mem:16.95M, Peak:19.20M | Scene, RenderLayer | Finished
Fra:1 Mem:17.87M (0.00M, Peak 48.07M) | Time:00:13.98 | Sce: Scene Ve:0 Fa:0 La:0
Saved: 'data/clevr-cleaned-puzzles/threepack/render/images/CLEVR_val_000002.png'
 Time: 00:14.02 (Saving: 00:00.03)

read blend: /home/ubuntu/vdp-tool-chain/data/clevr_scene_data/base_scene.blend
convertViewVec: called in an invalid context
convertViewVec: called in an invalid context
convertViewVec: called in an invalid context
convertViewVec: called in an invalid context
Fra:1 Mem:22.75M (0.00M, Peak 22.75M) | Time:00:00.00 | Preparing Scene data
Fra:1 Mem:35.70M (0.00M, Peak 37.84M) | Time:00:00.03 | Preparing Scene data
Fra:1 Mem:35.70M (0.00M, Peak 37.84M) | Time:00:00.03 | Creating Shadowbuffers
Fra:1 Mem:35.70M (0.00M, Peak 37.84M) | Time:00:00.03 | Raytree.. preparing
Fra:1 Mem:49.99M (0.00M, Peak 49.99M) | Time:00:00.04 | Raytree.. building
Fra:1 Mem:49.23M (0.00M, Peak 71.55M) | Time:00:00.27 | Raytree finished
Fra:1 Mem:49.23M (0.00M, Peak 71.55M) | Time:00:00.27 | Creating Environment maps
Fra:1 Mem:49.23M (0.00M, Peak 71.55M) | Time:00:00.27 | Caching Point Densities
Fra:1 Mem:49.23M (0.00M, Peak 71.55M) | Time:00:00.27 | Sce: Scene Ve:109742 Fa:104074 La:1
Fra:1 Mem:49.23M (0.00M, Peak 71.55M) | Time:00:00.27 | Loading voxel datasets
Fra:1 Mem:49.23M (0.00M, Peak 71.55M) | Time:00:00.27 | Sce: Scene Ve:109742 Fa:104074 La:1
Fra:1 Mem:49.23M (0.00M, Peak 71.55M) | Time:00:00.27 | Sce: Scene Ve:109742 Fa:104074 La:1
Fra:1 Mem:49.23M (0.00M, Peak 71.55M) | Time:00:00.27 | Volume preprocessing
Fra:1 Mem:49.23M (0.00M, Peak 71.55M) | Time:00:00.27 | Sce: Scene Ve:109742 Fa:104074 La:1
Fra:1 Mem:49.23M (0.00M, Peak 71.55M) | Time:00:00.27 | Sce: Scene Ve:109742 Fa:104074 La:1
Fra:1 Mem:53.74M (0.00M, Peak 71.55M) | Time:00:00.29 | Scene, Part 3-4
Fra:1 Mem:53.26M (0.00M, Peak 71.55M) | Time:00:00.29 | Scene, Part 4-4
Fra:1 Mem:52.33M (0.00M, Peak 71.55M) | Time:00:00.29 | Scene, Part 2-4
Fra:1 Mem:50.49M (0.00M, Peak 71.55M) | Time:00:00.29 | Scene, Part 1-4
Fra:1 Mem:22.60M (0.00M, Peak 71.55M) | Time:00:00.30 | Sce: Scene Ve:109742 Fa:104074 La:1
Saved: '/tmp/tmpj4rgv9rs.png'
 Time: 00:00.31 (Saving: 00:00.01)

Fra:1 Mem:22.64M (0.00M, Peak 23.23M) | Time:00:00.04 | Mem:0.00M, Peak:0.00M | Scene, RenderLayer | Synchronizing object | Area
Fra:1 Mem:22.64M (0.00M, Peak 23.23M) | Time:00:00.04 | Mem:0.00M, Peak:0.00M | Scene, RenderLayer | Synchronizing object | Ground
Fra:1 Mem:22.70M (0.00M, Peak 23.23M) | Time:00:00.04 | Mem:0.00M, Peak:0.00M | Scene, RenderLayer | Synchronizing object | Empty
Fra:1 Mem:22.70M (0.00M, Peak 23.23M) | Time:00:00.04 | Mem:0.00M, Peak:0.00M | Scene, RenderLayer | Synchronizing object | Lamp_Back
Fra:1 Mem:22.70M (0.00M, Peak 23.23M) | Time:00:00.04 | Mem:0.00M, Peak:0.00M | Scene, RenderLayer | Synchronizing object | Lamp_Fill
Fra:1 Mem:22.70M (0.00M, Peak 23.23M) | Time:00:00.04 | Mem:0.00M, Peak:0.00M | Scene, RenderLayer | Synchronizing object | Lamp_Key
Fra:1 Mem:22.70M (0.00M, Peak 23.23M) | Time:00:00.04 | Mem:0.00M, Peak:0.00M | Scene, RenderLayer | Synchronizing object | Camera
Fra:1 Mem:22.70M (0.00M, Peak 23.23M) | Time:00:00.04 | Mem:0.00M, Peak:0.00M | Scene, RenderLayer | Synchronizing object | SmoothCube_v2_0
Fra:1 Mem:23.01M (0.00M, Peak 23.38M) | Time:00:00.04 | Mem:0.00M, Peak:0.00M | Scene, RenderLayer | Synchronizing object | SmoothCylinder_0
Fra:1 Mem:25.79M (0.00M, Peak 29.02M) | Time:00:00.05 | Mem:0.00M, Peak:0.00M | Scene, RenderLayer | Synchronizing object | SmoothCylinder_1
Fra:1 Mem:29.12M (0.00M, Peak 32.20M) | Time:00:00.07 | Mem:0.00M, Peak:0.00M | Scene, RenderLayer | Synchronizing object | SmoothCylinder_2
Fra:1 Mem:31.90M (0.00M, Peak 35.12M) | Time:00:00.07 | Mem:0.00M, Peak:0.00M | Scene, RenderLayer | Initializing
Fra:1 Mem:31.90M (0.00M, Peak 35.12M) | Time:00:00.07 | Mem:0.00M, Peak:0.00M | Scene, RenderLayer | Loading render kernels (may take a few minutes the first time)
Fra:1 Mem:31.90M (0.00M, Peak 35.12M) | Time:00:00.09 | Mem:0.00M, Peak:0.00M | Scene, RenderLayer | Waiting for render to start
Fra:1 Mem:31.90M (0.00M, Peak 35.12M) | Time:00:00.09 | Mem:0.00M, Peak:0.00M | Scene, RenderLayer | Updating Scene
Fra:1 Mem:31.90M (0.00M, Peak 35.12M) | Time:00:00.09 | Mem:0.00M, Peak:0.00M | Scene, RenderLayer | Updating Shaders
Fra:1 Mem:32.15M (0.00M, Peak 35.12M) | Time:00:00.09 | Mem:0.00M, Peak:0.00M | Scene, RenderLayer | Updating Background
Fra:1 Mem:32.15M (0.00M, Peak 35.12M) | Time:00:00.09 | Mem:0.00M, Peak:0.00M | Scene, RenderLayer | Updating Camera
Fra:1 Mem:32.15M (0.00M, Peak 35.12M) | Time:00:00.09 | Mem:0.00M, Peak:0.00M | Scene, RenderLayer | Updating Meshes Flags
Fra:1 Mem:32.15M (0.00M, Peak 35.12M) | Time:00:00.09 | Mem:0.00M, Peak:0.00M | Scene, RenderLayer | Updating Objects
Fra:1 Mem:32.15M (0.00M, Peak 35.12M) | Time:00:00.09 | Mem:0.00M, Peak:0.00M | Scene, RenderLayer | Updating Objects | Copying Transformations to device
Fra:1 Mem:32.15M (0.00M, Peak 35.12M) | Time:00:00.09 | Mem:0.00M, Peak:0.00M | Scene, RenderLayer | Updating Objects | Applying Static Transformations
Fra:1 Mem:32.15M (0.00M, Peak 35.12M) | Time:00:00.09 | Mem:0.00M, Peak:0.00M | Scene, RenderLayer | Updating Meshes
Fra:1 Mem:35.31M (0.00M, Peak 35.31M) | Time:00:00.10 | Mem:0.00M, Peak:0.00M | Scene, RenderLayer | Updating Mesh | Computing attributes
Fra:1 Mem:35.85M (0.00M, Peak 35.85M) | Time:00:00.10 | Mem:0.00M, Peak:0.00M | Scene, RenderLayer | Updating Mesh | Copying Attributes to device
Fra:1 Mem:35.85M (0.00M, Peak 36.39M) | Time:00:00.10 | Mem:0.54M, Peak:0.54M | Scene, RenderLayer | Updating Scene BVH | Building
Fra:1 Mem:35.85M (0.00M, Peak 36.39M) | Time:00:00.10 | Mem:0.54M, Peak:0.54M | Scene, RenderLayer | Updating Scene BVH | Building BVH
Fra:1 Mem:47.71M (0.00M, Peak 47.71M) | Time:00:00.25 | Mem:0.54M, Peak:0.54M | Scene, RenderLayer | Updating Scene BVH | Packing BVH triangles and strands
Fra:1 Mem:58.77M (0.00M, Peak 58.77M) | Time:00:00.26 | Mem:0.54M, Peak:0.54M | Scene, RenderLayer | Updating Scene BVH | Packing BVH nodes
Fra:1 Mem:52.70M (0.00M, Peak 62.18M) | Time:00:00.28 | Mem:0.54M, Peak:0.54M | Scene, RenderLayer | Updating Scene BVH | Copying BVH to device
Fra:1 Mem:53.49M (0.00M, Peak 62.18M) | Time:00:00.29 | Mem:17.39M, Peak:17.39M | Scene, RenderLayer | Updating Mesh | Computing normals
Fra:1 Mem:60.76M (0.00M, Peak 62.18M) | Time:00:00.29 | Mem:17.39M, Peak:17.39M | Scene, RenderLayer | Updating Mesh | Copying Mesh to device
Fra:1 Mem:59.97M (0.00M, Peak 62.18M) | Time:00:00.29 | Mem:24.66M, Peak:24.66M | Scene, RenderLayer | Updating Objects Flags
Fra:1 Mem:59.97M (0.00M, Peak 62.18M) | Time:00:00.29 | Mem:24.66M, Peak:24.66M | Scene, RenderLayer | Updating Images
Fra:1 Mem:59.97M (0.00M, Peak 62.18M) | Time:00:00.29 | Mem:24.66M, Peak:24.66M | Scene, RenderLayer | Updating Camera Volume
Fra:1 Mem:59.97M (0.00M, Peak 62.18M) | Time:00:00.29 | Mem:24.66M, Peak:24.66M | Scene, RenderLayer | Updating Hair Systems
Fra:1 Mem:59.97M (0.00M, Peak 62.18M) | Time:00:00.29 | Mem:24.66M, Peak:24.66M | Scene, RenderLayer | Updating Hair settings | Copying Hair settings to device
Fra:1 Mem:59.97M (0.00M, Peak 62.18M) | Time:00:00.29 | Mem:24.66M, Peak:24.66M | Scene, RenderLayer | Updating Lookup Tables
Fra:1 Mem:59.97M (0.00M, Peak 62.18M) | Time:00:00.29 | Mem:24.91M, Peak:24.91M | Scene, RenderLayer | Updating Lights
Fra:1 Mem:59.97M (0.00M, Peak 62.18M) | Time:00:00.29 | Mem:24.92M, Peak:24.92M | Scene, RenderLayer | Updating Lights | Computing distribution
Fra:1 Mem:59.97M (0.00M, Peak 62.18M) | Time:00:00.29 | Mem:24.92M, Peak:24.92M | Scene, RenderLayer | Updating Particle Systems
Fra:1 Mem:59.97M (0.00M, Peak 62.18M) | Time:00:00.29 | Mem:24.92M, Peak:24.92M | Scene, RenderLayer | Updating Particle Systems | Copying Particles to device
Fra:1 Mem:59.97M (0.00M, Peak 62.18M) | Time:00:00.29 | Mem:24.92M, Peak:24.92M | Scene, RenderLayer | Updating Integrator
Fra:1 Mem:60.02M (0.00M, Peak 62.18M) | Time:00:00.29 | Mem:24.96M, Peak:24.96M | Scene, RenderLayer | Updating Film
Fra:1 Mem:60.02M (0.00M, Peak 62.18M) | Time:00:00.29 | Mem:24.96M, Peak:24.96M | Scene, RenderLayer | Updating Lookup Tables
Fra:1 Mem:60.02M (0.00M, Peak 62.18M) | Time:00:00.29 | Mem:24.96M, Peak:24.96M | Scene, RenderLayer | Updating Baking
Fra:1 Mem:60.02M (0.00M, Peak 62.18M) | Time:00:00.29 | Mem:24.96M, Peak:24.96M | Scene, RenderLayer | Updating Device | Writing constant memory
Fra:1 Mem:60.02M (0.00M, Peak 62.18M) | Time:00:00.29 | Mem:24.96M, Peak:24.96M | Scene, RenderLayer | Path Tracing Tile 0/4, Sample 0/512
Fra:1 Mem:62.27M (0.00M, Peak 63.52M) | Time:00:00.30 | Mem:27.21M, Peak:27.21M | Scene, RenderLayer | Path Tracing Tile 1/4, Sample 0/512
Fra:1 Mem:62.27M (0.00M, Peak 64.52M) | Time:00:01.30 | Remaining:00:10.95 | Mem:27.21M, Peak:27.21M | Scene, RenderLayer | Path Tracing Tile 1/4, Sample 101/512
Fra:1 Mem:62.27M (0.00M, Peak 64.52M) | Time:00:02.30 | Remaining:00:09.91 | Mem:27.21M, Peak:27.21M | Scene, RenderLayer | Path Tracing Tile 1/4, Sample 202/512
Fra:1 Mem:62.27M (0.00M, Peak 64.52M) | Time:00:03.30 | Remaining:00:08.90 | Mem:27.21M, Peak:27.21M | Scene, RenderLayer | Path Tracing Tile 1/4, Sample 303/512
Fra:1 Mem:62.27M (0.00M, Peak 64.52M) | Time:00:04.31 | Remaining:00:07.90 | Mem:27.21M, Peak:27.21M | Scene, RenderLayer | Path Tracing Tile 1/4, Sample 404/512
Fra:1 Mem:62.27M (0.00M, Peak 64.52M) | Time:00:05.32 | Remaining:00:06.91 | Mem:27.21M, Peak:27.21M | Scene, RenderLayer | Path Tracing Tile 1/4, Sample 505/512
Fra:1 Mem:60.02M (0.00M, Peak 64.52M) | Time:00:05.39 | Remaining:00:06.84 | Mem:24.96M, Peak:27.21M | Scene, RenderLayer | Path Tracing Tile 1/4, Sample 512/512
Fra:1 Mem:61.99M (0.00M, Peak 64.52M) | Time:00:05.39 | Remaining:00:06.85 | Mem:26.93M, Peak:27.21M | Scene, RenderLayer | Path Tracing Tile 2/4, Sample 512/512
Fra:1 Mem:61.99M (0.00M, Peak 64.52M) | Time:00:06.32 | Remaining:00:05.82 | Mem:26.93M, Peak:27.21M | Scene, RenderLayer | Path Tracing Tile 2/4, Sample 112/512
Fra:1 Mem:61.99M (0.00M, Peak 64.52M) | Time:00:07.32 | Remaining:00:04.74 | Mem:26.93M, Peak:27.21M | Scene, RenderLayer | Path Tracing Tile 2/4, Sample 234/512
Fra:1 Mem:61.99M (0.00M, Peak 64.52M) | Time:00:08.33 | Remaining:00:03.68 | Mem:26.93M, Peak:27.21M | Scene, RenderLayer | Path Tracing Tile 2/4, Sample 355/512
Fra:1 Mem:61.99M (0.00M, Peak 64.52M) | Time:00:09.33 | Remaining:00:02.65 | Mem:26.93M, Peak:27.21M | Scene, RenderLayer | Path Tracing Tile 2/4, Sample 475/512
Fra:1 Mem:60.02M (0.00M, Peak 64.52M) | Time:00:09.64 | Remaining:00:02.33 | Mem:24.96M, Peak:27.21M | Scene, RenderLayer | Path Tracing Tile 2/4, Sample 512/512
Fra:1 Mem:60.58M (0.00M, Peak 64.52M) | Time:00:09.64 | Remaining:00:02.33 | Mem:25.52M, Peak:27.21M | Scene, RenderLayer | Path Tracing Tile 3/4, Sample 512/512
Fra:1 Mem:60.58M (0.00M, Peak 64.52M) | Time:00:10.33 | Remaining:00:01.99 | Mem:25.52M, Peak:27.21M | Scene, RenderLayer | Path Tracing Tile 3/4, Sample 164/512
Fra:1 Mem:60.58M (0.00M, Peak 64.52M) | Time:00:11.33 | Remaining:00:01.45 | Mem:25.52M, Peak:27.21M | Scene, RenderLayer | Path Tracing Tile 3/4, Sample 401/512
Fra:1 Mem:60.02M (0.00M, Peak 64.52M) | Time:00:11.80 | Remaining:00:01.18 | Mem:24.96M, Peak:27.21M | Scene, RenderLayer | Path Tracing Tile 3/4, Sample 512/512
Fra:1 Mem:60.51M (0.00M, Peak 64.52M) | Time:00:11.80 | Remaining:00:01.18 | Mem:25.45M, Peak:27.21M | Scene, RenderLayer | Path Tracing Tile 4/4, Sample 512/512
Fra:1 Mem:60.51M (0.00M, Peak 64.52M) | Time:00:12.33 | Remaining:00:00.88 | Mem:25.45M, Peak:27.21M | Scene, RenderLayer | Path Tracing Tile 4/4, Sample 136/512
Fra:1 Mem:60.51M (0.00M, Peak 64.52M) | Time:00:13.34 | Remaining:00:00.29 | Mem:25.45M, Peak:27.21M | Scene, RenderLayer | Path Tracing Tile 4/4, Sample 391/512
Fra:1 Mem:60.02M (0.00M, Peak 64.52M) | Time:00:13.81 | Mem:24.96M, Peak:27.21M | Scene, RenderLayer | Path Tracing Tile 4/4, Sample 512/512
Fra:1 Mem:60.02M (0.00M, Peak 64.52M) | Time:00:13.81 | Mem:24.96M, Peak:27.21M | Scene, RenderLayer | Finished
Fra:1 Mem:22.63M (0.00M, Peak 64.52M) | Time:00:13.90 | Sce: Scene Ve:0 Fa:0 La:0
Saved: 'data/clevr-cleaned-puzzles/threepack/render/images/CLEVR_val_000003.png'
 Time: 00:13.93 (Saving: 00:00.03)

read blend: /home/ubuntu/vdp-tool-chain/data/clevr_scene_data/base_scene.blend
convertViewVec: called in an invalid context
convertViewVec: called in an invalid context
convertViewVec: called in an invalid context
convertViewVec: called in an invalid context
Fra:1 Mem:24.22M (0.00M, Peak 24.22M) | Time:00:00.00 | Preparing Scene data
Fra:1 Mem:38.44M (0.00M, Peak 40.59M) | Time:00:00.03 | Preparing Scene data
Fra:1 Mem:38.44M (0.00M, Peak 40.59M) | Time:00:00.03 | Creating Shadowbuffers
Fra:1 Mem:38.44M (0.00M, Peak 40.59M) | Time:00:00.03 | Raytree.. preparing
Fra:1 Mem:54.23M (0.00M, Peak 54.23M) | Time:00:00.04 | Raytree.. building
Fra:1 Mem:53.39M (0.00M, Peak 78.04M) | Time:00:00.30 | Raytree finished
Fra:1 Mem:53.39M (0.00M, Peak 78.04M) | Time:00:00.30 | Creating Environment maps
Fra:1 Mem:53.39M (0.00M, Peak 78.04M) | Time:00:00.30 | Caching Point Densities
Fra:1 Mem:53.39M (0.00M, Peak 78.04M) | Time:00:00.30 | Sce: Scene Ve:121352 Fa:115007 La:1
Fra:1 Mem:53.39M (0.00M, Peak 78.04M) | Time:00:00.30 | Loading voxel datasets
Fra:1 Mem:53.39M (0.00M, Peak 78.04M) | Time:00:00.30 | Sce: Scene Ve:121352 Fa:115007 La:1
Fra:1 Mem:53.39M (0.00M, Peak 78.04M) | Time:00:00.30 | Sce: Scene Ve:121352 Fa:115007 La:1
Fra:1 Mem:53.39M (0.00M, Peak 78.04M) | Time:00:00.30 | Volume preprocessing
Fra:1 Mem:53.39M (0.00M, Peak 78.04M) | Time:00:00.30 | Sce: Scene Ve:121352 Fa:115007 La:1
Fra:1 Mem:53.39M (0.00M, Peak 78.04M) | Time:00:00.30 | Sce: Scene Ve:121352 Fa:115007 La:1
Fra:1 Mem:57.46M (0.00M, Peak 78.04M) | Time:00:00.31 | Scene, Part 3-4
Fra:1 Mem:57.42M (0.00M, Peak 78.04M) | Time:00:00.31 | Scene, Part 4-4
Fra:1 Mem:56.39M (0.00M, Peak 78.04M) | Time:00:00.32 | Scene, Part 1-4
Fra:1 Mem:54.49M (0.00M, Peak 78.04M) | Time:00:00.32 | Scene, Part 2-4
Fra:1 Mem:24.07M (0.00M, Peak 78.04M) | Time:00:00.32 | Sce: Scene Ve:121352 Fa:115007 La:1
Saved: '/tmp/tmpiyhfd3wq.png'
 Time: 00:00.34 (Saving: 00:00.01)

Fra:1 Mem:24.10M (0.00M, Peak 24.70M) | Time:00:00.04 | Mem:0.00M, Peak:0.00M | Scene, RenderLayer | Synchronizing object | Area
Fra:1 Mem:24.10M (0.00M, Peak 24.70M) | Time:00:00.04 | Mem:0.00M, Peak:0.00M | Scene, RenderLayer | Synchronizing object | Ground
Fra:1 Mem:24.17M (0.00M, Peak 24.70M) | Time:00:00.04 | Mem:0.00M, Peak:0.00M | Scene, RenderLayer | Synchronizing object | Empty
Fra:1 Mem:24.17M (0.00M, Peak 24.70M) | Time:00:00.04 | Mem:0.00M, Peak:0.00M | Scene, RenderLayer | Synchronizing object | Lamp_Back
Fra:1 Mem:24.17M (0.00M, Peak 24.70M) | Time:00:00.04 | Mem:0.00M, Peak:0.00M | Scene, RenderLayer | Synchronizing object | Lamp_Fill
Fra:1 Mem:24.17M (0.00M, Peak 24.70M) | Time:00:00.04 | Mem:0.00M, Peak:0.00M | Scene, RenderLayer | Synchronizing object | Lamp_Key
Fra:1 Mem:24.17M (0.00M, Peak 24.70M) | Time:00:00.04 | Mem:0.00M, Peak:0.00M | Scene, RenderLayer | Synchronizing object | Camera
Fra:1 Mem:24.17M (0.00M, Peak 24.70M) | Time:00:00.04 | Mem:0.00M, Peak:0.00M | Scene, RenderLayer | Synchronizing object | SmoothCylinder_0
Fra:1 Mem:27.49M (0.00M, Peak 30.58M) | Time:00:00.06 | Mem:0.00M, Peak:0.00M | Scene, RenderLayer | Synchronizing object | SmoothCylinder_1
Fra:1 Mem:30.27M (0.00M, Peak 33.49M) | Time:00:00.07 | Mem:0.00M, Peak:0.00M | Scene, RenderLayer | Synchronizing object | Sphere_0
Fra:1 Mem:31.53M (0.00M, Peak 33.49M) | Time:00:00.07 | Mem:0.00M, Peak:0.00M | Scene, RenderLayer | Synchronizing object | SmoothCylinder_2
Fra:1 Mem:34.86M (0.00M, Peak 37.94M) | Time:00:00.08 | Mem:0.00M, Peak:0.00M | Scene, RenderLayer | Initializing
Fra:1 Mem:34.86M (0.00M, Peak 37.94M) | Time:00:00.08 | Mem:0.00M, Peak:0.00M | Scene, RenderLayer | Loading render kernels (may take a few minutes the first time)
Fra:1 Mem:34.86M (0.00M, Peak 37.94M) | Time:00:00.09 | Mem:0.00M, Peak:0.00M | Scene, RenderLayer | Waiting for render to start
Fra:1 Mem:34.86M (0.00M, Peak 37.94M) | Time:00:00.10 | Mem:0.00M, Peak:0.00M | Scene, RenderLayer | Updating Scene
Fra:1 Mem:34.86M (0.00M, Peak 37.94M) | Time:00:00.10 | Mem:0.00M, Peak:0.00M | Scene, RenderLayer | Updating Shaders
Fra:1 Mem:35.11M (0.00M, Peak 37.94M) | Time:00:00.10 | Mem:0.00M, Peak:0.00M | Scene, RenderLayer | Updating Background
Fra:1 Mem:35.11M (0.00M, Peak 37.94M) | Time:00:00.10 | Mem:0.00M, Peak:0.00M | Scene, RenderLayer | Updating Camera
Fra:1 Mem:35.11M (0.00M, Peak 37.94M) | Time:00:00.10 | Mem:0.00M, Peak:0.00M | Scene, RenderLayer | Updating Meshes Flags
Fra:1 Mem:35.11M (0.00M, Peak 37.94M) | Time:00:00.10 | Mem:0.00M, Peak:0.00M | Scene, RenderLayer | Updating Objects
Fra:1 Mem:35.11M (0.00M, Peak 37.94M) | Time:00:00.10 | Mem:0.00M, Peak:0.00M | Scene, RenderLayer | Updating Objects | Copying Transformations to device
Fra:1 Mem:35.11M (0.00M, Peak 37.94M) | Time:00:00.10 | Mem:0.00M, Peak:0.00M | Scene, RenderLayer | Updating Objects | Applying Static Transformations
Fra:1 Mem:35.11M (0.00M, Peak 37.94M) | Time:00:00.10 | Mem:0.00M, Peak:0.00M | Scene, RenderLayer | Updating Meshes
Fra:1 Mem:38.63M (0.00M, Peak 38.63M) | Time:00:00.11 | Mem:0.00M, Peak:0.00M | Scene, RenderLayer | Updating Mesh | Computing attributes
Fra:1 Mem:39.70M (0.00M, Peak 39.70M) | Time:00:00.11 | Mem:0.00M, Peak:0.00M | Scene, RenderLayer | Updating Mesh | Copying Attributes to device
Fra:1 Mem:39.70M (0.00M, Peak 40.78M) | Time:00:00.11 | Mem:1.08M, Peak:1.08M | Scene, RenderLayer | Updating Scene BVH | Building
Fra:1 Mem:39.70M (0.00M, Peak 40.78M) | Time:00:00.11 | Mem:1.08M, Peak:1.08M | Scene, RenderLayer | Updating Scene BVH | Building BVH
Fra:1 Mem:52.89M (0.00M, Peak 52.89M) | Time:00:00.27 | Mem:1.08M, Peak:1.08M | Scene, RenderLayer | Updating Scene BVH | Packing BVH triangles and strands
Fra:1 Mem:65.19M (0.00M, Peak 65.19M) | Time:00:00.28 | Mem:1.08M, Peak:1.08M | Scene, RenderLayer | Updating Scene BVH | Packing BVH nodes
Fra:1 Mem:58.41M (0.00M, Peak 68.96M) | Time:00:00.30 | Mem:1.08M, Peak:1.08M | Scene, RenderLayer | Updating Scene BVH | Copying BVH to device
Fra:1 Mem:59.29M (0.00M, Peak 68.96M) | Time:00:00.31 | Mem:19.79M, Peak:19.79M | Scene, RenderLayer | Updating Mesh | Computing normals
Fra:1 Mem:67.36M (0.00M, Peak 68.96M) | Time:00:00.31 | Mem:19.79M, Peak:19.79M | Scene, RenderLayer | Updating Mesh | Copying Mesh to device
Fra:1 Mem:66.48M (0.00M, Peak 68.96M) | Time:00:00.32 | Mem:27.86M, Peak:27.86M | Scene, RenderLayer | Updating Objects Flags
Fra:1 Mem:66.48M (0.00M, Peak 68.96M) | Time:00:00.32 | Mem:27.86M, Peak:27.86M | Scene, RenderLayer | Updating Images
Fra:1 Mem:66.48M (0.00M, Peak 68.96M) | Time:00:00.32 | Mem:27.86M, Peak:27.86M | Scene, RenderLayer | Updating Camera Volume
Fra:1 Mem:66.48M (0.00M, Peak 68.96M) | Time:00:00.32 | Mem:27.86M, Peak:27.86M | Scene, RenderLayer | Updating Hair Systems
Fra:1 Mem:66.48M (0.00M, Peak 68.96M) | Time:00:00.32 | Mem:27.86M, Peak:27.86M | Scene, RenderLayer | Updating Hair settings | Copying Hair settings to device
Fra:1 Mem:66.48M (0.00M, Peak 68.96M) | Time:00:00.32 | Mem:27.86M, Peak:27.86M | Scene, RenderLayer | Updating Lookup Tables
Fra:1 Mem:66.48M (0.00M, Peak 68.96M) | Time:00:00.32 | Mem:28.11M, Peak:28.11M | Scene, RenderLayer | Updating Lights
Fra:1 Mem:66.48M (0.00M, Peak 68.96M) | Time:00:00.32 | Mem:28.11M, Peak:28.11M | Scene, RenderLayer | Updating Lights | Computing distribution
Fra:1 Mem:66.48M (0.00M, Peak 68.96M) | Time:00:00.32 | Mem:28.11M, Peak:28.11M | Scene, RenderLayer | Updating Particle Systems
Fra:1 Mem:66.48M (0.00M, Peak 68.96M) | Time:00:00.32 | Mem:28.11M, Peak:28.11M | Scene, RenderLayer | Updating Particle Systems | Copying Particles to device
Fra:1 Mem:66.48M (0.00M, Peak 68.96M) | Time:00:00.32 | Mem:28.11M, Peak:28.11M | Scene, RenderLayer | Updating Integrator
Fra:1 Mem:66.52M (0.00M, Peak 68.96M) | Time:00:00.32 | Mem:28.15M, Peak:28.15M | Scene, RenderLayer | Updating Film
Fra:1 Mem:66.53M (0.00M, Peak 68.96M) | Time:00:00.32 | Mem:28.15M, Peak:28.15M | Scene, RenderLayer | Updating Lookup Tables
Fra:1 Mem:66.53M (0.00M, Peak 68.96M) | Time:00:00.32 | Mem:28.16M, Peak:28.16M | Scene, RenderLayer | Updating Baking
Fra:1 Mem:66.53M (0.00M, Peak 68.96M) | Time:00:00.32 | Mem:28.16M, Peak:28.16M | Scene, RenderLayer | Updating Device | Writing constant memory
Fra:1 Mem:66.53M (0.00M, Peak 68.96M) | Time:00:00.32 | Mem:28.16M, Peak:28.16M | Scene, RenderLayer | Path Tracing Tile 0/4, Sample 0/512
Fra:1 Mem:68.78M (0.00M, Peak 70.03M) | Time:00:00.32 | Mem:30.41M, Peak:30.41M | Scene, RenderLayer | Path Tracing Tile 1/4, Sample 0/512
Fra:1 Mem:68.78M (0.00M, Peak 71.03M) | Time:00:01.32 | Remaining:00:11.81 | Mem:30.41M, Peak:30.41M | Scene, RenderLayer | Path Tracing Tile 1/4, Sample 94/512
Fra:1 Mem:68.78M (0.00M, Peak 71.03M) | Time:00:02.32 | Remaining:00:10.78 | Mem:30.41M, Peak:30.41M | Scene, RenderLayer | Path Tracing Tile 1/4, Sample 188/512
Fra:1 Mem:68.78M (0.00M, Peak 71.03M) | Time:00:03.32 | Remaining:00:09.79 | Mem:30.41M, Peak:30.41M | Scene, RenderLayer | Path Tracing Tile 1/4, Sample 282/512
Fra:1 Mem:68.78M (0.00M, Peak 71.03M) | Time:00:04.33 | Remaining:00:08.79 | Mem:30.41M, Peak:30.41M | Scene, RenderLayer | Path Tracing Tile 1/4, Sample 376/512
Fra:1 Mem:68.78M (0.00M, Peak 71.03M) | Time:00:05.34 | Remaining:00:07.79 | Mem:30.41M, Peak:30.41M | Scene, RenderLayer | Path Tracing Tile 1/4, Sample 470/512
Fra:1 Mem:66.53M (0.00M, Peak 71.03M) | Time:00:05.79 | Remaining:00:07.35 | Mem:28.16M, Peak:30.41M | Scene, RenderLayer | Path Tracing Tile 1/4, Sample 512/512
Fra:1 Mem:68.50M (0.00M, Peak 71.03M) | Time:00:05.79 | Remaining:00:07.36 | Mem:30.13M, Peak:30.41M | Scene, RenderLayer | Path Tracing Tile 2/4, Sample 512/512
Fra:1 Mem:68.50M (0.00M, Peak 71.03M) | Time:00:06.34 | Remaining:00:06.78 | Mem:30.13M, Peak:30.41M | Scene, RenderLayer | Path Tracing Tile 2/4, Sample 60/512
Fra:1 Mem:68.50M (0.00M, Peak 71.03M) | Time:00:07.34 | Remaining:00:05.73 | Mem:30.13M, Peak:30.41M | Scene, RenderLayer | Path Tracing Tile 2/4, Sample 170/512
Fra:1 Mem:68.50M (0.00M, Peak 71.03M) | Time:00:08.35 | Remaining:00:04.68 | Mem:30.13M, Peak:30.41M | Scene, RenderLayer | Path Tracing Tile 2/4, Sample 281/512
Fra:1 Mem:68.50M (0.00M, Peak 71.03M) | Time:00:09.36 | Remaining:00:03.66 | Mem:30.13M, Peak:30.41M | Scene, RenderLayer | Path Tracing Tile 2/4, Sample 391/512
Fra:1 Mem:68.50M (0.00M, Peak 71.03M) | Time:00:10.36 | Remaining:00:02.64 | Mem:30.13M, Peak:30.41M | Scene, RenderLayer | Path Tracing Tile 2/4, Sample 500/512
Fra:1 Mem:66.53M (0.00M, Peak 71.03M) | Time:00:10.47 | Remaining:00:02.53 | Mem:28.16M, Peak:30.41M | Scene, RenderLayer | Path Tracing Tile 2/4, Sample 512/512
Fra:1 Mem:67.09M (0.00M, Peak 71.03M) | Time:00:10.47 | Remaining:00:02.53 | Mem:28.72M, Peak:30.41M | Scene, RenderLayer | Path Tracing Tile 3/4, Sample 512/512
Fra:1 Mem:67.09M (0.00M, Peak 71.03M) | Time:00:11.36 | Remaining:00:02.04 | Mem:28.72M, Peak:30.41M | Scene, RenderLayer | Path Tracing Tile 3/4, Sample 209/512
Fra:1 Mem:67.09M (0.00M, Peak 71.03M) | Time:00:12.36 | Remaining:00:01.45 | Mem:28.72M, Peak:30.41M | Scene, RenderLayer | Path Tracing Tile 3/4, Sample 443/512
Fra:1 Mem:66.53M (0.00M, Peak 71.03M) | Time:00:12.65 | Remaining:00:01.27 | Mem:28.16M, Peak:30.41M | Scene, RenderLayer | Path Tracing Tile 3/4, Sample 512/512
Fra:1 Mem:67.02M (0.00M, Peak 71.03M) | Time:00:12.66 | Remaining:00:01.27 | Mem:28.65M, Peak:30.41M | Scene, RenderLayer | Path Tracing Tile 4/4, Sample 512/512
Fra:1 Mem:67.02M (0.00M, Peak 71.03M) | Time:00:13.36 | Remaining:00:00.84 | Mem:28.65M, Peak:30.41M | Scene, RenderLayer | Path Tracing Tile 4/4, Sample 180/512
Fra:1 Mem:67.02M (0.00M, Peak 71.03M) | Time:00:14.36 | Remaining:00:00.20 | Mem:28.65M, Peak:30.41M | Scene, RenderLayer | Path Tracing Tile 4/4, Sample 434/512
Fra:1 Mem:66.53M (0.00M, Peak 71.03M) | Time:00:14.67 | Mem:28.16M, Peak:30.41M | Scene, RenderLayer | Path Tracing Tile 4/4, Sample 512/512
Fra:1 Mem:66.53M (0.00M, Peak 71.03M) | Time:00:14.67 | Mem:28.16M, Peak:30.41M | Scene, RenderLayer | Finished
Fra:1 Mem:24.10M (0.00M, Peak 71.03M) | Time:00:14.75 | Sce: Scene Ve:0 Fa:0 La:0
Saved: 'data/clevr-cleaned-puzzles/threepack/render/images/CLEVR_val_000004.png'
 Time: 00:14.79 (Saving: 00:00.03)

read blend: /home/ubuntu/vdp-tool-chain/data/clevr_scene_data/base_scene.blend
convertViewVec: called in an invalid context
convertViewVec: called in an invalid context
convertViewVec: called in an invalid context
convertViewVec: called in an invalid context
Fra:1 Mem:24.22M (0.00M, Peak 24.22M) | Time:00:00.00 | Preparing Scene data
Fra:1 Mem:38.44M (0.00M, Peak 39.42M) | Time:00:00.03 | Preparing Scene data
Fra:1 Mem:38.44M (0.00M, Peak 39.42M) | Time:00:00.03 | Creating Shadowbuffers
Fra:1 Mem:38.44M (0.00M, Peak 39.42M) | Time:00:00.03 | Raytree.. preparing
Fra:1 Mem:54.23M (0.00M, Peak 54.23M) | Time:00:00.04 | Raytree.. building
Fra:1 Mem:53.39M (0.00M, Peak 78.04M) | Time:00:00.30 | Raytree finished
Fra:1 Mem:53.39M (0.00M, Peak 78.04M) | Time:00:00.30 | Creating Environment maps
Fra:1 Mem:53.39M (0.00M, Peak 78.04M) | Time:00:00.30 | Caching Point Densities
Fra:1 Mem:53.39M (0.00M, Peak 78.04M) | Time:00:00.30 | Sce: Scene Ve:121352 Fa:115017 La:1
Fra:1 Mem:53.39M (0.00M, Peak 78.04M) | Time:00:00.30 | Loading voxel datasets
Fra:1 Mem:53.39M (0.00M, Peak 78.04M) | Time:00:00.30 | Sce: Scene Ve:121352 Fa:115017 La:1
Fra:1 Mem:53.39M (0.00M, Peak 78.04M) | Time:00:00.30 | Sce: Scene Ve:121352 Fa:115017 La:1
Fra:1 Mem:53.39M (0.00M, Peak 78.04M) | Time:00:00.30 | Volume preprocessing
Fra:1 Mem:53.39M (0.00M, Peak 78.04M) | Time:00:00.30 | Sce: Scene Ve:121352 Fa:115017 La:1
Fra:1 Mem:53.39M (0.00M, Peak 78.04M) | Time:00:00.30 | Sce: Scene Ve:121352 Fa:115017 La:1
Fra:1 Mem:57.46M (0.00M, Peak 78.04M) | Time:00:00.31 | Scene, Part 3-4
Fra:1 Mem:57.42M (0.00M, Peak 78.04M) | Time:00:00.31 | Scene, Part 4-4
Fra:1 Mem:55.74M (0.00M, Peak 78.04M) | Time:00:00.32 | Scene, Part 2-4
Fra:1 Mem:54.64M (0.00M, Peak 78.04M) | Time:00:00.32 | Scene, Part 1-4
Fra:1 Mem:24.07M (0.00M, Peak 78.04M) | Time:00:00.32 | Sce: Scene Ve:121352 Fa:115017 La:1
Saved: '/tmp/tmp8lmpm8l5.png'
 Time: 00:00.34 (Saving: 00:00.01)

Fra:1 Mem:24.10M (0.00M, Peak 24.70M) | Time:00:00.04 | Mem:0.00M, Peak:0.00M | Scene, RenderLayer | Synchronizing object | Area
Fra:1 Mem:24.10M (0.00M, Peak 24.70M) | Time:00:00.04 | Mem:0.00M, Peak:0.00M | Scene, RenderLayer | Synchronizing object | Ground
Fra:1 Mem:24.17M (0.00M, Peak 24.70M) | Time:00:00.04 | Mem:0.00M, Peak:0.00M | Scene, RenderLayer | Synchronizing object | Empty
Fra:1 Mem:24.17M (0.00M, Peak 24.70M) | Time:00:00.04 | Mem:0.00M, Peak:0.00M | Scene, RenderLayer | Synchronizing object | Lamp_Back
Fra:1 Mem:24.17M (0.00M, Peak 24.70M) | Time:00:00.04 | Mem:0.00M, Peak:0.00M | Scene, RenderLayer | Synchronizing object | Lamp_Fill
Fra:1 Mem:24.17M (0.00M, Peak 24.70M) | Time:00:00.04 | Mem:0.00M, Peak:0.00M | Scene, RenderLayer | Synchronizing object | Lamp_Key
Fra:1 Mem:24.17M (0.00M, Peak 24.70M) | Time:00:00.04 | Mem:0.00M, Peak:0.00M | Scene, RenderLayer | Synchronizing object | Camera
Fra:1 Mem:24.17M (0.00M, Peak 24.70M) | Time:00:00.04 | Mem:0.00M, Peak:0.00M | Scene, RenderLayer | Synchronizing object | SmoothCylinder_0
Fra:1 Mem:27.49M (0.00M, Peak 30.58M) | Time:00:00.06 | Mem:0.00M, Peak:0.00M | Scene, RenderLayer | Synchronizing object | SmoothCylinder_1
Fra:1 Mem:30.81M (0.00M, Peak 33.90M) | Time:00:00.07 | Mem:0.00M, Peak:0.00M | Scene, RenderLayer | Synchronizing object | SmoothCylinder_2
Fra:1 Mem:34.13M (0.00M, Peak 37.22M) | Time:00:00.08 | Mem:0.00M, Peak:0.00M | Scene, RenderLayer | Synchronizing object | Sphere_0
Fra:1 Mem:35.63M (0.00M, Peak 37.22M) | Time:00:00.08 | Mem:0.00M, Peak:0.00M | Scene, RenderLayer | Initializing
Fra:1 Mem:35.63M (0.00M, Peak 37.22M) | Time:00:00.09 | Mem:0.00M, Peak:0.00M | Scene, RenderLayer | Loading render kernels (may take a few minutes the first time)
Fra:1 Mem:35.63M (0.00M, Peak 38.33M) | Time:00:00.10 | Mem:0.00M, Peak:0.00M | Scene, RenderLayer | Waiting for render to start
Fra:1 Mem:35.63M (0.00M, Peak 38.33M) | Time:00:00.10 | Mem:0.00M, Peak:0.00M | Scene, RenderLayer | Updating Scene
Fra:1 Mem:35.63M (0.00M, Peak 38.33M) | Time:00:00.10 | Mem:0.00M, Peak:0.00M | Scene, RenderLayer | Updating Shaders
Fra:1 Mem:35.88M (0.00M, Peak 38.33M) | Time:00:00.10 | Mem:0.00M, Peak:0.00M | Scene, RenderLayer | Updating Background
Fra:1 Mem:35.88M (0.00M, Peak 38.33M) | Time:00:00.10 | Mem:0.00M, Peak:0.00M | Scene, RenderLayer | Updating Camera
Fra:1 Mem:35.88M (0.00M, Peak 38.33M) | Time:00:00.10 | Mem:0.00M, Peak:0.00M | Scene, RenderLayer | Updating Meshes Flags
Fra:1 Mem:35.88M (0.00M, Peak 38.33M) | Time:00:00.10 | Mem:0.00M, Peak:0.00M | Scene, RenderLayer | Updating Objects
Fra:1 Mem:35.88M (0.00M, Peak 38.33M) | Time:00:00.10 | Mem:0.00M, Peak:0.00M | Scene, RenderLayer | Updating Objects | Copying Transformations to device
Fra:1 Mem:35.88M (0.00M, Peak 38.33M) | Time:00:00.10 | Mem:0.00M, Peak:0.00M | Scene, RenderLayer | Updating Objects | Applying Static Transformations
Fra:1 Mem:35.88M (0.00M, Peak 38.33M) | Time:00:00.10 | Mem:0.00M, Peak:0.00M | Scene, RenderLayer | Updating Meshes
Fra:1 Mem:39.40M (0.00M, Peak 39.40M) | Time:00:00.11 | Mem:0.00M, Peak:0.00M | Scene, RenderLayer | Updating Mesh | Computing attributes
Fra:1 Mem:41.25M (0.00M, Peak 41.25M) | Time:00:00.11 | Mem:0.00M, Peak:0.00M | Scene, RenderLayer | Updating Mesh | Copying Attributes to device
Fra:1 Mem:41.25M (0.00M, Peak 43.10M) | Time:00:00.11 | Mem:1.86M, Peak:1.86M | Scene, RenderLayer | Updating Scene BVH | Building
Fra:1 Mem:41.25M (0.00M, Peak 43.10M) | Time:00:00.11 | Mem:1.86M, Peak:1.86M | Scene, RenderLayer | Updating Scene BVH | Building BVH
Fra:1 Mem:54.43M (0.00M, Peak 54.43M) | Time:00:00.28 | Mem:1.86M, Peak:1.86M | Scene, RenderLayer | Updating Scene BVH | Packing BVH triangles and strands
Fra:1 Mem:66.73M (0.00M, Peak 66.73M) | Time:00:00.29 | Mem:1.86M, Peak:1.86M | Scene, RenderLayer | Updating Scene BVH | Packing BVH nodes
Fra:1 Mem:59.95M (0.00M, Peak 70.50M) | Time:00:00.31 | Mem:1.86M, Peak:1.86M | Scene, RenderLayer | Updating Scene BVH | Copying BVH to device
Fra:1 Mem:60.83M (0.00M, Peak 70.50M) | Time:00:00.32 | Mem:20.56M, Peak:20.56M | Scene, RenderLayer | Updating Mesh | Computing normals
Fra:1 Mem:68.90M (0.00M, Peak 70.50M) | Time:00:00.32 | Mem:20.56M, Peak:20.56M | Scene, RenderLayer | Updating Mesh | Copying Mesh to device
Fra:1 Mem:68.02M (0.00M, Peak 70.50M) | Time:00:00.32 | Mem:28.63M, Peak:28.63M | Scene, RenderLayer | Updating Objects Flags
Fra:1 Mem:68.02M (0.00M, Peak 70.50M) | Time:00:00.32 | Mem:28.63M, Peak:28.63M | Scene, RenderLayer | Updating Images
Fra:1 Mem:68.02M (0.00M, Peak 70.50M) | Time:00:00.32 | Mem:28.63M, Peak:28.63M | Scene, RenderLayer | Updating Camera Volume
Fra:1 Mem:68.02M (0.00M, Peak 70.50M) | Time:00:00.32 | Mem:28.63M, Peak:28.63M | Scene, RenderLayer | Updating Hair Systems
Fra:1 Mem:68.02M (0.00M, Peak 70.50M) | Time:00:00.32 | Mem:28.63M, Peak:28.63M | Scene, RenderLayer | Updating Hair settings | Copying Hair settings to device
Fra:1 Mem:68.02M (0.00M, Peak 70.50M) | Time:00:00.32 | Mem:28.63M, Peak:28.63M | Scene, RenderLayer | Updating Lookup Tables
Fra:1 Mem:68.02M (0.00M, Peak 70.50M) | Time:00:00.32 | Mem:28.88M, Peak:28.88M | Scene, RenderLayer | Updating Lights
Fra:1 Mem:68.02M (0.00M, Peak 70.50M) | Time:00:00.32 | Mem:28.88M, Peak:28.88M | Scene, RenderLayer | Updating Lights | Computing distribution
Fra:1 Mem:68.02M (0.00M, Peak 70.50M) | Time:00:00.32 | Mem:28.88M, Peak:28.88M | Scene, RenderLayer | Updating Particle Systems
Fra:1 Mem:68.02M (0.00M, Peak 70.50M) | Time:00:00.32 | Mem:28.88M, Peak:28.88M | Scene, RenderLayer | Updating Particle Systems | Copying Particles to device
Fra:1 Mem:68.02M (0.00M, Peak 70.50M) | Time:00:00.33 | Mem:28.88M, Peak:28.88M | Scene, RenderLayer | Updating Integrator
Fra:1 Mem:68.06M (0.00M, Peak 70.50M) | Time:00:00.33 | Mem:28.92M, Peak:28.92M | Scene, RenderLayer | Updating Film
Fra:1 Mem:68.07M (0.00M, Peak 70.50M) | Time:00:00.33 | Mem:28.92M, Peak:28.92M | Scene, RenderLayer | Updating Lookup Tables
Fra:1 Mem:68.07M (0.00M, Peak 70.50M) | Time:00:00.33 | Mem:28.93M, Peak:28.93M | Scene, RenderLayer | Updating Baking
Fra:1 Mem:68.07M (0.00M, Peak 70.50M) | Time:00:00.33 | Mem:28.93M, Peak:28.93M | Scene, RenderLayer | Updating Device | Writing constant memory
Fra:1 Mem:68.07M (0.00M, Peak 70.50M) | Time:00:00.33 | Mem:28.93M, Peak:28.93M | Scene, RenderLayer | Path Tracing Tile 0/4, Sample 0/512
Fra:1 Mem:70.32M (0.00M, Peak 71.57M) | Time:00:00.33 | Mem:31.18M, Peak:31.18M | Scene, RenderLayer | Path Tracing Tile 1/4, Sample 0/512
Fra:1 Mem:70.32M (0.00M, Peak 72.57M) | Time:00:01.33 | Remaining:00:10.50 | Mem:31.18M, Peak:31.18M | Scene, RenderLayer | Path Tracing Tile 1/4, Sample 105/512
Fra:1 Mem:70.32M (0.00M, Peak 72.57M) | Time:00:02.34 | Remaining:00:09.45 | Mem:31.18M, Peak:31.18M | Scene, RenderLayer | Path Tracing Tile 1/4, Sample 211/512
Fra:1 Mem:70.32M (0.00M, Peak 72.57M) | Time:00:03.35 | Remaining:00:08.45 | Mem:31.18M, Peak:31.18M | Scene, RenderLayer | Path Tracing Tile 1/4, Sample 316/512
Fra:1 Mem:70.32M (0.00M, Peak 72.57M) | Time:00:04.35 | Remaining:00:07.45 | Mem:31.18M, Peak:31.18M | Scene, RenderLayer | Path Tracing Tile 1/4, Sample 421/512
Fra:1 Mem:68.07M (0.00M, Peak 72.57M) | Time:00:05.23 | Remaining:00:06.59 | Mem:28.93M, Peak:31.18M | Scene, RenderLayer | Path Tracing Tile 1/4, Sample 512/512
Fra:1 Mem:70.04M (0.00M, Peak 72.57M) | Time:00:05.23 | Remaining:00:06.59 | Mem:30.89M, Peak:31.18M | Scene, RenderLayer | Path Tracing Tile 2/4, Sample 512/512
Fra:1 Mem:70.04M (0.00M, Peak 72.57M) | Time:00:05.35 | Remaining:00:06.47 | Mem:30.89M, Peak:31.18M | Scene, RenderLayer | Path Tracing Tile 2/4, Sample 14/512
Fra:1 Mem:70.04M (0.00M, Peak 72.57M) | Time:00:06.36 | Remaining:00:05.50 | Mem:30.89M, Peak:31.18M | Scene, RenderLayer | Path Tracing Tile 2/4, Sample 132/512
Fra:1 Mem:70.04M (0.00M, Peak 72.57M) | Time:00:07.37 | Remaining:00:04.52 | Mem:30.89M, Peak:31.18M | Scene, RenderLayer | Path Tracing Tile 2/4, Sample 250/512
Fra:1 Mem:70.04M (0.00M, Peak 72.57M) | Time:00:08.37 | Remaining:00:03.54 | Mem:30.89M, Peak:31.18M | Scene, RenderLayer | Path Tracing Tile 2/4, Sample 367/512
Fra:1 Mem:70.04M (0.00M, Peak 72.57M) | Time:00:09.37 | Remaining:00:02.56 | Mem:30.89M, Peak:31.18M | Scene, RenderLayer | Path Tracing Tile 2/4, Sample 483/512
Fra:1 Mem:68.07M (0.00M, Peak 72.57M) | Time:00:09.62 | Remaining:00:02.32 | Mem:28.93M, Peak:31.18M | Scene, RenderLayer | Path Tracing Tile 2/4, Sample 512/512
Fra:1 Mem:68.63M (0.00M, Peak 72.57M) | Time:00:09.62 | Remaining:00:02.32 | Mem:29.49M, Peak:31.18M | Scene, RenderLayer | Path Tracing Tile 3/4, Sample 512/512
Fra:1 Mem:68.63M (0.00M, Peak 72.57M) | Time:00:10.37 | Remaining:00:01.95 | Mem:29.49M, Peak:31.18M | Scene, RenderLayer | Path Tracing Tile 3/4, Sample 179/512
Fra:1 Mem:68.63M (0.00M, Peak 72.57M) | Time:00:11.37 | Remaining:00:01.40 | Mem:29.49M, Peak:31.18M | Scene, RenderLayer | Path Tracing Tile 3/4, Sample 417/512
Fra:1 Mem:68.07M (0.00M, Peak 72.57M) | Time:00:11.78 | Remaining:00:01.17 | Mem:28.93M, Peak:31.18M | Scene, RenderLayer | Path Tracing Tile 3/4, Sample 512/512
Fra:1 Mem:68.56M (0.00M, Peak 72.57M) | Time:00:11.78 | Remaining:00:01.17 | Mem:29.42M, Peak:31.18M | Scene, RenderLayer | Path Tracing Tile 4/4, Sample 512/512
Fra:1 Mem:68.56M (0.00M, Peak 72.57M) | Time:00:12.38 | Remaining:00:00.83 | Mem:29.42M, Peak:31.18M | Scene, RenderLayer | Path Tracing Tile 4/4, Sample 155/512
Fra:1 Mem:68.56M (0.00M, Peak 72.57M) | Time:00:13.38 | Remaining:00:00.24 | Mem:29.42M, Peak:31.18M | Scene, RenderLayer | Path Tracing Tile 4/4, Sample 411/512
Fra:1 Mem:68.07M (0.00M, Peak 72.57M) | Time:00:13.78 | Mem:28.93M, Peak:31.18M | Scene, RenderLayer | Path Tracing Tile 4/4, Sample 512/512
Fra:1 Mem:68.07M (0.00M, Peak 72.57M) | Time:00:13.78 | Mem:28.93M, Peak:31.18M | Scene, RenderLayer | Finished
Fra:1 Mem:24.10M (0.00M, Peak 72.57M) | Time:00:13.86 | Sce: Scene Ve:0 Fa:0 La:0
Saved: 'data/clevr-cleaned-puzzles/threepack/render/images/CLEVR_val_000005.png'
 Time: 00:13.90 (Saving: 00:00.03)


Blender quit

INFO test_net.py:  81: Called with args:
INFO test_net.py:  82: Namespace(cfg_file='clevr_inference/scene_parse/mask_rcnn/configs/baselines/e2e_mask_rcnn_R-50-FPN_1x.yaml', clevr_comp_cat=1, dataset='clevr_original_val', grab_conv=False, images_dir='data/clevr-cleaned-puzzles/threepack/render/images', load_ckpt='/home/ubuntu/vdp-tool-chain/data/ns-vqa-data/pretrained/object_detector.pt', load_detectron=None, multi_gpu_testing=False, name=None, output_dir='data/clevr-cleaned-puzzles/threepack/infer/mask_rcnn', range=None, rendersummary_path='data/clevr-cleaned-puzzles/threepack/render/summary.json', set_cfgs=[], vis=False)
INFO test_net.py: 125: Testing with config:
INFO test_net.py: 126: {'BBOX_XFORM_CLIP': 4.135166556742356,
 'CLEVR': {'COMP_CAT': True},
 'CROP_RESIZE_WITH_MAX_POOL': True,
 'CUDA': False,
 'DATA_DIR': '/home/ubuntu/vdp-tool-chain/data/ns-vqa-data/mask_rcnn',
 'DATA_LOADER': {'NUM_THREADS': 4},
 'DEBUG': False,
 'DEDUP_BOXES': 0.0625,
 'EPS': 1e-14,
 'EXPECTED_RESULTS': [],
 'EXPECTED_RESULTS_ATOL': 0.005,
 'EXPECTED_RESULTS_EMAIL': '',
 'EXPECTED_RESULTS_RTOL': 0.1,
 'FAST_RCNN': {'CONV_HEAD_DIM': 256,
               'MLP_HEAD_DIM': 1024,
               'NUM_STACKED_CONVS': 4,
               'ROI_BOX_HEAD': 'fast_rcnn_heads.roi_2mlp_head',
               'ROI_XFORM_METHOD': 'RoIAlign',
               'ROI_XFORM_RESOLUTION': 7,
               'ROI_XFORM_SAMPLING_RATIO': 2},
 'FPN': {'COARSEST_STRIDE': 32,
         'DIM': 256,
         'EXTRA_CONV_LEVELS': False,
         'FPN_ON': True,
         'MULTILEVEL_ROIS': True,
         'MULTILEVEL_RPN': True,
         'ROI_CANONICAL_LEVEL': 4,
         'ROI_CANONICAL_SCALE': 224,
         'ROI_MAX_LEVEL': 5,
         'ROI_MIN_LEVEL': 2,
         'RPN_ANCHOR_START_SIZE': 32,
         'RPN_ASPECT_RATIOS': (0.5, 1, 2),
         'RPN_COLLECT_SCALE': 1,
         'RPN_MAX_LEVEL': 6,
         'RPN_MIN_LEVEL': 2,
         'USE_GN': False,
         'ZERO_INIT_LATERAL': False},
 'GROUP_NORM': {'DIM_PER_GP': -1, 'EPSILON': 1e-05, 'NUM_GROUPS': 32},
 'KRCNN': {'CONV_HEAD_DIM': 256,
           'CONV_HEAD_KERNEL': 3,
           'CONV_INIT': 'GaussianFill',
           'DECONV_DIM': 256,
           'DECONV_KERNEL': 4,
           'DILATION': 1,
           'HEATMAP_SIZE': -1,
           'INFERENCE_MIN_SIZE': 0,
           'KEYPOINT_CONFIDENCE': 'bbox',
           'LOSS_WEIGHT': 1.0,
           'MIN_KEYPOINT_COUNT_FOR_VALID_MINIBATCH': 20,
           'NMS_OKS': False,
           'NORMALIZE_BY_VISIBLE_KEYPOINTS': True,
           'NUM_KEYPOINTS': -1,
           'NUM_STACKED_CONVS': 8,
           'ROI_KEYPOINTS_HEAD': '',
           'ROI_XFORM_METHOD': 'RoIAlign',
           'ROI_XFORM_RESOLUTION': 7,
           'ROI_XFORM_SAMPLING_RATIO': 0,
           'UP_SCALE': -1,
           'USE_DECONV': False,
           'USE_DECONV_OUTPUT': False},
 'MATLAB': 'matlab',
 'MODEL': {'BBOX_REG_WEIGHTS': (10.0, 10.0, 5.0, 5.0),
           'CLS_AGNOSTIC_BBOX_REG': False,
           'CONV_BODY': 'FPN.fpn_ResNet50_conv5_body',
           'FASTER_RCNN': True,
           'KEYPOINTS_ON': False,
           'LOAD_IMAGENET_PRETRAINED_WEIGHTS': True,
           'MASK_ON': True,
           'NUM_CLASSES': 49,
           'RPN_ONLY': False,
           'SHARE_RES5': False,
           'TYPE': 'generalized_rcnn',
           'UNSUPERVISED_POSE': False},
 'MRCNN': {'CLS_SPECIFIC_MASK': True,
           'CONV_INIT': 'MSRAFill',
           'DILATION': 1,
           'DIM_REDUCED': 256,
           'MEMORY_EFFICIENT_LOSS': True,
           'RESOLUTION': 28,
           'ROI_MASK_HEAD': 'mask_rcnn_heads.mask_rcnn_fcn_head_v1up4convs',
           'ROI_XFORM_METHOD': 'RoIAlign',
           'ROI_XFORM_RESOLUTION': 14,
           'ROI_XFORM_SAMPLING_RATIO': 2,
           'THRESH_BINARIZE': 0.5,
           'UPSAMPLE_RATIO': 1,
           'USE_FC_OUTPUT': False,
           'WEIGHT_LOSS_MASK': 1.0},
 'NUM_GPUS': 8,
 'OUTPUT_DIR': 'Outputs',
 'PIXEL_MEANS': array([[[102.9801, 115.9465, 122.7717]]]),
 'POOLING_MODE': 'crop',
 'POOLING_SIZE': 7,
 'PYTORCH_VERSION_LESS_THAN_040': False,
 'RESNETS': {'FREEZE_AT': 2,
             'IMAGENET_PRETRAINED_WEIGHTS': 'pretrained_model/resnet50_caffe.pth',
             'NUM_GROUPS': 1,
             'RES5_DILATION': 1,
             'SHORTCUT_FUNC': 'basic_bn_shortcut',
             'STEM_FUNC': 'basic_bn_stem',
             'STRIDE_1X1': True,
             'TRANS_FUNC': 'bottleneck_transformation',
             'USE_GN': False,
             'WIDTH_PER_GROUP': 64},
 'RETINANET': {'ANCHOR_SCALE': 4,
               'ASPECT_RATIOS': (0.5, 1.0, 2.0),
               'BBOX_REG_BETA': 0.11,
               'BBOX_REG_WEIGHT': 1.0,
               'CLASS_SPECIFIC_BBOX': False,
               'INFERENCE_TH': 0.05,
               'LOSS_ALPHA': 0.25,
               'LOSS_GAMMA': 2.0,
               'NEGATIVE_OVERLAP': 0.4,
               'NUM_CONVS': 4,
               'POSITIVE_OVERLAP': 0.5,
               'PRE_NMS_TOP_N': 1000,
               'PRIOR_PROB': 0.01,
               'RETINANET_ON': False,
               'SCALES_PER_OCTAVE': 3,
               'SHARE_CLS_BBOX_TOWER': False,
               'SOFTMAX': False},
 'RFCN': {'PS_GRID_SIZE': 3},
 'RNG_SEED': 3,
 'ROOT_DIR': '/home/ubuntu/vdp-tool-chain/clevr_inference/scene_parse/mask_rcnn',
 'RPN': {'ASPECT_RATIOS': (0.5, 1, 2),
         'CLS_ACTIVATION': 'sigmoid',
         'OUT_DIM': 512,
         'OUT_DIM_AS_IN_DIM': True,
         'RPN_ON': True,
         'SIZES': (64, 128, 256, 512),
         'STRIDE': 16},
 'SOLVER': {'BASE_LR': 0.02,
            'BIAS_DOUBLE_LR': True,
            'BIAS_WEIGHT_DECAY': False,
            'GAMMA': 0.1,
            'LOG_LR_CHANGE_THRESHOLD': 1.1,
            'LRS': [],
            'LR_POLICY': 'steps_with_decay',
            'MAX_ITER': 30000,
            'MOMENTUM': 0.9,
            'SCALE_MOMENTUM': True,
            'SCALE_MOMENTUM_THRESHOLD': 1.1,
            'STEPS': [0, 20000, 26000],
            'STEP_SIZE': 30000,
            'TYPE': 'SGD',
            'WARM_UP_FACTOR': 0.3333333333333333,
            'WARM_UP_ITERS': 500,
            'WARM_UP_METHOD': 'linear',
            'WEIGHT_DECAY': 0.0001,
            'WEIGHT_DECAY_GN': 0.0},
 'TEST': {'BBOX_AUG': {'AREA_TH_HI': 32400,
                       'AREA_TH_LO': 2500,
                       'ASPECT_RATIOS': (),
                       'ASPECT_RATIO_H_FLIP': False,
                       'COORD_HEUR': 'UNION',
                       'ENABLED': False,
                       'H_FLIP': False,
                       'MAX_SIZE': 4000,
                       'SCALES': (),
                       'SCALE_H_FLIP': False,
                       'SCALE_SIZE_DEP': False,
                       'SCORE_HEUR': 'UNION'},
          'BBOX_REG': True,
          'BBOX_VOTE': {'ENABLED': False,
                        'SCORING_METHOD': 'ID',
                        'SCORING_METHOD_BETA': 1.0,
                        'VOTE_TH': 0.8},
          'COMPETITION_MODE': True,
          'DATASETS': ('custom(data/clevr-cleaned-puzzles/threepack/render/images, '
                       'data/clevr-cleaned-puzzles/threepack/render/summary.json)',),
          'DETECTIONS_PER_IM': 100,
          'FORCE_JSON_DATASET_EVAL': False,
          'KPS_AUG': {'AREA_TH': 32400,
                      'ASPECT_RATIOS': (),
                      'ASPECT_RATIO_H_FLIP': False,
                      'ENABLED': False,
                      'HEUR': 'HM_AVG',
                      'H_FLIP': False,
                      'MAX_SIZE': 4000,
                      'SCALES': (),
                      'SCALE_H_FLIP': False,
                      'SCALE_SIZE_DEP': False},
          'MASK_AUG': {'AREA_TH': 32400,
                       'ASPECT_RATIOS': (),
                       'ASPECT_RATIO_H_FLIP': False,
                       'ENABLED': False,
                       'HEUR': 'SOFT_AVG',
                       'H_FLIP': False,
                       'MAX_SIZE': 4000,
                       'SCALES': (),
                       'SCALE_H_FLIP': False,
                       'SCALE_SIZE_DEP': False},
          'MAX_SIZE': 1333,
          'NMS': 0.5,
          'PRECOMPUTED_PROPOSALS': False,
          'PROPOSAL_FILES': (),
          'PROPOSAL_LIMIT': 2000,
          'RPN_MIN_SIZE': 0,
          'RPN_NMS_THRESH': 0.7,
          'RPN_POST_NMS_TOP_N': 1000,
          'RPN_PRE_NMS_TOP_N': 1000,
          'SCALE': 800,
          'SCORE_THRESH': 0.05,
          'SOFT_NMS': {'ENABLED': False, 'METHOD': 'linear', 'SIGMA': 0.5}},
 'TRAIN': {'ASPECT_CROPPING': False,
           'ASPECT_GROUPING': True,
           'ASPECT_HI': 2,
           'ASPECT_LO': 0.5,
           'BATCH_SIZE_PER_IM': 512,
           'BBOX_INSIDE_WEIGHTS': (1.0, 1.0, 1.0, 1.0),
           'BBOX_NORMALIZE_MEANS': (0.0, 0.0, 0.0, 0.0),
           'BBOX_NORMALIZE_STDS': (0.1, 0.1, 0.2, 0.2),
           'BBOX_NORMALIZE_TARGETS': True,
           'BBOX_NORMALIZE_TARGETS_PRECOMPUTED': False,
           'BBOX_THRESH': 0.5,
           'BG_THRESH_HI': 0.5,
           'BG_THRESH_LO': 0.0,
           'CROWD_FILTER_THRESH': 0.7,
           'DATASETS': (),
           'FG_FRACTION': 0.25,
           'FG_THRESH': 0.5,
           'FREEZE_CONV_BODY': False,
           'GT_MIN_AREA': -1,
           'IMS_PER_BATCH': 2,
           'MAX_SIZE': 1333,
           'PROPOSAL_FILES': (),
           'RPN_BATCH_SIZE_PER_IM': 256,
           'RPN_FG_FRACTION': 0.5,
           'RPN_MIN_SIZE': 0,
           'RPN_NEGATIVE_OVERLAP': 0.3,
           'RPN_NMS_THRESH': 0.7,
           'RPN_POSITIVE_OVERLAP': 0.7,
           'RPN_POST_NMS_TOP_N': 2000,
           'RPN_PRE_NMS_TOP_N': 2000,
           'RPN_STRADDLE_THRESH': 0,
           'SCALES': (800,),
           'SNAPSHOT_ITERS': 20000,
           'USE_FLIPPED': False},
 'VIS': False,
 'VIS_TH': 0.9}
INFO test_engine.py: 352: loading checkpoint /home/ubuntu/vdp-tool-chain/data/ns-vqa-data/pretrained/object_detector.pt
INFO test_engine.py: 286: im_detect: range [1, 6] of 6: 1/6 1.118s + 0.003s (eta: 0:00:05)
INFO test_engine.py: 336: Wrote detections to: /home/ubuntu/vdp-tool-chain/data/clevr-cleaned-puzzles/threepack/infer/mask_rcnn/detections.pkl
INFO test_engine.py: 164: Total inference time: 5.620s


| processing proposals 1 / 6 images
| processing proposals 2 / 6 images
| processing proposals 3 / 6 images
| processing proposals 4 / 6 images
| processing proposals 5 / 6 images
| processing proposals 6 / 6 images
| saving object annotations to data/clevr-cleaned-puzzles/threepack/infer/attrnet/predictions.json


| options
run_dir: data/clevr-cleaned-puzzles/threepack/solver_ir
dataset: clevr
load_checkpoint_path: /home/ubuntu/vdp-tool-chain/data/ns-vqa-data/pretrained/attribute_net.pt
gpu_ids: [0]
clevr_mini_img_dir: /home/ubuntu/vdp-tool-chain/data/ns-vqa-data/raw/CLEVR_mini/images
clevr_mini_ann_path: /home/ubuntu/vdp-tool-chain/data/ns-vqa-data/attr_net/objects/clevr_mini_objs.json
concat_img: 1
split_id: 3500
batch_size: 50
num_workers: 4
learning_rate: 0.002
split: val
output_path: data/clevr-cleaned-puzzles/threepack/solver_ir/results.json
clevr_val_ann_path: data/clevr-cleaned-puzzles/threepack/infer/attrnet/predictions.json
clevr_val_img_dir: /home/ubuntu/vdp-tool-chain/data/ns-vqa-data/raw/CLEVR_v1.0/images/val
shuffle_data: 0
use_cat_label: 1
name: threepack
| loading checkpoint from /home/ubuntu/vdp-tool-chain/data/ns-vqa-data/pretrained/attribute_net.pt
20 / 20 objects processed
| saving annotation file to data/clevr-cleaned-puzzles/threepack/solver_ir/results.json


0.json in test
THRESHOLD relate_behind objs = {'id': '0-0', 'position': [2.8038527965545654, 0.20562249422073364, 0.6902192831039429], 'color': 'yellow', 'material': 'metal', 'shape': 'cylinder', 'size': 'large'}, {'id': '0-1', 'position': [0.05022639408707619, 0.05180032551288605, 0.6918371915817261], 'color': 'yellow', 'material': 'metal', 'shape': 'cylinder', 'size': 'large'}
THRESHOLD relate_behind objs = {'id': '0-0', 'position': [2.8038527965545654, 0.20562249422073364, 0.6902192831039429], 'color': 'yellow', 'material': 'metal', 'shape': 'cylinder', 'size': 'large'}, {'id': '0-2', 'position': [-2.7834722995758057, -0.12447214871644974, 0.6938154697418213], 'color': 'yellow', 'material': 'metal', 'shape': 'cylinder', 'size': 'large'}
THRESHOLD relate_behind objs = {'id': '0-1', 'position': [0.05022639408707619, 0.05180032551288605, 0.6918371915817261], 'color': 'yellow', 'material': 'metal', 'shape': 'cylinder', 'size': 'large'}, {'id': '0-2', 'position': [-2.7834722995758057, -0.12447214871644974, 0.6938154697418213], 'color': 'yellow', 'material': 'metal', 'shape': 'cylinder', 'size': 'large'}
THRESHOLD relate_front objs = {'id': '0-1', 'position': [0.05022639408707619, 0.05180032551288605, 0.6918371915817261], 'color': 'yellow', 'material': 'metal', 'shape': 'cylinder', 'size': 'large'}, {'id': '0-0', 'position': [2.8038527965545654, 0.20562249422073364, 0.6902192831039429], 'color': 'yellow', 'material': 'metal', 'shape': 'cylinder', 'size': 'large'}
THRESHOLD relate_front objs = {'id': '0-2', 'position': [-2.7834722995758057, -0.12447214871644974, 0.6938154697418213], 'color': 'yellow', 'material': 'metal', 'shape': 'cylinder', 'size': 'large'}, {'id': '0-0', 'position': [2.8038527965545654, 0.20562249422073364, 0.6902192831039429], 'color': 'yellow', 'material': 'metal', 'shape': 'cylinder', 'size': 'large'}
THRESHOLD relate_front objs = {'id': '0-2', 'position': [-2.7834722995758057, -0.12447214871644974, 0.6938154697418213], 'color': 'yellow', 'material': 'metal', 'shape': 'cylinder', 'size': 'large'}, {'id': '0-1', 'position': [0.05022639408707619, 0.05180032551288605, 0.6918371915817261], 'color': 'yellow', 'material': 'metal', 'shape': 'cylinder', 'size': 'large'}
1.json in test
THRESHOLD relate_front objs = {'id': '1-0', 'position': [-2.893173933029175, -0.1411316990852356, 0.6945946216583252], 'color': 'green', 'material': 'metal', 'shape': 'cylinder', 'size': 'large'}, {'id': '1-2', 'position': [0.040137097239494324, 0.044951021671295166, 0.6904059648513794], 'color': 'yellow', 'material': 'metal', 'shape': 'cylinder', 'size': 'large'}
THRESHOLD relate_behind objs = {'id': '1-1', 'position': [2.7946126461029053, 0.2744815945625305, 0.6966257691383362], 'color': 'yellow', 'material': 'metal', 'shape': 'cylinder', 'size': 'large'}, {'id': '1-2', 'position': [0.040137097239494324, 0.044951021671295166, 0.6904059648513794], 'color': 'yellow', 'material': 'metal', 'shape': 'cylinder', 'size': 'large'}
THRESHOLD relate_behind objs = {'id': '1-2', 'position': [0.040137097239494324, 0.044951021671295166, 0.6904059648513794], 'color': 'yellow', 'material': 'metal', 'shape': 'cylinder', 'size': 'large'}, {'id': '1-0', 'position': [-2.893173933029175, -0.1411316990852356, 0.6945946216583252], 'color': 'green', 'material': 'metal', 'shape': 'cylinder', 'size': 'large'}
THRESHOLD relate_front objs = {'id': '1-2', 'position': [0.040137097239494324, 0.044951021671295166, 0.6904059648513794], 'color': 'yellow', 'material': 'metal', 'shape': 'cylinder', 'size': 'large'}, {'id': '1-1', 'position': [2.7946126461029053, 0.2744815945625305, 0.6966257691383362], 'color': 'yellow', 'material': 'metal', 'shape': 'cylinder', 'size': 'large'}
2.json in test
THRESHOLD relate_behind objs = {'id': '2-0', 'position': [0.03143886476755142, 0.06701505184173584, 0.6910747289657593], 'color': 'yellow', 'material': 'metal', 'shape': 'cylinder', 'size': 'large'}, {'id': '2-1', 'position': [-2.816436529159546, -0.12339138239622116, 0.6941394805908203], 'color': 'yellow', 'material': 'metal', 'shape': 'cylinder', 'size': 'large'}
THRESHOLD relate_front objs = {'id': '2-1', 'position': [-2.816436529159546, -0.12339138239622116, 0.6941394805908203], 'color': 'yellow', 'material': 'metal', 'shape': 'cylinder', 'size': 'large'}, {'id': '2-0', 'position': [0.03143886476755142, 0.06701505184173584, 0.6910747289657593], 'color': 'yellow', 'material': 'metal', 'shape': 'cylinder', 'size': 'large'}
3.json in train
THRESHOLD relate_behind objs = {'id': '3-0', 'position': [-1.3797787427902222, -0.05740157514810562, 0.3404872417449951], 'color': 'blue', 'material': 'rubber', 'shape': 'cylinder', 'size': 'small'}, {'id': '3-3', 'position': [-2.830448627471924, -0.153152197599411, 0.35133886337280273], 'color': 'red', 'material': 'rubber', 'shape': 'cube', 'size': 'small'}
THRESHOLD relate_front objs = {'id': '3-0', 'position': [-1.3797787427902222, -0.05740157514810562, 0.3404872417449951], 'color': 'blue', 'material': 'rubber', 'shape': 'cylinder', 'size': 'small'}, {'id': '3-1', 'position': [1.3103581666946411, 0.06270509958267212, 0.3430253863334656], 'color': 'blue', 'material': 'rubber', 'shape': 'cylinder', 'size': 'small'}
THRESHOLD relate_front objs = {'id': '3-0', 'position': [-1.3797787427902222, -0.05740157514810562, 0.3404872417449951], 'color': 'blue', 'material': 'rubber', 'shape': 'cylinder', 'size': 'small'}, {'id': '3-2', 'position': [0.05567183718085289, 0.04628913477063179, 0.3413449823856354], 'color': 'blue', 'material': 'metal', 'shape': 'cylinder', 'size': 'small'}
THRESHOLD relate_behind objs = {'id': '3-1', 'position': [1.3103581666946411, 0.06270509958267212, 0.3430253863334656], 'color': 'blue', 'material': 'rubber', 'shape': 'cylinder', 'size': 'small'}, {'id': '3-0', 'position': [-1.3797787427902222, -0.05740157514810562, 0.3404872417449951], 'color': 'blue', 'material': 'rubber', 'shape': 'cylinder', 'size': 'small'}
THRESHOLD relate_behind objs = {'id': '3-1', 'position': [1.3103581666946411, 0.06270509958267212, 0.3430253863334656], 'color': 'blue', 'material': 'rubber', 'shape': 'cylinder', 'size': 'small'}, {'id': '3-2', 'position': [0.05567183718085289, 0.04628913477063179, 0.3413449823856354], 'color': 'blue', 'material': 'metal', 'shape': 'cylinder', 'size': 'small'}
THRESHOLD relate_behind objs = {'id': '3-1', 'position': [1.3103581666946411, 0.06270509958267212, 0.3430253863334656], 'color': 'blue', 'material': 'rubber', 'shape': 'cylinder', 'size': 'small'}, {'id': '3-3', 'position': [-2.830448627471924, -0.153152197599411, 0.35133886337280273], 'color': 'red', 'material': 'rubber', 'shape': 'cube', 'size': 'small'}
THRESHOLD relate_behind objs = {'id': '3-2', 'position': [0.05567183718085289, 0.04628913477063179, 0.3413449823856354], 'color': 'blue', 'material': 'metal', 'shape': 'cylinder', 'size': 'small'}, {'id': '3-0', 'position': [-1.3797787427902222, -0.05740157514810562, 0.3404872417449951], 'color': 'blue', 'material': 'rubber', 'shape': 'cylinder', 'size': 'small'}
THRESHOLD relate_behind objs = {'id': '3-2', 'position': [0.05567183718085289, 0.04628913477063179, 0.3413449823856354], 'color': 'blue', 'material': 'metal', 'shape': 'cylinder', 'size': 'small'}, {'id': '3-3', 'position': [-2.830448627471924, -0.153152197599411, 0.35133886337280273], 'color': 'red', 'material': 'rubber', 'shape': 'cube', 'size': 'small'}
THRESHOLD relate_front objs = {'id': '3-2', 'position': [0.05567183718085289, 0.04628913477063179, 0.3413449823856354], 'color': 'blue', 'material': 'metal', 'shape': 'cylinder', 'size': 'small'}, {'id': '3-1', 'position': [1.3103581666946411, 0.06270509958267212, 0.3430253863334656], 'color': 'blue', 'material': 'rubber', 'shape': 'cylinder', 'size': 'small'}
THRESHOLD relate_front objs = {'id': '3-3', 'position': [-2.830448627471924, -0.153152197599411, 0.35133886337280273], 'color': 'red', 'material': 'rubber', 'shape': 'cube', 'size': 'small'}, {'id': '3-0', 'position': [-1.3797787427902222, -0.05740157514810562, 0.3404872417449951], 'color': 'blue', 'material': 'rubber', 'shape': 'cylinder', 'size': 'small'}
THRESHOLD relate_front objs = {'id': '3-3', 'position': [-2.830448627471924, -0.153152197599411, 0.35133886337280273], 'color': 'red', 'material': 'rubber', 'shape': 'cube', 'size': 'small'}, {'id': '3-1', 'position': [1.3103581666946411, 0.06270509958267212, 0.3430253863334656], 'color': 'blue', 'material': 'rubber', 'shape': 'cylinder', 'size': 'small'}
THRESHOLD relate_front objs = {'id': '3-3', 'position': [-2.830448627471924, -0.153152197599411, 0.35133886337280273], 'color': 'red', 'material': 'rubber', 'shape': 'cube', 'size': 'small'}, {'id': '3-2', 'position': [0.05567183718085289, 0.04628913477063179, 0.3413449823856354], 'color': 'blue', 'material': 'metal', 'shape': 'cylinder', 'size': 'small'}
4.json in train
THRESHOLD relate_behind objs = {'id': '4-0', 'position': [-0.0025202855467796326, 0.033104702830314636, 0.6930384039878845], 'color': 'red', 'material': 'rubber', 'shape': 'cylinder', 'size': 'large'}, {'id': '4-3', 'position': [-2.8031067848205566, -0.13204224407672882, 0.6926469206809998], 'color': 'red', 'material': 'metal', 'shape': 'cylinder', 'size': 'large'}
THRESHOLD relate_front objs = {'id': '4-0', 'position': [-0.0025202855467796326, 0.033104702830314636, 0.6930384039878845], 'color': 'red', 'material': 'rubber', 'shape': 'cylinder', 'size': 'large'}, {'id': '4-1', 'position': [1.329281210899353, 0.13767895102500916, 0.3453332781791687], 'color': 'red', 'material': 'rubber', 'shape': 'sphere', 'size': 'small'}
THRESHOLD relate_front objs = {'id': '4-0', 'position': [-0.0025202855467796326, 0.033104702830314636, 0.6930384039878845], 'color': 'red', 'material': 'rubber', 'shape': 'cylinder', 'size': 'large'}, {'id': '4-2', 'position': [2.802924871444702, 0.2558492124080658, 0.3431483209133148], 'color': 'red', 'material': 'metal', 'shape': 'cylinder', 'size': 'small'}
THRESHOLD relate_behind objs = {'id': '4-1', 'position': [1.329281210899353, 0.13767895102500916, 0.3453332781791687], 'color': 'red', 'material': 'rubber', 'shape': 'sphere', 'size': 'small'}, {'id': '4-0', 'position': [-0.0025202855467796326, 0.033104702830314636, 0.6930384039878845], 'color': 'red', 'material': 'rubber', 'shape': 'cylinder', 'size': 'large'}
THRESHOLD relate_behind objs = {'id': '4-1', 'position': [1.329281210899353, 0.13767895102500916, 0.3453332781791687], 'color': 'red', 'material': 'rubber', 'shape': 'sphere', 'size': 'small'}, {'id': '4-3', 'position': [-2.8031067848205566, -0.13204224407672882, 0.6926469206809998], 'color': 'red', 'material': 'metal', 'shape': 'cylinder', 'size': 'large'}
THRESHOLD relate_front objs = {'id': '4-1', 'position': [1.329281210899353, 0.13767895102500916, 0.3453332781791687], 'color': 'red', 'material': 'rubber', 'shape': 'sphere', 'size': 'small'}, {'id': '4-2', 'position': [2.802924871444702, 0.2558492124080658, 0.3431483209133148], 'color': 'red', 'material': 'metal', 'shape': 'cylinder', 'size': 'small'}
THRESHOLD relate_behind objs = {'id': '4-2', 'position': [2.802924871444702, 0.2558492124080658, 0.3431483209133148], 'color': 'red', 'material': 'metal', 'shape': 'cylinder', 'size': 'small'}, {'id': '4-0', 'position': [-0.0025202855467796326, 0.033104702830314636, 0.6930384039878845], 'color': 'red', 'material': 'rubber', 'shape': 'cylinder', 'size': 'large'}
THRESHOLD relate_behind objs = {'id': '4-2', 'position': [2.802924871444702, 0.2558492124080658, 0.3431483209133148], 'color': 'red', 'material': 'metal', 'shape': 'cylinder', 'size': 'small'}, {'id': '4-1', 'position': [1.329281210899353, 0.13767895102500916, 0.3453332781791687], 'color': 'red', 'material': 'rubber', 'shape': 'sphere', 'size': 'small'}
THRESHOLD relate_behind objs = {'id': '4-2', 'position': [2.802924871444702, 0.2558492124080658, 0.3431483209133148], 'color': 'red', 'material': 'metal', 'shape': 'cylinder', 'size': 'small'}, {'id': '4-3', 'position': [-2.8031067848205566, -0.13204224407672882, 0.6926469206809998], 'color': 'red', 'material': 'metal', 'shape': 'cylinder', 'size': 'large'}
THRESHOLD relate_front objs = {'id': '4-3', 'position': [-2.8031067848205566, -0.13204224407672882, 0.6926469206809998], 'color': 'red', 'material': 'metal', 'shape': 'cylinder', 'size': 'large'}, {'id': '4-0', 'position': [-0.0025202855467796326, 0.033104702830314636, 0.6930384039878845], 'color': 'red', 'material': 'rubber', 'shape': 'cylinder', 'size': 'large'}
THRESHOLD relate_front objs = {'id': '4-3', 'position': [-2.8031067848205566, -0.13204224407672882, 0.6926469206809998], 'color': 'red', 'material': 'metal', 'shape': 'cylinder', 'size': 'large'}, {'id': '4-1', 'position': [1.329281210899353, 0.13767895102500916, 0.3453332781791687], 'color': 'red', 'material': 'rubber', 'shape': 'sphere', 'size': 'small'}
THRESHOLD relate_front objs = {'id': '4-3', 'position': [-2.8031067848205566, -0.13204224407672882, 0.6926469206809998], 'color': 'red', 'material': 'metal', 'shape': 'cylinder', 'size': 'large'}, {'id': '4-2', 'position': [2.802924871444702, 0.2558492124080658, 0.3431483209133148], 'color': 'red', 'material': 'metal', 'shape': 'cylinder', 'size': 'small'}
5.json in train
THRESHOLD relate_behind objs = {'id': '5-0', 'position': [1.3934332132339478, 0.08248461782932281, 0.3392190933227539], 'color': 'cyan', 'material': 'metal', 'shape': 'cylinder', 'size': 'small'}, {'id': '5-1', 'position': [-1.3707795143127441, -0.08751162141561508, 0.3439443111419678], 'color': 'cyan', 'material': 'metal', 'shape': 'cylinder', 'size': 'small'}
THRESHOLD relate_behind objs = {'id': '5-0', 'position': [1.3934332132339478, 0.08248461782932281, 0.3392190933227539], 'color': 'cyan', 'material': 'metal', 'shape': 'cylinder', 'size': 'small'}, {'id': '5-2', 'position': [-2.648742198944092, -0.10649058222770691, 0.34353458881378174], 'color': 'cyan', 'material': 'metal', 'shape': 'cylinder', 'size': 'small'}
THRESHOLD relate_front objs = {'id': '5-0', 'position': [1.3934332132339478, 0.08248461782932281, 0.3392190933227539], 'color': 'cyan', 'material': 'metal', 'shape': 'cylinder', 'size': 'small'}, {'id': '5-3', 'position': [2.798532247543335, 0.34644851088523865, 0.34123218059539795], 'color': 'cyan', 'material': 'metal', 'shape': 'sphere', 'size': 'small'}
THRESHOLD relate_behind objs = {'id': '5-1', 'position': [-1.3707795143127441, -0.08751162141561508, 0.3439443111419678], 'color': 'cyan', 'material': 'metal', 'shape': 'cylinder', 'size': 'small'}, {'id': '5-2', 'position': [-2.648742198944092, -0.10649058222770691, 0.34353458881378174], 'color': 'cyan', 'material': 'metal', 'shape': 'cylinder', 'size': 'small'}
THRESHOLD relate_front objs = {'id': '5-1', 'position': [-1.3707795143127441, -0.08751162141561508, 0.3439443111419678], 'color': 'cyan', 'material': 'metal', 'shape': 'cylinder', 'size': 'small'}, {'id': '5-0', 'position': [1.3934332132339478, 0.08248461782932281, 0.3392190933227539], 'color': 'cyan', 'material': 'metal', 'shape': 'cylinder', 'size': 'small'}
THRESHOLD relate_front objs = {'id': '5-2', 'position': [-2.648742198944092, -0.10649058222770691, 0.34353458881378174], 'color': 'cyan', 'material': 'metal', 'shape': 'cylinder', 'size': 'small'}, {'id': '5-0', 'position': [1.3934332132339478, 0.08248461782932281, 0.3392190933227539], 'color': 'cyan', 'material': 'metal', 'shape': 'cylinder', 'size': 'small'}
THRESHOLD relate_front objs = {'id': '5-2', 'position': [-2.648742198944092, -0.10649058222770691, 0.34353458881378174], 'color': 'cyan', 'material': 'metal', 'shape': 'cylinder', 'size': 'small'}, {'id': '5-1', 'position': [-1.3707795143127441, -0.08751162141561508, 0.3439443111419678], 'color': 'cyan', 'material': 'metal', 'shape': 'cylinder', 'size': 'small'}
THRESHOLD relate_behind objs = {'id': '5-3', 'position': [2.798532247543335, 0.34644851088523865, 0.34123218059539795], 'color': 'cyan', 'material': 'metal', 'shape': 'sphere', 'size': 'small'}, {'id': '5-0', 'position': [1.3934332132339478, 0.08248461782932281, 0.3392190933227539], 'color': 'cyan', 'material': 'metal', 'shape': 'cylinder', 'size': 'small'}
