Started Logging. 2022-07-09 21:40:11.654383

0.json in train
THRESHOLD relate_behind objs = {'id': '0-0', 'position': [-0.0343238040804863, -0.07617095857858658, 0.6860788464546204], 'color': 'gray', 'material': 'metal', 'shape': 'cube', 'size': 'large'}, {'id': '0-1', 'position': [-2.7762153148651123, -0.18711161613464355, 0.6958776712417603], 'color': 'purple', 'material': 'metal', 'shape': 'sphere', 'size': 'large'}
THRESHOLD relate_front objs = {'id': '0-1', 'position': [-2.7762153148651123, -0.18711161613464355, 0.6958776712417603], 'color': 'purple', 'material': 'metal', 'shape': 'sphere', 'size': 'large'}, {'id': '0-0', 'position': [-0.0343238040804863, -0.07617095857858658, 0.6860788464546204], 'color': 'gray', 'material': 'metal', 'shape': 'cube', 'size': 'large'}
1.json in test
THRESHOLD relate_front objs = {'id': '1-0', 'position': [-2.904393434524536, 0.01400706171989441, 0.6943156123161316], 'color': 'cyan', 'material': 'metal', 'shape': 'sphere', 'size': 'large'}, {'id': '1-1', 'position': [2.8150484561920166, 0.24687576293945312, 0.6850382685661316], 'color': 'cyan', 'material': 'metal', 'shape': 'sphere', 'size': 'large'}
THRESHOLD relate_front objs = {'id': '1-0', 'position': [-2.904393434524536, 0.01400706171989441, 0.6943156123161316], 'color': 'cyan', 'material': 'metal', 'shape': 'sphere', 'size': 'large'}, {'id': '1-2', 'position': [-0.1304030418395996, 0.13139140605926514, 0.6906434297561646], 'color': 'yellow', 'material': 'metal', 'shape': 'cube', 'size': 'large'}
THRESHOLD relate_behind objs = {'id': '1-1', 'position': [2.8150484561920166, 0.24687576293945312, 0.6850382685661316], 'color': 'cyan', 'material': 'metal', 'shape': 'sphere', 'size': 'large'}, {'id': '1-0', 'position': [-2.904393434524536, 0.01400706171989441, 0.6943156123161316], 'color': 'cyan', 'material': 'metal', 'shape': 'sphere', 'size': 'large'}
THRESHOLD relate_behind objs = {'id': '1-1', 'position': [2.8150484561920166, 0.24687576293945312, 0.6850382685661316], 'color': 'cyan', 'material': 'metal', 'shape': 'sphere', 'size': 'large'}, {'id': '1-2', 'position': [-0.1304030418395996, 0.13139140605926514, 0.6906434297561646], 'color': 'yellow', 'material': 'metal', 'shape': 'cube', 'size': 'large'}
THRESHOLD relate_behind objs = {'id': '1-2', 'position': [-0.1304030418395996, 0.13139140605926514, 0.6906434297561646], 'color': 'yellow', 'material': 'metal', 'shape': 'cube', 'size': 'large'}, {'id': '1-0', 'position': [-2.904393434524536, 0.01400706171989441, 0.6943156123161316], 'color': 'cyan', 'material': 'metal', 'shape': 'sphere', 'size': 'large'}
THRESHOLD relate_front objs = {'id': '1-2', 'position': [-0.1304030418395996, 0.13139140605926514, 0.6906434297561646], 'color': 'yellow', 'material': 'metal', 'shape': 'cube', 'size': 'large'}, {'id': '1-1', 'position': [2.8150484561920166, 0.24687576293945312, 0.6850382685661316], 'color': 'cyan', 'material': 'metal', 'shape': 'sphere', 'size': 'large'}
2.json in test
THRESHOLD relate_behind objs = {'id': '2-0', 'position': [0.12782156467437744, 0.15394657850265503, 0.6923458576202393], 'color': 'cyan', 'material': 'metal', 'shape': 'sphere', 'size': 'large'}, {'id': '2-1', 'position': [-2.7546093463897705, -0.21167558431625366, 0.6879652738571167], 'color': 'gray', 'material': 'metal', 'shape': 'cube', 'size': 'large'}
THRESHOLD relate_front objs = {'id': '2-1', 'position': [-2.7546093463897705, -0.21167558431625366, 0.6879652738571167], 'color': 'gray', 'material': 'metal', 'shape': 'cube', 'size': 'large'}, {'id': '2-0', 'position': [0.12782156467437744, 0.15394657850265503, 0.6923458576202393], 'color': 'cyan', 'material': 'metal', 'shape': 'sphere', 'size': 'large'}
3.json in test
THRESHOLD relate_front objs = {'id': '3-0', 'position': [0.03398872911930084, -0.14142891764640808, 0.6974396705627441], 'color': 'cyan', 'material': 'metal', 'shape': 'sphere', 'size': 'large'}, {'id': '3-1', 'position': [2.6978914737701416, 0.05216435343027115, 0.6823883652687073], 'color': 'yellow', 'material': 'metal', 'shape': 'cube', 'size': 'large'}
THRESHOLD relate_behind objs = {'id': '3-1', 'position': [2.6978914737701416, 0.05216435343027115, 0.6823883652687073], 'color': 'yellow', 'material': 'metal', 'shape': 'cube', 'size': 'large'}, {'id': '3-0', 'position': [0.03398872911930084, -0.14142891764640808, 0.6974396705627441], 'color': 'cyan', 'material': 'metal', 'shape': 'sphere', 'size': 'large'}
4.json in train
THRESHOLD relate_front objs = {'id': '4-0', 'position': [-1.2403311729431152, -0.022172383964061737, 0.3474247455596924], 'color': 'gray', 'material': 'metal', 'shape': 'sphere', 'size': 'small'}, {'id': '4-1', 'position': [1.3409031629562378, 0.032083190977573395, 0.34172266721725464], 'color': 'gray', 'material': 'metal', 'shape': 'sphere', 'size': 'small'}
THRESHOLD relate_front objs = {'id': '4-0', 'position': [-1.2403311729431152, -0.022172383964061737, 0.3474247455596924], 'color': 'gray', 'material': 'metal', 'shape': 'sphere', 'size': 'small'}, {'id': '4-2', 'position': [2.7362468242645264, 0.1831006407737732, 0.3435608744621277], 'color': 'purple', 'material': 'rubber', 'shape': 'cube', 'size': 'small'}
THRESHOLD relate_front objs = {'id': '4-0', 'position': [-1.2403311729431152, -0.022172383964061737, 0.3474247455596924], 'color': 'gray', 'material': 'metal', 'shape': 'sphere', 'size': 'small'}, {'id': '4-3', 'position': [0.05790731683373451, 0.01195458322763443, 0.3446829617023468], 'color': 'purple', 'material': 'metal', 'shape': 'cube', 'size': 'small'}
THRESHOLD relate_behind objs = {'id': '4-1', 'position': [1.3409031629562378, 0.032083190977573395, 0.34172266721725464], 'color': 'gray', 'material': 'metal', 'shape': 'sphere', 'size': 'small'}, {'id': '4-0', 'position': [-1.2403311729431152, -0.022172383964061737, 0.3474247455596924], 'color': 'gray', 'material': 'metal', 'shape': 'sphere', 'size': 'small'}
THRESHOLD relate_behind objs = {'id': '4-1', 'position': [1.3409031629562378, 0.032083190977573395, 0.34172266721725464], 'color': 'gray', 'material': 'metal', 'shape': 'sphere', 'size': 'small'}, {'id': '4-3', 'position': [0.05790731683373451, 0.01195458322763443, 0.3446829617023468], 'color': 'purple', 'material': 'metal', 'shape': 'cube', 'size': 'small'}
THRESHOLD relate_front objs = {'id': '4-1', 'position': [1.3409031629562378, 0.032083190977573395, 0.34172266721725464], 'color': 'gray', 'material': 'metal', 'shape': 'sphere', 'size': 'small'}, {'id': '4-2', 'position': [2.7362468242645264, 0.1831006407737732, 0.3435608744621277], 'color': 'purple', 'material': 'rubber', 'shape': 'cube', 'size': 'small'}
THRESHOLD relate_behind objs = {'id': '4-2', 'position': [2.7362468242645264, 0.1831006407737732, 0.3435608744621277], 'color': 'purple', 'material': 'rubber', 'shape': 'cube', 'size': 'small'}, {'id': '4-0', 'position': [-1.2403311729431152, -0.022172383964061737, 0.3474247455596924], 'color': 'gray', 'material': 'metal', 'shape': 'sphere', 'size': 'small'}
THRESHOLD relate_behind objs = {'id': '4-2', 'position': [2.7362468242645264, 0.1831006407737732, 0.3435608744621277], 'color': 'purple', 'material': 'rubber', 'shape': 'cube', 'size': 'small'}, {'id': '4-1', 'position': [1.3409031629562378, 0.032083190977573395, 0.34172266721725464], 'color': 'gray', 'material': 'metal', 'shape': 'sphere', 'size': 'small'}
THRESHOLD relate_behind objs = {'id': '4-2', 'position': [2.7362468242645264, 0.1831006407737732, 0.3435608744621277], 'color': 'purple', 'material': 'rubber', 'shape': 'cube', 'size': 'small'}, {'id': '4-3', 'position': [0.05790731683373451, 0.01195458322763443, 0.3446829617023468], 'color': 'purple', 'material': 'metal', 'shape': 'cube', 'size': 'small'}
THRESHOLD relate_behind objs = {'id': '4-3', 'position': [0.05790731683373451, 0.01195458322763443, 0.3446829617023468], 'color': 'purple', 'material': 'metal', 'shape': 'cube', 'size': 'small'}, {'id': '4-0', 'position': [-1.2403311729431152, -0.022172383964061737, 0.3474247455596924], 'color': 'gray', 'material': 'metal', 'shape': 'sphere', 'size': 'small'}
THRESHOLD relate_front objs = {'id': '4-3', 'position': [0.05790731683373451, 0.01195458322763443, 0.3446829617023468], 'color': 'purple', 'material': 'metal', 'shape': 'cube', 'size': 'small'}, {'id': '4-1', 'position': [1.3409031629562378, 0.032083190977573395, 0.34172266721725464], 'color': 'gray', 'material': 'metal', 'shape': 'sphere', 'size': 'small'}
THRESHOLD relate_front objs = {'id': '4-3', 'position': [0.05790731683373451, 0.01195458322763443, 0.3446829617023468], 'color': 'purple', 'material': 'metal', 'shape': 'cube', 'size': 'small'}, {'id': '4-2', 'position': [2.7362468242645264, 0.1831006407737732, 0.3435608744621277], 'color': 'purple', 'material': 'rubber', 'shape': 'cube', 'size': 'small'}
5.json in train
THRESHOLD relate_behind objs = {'id': '5-0', 'position': [1.267672061920166, 0.02371075004339218, 0.3395763039588928], 'color': 'gray', 'material': 'metal', 'shape': 'cube', 'size': 'small'}, {'id': '5-1', 'position': [-1.4297021627426147, -0.11049608141183853, 0.6953486204147339], 'color': 'purple', 'material': 'rubber', 'shape': 'sphere', 'size': 'large'}
THRESHOLD relate_front objs = {'id': '5-1', 'position': [-1.4297021627426147, -0.11049608141183853, 0.6953486204147339], 'color': 'purple', 'material': 'rubber', 'shape': 'sphere', 'size': 'large'}, {'id': '5-0', 'position': [1.267672061920166, 0.02371075004339218, 0.3395763039588928], 'color': 'gray', 'material': 'metal', 'shape': 'cube', 'size': 'small'}
