Started Logging. 2022-07-10 05:43:15.504603

found bundled python: /home/ubuntu/vdp-tool-chain/data/blender-2.78c-linux-glibc219-x86_64/2.78/python
read blend: /home/ubuntu/vdp-tool-chain/data/clevr_scene_data/base_scene.blend
convertViewVec: called in an invalid context
convertViewVec: called in an invalid context
convertViewVec: called in an invalid context
Fra:1 Mem:14.42M (0.00M, Peak 14.42M) | Time:00:00.00 | Preparing Scene data
Fra:1 Mem:19.87M (0.00M, Peak 20.66M) | Time:00:00.01 | Preparing Scene data
Fra:1 Mem:19.87M (0.00M, Peak 20.66M) | Time:00:00.01 | Creating Shadowbuffers
Fra:1 Mem:19.87M (0.00M, Peak 20.66M) | Time:00:00.01 | Raytree.. preparing
Fra:1 Mem:25.69M (0.00M, Peak 25.69M) | Time:00:00.01 | Raytree.. building
Fra:1 Mem:25.39M (0.00M, Peak 34.48M) | Time:00:00.10 | Raytree finished
Fra:1 Mem:25.39M (0.00M, Peak 34.48M) | Time:00:00.10 | Creating Environment maps
Fra:1 Mem:25.39M (0.00M, Peak 34.48M) | Time:00:00.10 | Caching Point Densities
Fra:1 Mem:25.39M (0.00M, Peak 34.48M) | Time:00:00.10 | Sce: Scene Ve:42834 Fa:42383 La:1
Fra:1 Mem:25.39M (0.00M, Peak 34.48M) | Time:00:00.10 | Loading voxel datasets
Fra:1 Mem:25.39M (0.00M, Peak 34.48M) | Time:00:00.10 | Sce: Scene Ve:42834 Fa:42383 La:1
Fra:1 Mem:25.39M (0.00M, Peak 34.48M) | Time:00:00.10 | Sce: Scene Ve:42834 Fa:42383 La:1
Fra:1 Mem:25.39M (0.00M, Peak 34.48M) | Time:00:00.10 | Volume preprocessing
Fra:1 Mem:25.39M (0.00M, Peak 34.48M) | Time:00:00.10 | Sce: Scene Ve:42834 Fa:42383 La:1
Fra:1 Mem:25.39M (0.00M, Peak 34.48M) | Time:00:00.10 | Sce: Scene Ve:42834 Fa:42383 La:1
Fra:1 Mem:29.73M (0.00M, Peak 34.48M) | Time:00:00.10 | Scene, Part 3-4
Fra:1 Mem:29.42M (0.00M, Peak 34.48M) | Time:00:00.10 | Scene, Part 4-4
Fra:1 Mem:28.49M (0.00M, Peak 34.48M) | Time:00:00.11 | Scene, Part 2-4
Fra:1 Mem:26.64M (0.00M, Peak 34.48M) | Time:00:00.12 | Scene, Part 1-4
Fra:1 Mem:14.30M (0.00M, Peak 34.48M) | Time:00:00.12 | Sce: Scene Ve:42834 Fa:42383 La:1
Saved: '/tmp/tmptrf329uh.png'
 Time: 00:00.16 (Saving: 00:00.04)

Fra:1 Mem:14.34M (0.00M, Peak 14.93M) | Time:00:00.04 | Mem:0.00M, Peak:0.00M | Scene, RenderLayer | Synchronizing object | Area
Fra:1 Mem:14.34M (0.00M, Peak 14.93M) | Time:00:00.04 | Mem:0.00M, Peak:0.00M | Scene, RenderLayer | Synchronizing object | Ground
Fra:1 Mem:14.40M (0.00M, Peak 14.93M) | Time:00:00.04 | Mem:0.00M, Peak:0.00M | Scene, RenderLayer | Synchronizing object | Empty
Fra:1 Mem:14.40M (0.00M, Peak 14.93M) | Time:00:00.04 | Mem:0.00M, Peak:0.00M | Scene, RenderLayer | Synchronizing object | Lamp_Back
Fra:1 Mem:14.40M (0.00M, Peak 14.93M) | Time:00:00.04 | Mem:0.00M, Peak:0.00M | Scene, RenderLayer | Synchronizing object | Lamp_Fill
Fra:1 Mem:14.40M (0.00M, Peak 14.93M) | Time:00:00.04 | Mem:0.00M, Peak:0.00M | Scene, RenderLayer | Synchronizing object | Lamp_Key
Fra:1 Mem:14.40M (0.00M, Peak 14.93M) | Time:00:00.04 | Mem:0.00M, Peak:0.00M | Scene, RenderLayer | Synchronizing object | Camera
Fra:1 Mem:14.40M (0.00M, Peak 14.93M) | Time:00:00.04 | Mem:0.00M, Peak:0.00M | Scene, RenderLayer | Synchronizing object | SmoothCylinder_0
Fra:1 Mem:17.19M (0.00M, Peak 20.41M) | Time:00:00.05 | Mem:0.00M, Peak:0.00M | Scene, RenderLayer | Synchronizing object | SmoothCube_v2_0
Fra:1 Mem:17.49M (0.00M, Peak 20.41M) | Time:00:00.05 | Mem:0.00M, Peak:0.00M | Scene, RenderLayer | Synchronizing object | SmoothCube_v2_1
Fra:1 Mem:17.80M (0.00M, Peak 20.41M) | Time:00:00.06 | Mem:0.00M, Peak:0.00M | Scene, RenderLayer | Initializing
Fra:1 Mem:17.80M (0.00M, Peak 20.41M) | Time:00:00.06 | Mem:0.00M, Peak:0.00M | Scene, RenderLayer | Loading render kernels (may take a few minutes the first time)
Fra:1 Mem:17.80M (0.00M, Peak 20.50M) | Time:00:00.07 | Mem:0.00M, Peak:0.00M | Scene, RenderLayer | Waiting for render to start
Fra:1 Mem:17.80M (0.00M, Peak 20.50M) | Time:00:00.07 | Mem:0.00M, Peak:0.00M | Scene, RenderLayer | Updating Scene
Fra:1 Mem:17.80M (0.00M, Peak 20.50M) | Time:00:00.07 | Mem:0.00M, Peak:0.00M | Scene, RenderLayer | Updating Shaders
Fra:1 Mem:18.31M (0.00M, Peak 20.50M) | Time:00:00.15 | Mem:0.00M, Peak:0.00M | Scene, RenderLayer | Updating Background
Fra:1 Mem:18.31M (0.00M, Peak 20.50M) | Time:00:00.15 | Mem:0.00M, Peak:0.00M | Scene, RenderLayer | Updating Camera
Fra:1 Mem:18.31M (0.00M, Peak 20.50M) | Time:00:00.15 | Mem:0.00M, Peak:0.00M | Scene, RenderLayer | Updating Meshes Flags
Fra:1 Mem:18.31M (0.00M, Peak 20.50M) | Time:00:00.15 | Mem:0.00M, Peak:0.00M | Scene, RenderLayer | Updating Objects
Fra:1 Mem:18.31M (0.00M, Peak 20.50M) | Time:00:00.15 | Mem:0.00M, Peak:0.00M | Scene, RenderLayer | Updating Objects | Copying Transformations to device
Fra:1 Mem:18.31M (0.00M, Peak 20.50M) | Time:00:00.15 | Mem:0.00M, Peak:0.00M | Scene, RenderLayer | Updating Objects | Applying Static Transformations
Fra:1 Mem:18.31M (0.00M, Peak 20.50M) | Time:00:00.15 | Mem:0.00M, Peak:0.00M | Scene, RenderLayer | Updating Meshes
Fra:1 Mem:19.57M (0.00M, Peak 20.50M) | Time:00:00.15 | Mem:0.00M, Peak:0.00M | Scene, RenderLayer | Updating Mesh | Computing attributes
Fra:1 Mem:19.57M (0.00M, Peak 20.50M) | Time:00:00.15 | Mem:0.00M, Peak:0.00M | Scene, RenderLayer | Updating Mesh | Copying Attributes to device
Fra:1 Mem:19.57M (0.00M, Peak 20.50M) | Time:00:00.15 | Mem:0.00M, Peak:0.00M | Scene, RenderLayer | Updating Scene BVH | Building
Fra:1 Mem:19.57M (0.00M, Peak 20.50M) | Time:00:00.15 | Mem:0.00M, Peak:0.00M | Scene, RenderLayer | Updating Scene BVH | Building BVH
Fra:1 Mem:24.29M (0.00M, Peak 24.29M) | Time:00:00.21 | Mem:0.00M, Peak:0.00M | Scene, RenderLayer | Updating Scene BVH | Packing BVH triangles and strands
Fra:1 Mem:28.70M (0.00M, Peak 28.70M) | Time:00:00.22 | Mem:0.00M, Peak:0.00M | Scene, RenderLayer | Updating Scene BVH | Packing BVH nodes
Fra:1 Mem:26.26M (0.00M, Peak 30.04M) | Time:00:00.22 | Mem:0.00M, Peak:0.00M | Scene, RenderLayer | Updating Scene BVH | Copying BVH to device
Fra:1 Mem:26.58M (0.00M, Peak 30.04M) | Time:00:00.23 | Mem:6.70M, Peak:6.70M | Scene, RenderLayer | Updating Mesh | Computing normals
Fra:1 Mem:29.47M (0.00M, Peak 30.04M) | Time:00:00.23 | Mem:6.70M, Peak:6.70M | Scene, RenderLayer | Updating Mesh | Copying Mesh to device
Fra:1 Mem:29.15M (0.00M, Peak 30.04M) | Time:00:00.23 | Mem:9.59M, Peak:9.59M | Scene, RenderLayer | Updating Objects Flags
Fra:1 Mem:29.15M (0.00M, Peak 30.04M) | Time:00:00.23 | Mem:9.59M, Peak:9.59M | Scene, RenderLayer | Updating Images
Fra:1 Mem:29.15M (0.00M, Peak 30.04M) | Time:00:00.23 | Mem:9.59M, Peak:9.59M | Scene, RenderLayer | Updating Camera Volume
Fra:1 Mem:29.15M (0.00M, Peak 30.04M) | Time:00:00.23 | Mem:9.59M, Peak:9.59M | Scene, RenderLayer | Updating Hair Systems
Fra:1 Mem:29.15M (0.00M, Peak 30.04M) | Time:00:00.23 | Mem:9.59M, Peak:9.59M | Scene, RenderLayer | Updating Hair settings | Copying Hair settings to device
Fra:1 Mem:29.15M (0.00M, Peak 30.04M) | Time:00:00.23 | Mem:9.59M, Peak:9.59M | Scene, RenderLayer | Updating Lookup Tables
Fra:1 Mem:29.15M (0.00M, Peak 30.04M) | Time:00:00.23 | Mem:9.84M, Peak:9.84M | Scene, RenderLayer | Updating Lights
Fra:1 Mem:29.15M (0.00M, Peak 30.04M) | Time:00:00.23 | Mem:9.84M, Peak:9.84M | Scene, RenderLayer | Updating Lights | Computing distribution
Fra:1 Mem:29.15M (0.00M, Peak 30.04M) | Time:00:00.23 | Mem:9.84M, Peak:9.84M | Scene, RenderLayer | Updating Particle Systems
Fra:1 Mem:29.15M (0.00M, Peak 30.04M) | Time:00:00.23 | Mem:9.84M, Peak:9.84M | Scene, RenderLayer | Updating Particle Systems | Copying Particles to device
Fra:1 Mem:29.15M (0.00M, Peak 30.04M) | Time:00:00.23 | Mem:9.84M, Peak:9.84M | Scene, RenderLayer | Updating Integrator
Fra:1 Mem:29.19M (0.00M, Peak 30.04M) | Time:00:00.23 | Mem:9.88M, Peak:9.88M | Scene, RenderLayer | Updating Film
Fra:1 Mem:29.20M (0.00M, Peak 30.04M) | Time:00:00.23 | Mem:9.88M, Peak:9.88M | Scene, RenderLayer | Updating Lookup Tables
Fra:1 Mem:29.20M (0.00M, Peak 30.04M) | Time:00:00.23 | Mem:9.88M, Peak:9.88M | Scene, RenderLayer | Updating Baking
Fra:1 Mem:29.20M (0.00M, Peak 30.04M) | Time:00:00.23 | Mem:9.88M, Peak:9.88M | Scene, RenderLayer | Updating Device | Writing constant memory
Fra:1 Mem:29.20M (0.00M, Peak 30.04M) | Time:00:00.23 | Mem:9.88M, Peak:9.88M | Scene, RenderLayer | Path Tracing Tile 0/4, Sample 0/512
Fra:1 Mem:31.45M (0.00M, Peak 32.70M) | Time:00:00.23 | Mem:12.13M, Peak:12.13M | Scene, RenderLayer | Path Tracing Tile 1/4, Sample 0/512
Fra:1 Mem:31.45M (0.00M, Peak 33.70M) | Time:00:01.24 | Remaining:00:12.20 | Mem:12.13M, Peak:12.13M | Scene, RenderLayer | Path Tracing Tile 1/4, Sample 92/512
Fra:1 Mem:31.45M (0.00M, Peak 33.70M) | Time:00:02.25 | Remaining:00:11.15 | Mem:12.13M, Peak:12.13M | Scene, RenderLayer | Path Tracing Tile 1/4, Sample 184/512
Fra:1 Mem:31.45M (0.00M, Peak 33.70M) | Time:00:03.26 | Remaining:00:10.14 | Mem:12.13M, Peak:12.13M | Scene, RenderLayer | Path Tracing Tile 1/4, Sample 276/512
Fra:1 Mem:31.45M (0.00M, Peak 33.70M) | Time:00:04.26 | Remaining:00:09.14 | Mem:12.13M, Peak:12.13M | Scene, RenderLayer | Path Tracing Tile 1/4, Sample 367/512
Fra:1 Mem:31.45M (0.00M, Peak 33.70M) | Time:00:05.27 | Remaining:00:08.15 | Mem:12.13M, Peak:12.13M | Scene, RenderLayer | Path Tracing Tile 1/4, Sample 458/512
Fra:1 Mem:29.20M (0.00M, Peak 33.70M) | Time:00:05.86 | Remaining:00:07.57 | Mem:9.88M, Peak:12.13M | Scene, RenderLayer | Path Tracing Tile 1/4, Sample 512/512
Fra:1 Mem:31.17M (0.00M, Peak 33.70M) | Time:00:05.87 | Remaining:00:07.57 | Mem:11.85M, Peak:12.13M | Scene, RenderLayer | Path Tracing Tile 2/4, Sample 512/512
Fra:1 Mem:31.17M (0.00M, Peak 33.70M) | Time:00:06.27 | Remaining:00:07.12 | Mem:11.85M, Peak:12.13M | Scene, RenderLayer | Path Tracing Tile 2/4, Sample 44/512
Fra:1 Mem:31.17M (0.00M, Peak 33.70M) | Time:00:07.27 | Remaining:00:06.02 | Mem:11.85M, Peak:12.13M | Scene, RenderLayer | Path Tracing Tile 2/4, Sample 154/512
Fra:1 Mem:31.17M (0.00M, Peak 33.70M) | Time:00:08.28 | Remaining:00:04.94 | Mem:11.85M, Peak:12.13M | Scene, RenderLayer | Path Tracing Tile 2/4, Sample 264/512
Fra:1 Mem:31.17M (0.00M, Peak 33.70M) | Time:00:09.28 | Remaining:00:03.90 | Mem:11.85M, Peak:12.13M | Scene, RenderLayer | Path Tracing Tile 2/4, Sample 373/512
Fra:1 Mem:31.17M (0.00M, Peak 33.70M) | Time:00:10.29 | Remaining:00:02.86 | Mem:11.85M, Peak:12.13M | Scene, RenderLayer | Path Tracing Tile 2/4, Sample 482/512
Fra:1 Mem:29.20M (0.00M, Peak 33.70M) | Time:00:10.56 | Remaining:00:02.58 | Mem:9.88M, Peak:12.13M | Scene, RenderLayer | Path Tracing Tile 2/4, Sample 512/512
Fra:1 Mem:29.76M (0.00M, Peak 33.70M) | Time:00:10.56 | Remaining:00:02.58 | Mem:10.45M, Peak:12.13M | Scene, RenderLayer | Path Tracing Tile 3/4, Sample 512/512
Fra:1 Mem:29.76M (0.00M, Peak 33.70M) | Time:00:11.29 | Remaining:00:02.18 | Mem:10.45M, Peak:12.13M | Scene, RenderLayer | Path Tracing Tile 3/4, Sample 169/512
Fra:1 Mem:29.76M (0.00M, Peak 33.70M) | Time:00:12.29 | Remaining:00:01.58 | Mem:10.45M, Peak:12.13M | Scene, RenderLayer | Path Tracing Tile 3/4, Sample 401/512
Fra:1 Mem:29.20M (0.00M, Peak 33.70M) | Time:00:12.77 | Remaining:00:01.29 | Mem:9.88M, Peak:12.13M | Scene, RenderLayer | Path Tracing Tile 3/4, Sample 512/512
Fra:1 Mem:29.69M (0.00M, Peak 33.70M) | Time:00:12.77 | Remaining:00:01.29 | Mem:10.38M, Peak:12.13M | Scene, RenderLayer | Path Tracing Tile 4/4, Sample 512/512
Fra:1 Mem:29.69M (0.00M, Peak 33.70M) | Time:00:13.29 | Remaining:00:00.97 | Mem:10.38M, Peak:12.13M | Scene, RenderLayer | Path Tracing Tile 4/4, Sample 132/512
Fra:1 Mem:29.69M (0.00M, Peak 33.70M) | Time:00:14.29 | Remaining:00:00.33 | Mem:10.38M, Peak:12.13M | Scene, RenderLayer | Path Tracing Tile 4/4, Sample 385/512
Fra:1 Mem:29.20M (0.00M, Peak 33.70M) | Time:00:14.80 | Mem:9.88M, Peak:12.13M | Scene, RenderLayer | Path Tracing Tile 4/4, Sample 512/512
Fra:1 Mem:29.20M (0.00M, Peak 33.70M) | Time:00:14.80 | Mem:9.88M, Peak:12.13M | Scene, RenderLayer | Finished
Fra:1 Mem:14.58M (0.00M, Peak 33.70M) | Time:00:14.88 | Sce: Scene Ve:0 Fa:0 La:0
Saved: 'data/clevr-cleaned-puzzles/aphaeresis/render/images/CLEVR_val_000000.png'
 Time: 00:14.92 (Saving: 00:00.03)

read blend: /home/ubuntu/vdp-tool-chain/data/clevr_scene_data/base_scene.blend
convertViewVec: called in an invalid context
convertViewVec: called in an invalid context
convertViewVec: called in an invalid context
Fra:1 Mem:17.61M (0.00M, Peak 17.61M) | Time:00:00.00 | Preparing Scene data
Fra:1 Mem:25.61M (0.00M, Peak 26.60M) | Time:00:00.01 | Preparing Scene data
Fra:1 Mem:25.61M (0.00M, Peak 26.60M) | Time:00:00.01 | Creating Shadowbuffers
Fra:1 Mem:25.61M (0.00M, Peak 26.60M) | Time:00:00.01 | Raytree.. preparing
Fra:1 Mem:34.44M (0.00M, Peak 34.44M) | Time:00:00.02 | Raytree.. building
Fra:1 Mem:33.95M (0.00M, Peak 47.73M) | Time:00:00.17 | Raytree finished
Fra:1 Mem:33.95M (0.00M, Peak 47.73M) | Time:00:00.17 | Creating Environment maps
Fra:1 Mem:33.95M (0.00M, Peak 47.73M) | Time:00:00.17 | Caching Point Densities
Fra:1 Mem:33.95M (0.00M, Peak 47.73M) | Time:00:00.17 | Sce: Scene Ve:66054 Fa:64254 La:1
Fra:1 Mem:33.95M (0.00M, Peak 47.73M) | Time:00:00.17 | Loading voxel datasets
Fra:1 Mem:33.95M (0.00M, Peak 47.73M) | Time:00:00.17 | Sce: Scene Ve:66054 Fa:64254 La:1
Fra:1 Mem:33.96M (0.00M, Peak 47.73M) | Time:00:00.17 | Sce: Scene Ve:66054 Fa:64254 La:1
Fra:1 Mem:33.96M (0.00M, Peak 47.73M) | Time:00:00.17 | Volume preprocessing
Fra:1 Mem:33.96M (0.00M, Peak 47.73M) | Time:00:00.17 | Sce: Scene Ve:66054 Fa:64254 La:1
Fra:1 Mem:33.96M (0.00M, Peak 47.73M) | Time:00:00.17 | Sce: Scene Ve:66054 Fa:64254 La:1
Fra:1 Mem:38.03M (0.00M, Peak 47.73M) | Time:00:00.17 | Scene, Part 3-4
Fra:1 Mem:37.99M (0.00M, Peak 47.73M) | Time:00:00.18 | Scene, Part 4-4
Fra:1 Mem:36.96M (0.00M, Peak 47.73M) | Time:00:00.18 | Scene, Part 1-4
Fra:1 Mem:35.05M (0.00M, Peak 47.73M) | Time:00:00.19 | Scene, Part 2-4
Fra:1 Mem:17.49M (0.00M, Peak 47.73M) | Time:00:00.19 | Sce: Scene Ve:66054 Fa:64254 La:1
Saved: '/tmp/tmpzsiu18w4.png'
 Time: 00:00.21 (Saving: 00:00.01)

Fra:1 Mem:17.52M (0.00M, Peak 18.12M) | Time:00:00.04 | Mem:0.00M, Peak:0.00M | Scene, RenderLayer | Synchronizing object | Area
Fra:1 Mem:17.52M (0.00M, Peak 18.12M) | Time:00:00.04 | Mem:0.00M, Peak:0.00M | Scene, RenderLayer | Synchronizing object | Ground
Fra:1 Mem:17.59M (0.00M, Peak 18.12M) | Time:00:00.04 | Mem:0.00M, Peak:0.00M | Scene, RenderLayer | Synchronizing object | Empty
Fra:1 Mem:17.59M (0.00M, Peak 18.12M) | Time:00:00.04 | Mem:0.00M, Peak:0.00M | Scene, RenderLayer | Synchronizing object | Lamp_Back
Fra:1 Mem:17.59M (0.00M, Peak 18.12M) | Time:00:00.04 | Mem:0.00M, Peak:0.00M | Scene, RenderLayer | Synchronizing object | Lamp_Fill
Fra:1 Mem:17.59M (0.00M, Peak 18.12M) | Time:00:00.04 | Mem:0.00M, Peak:0.00M | Scene, RenderLayer | Synchronizing object | Lamp_Key
Fra:1 Mem:17.59M (0.00M, Peak 18.12M) | Time:00:00.04 | Mem:0.00M, Peak:0.00M | Scene, RenderLayer | Synchronizing object | Camera
Fra:1 Mem:17.59M (0.00M, Peak 18.12M) | Time:00:00.04 | Mem:0.00M, Peak:0.00M | Scene, RenderLayer | Synchronizing object | SmoothCylinder_0
Fra:1 Mem:20.37M (0.00M, Peak 23.59M) | Time:00:00.06 | Mem:0.00M, Peak:0.00M | Scene, RenderLayer | Synchronizing object | Sphere_0
Fra:1 Mem:21.63M (0.00M, Peak 23.59M) | Time:00:00.06 | Mem:0.00M, Peak:0.00M | Scene, RenderLayer | Synchronizing object | Sphere_1
Fra:1 Mem:22.89M (0.00M, Peak 24.39M) | Time:00:00.06 | Mem:0.00M, Peak:0.00M | Scene, RenderLayer | Initializing
Fra:1 Mem:22.89M (0.00M, Peak 24.39M) | Time:00:00.06 | Mem:0.00M, Peak:0.00M | Scene, RenderLayer | Loading render kernels (may take a few minutes the first time)
Fra:1 Mem:22.89M (0.00M, Peak 25.60M) | Time:00:00.08 | Mem:0.00M, Peak:0.00M | Scene, RenderLayer | Waiting for render to start
Fra:1 Mem:22.89M (0.00M, Peak 25.60M) | Time:00:00.08 | Mem:0.00M, Peak:0.00M | Scene, RenderLayer | Updating Scene
Fra:1 Mem:22.89M (0.00M, Peak 25.60M) | Time:00:00.08 | Mem:0.00M, Peak:0.00M | Scene, RenderLayer | Updating Shaders
Fra:1 Mem:23.15M (0.00M, Peak 25.60M) | Time:00:00.08 | Mem:0.00M, Peak:0.00M | Scene, RenderLayer | Updating Background
Fra:1 Mem:23.15M (0.00M, Peak 25.60M) | Time:00:00.08 | Mem:0.00M, Peak:0.00M | Scene, RenderLayer | Updating Camera
Fra:1 Mem:23.15M (0.00M, Peak 25.60M) | Time:00:00.08 | Mem:0.00M, Peak:0.00M | Scene, RenderLayer | Updating Meshes Flags
Fra:1 Mem:23.15M (0.00M, Peak 25.60M) | Time:00:00.08 | Mem:0.00M, Peak:0.00M | Scene, RenderLayer | Updating Objects
Fra:1 Mem:23.15M (0.00M, Peak 25.60M) | Time:00:00.08 | Mem:0.00M, Peak:0.00M | Scene, RenderLayer | Updating Objects | Copying Transformations to device
Fra:1 Mem:23.15M (0.00M, Peak 25.60M) | Time:00:00.08 | Mem:0.00M, Peak:0.00M | Scene, RenderLayer | Updating Objects | Applying Static Transformations
Fra:1 Mem:23.15M (0.00M, Peak 25.60M) | Time:00:00.08 | Mem:0.00M, Peak:0.00M | Scene, RenderLayer | Updating Meshes
Fra:1 Mem:25.12M (0.00M, Peak 25.60M) | Time:00:00.09 | Mem:0.00M, Peak:0.00M | Scene, RenderLayer | Updating Mesh | Computing attributes
Fra:1 Mem:25.12M (0.00M, Peak 25.60M) | Time:00:00.09 | Mem:0.00M, Peak:0.00M | Scene, RenderLayer | Updating Mesh | Copying Attributes to device
Fra:1 Mem:25.12M (0.00M, Peak 25.60M) | Time:00:00.09 | Mem:0.00M, Peak:0.00M | Scene, RenderLayer | Updating Scene BVH | Building
Fra:1 Mem:25.12M (0.00M, Peak 25.60M) | Time:00:00.09 | Mem:0.00M, Peak:0.00M | Scene, RenderLayer | Updating Scene BVH | Building BVH
Fra:1 Mem:32.50M (0.00M, Peak 32.50M) | Time:00:00.17 | Mem:0.00M, Peak:0.00M | Scene, RenderLayer | Updating Scene BVH | Packing BVH triangles and strands
Fra:1 Mem:39.39M (0.00M, Peak 39.39M) | Time:00:00.18 | Mem:0.00M, Peak:0.00M | Scene, RenderLayer | Updating Scene BVH | Packing BVH nodes
Fra:1 Mem:35.52M (0.00M, Peak 41.43M) | Time:00:00.19 | Mem:0.00M, Peak:0.00M | Scene, RenderLayer | Updating Scene BVH | Copying BVH to device
Fra:1 Mem:36.01M (0.00M, Peak 41.43M) | Time:00:00.19 | Mem:10.41M, Peak:10.41M | Scene, RenderLayer | Updating Mesh | Computing normals
Fra:1 Mem:40.50M (0.00M, Peak 41.43M) | Time:00:00.20 | Mem:10.41M, Peak:10.41M | Scene, RenderLayer | Updating Mesh | Copying Mesh to device
Fra:1 Mem:40.01M (0.00M, Peak 41.43M) | Time:00:00.20 | Mem:14.89M, Peak:14.89M | Scene, RenderLayer | Updating Objects Flags
Fra:1 Mem:40.01M (0.00M, Peak 41.43M) | Time:00:00.20 | Mem:14.89M, Peak:14.89M | Scene, RenderLayer | Updating Images
Fra:1 Mem:40.01M (0.00M, Peak 41.43M) | Time:00:00.20 | Mem:14.89M, Peak:14.89M | Scene, RenderLayer | Updating Camera Volume
Fra:1 Mem:40.01M (0.00M, Peak 41.43M) | Time:00:00.20 | Mem:14.89M, Peak:14.89M | Scene, RenderLayer | Updating Hair Systems
Fra:1 Mem:40.01M (0.00M, Peak 41.43M) | Time:00:00.20 | Mem:14.89M, Peak:14.89M | Scene, RenderLayer | Updating Hair settings | Copying Hair settings to device
Fra:1 Mem:40.01M (0.00M, Peak 41.43M) | Time:00:00.20 | Mem:14.89M, Peak:14.89M | Scene, RenderLayer | Updating Lookup Tables
Fra:1 Mem:40.01M (0.00M, Peak 41.43M) | Time:00:00.20 | Mem:15.14M, Peak:15.14M | Scene, RenderLayer | Updating Lights
Fra:1 Mem:40.01M (0.00M, Peak 41.43M) | Time:00:00.20 | Mem:15.14M, Peak:15.14M | Scene, RenderLayer | Updating Lights | Computing distribution
Fra:1 Mem:40.01M (0.00M, Peak 41.43M) | Time:00:00.20 | Mem:15.14M, Peak:15.14M | Scene, RenderLayer | Updating Particle Systems
Fra:1 Mem:40.01M (0.00M, Peak 41.43M) | Time:00:00.20 | Mem:15.14M, Peak:15.14M | Scene, RenderLayer | Updating Particle Systems | Copying Particles to device
Fra:1 Mem:40.01M (0.00M, Peak 41.43M) | Time:00:00.20 | Mem:15.14M, Peak:15.14M | Scene, RenderLayer | Updating Integrator
Fra:1 Mem:40.05M (0.00M, Peak 41.43M) | Time:00:00.20 | Mem:15.18M, Peak:15.18M | Scene, RenderLayer | Updating Film
Fra:1 Mem:40.05M (0.00M, Peak 41.43M) | Time:00:00.20 | Mem:15.18M, Peak:15.18M | Scene, RenderLayer | Updating Lookup Tables
Fra:1 Mem:40.05M (0.00M, Peak 41.43M) | Time:00:00.20 | Mem:15.19M, Peak:15.19M | Scene, RenderLayer | Updating Baking
Fra:1 Mem:40.05M (0.00M, Peak 41.43M) | Time:00:00.20 | Mem:15.19M, Peak:15.19M | Scene, RenderLayer | Updating Device | Writing constant memory
Fra:1 Mem:40.05M (0.00M, Peak 41.43M) | Time:00:00.20 | Mem:15.19M, Peak:15.19M | Scene, RenderLayer | Path Tracing Tile 0/4, Sample 0/512
Fra:1 Mem:42.30M (0.00M, Peak 43.55M) | Time:00:00.20 | Mem:17.44M, Peak:17.44M | Scene, RenderLayer | Path Tracing Tile 1/4, Sample 0/512
Fra:1 Mem:42.30M (0.00M, Peak 44.55M) | Time:00:01.21 | Remaining:00:11.78 | Mem:17.44M, Peak:17.44M | Scene, RenderLayer | Path Tracing Tile 1/4, Sample 95/512
Fra:1 Mem:42.30M (0.00M, Peak 44.55M) | Time:00:02.22 | Remaining:00:10.73 | Mem:17.44M, Peak:17.44M | Scene, RenderLayer | Path Tracing Tile 1/4, Sample 190/512
Fra:1 Mem:42.30M (0.00M, Peak 44.55M) | Time:00:03.23 | Remaining:00:09.72 | Mem:17.44M, Peak:17.44M | Scene, RenderLayer | Path Tracing Tile 1/4, Sample 285/512
Fra:1 Mem:42.30M (0.00M, Peak 44.55M) | Time:00:04.23 | Remaining:00:08.73 | Mem:17.44M, Peak:17.44M | Scene, RenderLayer | Path Tracing Tile 1/4, Sample 379/512
Fra:1 Mem:42.30M (0.00M, Peak 44.55M) | Time:00:05.23 | Remaining:00:07.73 | Mem:17.44M, Peak:17.44M | Scene, RenderLayer | Path Tracing Tile 1/4, Sample 473/512
Fra:1 Mem:40.05M (0.00M, Peak 44.55M) | Time:00:05.65 | Remaining:00:07.33 | Mem:15.19M, Peak:17.44M | Scene, RenderLayer | Path Tracing Tile 1/4, Sample 512/512
Fra:1 Mem:42.02M (0.00M, Peak 44.55M) | Time:00:05.66 | Remaining:00:07.33 | Mem:17.16M, Peak:17.44M | Scene, RenderLayer | Path Tracing Tile 2/4, Sample 512/512
Fra:1 Mem:42.02M (0.00M, Peak 44.55M) | Time:00:06.23 | Remaining:00:06.85 | Mem:17.16M, Peak:17.44M | Scene, RenderLayer | Path Tracing Tile 2/4, Sample 57/512
Fra:1 Mem:42.02M (0.00M, Peak 44.55M) | Time:00:07.24 | Remaining:00:05.98 | Mem:17.16M, Peak:17.44M | Scene, RenderLayer | Path Tracing Tile 2/4, Sample 156/512
Fra:1 Mem:42.02M (0.00M, Peak 44.55M) | Time:00:08.24 | Remaining:00:05.08 | Mem:17.16M, Peak:17.44M | Scene, RenderLayer | Path Tracing Tile 2/4, Sample 255/512
Fra:1 Mem:42.02M (0.00M, Peak 44.55M) | Time:00:09.25 | Remaining:00:04.16 | Mem:17.16M, Peak:17.44M | Scene, RenderLayer | Path Tracing Tile 2/4, Sample 354/512
Fra:1 Mem:42.02M (0.00M, Peak 44.55M) | Time:00:10.25 | Remaining:00:03.24 | Mem:17.16M, Peak:17.44M | Scene, RenderLayer | Path Tracing Tile 2/4, Sample 452/512
Fra:1 Mem:40.05M (0.00M, Peak 44.55M) | Time:00:10.87 | Remaining:00:02.66 | Mem:15.19M, Peak:17.44M | Scene, RenderLayer | Path Tracing Tile 2/4, Sample 512/512
Fra:1 Mem:40.61M (0.00M, Peak 44.55M) | Time:00:10.87 | Remaining:00:02.66 | Mem:15.75M, Peak:17.44M | Scene, RenderLayer | Path Tracing Tile 3/4, Sample 512/512
Fra:1 Mem:40.61M (0.00M, Peak 44.55M) | Time:00:11.26 | Remaining:00:02.44 | Mem:15.75M, Peak:17.44M | Scene, RenderLayer | Path Tracing Tile 3/4, Sample 90/512
Fra:1 Mem:40.61M (0.00M, Peak 44.55M) | Time:00:12.26 | Remaining:00:01.84 | Mem:15.75M, Peak:17.44M | Scene, RenderLayer | Path Tracing Tile 3/4, Sample 324/512
Fra:1 Mem:40.05M (0.00M, Peak 44.55M) | Time:00:13.07 | Remaining:00:01.32 | Mem:15.19M, Peak:17.44M | Scene, RenderLayer | Path Tracing Tile 3/4, Sample 512/512
Fra:1 Mem:40.54M (0.00M, Peak 44.55M) | Time:00:13.07 | Remaining:00:01.32 | Mem:15.68M, Peak:17.44M | Scene, RenderLayer | Path Tracing Tile 4/4, Sample 512/512
Fra:1 Mem:40.54M (0.00M, Peak 44.55M) | Time:00:13.26 | Remaining:00:01.20 | Mem:15.68M, Peak:17.44M | Scene, RenderLayer | Path Tracing Tile 4/4, Sample 49/512
Fra:1 Mem:40.54M (0.00M, Peak 44.55M) | Time:00:14.26 | Remaining:00:00.55 | Mem:15.68M, Peak:17.44M | Scene, RenderLayer | Path Tracing Tile 4/4, Sample 302/512
Fra:1 Mem:40.05M (0.00M, Peak 44.55M) | Time:00:15.09 | Mem:15.19M, Peak:17.44M | Scene, RenderLayer | Path Tracing Tile 4/4, Sample 512/512
Fra:1 Mem:40.05M (0.00M, Peak 44.55M) | Time:00:15.09 | Mem:15.19M, Peak:17.44M | Scene, RenderLayer | Finished
Fra:1 Mem:17.52M (0.00M, Peak 44.55M) | Time:00:15.17 | Sce: Scene Ve:0 Fa:0 La:0
Saved: 'data/clevr-cleaned-puzzles/aphaeresis/render/images/CLEVR_val_000001.png'
 Time: 00:15.21 (Saving: 00:00.03)

read blend: /home/ubuntu/vdp-tool-chain/data/clevr_scene_data/base_scene.blend
convertViewVec: called in an invalid context
convertViewVec: called in an invalid context
convertViewVec: called in an invalid context
convertViewVec: called in an invalid context
Fra:1 Mem:15.22M (0.00M, Peak 15.22M) | Time:00:00.00 | Preparing Scene data
Fra:1 Mem:21.35M (0.00M, Peak 22.14M) | Time:00:00.01 | Preparing Scene data
Fra:1 Mem:21.35M (0.00M, Peak 22.14M) | Time:00:00.01 | Creating Shadowbuffers
Fra:1 Mem:21.35M (0.00M, Peak 22.14M) | Time:00:00.01 | Raytree.. preparing
Fra:1 Mem:27.81M (0.00M, Peak 27.81M) | Time:00:00.01 | Raytree.. building
Fra:1 Mem:27.47M (0.00M, Peak 37.55M) | Time:00:00.11 | Raytree finished
Fra:1 Mem:27.47M (0.00M, Peak 37.55M) | Time:00:00.11 | Creating Environment maps
Fra:1 Mem:27.47M (0.00M, Peak 37.55M) | Time:00:00.11 | Caching Point Densities
Fra:1 Mem:27.47M (0.00M, Peak 37.55M) | Time:00:00.11 | Sce: Scene Ve:46586 Fa:47005 La:1
Fra:1 Mem:27.47M (0.00M, Peak 37.55M) | Time:00:00.11 | Loading voxel datasets
Fra:1 Mem:27.47M (0.00M, Peak 37.55M) | Time:00:00.11 | Sce: Scene Ve:46586 Fa:47005 La:1
Fra:1 Mem:27.47M (0.00M, Peak 37.55M) | Time:00:00.11 | Sce: Scene Ve:46586 Fa:47005 La:1
Fra:1 Mem:27.47M (0.00M, Peak 37.55M) | Time:00:00.11 | Volume preprocessing
Fra:1 Mem:27.47M (0.00M, Peak 37.55M) | Time:00:00.11 | Sce: Scene Ve:46586 Fa:47005 La:1
Fra:1 Mem:27.47M (0.00M, Peak 37.55M) | Time:00:00.11 | Sce: Scene Ve:46586 Fa:47005 La:1
Fra:1 Mem:31.54M (0.00M, Peak 37.55M) | Time:00:00.12 | Scene, Part 3-4
Fra:1 Mem:31.50M (0.00M, Peak 37.55M) | Time:00:00.12 | Scene, Part 4-4
Fra:1 Mem:30.57M (0.00M, Peak 37.55M) | Time:00:00.12 | Scene, Part 2-4
Fra:1 Mem:28.73M (0.00M, Peak 37.55M) | Time:00:00.13 | Scene, Part 1-4
Fra:1 Mem:15.07M (0.00M, Peak 37.55M) | Time:00:00.13 | Sce: Scene Ve:46586 Fa:47005 La:1
Saved: '/tmp/tmpr25tcd0j.png'
 Time: 00:00.15 (Saving: 00:00.01)

Fra:1 Mem:15.10M (0.00M, Peak 15.70M) | Time:00:00.04 | Mem:0.00M, Peak:0.00M | Scene, RenderLayer | Synchronizing object | Area
Fra:1 Mem:15.10M (0.00M, Peak 15.70M) | Time:00:00.04 | Mem:0.00M, Peak:0.00M | Scene, RenderLayer | Synchronizing object | Ground
Fra:1 Mem:15.17M (0.00M, Peak 15.70M) | Time:00:00.04 | Mem:0.00M, Peak:0.00M | Scene, RenderLayer | Synchronizing object | Empty
Fra:1 Mem:15.17M (0.00M, Peak 15.70M) | Time:00:00.04 | Mem:0.00M, Peak:0.00M | Scene, RenderLayer | Synchronizing object | Lamp_Back
Fra:1 Mem:15.17M (0.00M, Peak 15.70M) | Time:00:00.04 | Mem:0.00M, Peak:0.00M | Scene, RenderLayer | Synchronizing object | Lamp_Fill
Fra:1 Mem:15.17M (0.00M, Peak 15.70M) | Time:00:00.04 | Mem:0.00M, Peak:0.00M | Scene, RenderLayer | Synchronizing object | Lamp_Key
Fra:1 Mem:15.17M (0.00M, Peak 15.70M) | Time:00:00.04 | Mem:0.00M, Peak:0.00M | Scene, RenderLayer | Synchronizing object | Camera
Fra:1 Mem:15.17M (0.00M, Peak 15.70M) | Time:00:00.04 | Mem:0.00M, Peak:0.00M | Scene, RenderLayer | Synchronizing object | SmoothCube_v2_0
Fra:1 Mem:15.48M (0.00M, Peak 15.85M) | Time:00:00.04 | Mem:0.00M, Peak:0.00M | Scene, RenderLayer | Synchronizing object | SmoothCylinder_0
Fra:1 Mem:18.26M (0.00M, Peak 21.48M) | Time:00:00.05 | Mem:0.00M, Peak:0.00M | Scene, RenderLayer | Synchronizing object | SmoothCube_v2_1
Fra:1 Mem:18.57M (0.00M, Peak 21.48M) | Time:00:00.05 | Mem:0.00M, Peak:0.00M | Scene, RenderLayer | Synchronizing object | SmoothCube_v2_2
Fra:1 Mem:18.88M (0.00M, Peak 21.48M) | Time:00:00.06 | Mem:0.00M, Peak:0.00M | Scene, RenderLayer | Initializing
Fra:1 Mem:18.88M (0.00M, Peak 21.48M) | Time:00:00.06 | Mem:0.00M, Peak:0.00M | Scene, RenderLayer | Loading render kernels (may take a few minutes the first time)
Fra:1 Mem:18.88M (0.00M, Peak 21.58M) | Time:00:00.07 | Mem:0.00M, Peak:0.00M | Scene, RenderLayer | Waiting for render to start
Fra:1 Mem:18.88M (0.00M, Peak 21.58M) | Time:00:00.07 | Mem:0.00M, Peak:0.00M | Scene, RenderLayer | Updating Scene
Fra:1 Mem:18.88M (0.00M, Peak 21.58M) | Time:00:00.07 | Mem:0.00M, Peak:0.00M | Scene, RenderLayer | Updating Shaders
Fra:1 Mem:19.13M (0.00M, Peak 21.58M) | Time:00:00.07 | Mem:0.00M, Peak:0.00M | Scene, RenderLayer | Updating Background
Fra:1 Mem:19.13M (0.00M, Peak 21.58M) | Time:00:00.07 | Mem:0.00M, Peak:0.00M | Scene, RenderLayer | Updating Camera
Fra:1 Mem:19.13M (0.00M, Peak 21.58M) | Time:00:00.07 | Mem:0.00M, Peak:0.00M | Scene, RenderLayer | Updating Meshes Flags
Fra:1 Mem:19.13M (0.00M, Peak 21.58M) | Time:00:00.07 | Mem:0.00M, Peak:0.00M | Scene, RenderLayer | Updating Objects
Fra:1 Mem:19.13M (0.00M, Peak 21.58M) | Time:00:00.07 | Mem:0.00M, Peak:0.00M | Scene, RenderLayer | Updating Objects | Copying Transformations to device
Fra:1 Mem:19.13M (0.00M, Peak 21.58M) | Time:00:00.07 | Mem:0.00M, Peak:0.00M | Scene, RenderLayer | Updating Objects | Applying Static Transformations
Fra:1 Mem:19.13M (0.00M, Peak 21.58M) | Time:00:00.07 | Mem:0.00M, Peak:0.00M | Scene, RenderLayer | Updating Meshes
Fra:1 Mem:20.51M (0.00M, Peak 21.58M) | Time:00:00.07 | Mem:0.00M, Peak:0.00M | Scene, RenderLayer | Updating Mesh | Computing attributes
Fra:1 Mem:20.51M (0.00M, Peak 21.58M) | Time:00:00.07 | Mem:0.00M, Peak:0.00M | Scene, RenderLayer | Updating Mesh | Copying Attributes to device
Fra:1 Mem:20.51M (0.00M, Peak 21.58M) | Time:00:00.07 | Mem:0.00M, Peak:0.00M | Scene, RenderLayer | Updating Scene BVH | Building
Fra:1 Mem:20.51M (0.00M, Peak 21.58M) | Time:00:00.07 | Mem:0.00M, Peak:0.00M | Scene, RenderLayer | Updating Scene BVH | Building BVH
Fra:1 Mem:25.66M (0.00M, Peak 25.66M) | Time:00:00.14 | Mem:0.00M, Peak:0.00M | Scene, RenderLayer | Updating Scene BVH | Packing BVH triangles and strands
Fra:1 Mem:30.47M (0.00M, Peak 30.47M) | Time:00:00.15 | Mem:0.00M, Peak:0.00M | Scene, RenderLayer | Updating Scene BVH | Packing BVH nodes
Fra:1 Mem:27.80M (0.00M, Peak 31.92M) | Time:00:00.15 | Mem:0.00M, Peak:0.00M | Scene, RenderLayer | Updating Scene BVH | Copying BVH to device
Fra:1 Mem:28.14M (0.00M, Peak 31.92M) | Time:00:00.15 | Mem:7.29M, Peak:7.29M | Scene, RenderLayer | Updating Mesh | Computing normals
Fra:1 Mem:31.29M (0.00M, Peak 31.92M) | Time:00:00.16 | Mem:7.29M, Peak:7.29M | Scene, RenderLayer | Updating Mesh | Copying Mesh to device
Fra:1 Mem:30.95M (0.00M, Peak 31.92M) | Time:00:00.16 | Mem:10.44M, Peak:10.44M | Scene, RenderLayer | Updating Objects Flags
Fra:1 Mem:30.95M (0.00M, Peak 31.92M) | Time:00:00.16 | Mem:10.44M, Peak:10.44M | Scene, RenderLayer | Updating Images
Fra:1 Mem:30.95M (0.00M, Peak 31.92M) | Time:00:00.16 | Mem:10.44M, Peak:10.44M | Scene, RenderLayer | Updating Camera Volume
Fra:1 Mem:30.95M (0.00M, Peak 31.92M) | Time:00:00.16 | Mem:10.44M, Peak:10.44M | Scene, RenderLayer | Updating Hair Systems
Fra:1 Mem:30.95M (0.00M, Peak 31.92M) | Time:00:00.16 | Mem:10.44M, Peak:10.44M | Scene, RenderLayer | Updating Hair settings | Copying Hair settings to device
Fra:1 Mem:30.95M (0.00M, Peak 31.92M) | Time:00:00.16 | Mem:10.44M, Peak:10.44M | Scene, RenderLayer | Updating Lookup Tables
Fra:1 Mem:30.95M (0.00M, Peak 31.92M) | Time:00:00.16 | Mem:10.69M, Peak:10.69M | Scene, RenderLayer | Updating Lights
Fra:1 Mem:30.95M (0.00M, Peak 31.92M) | Time:00:00.16 | Mem:10.69M, Peak:10.69M | Scene, RenderLayer | Updating Lights | Computing distribution
Fra:1 Mem:30.95M (0.00M, Peak 31.92M) | Time:00:00.16 | Mem:10.69M, Peak:10.69M | Scene, RenderLayer | Updating Particle Systems
Fra:1 Mem:30.95M (0.00M, Peak 31.92M) | Time:00:00.16 | Mem:10.69M, Peak:10.69M | Scene, RenderLayer | Updating Particle Systems | Copying Particles to device
Fra:1 Mem:30.95M (0.00M, Peak 31.92M) | Time:00:00.16 | Mem:10.69M, Peak:10.69M | Scene, RenderLayer | Updating Integrator
Fra:1 Mem:30.99M (0.00M, Peak 31.92M) | Time:00:00.16 | Mem:10.74M, Peak:10.74M | Scene, RenderLayer | Updating Film
Fra:1 Mem:30.99M (0.00M, Peak 31.92M) | Time:00:00.16 | Mem:10.74M, Peak:10.74M | Scene, RenderLayer | Updating Lookup Tables
Fra:1 Mem:30.99M (0.00M, Peak 31.92M) | Time:00:00.16 | Mem:10.74M, Peak:10.74M | Scene, RenderLayer | Updating Baking
Fra:1 Mem:30.99M (0.00M, Peak 31.92M) | Time:00:00.16 | Mem:10.74M, Peak:10.74M | Scene, RenderLayer | Updating Device | Writing constant memory
Fra:1 Mem:30.99M (0.00M, Peak 31.92M) | Time:00:00.16 | Mem:10.74M, Peak:10.74M | Scene, RenderLayer | Path Tracing Tile 0/4, Sample 0/512
Fra:1 Mem:33.24M (0.00M, Peak 34.49M) | Time:00:00.16 | Mem:12.99M, Peak:12.99M | Scene, RenderLayer | Path Tracing Tile 1/4, Sample 0/512
Fra:1 Mem:33.24M (0.00M, Peak 35.49M) | Time:00:01.17 | Remaining:00:10.88 | Mem:12.99M, Peak:12.99M | Scene, RenderLayer | Path Tracing Tile 1/4, Sample 102/512
Fra:1 Mem:33.24M (0.00M, Peak 35.49M) | Time:00:02.18 | Remaining:00:09.84 | Mem:12.99M, Peak:12.99M | Scene, RenderLayer | Path Tracing Tile 1/4, Sample 204/512
Fra:1 Mem:33.24M (0.00M, Peak 35.49M) | Time:00:03.18 | Remaining:00:08.83 | Mem:12.99M, Peak:12.99M | Scene, RenderLayer | Path Tracing Tile 1/4, Sample 306/512
Fra:1 Mem:33.24M (0.00M, Peak 35.49M) | Time:00:04.19 | Remaining:00:07.84 | Mem:12.99M, Peak:12.99M | Scene, RenderLayer | Path Tracing Tile 1/4, Sample 407/512
Fra:1 Mem:33.24M (0.00M, Peak 35.49M) | Time:00:05.19 | Remaining:00:06.85 | Mem:12.99M, Peak:12.99M | Scene, RenderLayer | Path Tracing Tile 1/4, Sample 508/512
Fra:1 Mem:30.99M (0.00M, Peak 35.49M) | Time:00:05.24 | Remaining:00:06.82 | Mem:10.74M, Peak:12.99M | Scene, RenderLayer | Path Tracing Tile 1/4, Sample 512/512
Fra:1 Mem:32.96M (0.00M, Peak 35.49M) | Time:00:05.24 | Remaining:00:06.82 | Mem:12.71M, Peak:12.99M | Scene, RenderLayer | Path Tracing Tile 2/4, Sample 512/512
Fra:1 Mem:32.96M (0.00M, Peak 35.49M) | Time:00:06.20 | Remaining:00:05.79 | Mem:12.71M, Peak:12.99M | Scene, RenderLayer | Path Tracing Tile 2/4, Sample 115/512
Fra:1 Mem:32.96M (0.00M, Peak 35.49M) | Time:00:07.20 | Remaining:00:04.73 | Mem:12.71M, Peak:12.99M | Scene, RenderLayer | Path Tracing Tile 2/4, Sample 235/512
Fra:1 Mem:32.96M (0.00M, Peak 35.49M) | Time:00:08.20 | Remaining:00:03.70 | Mem:12.71M, Peak:12.99M | Scene, RenderLayer | Path Tracing Tile 2/4, Sample 354/512
Fra:1 Mem:32.96M (0.00M, Peak 35.49M) | Time:00:09.21 | Remaining:00:02.67 | Mem:12.71M, Peak:12.99M | Scene, RenderLayer | Path Tracing Tile 2/4, Sample 473/512
Fra:1 Mem:30.99M (0.00M, Peak 35.49M) | Time:00:09.54 | Remaining:00:02.34 | Mem:10.74M, Peak:12.99M | Scene, RenderLayer | Path Tracing Tile 2/4, Sample 512/512
Fra:1 Mem:31.55M (0.00M, Peak 35.49M) | Time:00:09.54 | Remaining:00:02.34 | Mem:11.30M, Peak:12.99M | Scene, RenderLayer | Path Tracing Tile 3/4, Sample 512/512
Fra:1 Mem:31.55M (0.00M, Peak 35.49M) | Time:00:10.21 | Remaining:00:02.01 | Mem:11.30M, Peak:12.99M | Scene, RenderLayer | Path Tracing Tile 3/4, Sample 159/512
Fra:1 Mem:31.55M (0.00M, Peak 35.49M) | Time:00:11.21 | Remaining:00:01.47 | Mem:11.30M, Peak:12.99M | Scene, RenderLayer | Path Tracing Tile 3/4, Sample 395/512
Fra:1 Mem:30.99M (0.00M, Peak 35.49M) | Time:00:11.71 | Remaining:00:01.18 | Mem:10.74M, Peak:12.99M | Scene, RenderLayer | Path Tracing Tile 3/4, Sample 512/512
Fra:1 Mem:31.48M (0.00M, Peak 35.49M) | Time:00:11.71 | Remaining:00:01.18 | Mem:11.23M, Peak:12.99M | Scene, RenderLayer | Path Tracing Tile 4/4, Sample 512/512
Fra:1 Mem:31.48M (0.00M, Peak 35.49M) | Time:00:12.21 | Remaining:00:00.90 | Mem:11.23M, Peak:12.99M | Scene, RenderLayer | Path Tracing Tile 4/4, Sample 128/512
Fra:1 Mem:31.48M (0.00M, Peak 35.49M) | Time:00:13.22 | Remaining:00:00.32 | Mem:11.23M, Peak:12.99M | Scene, RenderLayer | Path Tracing Tile 4/4, Sample 380/512
Fra:1 Mem:30.99M (0.00M, Peak 35.49M) | Time:00:13.74 | Mem:10.74M, Peak:12.99M | Scene, RenderLayer | Path Tracing Tile 4/4, Sample 512/512
Fra:1 Mem:30.99M (0.00M, Peak 35.49M) | Time:00:13.74 | Mem:10.74M, Peak:12.99M | Scene, RenderLayer | Finished
Fra:1 Mem:15.10M (0.00M, Peak 35.49M) | Time:00:13.82 | Sce: Scene Ve:0 Fa:0 La:0
Saved: 'data/clevr-cleaned-puzzles/aphaeresis/render/images/CLEVR_val_000002.png'
 Time: 00:13.86 (Saving: 00:00.03)

read blend: /home/ubuntu/vdp-tool-chain/data/clevr_scene_data/base_scene.blend
convertViewVec: called in an invalid context
convertViewVec: called in an invalid context
convertViewVec: called in an invalid context
Fra:1 Mem:14.70M (0.00M, Peak 14.70M) | Time:00:00.00 | Preparing Scene data
Fra:1 Mem:20.15M (0.00M, Peak 20.93M) | Time:00:00.01 | Preparing Scene data
Fra:1 Mem:20.15M (0.00M, Peak 20.93M) | Time:00:00.01 | Creating Shadowbuffers
Fra:1 Mem:20.15M (0.00M, Peak 20.93M) | Time:00:00.01 | Raytree.. preparing
Fra:1 Mem:25.97M (0.00M, Peak 25.97M) | Time:00:00.01 | Raytree.. building
Fra:1 Mem:25.66M (0.00M, Peak 34.76M) | Time:00:00.10 | Raytree finished
Fra:1 Mem:25.66M (0.00M, Peak 34.76M) | Time:00:00.10 | Creating Environment maps
Fra:1 Mem:25.66M (0.00M, Peak 34.76M) | Time:00:00.10 | Caching Point Densities
Fra:1 Mem:25.66M (0.00M, Peak 34.76M) | Time:00:00.10 | Sce: Scene Ve:42834 Fa:42382 La:1
Fra:1 Mem:25.66M (0.00M, Peak 34.76M) | Time:00:00.10 | Loading voxel datasets
Fra:1 Mem:25.66M (0.00M, Peak 34.76M) | Time:00:00.10 | Sce: Scene Ve:42834 Fa:42382 La:1
Fra:1 Mem:25.67M (0.00M, Peak 34.76M) | Time:00:00.10 | Sce: Scene Ve:42834 Fa:42382 La:1
Fra:1 Mem:25.67M (0.00M, Peak 34.76M) | Time:00:00.10 | Volume preprocessing
Fra:1 Mem:25.67M (0.00M, Peak 34.76M) | Time:00:00.10 | Sce: Scene Ve:42834 Fa:42382 La:1
Fra:1 Mem:25.67M (0.00M, Peak 34.76M) | Time:00:00.10 | Sce: Scene Ve:42834 Fa:42382 La:1
Fra:1 Mem:29.74M (0.00M, Peak 34.76M) | Time:00:00.11 | Scene, Part 3-4
Fra:1 Mem:29.70M (0.00M, Peak 34.76M) | Time:00:00.11 | Scene, Part 4-4
Fra:1 Mem:28.77M (0.00M, Peak 34.76M) | Time:00:00.12 | Scene, Part 2-4
Fra:1 Mem:26.92M (0.00M, Peak 34.76M) | Time:00:00.12 | Scene, Part 1-4
Fra:1 Mem:14.58M (0.00M, Peak 34.76M) | Time:00:00.12 | Sce: Scene Ve:42834 Fa:42382 La:1
Saved: '/tmp/tmp4gxs66jd.png'
 Time: 00:00.14 (Saving: 00:00.01)

Fra:1 Mem:14.61M (0.00M, Peak 15.21M) | Time:00:00.04 | Mem:0.00M, Peak:0.00M | Scene, RenderLayer | Synchronizing object | Area
Fra:1 Mem:14.61M (0.00M, Peak 15.21M) | Time:00:00.04 | Mem:0.00M, Peak:0.00M | Scene, RenderLayer | Synchronizing object | Ground
Fra:1 Mem:14.68M (0.00M, Peak 15.21M) | Time:00:00.04 | Mem:0.00M, Peak:0.00M | Scene, RenderLayer | Synchronizing object | Empty
Fra:1 Mem:14.68M (0.00M, Peak 15.21M) | Time:00:00.04 | Mem:0.00M, Peak:0.00M | Scene, RenderLayer | Synchronizing object | Lamp_Back
Fra:1 Mem:14.68M (0.00M, Peak 15.21M) | Time:00:00.04 | Mem:0.00M, Peak:0.00M | Scene, RenderLayer | Synchronizing object | Lamp_Fill
Fra:1 Mem:14.68M (0.00M, Peak 15.21M) | Time:00:00.04 | Mem:0.00M, Peak:0.00M | Scene, RenderLayer | Synchronizing object | Lamp_Key
Fra:1 Mem:14.68M (0.00M, Peak 15.21M) | Time:00:00.04 | Mem:0.00M, Peak:0.00M | Scene, RenderLayer | Synchronizing object | Camera
Fra:1 Mem:14.68M (0.00M, Peak 15.21M) | Time:00:00.04 | Mem:0.00M, Peak:0.00M | Scene, RenderLayer | Synchronizing object | SmoothCylinder_0
Fra:1 Mem:17.46M (0.00M, Peak 20.68M) | Time:00:00.05 | Mem:0.00M, Peak:0.00M | Scene, RenderLayer | Synchronizing object | SmoothCube_v2_0
Fra:1 Mem:17.83M (0.00M, Peak 20.68M) | Time:00:00.05 | Mem:0.00M, Peak:0.00M | Scene, RenderLayer | Synchronizing object | SmoothCube_v2_1
Fra:1 Mem:18.19M (0.00M, Peak 20.68M) | Time:00:00.05 | Mem:0.00M, Peak:0.00M | Scene, RenderLayer | Initializing
Fra:1 Mem:18.19M (0.00M, Peak 20.68M) | Time:00:00.05 | Mem:0.00M, Peak:0.00M | Scene, RenderLayer | Loading render kernels (may take a few minutes the first time)
Fra:1 Mem:18.19M (0.00M, Peak 20.90M) | Time:00:00.07 | Mem:0.00M, Peak:0.00M | Scene, RenderLayer | Waiting for render to start
Fra:1 Mem:18.19M (0.00M, Peak 20.90M) | Time:00:00.07 | Mem:0.00M, Peak:0.00M | Scene, RenderLayer | Updating Scene
Fra:1 Mem:18.19M (0.00M, Peak 20.90M) | Time:00:00.07 | Mem:0.00M, Peak:0.00M | Scene, RenderLayer | Updating Shaders
Fra:1 Mem:18.45M (0.00M, Peak 20.90M) | Time:00:00.07 | Mem:0.00M, Peak:0.00M | Scene, RenderLayer | Updating Background
Fra:1 Mem:18.45M (0.00M, Peak 20.90M) | Time:00:00.07 | Mem:0.00M, Peak:0.00M | Scene, RenderLayer | Updating Camera
Fra:1 Mem:18.45M (0.00M, Peak 20.90M) | Time:00:00.07 | Mem:0.00M, Peak:0.00M | Scene, RenderLayer | Updating Meshes Flags
Fra:1 Mem:18.45M (0.00M, Peak 20.90M) | Time:00:00.07 | Mem:0.00M, Peak:0.00M | Scene, RenderLayer | Updating Objects
Fra:1 Mem:18.45M (0.00M, Peak 20.90M) | Time:00:00.07 | Mem:0.00M, Peak:0.00M | Scene, RenderLayer | Updating Objects | Copying Transformations to device
Fra:1 Mem:18.45M (0.00M, Peak 20.90M) | Time:00:00.07 | Mem:0.00M, Peak:0.00M | Scene, RenderLayer | Updating Objects | Applying Static Transformations
Fra:1 Mem:18.45M (0.00M, Peak 20.90M) | Time:00:00.07 | Mem:0.00M, Peak:0.00M | Scene, RenderLayer | Updating Meshes
Fra:1 Mem:19.71M (0.00M, Peak 20.90M) | Time:00:00.07 | Mem:0.00M, Peak:0.00M | Scene, RenderLayer | Updating Mesh | Computing attributes
Fra:1 Mem:19.82M (0.00M, Peak 20.90M) | Time:00:00.07 | Mem:0.00M, Peak:0.00M | Scene, RenderLayer | Updating Mesh | Copying Attributes to device
Fra:1 Mem:19.82M (0.00M, Peak 20.90M) | Time:00:00.07 | Mem:0.12M, Peak:0.12M | Scene, RenderLayer | Updating Scene BVH | Building
Fra:1 Mem:19.82M (0.00M, Peak 20.90M) | Time:00:00.07 | Mem:0.12M, Peak:0.12M | Scene, RenderLayer | Updating Scene BVH | Building BVH
Fra:1 Mem:24.55M (0.00M, Peak 24.55M) | Time:00:00.13 | Mem:0.12M, Peak:0.12M | Scene, RenderLayer | Updating Scene BVH | Packing BVH triangles and strands
Fra:1 Mem:28.95M (0.00M, Peak 28.95M) | Time:00:00.14 | Mem:0.12M, Peak:0.12M | Scene, RenderLayer | Updating Scene BVH | Packing BVH nodes
Fra:1 Mem:26.52M (0.00M, Peak 30.30M) | Time:00:00.14 | Mem:0.12M, Peak:0.12M | Scene, RenderLayer | Updating Scene BVH | Copying BVH to device
Fra:1 Mem:26.83M (0.00M, Peak 30.30M) | Time:00:00.14 | Mem:6.81M, Peak:6.81M | Scene, RenderLayer | Updating Mesh | Computing normals
Fra:1 Mem:29.72M (0.00M, Peak 30.30M) | Time:00:00.15 | Mem:6.81M, Peak:6.81M | Scene, RenderLayer | Updating Mesh | Copying Mesh to device
Fra:1 Mem:29.41M (0.00M, Peak 30.30M) | Time:00:00.15 | Mem:9.70M, Peak:9.70M | Scene, RenderLayer | Updating Objects Flags
Fra:1 Mem:29.41M (0.00M, Peak 30.30M) | Time:00:00.15 | Mem:9.70M, Peak:9.70M | Scene, RenderLayer | Updating Images
Fra:1 Mem:29.41M (0.00M, Peak 30.30M) | Time:00:00.15 | Mem:9.70M, Peak:9.70M | Scene, RenderLayer | Updating Camera Volume
Fra:1 Mem:29.41M (0.00M, Peak 30.30M) | Time:00:00.15 | Mem:9.70M, Peak:9.70M | Scene, RenderLayer | Updating Hair Systems
Fra:1 Mem:29.41M (0.00M, Peak 30.30M) | Time:00:00.15 | Mem:9.70M, Peak:9.70M | Scene, RenderLayer | Updating Hair settings | Copying Hair settings to device
Fra:1 Mem:29.41M (0.00M, Peak 30.30M) | Time:00:00.15 | Mem:9.70M, Peak:9.70M | Scene, RenderLayer | Updating Lookup Tables
Fra:1 Mem:29.41M (0.00M, Peak 30.30M) | Time:00:00.15 | Mem:9.95M, Peak:9.95M | Scene, RenderLayer | Updating Lights
Fra:1 Mem:29.41M (0.00M, Peak 30.30M) | Time:00:00.15 | Mem:9.95M, Peak:9.95M | Scene, RenderLayer | Updating Lights | Computing distribution
Fra:1 Mem:29.41M (0.00M, Peak 30.30M) | Time:00:00.15 | Mem:9.95M, Peak:9.95M | Scene, RenderLayer | Updating Particle Systems
Fra:1 Mem:29.41M (0.00M, Peak 30.30M) | Time:00:00.15 | Mem:9.95M, Peak:9.95M | Scene, RenderLayer | Updating Particle Systems | Copying Particles to device
Fra:1 Mem:29.41M (0.00M, Peak 30.30M) | Time:00:00.15 | Mem:9.95M, Peak:9.95M | Scene, RenderLayer | Updating Integrator
Fra:1 Mem:29.45M (0.00M, Peak 30.30M) | Time:00:00.15 | Mem:10.00M, Peak:10.00M | Scene, RenderLayer | Updating Film
Fra:1 Mem:29.45M (0.00M, Peak 30.30M) | Time:00:00.15 | Mem:10.00M, Peak:10.00M | Scene, RenderLayer | Updating Lookup Tables
Fra:1 Mem:29.45M (0.00M, Peak 30.30M) | Time:00:00.15 | Mem:10.00M, Peak:10.00M | Scene, RenderLayer | Updating Baking
Fra:1 Mem:29.45M (0.00M, Peak 30.30M) | Time:00:00.15 | Mem:10.00M, Peak:10.00M | Scene, RenderLayer | Updating Device | Writing constant memory
Fra:1 Mem:29.45M (0.00M, Peak 30.30M) | Time:00:00.15 | Mem:10.00M, Peak:10.00M | Scene, RenderLayer | Path Tracing Tile 0/4, Sample 0/512
Fra:1 Mem:31.70M (0.00M, Peak 32.95M) | Time:00:00.15 | Mem:12.25M, Peak:12.25M | Scene, RenderLayer | Path Tracing Tile 1/4, Sample 0/512
Fra:1 Mem:31.70M (0.00M, Peak 33.95M) | Time:00:01.15 | Remaining:00:12.23 | Mem:12.25M, Peak:12.25M | Scene, RenderLayer | Path Tracing Tile 1/4, Sample 91/512
Fra:1 Mem:31.70M (0.00M, Peak 33.95M) | Time:00:02.16 | Remaining:00:11.18 | Mem:12.25M, Peak:12.25M | Scene, RenderLayer | Path Tracing Tile 1/4, Sample 183/512
Fra:1 Mem:31.70M (0.00M, Peak 33.95M) | Time:00:03.17 | Remaining:00:10.16 | Mem:12.25M, Peak:12.25M | Scene, RenderLayer | Path Tracing Tile 1/4, Sample 275/512
Fra:1 Mem:31.70M (0.00M, Peak 33.95M) | Time:00:04.17 | Remaining:00:09.16 | Mem:12.25M, Peak:12.25M | Scene, RenderLayer | Path Tracing Tile 1/4, Sample 366/512
Fra:1 Mem:31.70M (0.00M, Peak 33.95M) | Time:00:05.18 | Remaining:00:08.17 | Mem:12.25M, Peak:12.25M | Scene, RenderLayer | Path Tracing Tile 1/4, Sample 457/512
Fra:1 Mem:29.45M (0.00M, Peak 33.95M) | Time:00:05.79 | Remaining:00:07.57 | Mem:10.00M, Peak:12.25M | Scene, RenderLayer | Path Tracing Tile 1/4, Sample 512/512
Fra:1 Mem:31.42M (0.00M, Peak 33.95M) | Time:00:05.79 | Remaining:00:07.58 | Mem:11.97M, Peak:12.25M | Scene, RenderLayer | Path Tracing Tile 2/4, Sample 512/512
Fra:1 Mem:31.42M (0.00M, Peak 33.95M) | Time:00:06.18 | Remaining:00:07.15 | Mem:11.97M, Peak:12.25M | Scene, RenderLayer | Path Tracing Tile 2/4, Sample 42/512
Fra:1 Mem:31.42M (0.00M, Peak 33.95M) | Time:00:07.19 | Remaining:00:06.09 | Mem:11.97M, Peak:12.25M | Scene, RenderLayer | Path Tracing Tile 2/4, Sample 150/512
Fra:1 Mem:31.42M (0.00M, Peak 33.95M) | Time:00:08.20 | Remaining:00:05.04 | Mem:11.97M, Peak:12.25M | Scene, RenderLayer | Path Tracing Tile 2/4, Sample 258/512
Fra:1 Mem:31.42M (0.00M, Peak 33.95M) | Time:00:09.20 | Remaining:00:04.01 | Mem:11.97M, Peak:12.25M | Scene, RenderLayer | Path Tracing Tile 2/4, Sample 365/512
Fra:1 Mem:31.42M (0.00M, Peak 33.95M) | Time:00:10.21 | Remaining:00:02.99 | Mem:11.97M, Peak:12.25M | Scene, RenderLayer | Path Tracing Tile 2/4, Sample 472/512
Fra:1 Mem:29.45M (0.00M, Peak 33.95M) | Time:00:10.59 | Remaining:00:02.60 | Mem:10.00M, Peak:12.25M | Scene, RenderLayer | Path Tracing Tile 2/4, Sample 512/512
Fra:1 Mem:30.02M (0.00M, Peak 33.95M) | Time:00:10.59 | Remaining:00:02.60 | Mem:10.56M, Peak:12.25M | Scene, RenderLayer | Path Tracing Tile 3/4, Sample 512/512
Fra:1 Mem:30.02M (0.00M, Peak 33.95M) | Time:00:11.21 | Remaining:00:02.26 | Mem:10.56M, Peak:12.25M | Scene, RenderLayer | Path Tracing Tile 3/4, Sample 145/512
Fra:1 Mem:30.02M (0.00M, Peak 33.95M) | Time:00:12.21 | Remaining:00:01.66 | Mem:10.56M, Peak:12.25M | Scene, RenderLayer | Path Tracing Tile 3/4, Sample 379/512
Fra:1 Mem:29.45M (0.00M, Peak 33.95M) | Time:00:12.79 | Remaining:00:01.30 | Mem:10.00M, Peak:12.25M | Scene, RenderLayer | Path Tracing Tile 3/4, Sample 512/512
Fra:1 Mem:29.95M (0.00M, Peak 33.95M) | Time:00:12.79 | Remaining:00:01.30 | Mem:10.49M, Peak:12.25M | Scene, RenderLayer | Path Tracing Tile 4/4, Sample 512/512
Fra:1 Mem:29.95M (0.00M, Peak 33.95M) | Time:00:13.21 | Remaining:00:01.03 | Mem:10.49M, Peak:12.25M | Scene, RenderLayer | Path Tracing Tile 4/4, Sample 108/512
Fra:1 Mem:29.95M (0.00M, Peak 33.95M) | Time:00:14.21 | Remaining:00:00.39 | Mem:10.49M, Peak:12.25M | Scene, RenderLayer | Path Tracing Tile 4/4, Sample 361/512
Fra:1 Mem:29.45M (0.00M, Peak 33.95M) | Time:00:14.81 | Mem:10.00M, Peak:12.25M | Scene, RenderLayer | Path Tracing Tile 4/4, Sample 512/512
Fra:1 Mem:29.45M (0.00M, Peak 33.95M) | Time:00:14.81 | Mem:10.00M, Peak:12.25M | Scene, RenderLayer | Finished
Fra:1 Mem:14.61M (0.00M, Peak 33.95M) | Time:00:14.89 | Sce: Scene Ve:0 Fa:0 La:0
Saved: 'data/clevr-cleaned-puzzles/aphaeresis/render/images/CLEVR_val_000003.png'
 Time: 00:14.93 (Saving: 00:00.03)

read blend: /home/ubuntu/vdp-tool-chain/data/clevr_scene_data/base_scene.blend
convertViewVec: called in an invalid context
convertViewVec: called in an invalid context
convertViewVec: called in an invalid context
convertViewVec: called in an invalid context
Fra:1 Mem:15.23M (0.00M, Peak 15.23M) | Time:00:00.00 | Preparing Scene data
Fra:1 Mem:21.37M (0.00M, Peak 21.54M) | Time:00:00.01 | Preparing Scene data
Fra:1 Mem:21.37M (0.00M, Peak 21.54M) | Time:00:00.01 | Creating Shadowbuffers
Fra:1 Mem:21.37M (0.00M, Peak 21.54M) | Time:00:00.01 | Raytree.. preparing
Fra:1 Mem:27.82M (0.00M, Peak 27.82M) | Time:00:00.01 | Raytree.. building
Fra:1 Mem:27.49M (0.00M, Peak 37.56M) | Time:00:00.11 | Raytree finished
Fra:1 Mem:27.49M (0.00M, Peak 37.56M) | Time:00:00.11 | Creating Environment maps
Fra:1 Mem:27.49M (0.00M, Peak 37.56M) | Time:00:00.11 | Caching Point Densities
Fra:1 Mem:27.49M (0.00M, Peak 37.56M) | Time:00:00.11 | Sce: Scene Ve:46586 Fa:47003 La:1
Fra:1 Mem:27.49M (0.00M, Peak 37.56M) | Time:00:00.11 | Loading voxel datasets
Fra:1 Mem:27.49M (0.00M, Peak 37.56M) | Time:00:00.11 | Sce: Scene Ve:46586 Fa:47003 La:1
Fra:1 Mem:27.49M (0.00M, Peak 37.56M) | Time:00:00.11 | Sce: Scene Ve:46586 Fa:47003 La:1
Fra:1 Mem:27.49M (0.00M, Peak 37.56M) | Time:00:00.11 | Volume preprocessing
Fra:1 Mem:27.49M (0.00M, Peak 37.56M) | Time:00:00.11 | Sce: Scene Ve:46586 Fa:47003 La:1
Fra:1 Mem:27.49M (0.00M, Peak 37.56M) | Time:00:00.11 | Sce: Scene Ve:46586 Fa:47003 La:1
Fra:1 Mem:31.56M (0.00M, Peak 37.56M) | Time:00:00.12 | Scene, Part 3-4
Fra:1 Mem:31.52M (0.00M, Peak 37.56M) | Time:00:00.12 | Scene, Part 4-4
Fra:1 Mem:30.58M (0.00M, Peak 37.56M) | Time:00:00.13 | Scene, Part 2-4
Fra:1 Mem:28.74M (0.00M, Peak 37.56M) | Time:00:00.13 | Scene, Part 1-4
Fra:1 Mem:15.09M (0.00M, Peak 37.56M) | Time:00:00.13 | Sce: Scene Ve:46586 Fa:47003 La:1
Saved: '/tmp/tmp0ppwdq9c.png'
 Time: 00:00.15 (Saving: 00:00.01)

Fra:1 Mem:15.12M (0.00M, Peak 15.71M) | Time:00:00.04 | Mem:0.00M, Peak:0.00M | Scene, RenderLayer | Synchronizing object | Area
Fra:1 Mem:15.12M (0.00M, Peak 15.71M) | Time:00:00.04 | Mem:0.00M, Peak:0.00M | Scene, RenderLayer | Synchronizing object | Ground
Fra:1 Mem:15.19M (0.00M, Peak 15.71M) | Time:00:00.04 | Mem:0.00M, Peak:0.00M | Scene, RenderLayer | Synchronizing object | Empty
Fra:1 Mem:15.19M (0.00M, Peak 15.71M) | Time:00:00.04 | Mem:0.00M, Peak:0.00M | Scene, RenderLayer | Synchronizing object | Lamp_Back
Fra:1 Mem:15.19M (0.00M, Peak 15.71M) | Time:00:00.04 | Mem:0.00M, Peak:0.00M | Scene, RenderLayer | Synchronizing object | Lamp_Fill
Fra:1 Mem:15.19M (0.00M, Peak 15.71M) | Time:00:00.04 | Mem:0.00M, Peak:0.00M | Scene, RenderLayer | Synchronizing object | Lamp_Key
Fra:1 Mem:15.19M (0.00M, Peak 15.71M) | Time:00:00.04 | Mem:0.00M, Peak:0.00M | Scene, RenderLayer | Synchronizing object | Camera
Fra:1 Mem:15.19M (0.00M, Peak 15.71M) | Time:00:00.04 | Mem:0.00M, Peak:0.00M | Scene, RenderLayer | Synchronizing object | SmoothCylinder_0
Fra:1 Mem:17.97M (0.00M, Peak 21.19M) | Time:00:00.05 | Mem:0.00M, Peak:0.00M | Scene, RenderLayer | Synchronizing object | SmoothCube_v2_0
Fra:1 Mem:18.33M (0.00M, Peak 21.19M) | Time:00:00.06 | Mem:0.00M, Peak:0.00M | Scene, RenderLayer | Synchronizing object | SmoothCube_v2_1
Fra:1 Mem:18.64M (0.00M, Peak 21.19M) | Time:00:00.06 | Mem:0.00M, Peak:0.00M | Scene, RenderLayer | Synchronizing object | SmoothCube_v2_2
Fra:1 Mem:18.95M (0.00M, Peak 21.19M) | Time:00:00.06 | Mem:0.00M, Peak:0.00M | Scene, RenderLayer | Initializing
Fra:1 Mem:18.95M (0.00M, Peak 21.19M) | Time:00:00.06 | Mem:0.00M, Peak:0.00M | Scene, RenderLayer | Loading render kernels (may take a few minutes the first time)
Fra:1 Mem:18.95M (0.00M, Peak 21.65M) | Time:00:00.07 | Mem:0.00M, Peak:0.00M | Scene, RenderLayer | Waiting for render to start
Fra:1 Mem:18.95M (0.00M, Peak 21.65M) | Time:00:00.07 | Mem:0.00M, Peak:0.00M | Scene, RenderLayer | Updating Scene
Fra:1 Mem:18.95M (0.00M, Peak 21.65M) | Time:00:00.07 | Mem:0.00M, Peak:0.00M | Scene, RenderLayer | Updating Shaders
Fra:1 Mem:19.20M (0.00M, Peak 21.65M) | Time:00:00.07 | Mem:0.00M, Peak:0.00M | Scene, RenderLayer | Updating Background
Fra:1 Mem:19.20M (0.00M, Peak 21.65M) | Time:00:00.07 | Mem:0.00M, Peak:0.00M | Scene, RenderLayer | Updating Camera
Fra:1 Mem:19.20M (0.00M, Peak 21.65M) | Time:00:00.07 | Mem:0.00M, Peak:0.00M | Scene, RenderLayer | Updating Meshes Flags
Fra:1 Mem:19.20M (0.00M, Peak 21.65M) | Time:00:00.07 | Mem:0.00M, Peak:0.00M | Scene, RenderLayer | Updating Objects
Fra:1 Mem:19.20M (0.00M, Peak 21.65M) | Time:00:00.07 | Mem:0.00M, Peak:0.00M | Scene, RenderLayer | Updating Objects | Copying Transformations to device
Fra:1 Mem:19.20M (0.00M, Peak 21.65M) | Time:00:00.07 | Mem:0.00M, Peak:0.00M | Scene, RenderLayer | Updating Objects | Applying Static Transformations
Fra:1 Mem:19.20M (0.00M, Peak 21.65M) | Time:00:00.07 | Mem:0.00M, Peak:0.00M | Scene, RenderLayer | Updating Meshes
Fra:1 Mem:20.58M (0.00M, Peak 21.65M) | Time:00:00.08 | Mem:0.00M, Peak:0.00M | Scene, RenderLayer | Updating Mesh | Computing attributes
Fra:1 Mem:20.64M (0.00M, Peak 21.65M) | Time:00:00.08 | Mem:0.00M, Peak:0.00M | Scene, RenderLayer | Updating Mesh | Copying Attributes to device
Fra:1 Mem:20.64M (0.00M, Peak 21.65M) | Time:00:00.08 | Mem:0.06M, Peak:0.06M | Scene, RenderLayer | Updating Scene BVH | Building
Fra:1 Mem:20.64M (0.00M, Peak 21.65M) | Time:00:00.08 | Mem:0.06M, Peak:0.06M | Scene, RenderLayer | Updating Scene BVH | Building BVH
Fra:1 Mem:25.79M (0.00M, Peak 25.79M) | Time:00:00.14 | Mem:0.06M, Peak:0.06M | Scene, RenderLayer | Updating Scene BVH | Packing BVH triangles and strands
Fra:1 Mem:30.60M (0.00M, Peak 30.60M) | Time:00:00.14 | Mem:0.06M, Peak:0.06M | Scene, RenderLayer | Updating Scene BVH | Packing BVH nodes
Fra:1 Mem:27.93M (0.00M, Peak 32.05M) | Time:00:00.15 | Mem:0.06M, Peak:0.06M | Scene, RenderLayer | Updating Scene BVH | Copying BVH to device
Fra:1 Mem:28.27M (0.00M, Peak 32.05M) | Time:00:00.15 | Mem:7.36M, Peak:7.36M | Scene, RenderLayer | Updating Mesh | Computing normals
Fra:1 Mem:31.42M (0.00M, Peak 32.05M) | Time:00:00.15 | Mem:7.36M, Peak:7.36M | Scene, RenderLayer | Updating Mesh | Copying Mesh to device
Fra:1 Mem:31.08M (0.00M, Peak 32.05M) | Time:00:00.15 | Mem:10.50M, Peak:10.50M | Scene, RenderLayer | Updating Objects Flags
Fra:1 Mem:31.08M (0.00M, Peak 32.05M) | Time:00:00.15 | Mem:10.50M, Peak:10.50M | Scene, RenderLayer | Updating Images
Fra:1 Mem:31.08M (0.00M, Peak 32.05M) | Time:00:00.15 | Mem:10.50M, Peak:10.50M | Scene, RenderLayer | Updating Camera Volume
Fra:1 Mem:31.08M (0.00M, Peak 32.05M) | Time:00:00.15 | Mem:10.50M, Peak:10.50M | Scene, RenderLayer | Updating Hair Systems
Fra:1 Mem:31.08M (0.00M, Peak 32.05M) | Time:00:00.15 | Mem:10.50M, Peak:10.50M | Scene, RenderLayer | Updating Hair settings | Copying Hair settings to device
Fra:1 Mem:31.08M (0.00M, Peak 32.05M) | Time:00:00.15 | Mem:10.50M, Peak:10.50M | Scene, RenderLayer | Updating Lookup Tables
Fra:1 Mem:31.08M (0.00M, Peak 32.05M) | Time:00:00.15 | Mem:10.75M, Peak:10.75M | Scene, RenderLayer | Updating Lights
Fra:1 Mem:31.08M (0.00M, Peak 32.05M) | Time:00:00.15 | Mem:10.76M, Peak:10.76M | Scene, RenderLayer | Updating Lights | Computing distribution
Fra:1 Mem:31.08M (0.00M, Peak 32.05M) | Time:00:00.15 | Mem:10.76M, Peak:10.76M | Scene, RenderLayer | Updating Particle Systems
Fra:1 Mem:31.08M (0.00M, Peak 32.05M) | Time:00:00.15 | Mem:10.76M, Peak:10.76M | Scene, RenderLayer | Updating Particle Systems | Copying Particles to device
Fra:1 Mem:31.08M (0.00M, Peak 32.05M) | Time:00:00.15 | Mem:10.76M, Peak:10.76M | Scene, RenderLayer | Updating Integrator
Fra:1 Mem:31.12M (0.00M, Peak 32.05M) | Time:00:00.15 | Mem:10.80M, Peak:10.80M | Scene, RenderLayer | Updating Film
Fra:1 Mem:31.12M (0.00M, Peak 32.05M) | Time:00:00.15 | Mem:10.80M, Peak:10.80M | Scene, RenderLayer | Updating Lookup Tables
Fra:1 Mem:31.12M (0.00M, Peak 32.05M) | Time:00:00.15 | Mem:10.80M, Peak:10.80M | Scene, RenderLayer | Updating Baking
Fra:1 Mem:31.12M (0.00M, Peak 32.05M) | Time:00:00.15 | Mem:10.80M, Peak:10.80M | Scene, RenderLayer | Updating Device | Writing constant memory
Fra:1 Mem:31.12M (0.00M, Peak 32.05M) | Time:00:00.15 | Mem:10.80M, Peak:10.80M | Scene, RenderLayer | Path Tracing Tile 0/4, Sample 0/512
Fra:1 Mem:33.37M (0.00M, Peak 34.63M) | Time:00:00.16 | Mem:13.05M, Peak:13.05M | Scene, RenderLayer | Path Tracing Tile 1/4, Sample 0/512
Fra:1 Mem:33.37M (0.00M, Peak 35.63M) | Time:00:01.17 | Remaining:00:11.14 | Mem:13.05M, Peak:13.05M | Scene, RenderLayer | Path Tracing Tile 1/4, Sample 100/512
Fra:1 Mem:33.37M (0.00M, Peak 35.63M) | Time:00:02.18 | Remaining:00:10.10 | Mem:13.05M, Peak:13.05M | Scene, RenderLayer | Path Tracing Tile 1/4, Sample 200/512
Fra:1 Mem:33.37M (0.00M, Peak 35.63M) | Time:00:03.18 | Remaining:00:09.10 | Mem:13.05M, Peak:13.05M | Scene, RenderLayer | Path Tracing Tile 1/4, Sample 299/512
Fra:1 Mem:33.37M (0.00M, Peak 35.63M) | Time:00:04.18 | Remaining:00:08.10 | Mem:13.05M, Peak:13.05M | Scene, RenderLayer | Path Tracing Tile 1/4, Sample 398/512
Fra:1 Mem:33.37M (0.00M, Peak 35.63M) | Time:00:05.19 | Remaining:00:07.11 | Mem:13.05M, Peak:13.05M | Scene, RenderLayer | Path Tracing Tile 1/4, Sample 497/512
Fra:1 Mem:31.12M (0.00M, Peak 35.63M) | Time:00:05.34 | Remaining:00:06.96 | Mem:10.80M, Peak:13.05M | Scene, RenderLayer | Path Tracing Tile 1/4, Sample 512/512
Fra:1 Mem:33.09M (0.00M, Peak 35.63M) | Time:00:05.34 | Remaining:00:06.97 | Mem:12.77M, Peak:13.05M | Scene, RenderLayer | Path Tracing Tile 2/4, Sample 512/512
Fra:1 Mem:33.09M (0.00M, Peak 35.63M) | Time:00:06.19 | Remaining:00:06.14 | Mem:12.77M, Peak:13.05M | Scene, RenderLayer | Path Tracing Tile 2/4, Sample 94/512
Fra:1 Mem:33.09M (0.00M, Peak 35.63M) | Time:00:07.20 | Remaining:00:05.14 | Mem:12.77M, Peak:13.05M | Scene, RenderLayer | Path Tracing Tile 2/4, Sample 207/512
Fra:1 Mem:33.09M (0.00M, Peak 35.63M) | Time:00:08.20 | Remaining:00:04.15 | Mem:12.77M, Peak:13.05M | Scene, RenderLayer | Path Tracing Tile 2/4, Sample 319/512
Fra:1 Mem:33.09M (0.00M, Peak 35.63M) | Time:00:09.21 | Remaining:00:03.16 | Mem:12.77M, Peak:13.05M | Scene, RenderLayer | Path Tracing Tile 2/4, Sample 431/512
Fra:1 Mem:31.12M (0.00M, Peak 35.63M) | Time:00:09.94 | Remaining:00:02.44 | Mem:10.80M, Peak:13.05M | Scene, RenderLayer | Path Tracing Tile 2/4, Sample 512/512
Fra:1 Mem:31.69M (0.00M, Peak 35.63M) | Time:00:09.94 | Remaining:00:02.44 | Mem:11.36M, Peak:13.05M | Scene, RenderLayer | Path Tracing Tile 3/4, Sample 512/512
Fra:1 Mem:31.69M (0.00M, Peak 35.63M) | Time:00:10.21 | Remaining:00:02.31 | Mem:11.36M, Peak:13.05M | Scene, RenderLayer | Path Tracing Tile 3/4, Sample 63/512
Fra:1 Mem:31.69M (0.00M, Peak 35.63M) | Time:00:11.21 | Remaining:00:01.76 | Mem:11.36M, Peak:13.05M | Scene, RenderLayer | Path Tracing Tile 3/4, Sample 300/512
Fra:1 Mem:31.12M (0.00M, Peak 35.63M) | Time:00:12.11 | Remaining:00:01.23 | Mem:10.80M, Peak:13.05M | Scene, RenderLayer | Path Tracing Tile 3/4, Sample 512/512
Fra:1 Mem:31.62M (0.00M, Peak 35.63M) | Time:00:12.11 | Remaining:00:01.23 | Mem:11.29M, Peak:13.05M | Scene, RenderLayer | Path Tracing Tile 4/4, Sample 512/512
Fra:1 Mem:31.62M (0.00M, Peak 35.63M) | Time:00:12.21 | Remaining:00:01.17 | Mem:11.29M, Peak:13.05M | Scene, RenderLayer | Path Tracing Tile 4/4, Sample 25/512
Fra:1 Mem:31.62M (0.00M, Peak 35.63M) | Time:00:13.21 | Remaining:00:00.57 | Mem:11.29M, Peak:13.05M | Scene, RenderLayer | Path Tracing Tile 4/4, Sample 280/512
Fra:1 Mem:31.12M (0.00M, Peak 35.63M) | Time:00:14.12 | Mem:10.80M, Peak:13.05M | Scene, RenderLayer | Path Tracing Tile 4/4, Sample 512/512
Fra:1 Mem:31.12M (0.00M, Peak 35.63M) | Time:00:14.12 | Mem:10.80M, Peak:13.05M | Scene, RenderLayer | Finished
Fra:1 Mem:15.11M (0.00M, Peak 35.63M) | Time:00:14.20 | Sce: Scene Ve:0 Fa:0 La:0
Saved: 'data/clevr-cleaned-puzzles/aphaeresis/render/images/CLEVR_val_000004.png'
 Time: 00:14.24 (Saving: 00:00.03)

read blend: /home/ubuntu/vdp-tool-chain/data/clevr_scene_data/base_scene.blend
convertViewVec: called in an invalid context
convertViewVec: called in an invalid context
Fra:1 Mem:14.18M (0.00M, Peak 14.18M) | Time:00:00.00 | Preparing Scene data
Fra:1 Mem:18.95M (0.00M, Peak 20.42M) | Time:00:00.01 | Preparing Scene data
Fra:1 Mem:18.95M (0.00M, Peak 20.42M) | Time:00:00.01 | Creating Shadowbuffers
Fra:1 Mem:18.95M (0.00M, Peak 20.42M) | Time:00:00.01 | Raytree.. preparing
Fra:1 Mem:24.14M (0.00M, Peak 24.14M) | Time:00:00.01 | Raytree.. building
Fra:1 Mem:23.87M (0.00M, Peak 31.97M) | Time:00:00.09 | Raytree finished
Fra:1 Mem:23.87M (0.00M, Peak 31.97M) | Time:00:00.09 | Creating Environment maps
Fra:1 Mem:23.87M (0.00M, Peak 31.97M) | Time:00:00.09 | Caching Point Densities
Fra:1 Mem:23.87M (0.00M, Peak 31.97M) | Time:00:00.09 | Sce: Scene Ve:39082 Fa:37768 La:1
Fra:1 Mem:23.87M (0.00M, Peak 31.97M) | Time:00:00.09 | Loading voxel datasets
Fra:1 Mem:23.87M (0.00M, Peak 31.97M) | Time:00:00.09 | Sce: Scene Ve:39082 Fa:37768 La:1
Fra:1 Mem:23.87M (0.00M, Peak 31.97M) | Time:00:00.09 | Sce: Scene Ve:39082 Fa:37768 La:1
Fra:1 Mem:23.87M (0.00M, Peak 31.97M) | Time:00:00.09 | Volume preprocessing
Fra:1 Mem:23.87M (0.00M, Peak 31.97M) | Time:00:00.09 | Sce: Scene Ve:39082 Fa:37768 La:1
Fra:1 Mem:23.87M (0.00M, Peak 31.97M) | Time:00:00.09 | Sce: Scene Ve:39082 Fa:37768 La:1
Fra:1 Mem:27.94M (0.00M, Peak 31.97M) | Time:00:00.09 | Scene, Part 3-4
Fra:1 Mem:27.90M (0.00M, Peak 31.97M) | Time:00:00.09 | Scene, Part 4-4
Fra:1 Mem:26.97M (0.00M, Peak 31.97M) | Time:00:00.10 | Scene, Part 2-4
Fra:1 Mem:25.12M (0.00M, Peak 31.97M) | Time:00:00.11 | Scene, Part 1-4
Fra:1 Mem:14.10M (0.00M, Peak 31.97M) | Time:00:00.11 | Sce: Scene Ve:39082 Fa:37768 La:1
Saved: '/tmp/tmpu5ubvznw.png'
 Time: 00:00.12 (Saving: 00:00.01)

Fra:1 Mem:14.13M (0.00M, Peak 14.73M) | Time:00:00.04 | Mem:0.00M, Peak:0.00M | Scene, RenderLayer | Synchronizing object | Area
Fra:1 Mem:14.13M (0.00M, Peak 14.73M) | Time:00:00.04 | Mem:0.00M, Peak:0.00M | Scene, RenderLayer | Synchronizing object | Ground
Fra:1 Mem:14.20M (0.00M, Peak 14.73M) | Time:00:00.04 | Mem:0.00M, Peak:0.00M | Scene, RenderLayer | Synchronizing object | Empty
Fra:1 Mem:14.20M (0.00M, Peak 14.73M) | Time:00:00.04 | Mem:0.00M, Peak:0.00M | Scene, RenderLayer | Synchronizing object | Lamp_Back
Fra:1 Mem:14.20M (0.00M, Peak 14.73M) | Time:00:00.04 | Mem:0.00M, Peak:0.00M | Scene, RenderLayer | Synchronizing object | Lamp_Fill
Fra:1 Mem:14.20M (0.00M, Peak 14.73M) | Time:00:00.04 | Mem:0.00M, Peak:0.00M | Scene, RenderLayer | Synchronizing object | Lamp_Key
Fra:1 Mem:14.20M (0.00M, Peak 14.73M) | Time:00:00.04 | Mem:0.00M, Peak:0.00M | Scene, RenderLayer | Synchronizing object | Camera
Fra:1 Mem:14.20M (0.00M, Peak 14.73M) | Time:00:00.04 | Mem:0.00M, Peak:0.00M | Scene, RenderLayer | Synchronizing object | SmoothCylinder_0
Fra:1 Mem:17.52M (0.00M, Peak 20.61M) | Time:00:00.06 | Mem:0.00M, Peak:0.00M | Scene, RenderLayer | Synchronizing object | SmoothCube_v2_0
Fra:1 Mem:17.89M (0.00M, Peak 20.61M) | Time:00:00.06 | Mem:0.00M, Peak:0.00M | Scene, RenderLayer | Initializing
Fra:1 Mem:17.89M (0.00M, Peak 20.61M) | Time:00:00.06 | Mem:0.00M, Peak:0.00M | Scene, RenderLayer | Loading render kernels (may take a few minutes the first time)
Fra:1 Mem:17.89M (0.00M, Peak 20.61M) | Time:00:00.07 | Mem:0.00M, Peak:0.00M | Scene, RenderLayer | Waiting for render to start
Fra:1 Mem:17.89M (0.00M, Peak 20.61M) | Time:00:00.07 | Mem:0.00M, Peak:0.00M | Scene, RenderLayer | Updating Scene
Fra:1 Mem:17.89M (0.00M, Peak 20.61M) | Time:00:00.07 | Mem:0.00M, Peak:0.00M | Scene, RenderLayer | Updating Shaders
Fra:1 Mem:18.14M (0.00M, Peak 20.61M) | Time:00:00.07 | Mem:0.00M, Peak:0.00M | Scene, RenderLayer | Updating Background
Fra:1 Mem:18.14M (0.00M, Peak 20.61M) | Time:00:00.07 | Mem:0.00M, Peak:0.00M | Scene, RenderLayer | Updating Camera
Fra:1 Mem:18.14M (0.00M, Peak 20.61M) | Time:00:00.07 | Mem:0.00M, Peak:0.00M | Scene, RenderLayer | Updating Meshes Flags
Fra:1 Mem:18.14M (0.00M, Peak 20.61M) | Time:00:00.07 | Mem:0.00M, Peak:0.00M | Scene, RenderLayer | Updating Objects
Fra:1 Mem:18.14M (0.00M, Peak 20.61M) | Time:00:00.07 | Mem:0.00M, Peak:0.00M | Scene, RenderLayer | Updating Objects | Copying Transformations to device
Fra:1 Mem:18.14M (0.00M, Peak 20.61M) | Time:00:00.07 | Mem:0.00M, Peak:0.00M | Scene, RenderLayer | Updating Objects | Applying Static Transformations
Fra:1 Mem:18.14M (0.00M, Peak 20.61M) | Time:00:00.07 | Mem:0.00M, Peak:0.00M | Scene, RenderLayer | Updating Meshes
Fra:1 Mem:19.28M (0.00M, Peak 20.61M) | Time:00:00.07 | Mem:0.00M, Peak:0.00M | Scene, RenderLayer | Updating Mesh | Computing attributes
Fra:1 Mem:19.88M (0.00M, Peak 20.61M) | Time:00:00.08 | Mem:0.00M, Peak:0.00M | Scene, RenderLayer | Updating Mesh | Copying Attributes to device
Fra:1 Mem:19.88M (0.00M, Peak 20.61M) | Time:00:00.08 | Mem:0.60M, Peak:0.60M | Scene, RenderLayer | Updating Scene BVH | Building
Fra:1 Mem:19.88M (0.00M, Peak 20.61M) | Time:00:00.08 | Mem:0.60M, Peak:0.60M | Scene, RenderLayer | Updating Scene BVH | Building BVH
Fra:1 Mem:24.18M (0.00M, Peak 24.18M) | Time:00:00.13 | Mem:0.60M, Peak:0.60M | Scene, RenderLayer | Updating Scene BVH | Packing BVH triangles and strands
Fra:1 Mem:28.18M (0.00M, Peak 28.18M) | Time:00:00.14 | Mem:0.60M, Peak:0.60M | Scene, RenderLayer | Updating Scene BVH | Packing BVH nodes
Fra:1 Mem:25.97M (0.00M, Peak 29.41M) | Time:00:00.14 | Mem:0.60M, Peak:0.60M | Scene, RenderLayer | Updating Scene BVH | Copying BVH to device
Fra:1 Mem:26.26M (0.00M, Peak 29.41M) | Time:00:00.14 | Mem:6.69M, Peak:6.69M | Scene, RenderLayer | Updating Mesh | Computing normals
Fra:1 Mem:28.89M (0.00M, Peak 29.41M) | Time:00:00.14 | Mem:6.69M, Peak:6.69M | Scene, RenderLayer | Updating Mesh | Copying Mesh to device
Fra:1 Mem:28.61M (0.00M, Peak 29.41M) | Time:00:00.15 | Mem:9.33M, Peak:9.33M | Scene, RenderLayer | Updating Objects Flags
Fra:1 Mem:28.61M (0.00M, Peak 29.41M) | Time:00:00.15 | Mem:9.33M, Peak:9.33M | Scene, RenderLayer | Updating Images
Fra:1 Mem:28.61M (0.00M, Peak 29.41M) | Time:00:00.15 | Mem:9.33M, Peak:9.33M | Scene, RenderLayer | Updating Camera Volume
Fra:1 Mem:28.61M (0.00M, Peak 29.41M) | Time:00:00.15 | Mem:9.33M, Peak:9.33M | Scene, RenderLayer | Updating Hair Systems
Fra:1 Mem:28.61M (0.00M, Peak 29.41M) | Time:00:00.15 | Mem:9.33M, Peak:9.33M | Scene, RenderLayer | Updating Hair settings | Copying Hair settings to device
Fra:1 Mem:28.61M (0.00M, Peak 29.41M) | Time:00:00.15 | Mem:9.33M, Peak:9.33M | Scene, RenderLayer | Updating Lookup Tables
Fra:1 Mem:28.61M (0.00M, Peak 29.41M) | Time:00:00.15 | Mem:9.58M, Peak:9.58M | Scene, RenderLayer | Updating Lights
Fra:1 Mem:28.61M (0.00M, Peak 29.41M) | Time:00:00.15 | Mem:9.58M, Peak:9.58M | Scene, RenderLayer | Updating Lights | Computing distribution
Fra:1 Mem:28.61M (0.00M, Peak 29.41M) | Time:00:00.15 | Mem:9.58M, Peak:9.58M | Scene, RenderLayer | Updating Particle Systems
Fra:1 Mem:28.61M (0.00M, Peak 29.41M) | Time:00:00.15 | Mem:9.58M, Peak:9.58M | Scene, RenderLayer | Updating Particle Systems | Copying Particles to device
Fra:1 Mem:28.61M (0.00M, Peak 29.41M) | Time:00:00.15 | Mem:9.58M, Peak:9.58M | Scene, RenderLayer | Updating Integrator
Fra:1 Mem:28.65M (0.00M, Peak 29.41M) | Time:00:00.15 | Mem:9.62M, Peak:9.62M | Scene, RenderLayer | Updating Film
Fra:1 Mem:28.65M (0.00M, Peak 29.41M) | Time:00:00.15 | Mem:9.62M, Peak:9.62M | Scene, RenderLayer | Updating Lookup Tables
Fra:1 Mem:28.65M (0.00M, Peak 29.41M) | Time:00:00.15 | Mem:9.62M, Peak:9.62M | Scene, RenderLayer | Updating Baking
Fra:1 Mem:28.65M (0.00M, Peak 29.41M) | Time:00:00.15 | Mem:9.62M, Peak:9.62M | Scene, RenderLayer | Updating Device | Writing constant memory
Fra:1 Mem:28.65M (0.00M, Peak 29.41M) | Time:00:00.15 | Mem:9.62M, Peak:9.62M | Scene, RenderLayer | Path Tracing Tile 0/4, Sample 0/512
Fra:1 Mem:30.90M (0.00M, Peak 32.15M) | Time:00:00.15 | Mem:11.87M, Peak:11.87M | Scene, RenderLayer | Path Tracing Tile 1/4, Sample 0/512
Fra:1 Mem:30.90M (0.00M, Peak 33.15M) | Time:00:01.15 | Remaining:00:10.70 | Mem:11.87M, Peak:11.87M | Scene, RenderLayer | Path Tracing Tile 1/4, Sample 103/512
Fra:1 Mem:30.90M (0.00M, Peak 33.15M) | Time:00:02.16 | Remaining:00:09.65 | Mem:11.87M, Peak:11.87M | Scene, RenderLayer | Path Tracing Tile 1/4, Sample 207/512
Fra:1 Mem:30.90M (0.00M, Peak 33.15M) | Time:00:03.17 | Remaining:00:08.63 | Mem:11.87M, Peak:11.87M | Scene, RenderLayer | Path Tracing Tile 1/4, Sample 311/512
Fra:1 Mem:30.90M (0.00M, Peak 33.15M) | Time:00:04.17 | Remaining:00:07.63 | Mem:11.87M, Peak:11.87M | Scene, RenderLayer | Path Tracing Tile 1/4, Sample 414/512
Fra:1 Mem:28.65M (0.00M, Peak 33.15M) | Time:00:05.13 | Remaining:00:06.69 | Mem:9.62M, Peak:11.87M | Scene, RenderLayer | Path Tracing Tile 1/4, Sample 512/512
Fra:1 Mem:30.62M (0.00M, Peak 33.15M) | Time:00:05.13 | Remaining:00:06.69 | Mem:11.59M, Peak:11.87M | Scene, RenderLayer | Path Tracing Tile 2/4, Sample 512/512
Fra:1 Mem:30.62M (0.00M, Peak 33.15M) | Time:00:05.18 | Remaining:00:06.65 | Mem:11.59M, Peak:11.87M | Scene, RenderLayer | Path Tracing Tile 2/4, Sample 5/512
Fra:1 Mem:30.62M (0.00M, Peak 33.15M) | Time:00:06.18 | Remaining:00:05.57 | Mem:11.59M, Peak:11.87M | Scene, RenderLayer | Path Tracing Tile 2/4, Sample 128/512
Fra:1 Mem:30.62M (0.00M, Peak 33.15M) | Time:00:07.18 | Remaining:00:04.51 | Mem:11.59M, Peak:11.87M | Scene, RenderLayer | Path Tracing Tile 2/4, Sample 250/512
Fra:1 Mem:30.62M (0.00M, Peak 33.15M) | Time:00:08.19 | Remaining:00:03.48 | Mem:11.59M, Peak:11.87M | Scene, RenderLayer | Path Tracing Tile 2/4, Sample 372/512
Fra:1 Mem:30.62M (0.00M, Peak 33.15M) | Time:00:09.19 | Remaining:00:02.46 | Mem:11.59M, Peak:11.87M | Scene, RenderLayer | Path Tracing Tile 2/4, Sample 493/512
Fra:1 Mem:28.65M (0.00M, Peak 33.15M) | Time:00:09.35 | Remaining:00:02.30 | Mem:9.62M, Peak:11.87M | Scene, RenderLayer | Path Tracing Tile 2/4, Sample 512/512
Fra:1 Mem:29.22M (0.00M, Peak 33.15M) | Time:00:09.35 | Remaining:00:02.30 | Mem:10.18M, Peak:11.87M | Scene, RenderLayer | Path Tracing Tile 3/4, Sample 512/512
Fra:1 Mem:29.22M (0.00M, Peak 33.15M) | Time:00:10.19 | Remaining:00:01.88 | Mem:10.18M, Peak:11.87M | Scene, RenderLayer | Path Tracing Tile 3/4, Sample 201/512
Fra:1 Mem:29.22M (0.00M, Peak 33.15M) | Time:00:11.20 | Remaining:00:01.34 | Mem:10.18M, Peak:11.87M | Scene, RenderLayer | Path Tracing Tile 3/4, Sample 440/512
Fra:1 Mem:28.65M (0.00M, Peak 33.15M) | Time:00:11.50 | Remaining:00:01.16 | Mem:9.62M, Peak:11.87M | Scene, RenderLayer | Path Tracing Tile 3/4, Sample 512/512
Fra:1 Mem:29.15M (0.00M, Peak 33.15M) | Time:00:11.50 | Remaining:00:01.16 | Mem:10.11M, Peak:11.87M | Scene, RenderLayer | Path Tracing Tile 4/4, Sample 512/512
Fra:1 Mem:29.15M (0.00M, Peak 33.15M) | Time:00:12.20 | Remaining:00:00.77 | Mem:10.11M, Peak:11.87M | Scene, RenderLayer | Path Tracing Tile 4/4, Sample 181/512
Fra:1 Mem:29.15M (0.00M, Peak 33.15M) | Time:00:13.20 | Remaining:00:00.17 | Mem:10.11M, Peak:11.87M | Scene, RenderLayer | Path Tracing Tile 4/4, Sample 440/512
Fra:1 Mem:28.65M (0.00M, Peak 33.15M) | Time:00:13.48 | Mem:9.62M, Peak:11.87M | Scene, RenderLayer | Path Tracing Tile 4/4, Sample 512/512
Fra:1 Mem:28.65M (0.00M, Peak 33.15M) | Time:00:13.48 | Mem:9.62M, Peak:11.87M | Scene, RenderLayer | Finished
Fra:1 Mem:14.13M (0.00M, Peak 33.15M) | Time:00:13.56 | Sce: Scene Ve:0 Fa:0 La:0
Saved: 'data/clevr-cleaned-puzzles/aphaeresis/render/images/CLEVR_val_000005.png'
 Time: 00:13.60 (Saving: 00:00.03)


Blender quit

INFO test_net.py:  81: Called with args:
INFO test_net.py:  82: Namespace(cfg_file='clevr_inference/scene_parse/mask_rcnn/configs/baselines/e2e_mask_rcnn_R-50-FPN_1x.yaml', clevr_comp_cat=1, dataset='clevr_original_val', grab_conv=False, images_dir='data/clevr-cleaned-puzzles/aphaeresis/render/images', load_ckpt='/home/ubuntu/vdp-tool-chain/data/ns-vqa-data/pretrained/object_detector.pt', load_detectron=None, multi_gpu_testing=False, name=None, output_dir='data/clevr-cleaned-puzzles/aphaeresis/infer/mask_rcnn', range=None, rendersummary_path='data/clevr-cleaned-puzzles/aphaeresis/render/summary.json', set_cfgs=[], vis=False)
INFO test_net.py: 125: Testing with config:
INFO test_net.py: 126: {'BBOX_XFORM_CLIP': 4.135166556742356,
 'CLEVR': {'COMP_CAT': True},
 'CROP_RESIZE_WITH_MAX_POOL': True,
 'CUDA': False,
 'DATA_DIR': '/home/ubuntu/vdp-tool-chain/data/ns-vqa-data/mask_rcnn',
 'DATA_LOADER': {'NUM_THREADS': 4},
 'DEBUG': False,
 'DEDUP_BOXES': 0.0625,
 'EPS': 1e-14,
 'EXPECTED_RESULTS': [],
 'EXPECTED_RESULTS_ATOL': 0.005,
 'EXPECTED_RESULTS_EMAIL': '',
 'EXPECTED_RESULTS_RTOL': 0.1,
 'FAST_RCNN': {'CONV_HEAD_DIM': 256,
               'MLP_HEAD_DIM': 1024,
               'NUM_STACKED_CONVS': 4,
               'ROI_BOX_HEAD': 'fast_rcnn_heads.roi_2mlp_head',
               'ROI_XFORM_METHOD': 'RoIAlign',
               'ROI_XFORM_RESOLUTION': 7,
               'ROI_XFORM_SAMPLING_RATIO': 2},
 'FPN': {'COARSEST_STRIDE': 32,
         'DIM': 256,
         'EXTRA_CONV_LEVELS': False,
         'FPN_ON': True,
         'MULTILEVEL_ROIS': True,
         'MULTILEVEL_RPN': True,
         'ROI_CANONICAL_LEVEL': 4,
         'ROI_CANONICAL_SCALE': 224,
         'ROI_MAX_LEVEL': 5,
         'ROI_MIN_LEVEL': 2,
         'RPN_ANCHOR_START_SIZE': 32,
         'RPN_ASPECT_RATIOS': (0.5, 1, 2),
         'RPN_COLLECT_SCALE': 1,
         'RPN_MAX_LEVEL': 6,
         'RPN_MIN_LEVEL': 2,
         'USE_GN': False,
         'ZERO_INIT_LATERAL': False},
 'GROUP_NORM': {'DIM_PER_GP': -1, 'EPSILON': 1e-05, 'NUM_GROUPS': 32},
 'KRCNN': {'CONV_HEAD_DIM': 256,
           'CONV_HEAD_KERNEL': 3,
           'CONV_INIT': 'GaussianFill',
           'DECONV_DIM': 256,
           'DECONV_KERNEL': 4,
           'DILATION': 1,
           'HEATMAP_SIZE': -1,
           'INFERENCE_MIN_SIZE': 0,
           'KEYPOINT_CONFIDENCE': 'bbox',
           'LOSS_WEIGHT': 1.0,
           'MIN_KEYPOINT_COUNT_FOR_VALID_MINIBATCH': 20,
           'NMS_OKS': False,
           'NORMALIZE_BY_VISIBLE_KEYPOINTS': True,
           'NUM_KEYPOINTS': -1,
           'NUM_STACKED_CONVS': 8,
           'ROI_KEYPOINTS_HEAD': '',
           'ROI_XFORM_METHOD': 'RoIAlign',
           'ROI_XFORM_RESOLUTION': 7,
           'ROI_XFORM_SAMPLING_RATIO': 0,
           'UP_SCALE': -1,
           'USE_DECONV': False,
           'USE_DECONV_OUTPUT': False},
 'MATLAB': 'matlab',
 'MODEL': {'BBOX_REG_WEIGHTS': (10.0, 10.0, 5.0, 5.0),
           'CLS_AGNOSTIC_BBOX_REG': False,
           'CONV_BODY': 'FPN.fpn_ResNet50_conv5_body',
           'FASTER_RCNN': True,
           'KEYPOINTS_ON': False,
           'LOAD_IMAGENET_PRETRAINED_WEIGHTS': True,
           'MASK_ON': True,
           'NUM_CLASSES': 49,
           'RPN_ONLY': False,
           'SHARE_RES5': False,
           'TYPE': 'generalized_rcnn',
           'UNSUPERVISED_POSE': False},
 'MRCNN': {'CLS_SPECIFIC_MASK': True,
           'CONV_INIT': 'MSRAFill',
           'DILATION': 1,
           'DIM_REDUCED': 256,
           'MEMORY_EFFICIENT_LOSS': True,
           'RESOLUTION': 28,
           'ROI_MASK_HEAD': 'mask_rcnn_heads.mask_rcnn_fcn_head_v1up4convs',
           'ROI_XFORM_METHOD': 'RoIAlign',
           'ROI_XFORM_RESOLUTION': 14,
           'ROI_XFORM_SAMPLING_RATIO': 2,
           'THRESH_BINARIZE': 0.5,
           'UPSAMPLE_RATIO': 1,
           'USE_FC_OUTPUT': False,
           'WEIGHT_LOSS_MASK': 1.0},
 'NUM_GPUS': 8,
 'OUTPUT_DIR': 'Outputs',
 'PIXEL_MEANS': array([[[102.9801, 115.9465, 122.7717]]]),
 'POOLING_MODE': 'crop',
 'POOLING_SIZE': 7,
 'PYTORCH_VERSION_LESS_THAN_040': False,
 'RESNETS': {'FREEZE_AT': 2,
             'IMAGENET_PRETRAINED_WEIGHTS': 'pretrained_model/resnet50_caffe.pth',
             'NUM_GROUPS': 1,
             'RES5_DILATION': 1,
             'SHORTCUT_FUNC': 'basic_bn_shortcut',
             'STEM_FUNC': 'basic_bn_stem',
             'STRIDE_1X1': True,
             'TRANS_FUNC': 'bottleneck_transformation',
             'USE_GN': False,
             'WIDTH_PER_GROUP': 64},
 'RETINANET': {'ANCHOR_SCALE': 4,
               'ASPECT_RATIOS': (0.5, 1.0, 2.0),
               'BBOX_REG_BETA': 0.11,
               'BBOX_REG_WEIGHT': 1.0,
               'CLASS_SPECIFIC_BBOX': False,
               'INFERENCE_TH': 0.05,
               'LOSS_ALPHA': 0.25,
               'LOSS_GAMMA': 2.0,
               'NEGATIVE_OVERLAP': 0.4,
               'NUM_CONVS': 4,
               'POSITIVE_OVERLAP': 0.5,
               'PRE_NMS_TOP_N': 1000,
               'PRIOR_PROB': 0.01,
               'RETINANET_ON': False,
               'SCALES_PER_OCTAVE': 3,
               'SHARE_CLS_BBOX_TOWER': False,
               'SOFTMAX': False},
 'RFCN': {'PS_GRID_SIZE': 3},
 'RNG_SEED': 3,
 'ROOT_DIR': '/home/ubuntu/vdp-tool-chain/clevr_inference/scene_parse/mask_rcnn',
 'RPN': {'ASPECT_RATIOS': (0.5, 1, 2),
         'CLS_ACTIVATION': 'sigmoid',
         'OUT_DIM': 512,
         'OUT_DIM_AS_IN_DIM': True,
         'RPN_ON': True,
         'SIZES': (64, 128, 256, 512),
         'STRIDE': 16},
 'SOLVER': {'BASE_LR': 0.02,
            'BIAS_DOUBLE_LR': True,
            'BIAS_WEIGHT_DECAY': False,
            'GAMMA': 0.1,
            'LOG_LR_CHANGE_THRESHOLD': 1.1,
            'LRS': [],
            'LR_POLICY': 'steps_with_decay',
            'MAX_ITER': 30000,
            'MOMENTUM': 0.9,
            'SCALE_MOMENTUM': True,
            'SCALE_MOMENTUM_THRESHOLD': 1.1,
            'STEPS': [0, 20000, 26000],
            'STEP_SIZE': 30000,
            'TYPE': 'SGD',
            'WARM_UP_FACTOR': 0.3333333333333333,
            'WARM_UP_ITERS': 500,
            'WARM_UP_METHOD': 'linear',
            'WEIGHT_DECAY': 0.0001,
            'WEIGHT_DECAY_GN': 0.0},
 'TEST': {'BBOX_AUG': {'AREA_TH_HI': 32400,
                       'AREA_TH_LO': 2500,
                       'ASPECT_RATIOS': (),
                       'ASPECT_RATIO_H_FLIP': False,
                       'COORD_HEUR': 'UNION',
                       'ENABLED': False,
                       'H_FLIP': False,
                       'MAX_SIZE': 4000,
                       'SCALES': (),
                       'SCALE_H_FLIP': False,
                       'SCALE_SIZE_DEP': False,
                       'SCORE_HEUR': 'UNION'},
          'BBOX_REG': True,
          'BBOX_VOTE': {'ENABLED': False,
                        'SCORING_METHOD': 'ID',
                        'SCORING_METHOD_BETA': 1.0,
                        'VOTE_TH': 0.8},
          'COMPETITION_MODE': True,
          'DATASETS': ('custom(data/clevr-cleaned-puzzles/aphaeresis/render/images, '
                       'data/clevr-cleaned-puzzles/aphaeresis/render/summary.json)',),
          'DETECTIONS_PER_IM': 100,
          'FORCE_JSON_DATASET_EVAL': False,
          'KPS_AUG': {'AREA_TH': 32400,
                      'ASPECT_RATIOS': (),
                      'ASPECT_RATIO_H_FLIP': False,
                      'ENABLED': False,
                      'HEUR': 'HM_AVG',
                      'H_FLIP': False,
                      'MAX_SIZE': 4000,
                      'SCALES': (),
                      'SCALE_H_FLIP': False,
                      'SCALE_SIZE_DEP': False},
          'MASK_AUG': {'AREA_TH': 32400,
                       'ASPECT_RATIOS': (),
                       'ASPECT_RATIO_H_FLIP': False,
                       'ENABLED': False,
                       'HEUR': 'SOFT_AVG',
                       'H_FLIP': False,
                       'MAX_SIZE': 4000,
                       'SCALES': (),
                       'SCALE_H_FLIP': False,
                       'SCALE_SIZE_DEP': False},
          'MAX_SIZE': 1333,
          'NMS': 0.5,
          'PRECOMPUTED_PROPOSALS': False,
          'PROPOSAL_FILES': (),
          'PROPOSAL_LIMIT': 2000,
          'RPN_MIN_SIZE': 0,
          'RPN_NMS_THRESH': 0.7,
          'RPN_POST_NMS_TOP_N': 1000,
          'RPN_PRE_NMS_TOP_N': 1000,
          'SCALE': 800,
          'SCORE_THRESH': 0.05,
          'SOFT_NMS': {'ENABLED': False, 'METHOD': 'linear', 'SIGMA': 0.5}},
 'TRAIN': {'ASPECT_CROPPING': False,
           'ASPECT_GROUPING': True,
           'ASPECT_HI': 2,
           'ASPECT_LO': 0.5,
           'BATCH_SIZE_PER_IM': 512,
           'BBOX_INSIDE_WEIGHTS': (1.0, 1.0, 1.0, 1.0),
           'BBOX_NORMALIZE_MEANS': (0.0, 0.0, 0.0, 0.0),
           'BBOX_NORMALIZE_STDS': (0.1, 0.1, 0.2, 0.2),
           'BBOX_NORMALIZE_TARGETS': True,
           'BBOX_NORMALIZE_TARGETS_PRECOMPUTED': False,
           'BBOX_THRESH': 0.5,
           'BG_THRESH_HI': 0.5,
           'BG_THRESH_LO': 0.0,
           'CROWD_FILTER_THRESH': 0.7,
           'DATASETS': (),
           'FG_FRACTION': 0.25,
           'FG_THRESH': 0.5,
           'FREEZE_CONV_BODY': False,
           'GT_MIN_AREA': -1,
           'IMS_PER_BATCH': 2,
           'MAX_SIZE': 1333,
           'PROPOSAL_FILES': (),
           'RPN_BATCH_SIZE_PER_IM': 256,
           'RPN_FG_FRACTION': 0.5,
           'RPN_MIN_SIZE': 0,
           'RPN_NEGATIVE_OVERLAP': 0.3,
           'RPN_NMS_THRESH': 0.7,
           'RPN_POSITIVE_OVERLAP': 0.7,
           'RPN_POST_NMS_TOP_N': 2000,
           'RPN_PRE_NMS_TOP_N': 2000,
           'RPN_STRADDLE_THRESH': 0,
           'SCALES': (800,),
           'SNAPSHOT_ITERS': 20000,
           'USE_FLIPPED': False},
 'VIS': False,
 'VIS_TH': 0.9}
INFO test_engine.py: 352: loading checkpoint /home/ubuntu/vdp-tool-chain/data/ns-vqa-data/pretrained/object_detector.pt
INFO test_engine.py: 286: im_detect: range [1, 6] of 6: 1/6 1.107s + 0.003s (eta: 0:00:05)
INFO test_engine.py: 336: Wrote detections to: /home/ubuntu/vdp-tool-chain/data/clevr-cleaned-puzzles/aphaeresis/infer/mask_rcnn/detections.pkl
INFO test_engine.py: 164: Total inference time: 5.585s


| processing proposals 1 / 6 images
| processing proposals 2 / 6 images
| processing proposals 3 / 6 images
| processing proposals 4 / 6 images
| processing proposals 5 / 6 images
| processing proposals 6 / 6 images
| saving object annotations to data/clevr-cleaned-puzzles/aphaeresis/infer/attrnet/predictions.json


| options
run_dir: data/clevr-cleaned-puzzles/aphaeresis/solver_ir
dataset: clevr
load_checkpoint_path: /home/ubuntu/vdp-tool-chain/data/ns-vqa-data/pretrained/attribute_net.pt
gpu_ids: [0]
clevr_mini_img_dir: /home/ubuntu/vdp-tool-chain/data/ns-vqa-data/raw/CLEVR_mini/images
clevr_mini_ann_path: /home/ubuntu/vdp-tool-chain/data/ns-vqa-data/attr_net/objects/clevr_mini_objs.json
concat_img: 1
split_id: 3500
batch_size: 50
num_workers: 4
learning_rate: 0.002
split: val
output_path: data/clevr-cleaned-puzzles/aphaeresis/solver_ir/results.json
clevr_val_ann_path: data/clevr-cleaned-puzzles/aphaeresis/infer/attrnet/predictions.json
clevr_val_img_dir: /home/ubuntu/vdp-tool-chain/data/ns-vqa-data/raw/CLEVR_v1.0/images/val
shuffle_data: 0
use_cat_label: 1
name: aphaeresis
| loading checkpoint from /home/ubuntu/vdp-tool-chain/data/ns-vqa-data/pretrained/attribute_net.pt
clevr_object.py: CLEVR_val_000000.png val 0 0
clevr_object.py: CLEVR_val_000000.png val 0 1
clevr_object.py: CLEVR_val_000000.png val 0 2
clevr_object.py: CLEVR_val_000001.png val 1 3
clevr_object.py: CLEVR_val_000001.png val 1 4
clevr_object.py: CLEVR_val_000001.png val 1 5
clevr_object.py: CLEVR_val_000002.png val 2 6
clevr_object.py: CLEVR_val_000002.png val 2 7
clevr_object.py: CLEVR_val_000002.png val 2 8
clevr_object.py: CLEVR_val_000002.png val 2 9
clevr_object.py: CLEVR_val_000003.png val 3 10
clevr_object.py: CLEVR_val_000003.png val 3 11
clevr_object.py: CLEVR_val_000003.png val 3 12
clevr_object.py: CLEVR_val_000004.png val 4 13
clevr_object.py: CLEVR_val_000004.png val 4 14
clevr_object.py: CLEVR_val_000004.png val 4 15
clevr_object.py: CLEVR_val_000004.png val 4 16
clevr_object.py: CLEVR_val_000005.png val 5 17
clevr_object.py: CLEVR_val_000005.png val 5 18
19 / 19 objects processed
| saving annotation file to data/clevr-cleaned-puzzles/aphaeresis/solver_ir/results.json


0.json in test
THRESHOLD relate_behind objs = {'id': '0-0', 'position': [-0.6575791239738464, 0.029021527618169785, 0.6921094655990601], 'color': 'red', 'material': 'rubber', 'shape': 'cube', 'size': 'large'}, {'id': '0-2', 'position': [-2.7846298217773438, -0.13477998971939087, 0.6932337880134583], 'color': 'red', 'material': 'rubber', 'shape': 'cylinder', 'size': 'large'}
THRESHOLD relate_front objs = {'id': '0-0', 'position': [-0.6575791239738464, 0.029021527618169785, 0.6921094655990601], 'color': 'red', 'material': 'rubber', 'shape': 'cube', 'size': 'large'}, {'id': '0-1', 'position': [2.685878276824951, 0.2643161714076996, 0.6911381483078003], 'color': 'red', 'material': 'rubber', 'shape': 'cube', 'size': 'large'}
THRESHOLD relate_behind objs = {'id': '0-1', 'position': [2.685878276824951, 0.2643161714076996, 0.6911381483078003], 'color': 'red', 'material': 'rubber', 'shape': 'cube', 'size': 'large'}, {'id': '0-0', 'position': [-0.6575791239738464, 0.029021527618169785, 0.6921094655990601], 'color': 'red', 'material': 'rubber', 'shape': 'cube', 'size': 'large'}
THRESHOLD relate_behind objs = {'id': '0-1', 'position': [2.685878276824951, 0.2643161714076996, 0.6911381483078003], 'color': 'red', 'material': 'rubber', 'shape': 'cube', 'size': 'large'}, {'id': '0-2', 'position': [-2.7846298217773438, -0.13477998971939087, 0.6932337880134583], 'color': 'red', 'material': 'rubber', 'shape': 'cylinder', 'size': 'large'}
THRESHOLD relate_front objs = {'id': '0-2', 'position': [-2.7846298217773438, -0.13477998971939087, 0.6932337880134583], 'color': 'red', 'material': 'rubber', 'shape': 'cylinder', 'size': 'large'}, {'id': '0-0', 'position': [-0.6575791239738464, 0.029021527618169785, 0.6921094655990601], 'color': 'red', 'material': 'rubber', 'shape': 'cube', 'size': 'large'}
THRESHOLD relate_front objs = {'id': '0-2', 'position': [-2.7846298217773438, -0.13477998971939087, 0.6932337880134583], 'color': 'red', 'material': 'rubber', 'shape': 'cylinder', 'size': 'large'}, {'id': '0-1', 'position': [2.685878276824951, 0.2643161714076996, 0.6911381483078003], 'color': 'red', 'material': 'rubber', 'shape': 'cube', 'size': 'large'}
1.json in test
THRESHOLD relate_front objs = {'id': '1-0', 'position': [-2.7895495891571045, -0.12271945923566818, 0.6945269107818604], 'color': 'red', 'material': 'rubber', 'shape': 'cylinder', 'size': 'large'}, {'id': '1-1', 'position': [2.8802497386932373, 0.24411392211914062, 0.6853417158126831], 'color': 'red', 'material': 'rubber', 'shape': 'sphere', 'size': 'large'}
THRESHOLD relate_front objs = {'id': '1-0', 'position': [-2.7895495891571045, -0.12271945923566818, 0.6945269107818604], 'color': 'red', 'material': 'rubber', 'shape': 'cylinder', 'size': 'large'}, {'id': '1-2', 'position': [0.7962067127227783, 0.12659376859664917, 0.692984402179718], 'color': 'red', 'material': 'rubber', 'shape': 'sphere', 'size': 'large'}
THRESHOLD relate_behind objs = {'id': '1-1', 'position': [2.8802497386932373, 0.24411392211914062, 0.6853417158126831], 'color': 'red', 'material': 'rubber', 'shape': 'sphere', 'size': 'large'}, {'id': '1-0', 'position': [-2.7895495891571045, -0.12271945923566818, 0.6945269107818604], 'color': 'red', 'material': 'rubber', 'shape': 'cylinder', 'size': 'large'}
THRESHOLD relate_behind objs = {'id': '1-1', 'position': [2.8802497386932373, 0.24411392211914062, 0.6853417158126831], 'color': 'red', 'material': 'rubber', 'shape': 'sphere', 'size': 'large'}, {'id': '1-2', 'position': [0.7962067127227783, 0.12659376859664917, 0.692984402179718], 'color': 'red', 'material': 'rubber', 'shape': 'sphere', 'size': 'large'}
THRESHOLD relate_behind objs = {'id': '1-2', 'position': [0.7962067127227783, 0.12659376859664917, 0.692984402179718], 'color': 'red', 'material': 'rubber', 'shape': 'sphere', 'size': 'large'}, {'id': '1-0', 'position': [-2.7895495891571045, -0.12271945923566818, 0.6945269107818604], 'color': 'red', 'material': 'rubber', 'shape': 'cylinder', 'size': 'large'}
THRESHOLD relate_front objs = {'id': '1-2', 'position': [0.7962067127227783, 0.12659376859664917, 0.692984402179718], 'color': 'red', 'material': 'rubber', 'shape': 'sphere', 'size': 'large'}, {'id': '1-1', 'position': [2.8802497386932373, 0.24411392211914062, 0.6853417158126831], 'color': 'red', 'material': 'rubber', 'shape': 'sphere', 'size': 'large'}
2.json in test
THRESHOLD relate_behind objs = {'id': '2-0', 'position': [0.016644395887851715, 0.1170286014676094, 0.3399907946586609], 'color': 'red', 'material': 'rubber', 'shape': 'cube', 'size': 'small'}, {'id': '2-2', 'position': [-2.827286958694458, -0.17944127321243286, 0.34424731135368347], 'color': 'red', 'material': 'rubber', 'shape': 'cube', 'size': 'small'}
THRESHOLD relate_behind objs = {'id': '2-0', 'position': [0.016644395887851715, 0.1170286014676094, 0.3399907946586609], 'color': 'red', 'material': 'rubber', 'shape': 'cube', 'size': 'small'}, {'id': '2-3', 'position': [-1.3872231245040894, -0.07976800948381424, 0.3498695492744446], 'color': 'red', 'material': 'rubber', 'shape': 'cylinder', 'size': 'small'}
THRESHOLD relate_front objs = {'id': '2-0', 'position': [0.016644395887851715, 0.1170286014676094, 0.3399907946586609], 'color': 'red', 'material': 'rubber', 'shape': 'cube', 'size': 'small'}, {'id': '2-1', 'position': [2.8321964740753174, 0.2679247558116913, 0.34160053730010986], 'color': 'red', 'material': 'rubber', 'shape': 'cube', 'size': 'small'}
THRESHOLD relate_behind objs = {'id': '2-1', 'position': [2.8321964740753174, 0.2679247558116913, 0.34160053730010986], 'color': 'red', 'material': 'rubber', 'shape': 'cube', 'size': 'small'}, {'id': '2-0', 'position': [0.016644395887851715, 0.1170286014676094, 0.3399907946586609], 'color': 'red', 'material': 'rubber', 'shape': 'cube', 'size': 'small'}
THRESHOLD relate_behind objs = {'id': '2-1', 'position': [2.8321964740753174, 0.2679247558116913, 0.34160053730010986], 'color': 'red', 'material': 'rubber', 'shape': 'cube', 'size': 'small'}, {'id': '2-3', 'position': [-1.3872231245040894, -0.07976800948381424, 0.3498695492744446], 'color': 'red', 'material': 'rubber', 'shape': 'cylinder', 'size': 'small'}
THRESHOLD relate_front objs = {'id': '2-2', 'position': [-2.827286958694458, -0.17944127321243286, 0.34424731135368347], 'color': 'red', 'material': 'rubber', 'shape': 'cube', 'size': 'small'}, {'id': '2-0', 'position': [0.016644395887851715, 0.1170286014676094, 0.3399907946586609], 'color': 'red', 'material': 'rubber', 'shape': 'cube', 'size': 'small'}
THRESHOLD relate_front objs = {'id': '2-2', 'position': [-2.827286958694458, -0.17944127321243286, 0.34424731135368347], 'color': 'red', 'material': 'rubber', 'shape': 'cube', 'size': 'small'}, {'id': '2-3', 'position': [-1.3872231245040894, -0.07976800948381424, 0.3498695492744446], 'color': 'red', 'material': 'rubber', 'shape': 'cylinder', 'size': 'small'}
THRESHOLD relate_behind objs = {'id': '2-3', 'position': [-1.3872231245040894, -0.07976800948381424, 0.3498695492744446], 'color': 'red', 'material': 'rubber', 'shape': 'cylinder', 'size': 'small'}, {'id': '2-2', 'position': [-2.827286958694458, -0.17944127321243286, 0.34424731135368347], 'color': 'red', 'material': 'rubber', 'shape': 'cube', 'size': 'small'}
THRESHOLD relate_front objs = {'id': '2-3', 'position': [-1.3872231245040894, -0.07976800948381424, 0.3498695492744446], 'color': 'red', 'material': 'rubber', 'shape': 'cylinder', 'size': 'small'}, {'id': '2-0', 'position': [0.016644395887851715, 0.1170286014676094, 0.3399907946586609], 'color': 'red', 'material': 'rubber', 'shape': 'cube', 'size': 'small'}
THRESHOLD relate_front objs = {'id': '2-3', 'position': [-1.3872231245040894, -0.07976800948381424, 0.3498695492744446], 'color': 'red', 'material': 'rubber', 'shape': 'cylinder', 'size': 'small'}, {'id': '2-1', 'position': [2.8321964740753174, 0.2679247558116913, 0.34160053730010986], 'color': 'red', 'material': 'rubber', 'shape': 'cube', 'size': 'small'}
3.json in train
THRESHOLD relate_behind objs = {'id': '3-0', 'position': [2.7989561557769775, 0.20907139778137207, 0.6899644136428833], 'color': 'cyan', 'material': 'metal', 'shape': 'cube', 'size': 'large'}, {'id': '3-1', 'position': [0.08115896582603455, 0.07018804550170898, 0.6895572543144226], 'color': 'cyan', 'material': 'metal', 'shape': 'cube', 'size': 'large'}
THRESHOLD relate_behind objs = {'id': '3-0', 'position': [2.7989561557769775, 0.20907139778137207, 0.6899644136428833], 'color': 'cyan', 'material': 'metal', 'shape': 'cube', 'size': 'large'}, {'id': '3-2', 'position': [-2.7944955825805664, -0.13272836804389954, 0.6917383074760437], 'color': 'red', 'material': 'rubber', 'shape': 'cylinder', 'size': 'large'}
THRESHOLD relate_behind objs = {'id': '3-1', 'position': [0.08115896582603455, 0.07018804550170898, 0.6895572543144226], 'color': 'cyan', 'material': 'metal', 'shape': 'cube', 'size': 'large'}, {'id': '3-2', 'position': [-2.7944955825805664, -0.13272836804389954, 0.6917383074760437], 'color': 'red', 'material': 'rubber', 'shape': 'cylinder', 'size': 'large'}
THRESHOLD relate_front objs = {'id': '3-1', 'position': [0.08115896582603455, 0.07018804550170898, 0.6895572543144226], 'color': 'cyan', 'material': 'metal', 'shape': 'cube', 'size': 'large'}, {'id': '3-0', 'position': [2.7989561557769775, 0.20907139778137207, 0.6899644136428833], 'color': 'cyan', 'material': 'metal', 'shape': 'cube', 'size': 'large'}
THRESHOLD relate_front objs = {'id': '3-2', 'position': [-2.7944955825805664, -0.13272836804389954, 0.6917383074760437], 'color': 'red', 'material': 'rubber', 'shape': 'cylinder', 'size': 'large'}, {'id': '3-0', 'position': [2.7989561557769775, 0.20907139778137207, 0.6899644136428833], 'color': 'cyan', 'material': 'metal', 'shape': 'cube', 'size': 'large'}
THRESHOLD relate_front objs = {'id': '3-2', 'position': [-2.7944955825805664, -0.13272836804389954, 0.6917383074760437], 'color': 'red', 'material': 'rubber', 'shape': 'cylinder', 'size': 'large'}, {'id': '3-1', 'position': [0.08115896582603455, 0.07018804550170898, 0.6895572543144226], 'color': 'cyan', 'material': 'metal', 'shape': 'cube', 'size': 'large'}
4.json in train
THRESHOLD relate_front objs = {'id': '4-0', 'position': [-2.7338194847106934, -0.16683200001716614, 0.34381407499313354], 'color': 'blue', 'material': 'rubber', 'shape': 'cylinder', 'size': 'small'}, {'id': '4-1', 'position': [2.1311428546905518, 0.17155787348747253, 0.34408631920814514], 'color': 'cyan', 'material': 'rubber', 'shape': 'cube', 'size': 'small'}
THRESHOLD relate_front objs = {'id': '4-0', 'position': [-2.7338194847106934, -0.16683200001716614, 0.34381407499313354], 'color': 'blue', 'material': 'rubber', 'shape': 'cylinder', 'size': 'small'}, {'id': '4-3', 'position': [0.009300507605075836, 0.059396892786026, 0.6957762837409973], 'color': 'yellow', 'material': 'metal', 'shape': 'cube', 'size': 'large'}
THRESHOLD relate_behind objs = {'id': '4-1', 'position': [2.1311428546905518, 0.17155787348747253, 0.34408631920814514], 'color': 'cyan', 'material': 'rubber', 'shape': 'cube', 'size': 'small'}, {'id': '4-0', 'position': [-2.7338194847106934, -0.16683200001716614, 0.34381407499313354], 'color': 'blue', 'material': 'rubber', 'shape': 'cylinder', 'size': 'small'}
THRESHOLD relate_behind objs = {'id': '4-1', 'position': [2.1311428546905518, 0.17155787348747253, 0.34408631920814514], 'color': 'cyan', 'material': 'rubber', 'shape': 'cube', 'size': 'small'}, {'id': '4-3', 'position': [0.009300507605075836, 0.059396892786026, 0.6957762837409973], 'color': 'yellow', 'material': 'metal', 'shape': 'cube', 'size': 'large'}
THRESHOLD relate_front objs = {'id': '4-1', 'position': [2.1311428546905518, 0.17155787348747253, 0.34408631920814514], 'color': 'cyan', 'material': 'rubber', 'shape': 'cube', 'size': 'small'}, {'id': '4-2', 'position': [3.370234727859497, 0.34111830592155457, 0.3396608531475067], 'color': 'cyan', 'material': 'rubber', 'shape': 'cube', 'size': 'small'}
THRESHOLD relate_behind objs = {'id': '4-2', 'position': [3.370234727859497, 0.34111830592155457, 0.3396608531475067], 'color': 'cyan', 'material': 'rubber', 'shape': 'cube', 'size': 'small'}, {'id': '4-1', 'position': [2.1311428546905518, 0.17155787348747253, 0.34408631920814514], 'color': 'cyan', 'material': 'rubber', 'shape': 'cube', 'size': 'small'}
THRESHOLD relate_behind objs = {'id': '4-2', 'position': [3.370234727859497, 0.34111830592155457, 0.3396608531475067], 'color': 'cyan', 'material': 'rubber', 'shape': 'cube', 'size': 'small'}, {'id': '4-3', 'position': [0.009300507605075836, 0.059396892786026, 0.6957762837409973], 'color': 'yellow', 'material': 'metal', 'shape': 'cube', 'size': 'large'}
THRESHOLD relate_behind objs = {'id': '4-3', 'position': [0.009300507605075836, 0.059396892786026, 0.6957762837409973], 'color': 'yellow', 'material': 'metal', 'shape': 'cube', 'size': 'large'}, {'id': '4-0', 'position': [-2.7338194847106934, -0.16683200001716614, 0.34381407499313354], 'color': 'blue', 'material': 'rubber', 'shape': 'cylinder', 'size': 'small'}
THRESHOLD relate_front objs = {'id': '4-3', 'position': [0.009300507605075836, 0.059396892786026, 0.6957762837409973], 'color': 'yellow', 'material': 'metal', 'shape': 'cube', 'size': 'large'}, {'id': '4-1', 'position': [2.1311428546905518, 0.17155787348747253, 0.34408631920814514], 'color': 'cyan', 'material': 'rubber', 'shape': 'cube', 'size': 'small'}
THRESHOLD relate_front objs = {'id': '4-3', 'position': [0.009300507605075836, 0.059396892786026, 0.6957762837409973], 'color': 'yellow', 'material': 'metal', 'shape': 'cube', 'size': 'large'}, {'id': '4-2', 'position': [3.370234727859497, 0.34111830592155457, 0.3396608531475067], 'color': 'cyan', 'material': 'rubber', 'shape': 'cube', 'size': 'small'}
5.json in train
THRESHOLD relate_front objs = {'id': '5-0', 'position': [-1.3851245641708374, -0.07911133766174316, 0.6900032758712769], 'color': 'blue', 'material': 'metal', 'shape': 'cylinder', 'size': 'large'}, {'id': '5-1', 'position': [1.3769091367721558, 0.09880302101373672, 0.33862701058387756], 'color': 'yellow', 'material': 'metal', 'shape': 'cube', 'size': 'small'}
THRESHOLD relate_behind objs = {'id': '5-1', 'position': [1.3769091367721558, 0.09880302101373672, 0.33862701058387756], 'color': 'yellow', 'material': 'metal', 'shape': 'cube', 'size': 'small'}, {'id': '5-0', 'position': [-1.3851245641708374, -0.07911133766174316, 0.6900032758712769], 'color': 'blue', 'material': 'metal', 'shape': 'cylinder', 'size': 'large'}
