Started Logging. 2022-07-09 11:12:54.593037

0.json in train
THRESHOLD relate_behind objs = {'id': '0-0', 'position': [2.2809977531433105, -1.8877663612365723, 0.3425632119178772], 'color': 'gray', 'material': 'rubber', 'shape': 'cylinder', 'size': 'small'}, {'id': '0-1', 'position': [0.25876158475875854, -2.0613415241241455, 0.3397819995880127], 'color': 'gray', 'material': 'rubber', 'shape': 'cylinder', 'size': 'small'}
THRESHOLD relate_front objs = {'id': '0-1', 'position': [0.25876158475875854, -2.0613415241241455, 0.3397819995880127], 'color': 'gray', 'material': 'rubber', 'shape': 'cylinder', 'size': 'small'}, {'id': '0-0', 'position': [2.2809977531433105, -1.8877663612365723, 0.3425632119178772], 'color': 'gray', 'material': 'rubber', 'shape': 'cylinder', 'size': 'small'}
THRESHOLD relate_behind objs = {'id': '0-2', 'position': [2.019331693649292, 2.130161762237549, 0.7103217244148254], 'color': 'yellow', 'material': 'metal', 'shape': 'cube', 'size': 'large'}, {'id': '0-3', 'position': [-0.0430334135890007, 2.1227428913116455, 0.6966488361358643], 'color': 'yellow', 'material': 'metal', 'shape': 'cube', 'size': 'large'}
THRESHOLD relate_front objs = {'id': '0-3', 'position': [-0.0430334135890007, 2.1227428913116455, 0.6966488361358643], 'color': 'yellow', 'material': 'metal', 'shape': 'cube', 'size': 'large'}, {'id': '0-2', 'position': [2.019331693649292, 2.130161762237549, 0.7103217244148254], 'color': 'yellow', 'material': 'metal', 'shape': 'cube', 'size': 'large'}
1.json in test
THRESHOLD relate_right objs = {'id': '1-0', 'position': [-0.10514242202043533, 1.9609534740447998, 0.34410616755485535], 'color': 'gray', 'material': 'rubber', 'shape': 'cylinder', 'size': 'small'}, {'id': '1-2', 'position': [0.07677815109491348, -2.217158079147339, 0.34553492069244385], 'color': 'yellow', 'material': 'metal', 'shape': 'cube', 'size': 'small'}
THRESHOLD relate_front objs = {'id': '1-0', 'position': [-0.10514242202043533, 1.9609534740447998, 0.34410616755485535], 'color': 'gray', 'material': 'rubber', 'shape': 'cylinder', 'size': 'small'}, {'id': '1-1', 'position': [1.9907935857772827, 2.1603081226348877, 0.33712905645370483], 'color': 'gray', 'material': 'rubber', 'shape': 'cylinder', 'size': 'small'}
THRESHOLD relate_right objs = {'id': '1-1', 'position': [1.9907935857772827, 2.1603081226348877, 0.33712905645370483], 'color': 'gray', 'material': 'rubber', 'shape': 'cylinder', 'size': 'small'}, {'id': '1-3', 'position': [2.072065591812134, -1.8999701738357544, 0.3441814184188843], 'color': 'yellow', 'material': 'metal', 'shape': 'cube', 'size': 'small'}
THRESHOLD relate_behind objs = {'id': '1-1', 'position': [1.9907935857772827, 2.1603081226348877, 0.33712905645370483], 'color': 'gray', 'material': 'rubber', 'shape': 'cylinder', 'size': 'small'}, {'id': '1-0', 'position': [-0.10514242202043533, 1.9609534740447998, 0.34410616755485535], 'color': 'gray', 'material': 'rubber', 'shape': 'cylinder', 'size': 'small'}
THRESHOLD relate_left objs = {'id': '1-2', 'position': [0.07677815109491348, -2.217158079147339, 0.34553492069244385], 'color': 'yellow', 'material': 'metal', 'shape': 'cube', 'size': 'small'}, {'id': '1-0', 'position': [-0.10514242202043533, 1.9609534740447998, 0.34410616755485535], 'color': 'gray', 'material': 'rubber', 'shape': 'cylinder', 'size': 'small'}
THRESHOLD relate_front objs = {'id': '1-2', 'position': [0.07677815109491348, -2.217158079147339, 0.34553492069244385], 'color': 'yellow', 'material': 'metal', 'shape': 'cube', 'size': 'small'}, {'id': '1-3', 'position': [2.072065591812134, -1.8999701738357544, 0.3441814184188843], 'color': 'yellow', 'material': 'metal', 'shape': 'cube', 'size': 'small'}
THRESHOLD relate_left objs = {'id': '1-3', 'position': [2.072065591812134, -1.8999701738357544, 0.3441814184188843], 'color': 'yellow', 'material': 'metal', 'shape': 'cube', 'size': 'small'}, {'id': '1-1', 'position': [1.9907935857772827, 2.1603081226348877, 0.33712905645370483], 'color': 'gray', 'material': 'rubber', 'shape': 'cylinder', 'size': 'small'}
THRESHOLD relate_behind objs = {'id': '1-3', 'position': [2.072065591812134, -1.8999701738357544, 0.3441814184188843], 'color': 'yellow', 'material': 'metal', 'shape': 'cube', 'size': 'small'}, {'id': '1-2', 'position': [0.07677815109491348, -2.217158079147339, 0.34553492069244385], 'color': 'yellow', 'material': 'metal', 'shape': 'cube', 'size': 'small'}
2.json in test
THRESHOLD relate_front objs = {'id': '2-0', 'position': [0.29433974623680115, -1.9365429878234863, 0.35044777393341064], 'color': 'gray', 'material': 'rubber', 'shape': 'sphere', 'size': 'small'}, {'id': '2-1', 'position': [2.5039517879486084, -1.5526397228240967, 0.34328851103782654], 'color': 'gray', 'material': 'rubber', 'shape': 'sphere', 'size': 'small'}
THRESHOLD relate_behind objs = {'id': '2-1', 'position': [2.5039517879486084, -1.5526397228240967, 0.34328851103782654], 'color': 'gray', 'material': 'rubber', 'shape': 'sphere', 'size': 'small'}, {'id': '2-0', 'position': [0.29433974623680115, -1.9365429878234863, 0.35044777393341064], 'color': 'gray', 'material': 'rubber', 'shape': 'sphere', 'size': 'small'}
THRESHOLD relate_behind objs = {'id': '2-2', 'position': [1.9385815858840942, 2.169339656829834, 0.6857638359069824], 'color': 'yellow', 'material': 'metal', 'shape': 'cube', 'size': 'large'}, {'id': '2-3', 'position': [-0.11292154341936111, 2.0848472118377686, 0.6928751468658447], 'color': 'yellow', 'material': 'metal', 'shape': 'cube', 'size': 'large'}
THRESHOLD relate_front objs = {'id': '2-3', 'position': [-0.11292154341936111, 2.0848472118377686, 0.6928751468658447], 'color': 'yellow', 'material': 'metal', 'shape': 'cube', 'size': 'large'}, {'id': '2-2', 'position': [1.9385815858840942, 2.169339656829834, 0.6857638359069824], 'color': 'yellow', 'material': 'metal', 'shape': 'cube', 'size': 'large'}
3.json in train
THRESHOLD relate_behind objs = {'id': '3-0', 'position': [2.0493249893188477, 2.0870654582977295, 0.6875497102737427], 'color': 'blue', 'material': 'metal', 'shape': 'cube', 'size': 'large'}, {'id': '3-1', 'position': [-2.2612295150756836, 1.7377227544784546, 0.6997663974761963], 'color': 'blue', 'material': 'metal', 'shape': 'cube', 'size': 'large'}
THRESHOLD relate_behind objs = {'id': '3-0', 'position': [2.0493249893188477, 2.0870654582977295, 0.6875497102737427], 'color': 'blue', 'material': 'metal', 'shape': 'cube', 'size': 'large'}, {'id': '3-2', 'position': [-0.0764092430472374, 1.9164992570877075, 0.7332008481025696], 'color': 'blue', 'material': 'metal', 'shape': 'cube', 'size': 'large'}
THRESHOLD relate_front objs = {'id': '3-1', 'position': [-2.2612295150756836, 1.7377227544784546, 0.6997663974761963], 'color': 'blue', 'material': 'metal', 'shape': 'cube', 'size': 'large'}, {'id': '3-0', 'position': [2.0493249893188477, 2.0870654582977295, 0.6875497102737427], 'color': 'blue', 'material': 'metal', 'shape': 'cube', 'size': 'large'}
THRESHOLD relate_front objs = {'id': '3-1', 'position': [-2.2612295150756836, 1.7377227544784546, 0.6997663974761963], 'color': 'blue', 'material': 'metal', 'shape': 'cube', 'size': 'large'}, {'id': '3-2', 'position': [-0.0764092430472374, 1.9164992570877075, 0.7332008481025696], 'color': 'blue', 'material': 'metal', 'shape': 'cube', 'size': 'large'}
THRESHOLD relate_behind objs = {'id': '3-2', 'position': [-0.0764092430472374, 1.9164992570877075, 0.7332008481025696], 'color': 'blue', 'material': 'metal', 'shape': 'cube', 'size': 'large'}, {'id': '3-1', 'position': [-2.2612295150756836, 1.7377227544784546, 0.6997663974761963], 'color': 'blue', 'material': 'metal', 'shape': 'cube', 'size': 'large'}
THRESHOLD relate_front objs = {'id': '3-2', 'position': [-0.0764092430472374, 1.9164992570877075, 0.7332008481025696], 'color': 'blue', 'material': 'metal', 'shape': 'cube', 'size': 'large'}, {'id': '3-0', 'position': [2.0493249893188477, 2.0870654582977295, 0.6875497102737427], 'color': 'blue', 'material': 'metal', 'shape': 'cube', 'size': 'large'}
THRESHOLD relate_behind objs = {'id': '3-3', 'position': [0.18426942825317383, -2.6901395320892334, 0.34488415718078613], 'color': 'gray', 'material': 'rubber', 'shape': 'cylinder', 'size': 'small'}, {'id': '3-4', 'position': [-1.0709507465362549, -2.860719680786133, 0.33996227383613586], 'color': 'gray', 'material': 'rubber', 'shape': 'cylinder', 'size': 'small'}
THRESHOLD relate_front objs = {'id': '3-3', 'position': [0.18426942825317383, -2.6901395320892334, 0.34488415718078613], 'color': 'gray', 'material': 'rubber', 'shape': 'cylinder', 'size': 'small'}, {'id': '3-5', 'position': [1.4017490148544312, -2.5428614616394043, 0.3518367409706116], 'color': 'gray', 'material': 'rubber', 'shape': 'cylinder', 'size': 'small'}
THRESHOLD relate_front objs = {'id': '3-4', 'position': [-1.0709507465362549, -2.860719680786133, 0.33996227383613586], 'color': 'gray', 'material': 'rubber', 'shape': 'cylinder', 'size': 'small'}, {'id': '3-3', 'position': [0.18426942825317383, -2.6901395320892334, 0.34488415718078613], 'color': 'gray', 'material': 'rubber', 'shape': 'cylinder', 'size': 'small'}
THRESHOLD relate_front objs = {'id': '3-4', 'position': [-1.0709507465362549, -2.860719680786133, 0.33996227383613586], 'color': 'gray', 'material': 'rubber', 'shape': 'cylinder', 'size': 'small'}, {'id': '3-5', 'position': [1.4017490148544312, -2.5428614616394043, 0.3518367409706116], 'color': 'gray', 'material': 'rubber', 'shape': 'cylinder', 'size': 'small'}
THRESHOLD relate_behind objs = {'id': '3-5', 'position': [1.4017490148544312, -2.5428614616394043, 0.3518367409706116], 'color': 'gray', 'material': 'rubber', 'shape': 'cylinder', 'size': 'small'}, {'id': '3-3', 'position': [0.18426942825317383, -2.6901395320892334, 0.34488415718078613], 'color': 'gray', 'material': 'rubber', 'shape': 'cylinder', 'size': 'small'}
THRESHOLD relate_behind objs = {'id': '3-5', 'position': [1.4017490148544312, -2.5428614616394043, 0.3518367409706116], 'color': 'gray', 'material': 'rubber', 'shape': 'cylinder', 'size': 'small'}, {'id': '3-4', 'position': [-1.0709507465362549, -2.860719680786133, 0.33996227383613586], 'color': 'gray', 'material': 'rubber', 'shape': 'cylinder', 'size': 'small'}
4.json in test
THRESHOLD relate_behind objs = {'id': '4-0', 'position': [0.0951261892914772, -2.711765766143799, 0.34771621227264404], 'color': 'brown', 'material': 'rubber', 'shape': 'cylinder', 'size': 'small'}, {'id': '4-1', 'position': [1.3463822603225708, -2.777945041656494, 0.33844947814941406], 'color': 'brown', 'material': 'rubber', 'shape': 'cylinder', 'size': 'small'}
THRESHOLD relate_front objs = {'id': '4-1', 'position': [1.3463822603225708, -2.777945041656494, 0.33844947814941406], 'color': 'brown', 'material': 'rubber', 'shape': 'cylinder', 'size': 'small'}, {'id': '4-0', 'position': [0.0951261892914772, -2.711765766143799, 0.34771621227264404], 'color': 'brown', 'material': 'rubber', 'shape': 'cylinder', 'size': 'small'}
THRESHOLD relate_front objs = {'id': '4-2', 'position': [-0.24362671375274658, 1.922245740890503, 0.7078144550323486], 'color': 'green', 'material': 'metal', 'shape': 'cube', 'size': 'large'}, {'id': '4-3', 'position': [2.0293467044830322, 2.171792507171631, 0.7041299343109131], 'color': 'green', 'material': 'metal', 'shape': 'cube', 'size': 'large'}
THRESHOLD relate_behind objs = {'id': '4-3', 'position': [2.0293467044830322, 2.171792507171631, 0.7041299343109131], 'color': 'green', 'material': 'metal', 'shape': 'cube', 'size': 'large'}, {'id': '4-2', 'position': [-0.24362671375274658, 1.922245740890503, 0.7078144550323486], 'color': 'green', 'material': 'metal', 'shape': 'cube', 'size': 'large'}
5.json in train
