Started Logging. 2022-07-09 21:53:14.361253

0.json in train
THRESHOLD relate_front objs = {'id': '0-0', 'position': [-2.7668027877807617, -0.13859979808330536, 0.6951693892478943], 'color': 'purple', 'material': 'metal', 'shape': 'sphere', 'size': 'large'}, {'id': '0-1', 'position': [-0.10231330245733261, 0.09354937821626663, 0.6892403960227966], 'color': 'yellow', 'material': 'metal', 'shape': 'cube', 'size': 'large'}
THRESHOLD relate_behind objs = {'id': '0-1', 'position': [-0.10231330245733261, 0.09354937821626663, 0.6892403960227966], 'color': 'yellow', 'material': 'metal', 'shape': 'cube', 'size': 'large'}, {'id': '0-0', 'position': [-2.7668027877807617, -0.13859979808330536, 0.6951693892478943], 'color': 'purple', 'material': 'metal', 'shape': 'sphere', 'size': 'large'}
1.json in test
THRESHOLD relate_behind objs = {'id': '1-0', 'position': [0.03354213386774063, 0.04540317878127098, 0.6918379068374634], 'color': 'brown', 'material': 'metal', 'shape': 'cube', 'size': 'large'}, {'id': '1-1', 'position': [-2.7519757747650146, -0.15852496027946472, 0.7057663798332214], 'color': 'cyan', 'material': 'metal', 'shape': 'sphere', 'size': 'large'}
THRESHOLD relate_front objs = {'id': '1-0', 'position': [0.03354213386774063, 0.04540317878127098, 0.6918379068374634], 'color': 'brown', 'material': 'metal', 'shape': 'cube', 'size': 'large'}, {'id': '1-2', 'position': [2.887636184692383, 0.09992910921573639, 0.6828638315200806], 'color': 'cyan', 'material': 'metal', 'shape': 'sphere', 'size': 'large'}
THRESHOLD relate_front objs = {'id': '1-1', 'position': [-2.7519757747650146, -0.15852496027946472, 0.7057663798332214], 'color': 'cyan', 'material': 'metal', 'shape': 'sphere', 'size': 'large'}, {'id': '1-0', 'position': [0.03354213386774063, 0.04540317878127098, 0.6918379068374634], 'color': 'brown', 'material': 'metal', 'shape': 'cube', 'size': 'large'}
THRESHOLD relate_front objs = {'id': '1-1', 'position': [-2.7519757747650146, -0.15852496027946472, 0.7057663798332214], 'color': 'cyan', 'material': 'metal', 'shape': 'sphere', 'size': 'large'}, {'id': '1-2', 'position': [2.887636184692383, 0.09992910921573639, 0.6828638315200806], 'color': 'cyan', 'material': 'metal', 'shape': 'sphere', 'size': 'large'}
THRESHOLD relate_behind objs = {'id': '1-2', 'position': [2.887636184692383, 0.09992910921573639, 0.6828638315200806], 'color': 'cyan', 'material': 'metal', 'shape': 'sphere', 'size': 'large'}, {'id': '1-0', 'position': [0.03354213386774063, 0.04540317878127098, 0.6918379068374634], 'color': 'brown', 'material': 'metal', 'shape': 'cube', 'size': 'large'}
THRESHOLD relate_behind objs = {'id': '1-2', 'position': [2.887636184692383, 0.09992910921573639, 0.6828638315200806], 'color': 'cyan', 'material': 'metal', 'shape': 'sphere', 'size': 'large'}, {'id': '1-1', 'position': [-2.7519757747650146, -0.15852496027946472, 0.7057663798332214], 'color': 'cyan', 'material': 'metal', 'shape': 'sphere', 'size': 'large'}
2.json in test
THRESHOLD relate_behind objs = {'id': '2-0', 'position': [0.057850971817970276, 0.1268744170665741, 0.6926077008247375], 'color': 'cyan', 'material': 'metal', 'shape': 'sphere', 'size': 'large'}, {'id': '2-1', 'position': [-2.8268725872039795, -0.25273534655570984, 0.687934398651123], 'color': 'yellow', 'material': 'metal', 'shape': 'cube', 'size': 'large'}
THRESHOLD relate_front objs = {'id': '2-1', 'position': [-2.8268725872039795, -0.25273534655570984, 0.687934398651123], 'color': 'yellow', 'material': 'metal', 'shape': 'cube', 'size': 'large'}, {'id': '2-0', 'position': [0.057850971817970276, 0.1268744170665741, 0.6926077008247375], 'color': 'cyan', 'material': 'metal', 'shape': 'sphere', 'size': 'large'}
3.json in train
THRESHOLD relate_behind objs = {'id': '3-0', 'position': [2.77252197265625, 0.15028485655784607, 0.6870839595794678], 'color': 'brown', 'material': 'metal', 'shape': 'cube', 'size': 'large'}, {'id': '3-1', 'position': [0.034662216901779175, -0.056901585310697556, 0.6918997764587402], 'color': 'cyan', 'material': 'metal', 'shape': 'sphere', 'size': 'large'}
THRESHOLD relate_front objs = {'id': '3-1', 'position': [0.034662216901779175, -0.056901585310697556, 0.6918997764587402], 'color': 'cyan', 'material': 'metal', 'shape': 'sphere', 'size': 'large'}, {'id': '3-0', 'position': [2.77252197265625, 0.15028485655784607, 0.6870839595794678], 'color': 'brown', 'material': 'metal', 'shape': 'cube', 'size': 'large'}
4.json in train
THRESHOLD relate_behind objs = {'id': '4-0', 'position': [2.801271677017212, 0.1712353229522705, 0.3406256437301636], 'color': 'purple', 'material': 'rubber', 'shape': 'cube', 'size': 'small'}, {'id': '4-1', 'position': [0.02891753613948822, -0.13242539763450623, 0.34504491090774536], 'color': 'purple', 'material': 'metal', 'shape': 'cube', 'size': 'small'}
THRESHOLD relate_behind objs = {'id': '4-0', 'position': [2.801271677017212, 0.1712353229522705, 0.3406256437301636], 'color': 'purple', 'material': 'rubber', 'shape': 'cube', 'size': 'small'}, {'id': '4-2', 'position': [-1.3271957635879517, -0.08026763051748276, 0.3487255871295929], 'color': 'yellow', 'material': 'metal', 'shape': 'sphere', 'size': 'small'}
THRESHOLD relate_behind objs = {'id': '4-0', 'position': [2.801271677017212, 0.1712353229522705, 0.3406256437301636], 'color': 'purple', 'material': 'rubber', 'shape': 'cube', 'size': 'small'}, {'id': '4-3', 'position': [1.4606502056121826, 0.01572510227560997, 0.33356836438179016], 'color': 'yellow', 'material': 'metal', 'shape': 'sphere', 'size': 'small'}
THRESHOLD relate_front objs = {'id': '4-1', 'position': [0.02891753613948822, -0.13242539763450623, 0.34504491090774536], 'color': 'purple', 'material': 'metal', 'shape': 'cube', 'size': 'small'}, {'id': '4-0', 'position': [2.801271677017212, 0.1712353229522705, 0.3406256437301636], 'color': 'purple', 'material': 'rubber', 'shape': 'cube', 'size': 'small'}
THRESHOLD relate_front objs = {'id': '4-1', 'position': [0.02891753613948822, -0.13242539763450623, 0.34504491090774536], 'color': 'purple', 'material': 'metal', 'shape': 'cube', 'size': 'small'}, {'id': '4-2', 'position': [-1.3271957635879517, -0.08026763051748276, 0.3487255871295929], 'color': 'yellow', 'material': 'metal', 'shape': 'sphere', 'size': 'small'}
THRESHOLD relate_front objs = {'id': '4-1', 'position': [0.02891753613948822, -0.13242539763450623, 0.34504491090774536], 'color': 'purple', 'material': 'metal', 'shape': 'cube', 'size': 'small'}, {'id': '4-3', 'position': [1.4606502056121826, 0.01572510227560997, 0.33356836438179016], 'color': 'yellow', 'material': 'metal', 'shape': 'sphere', 'size': 'small'}
THRESHOLD relate_behind objs = {'id': '4-2', 'position': [-1.3271957635879517, -0.08026763051748276, 0.3487255871295929], 'color': 'yellow', 'material': 'metal', 'shape': 'sphere', 'size': 'small'}, {'id': '4-1', 'position': [0.02891753613948822, -0.13242539763450623, 0.34504491090774536], 'color': 'purple', 'material': 'metal', 'shape': 'cube', 'size': 'small'}
THRESHOLD relate_front objs = {'id': '4-2', 'position': [-1.3271957635879517, -0.08026763051748276, 0.3487255871295929], 'color': 'yellow', 'material': 'metal', 'shape': 'sphere', 'size': 'small'}, {'id': '4-0', 'position': [2.801271677017212, 0.1712353229522705, 0.3406256437301636], 'color': 'purple', 'material': 'rubber', 'shape': 'cube', 'size': 'small'}
THRESHOLD relate_front objs = {'id': '4-2', 'position': [-1.3271957635879517, -0.08026763051748276, 0.3487255871295929], 'color': 'yellow', 'material': 'metal', 'shape': 'sphere', 'size': 'small'}, {'id': '4-3', 'position': [1.4606502056121826, 0.01572510227560997, 0.33356836438179016], 'color': 'yellow', 'material': 'metal', 'shape': 'sphere', 'size': 'small'}
THRESHOLD relate_behind objs = {'id': '4-3', 'position': [1.4606502056121826, 0.01572510227560997, 0.33356836438179016], 'color': 'yellow', 'material': 'metal', 'shape': 'sphere', 'size': 'small'}, {'id': '4-1', 'position': [0.02891753613948822, -0.13242539763450623, 0.34504491090774536], 'color': 'purple', 'material': 'metal', 'shape': 'cube', 'size': 'small'}
THRESHOLD relate_behind objs = {'id': '4-3', 'position': [1.4606502056121826, 0.01572510227560997, 0.33356836438179016], 'color': 'yellow', 'material': 'metal', 'shape': 'sphere', 'size': 'small'}, {'id': '4-2', 'position': [-1.3271957635879517, -0.08026763051748276, 0.3487255871295929], 'color': 'yellow', 'material': 'metal', 'shape': 'sphere', 'size': 'small'}
THRESHOLD relate_front objs = {'id': '4-3', 'position': [1.4606502056121826, 0.01572510227560997, 0.33356836438179016], 'color': 'yellow', 'material': 'metal', 'shape': 'sphere', 'size': 'small'}, {'id': '4-0', 'position': [2.801271677017212, 0.1712353229522705, 0.3406256437301636], 'color': 'purple', 'material': 'rubber', 'shape': 'cube', 'size': 'small'}
5.json in test
THRESHOLD relate_front objs = {'id': '5-0', 'position': [-1.4380213022232056, -0.050702162086963654, 0.6951977014541626], 'color': 'purple', 'material': 'rubber', 'shape': 'sphere', 'size': 'large'}, {'id': '5-1', 'position': [1.3027583360671997, 0.1295395791530609, 0.33756589889526367], 'color': 'yellow', 'material': 'metal', 'shape': 'cube', 'size': 'small'}
THRESHOLD relate_behind objs = {'id': '5-1', 'position': [1.3027583360671997, 0.1295395791530609, 0.33756589889526367], 'color': 'yellow', 'material': 'metal', 'shape': 'cube', 'size': 'small'}, {'id': '5-0', 'position': [-1.4380213022232056, -0.050702162086963654, 0.6951977014541626], 'color': 'purple', 'material': 'rubber', 'shape': 'sphere', 'size': 'large'}
