Started Logging. 2022-07-09 21:08:36.488147

found bundled python: /home/ubuntu/vdp/data/blender-2.78c-linux-glibc219-x86_64/2.78/python
read blend: /home/ubuntu/vdp/data/clevr_scene_data/base_scene.blend
convertViewVec: called in an invalid context
convertViewVec: called in an invalid context
Fra:1 Mem:10.12M (0.00M, Peak 10.13M) | Time:00:00.00 | Preparing Scene data
Fra:1 Mem:11.49M (0.00M, Peak 11.67M) | Time:00:00.00 | Preparing Scene data
Fra:1 Mem:11.49M (0.00M, Peak 11.67M) | Time:00:00.00 | Creating Shadowbuffers
Fra:1 Mem:11.49M (0.00M, Peak 11.67M) | Time:00:00.00 | Raytree.. preparing
Fra:1 Mem:12.76M (0.00M, Peak 12.76M) | Time:00:00.00 | Raytree.. building
Fra:1 Mem:12.69M (0.00M, Peak 14.68M) | Time:00:00.02 | Raytree finished
Fra:1 Mem:12.69M (0.00M, Peak 14.68M) | Time:00:00.02 | Creating Environment maps
Fra:1 Mem:12.69M (0.00M, Peak 14.68M) | Time:00:00.02 | Caching Point Densities
Fra:1 Mem:12.69M (0.00M, Peak 14.68M) | Time:00:00.02 | Sce: Scene Ve:7504 Fa:9231 La:1
Fra:1 Mem:12.69M (0.00M, Peak 14.68M) | Time:00:00.02 | Loading voxel datasets
Fra:1 Mem:12.69M (0.00M, Peak 14.68M) | Time:00:00.02 | Sce: Scene Ve:7504 Fa:9231 La:1
Fra:1 Mem:12.70M (0.00M, Peak 14.68M) | Time:00:00.02 | Sce: Scene Ve:7504 Fa:9231 La:1
Fra:1 Mem:12.70M (0.00M, Peak 14.68M) | Time:00:00.02 | Volume preprocessing
Fra:1 Mem:12.70M (0.00M, Peak 14.68M) | Time:00:00.02 | Sce: Scene Ve:7504 Fa:9231 La:1
Fra:1 Mem:12.70M (0.00M, Peak 14.68M) | Time:00:00.02 | Sce: Scene Ve:7504 Fa:9231 La:1
Fra:1 Mem:17.04M (0.00M, Peak 17.39M) | Time:00:00.02 | Scene, Part 3-4
Fra:1 Mem:16.72M (0.00M, Peak 17.39M) | Time:00:00.02 | Scene, Part 4-4
Fra:1 Mem:15.04M (0.00M, Peak 17.39M) | Time:00:00.03 | Scene, Part 1-4
Fra:1 Mem:13.79M (0.00M, Peak 17.39M) | Time:00:00.03 | Scene, Part 2-4
Fra:1 Mem:10.04M (0.00M, Peak 17.39M) | Time:00:00.03 | Sce: Scene Ve:7504 Fa:9231 La:1
Saved: '/tmp/tmpa3re1woe.png'
 Time: 00:00.07 (Saving: 00:00.04)

Fra:1 Mem:10.07M (0.00M, Peak 10.67M) | Time:00:00.04 | Mem:0.00M, Peak:0.00M | Scene, RenderLayer | Synchronizing object | Area
Fra:1 Mem:10.07M (0.00M, Peak 10.67M) | Time:00:00.04 | Mem:0.00M, Peak:0.00M | Scene, RenderLayer | Synchronizing object | Ground
Fra:1 Mem:10.14M (0.00M, Peak 10.67M) | Time:00:00.04 | Mem:0.00M, Peak:0.00M | Scene, RenderLayer | Synchronizing object | Empty
Fra:1 Mem:10.14M (0.00M, Peak 10.67M) | Time:00:00.04 | Mem:0.00M, Peak:0.00M | Scene, RenderLayer | Synchronizing object | Lamp_Back
Fra:1 Mem:10.14M (0.00M, Peak 10.67M) | Time:00:00.04 | Mem:0.00M, Peak:0.00M | Scene, RenderLayer | Synchronizing object | Lamp_Fill
Fra:1 Mem:10.14M (0.00M, Peak 10.67M) | Time:00:00.04 | Mem:0.00M, Peak:0.00M | Scene, RenderLayer | Synchronizing object | Lamp_Key
Fra:1 Mem:10.14M (0.00M, Peak 10.67M) | Time:00:00.04 | Mem:0.00M, Peak:0.00M | Scene, RenderLayer | Synchronizing object | Camera
Fra:1 Mem:10.14M (0.00M, Peak 10.67M) | Time:00:00.04 | Mem:0.00M, Peak:0.00M | Scene, RenderLayer | Synchronizing object | SmoothCube_v2_0
Fra:1 Mem:10.51M (0.00M, Peak 10.86M) | Time:00:00.05 | Mem:0.00M, Peak:0.00M | Scene, RenderLayer | Synchronizing object | SmoothCube_v2_1
Fra:1 Mem:10.87M (0.00M, Peak 11.23M) | Time:00:00.05 | Mem:0.00M, Peak:0.00M | Scene, RenderLayer | Initializing
Fra:1 Mem:10.87M (0.00M, Peak 11.23M) | Time:00:00.05 | Mem:0.00M, Peak:0.00M | Scene, RenderLayer | Loading render kernels (may take a few minutes the first time)
Fra:1 Mem:10.87M (0.00M, Peak 13.57M) | Time:00:00.06 | Mem:0.00M, Peak:0.00M | Scene, RenderLayer | Waiting for render to start
Fra:1 Mem:10.87M (0.00M, Peak 13.57M) | Time:00:00.06 | Mem:0.00M, Peak:0.00M | Scene, RenderLayer | Updating Scene
Fra:1 Mem:10.87M (0.00M, Peak 13.57M) | Time:00:00.06 | Mem:0.00M, Peak:0.00M | Scene, RenderLayer | Updating Shaders
Fra:1 Mem:11.38M (0.00M, Peak 13.57M) | Time:00:00.14 | Mem:0.00M, Peak:0.00M | Scene, RenderLayer | Updating Background
Fra:1 Mem:11.38M (0.00M, Peak 13.57M) | Time:00:00.14 | Mem:0.00M, Peak:0.00M | Scene, RenderLayer | Updating Camera
Fra:1 Mem:11.38M (0.00M, Peak 13.57M) | Time:00:00.14 | Mem:0.00M, Peak:0.00M | Scene, RenderLayer | Updating Meshes Flags
Fra:1 Mem:11.38M (0.00M, Peak 13.57M) | Time:00:00.14 | Mem:0.00M, Peak:0.00M | Scene, RenderLayer | Updating Objects
Fra:1 Mem:11.38M (0.00M, Peak 13.57M) | Time:00:00.14 | Mem:0.00M, Peak:0.00M | Scene, RenderLayer | Updating Objects | Copying Transformations to device
Fra:1 Mem:11.38M (0.00M, Peak 13.57M) | Time:00:00.14 | Mem:0.00M, Peak:0.00M | Scene, RenderLayer | Updating Objects | Applying Static Transformations
Fra:1 Mem:11.38M (0.00M, Peak 13.57M) | Time:00:00.14 | Mem:0.00M, Peak:0.00M | Scene, RenderLayer | Updating Meshes
Fra:1 Mem:11.63M (0.00M, Peak 13.57M) | Time:00:00.14 | Mem:0.00M, Peak:0.00M | Scene, RenderLayer | Updating Mesh | Computing attributes
Fra:1 Mem:11.74M (0.00M, Peak 13.57M) | Time:00:00.14 | Mem:0.00M, Peak:0.00M | Scene, RenderLayer | Updating Mesh | Copying Attributes to device
Fra:1 Mem:11.74M (0.00M, Peak 13.57M) | Time:00:00.14 | Mem:0.12M, Peak:0.12M | Scene, RenderLayer | Updating Scene BVH | Building
Fra:1 Mem:11.74M (0.00M, Peak 13.57M) | Time:00:00.14 | Mem:0.12M, Peak:0.12M | Scene, RenderLayer | Updating Scene BVH | Building BVH
Fra:1 Mem:12.69M (0.00M, Peak 13.57M) | Time:00:00.16 | Mem:0.12M, Peak:0.12M | Scene, RenderLayer | Updating Scene BVH | Packing BVH triangles and strands
Fra:1 Mem:13.57M (0.00M, Peak 13.57M) | Time:00:00.16 | Mem:0.12M, Peak:0.12M | Scene, RenderLayer | Updating Scene BVH | Packing BVH nodes
Fra:1 Mem:13.06M (0.00M, Peak 13.82M) | Time:00:00.16 | Mem:0.12M, Peak:0.12M | Scene, RenderLayer | Updating Scene BVH | Copying BVH to device
Fra:1 Mem:13.12M (0.00M, Peak 13.82M) | Time:00:00.16 | Mem:1.43M, Peak:1.43M | Scene, RenderLayer | Updating Mesh | Computing normals
Fra:1 Mem:13.69M (0.00M, Peak 13.82M) | Time:00:00.16 | Mem:1.43M, Peak:1.43M | Scene, RenderLayer | Updating Mesh | Copying Mesh to device
Fra:1 Mem:13.63M (0.00M, Peak 13.82M) | Time:00:00.16 | Mem:2.00M, Peak:2.00M | Scene, RenderLayer | Updating Objects Flags
Fra:1 Mem:13.63M (0.00M, Peak 13.82M) | Time:00:00.16 | Mem:2.00M, Peak:2.00M | Scene, RenderLayer | Updating Images
Fra:1 Mem:13.63M (0.00M, Peak 13.82M) | Time:00:00.16 | Mem:2.00M, Peak:2.00M | Scene, RenderLayer | Updating Camera Volume
Fra:1 Mem:13.63M (0.00M, Peak 13.82M) | Time:00:00.16 | Mem:2.00M, Peak:2.00M | Scene, RenderLayer | Updating Hair Systems
Fra:1 Mem:13.63M (0.00M, Peak 13.82M) | Time:00:00.16 | Mem:2.00M, Peak:2.00M | Scene, RenderLayer | Updating Hair settings | Copying Hair settings to device
Fra:1 Mem:13.63M (0.00M, Peak 13.82M) | Time:00:00.16 | Mem:2.00M, Peak:2.00M | Scene, RenderLayer | Updating Lookup Tables
Fra:1 Mem:13.63M (0.00M, Peak 13.82M) | Time:00:00.16 | Mem:2.25M, Peak:2.25M | Scene, RenderLayer | Updating Lights
Fra:1 Mem:13.63M (0.00M, Peak 13.82M) | Time:00:00.16 | Mem:2.25M, Peak:2.25M | Scene, RenderLayer | Updating Lights | Computing distribution
Fra:1 Mem:13.63M (0.00M, Peak 13.82M) | Time:00:00.16 | Mem:2.26M, Peak:2.26M | Scene, RenderLayer | Updating Particle Systems
Fra:1 Mem:13.63M (0.00M, Peak 13.82M) | Time:00:00.16 | Mem:2.26M, Peak:2.26M | Scene, RenderLayer | Updating Particle Systems | Copying Particles to device
Fra:1 Mem:13.63M (0.00M, Peak 13.82M) | Time:00:00.16 | Mem:2.26M, Peak:2.26M | Scene, RenderLayer | Updating Integrator
Fra:1 Mem:13.67M (0.00M, Peak 13.82M) | Time:00:00.16 | Mem:2.30M, Peak:2.30M | Scene, RenderLayer | Updating Film
Fra:1 Mem:13.67M (0.00M, Peak 13.93M) | Time:00:00.16 | Mem:2.30M, Peak:2.30M | Scene, RenderLayer | Updating Lookup Tables
Fra:1 Mem:13.67M (0.00M, Peak 13.93M) | Time:00:00.16 | Mem:2.30M, Peak:2.30M | Scene, RenderLayer | Updating Baking
Fra:1 Mem:13.67M (0.00M, Peak 13.93M) | Time:00:00.16 | Mem:2.30M, Peak:2.30M | Scene, RenderLayer | Updating Device | Writing constant memory
Fra:1 Mem:13.67M (0.00M, Peak 13.93M) | Time:00:00.16 | Mem:2.30M, Peak:2.30M | Scene, RenderLayer | Path Tracing Tile 0/4, Sample 0/512
Fra:1 Mem:15.92M (0.00M, Peak 17.18M) | Time:00:00.16 | Mem:4.55M, Peak:4.55M | Scene, RenderLayer | Path Tracing Tile 1/4, Sample 0/512
Fra:1 Mem:15.92M (0.00M, Peak 18.18M) | Time:00:01.17 | Remaining:00:09.97 | Mem:4.55M, Peak:4.55M | Scene, RenderLayer | Path Tracing Tile 1/4, Sample 110/512
Fra:1 Mem:15.92M (0.00M, Peak 18.18M) | Time:00:02.17 | Remaining:00:08.91 | Mem:4.55M, Peak:4.55M | Scene, RenderLayer | Path Tracing Tile 1/4, Sample 221/512
Fra:1 Mem:15.92M (0.00M, Peak 18.18M) | Time:00:03.17 | Remaining:00:07.91 | Mem:4.55M, Peak:4.55M | Scene, RenderLayer | Path Tracing Tile 1/4, Sample 331/512
Fra:1 Mem:15.92M (0.00M, Peak 18.18M) | Time:00:04.18 | Remaining:00:06.91 | Mem:4.55M, Peak:4.55M | Scene, RenderLayer | Path Tracing Tile 1/4, Sample 441/512
Fra:1 Mem:13.67M (0.00M, Peak 18.18M) | Time:00:04.83 | Remaining:00:06.27 | Mem:2.30M, Peak:4.55M | Scene, RenderLayer | Path Tracing Tile 1/4, Sample 512/512
Fra:1 Mem:15.64M (0.00M, Peak 18.18M) | Time:00:04.83 | Remaining:00:06.28 | Mem:4.27M, Peak:4.55M | Scene, RenderLayer | Path Tracing Tile 2/4, Sample 512/512
Fra:1 Mem:15.64M (0.00M, Peak 18.18M) | Time:00:05.19 | Remaining:00:05.92 | Mem:4.27M, Peak:4.55M | Scene, RenderLayer | Path Tracing Tile 2/4, Sample 44/512
Fra:1 Mem:15.64M (0.00M, Peak 18.18M) | Time:00:06.19 | Remaining:00:04.93 | Mem:4.27M, Peak:4.55M | Scene, RenderLayer | Path Tracing Tile 2/4, Sample 169/512
Fra:1 Mem:15.64M (0.00M, Peak 18.18M) | Time:00:07.19 | Remaining:00:03.93 | Mem:4.27M, Peak:4.55M | Scene, RenderLayer | Path Tracing Tile 2/4, Sample 294/512
Fra:1 Mem:15.64M (0.00M, Peak 18.18M) | Time:00:08.20 | Remaining:00:02.94 | Mem:4.27M, Peak:4.55M | Scene, RenderLayer | Path Tracing Tile 2/4, Sample 419/512
Fra:1 Mem:13.67M (0.00M, Peak 18.18M) | Time:00:08.95 | Remaining:00:02.19 | Mem:2.30M, Peak:4.55M | Scene, RenderLayer | Path Tracing Tile 2/4, Sample 512/512
Fra:1 Mem:14.24M (0.00M, Peak 18.18M) | Time:00:08.95 | Remaining:00:02.19 | Mem:2.86M, Peak:4.55M | Scene, RenderLayer | Path Tracing Tile 3/4, Sample 512/512
Fra:1 Mem:14.24M (0.00M, Peak 18.18M) | Time:00:09.20 | Remaining:00:02.08 | Mem:2.86M, Peak:4.55M | Scene, RenderLayer | Path Tracing Tile 3/4, Sample 59/512
Fra:1 Mem:14.24M (0.00M, Peak 18.18M) | Time:00:10.20 | Remaining:00:01.60 | Mem:2.86M, Peak:4.55M | Scene, RenderLayer | Path Tracing Tile 3/4, Sample 300/512
Fra:1 Mem:13.67M (0.00M, Peak 18.18M) | Time:00:11.09 | Remaining:00:01.12 | Mem:2.30M, Peak:4.55M | Scene, RenderLayer | Path Tracing Tile 3/4, Sample 512/512
Fra:1 Mem:14.17M (0.00M, Peak 18.18M) | Time:00:11.09 | Remaining:00:01.12 | Mem:2.79M, Peak:4.55M | Scene, RenderLayer | Path Tracing Tile 4/4, Sample 512/512
Fra:1 Mem:14.17M (0.00M, Peak 18.18M) | Time:00:11.20 | Remaining:00:01.06 | Mem:2.79M, Peak:4.55M | Scene, RenderLayer | Path Tracing Tile 4/4, Sample 30/512
Fra:1 Mem:14.17M (0.00M, Peak 18.18M) | Time:00:12.21 | Remaining:00:00.50 | Mem:2.79M, Peak:4.55M | Scene, RenderLayer | Path Tracing Tile 4/4, Sample 290/512
Fra:1 Mem:13.67M (0.00M, Peak 18.18M) | Time:00:13.07 | Mem:2.30M, Peak:4.55M | Scene, RenderLayer | Path Tracing Tile 4/4, Sample 512/512
Fra:1 Mem:13.67M (0.00M, Peak 18.18M) | Time:00:13.07 | Mem:2.30M, Peak:4.55M | Scene, RenderLayer | Finished
Fra:1 Mem:10.32M (0.00M, Peak 18.18M) | Time:00:13.15 | Sce: Scene Ve:0 Fa:0 La:0
Saved: 'data/clevr-cleaned-variants/alternate-color/fovariant-24/render/images/CLEVR_val_000000.png'
 Time: 00:13.18 (Saving: 00:00.03)

read blend: /home/ubuntu/vdp/data/clevr_scene_data/base_scene.blend
convertViewVec: called in an invalid context
convertViewVec: called in an invalid context
Fra:1 Mem:10.39M (0.00M, Peak 10.39M) | Time:00:00.00 | Preparing Scene data
Fra:1 Mem:11.75M (0.00M, Peak 11.93M) | Time:00:00.00 | Preparing Scene data
Fra:1 Mem:11.75M (0.00M, Peak 11.93M) | Time:00:00.00 | Creating Shadowbuffers
Fra:1 Mem:11.75M (0.00M, Peak 11.93M) | Time:00:00.00 | Raytree.. preparing
Fra:1 Mem:13.02M (0.00M, Peak 13.02M) | Time:00:00.00 | Raytree.. building
Fra:1 Mem:12.96M (0.00M, Peak 14.94M) | Time:00:00.02 | Raytree finished
Fra:1 Mem:12.96M (0.00M, Peak 14.94M) | Time:00:00.02 | Creating Environment maps
Fra:1 Mem:12.96M (0.00M, Peak 14.94M) | Time:00:00.02 | Caching Point Densities
Fra:1 Mem:12.96M (0.00M, Peak 14.94M) | Time:00:00.02 | Sce: Scene Ve:7504 Fa:9234 La:1
Fra:1 Mem:12.96M (0.00M, Peak 14.94M) | Time:00:00.02 | Loading voxel datasets
Fra:1 Mem:12.96M (0.00M, Peak 14.94M) | Time:00:00.02 | Sce: Scene Ve:7504 Fa:9234 La:1
Fra:1 Mem:12.96M (0.00M, Peak 14.94M) | Time:00:00.02 | Sce: Scene Ve:7504 Fa:9234 La:1
Fra:1 Mem:12.96M (0.00M, Peak 14.94M) | Time:00:00.02 | Volume preprocessing
Fra:1 Mem:12.96M (0.00M, Peak 14.94M) | Time:00:00.02 | Sce: Scene Ve:7504 Fa:9234 La:1
Fra:1 Mem:12.96M (0.00M, Peak 14.94M) | Time:00:00.02 | Sce: Scene Ve:7504 Fa:9234 La:1
Fra:1 Mem:17.03M (0.00M, Peak 17.22M) | Time:00:00.02 | Scene, Part 3-4
Fra:1 Mem:16.99M (0.00M, Peak 17.25M) | Time:00:00.02 | Scene, Part 4-4
Fra:1 Mem:16.05M (0.00M, Peak 17.25M) | Time:00:00.03 | Scene, Part 2-4
Fra:1 Mem:14.21M (0.00M, Peak 17.25M) | Time:00:00.03 | Scene, Part 1-4
Fra:1 Mem:10.30M (0.00M, Peak 17.25M) | Time:00:00.03 | Sce: Scene Ve:7504 Fa:9234 La:1
Saved: '/tmp/tmp_ug3ahhp.png'
 Time: 00:00.05 (Saving: 00:00.01)

Fra:1 Mem:10.34M (0.00M, Peak 10.93M) | Time:00:00.04 | Mem:0.00M, Peak:0.00M | Scene, RenderLayer | Synchronizing object | Area
Fra:1 Mem:10.34M (0.00M, Peak 10.93M) | Time:00:00.04 | Mem:0.00M, Peak:0.00M | Scene, RenderLayer | Synchronizing object | Ground
Fra:1 Mem:10.40M (0.00M, Peak 10.93M) | Time:00:00.04 | Mem:0.00M, Peak:0.00M | Scene, RenderLayer | Synchronizing object | Empty
Fra:1 Mem:10.40M (0.00M, Peak 10.93M) | Time:00:00.04 | Mem:0.00M, Peak:0.00M | Scene, RenderLayer | Synchronizing object | Lamp_Back
Fra:1 Mem:10.40M (0.00M, Peak 10.93M) | Time:00:00.04 | Mem:0.00M, Peak:0.00M | Scene, RenderLayer | Synchronizing object | Lamp_Fill
Fra:1 Mem:10.40M (0.00M, Peak 10.93M) | Time:00:00.04 | Mem:0.00M, Peak:0.00M | Scene, RenderLayer | Synchronizing object | Lamp_Key
Fra:1 Mem:10.40M (0.00M, Peak 10.93M) | Time:00:00.04 | Mem:0.00M, Peak:0.00M | Scene, RenderLayer | Synchronizing object | Camera
Fra:1 Mem:10.40M (0.00M, Peak 10.93M) | Time:00:00.04 | Mem:0.00M, Peak:0.00M | Scene, RenderLayer | Synchronizing object | SmoothCube_v2_0
Fra:1 Mem:10.77M (0.00M, Peak 11.12M) | Time:00:00.05 | Mem:0.00M, Peak:0.00M | Scene, RenderLayer | Synchronizing object | SmoothCube_v2_1
Fra:1 Mem:11.13M (0.00M, Peak 11.49M) | Time:00:00.05 | Mem:0.00M, Peak:0.00M | Scene, RenderLayer | Initializing
Fra:1 Mem:11.13M (0.00M, Peak 11.49M) | Time:00:00.05 | Mem:0.00M, Peak:0.00M | Scene, RenderLayer | Loading render kernels (may take a few minutes the first time)
Fra:1 Mem:11.13M (0.00M, Peak 13.84M) | Time:00:00.06 | Mem:0.00M, Peak:0.00M | Scene, RenderLayer | Waiting for render to start
Fra:1 Mem:11.13M (0.00M, Peak 13.84M) | Time:00:00.06 | Mem:0.00M, Peak:0.00M | Scene, RenderLayer | Updating Scene
Fra:1 Mem:11.13M (0.00M, Peak 13.84M) | Time:00:00.06 | Mem:0.00M, Peak:0.00M | Scene, RenderLayer | Updating Shaders
Fra:1 Mem:11.39M (0.00M, Peak 13.84M) | Time:00:00.06 | Mem:0.00M, Peak:0.00M | Scene, RenderLayer | Updating Background
Fra:1 Mem:11.39M (0.00M, Peak 13.84M) | Time:00:00.06 | Mem:0.00M, Peak:0.00M | Scene, RenderLayer | Updating Camera
Fra:1 Mem:11.39M (0.00M, Peak 13.84M) | Time:00:00.06 | Mem:0.00M, Peak:0.00M | Scene, RenderLayer | Updating Meshes Flags
Fra:1 Mem:11.39M (0.00M, Peak 13.84M) | Time:00:00.06 | Mem:0.00M, Peak:0.00M | Scene, RenderLayer | Updating Objects
Fra:1 Mem:11.39M (0.00M, Peak 13.84M) | Time:00:00.06 | Mem:0.00M, Peak:0.00M | Scene, RenderLayer | Updating Objects | Copying Transformations to device
Fra:1 Mem:11.39M (0.00M, Peak 13.84M) | Time:00:00.06 | Mem:0.00M, Peak:0.00M | Scene, RenderLayer | Updating Objects | Applying Static Transformations
Fra:1 Mem:11.39M (0.00M, Peak 13.84M) | Time:00:00.06 | Mem:0.00M, Peak:0.00M | Scene, RenderLayer | Updating Meshes
Fra:1 Mem:11.64M (0.00M, Peak 13.84M) | Time:00:00.06 | Mem:0.00M, Peak:0.00M | Scene, RenderLayer | Updating Mesh | Computing attributes
Fra:1 Mem:11.75M (0.00M, Peak 13.84M) | Time:00:00.06 | Mem:0.00M, Peak:0.00M | Scene, RenderLayer | Updating Mesh | Copying Attributes to device
Fra:1 Mem:11.75M (0.00M, Peak 13.84M) | Time:00:00.06 | Mem:0.12M, Peak:0.12M | Scene, RenderLayer | Updating Scene BVH | Building
Fra:1 Mem:11.75M (0.00M, Peak 13.84M) | Time:00:00.06 | Mem:0.12M, Peak:0.12M | Scene, RenderLayer | Updating Scene BVH | Building BVH
Fra:1 Mem:12.70M (0.00M, Peak 13.84M) | Time:00:00.07 | Mem:0.12M, Peak:0.12M | Scene, RenderLayer | Updating Scene BVH | Packing BVH triangles and strands
Fra:1 Mem:13.58M (0.00M, Peak 13.84M) | Time:00:00.08 | Mem:0.12M, Peak:0.12M | Scene, RenderLayer | Updating Scene BVH | Packing BVH nodes
Fra:1 Mem:13.07M (0.00M, Peak 13.84M) | Time:00:00.08 | Mem:0.12M, Peak:0.12M | Scene, RenderLayer | Updating Scene BVH | Copying BVH to device
Fra:1 Mem:13.13M (0.00M, Peak 13.84M) | Time:00:00.08 | Mem:1.43M, Peak:1.43M | Scene, RenderLayer | Updating Mesh | Computing normals
Fra:1 Mem:13.70M (0.00M, Peak 13.84M) | Time:00:00.08 | Mem:1.43M, Peak:1.43M | Scene, RenderLayer | Updating Mesh | Copying Mesh to device
Fra:1 Mem:13.64M (0.00M, Peak 13.84M) | Time:00:00.08 | Mem:2.00M, Peak:2.00M | Scene, RenderLayer | Updating Objects Flags
Fra:1 Mem:13.64M (0.00M, Peak 13.84M) | Time:00:00.08 | Mem:2.00M, Peak:2.00M | Scene, RenderLayer | Updating Images
Fra:1 Mem:13.64M (0.00M, Peak 13.84M) | Time:00:00.08 | Mem:2.00M, Peak:2.00M | Scene, RenderLayer | Updating Camera Volume
Fra:1 Mem:13.64M (0.00M, Peak 13.84M) | Time:00:00.08 | Mem:2.00M, Peak:2.00M | Scene, RenderLayer | Updating Hair Systems
Fra:1 Mem:13.64M (0.00M, Peak 13.84M) | Time:00:00.08 | Mem:2.00M, Peak:2.00M | Scene, RenderLayer | Updating Hair settings | Copying Hair settings to device
Fra:1 Mem:13.64M (0.00M, Peak 13.84M) | Time:00:00.08 | Mem:2.00M, Peak:2.00M | Scene, RenderLayer | Updating Lookup Tables
Fra:1 Mem:13.64M (0.00M, Peak 13.84M) | Time:00:00.08 | Mem:2.25M, Peak:2.25M | Scene, RenderLayer | Updating Lights
Fra:1 Mem:13.64M (0.00M, Peak 13.84M) | Time:00:00.08 | Mem:2.26M, Peak:2.26M | Scene, RenderLayer | Updating Lights | Computing distribution
Fra:1 Mem:13.64M (0.00M, Peak 13.84M) | Time:00:00.08 | Mem:2.26M, Peak:2.26M | Scene, RenderLayer | Updating Particle Systems
Fra:1 Mem:13.64M (0.00M, Peak 13.84M) | Time:00:00.08 | Mem:2.26M, Peak:2.26M | Scene, RenderLayer | Updating Particle Systems | Copying Particles to device
Fra:1 Mem:13.64M (0.00M, Peak 13.84M) | Time:00:00.08 | Mem:2.26M, Peak:2.26M | Scene, RenderLayer | Updating Integrator
Fra:1 Mem:13.68M (0.00M, Peak 13.84M) | Time:00:00.08 | Mem:2.30M, Peak:2.30M | Scene, RenderLayer | Updating Film
Fra:1 Mem:13.69M (0.00M, Peak 13.94M) | Time:00:00.08 | Mem:2.30M, Peak:2.30M | Scene, RenderLayer | Updating Lookup Tables
Fra:1 Mem:13.69M (0.00M, Peak 13.94M) | Time:00:00.08 | Mem:2.30M, Peak:2.30M | Scene, RenderLayer | Updating Baking
Fra:1 Mem:13.69M (0.00M, Peak 13.94M) | Time:00:00.08 | Mem:2.30M, Peak:2.30M | Scene, RenderLayer | Updating Device | Writing constant memory
Fra:1 Mem:13.69M (0.00M, Peak 13.94M) | Time:00:00.08 | Mem:2.30M, Peak:2.30M | Scene, RenderLayer | Path Tracing Tile 0/4, Sample 0/512
Fra:1 Mem:15.94M (0.00M, Peak 17.19M) | Time:00:00.08 | Mem:4.55M, Peak:4.55M | Scene, RenderLayer | Path Tracing Tile 1/4, Sample 0/512
Fra:1 Mem:15.94M (0.00M, Peak 18.19M) | Time:00:01.08 | Remaining:00:10.24 | Mem:4.55M, Peak:4.55M | Scene, RenderLayer | Path Tracing Tile 1/4, Sample 107/512
Fra:1 Mem:15.94M (0.00M, Peak 18.19M) | Time:00:02.08 | Remaining:00:09.18 | Mem:4.55M, Peak:4.55M | Scene, RenderLayer | Path Tracing Tile 1/4, Sample 215/512
Fra:1 Mem:15.94M (0.00M, Peak 18.19M) | Time:00:03.09 | Remaining:00:08.17 | Mem:4.55M, Peak:4.55M | Scene, RenderLayer | Path Tracing Tile 1/4, Sample 323/512
Fra:1 Mem:15.94M (0.00M, Peak 18.19M) | Time:00:04.09 | Remaining:00:07.18 | Mem:4.55M, Peak:4.55M | Scene, RenderLayer | Path Tracing Tile 1/4, Sample 430/512
Fra:1 Mem:13.69M (0.00M, Peak 18.19M) | Time:00:04.86 | Remaining:00:06.43 | Mem:2.30M, Peak:4.55M | Scene, RenderLayer | Path Tracing Tile 1/4, Sample 512/512
Fra:1 Mem:15.65M (0.00M, Peak 18.19M) | Time:00:04.87 | Remaining:00:06.43 | Mem:4.27M, Peak:4.55M | Scene, RenderLayer | Path Tracing Tile 2/4, Sample 512/512
Fra:1 Mem:15.65M (0.00M, Peak 18.19M) | Time:00:05.10 | Remaining:00:06.17 | Mem:4.27M, Peak:4.55M | Scene, RenderLayer | Path Tracing Tile 2/4, Sample 30/512
Fra:1 Mem:15.65M (0.00M, Peak 18.19M) | Time:00:06.10 | Remaining:00:05.07 | Mem:4.27M, Peak:4.55M | Scene, RenderLayer | Path Tracing Tile 2/4, Sample 159/512
Fra:1 Mem:15.65M (0.00M, Peak 18.19M) | Time:00:07.11 | Remaining:00:04.01 | Mem:4.27M, Peak:4.55M | Scene, RenderLayer | Path Tracing Tile 2/4, Sample 288/512
Fra:1 Mem:15.65M (0.00M, Peak 18.19M) | Time:00:08.11 | Remaining:00:02.96 | Mem:4.27M, Peak:4.55M | Scene, RenderLayer | Path Tracing Tile 2/4, Sample 416/512
Fra:1 Mem:13.69M (0.00M, Peak 18.19M) | Time:00:08.87 | Remaining:00:02.19 | Mem:2.30M, Peak:4.55M | Scene, RenderLayer | Path Tracing Tile 2/4, Sample 512/512
Fra:1 Mem:14.25M (0.00M, Peak 18.19M) | Time:00:08.87 | Remaining:00:02.19 | Mem:2.86M, Peak:4.55M | Scene, RenderLayer | Path Tracing Tile 3/4, Sample 512/512
Fra:1 Mem:14.25M (0.00M, Peak 18.19M) | Time:00:09.11 | Remaining:00:02.08 | Mem:2.86M, Peak:4.55M | Scene, RenderLayer | Path Tracing Tile 3/4, Sample 58/512
Fra:1 Mem:14.25M (0.00M, Peak 18.19M) | Time:00:10.11 | Remaining:00:01.60 | Mem:2.86M, Peak:4.55M | Scene, RenderLayer | Path Tracing Tile 3/4, Sample 299/512
Fra:1 Mem:13.69M (0.00M, Peak 18.19M) | Time:00:11.01 | Remaining:00:01.12 | Mem:2.30M, Peak:4.55M | Scene, RenderLayer | Path Tracing Tile 3/4, Sample 512/512
Fra:1 Mem:14.18M (0.00M, Peak 18.19M) | Time:00:11.01 | Remaining:00:01.12 | Mem:2.79M, Peak:4.55M | Scene, RenderLayer | Path Tracing Tile 4/4, Sample 512/512
Fra:1 Mem:14.18M (0.00M, Peak 18.19M) | Time:00:11.11 | Remaining:00:01.06 | Mem:2.79M, Peak:4.55M | Scene, RenderLayer | Path Tracing Tile 4/4, Sample 28/512
Fra:1 Mem:14.18M (0.00M, Peak 18.19M) | Time:00:12.12 | Remaining:00:00.51 | Mem:2.79M, Peak:4.55M | Scene, RenderLayer | Path Tracing Tile 4/4, Sample 287/512
Fra:1 Mem:13.69M (0.00M, Peak 18.19M) | Time:00:12.99 | Mem:2.30M, Peak:4.55M | Scene, RenderLayer | Path Tracing Tile 4/4, Sample 512/512
Fra:1 Mem:13.69M (0.00M, Peak 18.19M) | Time:00:12.99 | Mem:2.30M, Peak:4.55M | Scene, RenderLayer | Finished
Fra:1 Mem:10.33M (0.00M, Peak 18.19M) | Time:00:13.07 | Sce: Scene Ve:0 Fa:0 La:0
Saved: 'data/clevr-cleaned-variants/alternate-color/fovariant-24/render/images/CLEVR_val_000001.png'
 Time: 00:13.11 (Saving: 00:00.03)

read blend: /home/ubuntu/vdp/data/clevr_scene_data/base_scene.blend
convertViewVec: called in an invalid context
convertViewVec: called in an invalid context
convertViewVec: called in an invalid context
convertViewVec: called in an invalid context
Fra:1 Mem:26.49M (0.00M, Peak 26.50M) | Time:00:00.00 | Preparing Scene data
Fra:1 Mem:42.84M (0.00M, Peak 44.99M) | Time:00:00.03 | Preparing Scene data
Fra:1 Mem:42.84M (0.00M, Peak 44.99M) | Time:00:00.03 | Creating Shadowbuffers
Fra:1 Mem:42.84M (0.00M, Peak 44.99M) | Time:00:00.03 | Raytree.. preparing
Fra:1 Mem:61.05M (0.00M, Peak 61.05M) | Time:00:00.05 | Raytree.. building
Fra:1 Mem:60.09M (0.00M, Peak 88.52M) | Time:00:00.35 | Raytree finished
Fra:1 Mem:60.09M (0.00M, Peak 88.52M) | Time:00:00.35 | Creating Environment maps
Fra:1 Mem:60.09M (0.00M, Peak 88.52M) | Time:00:00.35 | Caching Point Densities
Fra:1 Mem:60.09M (0.00M, Peak 88.52M) | Time:00:00.35 | Sce: Scene Ve:141320 Fa:132608 La:1
Fra:1 Mem:60.09M (0.00M, Peak 88.52M) | Time:00:00.35 | Loading voxel datasets
Fra:1 Mem:60.09M (0.00M, Peak 88.52M) | Time:00:00.35 | Sce: Scene Ve:141320 Fa:132608 La:1
Fra:1 Mem:60.09M (0.00M, Peak 88.52M) | Time:00:00.35 | Sce: Scene Ve:141320 Fa:132608 La:1
Fra:1 Mem:60.09M (0.00M, Peak 88.52M) | Time:00:00.35 | Volume preprocessing
Fra:1 Mem:60.09M (0.00M, Peak 88.52M) | Time:00:00.35 | Sce: Scene Ve:141320 Fa:132608 La:1
Fra:1 Mem:60.09M (0.00M, Peak 88.52M) | Time:00:00.35 | Sce: Scene Ve:141320 Fa:132608 La:1
Fra:1 Mem:64.38M (0.00M, Peak 88.52M) | Time:00:00.37 | Scene, Part 3-4
Fra:1 Mem:64.12M (0.00M, Peak 88.52M) | Time:00:00.37 | Scene, Part 4-4
Fra:1 Mem:63.19M (0.00M, Peak 88.52M) | Time:00:00.37 | Scene, Part 2-4
Fra:1 Mem:61.34M (0.00M, Peak 88.52M) | Time:00:00.38 | Scene, Part 1-4
Fra:1 Mem:26.35M (0.00M, Peak 88.52M) | Time:00:00.38 | Sce: Scene Ve:141320 Fa:132608 La:1
Saved: '/tmp/tmpz6nzckio.png'
 Time: 00:00.40 (Saving: 00:00.01)

Fra:1 Mem:26.38M (0.00M, Peak 26.98M) | Time:00:00.04 | Mem:0.00M, Peak:0.00M | Scene, RenderLayer | Synchronizing object | Area
Fra:1 Mem:26.38M (0.00M, Peak 26.98M) | Time:00:00.05 | Mem:0.00M, Peak:0.00M | Scene, RenderLayer | Synchronizing object | Ground
Fra:1 Mem:26.45M (0.00M, Peak 26.98M) | Time:00:00.05 | Mem:0.00M, Peak:0.00M | Scene, RenderLayer | Synchronizing object | Empty
Fra:1 Mem:26.45M (0.00M, Peak 26.98M) | Time:00:00.05 | Mem:0.00M, Peak:0.00M | Scene, RenderLayer | Synchronizing object | Lamp_Back
Fra:1 Mem:26.45M (0.00M, Peak 26.98M) | Time:00:00.05 | Mem:0.00M, Peak:0.00M | Scene, RenderLayer | Synchronizing object | Lamp_Fill
Fra:1 Mem:26.45M (0.00M, Peak 26.98M) | Time:00:00.05 | Mem:0.00M, Peak:0.00M | Scene, RenderLayer | Synchronizing object | Lamp_Key
Fra:1 Mem:26.45M (0.00M, Peak 26.98M) | Time:00:00.05 | Mem:0.00M, Peak:0.00M | Scene, RenderLayer | Synchronizing object | Camera
Fra:1 Mem:26.45M (0.00M, Peak 26.98M) | Time:00:00.05 | Mem:0.00M, Peak:0.00M | Scene, RenderLayer | Synchronizing object | SmoothCylinder_0
Fra:1 Mem:29.77M (0.00M, Peak 32.86M) | Time:00:00.06 | Mem:0.00M, Peak:0.00M | Scene, RenderLayer | Synchronizing object | SmoothCylinder_1
Fra:1 Mem:33.09M (0.00M, Peak 36.18M) | Time:00:00.07 | Mem:0.00M, Peak:0.00M | Scene, RenderLayer | Synchronizing object | SmoothCylinder_2
Fra:1 Mem:36.41M (0.00M, Peak 39.50M) | Time:00:00.08 | Mem:0.00M, Peak:0.00M | Scene, RenderLayer | Synchronizing object | SmoothCylinder_3
Fra:1 Mem:39.73M (0.00M, Peak 42.82M) | Time:00:00.09 | Mem:0.00M, Peak:0.00M | Scene, RenderLayer | Initializing
Fra:1 Mem:39.73M (0.00M, Peak 42.82M) | Time:00:00.09 | Mem:0.00M, Peak:0.00M | Scene, RenderLayer | Loading render kernels (may take a few minutes the first time)
Fra:1 Mem:39.73M (0.00M, Peak 42.82M) | Time:00:00.11 | Mem:0.00M, Peak:0.00M | Scene, RenderLayer | Waiting for render to start
Fra:1 Mem:39.73M (0.00M, Peak 42.82M) | Time:00:00.11 | Mem:0.00M, Peak:0.00M | Scene, RenderLayer | Updating Scene
Fra:1 Mem:39.73M (0.00M, Peak 42.82M) | Time:00:00.11 | Mem:0.00M, Peak:0.00M | Scene, RenderLayer | Updating Shaders
Fra:1 Mem:39.99M (0.00M, Peak 42.82M) | Time:00:00.11 | Mem:0.00M, Peak:0.00M | Scene, RenderLayer | Updating Background
Fra:1 Mem:39.99M (0.00M, Peak 42.82M) | Time:00:00.11 | Mem:0.00M, Peak:0.00M | Scene, RenderLayer | Updating Camera
Fra:1 Mem:39.99M (0.00M, Peak 42.82M) | Time:00:00.11 | Mem:0.00M, Peak:0.00M | Scene, RenderLayer | Updating Meshes Flags
Fra:1 Mem:39.99M (0.00M, Peak 42.82M) | Time:00:00.11 | Mem:0.00M, Peak:0.00M | Scene, RenderLayer | Updating Objects
Fra:1 Mem:39.99M (0.00M, Peak 42.82M) | Time:00:00.11 | Mem:0.00M, Peak:0.00M | Scene, RenderLayer | Updating Objects | Copying Transformations to device
Fra:1 Mem:39.99M (0.00M, Peak 42.82M) | Time:00:00.11 | Mem:0.00M, Peak:0.00M | Scene, RenderLayer | Updating Objects | Applying Static Transformations
Fra:1 Mem:39.99M (0.00M, Peak 42.82M) | Time:00:00.11 | Mem:0.00M, Peak:0.00M | Scene, RenderLayer | Updating Meshes
Fra:1 Mem:44.04M (0.00M, Peak 44.04M) | Time:00:00.12 | Mem:0.00M, Peak:0.00M | Scene, RenderLayer | Updating Mesh | Computing attributes
Fra:1 Mem:46.20M (0.00M, Peak 46.20M) | Time:00:00.12 | Mem:0.00M, Peak:0.00M | Scene, RenderLayer | Updating Mesh | Copying Attributes to device
Fra:1 Mem:46.20M (0.00M, Peak 48.35M) | Time:00:00.13 | Mem:2.16M, Peak:2.16M | Scene, RenderLayer | Updating Scene BVH | Building
Fra:1 Mem:46.20M (0.00M, Peak 48.35M) | Time:00:00.13 | Mem:2.16M, Peak:2.16M | Scene, RenderLayer | Updating Scene BVH | Building BVH
Fra:1 Mem:61.40M (0.00M, Peak 61.40M) | Time:00:00.32 | Mem:2.16M, Peak:2.16M | Scene, RenderLayer | Updating Scene BVH | Packing BVH triangles and strands
Fra:1 Mem:75.59M (0.00M, Peak 75.59M) | Time:00:00.34 | Mem:2.16M, Peak:2.16M | Scene, RenderLayer | Updating Scene BVH | Packing BVH nodes
Fra:1 Mem:67.83M (0.00M, Peak 79.99M) | Time:00:00.36 | Mem:2.16M, Peak:2.16M | Scene, RenderLayer | Updating Scene BVH | Copying BVH to device
Fra:1 Mem:68.84M (0.00M, Peak 79.99M) | Time:00:00.37 | Mem:23.79M, Peak:23.79M | Scene, RenderLayer | Updating Mesh | Computing normals
Fra:1 Mem:78.18M (0.00M, Peak 79.99M) | Time:00:00.37 | Mem:23.79M, Peak:23.79M | Scene, RenderLayer | Updating Mesh | Copying Mesh to device
Fra:1 Mem:77.16M (0.00M, Peak 79.99M) | Time:00:00.37 | Mem:33.13M, Peak:33.13M | Scene, RenderLayer | Updating Objects Flags
Fra:1 Mem:77.16M (0.00M, Peak 79.99M) | Time:00:00.37 | Mem:33.13M, Peak:33.13M | Scene, RenderLayer | Updating Images
Fra:1 Mem:77.16M (0.00M, Peak 79.99M) | Time:00:00.37 | Mem:33.13M, Peak:33.13M | Scene, RenderLayer | Updating Camera Volume
Fra:1 Mem:77.16M (0.00M, Peak 79.99M) | Time:00:00.37 | Mem:33.13M, Peak:33.13M | Scene, RenderLayer | Updating Hair Systems
Fra:1 Mem:77.16M (0.00M, Peak 79.99M) | Time:00:00.37 | Mem:33.13M, Peak:33.13M | Scene, RenderLayer | Updating Hair settings | Copying Hair settings to device
Fra:1 Mem:77.16M (0.00M, Peak 79.99M) | Time:00:00.37 | Mem:33.13M, Peak:33.13M | Scene, RenderLayer | Updating Lookup Tables
Fra:1 Mem:77.16M (0.00M, Peak 79.99M) | Time:00:00.38 | Mem:33.38M, Peak:33.38M | Scene, RenderLayer | Updating Lights
Fra:1 Mem:77.16M (0.00M, Peak 79.99M) | Time:00:00.38 | Mem:33.38M, Peak:33.38M | Scene, RenderLayer | Updating Lights | Computing distribution
Fra:1 Mem:77.16M (0.00M, Peak 79.99M) | Time:00:00.38 | Mem:33.38M, Peak:33.38M | Scene, RenderLayer | Updating Particle Systems
Fra:1 Mem:77.16M (0.00M, Peak 79.99M) | Time:00:00.38 | Mem:33.38M, Peak:33.38M | Scene, RenderLayer | Updating Particle Systems | Copying Particles to device
Fra:1 Mem:77.16M (0.00M, Peak 79.99M) | Time:00:00.38 | Mem:33.38M, Peak:33.38M | Scene, RenderLayer | Updating Integrator
Fra:1 Mem:77.20M (0.00M, Peak 79.99M) | Time:00:00.38 | Mem:33.42M, Peak:33.42M | Scene, RenderLayer | Updating Film
Fra:1 Mem:77.21M (0.00M, Peak 79.99M) | Time:00:00.38 | Mem:33.42M, Peak:33.42M | Scene, RenderLayer | Updating Lookup Tables
Fra:1 Mem:77.21M (0.00M, Peak 79.99M) | Time:00:00.38 | Mem:33.42M, Peak:33.42M | Scene, RenderLayer | Updating Baking
Fra:1 Mem:77.21M (0.00M, Peak 79.99M) | Time:00:00.38 | Mem:33.42M, Peak:33.42M | Scene, RenderLayer | Updating Device | Writing constant memory
Fra:1 Mem:77.21M (0.00M, Peak 79.99M) | Time:00:00.38 | Mem:33.42M, Peak:33.42M | Scene, RenderLayer | Path Tracing Tile 0/4, Sample 0/512
Fra:1 Mem:79.46M (0.00M, Peak 80.71M) | Time:00:00.38 | Mem:35.67M, Peak:35.67M | Scene, RenderLayer | Path Tracing Tile 1/4, Sample 0/512
Fra:1 Mem:79.46M (0.00M, Peak 81.71M) | Time:00:01.38 | Remaining:00:10.71 | Mem:35.67M, Peak:35.67M | Scene, RenderLayer | Path Tracing Tile 1/4, Sample 103/512
Fra:1 Mem:79.46M (0.00M, Peak 81.71M) | Time:00:02.39 | Remaining:00:09.66 | Mem:35.67M, Peak:35.67M | Scene, RenderLayer | Path Tracing Tile 1/4, Sample 207/512
Fra:1 Mem:79.46M (0.00M, Peak 81.71M) | Time:00:03.39 | Remaining:00:08.66 | Mem:35.67M, Peak:35.67M | Scene, RenderLayer | Path Tracing Tile 1/4, Sample 310/512
Fra:1 Mem:79.46M (0.00M, Peak 81.71M) | Time:00:04.40 | Remaining:00:07.66 | Mem:35.67M, Peak:35.67M | Scene, RenderLayer | Path Tracing Tile 1/4, Sample 413/512
Fra:1 Mem:77.21M (0.00M, Peak 81.71M) | Time:00:05.37 | Remaining:00:06.70 | Mem:33.42M, Peak:35.67M | Scene, RenderLayer | Path Tracing Tile 1/4, Sample 512/512
Fra:1 Mem:79.18M (0.00M, Peak 81.71M) | Time:00:05.37 | Remaining:00:06.71 | Mem:35.39M, Peak:35.67M | Scene, RenderLayer | Path Tracing Tile 2/4, Sample 512/512
Fra:1 Mem:79.18M (0.00M, Peak 81.71M) | Time:00:05.40 | Remaining:00:06.68 | Mem:35.39M, Peak:35.67M | Scene, RenderLayer | Path Tracing Tile 2/4, Sample 3/512
Fra:1 Mem:79.18M (0.00M, Peak 81.71M) | Time:00:06.40 | Remaining:00:05.57 | Mem:35.39M, Peak:35.67M | Scene, RenderLayer | Path Tracing Tile 2/4, Sample 127/512
Fra:1 Mem:79.18M (0.00M, Peak 81.71M) | Time:00:07.40 | Remaining:00:04.49 | Mem:35.39M, Peak:35.67M | Scene, RenderLayer | Path Tracing Tile 2/4, Sample 251/512
Fra:1 Mem:79.18M (0.00M, Peak 81.71M) | Time:00:08.41 | Remaining:00:03.45 | Mem:35.39M, Peak:35.67M | Scene, RenderLayer | Path Tracing Tile 2/4, Sample 374/512
Fra:1 Mem:79.18M (0.00M, Peak 81.71M) | Time:00:09.41 | Remaining:00:02.42 | Mem:35.39M, Peak:35.67M | Scene, RenderLayer | Path Tracing Tile 2/4, Sample 496/512
Fra:1 Mem:77.21M (0.00M, Peak 81.71M) | Time:00:09.54 | Remaining:00:02.29 | Mem:33.42M, Peak:35.67M | Scene, RenderLayer | Path Tracing Tile 2/4, Sample 512/512
Fra:1 Mem:77.77M (0.00M, Peak 81.71M) | Time:00:09.54 | Remaining:00:02.29 | Mem:33.98M, Peak:35.67M | Scene, RenderLayer | Path Tracing Tile 3/4, Sample 512/512
Fra:1 Mem:77.77M (0.00M, Peak 81.71M) | Time:00:10.41 | Remaining:00:01.86 | Mem:33.98M, Peak:35.67M | Scene, RenderLayer | Path Tracing Tile 3/4, Sample 207/512
Fra:1 Mem:77.77M (0.00M, Peak 81.71M) | Time:00:11.41 | Remaining:00:01.32 | Mem:33.98M, Peak:35.67M | Scene, RenderLayer | Path Tracing Tile 3/4, Sample 445/512
Fra:1 Mem:77.21M (0.00M, Peak 81.71M) | Time:00:11.69 | Remaining:00:01.16 | Mem:33.42M, Peak:35.67M | Scene, RenderLayer | Path Tracing Tile 3/4, Sample 512/512
Fra:1 Mem:77.70M (0.00M, Peak 81.71M) | Time:00:11.69 | Remaining:00:01.16 | Mem:33.91M, Peak:35.67M | Scene, RenderLayer | Path Tracing Tile 4/4, Sample 512/512
Fra:1 Mem:77.70M (0.00M, Peak 81.71M) | Time:00:12.41 | Remaining:00:00.76 | Mem:33.91M, Peak:35.67M | Scene, RenderLayer | Path Tracing Tile 4/4, Sample 186/512
Fra:1 Mem:77.70M (0.00M, Peak 81.71M) | Time:00:13.41 | Remaining:00:00.16 | Mem:33.91M, Peak:35.67M | Scene, RenderLayer | Path Tracing Tile 4/4, Sample 443/512
Fra:1 Mem:77.21M (0.00M, Peak 81.71M) | Time:00:13.68 | Mem:33.42M, Peak:35.67M | Scene, RenderLayer | Path Tracing Tile 4/4, Sample 512/512
Fra:1 Mem:77.21M (0.00M, Peak 81.71M) | Time:00:13.68 | Mem:33.42M, Peak:35.67M | Scene, RenderLayer | Finished
Fra:1 Mem:26.38M (0.00M, Peak 81.71M) | Time:00:13.76 | Sce: Scene Ve:0 Fa:0 La:0
Saved: 'data/clevr-cleaned-variants/alternate-color/fovariant-24/render/images/CLEVR_val_000002.png'
 Time: 00:13.80 (Saving: 00:00.03)

read blend: /home/ubuntu/vdp/data/clevr_scene_data/base_scene.blend
convertViewVec: called in an invalid context
convertViewVec: called in an invalid context
convertViewVec: called in an invalid context
convertViewVec: called in an invalid context
Fra:1 Mem:11.46M (0.00M, Peak 11.46M) | Time:00:00.00 | Preparing Scene data
Fra:1 Mem:14.19M (0.00M, Peak 14.37M) | Time:00:00.00 | Preparing Scene data
Fra:1 Mem:14.19M (0.00M, Peak 14.37M) | Time:00:00.00 | Creating Shadowbuffers
Fra:1 Mem:14.19M (0.00M, Peak 14.37M) | Time:00:00.00 | Raytree.. preparing
Fra:1 Mem:16.72M (0.00M, Peak 16.72M) | Time:00:00.00 | Raytree.. building
Fra:1 Mem:16.60M (0.00M, Peak 20.57M) | Time:00:00.04 | Raytree finished
Fra:1 Mem:16.60M (0.00M, Peak 20.57M) | Time:00:00.04 | Creating Environment maps
Fra:1 Mem:16.60M (0.00M, Peak 20.57M) | Time:00:00.04 | Caching Point Densities
Fra:1 Mem:16.60M (0.00M, Peak 20.57M) | Time:00:00.04 | Sce: Scene Ve:15008 Fa:18463 La:1
Fra:1 Mem:16.60M (0.00M, Peak 20.57M) | Time:00:00.04 | Loading voxel datasets
Fra:1 Mem:16.60M (0.00M, Peak 20.57M) | Time:00:00.04 | Sce: Scene Ve:15008 Fa:18463 La:1
Fra:1 Mem:16.60M (0.00M, Peak 20.57M) | Time:00:00.04 | Sce: Scene Ve:15008 Fa:18463 La:1
Fra:1 Mem:16.60M (0.00M, Peak 20.57M) | Time:00:00.04 | Volume preprocessing
Fra:1 Mem:16.60M (0.00M, Peak 20.57M) | Time:00:00.04 | Sce: Scene Ve:15008 Fa:18463 La:1
Fra:1 Mem:16.60M (0.00M, Peak 20.57M) | Time:00:00.04 | Sce: Scene Ve:15008 Fa:18463 La:1
Fra:1 Mem:20.67M (0.00M, Peak 20.86M) | Time:00:00.04 | Scene, Part 3-4
Fra:1 Mem:20.63M (0.00M, Peak 20.86M) | Time:00:00.04 | Scene, Part 4-4
Fra:1 Mem:18.95M (0.00M, Peak 20.86M) | Time:00:00.05 | Scene, Part 1-4
Fra:1 Mem:17.70M (0.00M, Peak 20.86M) | Time:00:00.05 | Scene, Part 2-4
Fra:1 Mem:11.31M (0.00M, Peak 20.86M) | Time:00:00.05 | Sce: Scene Ve:15008 Fa:18463 La:1
Saved: '/tmp/tmp3vqe0i2q.png'
 Time: 00:00.07 (Saving: 00:00.01)

Fra:1 Mem:11.34M (0.00M, Peak 11.94M) | Time:00:00.04 | Mem:0.00M, Peak:0.00M | Scene, RenderLayer | Synchronizing object | Area
Fra:1 Mem:11.34M (0.00M, Peak 11.94M) | Time:00:00.04 | Mem:0.00M, Peak:0.00M | Scene, RenderLayer | Synchronizing object | Ground
Fra:1 Mem:11.41M (0.00M, Peak 11.94M) | Time:00:00.05 | Mem:0.00M, Peak:0.00M | Scene, RenderLayer | Synchronizing object | Empty
Fra:1 Mem:11.41M (0.00M, Peak 11.94M) | Time:00:00.05 | Mem:0.00M, Peak:0.00M | Scene, RenderLayer | Synchronizing object | Lamp_Back
Fra:1 Mem:11.41M (0.00M, Peak 11.94M) | Time:00:00.05 | Mem:0.00M, Peak:0.00M | Scene, RenderLayer | Synchronizing object | Lamp_Fill
Fra:1 Mem:11.41M (0.00M, Peak 11.94M) | Time:00:00.05 | Mem:0.00M, Peak:0.00M | Scene, RenderLayer | Synchronizing object | Lamp_Key
Fra:1 Mem:11.41M (0.00M, Peak 11.94M) | Time:00:00.05 | Mem:0.00M, Peak:0.00M | Scene, RenderLayer | Synchronizing object | Camera
Fra:1 Mem:11.41M (0.00M, Peak 11.94M) | Time:00:00.05 | Mem:0.00M, Peak:0.00M | Scene, RenderLayer | Synchronizing object | SmoothCube_v2_0
Fra:1 Mem:11.78M (0.00M, Peak 12.13M) | Time:00:00.05 | Mem:0.00M, Peak:0.00M | Scene, RenderLayer | Synchronizing object | SmoothCube_v2_1
Fra:1 Mem:12.14M (0.00M, Peak 12.50M) | Time:00:00.05 | Mem:0.00M, Peak:0.00M | Scene, RenderLayer | Synchronizing object | SmoothCube_v2_2
Fra:1 Mem:12.51M (0.00M, Peak 12.86M) | Time:00:00.05 | Mem:0.00M, Peak:0.00M | Scene, RenderLayer | Synchronizing object | SmoothCube_v2_3
Fra:1 Mem:12.87M (0.00M, Peak 13.23M) | Time:00:00.05 | Mem:0.00M, Peak:0.00M | Scene, RenderLayer | Initializing
Fra:1 Mem:12.87M (0.00M, Peak 13.23M) | Time:00:00.05 | Mem:0.00M, Peak:0.00M | Scene, RenderLayer | Loading render kernels (may take a few minutes the first time)
Fra:1 Mem:12.87M (0.00M, Peak 15.57M) | Time:00:00.06 | Mem:0.00M, Peak:0.00M | Scene, RenderLayer | Waiting for render to start
Fra:1 Mem:12.87M (0.00M, Peak 15.57M) | Time:00:00.06 | Mem:0.00M, Peak:0.00M | Scene, RenderLayer | Updating Scene
Fra:1 Mem:12.87M (0.00M, Peak 15.57M) | Time:00:00.06 | Mem:0.00M, Peak:0.00M | Scene, RenderLayer | Updating Shaders
Fra:1 Mem:13.13M (0.00M, Peak 15.57M) | Time:00:00.07 | Mem:0.00M, Peak:0.00M | Scene, RenderLayer | Updating Background
Fra:1 Mem:13.13M (0.00M, Peak 15.57M) | Time:00:00.07 | Mem:0.00M, Peak:0.00M | Scene, RenderLayer | Updating Camera
Fra:1 Mem:13.13M (0.00M, Peak 15.57M) | Time:00:00.07 | Mem:0.00M, Peak:0.00M | Scene, RenderLayer | Updating Meshes Flags
Fra:1 Mem:13.13M (0.00M, Peak 15.57M) | Time:00:00.07 | Mem:0.00M, Peak:0.00M | Scene, RenderLayer | Updating Objects
Fra:1 Mem:13.13M (0.00M, Peak 15.57M) | Time:00:00.07 | Mem:0.00M, Peak:0.00M | Scene, RenderLayer | Updating Objects | Copying Transformations to device
Fra:1 Mem:13.13M (0.00M, Peak 15.57M) | Time:00:00.07 | Mem:0.00M, Peak:0.00M | Scene, RenderLayer | Updating Objects | Applying Static Transformations
Fra:1 Mem:13.13M (0.00M, Peak 15.57M) | Time:00:00.07 | Mem:0.00M, Peak:0.00M | Scene, RenderLayer | Updating Meshes
Fra:1 Mem:13.61M (0.00M, Peak 15.57M) | Time:00:00.07 | Mem:0.00M, Peak:0.00M | Scene, RenderLayer | Updating Mesh | Computing attributes
Fra:1 Mem:13.84M (0.00M, Peak 15.57M) | Time:00:00.07 | Mem:0.00M, Peak:0.00M | Scene, RenderLayer | Updating Mesh | Copying Attributes to device
Fra:1 Mem:13.84M (0.00M, Peak 15.57M) | Time:00:00.07 | Mem:0.23M, Peak:0.23M | Scene, RenderLayer | Updating Scene BVH | Building
Fra:1 Mem:13.84M (0.00M, Peak 15.57M) | Time:00:00.07 | Mem:0.23M, Peak:0.23M | Scene, RenderLayer | Updating Scene BVH | Building BVH
Fra:1 Mem:15.64M (0.00M, Peak 15.64M) | Time:00:00.09 | Mem:0.23M, Peak:0.23M | Scene, RenderLayer | Updating Scene BVH | Packing BVH triangles and strands
Fra:1 Mem:17.32M (0.00M, Peak 17.32M) | Time:00:00.09 | Mem:0.23M, Peak:0.23M | Scene, RenderLayer | Updating Scene BVH | Packing BVH nodes
Fra:1 Mem:16.36M (0.00M, Peak 17.80M) | Time:00:00.09 | Mem:0.23M, Peak:0.23M | Scene, RenderLayer | Updating Scene BVH | Copying BVH to device
Fra:1 Mem:16.48M (0.00M, Peak 17.80M) | Time:00:00.09 | Mem:2.75M, Peak:2.75M | Scene, RenderLayer | Updating Mesh | Computing normals
Fra:1 Mem:17.56M (0.00M, Peak 17.80M) | Time:00:00.09 | Mem:2.75M, Peak:2.75M | Scene, RenderLayer | Updating Mesh | Copying Mesh to device
Fra:1 Mem:17.44M (0.00M, Peak 17.80M) | Time:00:00.09 | Mem:3.84M, Peak:3.84M | Scene, RenderLayer | Updating Objects Flags
Fra:1 Mem:17.44M (0.00M, Peak 17.80M) | Time:00:00.10 | Mem:3.84M, Peak:3.84M | Scene, RenderLayer | Updating Images
Fra:1 Mem:17.44M (0.00M, Peak 17.80M) | Time:00:00.10 | Mem:3.84M, Peak:3.84M | Scene, RenderLayer | Updating Camera Volume
Fra:1 Mem:17.44M (0.00M, Peak 17.80M) | Time:00:00.10 | Mem:3.84M, Peak:3.84M | Scene, RenderLayer | Updating Hair Systems
Fra:1 Mem:17.44M (0.00M, Peak 17.80M) | Time:00:00.10 | Mem:3.84M, Peak:3.84M | Scene, RenderLayer | Updating Hair settings | Copying Hair settings to device
Fra:1 Mem:17.44M (0.00M, Peak 17.80M) | Time:00:00.10 | Mem:3.84M, Peak:3.84M | Scene, RenderLayer | Updating Lookup Tables
Fra:1 Mem:17.44M (0.00M, Peak 17.80M) | Time:00:00.10 | Mem:4.09M, Peak:4.09M | Scene, RenderLayer | Updating Lights
Fra:1 Mem:17.44M (0.00M, Peak 17.80M) | Time:00:00.10 | Mem:4.09M, Peak:4.09M | Scene, RenderLayer | Updating Lights | Computing distribution
Fra:1 Mem:17.44M (0.00M, Peak 17.80M) | Time:00:00.10 | Mem:4.09M, Peak:4.09M | Scene, RenderLayer | Updating Particle Systems
Fra:1 Mem:17.44M (0.00M, Peak 17.80M) | Time:00:00.10 | Mem:4.09M, Peak:4.09M | Scene, RenderLayer | Updating Particle Systems | Copying Particles to device
Fra:1 Mem:17.44M (0.00M, Peak 17.80M) | Time:00:00.10 | Mem:4.09M, Peak:4.09M | Scene, RenderLayer | Updating Integrator
Fra:1 Mem:17.49M (0.00M, Peak 17.80M) | Time:00:00.10 | Mem:4.13M, Peak:4.13M | Scene, RenderLayer | Updating Film
Fra:1 Mem:17.49M (0.00M, Peak 17.80M) | Time:00:00.10 | Mem:4.13M, Peak:4.13M | Scene, RenderLayer | Updating Lookup Tables
Fra:1 Mem:17.49M (0.00M, Peak 17.80M) | Time:00:00.10 | Mem:4.13M, Peak:4.13M | Scene, RenderLayer | Updating Baking
Fra:1 Mem:17.49M (0.00M, Peak 17.80M) | Time:00:00.10 | Mem:4.13M, Peak:4.13M | Scene, RenderLayer | Updating Device | Writing constant memory
Fra:1 Mem:17.49M (0.00M, Peak 17.80M) | Time:00:00.10 | Mem:4.13M, Peak:4.13M | Scene, RenderLayer | Path Tracing Tile 0/4, Sample 0/512
Fra:1 Mem:19.74M (0.00M, Peak 20.99M) | Time:00:00.10 | Mem:6.38M, Peak:6.38M | Scene, RenderLayer | Path Tracing Tile 1/4, Sample 0/512
Fra:1 Mem:19.74M (0.00M, Peak 21.99M) | Time:00:01.10 | Remaining:00:11.68 | Mem:6.38M, Peak:6.38M | Scene, RenderLayer | Path Tracing Tile 1/4, Sample 95/512
Fra:1 Mem:19.74M (0.00M, Peak 21.99M) | Time:00:02.10 | Remaining:00:10.66 | Mem:6.38M, Peak:6.38M | Scene, RenderLayer | Path Tracing Tile 1/4, Sample 190/512
Fra:1 Mem:19.74M (0.00M, Peak 21.99M) | Time:00:03.10 | Remaining:00:09.65 | Mem:6.38M, Peak:6.38M | Scene, RenderLayer | Path Tracing Tile 1/4, Sample 285/512
Fra:1 Mem:19.74M (0.00M, Peak 21.99M) | Time:00:04.11 | Remaining:00:08.65 | Mem:6.38M, Peak:6.38M | Scene, RenderLayer | Path Tracing Tile 1/4, Sample 380/512
Fra:1 Mem:19.74M (0.00M, Peak 21.99M) | Time:00:05.11 | Remaining:00:07.65 | Mem:6.38M, Peak:6.38M | Scene, RenderLayer | Path Tracing Tile 1/4, Sample 475/512
Fra:1 Mem:17.49M (0.00M, Peak 21.99M) | Time:00:05.51 | Remaining:00:07.27 | Mem:4.13M, Peak:6.38M | Scene, RenderLayer | Path Tracing Tile 1/4, Sample 512/512
Fra:1 Mem:19.46M (0.00M, Peak 21.99M) | Time:00:05.51 | Remaining:00:07.27 | Mem:6.10M, Peak:6.38M | Scene, RenderLayer | Path Tracing Tile 2/4, Sample 512/512
Fra:1 Mem:19.46M (0.00M, Peak 21.99M) | Time:00:06.11 | Remaining:00:06.63 | Mem:6.10M, Peak:6.38M | Scene, RenderLayer | Path Tracing Tile 2/4, Sample 67/512
Fra:1 Mem:19.46M (0.00M, Peak 21.99M) | Time:00:07.12 | Remaining:00:05.59 | Mem:6.10M, Peak:6.38M | Scene, RenderLayer | Path Tracing Tile 2/4, Sample 178/512
Fra:1 Mem:19.46M (0.00M, Peak 21.99M) | Time:00:08.12 | Remaining:00:04.56 | Mem:6.10M, Peak:6.38M | Scene, RenderLayer | Path Tracing Tile 2/4, Sample 289/512
Fra:1 Mem:19.46M (0.00M, Peak 21.99M) | Time:00:09.13 | Remaining:00:03.54 | Mem:6.10M, Peak:6.38M | Scene, RenderLayer | Path Tracing Tile 2/4, Sample 400/512
Fra:1 Mem:19.46M (0.00M, Peak 21.99M) | Time:00:10.14 | Remaining:00:02.53 | Mem:6.10M, Peak:6.38M | Scene, RenderLayer | Path Tracing Tile 2/4, Sample 510/512
Fra:1 Mem:17.49M (0.00M, Peak 21.99M) | Time:00:10.16 | Remaining:00:02.51 | Mem:4.13M, Peak:6.38M | Scene, RenderLayer | Path Tracing Tile 2/4, Sample 512/512
Fra:1 Mem:18.05M (0.00M, Peak 21.99M) | Time:00:10.16 | Remaining:00:02.51 | Mem:4.70M, Peak:6.38M | Scene, RenderLayer | Path Tracing Tile 3/4, Sample 512/512
Fra:1 Mem:18.05M (0.00M, Peak 21.99M) | Time:00:11.14 | Remaining:00:01.98 | Mem:4.70M, Peak:6.38M | Scene, RenderLayer | Path Tracing Tile 3/4, Sample 230/512
Fra:1 Mem:18.05M (0.00M, Peak 21.99M) | Time:00:12.14 | Remaining:00:01.38 | Mem:4.70M, Peak:6.38M | Scene, RenderLayer | Path Tracing Tile 3/4, Sample 464/512
Fra:1 Mem:17.49M (0.00M, Peak 21.99M) | Time:00:12.35 | Remaining:00:01.26 | Mem:4.13M, Peak:6.38M | Scene, RenderLayer | Path Tracing Tile 3/4, Sample 512/512
Fra:1 Mem:17.98M (0.00M, Peak 21.99M) | Time:00:12.35 | Remaining:00:01.26 | Mem:4.63M, Peak:6.38M | Scene, RenderLayer | Path Tracing Tile 4/4, Sample 512/512
Fra:1 Mem:17.98M (0.00M, Peak 21.99M) | Time:00:13.14 | Remaining:00:00.78 | Mem:4.63M, Peak:6.38M | Scene, RenderLayer | Path Tracing Tile 4/4, Sample 202/512
Fra:1 Mem:17.98M (0.00M, Peak 21.99M) | Time:00:14.14 | Remaining:00:00.14 | Mem:4.63M, Peak:6.38M | Scene, RenderLayer | Path Tracing Tile 4/4, Sample 455/512
Fra:1 Mem:17.49M (0.00M, Peak 21.99M) | Time:00:14.37 | Mem:4.13M, Peak:6.38M | Scene, RenderLayer | Path Tracing Tile 4/4, Sample 512/512
Fra:1 Mem:17.49M (0.00M, Peak 21.99M) | Time:00:14.37 | Mem:4.13M, Peak:6.38M | Scene, RenderLayer | Finished
Fra:1 Mem:11.34M (0.00M, Peak 21.99M) | Time:00:14.45 | Sce: Scene Ve:0 Fa:0 La:0
Saved: 'data/clevr-cleaned-variants/alternate-color/fovariant-24/render/images/CLEVR_val_000003.png'
 Time: 00:14.49 (Saving: 00:00.03)

read blend: /home/ubuntu/vdp/data/clevr_scene_data/base_scene.blend
convertViewVec: called in an invalid context
convertViewVec: called in an invalid context
Fra:1 Mem:10.42M (0.00M, Peak 10.42M) | Time:00:00.00 | Preparing Scene data
Fra:1 Mem:11.78M (0.00M, Peak 11.96M) | Time:00:00.00 | Preparing Scene data
Fra:1 Mem:11.78M (0.00M, Peak 11.96M) | Time:00:00.00 | Creating Shadowbuffers
Fra:1 Mem:11.78M (0.00M, Peak 11.96M) | Time:00:00.00 | Raytree.. preparing
Fra:1 Mem:13.05M (0.00M, Peak 13.05M) | Time:00:00.00 | Raytree.. building
Fra:1 Mem:12.99M (0.00M, Peak 14.97M) | Time:00:00.02 | Raytree finished
Fra:1 Mem:12.99M (0.00M, Peak 14.97M) | Time:00:00.02 | Creating Environment maps
Fra:1 Mem:12.99M (0.00M, Peak 14.97M) | Time:00:00.02 | Caching Point Densities
Fra:1 Mem:12.99M (0.00M, Peak 14.97M) | Time:00:00.02 | Sce: Scene Ve:7504 Fa:9231 La:1
Fra:1 Mem:12.99M (0.00M, Peak 14.97M) | Time:00:00.02 | Loading voxel datasets
Fra:1 Mem:12.99M (0.00M, Peak 14.97M) | Time:00:00.02 | Sce: Scene Ve:7504 Fa:9231 La:1
Fra:1 Mem:12.99M (0.00M, Peak 14.97M) | Time:00:00.02 | Sce: Scene Ve:7504 Fa:9231 La:1
Fra:1 Mem:12.99M (0.00M, Peak 14.97M) | Time:00:00.02 | Volume preprocessing
Fra:1 Mem:12.99M (0.00M, Peak 14.97M) | Time:00:00.02 | Sce: Scene Ve:7504 Fa:9231 La:1
Fra:1 Mem:12.99M (0.00M, Peak 14.97M) | Time:00:00.02 | Sce: Scene Ve:7504 Fa:9231 La:1
Fra:1 Mem:17.06M (0.00M, Peak 17.25M) | Time:00:00.02 | Scene, Part 3-4
Fra:1 Mem:17.01M (0.00M, Peak 17.25M) | Time:00:00.02 | Scene, Part 4-4
Fra:1 Mem:16.08M (0.00M, Peak 17.25M) | Time:00:00.03 | Scene, Part 2-4
Fra:1 Mem:14.24M (0.00M, Peak 17.25M) | Time:00:00.03 | Scene, Part 1-4
Fra:1 Mem:10.33M (0.00M, Peak 17.25M) | Time:00:00.03 | Sce: Scene Ve:7504 Fa:9231 La:1
Saved: '/tmp/tmp_k7ghr6z.png'
 Time: 00:00.04 (Saving: 00:00.01)

Fra:1 Mem:10.36M (0.00M, Peak 10.96M) | Time:00:00.04 | Mem:0.00M, Peak:0.00M | Scene, RenderLayer | Synchronizing object | Area
Fra:1 Mem:10.36M (0.00M, Peak 10.96M) | Time:00:00.04 | Mem:0.00M, Peak:0.00M | Scene, RenderLayer | Synchronizing object | Ground
Fra:1 Mem:10.43M (0.00M, Peak 10.96M) | Time:00:00.04 | Mem:0.00M, Peak:0.00M | Scene, RenderLayer | Synchronizing object | Empty
Fra:1 Mem:10.43M (0.00M, Peak 10.96M) | Time:00:00.04 | Mem:0.00M, Peak:0.00M | Scene, RenderLayer | Synchronizing object | Lamp_Back
Fra:1 Mem:10.43M (0.00M, Peak 10.96M) | Time:00:00.04 | Mem:0.00M, Peak:0.00M | Scene, RenderLayer | Synchronizing object | Lamp_Fill
Fra:1 Mem:10.43M (0.00M, Peak 10.96M) | Time:00:00.04 | Mem:0.00M, Peak:0.00M | Scene, RenderLayer | Synchronizing object | Lamp_Key
Fra:1 Mem:10.43M (0.00M, Peak 10.96M) | Time:00:00.04 | Mem:0.00M, Peak:0.00M | Scene, RenderLayer | Synchronizing object | Camera
Fra:1 Mem:10.43M (0.00M, Peak 10.96M) | Time:00:00.04 | Mem:0.00M, Peak:0.00M | Scene, RenderLayer | Synchronizing object | SmoothCube_v2_0
Fra:1 Mem:10.74M (0.00M, Peak 11.11M) | Time:00:00.05 | Mem:0.00M, Peak:0.00M | Scene, RenderLayer | Synchronizing object | SmoothCube_v2_1
Fra:1 Mem:11.11M (0.00M, Peak 11.46M) | Time:00:00.05 | Mem:0.00M, Peak:0.00M | Scene, RenderLayer | Initializing
Fra:1 Mem:11.11M (0.00M, Peak 11.46M) | Time:00:00.05 | Mem:0.00M, Peak:0.00M | Scene, RenderLayer | Loading render kernels (may take a few minutes the first time)
Fra:1 Mem:11.11M (0.00M, Peak 13.81M) | Time:00:00.06 | Mem:0.00M, Peak:0.00M | Scene, RenderLayer | Waiting for render to start
Fra:1 Mem:11.11M (0.00M, Peak 13.81M) | Time:00:00.06 | Mem:0.00M, Peak:0.00M | Scene, RenderLayer | Updating Scene
Fra:1 Mem:11.11M (0.00M, Peak 13.81M) | Time:00:00.06 | Mem:0.00M, Peak:0.00M | Scene, RenderLayer | Updating Shaders
Fra:1 Mem:11.36M (0.00M, Peak 13.81M) | Time:00:00.06 | Mem:0.00M, Peak:0.00M | Scene, RenderLayer | Updating Background
Fra:1 Mem:11.36M (0.00M, Peak 13.81M) | Time:00:00.06 | Mem:0.00M, Peak:0.00M | Scene, RenderLayer | Updating Camera
Fra:1 Mem:11.36M (0.00M, Peak 13.81M) | Time:00:00.06 | Mem:0.00M, Peak:0.00M | Scene, RenderLayer | Updating Meshes Flags
Fra:1 Mem:11.36M (0.00M, Peak 13.81M) | Time:00:00.06 | Mem:0.00M, Peak:0.00M | Scene, RenderLayer | Updating Objects
Fra:1 Mem:11.36M (0.00M, Peak 13.81M) | Time:00:00.06 | Mem:0.00M, Peak:0.00M | Scene, RenderLayer | Updating Objects | Copying Transformations to device
Fra:1 Mem:11.36M (0.00M, Peak 13.81M) | Time:00:00.06 | Mem:0.00M, Peak:0.00M | Scene, RenderLayer | Updating Objects | Applying Static Transformations
Fra:1 Mem:11.36M (0.00M, Peak 13.81M) | Time:00:00.06 | Mem:0.00M, Peak:0.00M | Scene, RenderLayer | Updating Meshes
Fra:1 Mem:11.61M (0.00M, Peak 13.81M) | Time:00:00.06 | Mem:0.00M, Peak:0.00M | Scene, RenderLayer | Updating Mesh | Computing attributes
Fra:1 Mem:11.67M (0.00M, Peak 13.81M) | Time:00:00.06 | Mem:0.00M, Peak:0.00M | Scene, RenderLayer | Updating Mesh | Copying Attributes to device
Fra:1 Mem:11.67M (0.00M, Peak 13.81M) | Time:00:00.06 | Mem:0.06M, Peak:0.06M | Scene, RenderLayer | Updating Scene BVH | Building
Fra:1 Mem:11.67M (0.00M, Peak 13.81M) | Time:00:00.06 | Mem:0.06M, Peak:0.06M | Scene, RenderLayer | Updating Scene BVH | Building BVH
Fra:1 Mem:12.61M (0.00M, Peak 13.81M) | Time:00:00.07 | Mem:0.06M, Peak:0.06M | Scene, RenderLayer | Updating Scene BVH | Packing BVH triangles and strands
Fra:1 Mem:13.49M (0.00M, Peak 13.81M) | Time:00:00.08 | Mem:0.06M, Peak:0.06M | Scene, RenderLayer | Updating Scene BVH | Packing BVH nodes
Fra:1 Mem:12.98M (0.00M, Peak 13.81M) | Time:00:00.08 | Mem:0.06M, Peak:0.06M | Scene, RenderLayer | Updating Scene BVH | Copying BVH to device
Fra:1 Mem:13.05M (0.00M, Peak 13.81M) | Time:00:00.08 | Mem:1.38M, Peak:1.38M | Scene, RenderLayer | Updating Mesh | Computing normals
Fra:1 Mem:13.62M (0.00M, Peak 13.81M) | Time:00:00.08 | Mem:1.38M, Peak:1.38M | Scene, RenderLayer | Updating Mesh | Copying Mesh to device
Fra:1 Mem:13.55M (0.00M, Peak 13.81M) | Time:00:00.08 | Mem:1.95M, Peak:1.95M | Scene, RenderLayer | Updating Objects Flags
Fra:1 Mem:13.55M (0.00M, Peak 13.81M) | Time:00:00.08 | Mem:1.95M, Peak:1.95M | Scene, RenderLayer | Updating Images
Fra:1 Mem:13.55M (0.00M, Peak 13.81M) | Time:00:00.08 | Mem:1.95M, Peak:1.95M | Scene, RenderLayer | Updating Camera Volume
Fra:1 Mem:13.55M (0.00M, Peak 13.81M) | Time:00:00.08 | Mem:1.95M, Peak:1.95M | Scene, RenderLayer | Updating Hair Systems
Fra:1 Mem:13.55M (0.00M, Peak 13.81M) | Time:00:00.08 | Mem:1.95M, Peak:1.95M | Scene, RenderLayer | Updating Hair settings | Copying Hair settings to device
Fra:1 Mem:13.55M (0.00M, Peak 13.81M) | Time:00:00.08 | Mem:1.95M, Peak:1.95M | Scene, RenderLayer | Updating Lookup Tables
Fra:1 Mem:13.55M (0.00M, Peak 13.81M) | Time:00:00.08 | Mem:2.20M, Peak:2.20M | Scene, RenderLayer | Updating Lights
Fra:1 Mem:13.56M (0.00M, Peak 13.81M) | Time:00:00.08 | Mem:2.20M, Peak:2.20M | Scene, RenderLayer | Updating Lights | Computing distribution
Fra:1 Mem:13.56M (0.00M, Peak 13.81M) | Time:00:00.08 | Mem:2.20M, Peak:2.20M | Scene, RenderLayer | Updating Particle Systems
Fra:1 Mem:13.56M (0.00M, Peak 13.81M) | Time:00:00.08 | Mem:2.20M, Peak:2.20M | Scene, RenderLayer | Updating Particle Systems | Copying Particles to device
Fra:1 Mem:13.56M (0.00M, Peak 13.81M) | Time:00:00.08 | Mem:2.20M, Peak:2.20M | Scene, RenderLayer | Updating Integrator
Fra:1 Mem:13.60M (0.00M, Peak 13.81M) | Time:00:00.08 | Mem:2.24M, Peak:2.24M | Scene, RenderLayer | Updating Film
Fra:1 Mem:13.60M (0.00M, Peak 13.85M) | Time:00:00.08 | Mem:2.24M, Peak:2.24M | Scene, RenderLayer | Updating Lookup Tables
Fra:1 Mem:13.60M (0.00M, Peak 13.85M) | Time:00:00.08 | Mem:2.24M, Peak:2.24M | Scene, RenderLayer | Updating Baking
Fra:1 Mem:13.60M (0.00M, Peak 13.85M) | Time:00:00.08 | Mem:2.24M, Peak:2.24M | Scene, RenderLayer | Updating Device | Writing constant memory
Fra:1 Mem:13.60M (0.00M, Peak 13.85M) | Time:00:00.08 | Mem:2.24M, Peak:2.24M | Scene, RenderLayer | Path Tracing Tile 0/4, Sample 0/512
Fra:1 Mem:15.85M (0.00M, Peak 17.10M) | Time:00:00.08 | Mem:4.49M, Peak:4.49M | Scene, RenderLayer | Path Tracing Tile 1/4, Sample 0/512
Fra:1 Mem:15.85M (0.00M, Peak 18.10M) | Time:00:01.09 | Remaining:00:10.78 | Mem:4.49M, Peak:4.49M | Scene, RenderLayer | Path Tracing Tile 1/4, Sample 103/512
Fra:1 Mem:15.85M (0.00M, Peak 18.10M) | Time:00:02.10 | Remaining:00:09.73 | Mem:4.49M, Peak:4.49M | Scene, RenderLayer | Path Tracing Tile 1/4, Sample 206/512
Fra:1 Mem:15.85M (0.00M, Peak 18.10M) | Time:00:03.10 | Remaining:00:08.72 | Mem:4.49M, Peak:4.49M | Scene, RenderLayer | Path Tracing Tile 1/4, Sample 309/512
Fra:1 Mem:15.85M (0.00M, Peak 18.10M) | Time:00:04.11 | Remaining:00:07.73 | Mem:4.49M, Peak:4.49M | Scene, RenderLayer | Path Tracing Tile 1/4, Sample 411/512
Fra:1 Mem:13.60M (0.00M, Peak 18.10M) | Time:00:05.10 | Remaining:00:06.75 | Mem:2.24M, Peak:4.49M | Scene, RenderLayer | Path Tracing Tile 1/4, Sample 512/512
Fra:1 Mem:15.57M (0.00M, Peak 18.10M) | Time:00:05.11 | Remaining:00:06.75 | Mem:4.21M, Peak:4.49M | Scene, RenderLayer | Path Tracing Tile 2/4, Sample 512/512
Fra:1 Mem:15.57M (0.00M, Peak 18.10M) | Time:00:05.12 | Remaining:00:06.75 | Mem:4.21M, Peak:4.49M | Scene, RenderLayer | Path Tracing Tile 2/4, Sample 1/512
Fra:1 Mem:15.57M (0.00M, Peak 18.10M) | Time:00:06.13 | Remaining:00:05.66 | Mem:4.21M, Peak:4.49M | Scene, RenderLayer | Path Tracing Tile 2/4, Sample 123/512
Fra:1 Mem:15.57M (0.00M, Peak 18.10M) | Time:00:07.13 | Remaining:00:04.59 | Mem:4.21M, Peak:4.49M | Scene, RenderLayer | Path Tracing Tile 2/4, Sample 245/512
Fra:1 Mem:15.57M (0.00M, Peak 18.10M) | Time:00:08.14 | Remaining:00:03.56 | Mem:4.21M, Peak:4.49M | Scene, RenderLayer | Path Tracing Tile 2/4, Sample 366/512
Fra:1 Mem:15.57M (0.00M, Peak 18.10M) | Time:00:09.14 | Remaining:00:02.54 | Mem:4.21M, Peak:4.49M | Scene, RenderLayer | Path Tracing Tile 2/4, Sample 486/512
Fra:1 Mem:13.60M (0.00M, Peak 18.10M) | Time:00:09.36 | Remaining:00:02.32 | Mem:2.24M, Peak:4.49M | Scene, RenderLayer | Path Tracing Tile 2/4, Sample 512/512
Fra:1 Mem:14.16M (0.00M, Peak 18.10M) | Time:00:09.37 | Remaining:00:02.32 | Mem:2.80M, Peak:4.49M | Scene, RenderLayer | Path Tracing Tile 3/4, Sample 512/512
Fra:1 Mem:14.16M (0.00M, Peak 18.10M) | Time:00:10.14 | Remaining:00:01.93 | Mem:2.80M, Peak:4.49M | Scene, RenderLayer | Path Tracing Tile 3/4, Sample 186/512
Fra:1 Mem:14.16M (0.00M, Peak 18.10M) | Time:00:11.14 | Remaining:00:01.39 | Mem:2.80M, Peak:4.49M | Scene, RenderLayer | Path Tracing Tile 3/4, Sample 423/512
Fra:1 Mem:13.60M (0.00M, Peak 18.10M) | Time:00:11.52 | Remaining:00:01.17 | Mem:2.24M, Peak:4.49M | Scene, RenderLayer | Path Tracing Tile 3/4, Sample 512/512
Fra:1 Mem:14.09M (0.00M, Peak 18.10M) | Time:00:11.52 | Remaining:00:01.17 | Mem:2.73M, Peak:4.49M | Scene, RenderLayer | Path Tracing Tile 4/4, Sample 512/512
Fra:1 Mem:14.09M (0.00M, Peak 18.10M) | Time:00:12.15 | Remaining:00:00.82 | Mem:2.73M, Peak:4.49M | Scene, RenderLayer | Path Tracing Tile 4/4, Sample 162/512
Fra:1 Mem:14.09M (0.00M, Peak 18.10M) | Time:00:13.15 | Remaining:00:00.22 | Mem:2.73M, Peak:4.49M | Scene, RenderLayer | Path Tracing Tile 4/4, Sample 420/512
Fra:1 Mem:13.60M (0.00M, Peak 18.10M) | Time:00:13.51 | Mem:2.24M, Peak:4.49M | Scene, RenderLayer | Path Tracing Tile 4/4, Sample 512/512
Fra:1 Mem:13.60M (0.00M, Peak 18.10M) | Time:00:13.51 | Mem:2.24M, Peak:4.49M | Scene, RenderLayer | Finished
Fra:1 Mem:10.36M (0.00M, Peak 18.10M) | Time:00:13.59 | Sce: Scene Ve:0 Fa:0 La:0
Saved: 'data/clevr-cleaned-variants/alternate-color/fovariant-24/render/images/CLEVR_val_000004.png'
 Time: 00:13.63 (Saving: 00:00.04)

read blend: /home/ubuntu/vdp/data/clevr_scene_data/base_scene.blend
convertViewVec: called in an invalid context
convertViewVec: called in an invalid context
convertViewVec: called in an invalid context
convertViewVec: called in an invalid context
Fra:1 Mem:11.47M (0.00M, Peak 11.47M) | Time:00:00.00 | Preparing Scene data
Fra:1 Mem:14.20M (0.00M, Peak 14.38M) | Time:00:00.00 | Preparing Scene data
Fra:1 Mem:14.20M (0.00M, Peak 14.38M) | Time:00:00.00 | Creating Shadowbuffers
Fra:1 Mem:14.20M (0.00M, Peak 14.38M) | Time:00:00.00 | Raytree.. preparing
Fra:1 Mem:16.74M (0.00M, Peak 16.74M) | Time:00:00.00 | Raytree.. building
Fra:1 Mem:16.61M (0.00M, Peak 20.59M) | Time:00:00.04 | Raytree finished
Fra:1 Mem:16.61M (0.00M, Peak 20.59M) | Time:00:00.04 | Creating Environment maps
Fra:1 Mem:16.61M (0.00M, Peak 20.59M) | Time:00:00.04 | Caching Point Densities
Fra:1 Mem:16.61M (0.00M, Peak 20.59M) | Time:00:00.04 | Sce: Scene Ve:15008 Fa:18473 La:1
Fra:1 Mem:16.61M (0.00M, Peak 20.59M) | Time:00:00.04 | Loading voxel datasets
Fra:1 Mem:16.61M (0.00M, Peak 20.59M) | Time:00:00.04 | Sce: Scene Ve:15008 Fa:18473 La:1
Fra:1 Mem:16.61M (0.00M, Peak 20.59M) | Time:00:00.04 | Sce: Scene Ve:15008 Fa:18473 La:1
Fra:1 Mem:16.61M (0.00M, Peak 20.59M) | Time:00:00.04 | Volume preprocessing
Fra:1 Mem:16.61M (0.00M, Peak 20.59M) | Time:00:00.04 | Sce: Scene Ve:15008 Fa:18473 La:1
Fra:1 Mem:16.61M (0.00M, Peak 20.59M) | Time:00:00.04 | Sce: Scene Ve:15008 Fa:18473 La:1
Fra:1 Mem:20.69M (0.00M, Peak 20.87M) | Time:00:00.04 | Scene, Part 3-4
Fra:1 Mem:20.65M (0.00M, Peak 20.87M) | Time:00:00.04 | Scene, Part 4-4
Fra:1 Mem:18.96M (0.00M, Peak 20.87M) | Time:00:00.05 | Scene, Part 1-4
Fra:1 Mem:17.71M (0.00M, Peak 20.87M) | Time:00:00.05 | Scene, Part 2-4
Fra:1 Mem:11.33M (0.00M, Peak 20.87M) | Time:00:00.05 | Sce: Scene Ve:15008 Fa:18473 La:1
Saved: '/tmp/tmpcshdqetg.png'
 Time: 00:00.07 (Saving: 00:00.01)

Fra:1 Mem:11.36M (0.00M, Peak 11.95M) | Time:00:00.04 | Mem:0.00M, Peak:0.00M | Scene, RenderLayer | Synchronizing object | Area
Fra:1 Mem:11.36M (0.00M, Peak 11.95M) | Time:00:00.04 | Mem:0.00M, Peak:0.00M | Scene, RenderLayer | Synchronizing object | Ground
Fra:1 Mem:11.42M (0.00M, Peak 11.95M) | Time:00:00.04 | Mem:0.00M, Peak:0.00M | Scene, RenderLayer | Synchronizing object | Empty
Fra:1 Mem:11.42M (0.00M, Peak 11.95M) | Time:00:00.04 | Mem:0.00M, Peak:0.00M | Scene, RenderLayer | Synchronizing object | Lamp_Back
Fra:1 Mem:11.42M (0.00M, Peak 11.95M) | Time:00:00.04 | Mem:0.00M, Peak:0.00M | Scene, RenderLayer | Synchronizing object | Lamp_Fill
Fra:1 Mem:11.42M (0.00M, Peak 11.95M) | Time:00:00.04 | Mem:0.00M, Peak:0.00M | Scene, RenderLayer | Synchronizing object | Lamp_Key
Fra:1 Mem:11.42M (0.00M, Peak 11.95M) | Time:00:00.04 | Mem:0.00M, Peak:0.00M | Scene, RenderLayer | Synchronizing object | Camera
Fra:1 Mem:11.42M (0.00M, Peak 11.95M) | Time:00:00.04 | Mem:0.00M, Peak:0.00M | Scene, RenderLayer | Synchronizing object | SmoothCube_v2_0
Fra:1 Mem:11.73M (0.00M, Peak 12.10M) | Time:00:00.05 | Mem:0.00M, Peak:0.00M | Scene, RenderLayer | Synchronizing object | SmoothCube_v2_1
Fra:1 Mem:12.04M (0.00M, Peak 12.41M) | Time:00:00.05 | Mem:0.00M, Peak:0.00M | Scene, RenderLayer | Synchronizing object | SmoothCube_v2_2
Fra:1 Mem:12.35M (0.00M, Peak 12.72M) | Time:00:00.05 | Mem:0.00M, Peak:0.00M | Scene, RenderLayer | Synchronizing object | SmoothCube_v2_3
Fra:1 Mem:12.66M (0.00M, Peak 13.02M) | Time:00:00.05 | Mem:0.00M, Peak:0.00M | Scene, RenderLayer | Initializing
Fra:1 Mem:12.66M (0.00M, Peak 13.02M) | Time:00:00.05 | Mem:0.00M, Peak:0.00M | Scene, RenderLayer | Loading render kernels (may take a few minutes the first time)
Fra:1 Mem:12.66M (0.00M, Peak 15.36M) | Time:00:00.06 | Mem:0.00M, Peak:0.00M | Scene, RenderLayer | Waiting for render to start
Fra:1 Mem:12.66M (0.00M, Peak 15.36M) | Time:00:00.06 | Mem:0.00M, Peak:0.00M | Scene, RenderLayer | Updating Scene
Fra:1 Mem:12.66M (0.00M, Peak 15.36M) | Time:00:00.06 | Mem:0.00M, Peak:0.00M | Scene, RenderLayer | Updating Shaders
Fra:1 Mem:12.91M (0.00M, Peak 15.36M) | Time:00:00.06 | Mem:0.00M, Peak:0.00M | Scene, RenderLayer | Updating Background
Fra:1 Mem:12.91M (0.00M, Peak 15.36M) | Time:00:00.06 | Mem:0.00M, Peak:0.00M | Scene, RenderLayer | Updating Camera
Fra:1 Mem:12.91M (0.00M, Peak 15.36M) | Time:00:00.06 | Mem:0.00M, Peak:0.00M | Scene, RenderLayer | Updating Meshes Flags
Fra:1 Mem:12.91M (0.00M, Peak 15.36M) | Time:00:00.06 | Mem:0.00M, Peak:0.00M | Scene, RenderLayer | Updating Objects
Fra:1 Mem:12.91M (0.00M, Peak 15.36M) | Time:00:00.06 | Mem:0.00M, Peak:0.00M | Scene, RenderLayer | Updating Objects | Copying Transformations to device
Fra:1 Mem:12.91M (0.00M, Peak 15.36M) | Time:00:00.06 | Mem:0.00M, Peak:0.00M | Scene, RenderLayer | Updating Objects | Applying Static Transformations
Fra:1 Mem:12.91M (0.00M, Peak 15.36M) | Time:00:00.06 | Mem:0.00M, Peak:0.00M | Scene, RenderLayer | Updating Meshes
Fra:1 Mem:13.39M (0.00M, Peak 15.36M) | Time:00:00.07 | Mem:0.00M, Peak:0.00M | Scene, RenderLayer | Updating Mesh | Computing attributes
Fra:1 Mem:13.39M (0.00M, Peak 15.36M) | Time:00:00.07 | Mem:0.00M, Peak:0.00M | Scene, RenderLayer | Updating Mesh | Copying Attributes to device
Fra:1 Mem:13.39M (0.00M, Peak 15.36M) | Time:00:00.07 | Mem:0.00M, Peak:0.00M | Scene, RenderLayer | Updating Scene BVH | Building
Fra:1 Mem:13.39M (0.00M, Peak 15.36M) | Time:00:00.07 | Mem:0.00M, Peak:0.00M | Scene, RenderLayer | Updating Scene BVH | Building BVH
Fra:1 Mem:15.20M (0.00M, Peak 15.36M) | Time:00:00.09 | Mem:0.00M, Peak:0.00M | Scene, RenderLayer | Updating Scene BVH | Packing BVH triangles and strands
Fra:1 Mem:16.88M (0.00M, Peak 16.88M) | Time:00:00.09 | Mem:0.00M, Peak:0.00M | Scene, RenderLayer | Updating Scene BVH | Packing BVH nodes
Fra:1 Mem:15.91M (0.00M, Peak 17.35M) | Time:00:00.09 | Mem:0.00M, Peak:0.00M | Scene, RenderLayer | Updating Scene BVH | Copying BVH to device
Fra:1 Mem:16.03M (0.00M, Peak 17.35M) | Time:00:00.09 | Mem:2.52M, Peak:2.52M | Scene, RenderLayer | Updating Mesh | Computing normals
Fra:1 Mem:17.11M (0.00M, Peak 17.35M) | Time:00:00.09 | Mem:2.52M, Peak:2.52M | Scene, RenderLayer | Updating Mesh | Copying Mesh to device
Fra:1 Mem:16.99M (0.00M, Peak 17.35M) | Time:00:00.09 | Mem:3.61M, Peak:3.61M | Scene, RenderLayer | Updating Objects Flags
Fra:1 Mem:16.99M (0.00M, Peak 17.35M) | Time:00:00.09 | Mem:3.61M, Peak:3.61M | Scene, RenderLayer | Updating Images
Fra:1 Mem:16.99M (0.00M, Peak 17.35M) | Time:00:00.09 | Mem:3.61M, Peak:3.61M | Scene, RenderLayer | Updating Camera Volume
Fra:1 Mem:16.99M (0.00M, Peak 17.35M) | Time:00:00.09 | Mem:3.61M, Peak:3.61M | Scene, RenderLayer | Updating Hair Systems
Fra:1 Mem:16.99M (0.00M, Peak 17.35M) | Time:00:00.09 | Mem:3.61M, Peak:3.61M | Scene, RenderLayer | Updating Hair settings | Copying Hair settings to device
Fra:1 Mem:16.99M (0.00M, Peak 17.35M) | Time:00:00.09 | Mem:3.61M, Peak:3.61M | Scene, RenderLayer | Updating Lookup Tables
Fra:1 Mem:16.99M (0.00M, Peak 17.35M) | Time:00:00.09 | Mem:3.86M, Peak:3.86M | Scene, RenderLayer | Updating Lights
Fra:1 Mem:16.99M (0.00M, Peak 17.35M) | Time:00:00.09 | Mem:3.86M, Peak:3.86M | Scene, RenderLayer | Updating Lights | Computing distribution
Fra:1 Mem:16.99M (0.00M, Peak 17.35M) | Time:00:00.09 | Mem:3.86M, Peak:3.86M | Scene, RenderLayer | Updating Particle Systems
Fra:1 Mem:16.99M (0.00M, Peak 17.35M) | Time:00:00.09 | Mem:3.86M, Peak:3.86M | Scene, RenderLayer | Updating Particle Systems | Copying Particles to device
Fra:1 Mem:16.99M (0.00M, Peak 17.35M) | Time:00:00.09 | Mem:3.86M, Peak:3.86M | Scene, RenderLayer | Updating Integrator
Fra:1 Mem:17.04M (0.00M, Peak 17.35M) | Time:00:00.09 | Mem:3.90M, Peak:3.90M | Scene, RenderLayer | Updating Film
Fra:1 Mem:17.04M (0.00M, Peak 17.35M) | Time:00:00.09 | Mem:3.90M, Peak:3.90M | Scene, RenderLayer | Updating Lookup Tables
Fra:1 Mem:17.04M (0.00M, Peak 17.35M) | Time:00:00.09 | Mem:3.90M, Peak:3.90M | Scene, RenderLayer | Updating Baking
Fra:1 Mem:17.04M (0.00M, Peak 17.35M) | Time:00:00.09 | Mem:3.90M, Peak:3.90M | Scene, RenderLayer | Updating Device | Writing constant memory
Fra:1 Mem:17.04M (0.00M, Peak 17.35M) | Time:00:00.09 | Mem:3.90M, Peak:3.90M | Scene, RenderLayer | Path Tracing Tile 0/4, Sample 0/512
Fra:1 Mem:19.29M (0.00M, Peak 20.54M) | Time:00:00.10 | Mem:6.15M, Peak:6.15M | Scene, RenderLayer | Path Tracing Tile 1/4, Sample 0/512
Fra:1 Mem:19.29M (0.00M, Peak 21.54M) | Time:00:01.10 | Remaining:00:10.37 | Mem:6.15M, Peak:6.15M | Scene, RenderLayer | Path Tracing Tile 1/4, Sample 106/512
Fra:1 Mem:19.29M (0.00M, Peak 21.54M) | Time:00:02.10 | Remaining:00:09.31 | Mem:6.15M, Peak:6.15M | Scene, RenderLayer | Path Tracing Tile 1/4, Sample 213/512
Fra:1 Mem:19.29M (0.00M, Peak 21.54M) | Time:00:03.11 | Remaining:00:08.30 | Mem:6.15M, Peak:6.15M | Scene, RenderLayer | Path Tracing Tile 1/4, Sample 320/512
Fra:1 Mem:19.29M (0.00M, Peak 21.54M) | Time:00:04.11 | Remaining:00:07.30 | Mem:6.15M, Peak:6.15M | Scene, RenderLayer | Path Tracing Tile 1/4, Sample 426/512
Fra:1 Mem:17.04M (0.00M, Peak 21.54M) | Time:00:04.93 | Remaining:00:06.50 | Mem:3.90M, Peak:6.15M | Scene, RenderLayer | Path Tracing Tile 1/4, Sample 512/512
Fra:1 Mem:19.01M (0.00M, Peak 21.54M) | Time:00:04.93 | Remaining:00:06.50 | Mem:5.87M, Peak:6.15M | Scene, RenderLayer | Path Tracing Tile 2/4, Sample 512/512
Fra:1 Mem:19.01M (0.00M, Peak 21.54M) | Time:00:05.11 | Remaining:00:06.33 | Mem:5.87M, Peak:6.15M | Scene, RenderLayer | Path Tracing Tile 2/4, Sample 21/512
Fra:1 Mem:19.01M (0.00M, Peak 21.54M) | Time:00:06.12 | Remaining:00:05.38 | Mem:5.87M, Peak:6.15M | Scene, RenderLayer | Path Tracing Tile 2/4, Sample 139/512
Fra:1 Mem:19.01M (0.00M, Peak 21.54M) | Time:00:07.13 | Remaining:00:04.41 | Mem:5.87M, Peak:6.15M | Scene, RenderLayer | Path Tracing Tile 2/4, Sample 257/512
Fra:1 Mem:19.01M (0.00M, Peak 21.54M) | Time:00:08.13 | Remaining:00:03.45 | Mem:5.87M, Peak:6.15M | Scene, RenderLayer | Path Tracing Tile 2/4, Sample 374/512
Fra:1 Mem:19.01M (0.00M, Peak 21.54M) | Time:00:09.13 | Remaining:00:02.49 | Mem:5.87M, Peak:6.15M | Scene, RenderLayer | Path Tracing Tile 2/4, Sample 490/512
Fra:1 Mem:17.04M (0.00M, Peak 21.54M) | Time:00:09.32 | Remaining:00:02.30 | Mem:3.90M, Peak:6.15M | Scene, RenderLayer | Path Tracing Tile 2/4, Sample 512/512
Fra:1 Mem:17.60M (0.00M, Peak 21.54M) | Time:00:09.32 | Remaining:00:02.30 | Mem:4.46M, Peak:6.15M | Scene, RenderLayer | Path Tracing Tile 3/4, Sample 512/512
Fra:1 Mem:17.60M (0.00M, Peak 21.54M) | Time:00:10.13 | Remaining:00:01.90 | Mem:4.46M, Peak:6.15M | Scene, RenderLayer | Path Tracing Tile 3/4, Sample 193/512
Fra:1 Mem:17.60M (0.00M, Peak 21.54M) | Time:00:11.13 | Remaining:00:01.36 | Mem:4.46M, Peak:6.15M | Scene, RenderLayer | Path Tracing Tile 3/4, Sample 432/512
Fra:1 Mem:17.04M (0.00M, Peak 21.54M) | Time:00:11.47 | Remaining:00:01.17 | Mem:3.90M, Peak:6.15M | Scene, RenderLayer | Path Tracing Tile 3/4, Sample 512/512
Fra:1 Mem:17.53M (0.00M, Peak 21.54M) | Time:00:11.47 | Remaining:00:01.17 | Mem:4.39M, Peak:6.15M | Scene, RenderLayer | Path Tracing Tile 4/4, Sample 512/512
Fra:1 Mem:17.53M (0.00M, Peak 21.54M) | Time:00:12.13 | Remaining:00:00.80 | Mem:4.39M, Peak:6.15M | Scene, RenderLayer | Path Tracing Tile 4/4, Sample 170/512
Fra:1 Mem:17.53M (0.00M, Peak 21.54M) | Time:00:13.14 | Remaining:00:00.20 | Mem:4.39M, Peak:6.15M | Scene, RenderLayer | Path Tracing Tile 4/4, Sample 426/512
Fra:1 Mem:17.04M (0.00M, Peak 21.54M) | Time:00:13.47 | Mem:3.90M, Peak:6.15M | Scene, RenderLayer | Path Tracing Tile 4/4, Sample 512/512
Fra:1 Mem:17.04M (0.00M, Peak 21.54M) | Time:00:13.47 | Mem:3.90M, Peak:6.15M | Scene, RenderLayer | Finished
Fra:1 Mem:11.35M (0.00M, Peak 21.54M) | Time:00:13.55 | Sce: Scene Ve:0 Fa:0 La:0
Saved: 'data/clevr-cleaned-variants/alternate-color/fovariant-24/render/images/CLEVR_val_000005.png'
 Time: 00:13.59 (Saving: 00:00.03)


Blender quit

INFO test_net.py:  81: Called with args:
INFO test_net.py:  82: Namespace(cfg_file='clevr_inference/scene_parse/mask_rcnn/configs/baselines/e2e_mask_rcnn_R-50-FPN_1x.yaml', clevr_comp_cat=1, dataset='clevr_original_val', grab_conv=False, images_dir='data/clevr-cleaned-variants/alternate-color/fovariant-24/render/images', load_ckpt='/home/ubuntu/vdp/data/ns-vqa-data/pretrained/object_detector.pt', load_detectron=None, multi_gpu_testing=False, name=None, output_dir='data/clevr-cleaned-variants/alternate-color/fovariant-24/infer/mask_rcnn', range=None, rendersummary_path='data/clevr-cleaned-variants/alternate-color/fovariant-24/render/summary.json', set_cfgs=[], vis=False)
INFO test_net.py: 125: Testing with config:
INFO test_net.py: 126: {'BBOX_XFORM_CLIP': 4.135166556742356,
 'CLEVR': {'COMP_CAT': True},
 'CROP_RESIZE_WITH_MAX_POOL': True,
 'CUDA': False,
 'DATA_DIR': '/home/ubuntu/vdp/data/ns-vqa-data/mask_rcnn',
 'DATA_LOADER': {'NUM_THREADS': 4},
 'DEBUG': False,
 'DEDUP_BOXES': 0.0625,
 'EPS': 1e-14,
 'EXPECTED_RESULTS': [],
 'EXPECTED_RESULTS_ATOL': 0.005,
 'EXPECTED_RESULTS_EMAIL': '',
 'EXPECTED_RESULTS_RTOL': 0.1,
 'FAST_RCNN': {'CONV_HEAD_DIM': 256,
               'MLP_HEAD_DIM': 1024,
               'NUM_STACKED_CONVS': 4,
               'ROI_BOX_HEAD': 'fast_rcnn_heads.roi_2mlp_head',
               'ROI_XFORM_METHOD': 'RoIAlign',
               'ROI_XFORM_RESOLUTION': 7,
               'ROI_XFORM_SAMPLING_RATIO': 2},
 'FPN': {'COARSEST_STRIDE': 32,
         'DIM': 256,
         'EXTRA_CONV_LEVELS': False,
         'FPN_ON': True,
         'MULTILEVEL_ROIS': True,
         'MULTILEVEL_RPN': True,
         'ROI_CANONICAL_LEVEL': 4,
         'ROI_CANONICAL_SCALE': 224,
         'ROI_MAX_LEVEL': 5,
         'ROI_MIN_LEVEL': 2,
         'RPN_ANCHOR_START_SIZE': 32,
         'RPN_ASPECT_RATIOS': (0.5, 1, 2),
         'RPN_COLLECT_SCALE': 1,
         'RPN_MAX_LEVEL': 6,
         'RPN_MIN_LEVEL': 2,
         'USE_GN': False,
         'ZERO_INIT_LATERAL': False},
 'GROUP_NORM': {'DIM_PER_GP': -1, 'EPSILON': 1e-05, 'NUM_GROUPS': 32},
 'KRCNN': {'CONV_HEAD_DIM': 256,
           'CONV_HEAD_KERNEL': 3,
           'CONV_INIT': 'GaussianFill',
           'DECONV_DIM': 256,
           'DECONV_KERNEL': 4,
           'DILATION': 1,
           'HEATMAP_SIZE': -1,
           'INFERENCE_MIN_SIZE': 0,
           'KEYPOINT_CONFIDENCE': 'bbox',
           'LOSS_WEIGHT': 1.0,
           'MIN_KEYPOINT_COUNT_FOR_VALID_MINIBATCH': 20,
           'NMS_OKS': False,
           'NORMALIZE_BY_VISIBLE_KEYPOINTS': True,
           'NUM_KEYPOINTS': -1,
           'NUM_STACKED_CONVS': 8,
           'ROI_KEYPOINTS_HEAD': '',
           'ROI_XFORM_METHOD': 'RoIAlign',
           'ROI_XFORM_RESOLUTION': 7,
           'ROI_XFORM_SAMPLING_RATIO': 0,
           'UP_SCALE': -1,
           'USE_DECONV': False,
           'USE_DECONV_OUTPUT': False},
 'MATLAB': 'matlab',
 'MODEL': {'BBOX_REG_WEIGHTS': (10.0, 10.0, 5.0, 5.0),
           'CLS_AGNOSTIC_BBOX_REG': False,
           'CONV_BODY': 'FPN.fpn_ResNet50_conv5_body',
           'FASTER_RCNN': True,
           'KEYPOINTS_ON': False,
           'LOAD_IMAGENET_PRETRAINED_WEIGHTS': True,
           'MASK_ON': True,
           'NUM_CLASSES': 49,
           'RPN_ONLY': False,
           'SHARE_RES5': False,
           'TYPE': 'generalized_rcnn',
           'UNSUPERVISED_POSE': False},
 'MRCNN': {'CLS_SPECIFIC_MASK': True,
           'CONV_INIT': 'MSRAFill',
           'DILATION': 1,
           'DIM_REDUCED': 256,
           'MEMORY_EFFICIENT_LOSS': True,
           'RESOLUTION': 28,
           'ROI_MASK_HEAD': 'mask_rcnn_heads.mask_rcnn_fcn_head_v1up4convs',
           'ROI_XFORM_METHOD': 'RoIAlign',
           'ROI_XFORM_RESOLUTION': 14,
           'ROI_XFORM_SAMPLING_RATIO': 2,
           'THRESH_BINARIZE': 0.5,
           'UPSAMPLE_RATIO': 1,
           'USE_FC_OUTPUT': False,
           'WEIGHT_LOSS_MASK': 1.0},
 'NUM_GPUS': 8,
 'OUTPUT_DIR': 'Outputs',
 'PIXEL_MEANS': array([[[102.9801, 115.9465, 122.7717]]]),
 'POOLING_MODE': 'crop',
 'POOLING_SIZE': 7,
 'PYTORCH_VERSION_LESS_THAN_040': False,
 'RESNETS': {'FREEZE_AT': 2,
             'IMAGENET_PRETRAINED_WEIGHTS': 'pretrained_model/resnet50_caffe.pth',
             'NUM_GROUPS': 1,
             'RES5_DILATION': 1,
             'SHORTCUT_FUNC': 'basic_bn_shortcut',
             'STEM_FUNC': 'basic_bn_stem',
             'STRIDE_1X1': True,
             'TRANS_FUNC': 'bottleneck_transformation',
             'USE_GN': False,
             'WIDTH_PER_GROUP': 64},
 'RETINANET': {'ANCHOR_SCALE': 4,
               'ASPECT_RATIOS': (0.5, 1.0, 2.0),
               'BBOX_REG_BETA': 0.11,
               'BBOX_REG_WEIGHT': 1.0,
               'CLASS_SPECIFIC_BBOX': False,
               'INFERENCE_TH': 0.05,
               'LOSS_ALPHA': 0.25,
               'LOSS_GAMMA': 2.0,
               'NEGATIVE_OVERLAP': 0.4,
               'NUM_CONVS': 4,
               'POSITIVE_OVERLAP': 0.5,
               'PRE_NMS_TOP_N': 1000,
               'PRIOR_PROB': 0.01,
               'RETINANET_ON': False,
               'SCALES_PER_OCTAVE': 3,
               'SHARE_CLS_BBOX_TOWER': False,
               'SOFTMAX': False},
 'RFCN': {'PS_GRID_SIZE': 3},
 'RNG_SEED': 3,
 'ROOT_DIR': '/home/ubuntu/vdp/clevr_inference/scene_parse/mask_rcnn',
 'RPN': {'ASPECT_RATIOS': (0.5, 1, 2),
         'CLS_ACTIVATION': 'sigmoid',
         'OUT_DIM': 512,
         'OUT_DIM_AS_IN_DIM': True,
         'RPN_ON': True,
         'SIZES': (64, 128, 256, 512),
         'STRIDE': 16},
 'SOLVER': {'BASE_LR': 0.02,
            'BIAS_DOUBLE_LR': True,
            'BIAS_WEIGHT_DECAY': False,
            'GAMMA': 0.1,
            'LOG_LR_CHANGE_THRESHOLD': 1.1,
            'LRS': [],
            'LR_POLICY': 'steps_with_decay',
            'MAX_ITER': 30000,
            'MOMENTUM': 0.9,
            'SCALE_MOMENTUM': True,
            'SCALE_MOMENTUM_THRESHOLD': 1.1,
            'STEPS': [0, 20000, 26000],
            'STEP_SIZE': 30000,
            'TYPE': 'SGD',
            'WARM_UP_FACTOR': 0.3333333333333333,
            'WARM_UP_ITERS': 500,
            'WARM_UP_METHOD': 'linear',
            'WEIGHT_DECAY': 0.0001,
            'WEIGHT_DECAY_GN': 0.0},
 'TEST': {'BBOX_AUG': {'AREA_TH_HI': 32400,
                       'AREA_TH_LO': 2500,
                       'ASPECT_RATIOS': (),
                       'ASPECT_RATIO_H_FLIP': False,
                       'COORD_HEUR': 'UNION',
                       'ENABLED': False,
                       'H_FLIP': False,
                       'MAX_SIZE': 4000,
                       'SCALES': (),
                       'SCALE_H_FLIP': False,
                       'SCALE_SIZE_DEP': False,
                       'SCORE_HEUR': 'UNION'},
          'BBOX_REG': True,
          'BBOX_VOTE': {'ENABLED': False,
                        'SCORING_METHOD': 'ID',
                        'SCORING_METHOD_BETA': 1.0,
                        'VOTE_TH': 0.8},
          'COMPETITION_MODE': True,
          'DATASETS': ('custom(data/clevr-cleaned-variants/alternate-color/fovariant-24/render/images, '
                       'data/clevr-cleaned-variants/alternate-color/fovariant-24/render/summary.json)',),
          'DETECTIONS_PER_IM': 100,
          'FORCE_JSON_DATASET_EVAL': False,
          'KPS_AUG': {'AREA_TH': 32400,
                      'ASPECT_RATIOS': (),
                      'ASPECT_RATIO_H_FLIP': False,
                      'ENABLED': False,
                      'HEUR': 'HM_AVG',
                      'H_FLIP': False,
                      'MAX_SIZE': 4000,
                      'SCALES': (),
                      'SCALE_H_FLIP': False,
                      'SCALE_SIZE_DEP': False},
          'MASK_AUG': {'AREA_TH': 32400,
                       'ASPECT_RATIOS': (),
                       'ASPECT_RATIO_H_FLIP': False,
                       'ENABLED': False,
                       'HEUR': 'SOFT_AVG',
                       'H_FLIP': False,
                       'MAX_SIZE': 4000,
                       'SCALES': (),
                       'SCALE_H_FLIP': False,
                       'SCALE_SIZE_DEP': False},
          'MAX_SIZE': 1333,
          'NMS': 0.5,
          'PRECOMPUTED_PROPOSALS': False,
          'PROPOSAL_FILES': (),
          'PROPOSAL_LIMIT': 2000,
          'RPN_MIN_SIZE': 0,
          'RPN_NMS_THRESH': 0.7,
          'RPN_POST_NMS_TOP_N': 1000,
          'RPN_PRE_NMS_TOP_N': 1000,
          'SCALE': 800,
          'SCORE_THRESH': 0.05,
          'SOFT_NMS': {'ENABLED': False, 'METHOD': 'linear', 'SIGMA': 0.5}},
 'TRAIN': {'ASPECT_CROPPING': False,
           'ASPECT_GROUPING': True,
           'ASPECT_HI': 2,
           'ASPECT_LO': 0.5,
           'BATCH_SIZE_PER_IM': 512,
           'BBOX_INSIDE_WEIGHTS': (1.0, 1.0, 1.0, 1.0),
           'BBOX_NORMALIZE_MEANS': (0.0, 0.0, 0.0, 0.0),
           'BBOX_NORMALIZE_STDS': (0.1, 0.1, 0.2, 0.2),
           'BBOX_NORMALIZE_TARGETS': True,
           'BBOX_NORMALIZE_TARGETS_PRECOMPUTED': False,
           'BBOX_THRESH': 0.5,
           'BG_THRESH_HI': 0.5,
           'BG_THRESH_LO': 0.0,
           'CROWD_FILTER_THRESH': 0.7,
           'DATASETS': (),
           'FG_FRACTION': 0.25,
           'FG_THRESH': 0.5,
           'FREEZE_CONV_BODY': False,
           'GT_MIN_AREA': -1,
           'IMS_PER_BATCH': 2,
           'MAX_SIZE': 1333,
           'PROPOSAL_FILES': (),
           'RPN_BATCH_SIZE_PER_IM': 256,
           'RPN_FG_FRACTION': 0.5,
           'RPN_MIN_SIZE': 0,
           'RPN_NEGATIVE_OVERLAP': 0.3,
           'RPN_NMS_THRESH': 0.7,
           'RPN_POSITIVE_OVERLAP': 0.7,
           'RPN_POST_NMS_TOP_N': 2000,
           'RPN_PRE_NMS_TOP_N': 2000,
           'RPN_STRADDLE_THRESH': 0,
           'SCALES': (800,),
           'SNAPSHOT_ITERS': 20000,
           'USE_FLIPPED': False},
 'VIS': False,
 'VIS_TH': 0.9}
INFO test_engine.py: 352: loading checkpoint /home/ubuntu/vdp/data/ns-vqa-data/pretrained/object_detector.pt
INFO test_engine.py: 286: im_detect: range [1, 6] of 6: 1/6 1.121s + 0.003s (eta: 0:00:05)
INFO test_engine.py: 336: Wrote detections to: /home/ubuntu/vdp/data/clevr-cleaned-variants/alternate-color/fovariant-24/infer/mask_rcnn/detections.pkl
INFO test_engine.py: 164: Total inference time: 5.693s


| processing proposals 1 / 6 images
| processing proposals 2 / 6 images
| processing proposals 3 / 6 images
| processing proposals 4 / 6 images
| processing proposals 5 / 6 images
| processing proposals 6 / 6 images
| saving object annotations to data/clevr-cleaned-variants/alternate-color/fovariant-24/infer/attrnet/predictions.json


| options
run_dir: data/clevr-cleaned-variants/alternate-color/fovariant-24/solver_ir
dataset: clevr
load_checkpoint_path: /home/ubuntu/vdp/data/ns-vqa-data/pretrained/attribute_net.pt
gpu_ids: [0]
clevr_mini_img_dir: /home/ubuntu/vdp/data/ns-vqa-data/raw/CLEVR_mini/images
clevr_mini_ann_path: /home/ubuntu/vdp/data/ns-vqa-data/attr_net/objects/clevr_mini_objs.json
concat_img: 1
split_id: 3500
batch_size: 50
num_workers: 4
learning_rate: 0.002
split: val
output_path: data/clevr-cleaned-variants/alternate-color/fovariant-24/solver_ir/results.json
clevr_val_ann_path: data/clevr-cleaned-variants/alternate-color/fovariant-24/infer/attrnet/predictions.json
clevr_val_img_dir: /home/ubuntu/vdp/data/ns-vqa-data/raw/CLEVR_v1.0/images/val
shuffle_data: 0
use_cat_label: 1
name: fovariant-24
| loading checkpoint from /home/ubuntu/vdp/data/ns-vqa-data/pretrained/attribute_net.pt
clevr_object.py: CLEVR_val_000000.png val 0 0
clevr_object.py: CLEVR_val_000000.png val 0 1
clevr_object.py: CLEVR_val_000001.png val 1 2
clevr_object.py: CLEVR_val_000001.png val 1 3
clevr_object.py: CLEVR_val_000002.png val 2 4
clevr_object.py: CLEVR_val_000002.png val 2 5
clevr_object.py: CLEVR_val_000002.png val 2 6
clevr_object.py: CLEVR_val_000002.png val 2 7
clevr_object.py: CLEVR_val_000003.png val 3 8
clevr_object.py: CLEVR_val_000003.png val 3 9
clevr_object.py: CLEVR_val_000003.png val 3 10
clevr_object.py: CLEVR_val_000003.png val 3 11
clevr_object.py: CLEVR_val_000004.png val 4 12
clevr_object.py: CLEVR_val_000004.png val 4 13
clevr_object.py: CLEVR_val_000005.png val 5 14
clevr_object.py: CLEVR_val_000005.png val 5 15
clevr_object.py: CLEVR_val_000005.png val 5 16
clevr_object.py: CLEVR_val_000005.png val 5 17
18 / 18 objects processed
| saving annotation file to data/clevr-cleaned-variants/alternate-color/fovariant-24/solver_ir/results.json


0.json in test
THRESHOLD relate_behind objs = {'id': '0-0', 'position': [1.2145031690597534, 0.14613190293312073, 0.35584762692451477], 'color': 'brown', 'material': 'metal', 'shape': 'cube', 'size': 'small'}, {'id': '0-1', 'position': [-1.446732997894287, -0.07800651341676712, 0.3481844961643219], 'color': 'yellow', 'material': 'metal', 'shape': 'cube', 'size': 'small'}
THRESHOLD relate_front objs = {'id': '0-1', 'position': [-1.446732997894287, -0.07800651341676712, 0.3481844961643219], 'color': 'yellow', 'material': 'metal', 'shape': 'cube', 'size': 'small'}, {'id': '0-0', 'position': [1.2145031690597534, 0.14613190293312073, 0.35584762692451477], 'color': 'brown', 'material': 'metal', 'shape': 'cube', 'size': 'small'}
1.json in test
THRESHOLD relate_front objs = {'id': '1-0', 'position': [-2.7474446296691895, -0.03950720652937889, 0.3503111004829407], 'color': 'brown', 'material': 'metal', 'shape': 'cube', 'size': 'small'}, {'id': '1-1', 'position': [0.11281389743089676, 0.19671469926834106, 0.3497553765773773], 'color': 'yellow', 'material': 'metal', 'shape': 'cube', 'size': 'small'}
THRESHOLD relate_behind objs = {'id': '1-1', 'position': [0.11281389743089676, 0.19671469926834106, 0.3497553765773773], 'color': 'yellow', 'material': 'metal', 'shape': 'cube', 'size': 'small'}, {'id': '1-0', 'position': [-2.7474446296691895, -0.03950720652937889, 0.3503111004829407], 'color': 'brown', 'material': 'metal', 'shape': 'cube', 'size': 'small'}
2.json in test
THRESHOLD relate_behind objs = {'id': '2-0', 'position': [-1.3885138034820557, 0.11995112150907516, 0.3552775979042053], 'color': 'brown', 'material': 'metal', 'shape': 'cylinder', 'size': 'small'}, {'id': '2-3', 'position': [-2.8400397300720215, -0.03170888125896454, 0.349115788936615], 'color': 'yellow', 'material': 'metal', 'shape': 'cylinder', 'size': 'small'}
THRESHOLD relate_front objs = {'id': '2-0', 'position': [-1.3885138034820557, 0.11995112150907516, 0.3552775979042053], 'color': 'brown', 'material': 'metal', 'shape': 'cylinder', 'size': 'small'}, {'id': '2-1', 'position': [1.4051815271377563, 0.20079952478408813, 0.35237574577331543], 'color': 'brown', 'material': 'metal', 'shape': 'cylinder', 'size': 'small'}
THRESHOLD relate_front objs = {'id': '2-0', 'position': [-1.3885138034820557, 0.11995112150907516, 0.3552775979042053], 'color': 'brown', 'material': 'metal', 'shape': 'cylinder', 'size': 'small'}, {'id': '2-2', 'position': [0.09899594634771347, 0.30188697576522827, 0.3773496747016907], 'color': 'yellow', 'material': 'metal', 'shape': 'cylinder', 'size': 'small'}
THRESHOLD relate_behind objs = {'id': '2-1', 'position': [1.4051815271377563, 0.20079952478408813, 0.35237574577331543], 'color': 'brown', 'material': 'metal', 'shape': 'cylinder', 'size': 'small'}, {'id': '2-0', 'position': [-1.3885138034820557, 0.11995112150907516, 0.3552775979042053], 'color': 'brown', 'material': 'metal', 'shape': 'cylinder', 'size': 'small'}
THRESHOLD relate_behind objs = {'id': '2-1', 'position': [1.4051815271377563, 0.20079952478408813, 0.35237574577331543], 'color': 'brown', 'material': 'metal', 'shape': 'cylinder', 'size': 'small'}, {'id': '2-3', 'position': [-2.8400397300720215, -0.03170888125896454, 0.349115788936615], 'color': 'yellow', 'material': 'metal', 'shape': 'cylinder', 'size': 'small'}
THRESHOLD relate_front objs = {'id': '2-1', 'position': [1.4051815271377563, 0.20079952478408813, 0.35237574577331543], 'color': 'brown', 'material': 'metal', 'shape': 'cylinder', 'size': 'small'}, {'id': '2-2', 'position': [0.09899594634771347, 0.30188697576522827, 0.3773496747016907], 'color': 'yellow', 'material': 'metal', 'shape': 'cylinder', 'size': 'small'}
THRESHOLD relate_behind objs = {'id': '2-2', 'position': [0.09899594634771347, 0.30188697576522827, 0.3773496747016907], 'color': 'yellow', 'material': 'metal', 'shape': 'cylinder', 'size': 'small'}, {'id': '2-0', 'position': [-1.3885138034820557, 0.11995112150907516, 0.3552775979042053], 'color': 'brown', 'material': 'metal', 'shape': 'cylinder', 'size': 'small'}
THRESHOLD relate_behind objs = {'id': '2-2', 'position': [0.09899594634771347, 0.30188697576522827, 0.3773496747016907], 'color': 'yellow', 'material': 'metal', 'shape': 'cylinder', 'size': 'small'}, {'id': '2-1', 'position': [1.4051815271377563, 0.20079952478408813, 0.35237574577331543], 'color': 'brown', 'material': 'metal', 'shape': 'cylinder', 'size': 'small'}
THRESHOLD relate_behind objs = {'id': '2-2', 'position': [0.09899594634771347, 0.30188697576522827, 0.3773496747016907], 'color': 'yellow', 'material': 'metal', 'shape': 'cylinder', 'size': 'small'}, {'id': '2-3', 'position': [-2.8400397300720215, -0.03170888125896454, 0.349115788936615], 'color': 'yellow', 'material': 'metal', 'shape': 'cylinder', 'size': 'small'}
THRESHOLD relate_front objs = {'id': '2-3', 'position': [-2.8400397300720215, -0.03170888125896454, 0.349115788936615], 'color': 'yellow', 'material': 'metal', 'shape': 'cylinder', 'size': 'small'}, {'id': '2-0', 'position': [-1.3885138034820557, 0.11995112150907516, 0.3552775979042053], 'color': 'brown', 'material': 'metal', 'shape': 'cylinder', 'size': 'small'}
THRESHOLD relate_front objs = {'id': '2-3', 'position': [-2.8400397300720215, -0.03170888125896454, 0.349115788936615], 'color': 'yellow', 'material': 'metal', 'shape': 'cylinder', 'size': 'small'}, {'id': '2-1', 'position': [1.4051815271377563, 0.20079952478408813, 0.35237574577331543], 'color': 'brown', 'material': 'metal', 'shape': 'cylinder', 'size': 'small'}
THRESHOLD relate_front objs = {'id': '2-3', 'position': [-2.8400397300720215, -0.03170888125896454, 0.349115788936615], 'color': 'yellow', 'material': 'metal', 'shape': 'cylinder', 'size': 'small'}, {'id': '2-2', 'position': [0.09899594634771347, 0.30188697576522827, 0.3773496747016907], 'color': 'yellow', 'material': 'metal', 'shape': 'cylinder', 'size': 'small'}
3.json in train
THRESHOLD relate_behind objs = {'id': '3-0', 'position': [2.6443471908569336, 0.339854896068573, 0.7036122679710388], 'color': 'brown', 'material': 'metal', 'shape': 'cube', 'size': 'large'}, {'id': '3-1', 'position': [-1.5379637479782104, 0.0422738716006279, 0.6953095197677612], 'color': 'brown', 'material': 'metal', 'shape': 'cube', 'size': 'large'}
THRESHOLD relate_behind objs = {'id': '3-0', 'position': [2.6443471908569336, 0.339854896068573, 0.7036122679710388], 'color': 'brown', 'material': 'metal', 'shape': 'cube', 'size': 'large'}, {'id': '3-2', 'position': [0.5585625171661377, 0.2414458990097046, 0.34472376108169556], 'color': 'yellow', 'material': 'metal', 'shape': 'cube', 'size': 'small'}
THRESHOLD relate_behind objs = {'id': '3-0', 'position': [2.6443471908569336, 0.339854896068573, 0.7036122679710388], 'color': 'brown', 'material': 'metal', 'shape': 'cube', 'size': 'large'}, {'id': '3-3', 'position': [-3.0395920276641846, 0.0019143614917993546, 0.347486674785614], 'color': 'yellow', 'material': 'metal', 'shape': 'cube', 'size': 'small'}
THRESHOLD relate_behind objs = {'id': '3-1', 'position': [-1.5379637479782104, 0.0422738716006279, 0.6953095197677612], 'color': 'brown', 'material': 'metal', 'shape': 'cube', 'size': 'large'}, {'id': '3-3', 'position': [-3.0395920276641846, 0.0019143614917993546, 0.347486674785614], 'color': 'yellow', 'material': 'metal', 'shape': 'cube', 'size': 'small'}
THRESHOLD relate_front objs = {'id': '3-1', 'position': [-1.5379637479782104, 0.0422738716006279, 0.6953095197677612], 'color': 'brown', 'material': 'metal', 'shape': 'cube', 'size': 'large'}, {'id': '3-0', 'position': [2.6443471908569336, 0.339854896068573, 0.7036122679710388], 'color': 'brown', 'material': 'metal', 'shape': 'cube', 'size': 'large'}
THRESHOLD relate_front objs = {'id': '3-1', 'position': [-1.5379637479782104, 0.0422738716006279, 0.6953095197677612], 'color': 'brown', 'material': 'metal', 'shape': 'cube', 'size': 'large'}, {'id': '3-2', 'position': [0.5585625171661377, 0.2414458990097046, 0.34472376108169556], 'color': 'yellow', 'material': 'metal', 'shape': 'cube', 'size': 'small'}
THRESHOLD relate_behind objs = {'id': '3-2', 'position': [0.5585625171661377, 0.2414458990097046, 0.34472376108169556], 'color': 'yellow', 'material': 'metal', 'shape': 'cube', 'size': 'small'}, {'id': '3-1', 'position': [-1.5379637479782104, 0.0422738716006279, 0.6953095197677612], 'color': 'brown', 'material': 'metal', 'shape': 'cube', 'size': 'large'}
THRESHOLD relate_behind objs = {'id': '3-2', 'position': [0.5585625171661377, 0.2414458990097046, 0.34472376108169556], 'color': 'yellow', 'material': 'metal', 'shape': 'cube', 'size': 'small'}, {'id': '3-3', 'position': [-3.0395920276641846, 0.0019143614917993546, 0.347486674785614], 'color': 'yellow', 'material': 'metal', 'shape': 'cube', 'size': 'small'}
THRESHOLD relate_front objs = {'id': '3-2', 'position': [0.5585625171661377, 0.2414458990097046, 0.34472376108169556], 'color': 'yellow', 'material': 'metal', 'shape': 'cube', 'size': 'small'}, {'id': '3-0', 'position': [2.6443471908569336, 0.339854896068573, 0.7036122679710388], 'color': 'brown', 'material': 'metal', 'shape': 'cube', 'size': 'large'}
THRESHOLD relate_front objs = {'id': '3-3', 'position': [-3.0395920276641846, 0.0019143614917993546, 0.347486674785614], 'color': 'yellow', 'material': 'metal', 'shape': 'cube', 'size': 'small'}, {'id': '3-0', 'position': [2.6443471908569336, 0.339854896068573, 0.7036122679710388], 'color': 'brown', 'material': 'metal', 'shape': 'cube', 'size': 'large'}
THRESHOLD relate_front objs = {'id': '3-3', 'position': [-3.0395920276641846, 0.0019143614917993546, 0.347486674785614], 'color': 'yellow', 'material': 'metal', 'shape': 'cube', 'size': 'small'}, {'id': '3-1', 'position': [-1.5379637479782104, 0.0422738716006279, 0.6953095197677612], 'color': 'brown', 'material': 'metal', 'shape': 'cube', 'size': 'large'}
THRESHOLD relate_front objs = {'id': '3-3', 'position': [-3.0395920276641846, 0.0019143614917993546, 0.347486674785614], 'color': 'yellow', 'material': 'metal', 'shape': 'cube', 'size': 'small'}, {'id': '3-2', 'position': [0.5585625171661377, 0.2414458990097046, 0.34472376108169556], 'color': 'yellow', 'material': 'metal', 'shape': 'cube', 'size': 'small'}
4.json in train
THRESHOLD relate_behind objs = {'id': '4-0', 'position': [1.500422477722168, 0.09781715273857117, 0.3527122735977173], 'color': 'brown', 'material': 'metal', 'shape': 'cube', 'size': 'small'}, {'id': '4-1', 'position': [-1.1753093004226685, -0.10062049329280853, 0.6992552280426025], 'color': 'yellow', 'material': 'rubber', 'shape': 'cube', 'size': 'large'}
THRESHOLD relate_front objs = {'id': '4-1', 'position': [-1.1753093004226685, -0.10062049329280853, 0.6992552280426025], 'color': 'yellow', 'material': 'rubber', 'shape': 'cube', 'size': 'large'}, {'id': '4-0', 'position': [1.500422477722168, 0.09781715273857117, 0.3527122735977173], 'color': 'brown', 'material': 'metal', 'shape': 'cube', 'size': 'small'}
5.json in train
THRESHOLD relate_behind objs = {'id': '5-0', 'position': [-0.0085415318608284, -0.11037217825651169, 0.3472989797592163], 'color': 'brown', 'material': 'rubber', 'shape': 'cube', 'size': 'small'}, {'id': '5-2', 'position': [-1.4761735200881958, -0.12295028567314148, 0.3487400412559509], 'color': 'yellow', 'material': 'rubber', 'shape': 'cube', 'size': 'small'}
THRESHOLD relate_front objs = {'id': '5-0', 'position': [-0.0085415318608284, -0.11037217825651169, 0.3472989797592163], 'color': 'brown', 'material': 'rubber', 'shape': 'cube', 'size': 'small'}, {'id': '5-1', 'position': [2.8562936782836914, 0.22647500038146973, 0.34908801317214966], 'color': 'brown', 'material': 'rubber', 'shape': 'cube', 'size': 'small'}
THRESHOLD relate_front objs = {'id': '5-0', 'position': [-0.0085415318608284, -0.11037217825651169, 0.3472989797592163], 'color': 'brown', 'material': 'rubber', 'shape': 'cube', 'size': 'small'}, {'id': '5-3', 'position': [1.3595119714736938, 0.06006930023431778, 0.35988175868988037], 'color': 'yellow', 'material': 'rubber', 'shape': 'cube', 'size': 'small'}
THRESHOLD relate_behind objs = {'id': '5-1', 'position': [2.8562936782836914, 0.22647500038146973, 0.34908801317214966], 'color': 'brown', 'material': 'rubber', 'shape': 'cube', 'size': 'small'}, {'id': '5-0', 'position': [-0.0085415318608284, -0.11037217825651169, 0.3472989797592163], 'color': 'brown', 'material': 'rubber', 'shape': 'cube', 'size': 'small'}
THRESHOLD relate_behind objs = {'id': '5-1', 'position': [2.8562936782836914, 0.22647500038146973, 0.34908801317214966], 'color': 'brown', 'material': 'rubber', 'shape': 'cube', 'size': 'small'}, {'id': '5-2', 'position': [-1.4761735200881958, -0.12295028567314148, 0.3487400412559509], 'color': 'yellow', 'material': 'rubber', 'shape': 'cube', 'size': 'small'}
THRESHOLD relate_behind objs = {'id': '5-1', 'position': [2.8562936782836914, 0.22647500038146973, 0.34908801317214966], 'color': 'brown', 'material': 'rubber', 'shape': 'cube', 'size': 'small'}, {'id': '5-3', 'position': [1.3595119714736938, 0.06006930023431778, 0.35988175868988037], 'color': 'yellow', 'material': 'rubber', 'shape': 'cube', 'size': 'small'}
THRESHOLD relate_front objs = {'id': '5-2', 'position': [-1.4761735200881958, -0.12295028567314148, 0.3487400412559509], 'color': 'yellow', 'material': 'rubber', 'shape': 'cube', 'size': 'small'}, {'id': '5-0', 'position': [-0.0085415318608284, -0.11037217825651169, 0.3472989797592163], 'color': 'brown', 'material': 'rubber', 'shape': 'cube', 'size': 'small'}
THRESHOLD relate_front objs = {'id': '5-2', 'position': [-1.4761735200881958, -0.12295028567314148, 0.3487400412559509], 'color': 'yellow', 'material': 'rubber', 'shape': 'cube', 'size': 'small'}, {'id': '5-1', 'position': [2.8562936782836914, 0.22647500038146973, 0.34908801317214966], 'color': 'brown', 'material': 'rubber', 'shape': 'cube', 'size': 'small'}
THRESHOLD relate_front objs = {'id': '5-2', 'position': [-1.4761735200881958, -0.12295028567314148, 0.3487400412559509], 'color': 'yellow', 'material': 'rubber', 'shape': 'cube', 'size': 'small'}, {'id': '5-3', 'position': [1.3595119714736938, 0.06006930023431778, 0.35988175868988037], 'color': 'yellow', 'material': 'rubber', 'shape': 'cube', 'size': 'small'}
THRESHOLD relate_behind objs = {'id': '5-3', 'position': [1.3595119714736938, 0.06006930023431778, 0.35988175868988037], 'color': 'yellow', 'material': 'rubber', 'shape': 'cube', 'size': 'small'}, {'id': '5-0', 'position': [-0.0085415318608284, -0.11037217825651169, 0.3472989797592163], 'color': 'brown', 'material': 'rubber', 'shape': 'cube', 'size': 'small'}
THRESHOLD relate_behind objs = {'id': '5-3', 'position': [1.3595119714736938, 0.06006930023431778, 0.35988175868988037], 'color': 'yellow', 'material': 'rubber', 'shape': 'cube', 'size': 'small'}, {'id': '5-2', 'position': [-1.4761735200881958, -0.12295028567314148, 0.3487400412559509], 'color': 'yellow', 'material': 'rubber', 'shape': 'cube', 'size': 'small'}
THRESHOLD relate_front objs = {'id': '5-3', 'position': [1.3595119714736938, 0.06006930023431778, 0.35988175868988037], 'color': 'yellow', 'material': 'rubber', 'shape': 'cube', 'size': 'small'}, {'id': '5-1', 'position': [2.8562936782836914, 0.22647500038146973, 0.34908801317214966], 'color': 'brown', 'material': 'rubber', 'shape': 'cube', 'size': 'small'}
