Started Logging. 2022-07-09 21:43:17.851437

found bundled python: /home/ubuntu/vdp-tool-chain/data/blender-2.78c-linux-glibc219-x86_64/2.78/python
read blend: /home/ubuntu/vdp-tool-chain/data/clevr_scene_data/base_scene.blend
convertViewVec: called in an invalid context
convertViewVec: called in an invalid context
Fra:1 Mem:15.35M (0.00M, Peak 15.35M) | Time:00:00.00 | Preparing Scene data
Fra:1 Mem:21.40M (0.00M, Peak 23.55M) | Time:00:00.01 | Preparing Scene data
Fra:1 Mem:21.40M (0.00M, Peak 23.55M) | Time:00:00.01 | Creating Shadowbuffers
Fra:1 Mem:21.40M (0.00M, Peak 23.55M) | Time:00:00.01 | Raytree.. preparing
Fra:1 Mem:28.09M (0.00M, Peak 28.09M) | Time:00:00.01 | Raytree.. building
Fra:1 Mem:27.72M (0.00M, Peak 38.17M) | Time:00:00.12 | Raytree finished
Fra:1 Mem:27.72M (0.00M, Peak 38.17M) | Time:00:00.12 | Creating Environment maps
Fra:1 Mem:27.72M (0.00M, Peak 38.17M) | Time:00:00.12 | Caching Point Densities
Fra:1 Mem:27.72M (0.00M, Peak 38.17M) | Time:00:00.12 | Sce: Scene Ve:50692 Fa:48706 La:1
Fra:1 Mem:27.72M (0.00M, Peak 38.17M) | Time:00:00.12 | Loading voxel datasets
Fra:1 Mem:27.72M (0.00M, Peak 38.17M) | Time:00:00.12 | Sce: Scene Ve:50692 Fa:48706 La:1
Fra:1 Mem:27.73M (0.00M, Peak 38.17M) | Time:00:00.12 | Sce: Scene Ve:50692 Fa:48706 La:1
Fra:1 Mem:27.73M (0.00M, Peak 38.17M) | Time:00:00.12 | Volume preprocessing
Fra:1 Mem:27.73M (0.00M, Peak 38.17M) | Time:00:00.12 | Sce: Scene Ve:50692 Fa:48706 La:1
Fra:1 Mem:27.73M (0.00M, Peak 38.17M) | Time:00:00.12 | Sce: Scene Ve:50692 Fa:48706 La:1
Fra:1 Mem:32.07M (0.00M, Peak 38.17M) | Time:00:00.13 | Scene, Part 4-4
Fra:1 Mem:31.79M (0.00M, Peak 38.17M) | Time:00:00.13 | Scene, Part 3-4
Fra:1 Mem:30.82M (0.00M, Peak 38.17M) | Time:00:00.13 | Scene, Part 2-4
Fra:1 Mem:28.98M (0.00M, Peak 38.17M) | Time:00:00.13 | Scene, Part 1-4
Fra:1 Mem:15.27M (0.00M, Peak 38.17M) | Time:00:00.14 | Sce: Scene Ve:50692 Fa:48706 La:1
Saved: '/tmp/tmp_9_8iqfl.png'
 Time: 00:00.18 (Saving: 00:00.04)

Fra:1 Mem:15.30M (0.00M, Peak 15.90M) | Time:00:00.05 | Mem:0.00M, Peak:0.00M | Scene, RenderLayer | Synchronizing object | Area
Fra:1 Mem:15.30M (0.00M, Peak 15.90M) | Time:00:00.05 | Mem:0.00M, Peak:0.00M | Scene, RenderLayer | Synchronizing object | Ground
Fra:1 Mem:15.37M (0.00M, Peak 15.90M) | Time:00:00.05 | Mem:0.00M, Peak:0.00M | Scene, RenderLayer | Synchronizing object | Empty
Fra:1 Mem:15.37M (0.00M, Peak 15.90M) | Time:00:00.05 | Mem:0.00M, Peak:0.00M | Scene, RenderLayer | Synchronizing object | Lamp_Back
Fra:1 Mem:15.37M (0.00M, Peak 15.90M) | Time:00:00.05 | Mem:0.00M, Peak:0.00M | Scene, RenderLayer | Synchronizing object | Lamp_Fill
Fra:1 Mem:15.37M (0.00M, Peak 15.90M) | Time:00:00.05 | Mem:0.00M, Peak:0.00M | Scene, RenderLayer | Synchronizing object | Lamp_Key
Fra:1 Mem:15.37M (0.00M, Peak 15.90M) | Time:00:00.05 | Mem:0.00M, Peak:0.00M | Scene, RenderLayer | Synchronizing object | Camera
Fra:1 Mem:15.37M (0.00M, Peak 15.90M) | Time:00:00.05 | Mem:0.00M, Peak:0.00M | Scene, RenderLayer | Synchronizing object | Sphere_0
Fra:1 Mem:16.86M (0.00M, Peak 18.30M) | Time:00:00.05 | Mem:0.00M, Peak:0.00M | Scene, RenderLayer | Synchronizing object | SmoothCylinder_0
Fra:1 Mem:20.18M (0.00M, Peak 23.27M) | Time:00:00.06 | Mem:0.00M, Peak:0.00M | Scene, RenderLayer | Initializing
Fra:1 Mem:20.18M (0.00M, Peak 23.27M) | Time:00:00.06 | Mem:0.00M, Peak:0.00M | Scene, RenderLayer | Loading render kernels (may take a few minutes the first time)
Fra:1 Mem:20.18M (0.00M, Peak 23.27M) | Time:00:00.08 | Mem:0.00M, Peak:0.00M | Scene, RenderLayer | Waiting for render to start
Fra:1 Mem:20.18M (0.00M, Peak 23.27M) | Time:00:00.08 | Mem:0.00M, Peak:0.00M | Scene, RenderLayer | Updating Scene
Fra:1 Mem:20.18M (0.00M, Peak 23.27M) | Time:00:00.08 | Mem:0.00M, Peak:0.00M | Scene, RenderLayer | Updating Shaders
Fra:1 Mem:20.69M (0.00M, Peak 23.27M) | Time:00:00.16 | Mem:0.00M, Peak:0.00M | Scene, RenderLayer | Updating Background
Fra:1 Mem:20.69M (0.00M, Peak 23.27M) | Time:00:00.16 | Mem:0.00M, Peak:0.00M | Scene, RenderLayer | Updating Camera
Fra:1 Mem:20.69M (0.00M, Peak 23.27M) | Time:00:00.16 | Mem:0.00M, Peak:0.00M | Scene, RenderLayer | Updating Meshes Flags
Fra:1 Mem:20.69M (0.00M, Peak 23.27M) | Time:00:00.16 | Mem:0.00M, Peak:0.00M | Scene, RenderLayer | Updating Objects
Fra:1 Mem:20.69M (0.00M, Peak 23.27M) | Time:00:00.16 | Mem:0.00M, Peak:0.00M | Scene, RenderLayer | Updating Objects | Copying Transformations to device
Fra:1 Mem:20.69M (0.00M, Peak 23.27M) | Time:00:00.16 | Mem:0.00M, Peak:0.00M | Scene, RenderLayer | Updating Objects | Applying Static Transformations
Fra:1 Mem:20.69M (0.00M, Peak 23.27M) | Time:00:00.16 | Mem:0.00M, Peak:0.00M | Scene, RenderLayer | Updating Meshes
Fra:1 Mem:22.19M (0.00M, Peak 23.27M) | Time:00:00.17 | Mem:0.00M, Peak:0.00M | Scene, RenderLayer | Updating Mesh | Computing attributes
Fra:1 Mem:22.96M (0.00M, Peak 23.27M) | Time:00:00.17 | Mem:0.00M, Peak:0.00M | Scene, RenderLayer | Updating Mesh | Copying Attributes to device
Fra:1 Mem:22.96M (0.00M, Peak 23.73M) | Time:00:00.17 | Mem:0.78M, Peak:0.78M | Scene, RenderLayer | Updating Scene BVH | Building
Fra:1 Mem:22.96M (0.00M, Peak 23.73M) | Time:00:00.17 | Mem:0.78M, Peak:0.78M | Scene, RenderLayer | Updating Scene BVH | Building BVH
Fra:1 Mem:28.58M (0.00M, Peak 28.58M) | Time:00:00.24 | Mem:0.78M, Peak:0.78M | Scene, RenderLayer | Updating Scene BVH | Packing BVH triangles and strands
Fra:1 Mem:33.83M (0.00M, Peak 33.83M) | Time:00:00.24 | Mem:0.78M, Peak:0.78M | Scene, RenderLayer | Updating Scene BVH | Packing BVH nodes
Fra:1 Mem:30.91M (0.00M, Peak 35.41M) | Time:00:00.25 | Mem:0.78M, Peak:0.78M | Scene, RenderLayer | Updating Scene BVH | Copying BVH to device
Fra:1 Mem:31.28M (0.00M, Peak 35.41M) | Time:00:00.25 | Mem:8.72M, Peak:8.72M | Scene, RenderLayer | Updating Mesh | Computing normals
Fra:1 Mem:34.71M (0.00M, Peak 35.41M) | Time:00:00.25 | Mem:8.72M, Peak:8.72M | Scene, RenderLayer | Updating Mesh | Copying Mesh to device
Fra:1 Mem:34.34M (0.00M, Peak 35.41M) | Time:00:00.26 | Mem:12.16M, Peak:12.16M | Scene, RenderLayer | Updating Objects Flags
Fra:1 Mem:34.34M (0.00M, Peak 35.41M) | Time:00:00.26 | Mem:12.16M, Peak:12.16M | Scene, RenderLayer | Updating Images
Fra:1 Mem:34.34M (0.00M, Peak 35.41M) | Time:00:00.26 | Mem:12.16M, Peak:12.16M | Scene, RenderLayer | Updating Camera Volume
Fra:1 Mem:34.34M (0.00M, Peak 35.41M) | Time:00:00.26 | Mem:12.16M, Peak:12.16M | Scene, RenderLayer | Updating Hair Systems
Fra:1 Mem:34.34M (0.00M, Peak 35.41M) | Time:00:00.26 | Mem:12.16M, Peak:12.16M | Scene, RenderLayer | Updating Hair settings | Copying Hair settings to device
Fra:1 Mem:34.34M (0.00M, Peak 35.41M) | Time:00:00.26 | Mem:12.16M, Peak:12.16M | Scene, RenderLayer | Updating Lookup Tables
Fra:1 Mem:34.34M (0.00M, Peak 35.41M) | Time:00:00.26 | Mem:12.41M, Peak:12.41M | Scene, RenderLayer | Updating Lights
Fra:1 Mem:34.34M (0.00M, Peak 35.41M) | Time:00:00.26 | Mem:12.41M, Peak:12.41M | Scene, RenderLayer | Updating Lights | Computing distribution
Fra:1 Mem:34.34M (0.00M, Peak 35.41M) | Time:00:00.26 | Mem:12.41M, Peak:12.41M | Scene, RenderLayer | Updating Particle Systems
Fra:1 Mem:34.34M (0.00M, Peak 35.41M) | Time:00:00.26 | Mem:12.41M, Peak:12.41M | Scene, RenderLayer | Updating Particle Systems | Copying Particles to device
Fra:1 Mem:34.34M (0.00M, Peak 35.41M) | Time:00:00.26 | Mem:12.41M, Peak:12.41M | Scene, RenderLayer | Updating Integrator
Fra:1 Mem:34.38M (0.00M, Peak 35.41M) | Time:00:00.26 | Mem:12.45M, Peak:12.45M | Scene, RenderLayer | Updating Film
Fra:1 Mem:34.38M (0.00M, Peak 35.41M) | Time:00:00.26 | Mem:12.45M, Peak:12.45M | Scene, RenderLayer | Updating Lookup Tables
Fra:1 Mem:34.38M (0.00M, Peak 35.41M) | Time:00:00.26 | Mem:12.45M, Peak:12.45M | Scene, RenderLayer | Updating Baking
Fra:1 Mem:34.38M (0.00M, Peak 35.41M) | Time:00:00.26 | Mem:12.45M, Peak:12.45M | Scene, RenderLayer | Updating Device | Writing constant memory
Fra:1 Mem:34.38M (0.00M, Peak 35.41M) | Time:00:00.26 | Mem:12.45M, Peak:12.45M | Scene, RenderLayer | Path Tracing Tile 0/4, Sample 0/512
Fra:1 Mem:36.63M (0.00M, Peak 37.89M) | Time:00:00.26 | Mem:14.70M, Peak:14.70M | Scene, RenderLayer | Path Tracing Tile 1/4, Sample 0/512
Fra:1 Mem:36.63M (0.00M, Peak 38.89M) | Time:00:01.26 | Remaining:00:11.95 | Mem:14.70M, Peak:14.70M | Scene, RenderLayer | Path Tracing Tile 1/4, Sample 93/512
Fra:1 Mem:36.63M (0.00M, Peak 38.89M) | Time:00:02.26 | Remaining:00:10.92 | Mem:14.70M, Peak:14.70M | Scene, RenderLayer | Path Tracing Tile 1/4, Sample 186/512
Fra:1 Mem:36.63M (0.00M, Peak 38.89M) | Time:00:03.26 | Remaining:00:09.92 | Mem:14.70M, Peak:14.70M | Scene, RenderLayer | Path Tracing Tile 1/4, Sample 279/512
Fra:1 Mem:36.63M (0.00M, Peak 38.89M) | Time:00:04.26 | Remaining:00:08.92 | Mem:14.70M, Peak:14.70M | Scene, RenderLayer | Path Tracing Tile 1/4, Sample 372/512
Fra:1 Mem:36.63M (0.00M, Peak 38.89M) | Time:00:05.27 | Remaining:00:07.92 | Mem:14.70M, Peak:14.70M | Scene, RenderLayer | Path Tracing Tile 1/4, Sample 465/512
Fra:1 Mem:34.38M (0.00M, Peak 38.89M) | Time:00:05.78 | Remaining:00:07.42 | Mem:12.45M, Peak:14.70M | Scene, RenderLayer | Path Tracing Tile 1/4, Sample 512/512
Fra:1 Mem:36.35M (0.00M, Peak 38.89M) | Time:00:05.79 | Remaining:00:07.43 | Mem:14.42M, Peak:14.70M | Scene, RenderLayer | Path Tracing Tile 2/4, Sample 512/512
Fra:1 Mem:36.35M (0.00M, Peak 38.89M) | Time:00:06.27 | Remaining:00:06.77 | Mem:14.42M, Peak:14.70M | Scene, RenderLayer | Path Tracing Tile 2/4, Sample 60/512
Fra:1 Mem:36.35M (0.00M, Peak 38.89M) | Time:00:07.28 | Remaining:00:05.51 | Mem:14.42M, Peak:14.70M | Scene, RenderLayer | Path Tracing Tile 2/4, Sample 183/512
Fra:1 Mem:36.35M (0.00M, Peak 38.89M) | Time:00:08.28 | Remaining:00:04.32 | Mem:14.42M, Peak:14.70M | Scene, RenderLayer | Path Tracing Tile 2/4, Sample 306/512
Fra:1 Mem:36.35M (0.00M, Peak 38.89M) | Time:00:09.28 | Remaining:00:03.19 | Mem:14.42M, Peak:14.70M | Scene, RenderLayer | Path Tracing Tile 2/4, Sample 428/512
Fra:1 Mem:34.38M (0.00M, Peak 38.89M) | Time:00:09.97 | Remaining:00:02.42 | Mem:12.45M, Peak:14.70M | Scene, RenderLayer | Path Tracing Tile 2/4, Sample 512/512
Fra:1 Mem:34.95M (0.00M, Peak 38.89M) | Time:00:09.97 | Remaining:00:02.42 | Mem:13.01M, Peak:14.70M | Scene, RenderLayer | Path Tracing Tile 3/4, Sample 512/512
Fra:1 Mem:34.95M (0.00M, Peak 38.89M) | Time:00:10.28 | Remaining:00:02.27 | Mem:13.01M, Peak:14.70M | Scene, RenderLayer | Path Tracing Tile 3/4, Sample 73/512
Fra:1 Mem:34.95M (0.00M, Peak 38.89M) | Time:00:11.28 | Remaining:00:01.72 | Mem:13.01M, Peak:14.70M | Scene, RenderLayer | Path Tracing Tile 3/4, Sample 311/512
Fra:1 Mem:34.38M (0.00M, Peak 38.89M) | Time:00:12.14 | Remaining:00:01.22 | Mem:12.45M, Peak:14.70M | Scene, RenderLayer | Path Tracing Tile 3/4, Sample 512/512
Fra:1 Mem:34.88M (0.00M, Peak 38.89M) | Time:00:12.14 | Remaining:00:01.22 | Mem:12.94M, Peak:14.70M | Scene, RenderLayer | Path Tracing Tile 4/4, Sample 512/512
Fra:1 Mem:34.88M (0.00M, Peak 38.89M) | Time:00:12.29 | Remaining:00:01.13 | Mem:12.94M, Peak:14.70M | Scene, RenderLayer | Path Tracing Tile 4/4, Sample 38/512
Fra:1 Mem:34.88M (0.00M, Peak 38.89M) | Time:00:13.29 | Remaining:00:00.53 | Mem:12.94M, Peak:14.70M | Scene, RenderLayer | Path Tracing Tile 4/4, Sample 295/512
Fra:1 Mem:34.38M (0.00M, Peak 38.89M) | Time:00:14.14 | Mem:12.45M, Peak:14.70M | Scene, RenderLayer | Path Tracing Tile 4/4, Sample 512/512
Fra:1 Mem:34.38M (0.00M, Peak 38.89M) | Time:00:14.14 | Mem:12.45M, Peak:14.70M | Scene, RenderLayer | Finished
Fra:1 Mem:15.55M (0.00M, Peak 38.89M) | Time:00:14.22 | Sce: Scene Ve:0 Fa:0 La:0
Saved: 'data/clevr-cleaned-variants/alternation/fovariant-18/render/images/CLEVR_val_000000.png'
 Time: 00:14.26 (Saving: 00:00.03)

read blend: /home/ubuntu/vdp-tool-chain/data/clevr_scene_data/base_scene.blend
convertViewVec: called in an invalid context
convertViewVec: called in an invalid context
convertViewVec: called in an invalid context
Fra:1 Mem:17.60M (0.00M, Peak 17.60M) | Time:00:00.00 | Preparing Scene data
Fra:1 Mem:25.61M (0.00M, Peak 26.59M) | Time:00:00.01 | Preparing Scene data
Fra:1 Mem:25.61M (0.00M, Peak 26.59M) | Time:00:00.01 | Creating Shadowbuffers
Fra:1 Mem:25.61M (0.00M, Peak 26.59M) | Time:00:00.01 | Raytree.. preparing
Fra:1 Mem:34.43M (0.00M, Peak 34.43M) | Time:00:00.02 | Raytree.. building
Fra:1 Mem:33.95M (0.00M, Peak 47.72M) | Time:00:00.16 | Raytree finished
Fra:1 Mem:33.95M (0.00M, Peak 47.72M) | Time:00:00.16 | Creating Environment maps
Fra:1 Mem:33.95M (0.00M, Peak 47.72M) | Time:00:00.16 | Caching Point Densities
Fra:1 Mem:33.95M (0.00M, Peak 47.72M) | Time:00:00.16 | Sce: Scene Ve:66054 Fa:64252 La:1
Fra:1 Mem:33.95M (0.00M, Peak 47.72M) | Time:00:00.16 | Loading voxel datasets
Fra:1 Mem:33.95M (0.00M, Peak 47.72M) | Time:00:00.16 | Sce: Scene Ve:66054 Fa:64252 La:1
Fra:1 Mem:33.95M (0.00M, Peak 47.72M) | Time:00:00.16 | Sce: Scene Ve:66054 Fa:64252 La:1
Fra:1 Mem:33.95M (0.00M, Peak 47.72M) | Time:00:00.16 | Volume preprocessing
Fra:1 Mem:33.95M (0.00M, Peak 47.72M) | Time:00:00.16 | Sce: Scene Ve:66054 Fa:64252 La:1
Fra:1 Mem:33.95M (0.00M, Peak 47.72M) | Time:00:00.16 | Sce: Scene Ve:66054 Fa:64252 La:1
Fra:1 Mem:38.02M (0.00M, Peak 47.72M) | Time:00:00.17 | Scene, Part 3-4
Fra:1 Mem:37.98M (0.00M, Peak 47.72M) | Time:00:00.17 | Scene, Part 4-4
Fra:1 Mem:36.95M (0.00M, Peak 47.72M) | Time:00:00.18 | Scene, Part 1-4
Fra:1 Mem:35.05M (0.00M, Peak 47.72M) | Time:00:00.18 | Scene, Part 2-4
Fra:1 Mem:17.49M (0.00M, Peak 47.72M) | Time:00:00.18 | Sce: Scene Ve:66054 Fa:64252 La:1
Saved: '/tmp/tmp6w1ayk3m.png'
 Time: 00:00.20 (Saving: 00:00.01)

Fra:1 Mem:17.52M (0.00M, Peak 18.11M) | Time:00:00.05 | Mem:0.00M, Peak:0.00M | Scene, RenderLayer | Synchronizing object | Area
Fra:1 Mem:17.52M (0.00M, Peak 18.11M) | Time:00:00.05 | Mem:0.00M, Peak:0.00M | Scene, RenderLayer | Synchronizing object | Ground
Fra:1 Mem:17.59M (0.00M, Peak 18.11M) | Time:00:00.05 | Mem:0.00M, Peak:0.00M | Scene, RenderLayer | Synchronizing object | Empty
Fra:1 Mem:17.59M (0.00M, Peak 18.11M) | Time:00:00.05 | Mem:0.00M, Peak:0.00M | Scene, RenderLayer | Synchronizing object | Lamp_Back
Fra:1 Mem:17.59M (0.00M, Peak 18.11M) | Time:00:00.05 | Mem:0.00M, Peak:0.00M | Scene, RenderLayer | Synchronizing object | Lamp_Fill
Fra:1 Mem:17.59M (0.00M, Peak 18.11M) | Time:00:00.05 | Mem:0.00M, Peak:0.00M | Scene, RenderLayer | Synchronizing object | Lamp_Key
Fra:1 Mem:17.59M (0.00M, Peak 18.11M) | Time:00:00.05 | Mem:0.00M, Peak:0.00M | Scene, RenderLayer | Synchronizing object | Camera
Fra:1 Mem:17.59M (0.00M, Peak 18.11M) | Time:00:00.05 | Mem:0.00M, Peak:0.00M | Scene, RenderLayer | Synchronizing object | Sphere_0
Fra:1 Mem:19.08M (0.00M, Peak 20.52M) | Time:00:00.05 | Mem:0.00M, Peak:0.00M | Scene, RenderLayer | Synchronizing object | SmoothCylinder_0
Fra:1 Mem:22.40M (0.00M, Peak 25.49M) | Time:00:00.06 | Mem:0.00M, Peak:0.00M | Scene, RenderLayer | Synchronizing object | Sphere_1
Fra:1 Mem:23.90M (0.00M, Peak 25.49M) | Time:00:00.07 | Mem:0.00M, Peak:0.00M | Scene, RenderLayer | Initializing
Fra:1 Mem:23.90M (0.00M, Peak 25.49M) | Time:00:00.07 | Mem:0.00M, Peak:0.00M | Scene, RenderLayer | Loading render kernels (may take a few minutes the first time)
Fra:1 Mem:23.90M (0.00M, Peak 26.60M) | Time:00:00.08 | Mem:0.00M, Peak:0.00M | Scene, RenderLayer | Waiting for render to start
Fra:1 Mem:23.90M (0.00M, Peak 26.60M) | Time:00:00.08 | Mem:0.00M, Peak:0.00M | Scene, RenderLayer | Updating Scene
Fra:1 Mem:23.90M (0.00M, Peak 26.60M) | Time:00:00.08 | Mem:0.00M, Peak:0.00M | Scene, RenderLayer | Updating Shaders
Fra:1 Mem:24.15M (0.00M, Peak 26.60M) | Time:00:00.08 | Mem:0.00M, Peak:0.00M | Scene, RenderLayer | Updating Background
Fra:1 Mem:24.15M (0.00M, Peak 26.60M) | Time:00:00.08 | Mem:0.00M, Peak:0.00M | Scene, RenderLayer | Updating Camera
Fra:1 Mem:24.15M (0.00M, Peak 26.60M) | Time:00:00.08 | Mem:0.00M, Peak:0.00M | Scene, RenderLayer | Updating Meshes Flags
Fra:1 Mem:24.15M (0.00M, Peak 26.60M) | Time:00:00.08 | Mem:0.00M, Peak:0.00M | Scene, RenderLayer | Updating Objects
Fra:1 Mem:24.15M (0.00M, Peak 26.60M) | Time:00:00.08 | Mem:0.00M, Peak:0.00M | Scene, RenderLayer | Updating Objects | Copying Transformations to device
Fra:1 Mem:24.15M (0.00M, Peak 26.60M) | Time:00:00.09 | Mem:0.00M, Peak:0.00M | Scene, RenderLayer | Updating Objects | Applying Static Transformations
Fra:1 Mem:24.15M (0.00M, Peak 26.60M) | Time:00:00.09 | Mem:0.00M, Peak:0.00M | Scene, RenderLayer | Updating Meshes
Fra:1 Mem:26.12M (0.00M, Peak 26.60M) | Time:00:00.09 | Mem:0.00M, Peak:0.00M | Scene, RenderLayer | Updating Mesh | Computing attributes
Fra:1 Mem:27.13M (0.00M, Peak 27.13M) | Time:00:00.09 | Mem:0.00M, Peak:0.00M | Scene, RenderLayer | Updating Mesh | Copying Attributes to device
Fra:1 Mem:27.13M (0.00M, Peak 28.14M) | Time:00:00.09 | Mem:1.01M, Peak:1.01M | Scene, RenderLayer | Updating Scene BVH | Building
Fra:1 Mem:27.13M (0.00M, Peak 28.14M) | Time:00:00.09 | Mem:1.01M, Peak:1.01M | Scene, RenderLayer | Updating Scene BVH | Building BVH
Fra:1 Mem:34.51M (0.00M, Peak 34.51M) | Time:00:00.18 | Mem:1.01M, Peak:1.01M | Scene, RenderLayer | Updating Scene BVH | Packing BVH triangles and strands
Fra:1 Mem:41.40M (0.00M, Peak 41.40M) | Time:00:00.19 | Mem:1.01M, Peak:1.01M | Scene, RenderLayer | Updating Scene BVH | Packing BVH nodes
Fra:1 Mem:37.53M (0.00M, Peak 43.44M) | Time:00:00.20 | Mem:1.01M, Peak:1.01M | Scene, RenderLayer | Updating Scene BVH | Copying BVH to device
Fra:1 Mem:38.02M (0.00M, Peak 43.44M) | Time:00:00.20 | Mem:11.41M, Peak:11.41M | Scene, RenderLayer | Updating Mesh | Computing normals
Fra:1 Mem:42.51M (0.00M, Peak 43.44M) | Time:00:00.20 | Mem:11.41M, Peak:11.41M | Scene, RenderLayer | Updating Mesh | Copying Mesh to device
Fra:1 Mem:42.02M (0.00M, Peak 43.44M) | Time:00:00.21 | Mem:15.90M, Peak:15.90M | Scene, RenderLayer | Updating Objects Flags
Fra:1 Mem:42.02M (0.00M, Peak 43.44M) | Time:00:00.21 | Mem:15.90M, Peak:15.90M | Scene, RenderLayer | Updating Images
Fra:1 Mem:42.02M (0.00M, Peak 43.44M) | Time:00:00.21 | Mem:15.90M, Peak:15.90M | Scene, RenderLayer | Updating Camera Volume
Fra:1 Mem:42.02M (0.00M, Peak 43.44M) | Time:00:00.21 | Mem:15.90M, Peak:15.90M | Scene, RenderLayer | Updating Hair Systems
Fra:1 Mem:42.02M (0.00M, Peak 43.44M) | Time:00:00.21 | Mem:15.90M, Peak:15.90M | Scene, RenderLayer | Updating Hair settings | Copying Hair settings to device
Fra:1 Mem:42.02M (0.00M, Peak 43.44M) | Time:00:00.21 | Mem:15.90M, Peak:15.90M | Scene, RenderLayer | Updating Lookup Tables
Fra:1 Mem:42.02M (0.00M, Peak 43.44M) | Time:00:00.21 | Mem:16.15M, Peak:16.15M | Scene, RenderLayer | Updating Lights
Fra:1 Mem:42.02M (0.00M, Peak 43.44M) | Time:00:00.21 | Mem:16.15M, Peak:16.15M | Scene, RenderLayer | Updating Lights | Computing distribution
Fra:1 Mem:42.02M (0.00M, Peak 43.44M) | Time:00:00.21 | Mem:16.15M, Peak:16.15M | Scene, RenderLayer | Updating Particle Systems
Fra:1 Mem:42.02M (0.00M, Peak 43.44M) | Time:00:00.21 | Mem:16.15M, Peak:16.15M | Scene, RenderLayer | Updating Particle Systems | Copying Particles to device
Fra:1 Mem:42.02M (0.00M, Peak 43.44M) | Time:00:00.21 | Mem:16.15M, Peak:16.15M | Scene, RenderLayer | Updating Integrator
Fra:1 Mem:42.06M (0.00M, Peak 43.44M) | Time:00:00.21 | Mem:16.19M, Peak:16.19M | Scene, RenderLayer | Updating Film
Fra:1 Mem:42.06M (0.00M, Peak 43.44M) | Time:00:00.21 | Mem:16.19M, Peak:16.19M | Scene, RenderLayer | Updating Lookup Tables
Fra:1 Mem:42.06M (0.00M, Peak 43.44M) | Time:00:00.21 | Mem:16.20M, Peak:16.20M | Scene, RenderLayer | Updating Baking
Fra:1 Mem:42.06M (0.00M, Peak 43.44M) | Time:00:00.21 | Mem:16.20M, Peak:16.20M | Scene, RenderLayer | Updating Device | Writing constant memory
Fra:1 Mem:42.06M (0.00M, Peak 43.44M) | Time:00:00.21 | Mem:16.20M, Peak:16.20M | Scene, RenderLayer | Path Tracing Tile 0/4, Sample 0/512
Fra:1 Mem:44.31M (0.00M, Peak 45.56M) | Time:00:00.21 | Mem:18.45M, Peak:18.45M | Scene, RenderLayer | Path Tracing Tile 1/4, Sample 0/512
Fra:1 Mem:44.31M (0.00M, Peak 46.56M) | Time:00:01.21 | Remaining:00:12.25 | Mem:18.45M, Peak:18.45M | Scene, RenderLayer | Path Tracing Tile 1/4, Sample 91/512
Fra:1 Mem:44.31M (0.00M, Peak 46.56M) | Time:00:02.21 | Remaining:00:11.22 | Mem:18.45M, Peak:18.45M | Scene, RenderLayer | Path Tracing Tile 1/4, Sample 182/512
Fra:1 Mem:44.31M (0.00M, Peak 46.56M) | Time:00:03.22 | Remaining:00:10.21 | Mem:18.45M, Peak:18.45M | Scene, RenderLayer | Path Tracing Tile 1/4, Sample 273/512
Fra:1 Mem:44.31M (0.00M, Peak 46.56M) | Time:00:04.22 | Remaining:00:09.21 | Mem:18.45M, Peak:18.45M | Scene, RenderLayer | Path Tracing Tile 1/4, Sample 364/512
Fra:1 Mem:44.31M (0.00M, Peak 46.56M) | Time:00:05.23 | Remaining:00:08.21 | Mem:18.45M, Peak:18.45M | Scene, RenderLayer | Path Tracing Tile 1/4, Sample 455/512
Fra:1 Mem:42.06M (0.00M, Peak 46.56M) | Time:00:05.86 | Remaining:00:07.59 | Mem:16.20M, Peak:18.45M | Scene, RenderLayer | Path Tracing Tile 1/4, Sample 512/512
Fra:1 Mem:44.03M (0.00M, Peak 46.56M) | Time:00:05.86 | Remaining:00:07.60 | Mem:18.16M, Peak:18.45M | Scene, RenderLayer | Path Tracing Tile 2/4, Sample 512/512
Fra:1 Mem:44.03M (0.00M, Peak 46.56M) | Time:00:06.23 | Remaining:00:07.21 | Mem:18.16M, Peak:18.45M | Scene, RenderLayer | Path Tracing Tile 2/4, Sample 39/512
Fra:1 Mem:44.03M (0.00M, Peak 46.56M) | Time:00:07.24 | Remaining:00:06.20 | Mem:18.16M, Peak:18.45M | Scene, RenderLayer | Path Tracing Tile 2/4, Sample 143/512
Fra:1 Mem:44.03M (0.00M, Peak 46.56M) | Time:00:08.24 | Remaining:00:05.19 | Mem:18.16M, Peak:18.45M | Scene, RenderLayer | Path Tracing Tile 2/4, Sample 248/512
Fra:1 Mem:44.03M (0.00M, Peak 46.56M) | Time:00:09.25 | Remaining:00:04.18 | Mem:18.16M, Peak:18.45M | Scene, RenderLayer | Path Tracing Tile 2/4, Sample 352/512
Fra:1 Mem:44.03M (0.00M, Peak 46.56M) | Time:00:10.25 | Remaining:00:03.18 | Mem:18.16M, Peak:18.45M | Scene, RenderLayer | Path Tracing Tile 2/4, Sample 456/512
Fra:1 Mem:42.06M (0.00M, Peak 46.56M) | Time:00:10.79 | Remaining:00:02.64 | Mem:16.20M, Peak:18.45M | Scene, RenderLayer | Path Tracing Tile 2/4, Sample 512/512
Fra:1 Mem:42.62M (0.00M, Peak 46.56M) | Time:00:10.79 | Remaining:00:02.64 | Mem:16.76M, Peak:18.45M | Scene, RenderLayer | Path Tracing Tile 3/4, Sample 512/512
Fra:1 Mem:42.62M (0.00M, Peak 46.56M) | Time:00:11.25 | Remaining:00:02.38 | Mem:16.76M, Peak:18.45M | Scene, RenderLayer | Path Tracing Tile 3/4, Sample 108/512
Fra:1 Mem:42.62M (0.00M, Peak 46.56M) | Time:00:12.25 | Remaining:00:01.77 | Mem:16.76M, Peak:18.45M | Scene, RenderLayer | Path Tracing Tile 3/4, Sample 343/512
Fra:1 Mem:42.06M (0.00M, Peak 46.56M) | Time:00:12.98 | Remaining:00:01.31 | Mem:16.20M, Peak:18.45M | Scene, RenderLayer | Path Tracing Tile 3/4, Sample 512/512
Fra:1 Mem:42.55M (0.00M, Peak 46.56M) | Time:00:12.98 | Remaining:00:01.31 | Mem:16.69M, Peak:18.45M | Scene, RenderLayer | Path Tracing Tile 4/4, Sample 512/512
Fra:1 Mem:42.55M (0.00M, Peak 46.56M) | Time:00:13.25 | Remaining:00:01.14 | Mem:16.69M, Peak:18.45M | Scene, RenderLayer | Path Tracing Tile 4/4, Sample 69/512
Fra:1 Mem:42.55M (0.00M, Peak 46.56M) | Time:00:14.25 | Remaining:00:00.50 | Mem:16.69M, Peak:18.45M | Scene, RenderLayer | Path Tracing Tile 4/4, Sample 323/512
Fra:1 Mem:42.06M (0.00M, Peak 46.56M) | Time:00:15.01 | Mem:16.20M, Peak:18.45M | Scene, RenderLayer | Path Tracing Tile 4/4, Sample 512/512
Fra:1 Mem:42.06M (0.00M, Peak 46.56M) | Time:00:15.01 | Mem:16.20M, Peak:18.45M | Scene, RenderLayer | Finished
Fra:1 Mem:17.51M (0.00M, Peak 46.56M) | Time:00:15.09 | Sce: Scene Ve:0 Fa:0 La:0
Saved: 'data/clevr-cleaned-variants/alternation/fovariant-18/render/images/CLEVR_val_000001.png'
 Time: 00:15.13 (Saving: 00:00.03)

read blend: /home/ubuntu/vdp-tool-chain/data/clevr_scene_data/base_scene.blend
convertViewVec: called in an invalid context
convertViewVec: called in an invalid context
Fra:1 Mem:15.62M (0.00M, Peak 15.62M) | Time:00:00.00 | Preparing Scene data
Fra:1 Mem:21.67M (0.00M, Peak 22.65M) | Time:00:00.01 | Preparing Scene data
Fra:1 Mem:21.67M (0.00M, Peak 22.65M) | Time:00:00.01 | Creating Shadowbuffers
Fra:1 Mem:21.67M (0.00M, Peak 22.65M) | Time:00:00.01 | Raytree.. preparing
Fra:1 Mem:28.36M (0.00M, Peak 28.36M) | Time:00:00.01 | Raytree.. building
Fra:1 Mem:28.01M (0.00M, Peak 38.46M) | Time:00:00.12 | Raytree finished
Fra:1 Mem:28.01M (0.00M, Peak 38.46M) | Time:00:00.12 | Creating Environment maps
Fra:1 Mem:28.01M (0.00M, Peak 38.46M) | Time:00:00.12 | Caching Point Densities
Fra:1 Mem:28.01M (0.00M, Peak 38.46M) | Time:00:00.12 | Sce: Scene Ve:50692 Fa:48707 La:1
Fra:1 Mem:28.01M (0.00M, Peak 38.46M) | Time:00:00.12 | Loading voxel datasets
Fra:1 Mem:28.01M (0.00M, Peak 38.46M) | Time:00:00.12 | Sce: Scene Ve:50692 Fa:48707 La:1
Fra:1 Mem:28.01M (0.00M, Peak 38.46M) | Time:00:00.12 | Sce: Scene Ve:50692 Fa:48707 La:1
Fra:1 Mem:28.01M (0.00M, Peak 38.46M) | Time:00:00.12 | Volume preprocessing
Fra:1 Mem:28.01M (0.00M, Peak 38.46M) | Time:00:00.12 | Sce: Scene Ve:50692 Fa:48707 La:1
Fra:1 Mem:28.01M (0.00M, Peak 38.46M) | Time:00:00.12 | Sce: Scene Ve:50692 Fa:48707 La:1
Fra:1 Mem:32.09M (0.00M, Peak 38.46M) | Time:00:00.12 | Scene, Part 3-4
Fra:1 Mem:32.05M (0.00M, Peak 38.46M) | Time:00:00.12 | Scene, Part 4-4
Fra:1 Mem:31.11M (0.00M, Peak 38.46M) | Time:00:00.13 | Scene, Part 2-4
Fra:1 Mem:29.27M (0.00M, Peak 38.46M) | Time:00:00.14 | Scene, Part 1-4
Fra:1 Mem:15.54M (0.00M, Peak 38.46M) | Time:00:00.14 | Sce: Scene Ve:50692 Fa:48707 La:1
Saved: '/tmp/tmp0jit6okx.png'
 Time: 00:00.16 (Saving: 00:00.01)

Fra:1 Mem:15.57M (0.00M, Peak 16.17M) | Time:00:00.05 | Mem:0.00M, Peak:0.00M | Scene, RenderLayer | Synchronizing object | Area
Fra:1 Mem:15.57M (0.00M, Peak 16.17M) | Time:00:00.05 | Mem:0.00M, Peak:0.00M | Scene, RenderLayer | Synchronizing object | Ground
Fra:1 Mem:15.64M (0.00M, Peak 16.17M) | Time:00:00.05 | Mem:0.00M, Peak:0.00M | Scene, RenderLayer | Synchronizing object | Empty
Fra:1 Mem:15.64M (0.00M, Peak 16.17M) | Time:00:00.05 | Mem:0.00M, Peak:0.00M | Scene, RenderLayer | Synchronizing object | Lamp_Back
Fra:1 Mem:15.64M (0.00M, Peak 16.17M) | Time:00:00.05 | Mem:0.00M, Peak:0.00M | Scene, RenderLayer | Synchronizing object | Lamp_Fill
Fra:1 Mem:15.64M (0.00M, Peak 16.17M) | Time:00:00.05 | Mem:0.00M, Peak:0.00M | Scene, RenderLayer | Synchronizing object | Lamp_Key
Fra:1 Mem:15.64M (0.00M, Peak 16.17M) | Time:00:00.05 | Mem:0.00M, Peak:0.00M | Scene, RenderLayer | Synchronizing object | Camera
Fra:1 Mem:15.64M (0.00M, Peak 16.17M) | Time:00:00.05 | Mem:0.00M, Peak:0.00M | Scene, RenderLayer | Synchronizing object | SmoothCylinder_0
Fra:1 Mem:18.96M (0.00M, Peak 22.05M) | Time:00:00.06 | Mem:0.00M, Peak:0.00M | Scene, RenderLayer | Synchronizing object | Sphere_0
Fra:1 Mem:20.46M (0.00M, Peak 22.05M) | Time:00:00.06 | Mem:0.00M, Peak:0.00M | Scene, RenderLayer | Initializing
Fra:1 Mem:20.46M (0.00M, Peak 22.05M) | Time:00:00.06 | Mem:0.00M, Peak:0.00M | Scene, RenderLayer | Loading render kernels (may take a few minutes the first time)
Fra:1 Mem:20.46M (0.00M, Peak 23.16M) | Time:00:00.08 | Mem:0.00M, Peak:0.00M | Scene, RenderLayer | Waiting for render to start
Fra:1 Mem:20.46M (0.00M, Peak 23.16M) | Time:00:00.08 | Mem:0.00M, Peak:0.00M | Scene, RenderLayer | Updating Scene
Fra:1 Mem:20.46M (0.00M, Peak 23.16M) | Time:00:00.08 | Mem:0.00M, Peak:0.00M | Scene, RenderLayer | Updating Shaders
Fra:1 Mem:20.71M (0.00M, Peak 23.16M) | Time:00:00.08 | Mem:0.00M, Peak:0.00M | Scene, RenderLayer | Updating Background
Fra:1 Mem:20.71M (0.00M, Peak 23.16M) | Time:00:00.08 | Mem:0.00M, Peak:0.00M | Scene, RenderLayer | Updating Camera
Fra:1 Mem:20.71M (0.00M, Peak 23.16M) | Time:00:00.08 | Mem:0.00M, Peak:0.00M | Scene, RenderLayer | Updating Meshes Flags
Fra:1 Mem:20.71M (0.00M, Peak 23.16M) | Time:00:00.08 | Mem:0.00M, Peak:0.00M | Scene, RenderLayer | Updating Objects
Fra:1 Mem:20.71M (0.00M, Peak 23.16M) | Time:00:00.08 | Mem:0.00M, Peak:0.00M | Scene, RenderLayer | Updating Objects | Copying Transformations to device
Fra:1 Mem:20.71M (0.00M, Peak 23.16M) | Time:00:00.08 | Mem:0.00M, Peak:0.00M | Scene, RenderLayer | Updating Objects | Applying Static Transformations
Fra:1 Mem:20.71M (0.00M, Peak 23.16M) | Time:00:00.08 | Mem:0.00M, Peak:0.00M | Scene, RenderLayer | Updating Meshes
Fra:1 Mem:22.21M (0.00M, Peak 23.16M) | Time:00:00.08 | Mem:0.00M, Peak:0.00M | Scene, RenderLayer | Updating Mesh | Computing attributes
Fra:1 Mem:22.98M (0.00M, Peak 23.16M) | Time:00:00.08 | Mem:0.00M, Peak:0.00M | Scene, RenderLayer | Updating Mesh | Copying Attributes to device
Fra:1 Mem:22.98M (0.00M, Peak 23.76M) | Time:00:00.09 | Mem:0.78M, Peak:0.78M | Scene, RenderLayer | Updating Scene BVH | Building
Fra:1 Mem:22.98M (0.00M, Peak 23.76M) | Time:00:00.09 | Mem:0.78M, Peak:0.78M | Scene, RenderLayer | Updating Scene BVH | Building BVH
Fra:1 Mem:28.61M (0.00M, Peak 28.61M) | Time:00:00.16 | Mem:0.78M, Peak:0.78M | Scene, RenderLayer | Updating Scene BVH | Packing BVH triangles and strands
Fra:1 Mem:33.85M (0.00M, Peak 33.85M) | Time:00:00.16 | Mem:0.78M, Peak:0.78M | Scene, RenderLayer | Updating Scene BVH | Packing BVH nodes
Fra:1 Mem:30.93M (0.00M, Peak 35.43M) | Time:00:00.17 | Mem:0.78M, Peak:0.78M | Scene, RenderLayer | Updating Scene BVH | Copying BVH to device
Fra:1 Mem:31.31M (0.00M, Peak 35.43M) | Time:00:00.17 | Mem:8.73M, Peak:8.73M | Scene, RenderLayer | Updating Mesh | Computing normals
Fra:1 Mem:34.74M (0.00M, Peak 35.43M) | Time:00:00.17 | Mem:8.73M, Peak:8.73M | Scene, RenderLayer | Updating Mesh | Copying Mesh to device
Fra:1 Mem:34.36M (0.00M, Peak 35.43M) | Time:00:00.17 | Mem:12.16M, Peak:12.16M | Scene, RenderLayer | Updating Objects Flags
Fra:1 Mem:34.36M (0.00M, Peak 35.43M) | Time:00:00.17 | Mem:12.16M, Peak:12.16M | Scene, RenderLayer | Updating Images
Fra:1 Mem:34.36M (0.00M, Peak 35.43M) | Time:00:00.17 | Mem:12.16M, Peak:12.16M | Scene, RenderLayer | Updating Camera Volume
Fra:1 Mem:34.36M (0.00M, Peak 35.43M) | Time:00:00.17 | Mem:12.16M, Peak:12.16M | Scene, RenderLayer | Updating Hair Systems
Fra:1 Mem:34.36M (0.00M, Peak 35.43M) | Time:00:00.17 | Mem:12.16M, Peak:12.16M | Scene, RenderLayer | Updating Hair settings | Copying Hair settings to device
Fra:1 Mem:34.36M (0.00M, Peak 35.43M) | Time:00:00.17 | Mem:12.16M, Peak:12.16M | Scene, RenderLayer | Updating Lookup Tables
Fra:1 Mem:34.36M (0.00M, Peak 35.43M) | Time:00:00.17 | Mem:12.41M, Peak:12.41M | Scene, RenderLayer | Updating Lights
Fra:1 Mem:34.36M (0.00M, Peak 35.43M) | Time:00:00.17 | Mem:12.41M, Peak:12.41M | Scene, RenderLayer | Updating Lights | Computing distribution
Fra:1 Mem:34.36M (0.00M, Peak 35.43M) | Time:00:00.17 | Mem:12.41M, Peak:12.41M | Scene, RenderLayer | Updating Particle Systems
Fra:1 Mem:34.36M (0.00M, Peak 35.43M) | Time:00:00.17 | Mem:12.41M, Peak:12.41M | Scene, RenderLayer | Updating Particle Systems | Copying Particles to device
Fra:1 Mem:34.36M (0.00M, Peak 35.43M) | Time:00:00.17 | Mem:12.41M, Peak:12.41M | Scene, RenderLayer | Updating Integrator
Fra:1 Mem:34.40M (0.00M, Peak 35.43M) | Time:00:00.17 | Mem:12.45M, Peak:12.45M | Scene, RenderLayer | Updating Film
Fra:1 Mem:34.41M (0.00M, Peak 35.43M) | Time:00:00.17 | Mem:12.45M, Peak:12.45M | Scene, RenderLayer | Updating Lookup Tables
Fra:1 Mem:34.41M (0.00M, Peak 35.43M) | Time:00:00.17 | Mem:12.45M, Peak:12.45M | Scene, RenderLayer | Updating Baking
Fra:1 Mem:34.41M (0.00M, Peak 35.43M) | Time:00:00.17 | Mem:12.45M, Peak:12.45M | Scene, RenderLayer | Updating Device | Writing constant memory
Fra:1 Mem:34.41M (0.00M, Peak 35.43M) | Time:00:00.17 | Mem:12.45M, Peak:12.45M | Scene, RenderLayer | Path Tracing Tile 0/4, Sample 0/512
Fra:1 Mem:36.66M (0.00M, Peak 37.91M) | Time:00:00.18 | Mem:14.70M, Peak:14.70M | Scene, RenderLayer | Path Tracing Tile 1/4, Sample 0/512
Fra:1 Mem:36.66M (0.00M, Peak 38.91M) | Time:00:01.18 | Remaining:00:11.84 | Mem:14.70M, Peak:14.70M | Scene, RenderLayer | Path Tracing Tile 1/4, Sample 94/512
Fra:1 Mem:36.66M (0.00M, Peak 38.91M) | Time:00:02.18 | Remaining:00:10.80 | Mem:14.70M, Peak:14.70M | Scene, RenderLayer | Path Tracing Tile 1/4, Sample 188/512
Fra:1 Mem:36.66M (0.00M, Peak 38.91M) | Time:00:03.18 | Remaining:00:09.79 | Mem:14.70M, Peak:14.70M | Scene, RenderLayer | Path Tracing Tile 1/4, Sample 282/512
Fra:1 Mem:36.66M (0.00M, Peak 38.91M) | Time:00:04.19 | Remaining:00:08.79 | Mem:14.70M, Peak:14.70M | Scene, RenderLayer | Path Tracing Tile 1/4, Sample 376/512
Fra:1 Mem:36.66M (0.00M, Peak 38.91M) | Time:00:05.20 | Remaining:00:07.79 | Mem:14.70M, Peak:14.70M | Scene, RenderLayer | Path Tracing Tile 1/4, Sample 470/512
Fra:1 Mem:34.41M (0.00M, Peak 38.91M) | Time:00:05.65 | Remaining:00:07.35 | Mem:12.45M, Peak:14.70M | Scene, RenderLayer | Path Tracing Tile 1/4, Sample 512/512
Fra:1 Mem:36.38M (0.00M, Peak 38.91M) | Time:00:05.65 | Remaining:00:07.36 | Mem:14.42M, Peak:14.70M | Scene, RenderLayer | Path Tracing Tile 2/4, Sample 512/512
Fra:1 Mem:36.38M (0.00M, Peak 38.91M) | Time:00:06.20 | Remaining:00:06.66 | Mem:14.42M, Peak:14.70M | Scene, RenderLayer | Path Tracing Tile 2/4, Sample 66/512
Fra:1 Mem:36.38M (0.00M, Peak 38.91M) | Time:00:07.20 | Remaining:00:05.45 | Mem:14.42M, Peak:14.70M | Scene, RenderLayer | Path Tracing Tile 2/4, Sample 187/512
Fra:1 Mem:36.38M (0.00M, Peak 38.91M) | Time:00:08.21 | Remaining:00:04.30 | Mem:14.42M, Peak:14.70M | Scene, RenderLayer | Path Tracing Tile 2/4, Sample 308/512
Fra:1 Mem:36.38M (0.00M, Peak 38.91M) | Time:00:09.21 | Remaining:00:03.19 | Mem:14.42M, Peak:14.70M | Scene, RenderLayer | Path Tracing Tile 2/4, Sample 428/512
Fra:1 Mem:34.41M (0.00M, Peak 38.91M) | Time:00:09.92 | Remaining:00:02.43 | Mem:12.45M, Peak:14.70M | Scene, RenderLayer | Path Tracing Tile 2/4, Sample 512/512
Fra:1 Mem:34.97M (0.00M, Peak 38.91M) | Time:00:09.92 | Remaining:00:02.43 | Mem:13.01M, Peak:14.70M | Scene, RenderLayer | Path Tracing Tile 3/4, Sample 512/512
Fra:1 Mem:34.97M (0.00M, Peak 38.91M) | Time:00:10.21 | Remaining:00:02.28 | Mem:13.01M, Peak:14.70M | Scene, RenderLayer | Path Tracing Tile 3/4, Sample 69/512
Fra:1 Mem:34.97M (0.00M, Peak 38.91M) | Time:00:11.22 | Remaining:00:01.73 | Mem:13.01M, Peak:14.70M | Scene, RenderLayer | Path Tracing Tile 3/4, Sample 307/512
Fra:1 Mem:34.41M (0.00M, Peak 38.91M) | Time:00:12.09 | Remaining:00:01.22 | Mem:12.45M, Peak:14.70M | Scene, RenderLayer | Path Tracing Tile 3/4, Sample 512/512
Fra:1 Mem:34.90M (0.00M, Peak 38.91M) | Time:00:12.09 | Remaining:00:01.22 | Mem:12.94M, Peak:14.70M | Scene, RenderLayer | Path Tracing Tile 4/4, Sample 512/512
Fra:1 Mem:34.90M (0.00M, Peak 38.91M) | Time:00:12.22 | Remaining:00:01.15 | Mem:12.94M, Peak:14.70M | Scene, RenderLayer | Path Tracing Tile 4/4, Sample 33/512
Fra:1 Mem:34.90M (0.00M, Peak 38.91M) | Time:00:13.22 | Remaining:00:00.55 | Mem:12.94M, Peak:14.70M | Scene, RenderLayer | Path Tracing Tile 4/4, Sample 290/512
Fra:1 Mem:34.41M (0.00M, Peak 38.91M) | Time:00:14.09 | Mem:12.45M, Peak:14.70M | Scene, RenderLayer | Path Tracing Tile 4/4, Sample 512/512
Fra:1 Mem:34.41M (0.00M, Peak 38.91M) | Time:00:14.09 | Mem:12.45M, Peak:14.70M | Scene, RenderLayer | Finished
Fra:1 Mem:15.57M (0.00M, Peak 38.91M) | Time:00:14.17 | Sce: Scene Ve:0 Fa:0 La:0
Saved: 'data/clevr-cleaned-variants/alternation/fovariant-18/render/images/CLEVR_val_000002.png'
 Time: 00:14.21 (Saving: 00:00.03)

read blend: /home/ubuntu/vdp-tool-chain/data/clevr_scene_data/base_scene.blend
convertViewVec: called in an invalid context
convertViewVec: called in an invalid context
Fra:1 Mem:15.63M (0.00M, Peak 15.63M) | Time:00:00.00 | Preparing Scene data
Fra:1 Mem:21.68M (0.00M, Peak 23.83M) | Time:00:00.01 | Preparing Scene data
Fra:1 Mem:21.68M (0.00M, Peak 23.83M) | Time:00:00.01 | Creating Shadowbuffers
Fra:1 Mem:21.68M (0.00M, Peak 23.83M) | Time:00:00.01 | Raytree.. preparing
Fra:1 Mem:28.36M (0.00M, Peak 28.36M) | Time:00:00.02 | Raytree.. building
Fra:1 Mem:28.00M (0.00M, Peak 38.45M) | Time:00:00.12 | Raytree finished
Fra:1 Mem:28.00M (0.00M, Peak 38.45M) | Time:00:00.12 | Creating Environment maps
Fra:1 Mem:28.00M (0.00M, Peak 38.45M) | Time:00:00.12 | Caching Point Densities
Fra:1 Mem:28.00M (0.00M, Peak 38.45M) | Time:00:00.12 | Sce: Scene Ve:50692 Fa:48705 La:1
Fra:1 Mem:28.00M (0.00M, Peak 38.45M) | Time:00:00.12 | Loading voxel datasets
Fra:1 Mem:28.00M (0.00M, Peak 38.45M) | Time:00:00.12 | Sce: Scene Ve:50692 Fa:48705 La:1
Fra:1 Mem:28.00M (0.00M, Peak 38.45M) | Time:00:00.12 | Sce: Scene Ve:50692 Fa:48705 La:1
Fra:1 Mem:28.00M (0.00M, Peak 38.45M) | Time:00:00.12 | Volume preprocessing
Fra:1 Mem:28.00M (0.00M, Peak 38.45M) | Time:00:00.12 | Sce: Scene Ve:50692 Fa:48705 La:1
Fra:1 Mem:28.00M (0.00M, Peak 38.45M) | Time:00:00.12 | Sce: Scene Ve:50692 Fa:48705 La:1
Fra:1 Mem:32.08M (0.00M, Peak 38.45M) | Time:00:00.12 | Scene, Part 3-4
Fra:1 Mem:32.04M (0.00M, Peak 38.45M) | Time:00:00.12 | Scene, Part 4-4
Fra:1 Mem:31.01M (0.00M, Peak 38.45M) | Time:00:00.13 | Scene, Part 1-4
Fra:1 Mem:29.10M (0.00M, Peak 38.45M) | Time:00:00.14 | Scene, Part 2-4
Fra:1 Mem:15.55M (0.00M, Peak 38.45M) | Time:00:00.14 | Sce: Scene Ve:50692 Fa:48705 La:1
Saved: '/tmp/tmpn165lmkt.png'
 Time: 00:00.16 (Saving: 00:00.01)

Fra:1 Mem:15.58M (0.00M, Peak 16.17M) | Time:00:00.05 | Mem:0.00M, Peak:0.00M | Scene, RenderLayer | Synchronizing object | Area
Fra:1 Mem:15.58M (0.00M, Peak 16.17M) | Time:00:00.05 | Mem:0.00M, Peak:0.00M | Scene, RenderLayer | Synchronizing object | Ground
Fra:1 Mem:15.65M (0.00M, Peak 16.17M) | Time:00:00.05 | Mem:0.00M, Peak:0.00M | Scene, RenderLayer | Synchronizing object | Empty
Fra:1 Mem:15.65M (0.00M, Peak 16.17M) | Time:00:00.05 | Mem:0.00M, Peak:0.00M | Scene, RenderLayer | Synchronizing object | Lamp_Back
Fra:1 Mem:15.65M (0.00M, Peak 16.17M) | Time:00:00.05 | Mem:0.00M, Peak:0.00M | Scene, RenderLayer | Synchronizing object | Lamp_Fill
Fra:1 Mem:15.65M (0.00M, Peak 16.17M) | Time:00:00.05 | Mem:0.00M, Peak:0.00M | Scene, RenderLayer | Synchronizing object | Lamp_Key
Fra:1 Mem:15.65M (0.00M, Peak 16.17M) | Time:00:00.05 | Mem:0.00M, Peak:0.00M | Scene, RenderLayer | Synchronizing object | Camera
Fra:1 Mem:15.65M (0.00M, Peak 16.17M) | Time:00:00.05 | Mem:0.00M, Peak:0.00M | Scene, RenderLayer | Synchronizing object | Sphere_0
Fra:1 Mem:17.14M (0.00M, Peak 18.58M) | Time:00:00.05 | Mem:0.00M, Peak:0.00M | Scene, RenderLayer | Synchronizing object | SmoothCylinder_0
Fra:1 Mem:20.46M (0.00M, Peak 23.55M) | Time:00:00.06 | Mem:0.00M, Peak:0.00M | Scene, RenderLayer | Initializing
Fra:1 Mem:20.46M (0.00M, Peak 23.55M) | Time:00:00.06 | Mem:0.00M, Peak:0.00M | Scene, RenderLayer | Loading render kernels (may take a few minutes the first time)
Fra:1 Mem:20.46M (0.00M, Peak 23.55M) | Time:00:00.08 | Mem:0.00M, Peak:0.00M | Scene, RenderLayer | Waiting for render to start
Fra:1 Mem:20.46M (0.00M, Peak 23.55M) | Time:00:00.08 | Mem:0.00M, Peak:0.00M | Scene, RenderLayer | Updating Scene
Fra:1 Mem:20.46M (0.00M, Peak 23.55M) | Time:00:00.08 | Mem:0.00M, Peak:0.00M | Scene, RenderLayer | Updating Shaders
Fra:1 Mem:20.71M (0.00M, Peak 23.55M) | Time:00:00.08 | Mem:0.00M, Peak:0.00M | Scene, RenderLayer | Updating Background
Fra:1 Mem:20.71M (0.00M, Peak 23.55M) | Time:00:00.08 | Mem:0.00M, Peak:0.00M | Scene, RenderLayer | Updating Camera
Fra:1 Mem:20.71M (0.00M, Peak 23.55M) | Time:00:00.08 | Mem:0.00M, Peak:0.00M | Scene, RenderLayer | Updating Meshes Flags
Fra:1 Mem:20.71M (0.00M, Peak 23.55M) | Time:00:00.08 | Mem:0.00M, Peak:0.00M | Scene, RenderLayer | Updating Objects
Fra:1 Mem:20.71M (0.00M, Peak 23.55M) | Time:00:00.08 | Mem:0.00M, Peak:0.00M | Scene, RenderLayer | Updating Objects | Copying Transformations to device
Fra:1 Mem:20.71M (0.00M, Peak 23.55M) | Time:00:00.08 | Mem:0.00M, Peak:0.00M | Scene, RenderLayer | Updating Objects | Applying Static Transformations
Fra:1 Mem:20.71M (0.00M, Peak 23.55M) | Time:00:00.08 | Mem:0.00M, Peak:0.00M | Scene, RenderLayer | Updating Meshes
Fra:1 Mem:22.21M (0.00M, Peak 23.55M) | Time:00:00.08 | Mem:0.00M, Peak:0.00M | Scene, RenderLayer | Updating Mesh | Computing attributes
Fra:1 Mem:22.99M (0.00M, Peak 23.55M) | Time:00:00.08 | Mem:0.00M, Peak:0.00M | Scene, RenderLayer | Updating Mesh | Copying Attributes to device
Fra:1 Mem:22.99M (0.00M, Peak 23.76M) | Time:00:00.09 | Mem:0.78M, Peak:0.78M | Scene, RenderLayer | Updating Scene BVH | Building
Fra:1 Mem:22.99M (0.00M, Peak 23.76M) | Time:00:00.09 | Mem:0.78M, Peak:0.78M | Scene, RenderLayer | Updating Scene BVH | Building BVH
Fra:1 Mem:28.61M (0.00M, Peak 28.61M) | Time:00:00.15 | Mem:0.78M, Peak:0.78M | Scene, RenderLayer | Updating Scene BVH | Packing BVH triangles and strands
Fra:1 Mem:33.86M (0.00M, Peak 33.86M) | Time:00:00.15 | Mem:0.78M, Peak:0.78M | Scene, RenderLayer | Updating Scene BVH | Packing BVH nodes
Fra:1 Mem:30.94M (0.00M, Peak 35.44M) | Time:00:00.16 | Mem:0.78M, Peak:0.78M | Scene, RenderLayer | Updating Scene BVH | Copying BVH to device
Fra:1 Mem:31.31M (0.00M, Peak 35.44M) | Time:00:00.16 | Mem:8.73M, Peak:8.73M | Scene, RenderLayer | Updating Mesh | Computing normals
Fra:1 Mem:34.74M (0.00M, Peak 35.44M) | Time:00:00.16 | Mem:8.73M, Peak:8.73M | Scene, RenderLayer | Updating Mesh | Copying Mesh to device
Fra:1 Mem:34.37M (0.00M, Peak 35.44M) | Time:00:00.17 | Mem:12.16M, Peak:12.16M | Scene, RenderLayer | Updating Objects Flags
Fra:1 Mem:34.37M (0.00M, Peak 35.44M) | Time:00:00.17 | Mem:12.16M, Peak:12.16M | Scene, RenderLayer | Updating Images
Fra:1 Mem:34.37M (0.00M, Peak 35.44M) | Time:00:00.17 | Mem:12.16M, Peak:12.16M | Scene, RenderLayer | Updating Camera Volume
Fra:1 Mem:34.37M (0.00M, Peak 35.44M) | Time:00:00.17 | Mem:12.16M, Peak:12.16M | Scene, RenderLayer | Updating Hair Systems
Fra:1 Mem:34.37M (0.00M, Peak 35.44M) | Time:00:00.17 | Mem:12.16M, Peak:12.16M | Scene, RenderLayer | Updating Hair settings | Copying Hair settings to device
Fra:1 Mem:34.37M (0.00M, Peak 35.44M) | Time:00:00.17 | Mem:12.16M, Peak:12.16M | Scene, RenderLayer | Updating Lookup Tables
Fra:1 Mem:34.37M (0.00M, Peak 35.44M) | Time:00:00.17 | Mem:12.41M, Peak:12.41M | Scene, RenderLayer | Updating Lights
Fra:1 Mem:34.37M (0.00M, Peak 35.44M) | Time:00:00.17 | Mem:12.41M, Peak:12.41M | Scene, RenderLayer | Updating Lights | Computing distribution
Fra:1 Mem:34.37M (0.00M, Peak 35.44M) | Time:00:00.17 | Mem:12.41M, Peak:12.41M | Scene, RenderLayer | Updating Particle Systems
Fra:1 Mem:34.37M (0.00M, Peak 35.44M) | Time:00:00.17 | Mem:12.41M, Peak:12.41M | Scene, RenderLayer | Updating Particle Systems | Copying Particles to device
Fra:1 Mem:34.37M (0.00M, Peak 35.44M) | Time:00:00.17 | Mem:12.41M, Peak:12.41M | Scene, RenderLayer | Updating Integrator
Fra:1 Mem:34.41M (0.00M, Peak 35.44M) | Time:00:00.17 | Mem:12.45M, Peak:12.45M | Scene, RenderLayer | Updating Film
Fra:1 Mem:34.41M (0.00M, Peak 35.44M) | Time:00:00.17 | Mem:12.45M, Peak:12.45M | Scene, RenderLayer | Updating Lookup Tables
Fra:1 Mem:34.41M (0.00M, Peak 35.44M) | Time:00:00.17 | Mem:12.45M, Peak:12.45M | Scene, RenderLayer | Updating Baking
Fra:1 Mem:34.41M (0.00M, Peak 35.44M) | Time:00:00.17 | Mem:12.45M, Peak:12.45M | Scene, RenderLayer | Updating Device | Writing constant memory
Fra:1 Mem:34.41M (0.00M, Peak 35.44M) | Time:00:00.17 | Mem:12.45M, Peak:12.45M | Scene, RenderLayer | Path Tracing Tile 0/4, Sample 0/512
Fra:1 Mem:36.66M (0.00M, Peak 37.92M) | Time:00:00.17 | Mem:14.70M, Peak:14.70M | Scene, RenderLayer | Path Tracing Tile 1/4, Sample 0/512
Fra:1 Mem:36.66M (0.00M, Peak 38.92M) | Time:00:01.18 | Remaining:00:11.22 | Mem:14.70M, Peak:14.70M | Scene, RenderLayer | Path Tracing Tile 1/4, Sample 99/512
Fra:1 Mem:36.66M (0.00M, Peak 38.92M) | Time:00:02.18 | Remaining:00:10.20 | Mem:14.70M, Peak:14.70M | Scene, RenderLayer | Path Tracing Tile 1/4, Sample 198/512
Fra:1 Mem:36.66M (0.00M, Peak 38.92M) | Time:00:03.19 | Remaining:00:09.18 | Mem:14.70M, Peak:14.70M | Scene, RenderLayer | Path Tracing Tile 1/4, Sample 297/512
Fra:1 Mem:36.66M (0.00M, Peak 38.92M) | Time:00:04.19 | Remaining:00:08.17 | Mem:14.70M, Peak:14.70M | Scene, RenderLayer | Path Tracing Tile 1/4, Sample 396/512
Fra:1 Mem:36.66M (0.00M, Peak 38.92M) | Time:00:05.19 | Remaining:00:07.18 | Mem:14.70M, Peak:14.70M | Scene, RenderLayer | Path Tracing Tile 1/4, Sample 494/512
Fra:1 Mem:34.41M (0.00M, Peak 38.92M) | Time:00:05.38 | Remaining:00:07.00 | Mem:12.45M, Peak:14.70M | Scene, RenderLayer | Path Tracing Tile 1/4, Sample 512/512
Fra:1 Mem:36.38M (0.00M, Peak 38.92M) | Time:00:05.38 | Remaining:00:07.01 | Mem:14.42M, Peak:14.70M | Scene, RenderLayer | Path Tracing Tile 2/4, Sample 512/512
Fra:1 Mem:36.38M (0.00M, Peak 38.92M) | Time:00:06.20 | Remaining:00:06.31 | Mem:14.42M, Peak:14.70M | Scene, RenderLayer | Path Tracing Tile 2/4, Sample 85/512
Fra:1 Mem:36.38M (0.00M, Peak 38.92M) | Time:00:07.21 | Remaining:00:05.43 | Mem:14.42M, Peak:14.70M | Scene, RenderLayer | Path Tracing Tile 2/4, Sample 189/512
Fra:1 Mem:36.38M (0.00M, Peak 38.92M) | Time:00:08.21 | Remaining:00:04.51 | Mem:14.42M, Peak:14.70M | Scene, RenderLayer | Path Tracing Tile 2/4, Sample 293/512
Fra:1 Mem:36.38M (0.00M, Peak 38.92M) | Time:00:09.21 | Remaining:00:03.59 | Mem:14.42M, Peak:14.70M | Scene, RenderLayer | Path Tracing Tile 2/4, Sample 396/512
Fra:1 Mem:36.38M (0.00M, Peak 38.92M) | Time:00:10.22 | Remaining:00:02.66 | Mem:14.42M, Peak:14.70M | Scene, RenderLayer | Path Tracing Tile 2/4, Sample 499/512
Fra:1 Mem:34.41M (0.00M, Peak 38.92M) | Time:00:10.35 | Remaining:00:02.54 | Mem:12.45M, Peak:14.70M | Scene, RenderLayer | Path Tracing Tile 2/4, Sample 512/512
Fra:1 Mem:34.98M (0.00M, Peak 38.92M) | Time:00:10.35 | Remaining:00:02.54 | Mem:13.02M, Peak:14.70M | Scene, RenderLayer | Path Tracing Tile 3/4, Sample 512/512
Fra:1 Mem:34.98M (0.00M, Peak 38.92M) | Time:00:11.22 | Remaining:00:02.05 | Mem:13.02M, Peak:14.70M | Scene, RenderLayer | Path Tracing Tile 3/4, Sample 206/512
Fra:1 Mem:34.98M (0.00M, Peak 38.92M) | Time:00:12.22 | Remaining:00:01.45 | Mem:13.02M, Peak:14.70M | Scene, RenderLayer | Path Tracing Tile 3/4, Sample 442/512
Fra:1 Mem:34.41M (0.00M, Peak 38.92M) | Time:00:12.52 | Remaining:00:01.27 | Mem:12.45M, Peak:14.70M | Scene, RenderLayer | Path Tracing Tile 3/4, Sample 512/512
Fra:1 Mem:34.91M (0.00M, Peak 38.92M) | Time:00:12.52 | Remaining:00:01.27 | Mem:12.95M, Peak:14.70M | Scene, RenderLayer | Path Tracing Tile 4/4, Sample 512/512
Fra:1 Mem:34.91M (0.00M, Peak 38.92M) | Time:00:13.22 | Remaining:00:00.85 | Mem:12.95M, Peak:14.70M | Scene, RenderLayer | Path Tracing Tile 4/4, Sample 176/512
Fra:1 Mem:34.91M (0.00M, Peak 38.92M) | Time:00:14.22 | Remaining:00:00.22 | Mem:12.95M, Peak:14.70M | Scene, RenderLayer | Path Tracing Tile 4/4, Sample 425/512
Fra:1 Mem:34.41M (0.00M, Peak 38.92M) | Time:00:14.58 | Mem:12.45M, Peak:14.70M | Scene, RenderLayer | Path Tracing Tile 4/4, Sample 512/512
Fra:1 Mem:34.41M (0.00M, Peak 38.92M) | Time:00:14.58 | Mem:12.45M, Peak:14.70M | Scene, RenderLayer | Finished
Fra:1 Mem:15.57M (0.00M, Peak 38.92M) | Time:00:14.66 | Sce: Scene Ve:0 Fa:0 La:0
Saved: 'data/clevr-cleaned-variants/alternation/fovariant-18/render/images/CLEVR_val_000003.png'
 Time: 00:14.70 (Saving: 00:00.03)

read blend: /home/ubuntu/vdp-tool-chain/data/clevr_scene_data/base_scene.blend
convertViewVec: called in an invalid context
convertViewVec: called in an invalid context
convertViewVec: called in an invalid context
convertViewVec: called in an invalid context
Fra:1 Mem:21.91M (0.00M, Peak 21.91M) | Time:00:00.00 | Preparing Scene data
Fra:1 Mem:34.01M (0.00M, Peak 36.16M) | Time:00:00.02 | Preparing Scene data
Fra:1 Mem:34.01M (0.00M, Peak 36.16M) | Time:00:00.02 | Creating Shadowbuffers
Fra:1 Mem:34.01M (0.00M, Peak 36.16M) | Time:00:00.02 | Raytree.. preparing
Fra:1 Mem:47.38M (0.00M, Peak 47.38M) | Time:00:00.03 | Raytree.. building
Fra:1 Mem:46.67M (0.00M, Peak 67.57M) | Time:00:00.26 | Raytree finished
Fra:1 Mem:46.67M (0.00M, Peak 67.57M) | Time:00:00.26 | Creating Environment maps
Fra:1 Mem:46.67M (0.00M, Peak 67.57M) | Time:00:00.26 | Caching Point Densities
Fra:1 Mem:46.67M (0.00M, Peak 67.57M) | Time:00:00.26 | Sce: Scene Ve:101384 Fa:97416 La:1
Fra:1 Mem:46.67M (0.00M, Peak 67.57M) | Time:00:00.26 | Loading voxel datasets
Fra:1 Mem:46.67M (0.00M, Peak 67.57M) | Time:00:00.26 | Sce: Scene Ve:101384 Fa:97416 La:1
Fra:1 Mem:46.68M (0.00M, Peak 67.57M) | Time:00:00.26 | Sce: Scene Ve:101384 Fa:97416 La:1
Fra:1 Mem:46.68M (0.00M, Peak 67.57M) | Time:00:00.26 | Volume preprocessing
Fra:1 Mem:46.68M (0.00M, Peak 67.57M) | Time:00:00.26 | Sce: Scene Ve:101384 Fa:97416 La:1
Fra:1 Mem:46.68M (0.00M, Peak 67.57M) | Time:00:00.26 | Sce: Scene Ve:101384 Fa:97416 La:1
Fra:1 Mem:50.75M (0.00M, Peak 67.57M) | Time:00:00.26 | Scene, Part 3-4
Fra:1 Mem:50.71M (0.00M, Peak 67.57M) | Time:00:00.26 | Scene, Part 4-4
Fra:1 Mem:49.02M (0.00M, Peak 67.57M) | Time:00:00.28 | Scene, Part 2-4
Fra:1 Mem:47.93M (0.00M, Peak 67.57M) | Time:00:00.28 | Scene, Part 1-4
Fra:1 Mem:21.76M (0.00M, Peak 67.57M) | Time:00:00.28 | Sce: Scene Ve:101384 Fa:97416 La:1
Saved: '/tmp/tmpga81p7x7.png'
 Time: 00:00.30 (Saving: 00:00.01)

Fra:1 Mem:21.80M (0.00M, Peak 22.39M) | Time:00:00.05 | Mem:0.00M, Peak:0.00M | Scene, RenderLayer | Synchronizing object | Area
Fra:1 Mem:21.80M (0.00M, Peak 22.39M) | Time:00:00.05 | Mem:0.00M, Peak:0.00M | Scene, RenderLayer | Synchronizing object | Ground
Fra:1 Mem:21.86M (0.00M, Peak 22.39M) | Time:00:00.05 | Mem:0.00M, Peak:0.00M | Scene, RenderLayer | Synchronizing object | Empty
Fra:1 Mem:21.86M (0.00M, Peak 22.39M) | Time:00:00.05 | Mem:0.00M, Peak:0.00M | Scene, RenderLayer | Synchronizing object | Lamp_Back
Fra:1 Mem:21.86M (0.00M, Peak 22.39M) | Time:00:00.05 | Mem:0.00M, Peak:0.00M | Scene, RenderLayer | Synchronizing object | Lamp_Fill
Fra:1 Mem:21.86M (0.00M, Peak 22.39M) | Time:00:00.05 | Mem:0.00M, Peak:0.00M | Scene, RenderLayer | Synchronizing object | Lamp_Key
Fra:1 Mem:21.86M (0.00M, Peak 22.39M) | Time:00:00.05 | Mem:0.00M, Peak:0.00M | Scene, RenderLayer | Synchronizing object | Camera
Fra:1 Mem:21.86M (0.00M, Peak 22.39M) | Time:00:00.05 | Mem:0.00M, Peak:0.00M | Scene, RenderLayer | Synchronizing object | Sphere_0
Fra:1 Mem:23.36M (0.00M, Peak 24.80M) | Time:00:00.05 | Mem:0.00M, Peak:0.00M | Scene, RenderLayer | Synchronizing object | SmoothCylinder_0
Fra:1 Mem:26.68M (0.00M, Peak 29.77M) | Time:00:00.06 | Mem:0.00M, Peak:0.00M | Scene, RenderLayer | Synchronizing object | Sphere_1
Fra:1 Mem:28.17M (0.00M, Peak 29.77M) | Time:00:00.07 | Mem:0.00M, Peak:0.00M | Scene, RenderLayer | Synchronizing object | SmoothCylinder_1
Fra:1 Mem:30.96M (0.00M, Peak 34.18M) | Time:00:00.08 | Mem:0.00M, Peak:0.00M | Scene, RenderLayer | Initializing
Fra:1 Mem:30.96M (0.00M, Peak 34.18M) | Time:00:00.08 | Mem:0.00M, Peak:0.00M | Scene, RenderLayer | Loading render kernels (may take a few minutes the first time)
Fra:1 Mem:30.96M (0.00M, Peak 34.18M) | Time:00:00.09 | Mem:0.00M, Peak:0.00M | Scene, RenderLayer | Waiting for render to start
Fra:1 Mem:30.96M (0.00M, Peak 34.18M) | Time:00:00.09 | Mem:0.00M, Peak:0.00M | Scene, RenderLayer | Updating Scene
Fra:1 Mem:30.96M (0.00M, Peak 34.18M) | Time:00:00.09 | Mem:0.00M, Peak:0.00M | Scene, RenderLayer | Updating Shaders
Fra:1 Mem:31.21M (0.00M, Peak 34.18M) | Time:00:00.09 | Mem:0.00M, Peak:0.00M | Scene, RenderLayer | Updating Background
Fra:1 Mem:31.21M (0.00M, Peak 34.18M) | Time:00:00.09 | Mem:0.00M, Peak:0.00M | Scene, RenderLayer | Updating Camera
Fra:1 Mem:31.21M (0.00M, Peak 34.18M) | Time:00:00.09 | Mem:0.00M, Peak:0.00M | Scene, RenderLayer | Updating Meshes Flags
Fra:1 Mem:31.21M (0.00M, Peak 34.18M) | Time:00:00.09 | Mem:0.00M, Peak:0.00M | Scene, RenderLayer | Updating Objects
Fra:1 Mem:31.21M (0.00M, Peak 34.18M) | Time:00:00.09 | Mem:0.00M, Peak:0.00M | Scene, RenderLayer | Updating Objects | Copying Transformations to device
Fra:1 Mem:31.21M (0.00M, Peak 34.18M) | Time:00:00.10 | Mem:0.00M, Peak:0.00M | Scene, RenderLayer | Updating Objects | Applying Static Transformations
Fra:1 Mem:31.21M (0.00M, Peak 34.18M) | Time:00:00.10 | Mem:0.00M, Peak:0.00M | Scene, RenderLayer | Updating Meshes
Fra:1 Mem:34.19M (0.00M, Peak 34.19M) | Time:00:00.10 | Mem:0.00M, Peak:0.00M | Scene, RenderLayer | Updating Mesh | Computing attributes
Fra:1 Mem:35.20M (0.00M, Peak 35.20M) | Time:00:00.10 | Mem:0.00M, Peak:0.00M | Scene, RenderLayer | Updating Mesh | Copying Attributes to device
Fra:1 Mem:35.20M (0.00M, Peak 36.20M) | Time:00:00.11 | Mem:1.01M, Peak:1.01M | Scene, RenderLayer | Updating Scene BVH | Building
Fra:1 Mem:35.20M (0.00M, Peak 36.20M) | Time:00:00.11 | Mem:1.01M, Peak:1.01M | Scene, RenderLayer | Updating Scene BVH | Building BVH
Fra:1 Mem:46.36M (0.00M, Peak 46.36M) | Time:00:00.24 | Mem:1.01M, Peak:1.01M | Scene, RenderLayer | Updating Scene BVH | Packing BVH triangles and strands
Fra:1 Mem:56.77M (0.00M, Peak 56.77M) | Time:00:00.25 | Mem:1.01M, Peak:1.01M | Scene, RenderLayer | Updating Scene BVH | Packing BVH nodes
Fra:1 Mem:50.98M (0.00M, Peak 59.91M) | Time:00:00.26 | Mem:1.01M, Peak:1.01M | Scene, RenderLayer | Updating Scene BVH | Copying BVH to device
Fra:1 Mem:51.72M (0.00M, Peak 59.91M) | Time:00:00.27 | Mem:16.79M, Peak:16.79M | Scene, RenderLayer | Updating Mesh | Computing normals
Fra:1 Mem:58.53M (0.00M, Peak 59.91M) | Time:00:00.27 | Mem:16.79M, Peak:16.79M | Scene, RenderLayer | Updating Mesh | Copying Mesh to device
Fra:1 Mem:57.78M (0.00M, Peak 59.91M) | Time:00:00.27 | Mem:23.60M, Peak:23.60M | Scene, RenderLayer | Updating Objects Flags
Fra:1 Mem:57.78M (0.00M, Peak 59.91M) | Time:00:00.27 | Mem:23.60M, Peak:23.60M | Scene, RenderLayer | Updating Images
Fra:1 Mem:57.78M (0.00M, Peak 59.91M) | Time:00:00.27 | Mem:23.60M, Peak:23.60M | Scene, RenderLayer | Updating Camera Volume
Fra:1 Mem:57.78M (0.00M, Peak 59.91M) | Time:00:00.27 | Mem:23.60M, Peak:23.60M | Scene, RenderLayer | Updating Hair Systems
Fra:1 Mem:57.78M (0.00M, Peak 59.91M) | Time:00:00.27 | Mem:23.60M, Peak:23.60M | Scene, RenderLayer | Updating Hair settings | Copying Hair settings to device
Fra:1 Mem:57.78M (0.00M, Peak 59.91M) | Time:00:00.27 | Mem:23.60M, Peak:23.60M | Scene, RenderLayer | Updating Lookup Tables
Fra:1 Mem:57.78M (0.00M, Peak 59.91M) | Time:00:00.27 | Mem:23.85M, Peak:23.85M | Scene, RenderLayer | Updating Lights
Fra:1 Mem:57.79M (0.00M, Peak 59.91M) | Time:00:00.27 | Mem:23.85M, Peak:23.85M | Scene, RenderLayer | Updating Lights | Computing distribution
Fra:1 Mem:57.79M (0.00M, Peak 59.91M) | Time:00:00.27 | Mem:23.85M, Peak:23.85M | Scene, RenderLayer | Updating Particle Systems
Fra:1 Mem:57.79M (0.00M, Peak 59.91M) | Time:00:00.27 | Mem:23.85M, Peak:23.85M | Scene, RenderLayer | Updating Particle Systems | Copying Particles to device
Fra:1 Mem:57.79M (0.00M, Peak 59.91M) | Time:00:00.27 | Mem:23.85M, Peak:23.85M | Scene, RenderLayer | Updating Integrator
Fra:1 Mem:57.83M (0.00M, Peak 59.91M) | Time:00:00.27 | Mem:23.89M, Peak:23.89M | Scene, RenderLayer | Updating Film
Fra:1 Mem:57.83M (0.00M, Peak 59.91M) | Time:00:00.27 | Mem:23.89M, Peak:23.89M | Scene, RenderLayer | Updating Lookup Tables
Fra:1 Mem:57.83M (0.00M, Peak 59.91M) | Time:00:00.27 | Mem:23.90M, Peak:23.90M | Scene, RenderLayer | Updating Baking
Fra:1 Mem:57.83M (0.00M, Peak 59.91M) | Time:00:00.27 | Mem:23.90M, Peak:23.90M | Scene, RenderLayer | Updating Device | Writing constant memory
Fra:1 Mem:57.83M (0.00M, Peak 59.91M) | Time:00:00.27 | Mem:23.90M, Peak:23.90M | Scene, RenderLayer | Path Tracing Tile 0/4, Sample 0/512
Fra:1 Mem:60.08M (0.00M, Peak 61.33M) | Time:00:00.28 | Mem:26.15M, Peak:26.15M | Scene, RenderLayer | Path Tracing Tile 1/4, Sample 0/512
Fra:1 Mem:60.08M (0.00M, Peak 62.33M) | Time:00:01.29 | Remaining:00:10.55 | Mem:26.15M, Peak:26.15M | Scene, RenderLayer | Path Tracing Tile 1/4, Sample 105/512
Fra:1 Mem:60.08M (0.00M, Peak 62.33M) | Time:00:02.29 | Remaining:00:09.49 | Mem:26.15M, Peak:26.15M | Scene, RenderLayer | Path Tracing Tile 1/4, Sample 210/512
Fra:1 Mem:60.08M (0.00M, Peak 62.33M) | Time:00:03.29 | Remaining:00:08.48 | Mem:26.15M, Peak:26.15M | Scene, RenderLayer | Path Tracing Tile 1/4, Sample 315/512
Fra:1 Mem:60.08M (0.00M, Peak 62.33M) | Time:00:04.30 | Remaining:00:07.49 | Mem:26.15M, Peak:26.15M | Scene, RenderLayer | Path Tracing Tile 1/4, Sample 419/512
Fra:1 Mem:57.83M (0.00M, Peak 62.33M) | Time:00:05.20 | Remaining:00:06.61 | Mem:23.90M, Peak:26.15M | Scene, RenderLayer | Path Tracing Tile 1/4, Sample 512/512
Fra:1 Mem:59.80M (0.00M, Peak 62.33M) | Time:00:05.20 | Remaining:00:06.61 | Mem:25.87M, Peak:26.15M | Scene, RenderLayer | Path Tracing Tile 2/4, Sample 512/512
Fra:1 Mem:59.80M (0.00M, Peak 62.33M) | Time:00:05.30 | Remaining:00:06.52 | Mem:25.87M, Peak:26.15M | Scene, RenderLayer | Path Tracing Tile 2/4, Sample 12/512
Fra:1 Mem:59.80M (0.00M, Peak 62.33M) | Time:00:06.30 | Remaining:00:05.56 | Mem:25.87M, Peak:26.15M | Scene, RenderLayer | Path Tracing Tile 2/4, Sample 128/512
Fra:1 Mem:59.80M (0.00M, Peak 62.33M) | Time:00:07.31 | Remaining:00:04.58 | Mem:25.87M, Peak:26.15M | Scene, RenderLayer | Path Tracing Tile 2/4, Sample 245/512
Fra:1 Mem:59.80M (0.00M, Peak 62.33M) | Time:00:08.32 | Remaining:00:03.61 | Mem:25.87M, Peak:26.15M | Scene, RenderLayer | Path Tracing Tile 2/4, Sample 361/512
Fra:1 Mem:59.80M (0.00M, Peak 62.33M) | Time:00:09.32 | Remaining:00:02.64 | Mem:25.87M, Peak:26.15M | Scene, RenderLayer | Path Tracing Tile 2/4, Sample 476/512
Fra:1 Mem:57.83M (0.00M, Peak 62.33M) | Time:00:09.63 | Remaining:00:02.34 | Mem:23.90M, Peak:26.15M | Scene, RenderLayer | Path Tracing Tile 2/4, Sample 512/512
Fra:1 Mem:58.39M (0.00M, Peak 62.33M) | Time:00:09.64 | Remaining:00:02.34 | Mem:24.46M, Peak:26.15M | Scene, RenderLayer | Path Tracing Tile 3/4, Sample 512/512
Fra:1 Mem:58.39M (0.00M, Peak 62.33M) | Time:00:10.32 | Remaining:00:01.99 | Mem:24.46M, Peak:26.15M | Scene, RenderLayer | Path Tracing Tile 3/4, Sample 165/512
Fra:1 Mem:58.39M (0.00M, Peak 62.33M) | Time:00:11.32 | Remaining:00:01.44 | Mem:24.46M, Peak:26.15M | Scene, RenderLayer | Path Tracing Tile 3/4, Sample 404/512
Fra:1 Mem:57.83M (0.00M, Peak 62.33M) | Time:00:11.78 | Remaining:00:01.18 | Mem:23.90M, Peak:26.15M | Scene, RenderLayer | Path Tracing Tile 3/4, Sample 512/512
Fra:1 Mem:58.32M (0.00M, Peak 62.33M) | Time:00:11.78 | Remaining:00:01.18 | Mem:24.39M, Peak:26.15M | Scene, RenderLayer | Path Tracing Tile 4/4, Sample 512/512
Fra:1 Mem:58.32M (0.00M, Peak 62.33M) | Time:00:12.32 | Remaining:00:00.87 | Mem:24.39M, Peak:26.15M | Scene, RenderLayer | Path Tracing Tile 4/4, Sample 140/512
Fra:1 Mem:58.32M (0.00M, Peak 62.33M) | Time:00:13.33 | Remaining:00:00.27 | Mem:24.39M, Peak:26.15M | Scene, RenderLayer | Path Tracing Tile 4/4, Sample 397/512
Fra:1 Mem:57.83M (0.00M, Peak 62.33M) | Time:00:13.78 | Mem:23.90M, Peak:26.15M | Scene, RenderLayer | Path Tracing Tile 4/4, Sample 512/512
Fra:1 Mem:57.83M (0.00M, Peak 62.33M) | Time:00:13.78 | Mem:23.90M, Peak:26.15M | Scene, RenderLayer | Finished
Fra:1 Mem:21.79M (0.00M, Peak 62.33M) | Time:00:13.86 | Sce: Scene Ve:0 Fa:0 La:0
Saved: 'data/clevr-cleaned-variants/alternation/fovariant-18/render/images/CLEVR_val_000004.png'
 Time: 00:13.90 (Saving: 00:00.03)

read blend: /home/ubuntu/vdp-tool-chain/data/clevr_scene_data/base_scene.blend
convertViewVec: called in an invalid context
convertViewVec: called in an invalid context
Fra:1 Mem:15.64M (0.00M, Peak 15.65M) | Time:00:00.00 | Preparing Scene data
Fra:1 Mem:21.69M (0.00M, Peak 23.84M) | Time:00:00.01 | Preparing Scene data
Fra:1 Mem:21.69M (0.00M, Peak 23.84M) | Time:00:00.01 | Creating Shadowbuffers
Fra:1 Mem:21.69M (0.00M, Peak 23.84M) | Time:00:00.01 | Raytree.. preparing
Fra:1 Mem:28.38M (0.00M, Peak 28.38M) | Time:00:00.02 | Raytree.. building
Fra:1 Mem:28.02M (0.00M, Peak 38.46M) | Time:00:00.12 | Raytree finished
Fra:1 Mem:28.02M (0.00M, Peak 38.46M) | Time:00:00.12 | Creating Environment maps
Fra:1 Mem:28.02M (0.00M, Peak 38.46M) | Time:00:00.12 | Caching Point Densities
Fra:1 Mem:28.02M (0.00M, Peak 38.46M) | Time:00:00.12 | Sce: Scene Ve:50692 Fa:48689 La:1
Fra:1 Mem:28.02M (0.00M, Peak 38.46M) | Time:00:00.12 | Loading voxel datasets
Fra:1 Mem:28.02M (0.00M, Peak 38.46M) | Time:00:00.12 | Sce: Scene Ve:50692 Fa:48689 La:1
Fra:1 Mem:28.02M (0.00M, Peak 38.46M) | Time:00:00.12 | Sce: Scene Ve:50692 Fa:48689 La:1
Fra:1 Mem:28.02M (0.00M, Peak 38.46M) | Time:00:00.12 | Volume preprocessing
Fra:1 Mem:28.02M (0.00M, Peak 38.46M) | Time:00:00.12 | Sce: Scene Ve:50692 Fa:48689 La:1
Fra:1 Mem:28.02M (0.00M, Peak 38.46M) | Time:00:00.12 | Sce: Scene Ve:50692 Fa:48689 La:1
Fra:1 Mem:32.09M (0.00M, Peak 38.46M) | Time:00:00.12 | Scene, Part 3-4
Fra:1 Mem:32.05M (0.00M, Peak 38.46M) | Time:00:00.12 | Scene, Part 4-4
Fra:1 Mem:31.02M (0.00M, Peak 38.46M) | Time:00:00.14 | Scene, Part 1-4
Fra:1 Mem:29.11M (0.00M, Peak 38.46M) | Time:00:00.14 | Scene, Part 2-4
Fra:1 Mem:15.56M (0.00M, Peak 38.46M) | Time:00:00.14 | Sce: Scene Ve:50692 Fa:48689 La:1
Saved: '/tmp/tmptfw6ju84.png'
 Time: 00:00.16 (Saving: 00:00.01)

Fra:1 Mem:15.59M (0.00M, Peak 16.19M) | Time:00:00.05 | Mem:0.00M, Peak:0.00M | Scene, RenderLayer | Synchronizing object | Area
Fra:1 Mem:15.59M (0.00M, Peak 16.19M) | Time:00:00.05 | Mem:0.00M, Peak:0.00M | Scene, RenderLayer | Synchronizing object | Ground
Fra:1 Mem:15.66M (0.00M, Peak 16.19M) | Time:00:00.05 | Mem:0.00M, Peak:0.00M | Scene, RenderLayer | Synchronizing object | Empty
Fra:1 Mem:15.66M (0.00M, Peak 16.19M) | Time:00:00.05 | Mem:0.00M, Peak:0.00M | Scene, RenderLayer | Synchronizing object | Lamp_Back
Fra:1 Mem:15.66M (0.00M, Peak 16.19M) | Time:00:00.05 | Mem:0.00M, Peak:0.00M | Scene, RenderLayer | Synchronizing object | Lamp_Fill
Fra:1 Mem:15.66M (0.00M, Peak 16.19M) | Time:00:00.05 | Mem:0.00M, Peak:0.00M | Scene, RenderLayer | Synchronizing object | Lamp_Key
Fra:1 Mem:15.66M (0.00M, Peak 16.19M) | Time:00:00.05 | Mem:0.00M, Peak:0.00M | Scene, RenderLayer | Synchronizing object | Camera
Fra:1 Mem:15.66M (0.00M, Peak 16.19M) | Time:00:00.05 | Mem:0.00M, Peak:0.00M | Scene, RenderLayer | Synchronizing object | Sphere_0
Fra:1 Mem:16.92M (0.00M, Peak 18.42M) | Time:00:00.05 | Mem:0.00M, Peak:0.00M | Scene, RenderLayer | Synchronizing object | SmoothCylinder_0
Fra:1 Mem:20.24M (0.00M, Peak 23.33M) | Time:00:00.06 | Mem:0.00M, Peak:0.00M | Scene, RenderLayer | Initializing
Fra:1 Mem:20.24M (0.00M, Peak 23.33M) | Time:00:00.06 | Mem:0.00M, Peak:0.00M | Scene, RenderLayer | Loading render kernels (may take a few minutes the first time)
Fra:1 Mem:20.24M (0.00M, Peak 23.33M) | Time:00:00.08 | Mem:0.00M, Peak:0.00M | Scene, RenderLayer | Waiting for render to start
Fra:1 Mem:20.24M (0.00M, Peak 23.33M) | Time:00:00.08 | Mem:0.00M, Peak:0.00M | Scene, RenderLayer | Updating Scene
Fra:1 Mem:20.24M (0.00M, Peak 23.33M) | Time:00:00.08 | Mem:0.00M, Peak:0.00M | Scene, RenderLayer | Updating Shaders
Fra:1 Mem:20.49M (0.00M, Peak 23.33M) | Time:00:00.08 | Mem:0.00M, Peak:0.00M | Scene, RenderLayer | Updating Background
Fra:1 Mem:20.49M (0.00M, Peak 23.33M) | Time:00:00.08 | Mem:0.00M, Peak:0.00M | Scene, RenderLayer | Updating Camera
Fra:1 Mem:20.49M (0.00M, Peak 23.33M) | Time:00:00.08 | Mem:0.00M, Peak:0.00M | Scene, RenderLayer | Updating Meshes Flags
Fra:1 Mem:20.49M (0.00M, Peak 23.33M) | Time:00:00.08 | Mem:0.00M, Peak:0.00M | Scene, RenderLayer | Updating Objects
Fra:1 Mem:20.49M (0.00M, Peak 23.33M) | Time:00:00.08 | Mem:0.00M, Peak:0.00M | Scene, RenderLayer | Updating Objects | Copying Transformations to device
Fra:1 Mem:20.49M (0.00M, Peak 23.33M) | Time:00:00.08 | Mem:0.00M, Peak:0.00M | Scene, RenderLayer | Updating Objects | Applying Static Transformations
Fra:1 Mem:20.49M (0.00M, Peak 23.33M) | Time:00:00.08 | Mem:0.00M, Peak:0.00M | Scene, RenderLayer | Updating Meshes
Fra:1 Mem:21.99M (0.00M, Peak 23.33M) | Time:00:00.08 | Mem:0.00M, Peak:0.00M | Scene, RenderLayer | Updating Mesh | Computing attributes
Fra:1 Mem:22.53M (0.00M, Peak 23.33M) | Time:00:00.08 | Mem:0.00M, Peak:0.00M | Scene, RenderLayer | Updating Mesh | Copying Attributes to device
Fra:1 Mem:22.53M (0.00M, Peak 23.33M) | Time:00:00.08 | Mem:0.54M, Peak:0.54M | Scene, RenderLayer | Updating Scene BVH | Building
Fra:1 Mem:22.53M (0.00M, Peak 23.33M) | Time:00:00.08 | Mem:0.54M, Peak:0.54M | Scene, RenderLayer | Updating Scene BVH | Building BVH
Fra:1 Mem:28.16M (0.00M, Peak 28.16M) | Time:00:00.15 | Mem:0.54M, Peak:0.54M | Scene, RenderLayer | Updating Scene BVH | Packing BVH triangles and strands
Fra:1 Mem:33.41M (0.00M, Peak 33.41M) | Time:00:00.16 | Mem:0.54M, Peak:0.54M | Scene, RenderLayer | Updating Scene BVH | Packing BVH nodes
Fra:1 Mem:30.48M (0.00M, Peak 34.98M) | Time:00:00.16 | Mem:0.54M, Peak:0.54M | Scene, RenderLayer | Updating Scene BVH | Copying BVH to device
Fra:1 Mem:30.86M (0.00M, Peak 34.98M) | Time:00:00.17 | Mem:8.49M, Peak:8.49M | Scene, RenderLayer | Updating Mesh | Computing normals
Fra:1 Mem:34.29M (0.00M, Peak 34.98M) | Time:00:00.17 | Mem:8.49M, Peak:8.49M | Scene, RenderLayer | Updating Mesh | Copying Mesh to device
Fra:1 Mem:33.91M (0.00M, Peak 34.98M) | Time:00:00.17 | Mem:11.92M, Peak:11.92M | Scene, RenderLayer | Updating Objects Flags
Fra:1 Mem:33.91M (0.00M, Peak 34.98M) | Time:00:00.17 | Mem:11.92M, Peak:11.92M | Scene, RenderLayer | Updating Images
Fra:1 Mem:33.91M (0.00M, Peak 34.98M) | Time:00:00.17 | Mem:11.92M, Peak:11.92M | Scene, RenderLayer | Updating Camera Volume
Fra:1 Mem:33.91M (0.00M, Peak 34.98M) | Time:00:00.17 | Mem:11.92M, Peak:11.92M | Scene, RenderLayer | Updating Hair Systems
Fra:1 Mem:33.91M (0.00M, Peak 34.98M) | Time:00:00.17 | Mem:11.92M, Peak:11.92M | Scene, RenderLayer | Updating Hair settings | Copying Hair settings to device
Fra:1 Mem:33.91M (0.00M, Peak 34.98M) | Time:00:00.17 | Mem:11.92M, Peak:11.92M | Scene, RenderLayer | Updating Lookup Tables
Fra:1 Mem:33.91M (0.00M, Peak 34.98M) | Time:00:00.17 | Mem:12.17M, Peak:12.17M | Scene, RenderLayer | Updating Lights
Fra:1 Mem:33.91M (0.00M, Peak 34.98M) | Time:00:00.17 | Mem:12.17M, Peak:12.17M | Scene, RenderLayer | Updating Lights | Computing distribution
Fra:1 Mem:33.91M (0.00M, Peak 34.98M) | Time:00:00.17 | Mem:12.17M, Peak:12.17M | Scene, RenderLayer | Updating Particle Systems
Fra:1 Mem:33.91M (0.00M, Peak 34.98M) | Time:00:00.17 | Mem:12.17M, Peak:12.17M | Scene, RenderLayer | Updating Particle Systems | Copying Particles to device
Fra:1 Mem:33.91M (0.00M, Peak 34.98M) | Time:00:00.17 | Mem:12.17M, Peak:12.17M | Scene, RenderLayer | Updating Integrator
Fra:1 Mem:33.95M (0.00M, Peak 34.98M) | Time:00:00.17 | Mem:12.21M, Peak:12.21M | Scene, RenderLayer | Updating Film
Fra:1 Mem:33.96M (0.00M, Peak 34.98M) | Time:00:00.17 | Mem:12.21M, Peak:12.21M | Scene, RenderLayer | Updating Lookup Tables
Fra:1 Mem:33.96M (0.00M, Peak 34.98M) | Time:00:00.17 | Mem:12.22M, Peak:12.22M | Scene, RenderLayer | Updating Baking
Fra:1 Mem:33.96M (0.00M, Peak 34.98M) | Time:00:00.17 | Mem:12.22M, Peak:12.22M | Scene, RenderLayer | Updating Device | Writing constant memory
Fra:1 Mem:33.96M (0.00M, Peak 34.98M) | Time:00:00.17 | Mem:12.22M, Peak:12.22M | Scene, RenderLayer | Path Tracing Tile 0/4, Sample 0/512
Fra:1 Mem:36.21M (0.00M, Peak 37.46M) | Time:00:00.18 | Mem:14.47M, Peak:14.47M | Scene, RenderLayer | Path Tracing Tile 1/4, Sample 0/512
Fra:1 Mem:36.21M (0.00M, Peak 38.46M) | Time:00:01.18 | Remaining:00:11.24 | Mem:14.47M, Peak:14.47M | Scene, RenderLayer | Path Tracing Tile 1/4, Sample 99/512
Fra:1 Mem:36.21M (0.00M, Peak 38.46M) | Time:00:02.19 | Remaining:00:10.20 | Mem:14.47M, Peak:14.47M | Scene, RenderLayer | Path Tracing Tile 1/4, Sample 198/512
Fra:1 Mem:36.21M (0.00M, Peak 38.46M) | Time:00:03.20 | Remaining:00:09.19 | Mem:14.47M, Peak:14.47M | Scene, RenderLayer | Path Tracing Tile 1/4, Sample 297/512
Fra:1 Mem:36.21M (0.00M, Peak 38.46M) | Time:00:04.21 | Remaining:00:08.18 | Mem:14.47M, Peak:14.47M | Scene, RenderLayer | Path Tracing Tile 1/4, Sample 396/512
Fra:1 Mem:36.21M (0.00M, Peak 38.46M) | Time:00:05.21 | Remaining:00:07.19 | Mem:14.47M, Peak:14.47M | Scene, RenderLayer | Path Tracing Tile 1/4, Sample 494/512
Fra:1 Mem:33.96M (0.00M, Peak 38.46M) | Time:00:05.40 | Remaining:00:07.01 | Mem:12.22M, Peak:14.47M | Scene, RenderLayer | Path Tracing Tile 1/4, Sample 512/512
Fra:1 Mem:35.93M (0.00M, Peak 38.46M) | Time:00:05.40 | Remaining:00:07.02 | Mem:14.18M, Peak:14.47M | Scene, RenderLayer | Path Tracing Tile 2/4, Sample 512/512
Fra:1 Mem:35.93M (0.00M, Peak 38.46M) | Time:00:06.21 | Remaining:00:06.08 | Mem:14.18M, Peak:14.47M | Scene, RenderLayer | Path Tracing Tile 2/4, Sample 98/512
Fra:1 Mem:35.93M (0.00M, Peak 38.46M) | Time:00:07.21 | Remaining:00:04.96 | Mem:14.18M, Peak:14.47M | Scene, RenderLayer | Path Tracing Tile 2/4, Sample 219/512
Fra:1 Mem:35.93M (0.00M, Peak 38.46M) | Time:00:08.22 | Remaining:00:03.88 | Mem:14.18M, Peak:14.47M | Scene, RenderLayer | Path Tracing Tile 2/4, Sample 340/512
Fra:1 Mem:35.93M (0.00M, Peak 38.46M) | Time:00:09.22 | Remaining:00:02.82 | Mem:14.18M, Peak:14.47M | Scene, RenderLayer | Path Tracing Tile 2/4, Sample 460/512
Fra:1 Mem:33.96M (0.00M, Peak 38.46M) | Time:00:09.66 | Remaining:00:02.37 | Mem:12.22M, Peak:14.47M | Scene, RenderLayer | Path Tracing Tile 2/4, Sample 512/512
Fra:1 Mem:34.52M (0.00M, Peak 38.46M) | Time:00:09.66 | Remaining:00:02.37 | Mem:12.78M, Peak:14.47M | Scene, RenderLayer | Path Tracing Tile 3/4, Sample 512/512
Fra:1 Mem:34.52M (0.00M, Peak 38.46M) | Time:00:10.22 | Remaining:00:02.08 | Mem:12.78M, Peak:14.47M | Scene, RenderLayer | Path Tracing Tile 3/4, Sample 135/512
Fra:1 Mem:34.52M (0.00M, Peak 38.46M) | Time:00:11.23 | Remaining:00:01.53 | Mem:12.78M, Peak:14.47M | Scene, RenderLayer | Path Tracing Tile 3/4, Sample 374/512
Fra:1 Mem:33.96M (0.00M, Peak 38.46M) | Time:00:11.81 | Remaining:00:01.19 | Mem:12.22M, Peak:14.47M | Scene, RenderLayer | Path Tracing Tile 3/4, Sample 512/512
Fra:1 Mem:34.45M (0.00M, Peak 38.46M) | Time:00:11.81 | Remaining:00:01.19 | Mem:12.71M, Peak:14.47M | Scene, RenderLayer | Path Tracing Tile 4/4, Sample 512/512
Fra:1 Mem:34.45M (0.00M, Peak 38.46M) | Time:00:12.23 | Remaining:00:00.95 | Mem:12.71M, Peak:14.47M | Scene, RenderLayer | Path Tracing Tile 4/4, Sample 108/512
Fra:1 Mem:34.45M (0.00M, Peak 38.46M) | Time:00:13.23 | Remaining:00:00.35 | Mem:12.71M, Peak:14.47M | Scene, RenderLayer | Path Tracing Tile 4/4, Sample 366/512
Fra:1 Mem:33.96M (0.00M, Peak 38.46M) | Time:00:13.80 | Mem:12.22M, Peak:14.47M | Scene, RenderLayer | Path Tracing Tile 4/4, Sample 512/512
Fra:1 Mem:33.96M (0.00M, Peak 38.46M) | Time:00:13.80 | Mem:12.22M, Peak:14.47M | Scene, RenderLayer | Finished
Fra:1 Mem:15.59M (0.00M, Peak 38.46M) | Time:00:13.88 | Sce: Scene Ve:0 Fa:0 La:0
Saved: 'data/clevr-cleaned-variants/alternation/fovariant-18/render/images/CLEVR_val_000005.png'
 Time: 00:13.92 (Saving: 00:00.03)


Blender quit

INFO test_net.py:  81: Called with args:
INFO test_net.py:  82: Namespace(cfg_file='clevr_inference/scene_parse/mask_rcnn/configs/baselines/e2e_mask_rcnn_R-50-FPN_1x.yaml', clevr_comp_cat=1, dataset='clevr_original_val', grab_conv=False, images_dir='data/clevr-cleaned-variants/alternation/fovariant-18/render/images', load_ckpt='/home/ubuntu/vdp-tool-chain/data/ns-vqa-data/pretrained/object_detector.pt', load_detectron=None, multi_gpu_testing=False, name=None, output_dir='data/clevr-cleaned-variants/alternation/fovariant-18/infer/mask_rcnn', range=None, rendersummary_path='data/clevr-cleaned-variants/alternation/fovariant-18/render/summary.json', set_cfgs=[], vis=False)
INFO test_net.py: 125: Testing with config:
INFO test_net.py: 126: {'BBOX_XFORM_CLIP': 4.135166556742356,
 'CLEVR': {'COMP_CAT': True},
 'CROP_RESIZE_WITH_MAX_POOL': True,
 'CUDA': False,
 'DATA_DIR': '/home/ubuntu/vdp-tool-chain/data/ns-vqa-data/mask_rcnn',
 'DATA_LOADER': {'NUM_THREADS': 4},
 'DEBUG': False,
 'DEDUP_BOXES': 0.0625,
 'EPS': 1e-14,
 'EXPECTED_RESULTS': [],
 'EXPECTED_RESULTS_ATOL': 0.005,
 'EXPECTED_RESULTS_EMAIL': '',
 'EXPECTED_RESULTS_RTOL': 0.1,
 'FAST_RCNN': {'CONV_HEAD_DIM': 256,
               'MLP_HEAD_DIM': 1024,
               'NUM_STACKED_CONVS': 4,
               'ROI_BOX_HEAD': 'fast_rcnn_heads.roi_2mlp_head',
               'ROI_XFORM_METHOD': 'RoIAlign',
               'ROI_XFORM_RESOLUTION': 7,
               'ROI_XFORM_SAMPLING_RATIO': 2},
 'FPN': {'COARSEST_STRIDE': 32,
         'DIM': 256,
         'EXTRA_CONV_LEVELS': False,
         'FPN_ON': True,
         'MULTILEVEL_ROIS': True,
         'MULTILEVEL_RPN': True,
         'ROI_CANONICAL_LEVEL': 4,
         'ROI_CANONICAL_SCALE': 224,
         'ROI_MAX_LEVEL': 5,
         'ROI_MIN_LEVEL': 2,
         'RPN_ANCHOR_START_SIZE': 32,
         'RPN_ASPECT_RATIOS': (0.5, 1, 2),
         'RPN_COLLECT_SCALE': 1,
         'RPN_MAX_LEVEL': 6,
         'RPN_MIN_LEVEL': 2,
         'USE_GN': False,
         'ZERO_INIT_LATERAL': False},
 'GROUP_NORM': {'DIM_PER_GP': -1, 'EPSILON': 1e-05, 'NUM_GROUPS': 32},
 'KRCNN': {'CONV_HEAD_DIM': 256,
           'CONV_HEAD_KERNEL': 3,
           'CONV_INIT': 'GaussianFill',
           'DECONV_DIM': 256,
           'DECONV_KERNEL': 4,
           'DILATION': 1,
           'HEATMAP_SIZE': -1,
           'INFERENCE_MIN_SIZE': 0,
           'KEYPOINT_CONFIDENCE': 'bbox',
           'LOSS_WEIGHT': 1.0,
           'MIN_KEYPOINT_COUNT_FOR_VALID_MINIBATCH': 20,
           'NMS_OKS': False,
           'NORMALIZE_BY_VISIBLE_KEYPOINTS': True,
           'NUM_KEYPOINTS': -1,
           'NUM_STACKED_CONVS': 8,
           'ROI_KEYPOINTS_HEAD': '',
           'ROI_XFORM_METHOD': 'RoIAlign',
           'ROI_XFORM_RESOLUTION': 7,
           'ROI_XFORM_SAMPLING_RATIO': 0,
           'UP_SCALE': -1,
           'USE_DECONV': False,
           'USE_DECONV_OUTPUT': False},
 'MATLAB': 'matlab',
 'MODEL': {'BBOX_REG_WEIGHTS': (10.0, 10.0, 5.0, 5.0),
           'CLS_AGNOSTIC_BBOX_REG': False,
           'CONV_BODY': 'FPN.fpn_ResNet50_conv5_body',
           'FASTER_RCNN': True,
           'KEYPOINTS_ON': False,
           'LOAD_IMAGENET_PRETRAINED_WEIGHTS': True,
           'MASK_ON': True,
           'NUM_CLASSES': 49,
           'RPN_ONLY': False,
           'SHARE_RES5': False,
           'TYPE': 'generalized_rcnn',
           'UNSUPERVISED_POSE': False},
 'MRCNN': {'CLS_SPECIFIC_MASK': True,
           'CONV_INIT': 'MSRAFill',
           'DILATION': 1,
           'DIM_REDUCED': 256,
           'MEMORY_EFFICIENT_LOSS': True,
           'RESOLUTION': 28,
           'ROI_MASK_HEAD': 'mask_rcnn_heads.mask_rcnn_fcn_head_v1up4convs',
           'ROI_XFORM_METHOD': 'RoIAlign',
           'ROI_XFORM_RESOLUTION': 14,
           'ROI_XFORM_SAMPLING_RATIO': 2,
           'THRESH_BINARIZE': 0.5,
           'UPSAMPLE_RATIO': 1,
           'USE_FC_OUTPUT': False,
           'WEIGHT_LOSS_MASK': 1.0},
 'NUM_GPUS': 8,
 'OUTPUT_DIR': 'Outputs',
 'PIXEL_MEANS': array([[[102.9801, 115.9465, 122.7717]]]),
 'POOLING_MODE': 'crop',
 'POOLING_SIZE': 7,
 'PYTORCH_VERSION_LESS_THAN_040': False,
 'RESNETS': {'FREEZE_AT': 2,
             'IMAGENET_PRETRAINED_WEIGHTS': 'pretrained_model/resnet50_caffe.pth',
             'NUM_GROUPS': 1,
             'RES5_DILATION': 1,
             'SHORTCUT_FUNC': 'basic_bn_shortcut',
             'STEM_FUNC': 'basic_bn_stem',
             'STRIDE_1X1': True,
             'TRANS_FUNC': 'bottleneck_transformation',
             'USE_GN': False,
             'WIDTH_PER_GROUP': 64},
 'RETINANET': {'ANCHOR_SCALE': 4,
               'ASPECT_RATIOS': (0.5, 1.0, 2.0),
               'BBOX_REG_BETA': 0.11,
               'BBOX_REG_WEIGHT': 1.0,
               'CLASS_SPECIFIC_BBOX': False,
               'INFERENCE_TH': 0.05,
               'LOSS_ALPHA': 0.25,
               'LOSS_GAMMA': 2.0,
               'NEGATIVE_OVERLAP': 0.4,
               'NUM_CONVS': 4,
               'POSITIVE_OVERLAP': 0.5,
               'PRE_NMS_TOP_N': 1000,
               'PRIOR_PROB': 0.01,
               'RETINANET_ON': False,
               'SCALES_PER_OCTAVE': 3,
               'SHARE_CLS_BBOX_TOWER': False,
               'SOFTMAX': False},
 'RFCN': {'PS_GRID_SIZE': 3},
 'RNG_SEED': 3,
 'ROOT_DIR': '/home/ubuntu/vdp-tool-chain/clevr_inference/scene_parse/mask_rcnn',
 'RPN': {'ASPECT_RATIOS': (0.5, 1, 2),
         'CLS_ACTIVATION': 'sigmoid',
         'OUT_DIM': 512,
         'OUT_DIM_AS_IN_DIM': True,
         'RPN_ON': True,
         'SIZES': (64, 128, 256, 512),
         'STRIDE': 16},
 'SOLVER': {'BASE_LR': 0.02,
            'BIAS_DOUBLE_LR': True,
            'BIAS_WEIGHT_DECAY': False,
            'GAMMA': 0.1,
            'LOG_LR_CHANGE_THRESHOLD': 1.1,
            'LRS': [],
            'LR_POLICY': 'steps_with_decay',
            'MAX_ITER': 30000,
            'MOMENTUM': 0.9,
            'SCALE_MOMENTUM': True,
            'SCALE_MOMENTUM_THRESHOLD': 1.1,
            'STEPS': [0, 20000, 26000],
            'STEP_SIZE': 30000,
            'TYPE': 'SGD',
            'WARM_UP_FACTOR': 0.3333333333333333,
            'WARM_UP_ITERS': 500,
            'WARM_UP_METHOD': 'linear',
            'WEIGHT_DECAY': 0.0001,
            'WEIGHT_DECAY_GN': 0.0},
 'TEST': {'BBOX_AUG': {'AREA_TH_HI': 32400,
                       'AREA_TH_LO': 2500,
                       'ASPECT_RATIOS': (),
                       'ASPECT_RATIO_H_FLIP': False,
                       'COORD_HEUR': 'UNION',
                       'ENABLED': False,
                       'H_FLIP': False,
                       'MAX_SIZE': 4000,
                       'SCALES': (),
                       'SCALE_H_FLIP': False,
                       'SCALE_SIZE_DEP': False,
                       'SCORE_HEUR': 'UNION'},
          'BBOX_REG': True,
          'BBOX_VOTE': {'ENABLED': False,
                        'SCORING_METHOD': 'ID',
                        'SCORING_METHOD_BETA': 1.0,
                        'VOTE_TH': 0.8},
          'COMPETITION_MODE': True,
          'DATASETS': ('custom(data/clevr-cleaned-variants/alternation/fovariant-18/render/images, '
                       'data/clevr-cleaned-variants/alternation/fovariant-18/render/summary.json)',),
          'DETECTIONS_PER_IM': 100,
          'FORCE_JSON_DATASET_EVAL': False,
          'KPS_AUG': {'AREA_TH': 32400,
                      'ASPECT_RATIOS': (),
                      'ASPECT_RATIO_H_FLIP': False,
                      'ENABLED': False,
                      'HEUR': 'HM_AVG',
                      'H_FLIP': False,
                      'MAX_SIZE': 4000,
                      'SCALES': (),
                      'SCALE_H_FLIP': False,
                      'SCALE_SIZE_DEP': False},
          'MASK_AUG': {'AREA_TH': 32400,
                       'ASPECT_RATIOS': (),
                       'ASPECT_RATIO_H_FLIP': False,
                       'ENABLED': False,
                       'HEUR': 'SOFT_AVG',
                       'H_FLIP': False,
                       'MAX_SIZE': 4000,
                       'SCALES': (),
                       'SCALE_H_FLIP': False,
                       'SCALE_SIZE_DEP': False},
          'MAX_SIZE': 1333,
          'NMS': 0.5,
          'PRECOMPUTED_PROPOSALS': False,
          'PROPOSAL_FILES': (),
          'PROPOSAL_LIMIT': 2000,
          'RPN_MIN_SIZE': 0,
          'RPN_NMS_THRESH': 0.7,
          'RPN_POST_NMS_TOP_N': 1000,
          'RPN_PRE_NMS_TOP_N': 1000,
          'SCALE': 800,
          'SCORE_THRESH': 0.05,
          'SOFT_NMS': {'ENABLED': False, 'METHOD': 'linear', 'SIGMA': 0.5}},
 'TRAIN': {'ASPECT_CROPPING': False,
           'ASPECT_GROUPING': True,
           'ASPECT_HI': 2,
           'ASPECT_LO': 0.5,
           'BATCH_SIZE_PER_IM': 512,
           'BBOX_INSIDE_WEIGHTS': (1.0, 1.0, 1.0, 1.0),
           'BBOX_NORMALIZE_MEANS': (0.0, 0.0, 0.0, 0.0),
           'BBOX_NORMALIZE_STDS': (0.1, 0.1, 0.2, 0.2),
           'BBOX_NORMALIZE_TARGETS': True,
           'BBOX_NORMALIZE_TARGETS_PRECOMPUTED': False,
           'BBOX_THRESH': 0.5,
           'BG_THRESH_HI': 0.5,
           'BG_THRESH_LO': 0.0,
           'CROWD_FILTER_THRESH': 0.7,
           'DATASETS': (),
           'FG_FRACTION': 0.25,
           'FG_THRESH': 0.5,
           'FREEZE_CONV_BODY': False,
           'GT_MIN_AREA': -1,
           'IMS_PER_BATCH': 2,
           'MAX_SIZE': 1333,
           'PROPOSAL_FILES': (),
           'RPN_BATCH_SIZE_PER_IM': 256,
           'RPN_FG_FRACTION': 0.5,
           'RPN_MIN_SIZE': 0,
           'RPN_NEGATIVE_OVERLAP': 0.3,
           'RPN_NMS_THRESH': 0.7,
           'RPN_POSITIVE_OVERLAP': 0.7,
           'RPN_POST_NMS_TOP_N': 2000,
           'RPN_PRE_NMS_TOP_N': 2000,
           'RPN_STRADDLE_THRESH': 0,
           'SCALES': (800,),
           'SNAPSHOT_ITERS': 20000,
           'USE_FLIPPED': False},
 'VIS': False,
 'VIS_TH': 0.9}
INFO test_engine.py: 352: loading checkpoint /home/ubuntu/vdp-tool-chain/data/ns-vqa-data/pretrained/object_detector.pt
INFO test_engine.py: 286: im_detect: range [1, 6] of 6: 1/6 1.113s + 0.003s (eta: 0:00:05)
INFO test_engine.py: 336: Wrote detections to: /home/ubuntu/vdp-tool-chain/data/clevr-cleaned-variants/alternation/fovariant-18/infer/mask_rcnn/detections.pkl
INFO test_engine.py: 164: Total inference time: 5.640s


| processing proposals 1 / 6 images
| processing proposals 2 / 6 images
| processing proposals 3 / 6 images
| processing proposals 4 / 6 images
| processing proposals 5 / 6 images
| processing proposals 6 / 6 images
| saving object annotations to data/clevr-cleaned-variants/alternation/fovariant-18/infer/attrnet/predictions.json


| options
run_dir: data/clevr-cleaned-variants/alternation/fovariant-18/solver_ir
dataset: clevr
load_checkpoint_path: /home/ubuntu/vdp-tool-chain/data/ns-vqa-data/pretrained/attribute_net.pt
gpu_ids: [0]
clevr_mini_img_dir: /home/ubuntu/vdp-tool-chain/data/ns-vqa-data/raw/CLEVR_mini/images
clevr_mini_ann_path: /home/ubuntu/vdp-tool-chain/data/ns-vqa-data/attr_net/objects/clevr_mini_objs.json
concat_img: 1
split_id: 3500
batch_size: 50
num_workers: 4
learning_rate: 0.002
split: val
output_path: data/clevr-cleaned-variants/alternation/fovariant-18/solver_ir/results.json
clevr_val_ann_path: data/clevr-cleaned-variants/alternation/fovariant-18/infer/attrnet/predictions.json
clevr_val_img_dir: /home/ubuntu/vdp-tool-chain/data/ns-vqa-data/raw/CLEVR_v1.0/images/val
shuffle_data: 0
use_cat_label: 1
name: fovariant-18
| loading checkpoint from /home/ubuntu/vdp-tool-chain/data/ns-vqa-data/pretrained/attribute_net.pt
clevr_object.py: CLEVR_val_000000.png val 0 0
clevr_object.py: CLEVR_val_000000.png val 0 1
clevr_object.py: CLEVR_val_000001.png val 1 2
clevr_object.py: CLEVR_val_000001.png val 1 3
clevr_object.py: CLEVR_val_000001.png val 1 4
clevr_object.py: CLEVR_val_000002.png val 2 5
clevr_object.py: CLEVR_val_000002.png val 2 6
clevr_object.py: CLEVR_val_000003.png val 3 7
clevr_object.py: CLEVR_val_000003.png val 3 8
clevr_object.py: CLEVR_val_000004.png val 4 9
clevr_object.py: CLEVR_val_000004.png val 4 10
clevr_object.py: CLEVR_val_000004.png val 4 11
clevr_object.py: CLEVR_val_000004.png val 4 12
clevr_object.py: CLEVR_val_000005.png val 5 13
clevr_object.py: CLEVR_val_000005.png val 5 14
15 / 15 objects processed
| saving annotation file to data/clevr-cleaned-variants/alternation/fovariant-18/solver_ir/results.json


0.json in test
THRESHOLD relate_front objs = {'id': '0-0', 'position': [-2.7057597637176514, -0.1003655195236206, 0.6986533403396606], 'color': 'brown', 'material': 'metal', 'shape': 'sphere', 'size': 'large'}, {'id': '0-1', 'position': [0.06714928150177002, -0.08372841030359268, 0.6795241832733154], 'color': 'gray', 'material': 'metal', 'shape': 'cylinder', 'size': 'large'}
THRESHOLD relate_behind objs = {'id': '0-1', 'position': [0.06714928150177002, -0.08372841030359268, 0.6795241832733154], 'color': 'gray', 'material': 'metal', 'shape': 'cylinder', 'size': 'large'}, {'id': '0-0', 'position': [-2.7057597637176514, -0.1003655195236206, 0.6986533403396606], 'color': 'brown', 'material': 'metal', 'shape': 'sphere', 'size': 'large'}
1.json in test
THRESHOLD relate_behind objs = {'id': '1-0', 'position': [-0.051820047199726105, -0.07542231678962708, 0.6845958232879639], 'color': 'red', 'material': 'metal', 'shape': 'cylinder', 'size': 'large'}, {'id': '1-1', 'position': [-2.857011556625366, -0.3279816210269928, 0.7066532969474792], 'color': 'yellow', 'material': 'metal', 'shape': 'sphere', 'size': 'large'}
THRESHOLD relate_front objs = {'id': '1-0', 'position': [-0.051820047199726105, -0.07542231678962708, 0.6845958232879639], 'color': 'red', 'material': 'metal', 'shape': 'cylinder', 'size': 'large'}, {'id': '1-2', 'position': [2.9312548637390137, 0.10429804772138596, 0.6886115074157715], 'color': 'yellow', 'material': 'metal', 'shape': 'sphere', 'size': 'large'}
THRESHOLD relate_front objs = {'id': '1-1', 'position': [-2.857011556625366, -0.3279816210269928, 0.7066532969474792], 'color': 'yellow', 'material': 'metal', 'shape': 'sphere', 'size': 'large'}, {'id': '1-0', 'position': [-0.051820047199726105, -0.07542231678962708, 0.6845958232879639], 'color': 'red', 'material': 'metal', 'shape': 'cylinder', 'size': 'large'}
THRESHOLD relate_behind objs = {'id': '1-2', 'position': [2.9312548637390137, 0.10429804772138596, 0.6886115074157715], 'color': 'yellow', 'material': 'metal', 'shape': 'sphere', 'size': 'large'}, {'id': '1-0', 'position': [-0.051820047199726105, -0.07542231678962708, 0.6845958232879639], 'color': 'red', 'material': 'metal', 'shape': 'cylinder', 'size': 'large'}
2.json in test
THRESHOLD relate_front objs = {'id': '2-0', 'position': [-2.8722832202911377, -0.18965089321136475, 0.6946463584899902], 'color': 'gray', 'material': 'metal', 'shape': 'cylinder', 'size': 'large'}, {'id': '2-1', 'position': [0.02338864654302597, 0.03862842172384262, 0.690758228302002], 'color': 'yellow', 'material': 'metal', 'shape': 'sphere', 'size': 'large'}
THRESHOLD relate_behind objs = {'id': '2-1', 'position': [0.02338864654302597, 0.03862842172384262, 0.690758228302002], 'color': 'yellow', 'material': 'metal', 'shape': 'sphere', 'size': 'large'}, {'id': '2-0', 'position': [-2.8722832202911377, -0.18965089321136475, 0.6946463584899902], 'color': 'gray', 'material': 'metal', 'shape': 'cylinder', 'size': 'large'}
3.json in train
THRESHOLD relate_behind objs = {'id': '3-0', 'position': [2.781096935272217, 0.33669352531433105, 0.6880770325660706], 'color': 'red', 'material': 'metal', 'shape': 'cylinder', 'size': 'large'}, {'id': '3-1', 'position': [0.0755360946059227, 0.17641860246658325, 0.6943585276603699], 'color': 'yellow', 'material': 'metal', 'shape': 'sphere', 'size': 'large'}
THRESHOLD relate_front objs = {'id': '3-1', 'position': [0.0755360946059227, 0.17641860246658325, 0.6943585276603699], 'color': 'yellow', 'material': 'metal', 'shape': 'sphere', 'size': 'large'}, {'id': '3-0', 'position': [2.781096935272217, 0.33669352531433105, 0.6880770325660706], 'color': 'red', 'material': 'metal', 'shape': 'cylinder', 'size': 'large'}
4.json in train
THRESHOLD relate_behind objs = {'id': '4-0', 'position': [2.685059070587158, 0.1945258378982544, 0.3412442207336426], 'color': 'brown', 'material': 'rubber', 'shape': 'cylinder', 'size': 'small'}, {'id': '4-1', 'position': [-0.15601122379302979, 0.06623397767543793, 0.3426835536956787], 'color': 'brown', 'material': 'metal', 'shape': 'cylinder', 'size': 'small'}
THRESHOLD relate_behind objs = {'id': '4-0', 'position': [2.685059070587158, 0.1945258378982544, 0.3412442207336426], 'color': 'brown', 'material': 'rubber', 'shape': 'cylinder', 'size': 'small'}, {'id': '4-2', 'position': [-1.4511092901229858, 0.017981257289648056, 0.34333014488220215], 'color': 'gray', 'material': 'metal', 'shape': 'sphere', 'size': 'small'}
THRESHOLD relate_behind objs = {'id': '4-0', 'position': [2.685059070587158, 0.1945258378982544, 0.3412442207336426], 'color': 'brown', 'material': 'rubber', 'shape': 'cylinder', 'size': 'small'}, {'id': '4-3', 'position': [1.2422975301742554, 0.1523679792881012, 0.34569939970970154], 'color': 'gray', 'material': 'metal', 'shape': 'sphere', 'size': 'small'}
THRESHOLD relate_behind objs = {'id': '4-1', 'position': [-0.15601122379302979, 0.06623397767543793, 0.3426835536956787], 'color': 'brown', 'material': 'metal', 'shape': 'cylinder', 'size': 'small'}, {'id': '4-2', 'position': [-1.4511092901229858, 0.017981257289648056, 0.34333014488220215], 'color': 'gray', 'material': 'metal', 'shape': 'sphere', 'size': 'small'}
THRESHOLD relate_front objs = {'id': '4-1', 'position': [-0.15601122379302979, 0.06623397767543793, 0.3426835536956787], 'color': 'brown', 'material': 'metal', 'shape': 'cylinder', 'size': 'small'}, {'id': '4-0', 'position': [2.685059070587158, 0.1945258378982544, 0.3412442207336426], 'color': 'brown', 'material': 'rubber', 'shape': 'cylinder', 'size': 'small'}
THRESHOLD relate_front objs = {'id': '4-1', 'position': [-0.15601122379302979, 0.06623397767543793, 0.3426835536956787], 'color': 'brown', 'material': 'metal', 'shape': 'cylinder', 'size': 'small'}, {'id': '4-3', 'position': [1.2422975301742554, 0.1523679792881012, 0.34569939970970154], 'color': 'gray', 'material': 'metal', 'shape': 'sphere', 'size': 'small'}
THRESHOLD relate_front objs = {'id': '4-2', 'position': [-1.4511092901229858, 0.017981257289648056, 0.34333014488220215], 'color': 'gray', 'material': 'metal', 'shape': 'sphere', 'size': 'small'}, {'id': '4-0', 'position': [2.685059070587158, 0.1945258378982544, 0.3412442207336426], 'color': 'brown', 'material': 'rubber', 'shape': 'cylinder', 'size': 'small'}
THRESHOLD relate_front objs = {'id': '4-2', 'position': [-1.4511092901229858, 0.017981257289648056, 0.34333014488220215], 'color': 'gray', 'material': 'metal', 'shape': 'sphere', 'size': 'small'}, {'id': '4-1', 'position': [-0.15601122379302979, 0.06623397767543793, 0.3426835536956787], 'color': 'brown', 'material': 'metal', 'shape': 'cylinder', 'size': 'small'}
THRESHOLD relate_front objs = {'id': '4-2', 'position': [-1.4511092901229858, 0.017981257289648056, 0.34333014488220215], 'color': 'gray', 'material': 'metal', 'shape': 'sphere', 'size': 'small'}, {'id': '4-3', 'position': [1.2422975301742554, 0.1523679792881012, 0.34569939970970154], 'color': 'gray', 'material': 'metal', 'shape': 'sphere', 'size': 'small'}
THRESHOLD relate_behind objs = {'id': '4-3', 'position': [1.2422975301742554, 0.1523679792881012, 0.34569939970970154], 'color': 'gray', 'material': 'metal', 'shape': 'sphere', 'size': 'small'}, {'id': '4-1', 'position': [-0.15601122379302979, 0.06623397767543793, 0.3426835536956787], 'color': 'brown', 'material': 'metal', 'shape': 'cylinder', 'size': 'small'}
THRESHOLD relate_behind objs = {'id': '4-3', 'position': [1.2422975301742554, 0.1523679792881012, 0.34569939970970154], 'color': 'gray', 'material': 'metal', 'shape': 'sphere', 'size': 'small'}, {'id': '4-2', 'position': [-1.4511092901229858, 0.017981257289648056, 0.34333014488220215], 'color': 'gray', 'material': 'metal', 'shape': 'sphere', 'size': 'small'}
THRESHOLD relate_front objs = {'id': '4-3', 'position': [1.2422975301742554, 0.1523679792881012, 0.34569939970970154], 'color': 'gray', 'material': 'metal', 'shape': 'sphere', 'size': 'small'}, {'id': '4-0', 'position': [2.685059070587158, 0.1945258378982544, 0.3412442207336426], 'color': 'brown', 'material': 'rubber', 'shape': 'cylinder', 'size': 'small'}
5.json in train
THRESHOLD relate_front objs = {'id': '5-0', 'position': [-1.2899599075317383, -0.042313478887081146, 0.6972371935844421], 'color': 'brown', 'material': 'rubber', 'shape': 'sphere', 'size': 'large'}, {'id': '5-1', 'position': [1.5369927883148193, 0.2606985867023468, 0.3344923257827759], 'color': 'gray', 'material': 'metal', 'shape': 'cylinder', 'size': 'small'}
THRESHOLD relate_behind objs = {'id': '5-1', 'position': [1.5369927883148193, 0.2606985867023468, 0.3344923257827759], 'color': 'gray', 'material': 'metal', 'shape': 'cylinder', 'size': 'small'}, {'id': '5-0', 'position': [-1.2899599075317383, -0.042313478887081146, 0.6972371935844421], 'color': 'brown', 'material': 'rubber', 'shape': 'sphere', 'size': 'large'}
