Started Logging. 2022-07-09 22:15:49.511026

found bundled python: /home/ubuntu/vdp/data/blender-2.78c-linux-glibc219-x86_64/2.78/python
read blend: /home/ubuntu/vdp/data/clevr_scene_data/base_scene.blend
convertViewVec: called in an invalid context
convertViewVec: called in an invalid context
convertViewVec: called in an invalid context
Fra:1 Mem:18.18M (0.00M, Peak 18.18M) | Time:00:00.00 | Preparing Scene data
Fra:1 Mem:27.03M (0.00M, Peak 29.18M) | Time:00:00.01 | Preparing Scene data
Fra:1 Mem:27.03M (0.00M, Peak 29.18M) | Time:00:00.01 | Creating Shadowbuffers
Fra:1 Mem:27.03M (0.00M, Peak 29.18M) | Time:00:00.01 | Raytree.. preparing
Fra:1 Mem:36.77M (0.00M, Peak 36.77M) | Time:00:00.02 | Raytree.. building
Fra:1 Mem:36.26M (0.00M, Peak 51.47M) | Time:00:00.18 | Raytree finished
Fra:1 Mem:36.26M (0.00M, Peak 51.47M) | Time:00:00.18 | Creating Environment maps
Fra:1 Mem:36.26M (0.00M, Peak 51.47M) | Time:00:00.18 | Caching Point Densities
Fra:1 Mem:36.26M (0.00M, Peak 51.47M) | Time:00:00.18 | Sce: Scene Ve:74412 Fa:70920 La:1
Fra:1 Mem:36.26M (0.00M, Peak 51.47M) | Time:00:00.18 | Loading voxel datasets
Fra:1 Mem:36.26M (0.00M, Peak 51.47M) | Time:00:00.18 | Sce: Scene Ve:74412 Fa:70920 La:1
Fra:1 Mem:36.26M (0.00M, Peak 51.47M) | Time:00:00.18 | Sce: Scene Ve:74412 Fa:70920 La:1
Fra:1 Mem:36.26M (0.00M, Peak 51.47M) | Time:00:00.18 | Volume preprocessing
Fra:1 Mem:36.26M (0.00M, Peak 51.47M) | Time:00:00.18 | Sce: Scene Ve:74412 Fa:70920 La:1
Fra:1 Mem:36.26M (0.00M, Peak 51.47M) | Time:00:00.18 | Sce: Scene Ve:74412 Fa:70920 La:1
Fra:1 Mem:40.79M (0.00M, Peak 51.47M) | Time:00:00.19 | Scene, Part 4-4
Fra:1 Mem:40.33M (0.00M, Peak 51.47M) | Time:00:00.19 | Scene, Part 3-4
Fra:1 Mem:39.27M (0.00M, Peak 51.47M) | Time:00:00.19 | Scene, Part 1-4
Fra:1 Mem:37.36M (0.00M, Peak 51.47M) | Time:00:00.20 | Scene, Part 2-4
Fra:1 Mem:18.06M (0.00M, Peak 51.47M) | Time:00:00.20 | Sce: Scene Ve:74412 Fa:70920 La:1
Saved: '/tmp/tmp2key5m15.png'
 Time: 00:00.25 (Saving: 00:00.04)

Fra:1 Mem:18.10M (0.00M, Peak 18.69M) | Time:00:00.05 | Mem:0.00M, Peak:0.00M | Scene, RenderLayer | Synchronizing object | Area
Fra:1 Mem:18.10M (0.00M, Peak 18.69M) | Time:00:00.05 | Mem:0.00M, Peak:0.00M | Scene, RenderLayer | Synchronizing object | Ground
Fra:1 Mem:18.16M (0.00M, Peak 18.69M) | Time:00:00.05 | Mem:0.00M, Peak:0.00M | Scene, RenderLayer | Synchronizing object | Empty
Fra:1 Mem:18.16M (0.00M, Peak 18.69M) | Time:00:00.05 | Mem:0.00M, Peak:0.00M | Scene, RenderLayer | Synchronizing object | Lamp_Back
Fra:1 Mem:18.16M (0.00M, Peak 18.69M) | Time:00:00.05 | Mem:0.00M, Peak:0.00M | Scene, RenderLayer | Synchronizing object | Lamp_Fill
Fra:1 Mem:18.16M (0.00M, Peak 18.69M) | Time:00:00.05 | Mem:0.00M, Peak:0.00M | Scene, RenderLayer | Synchronizing object | Lamp_Key
Fra:1 Mem:18.16M (0.00M, Peak 18.69M) | Time:00:00.05 | Mem:0.00M, Peak:0.00M | Scene, RenderLayer | Synchronizing object | Camera
Fra:1 Mem:18.16M (0.00M, Peak 18.69M) | Time:00:00.05 | Mem:0.00M, Peak:0.00M | Scene, RenderLayer | Synchronizing object | SmoothCube_v2_0
Fra:1 Mem:18.53M (0.00M, Peak 18.88M) | Time:00:00.05 | Mem:0.00M, Peak:0.00M | Scene, RenderLayer | Synchronizing object | SmoothCylinder_0
Fra:1 Mem:21.85M (0.00M, Peak 24.94M) | Time:00:00.06 | Mem:0.00M, Peak:0.00M | Scene, RenderLayer | Synchronizing object | SmoothCylinder_1
Fra:1 Mem:25.17M (0.00M, Peak 28.26M) | Time:00:00.07 | Mem:0.00M, Peak:0.00M | Scene, RenderLayer | Initializing
Fra:1 Mem:25.17M (0.00M, Peak 28.26M) | Time:00:00.07 | Mem:0.00M, Peak:0.00M | Scene, RenderLayer | Loading render kernels (may take a few minutes the first time)
Fra:1 Mem:25.17M (0.00M, Peak 28.26M) | Time:00:00.09 | Mem:0.00M, Peak:0.00M | Scene, RenderLayer | Waiting for render to start
Fra:1 Mem:25.17M (0.00M, Peak 28.26M) | Time:00:00.09 | Mem:0.00M, Peak:0.00M | Scene, RenderLayer | Updating Scene
Fra:1 Mem:25.17M (0.00M, Peak 28.26M) | Time:00:00.09 | Mem:0.00M, Peak:0.00M | Scene, RenderLayer | Updating Shaders
Fra:1 Mem:25.67M (0.00M, Peak 28.26M) | Time:00:00.17 | Mem:0.00M, Peak:0.00M | Scene, RenderLayer | Updating Background
Fra:1 Mem:25.67M (0.00M, Peak 28.26M) | Time:00:00.17 | Mem:0.00M, Peak:0.00M | Scene, RenderLayer | Updating Camera
Fra:1 Mem:25.67M (0.00M, Peak 28.26M) | Time:00:00.17 | Mem:0.00M, Peak:0.00M | Scene, RenderLayer | Updating Meshes Flags
Fra:1 Mem:25.67M (0.00M, Peak 28.26M) | Time:00:00.17 | Mem:0.00M, Peak:0.00M | Scene, RenderLayer | Updating Objects
Fra:1 Mem:25.67M (0.00M, Peak 28.26M) | Time:00:00.17 | Mem:0.00M, Peak:0.00M | Scene, RenderLayer | Updating Objects | Copying Transformations to device
Fra:1 Mem:25.67M (0.00M, Peak 28.26M) | Time:00:00.17 | Mem:0.00M, Peak:0.00M | Scene, RenderLayer | Updating Objects | Applying Static Transformations
Fra:1 Mem:25.67M (0.00M, Peak 28.26M) | Time:00:00.17 | Mem:0.00M, Peak:0.00M | Scene, RenderLayer | Updating Meshes
Fra:1 Mem:27.83M (0.00M, Peak 28.26M) | Time:00:00.17 | Mem:0.00M, Peak:0.00M | Scene, RenderLayer | Updating Mesh | Computing attributes
Fra:1 Mem:28.96M (0.00M, Peak 28.96M) | Time:00:00.17 | Mem:0.00M, Peak:0.00M | Scene, RenderLayer | Updating Mesh | Copying Attributes to device
Fra:1 Mem:28.96M (0.00M, Peak 30.10M) | Time:00:00.18 | Mem:1.14M, Peak:1.14M | Scene, RenderLayer | Updating Scene BVH | Building
Fra:1 Mem:28.96M (0.00M, Peak 30.10M) | Time:00:00.18 | Mem:1.14M, Peak:1.14M | Scene, RenderLayer | Updating Scene BVH | Building BVH
Fra:1 Mem:37.04M (0.00M, Peak 37.04M) | Time:00:00.27 | Mem:1.14M, Peak:1.14M | Scene, RenderLayer | Updating Scene BVH | Packing BVH triangles and strands
Fra:1 Mem:44.57M (0.00M, Peak 44.57M) | Time:00:00.28 | Mem:1.14M, Peak:1.14M | Scene, RenderLayer | Updating Scene BVH | Packing BVH nodes
Fra:1 Mem:40.44M (0.00M, Peak 46.90M) | Time:00:00.29 | Mem:1.14M, Peak:1.14M | Scene, RenderLayer | Updating Scene BVH | Copying BVH to device
Fra:1 Mem:40.98M (0.00M, Peak 46.90M) | Time:00:00.29 | Mem:12.61M, Peak:12.61M | Scene, RenderLayer | Updating Mesh | Computing normals
Fra:1 Mem:45.93M (0.00M, Peak 46.90M) | Time:00:00.29 | Mem:12.61M, Peak:12.61M | Scene, RenderLayer | Updating Mesh | Copying Mesh to device
Fra:1 Mem:45.39M (0.00M, Peak 46.90M) | Time:00:00.30 | Mem:17.57M, Peak:17.57M | Scene, RenderLayer | Updating Objects Flags
Fra:1 Mem:45.39M (0.00M, Peak 46.90M) | Time:00:00.30 | Mem:17.57M, Peak:17.57M | Scene, RenderLayer | Updating Images
Fra:1 Mem:45.39M (0.00M, Peak 46.90M) | Time:00:00.30 | Mem:17.57M, Peak:17.57M | Scene, RenderLayer | Updating Camera Volume
Fra:1 Mem:45.39M (0.00M, Peak 46.90M) | Time:00:00.30 | Mem:17.57M, Peak:17.57M | Scene, RenderLayer | Updating Hair Systems
Fra:1 Mem:45.39M (0.00M, Peak 46.90M) | Time:00:00.30 | Mem:17.57M, Peak:17.57M | Scene, RenderLayer | Updating Hair settings | Copying Hair settings to device
Fra:1 Mem:45.39M (0.00M, Peak 46.90M) | Time:00:00.30 | Mem:17.57M, Peak:17.57M | Scene, RenderLayer | Updating Lookup Tables
Fra:1 Mem:45.39M (0.00M, Peak 46.90M) | Time:00:00.30 | Mem:17.82M, Peak:17.82M | Scene, RenderLayer | Updating Lights
Fra:1 Mem:45.39M (0.00M, Peak 46.90M) | Time:00:00.30 | Mem:17.82M, Peak:17.82M | Scene, RenderLayer | Updating Lights | Computing distribution
Fra:1 Mem:45.39M (0.00M, Peak 46.90M) | Time:00:00.30 | Mem:17.82M, Peak:17.82M | Scene, RenderLayer | Updating Particle Systems
Fra:1 Mem:45.39M (0.00M, Peak 46.90M) | Time:00:00.30 | Mem:17.82M, Peak:17.82M | Scene, RenderLayer | Updating Particle Systems | Copying Particles to device
Fra:1 Mem:45.39M (0.00M, Peak 46.90M) | Time:00:00.30 | Mem:17.82M, Peak:17.82M | Scene, RenderLayer | Updating Integrator
Fra:1 Mem:45.43M (0.00M, Peak 46.90M) | Time:00:00.30 | Mem:17.86M, Peak:17.86M | Scene, RenderLayer | Updating Film
Fra:1 Mem:45.44M (0.00M, Peak 46.90M) | Time:00:00.30 | Mem:17.86M, Peak:17.86M | Scene, RenderLayer | Updating Lookup Tables
Fra:1 Mem:45.44M (0.00M, Peak 46.90M) | Time:00:00.30 | Mem:17.86M, Peak:17.86M | Scene, RenderLayer | Updating Baking
Fra:1 Mem:45.44M (0.00M, Peak 46.90M) | Time:00:00.30 | Mem:17.86M, Peak:17.86M | Scene, RenderLayer | Updating Device | Writing constant memory
Fra:1 Mem:45.44M (0.00M, Peak 46.90M) | Time:00:00.30 | Mem:17.86M, Peak:17.86M | Scene, RenderLayer | Path Tracing Tile 0/4, Sample 0/512
Fra:1 Mem:47.69M (0.00M, Peak 48.94M) | Time:00:00.30 | Mem:20.11M, Peak:20.11M | Scene, RenderLayer | Path Tracing Tile 1/4, Sample 0/512
Fra:1 Mem:47.69M (0.00M, Peak 49.94M) | Time:00:01.31 | Remaining:00:12.30 | Mem:20.11M, Peak:20.11M | Scene, RenderLayer | Path Tracing Tile 1/4, Sample 91/512
Fra:1 Mem:47.69M (0.00M, Peak 49.94M) | Time:00:02.32 | Remaining:00:11.28 | Mem:20.11M, Peak:20.11M | Scene, RenderLayer | Path Tracing Tile 1/4, Sample 182/512
Fra:1 Mem:47.69M (0.00M, Peak 49.94M) | Time:00:03.32 | Remaining:00:10.26 | Mem:20.11M, Peak:20.11M | Scene, RenderLayer | Path Tracing Tile 1/4, Sample 273/512
Fra:1 Mem:47.69M (0.00M, Peak 49.94M) | Time:00:04.33 | Remaining:00:09.25 | Mem:20.11M, Peak:20.11M | Scene, RenderLayer | Path Tracing Tile 1/4, Sample 364/512
Fra:1 Mem:47.69M (0.00M, Peak 49.94M) | Time:00:05.33 | Remaining:00:08.27 | Mem:20.11M, Peak:20.11M | Scene, RenderLayer | Path Tracing Tile 1/4, Sample 454/512
Fra:1 Mem:45.44M (0.00M, Peak 49.94M) | Time:00:05.98 | Remaining:00:07.63 | Mem:17.86M, Peak:20.11M | Scene, RenderLayer | Path Tracing Tile 1/4, Sample 512/512
Fra:1 Mem:47.41M (0.00M, Peak 49.94M) | Time:00:05.98 | Remaining:00:07.63 | Mem:19.83M, Peak:20.11M | Scene, RenderLayer | Path Tracing Tile 2/4, Sample 512/512
Fra:1 Mem:47.41M (0.00M, Peak 49.94M) | Time:00:06.33 | Remaining:00:07.22 | Mem:19.83M, Peak:20.11M | Scene, RenderLayer | Path Tracing Tile 2/4, Sample 39/512
Fra:1 Mem:47.41M (0.00M, Peak 49.94M) | Time:00:07.33 | Remaining:00:06.08 | Mem:19.83M, Peak:20.11M | Scene, RenderLayer | Path Tracing Tile 2/4, Sample 150/512
Fra:1 Mem:47.41M (0.00M, Peak 49.94M) | Time:00:08.34 | Remaining:00:04.99 | Mem:19.83M, Peak:20.11M | Scene, RenderLayer | Path Tracing Tile 2/4, Sample 261/512
Fra:1 Mem:47.41M (0.00M, Peak 49.94M) | Time:00:09.34 | Remaining:00:03.91 | Mem:19.83M, Peak:20.11M | Scene, RenderLayer | Path Tracing Tile 2/4, Sample 372/512
Fra:1 Mem:47.41M (0.00M, Peak 49.94M) | Time:00:10.34 | Remaining:00:02.86 | Mem:19.83M, Peak:20.11M | Scene, RenderLayer | Path Tracing Tile 2/4, Sample 482/512
Fra:1 Mem:45.44M (0.00M, Peak 49.94M) | Time:00:10.62 | Remaining:00:02.58 | Mem:17.86M, Peak:20.11M | Scene, RenderLayer | Path Tracing Tile 2/4, Sample 512/512
Fra:1 Mem:46.00M (0.00M, Peak 49.94M) | Time:00:10.62 | Remaining:00:02.58 | Mem:18.42M, Peak:20.11M | Scene, RenderLayer | Path Tracing Tile 3/4, Sample 512/512
Fra:1 Mem:46.00M (0.00M, Peak 49.94M) | Time:00:11.35 | Remaining:00:02.17 | Mem:18.42M, Peak:20.11M | Scene, RenderLayer | Path Tracing Tile 3/4, Sample 170/512
Fra:1 Mem:46.00M (0.00M, Peak 49.94M) | Time:00:12.34 | Remaining:00:01.58 | Mem:18.42M, Peak:20.11M | Scene, RenderLayer | Path Tracing Tile 3/4, Sample 402/512
Fra:1 Mem:45.44M (0.00M, Peak 49.94M) | Time:00:12.82 | Remaining:00:01.28 | Mem:17.86M, Peak:20.11M | Scene, RenderLayer | Path Tracing Tile 3/4, Sample 512/512
Fra:1 Mem:45.93M (0.00M, Peak 49.94M) | Time:00:12.82 | Remaining:00:01.28 | Mem:18.35M, Peak:20.11M | Scene, RenderLayer | Path Tracing Tile 4/4, Sample 512/512
Fra:1 Mem:45.93M (0.00M, Peak 49.94M) | Time:00:13.35 | Remaining:00:00.97 | Mem:18.35M, Peak:20.11M | Scene, RenderLayer | Path Tracing Tile 4/4, Sample 131/512
Fra:1 Mem:45.93M (0.00M, Peak 49.94M) | Time:00:14.35 | Remaining:00:00.34 | Mem:18.35M, Peak:20.11M | Scene, RenderLayer | Path Tracing Tile 4/4, Sample 381/512
Fra:1 Mem:45.44M (0.00M, Peak 49.94M) | Time:00:14.88 | Mem:17.86M, Peak:20.11M | Scene, RenderLayer | Path Tracing Tile 4/4, Sample 512/512
Fra:1 Mem:45.44M (0.00M, Peak 49.94M) | Time:00:14.88 | Mem:17.86M, Peak:20.11M | Scene, RenderLayer | Finished
Fra:1 Mem:18.34M (0.00M, Peak 49.94M) | Time:00:14.96 | Sce: Scene Ve:0 Fa:0 La:0
Saved: 'data/clevr-cleaned-variants/aphaeresis/fovariant-0/render/images/CLEVR_val_000000.png'
 Time: 00:15.00 (Saving: 00:00.03)

read blend: /home/ubuntu/vdp/data/clevr_scene_data/base_scene.blend
convertViewVec: called in an invalid context
convertViewVec: called in an invalid context
convertViewVec: called in an invalid context
Fra:1 Mem:13.84M (0.00M, Peak 13.84M) | Time:00:00.00 | Preparing Scene data
Fra:1 Mem:18.44M (0.00M, Peak 19.42M) | Time:00:00.00 | Preparing Scene data
Fra:1 Mem:18.44M (0.00M, Peak 19.42M) | Time:00:00.00 | Creating Shadowbuffers
Fra:1 Mem:18.44M (0.00M, Peak 19.42M) | Time:00:00.00 | Raytree.. preparing
Fra:1 Mem:23.35M (0.00M, Peak 23.35M) | Time:00:00.01 | Raytree.. building
Fra:1 Mem:23.09M (0.00M, Peak 30.76M) | Time:00:00.09 | Raytree finished
Fra:1 Mem:23.09M (0.00M, Peak 30.76M) | Time:00:00.09 | Creating Environment maps
Fra:1 Mem:23.09M (0.00M, Peak 30.76M) | Time:00:00.09 | Caching Point Densities
Fra:1 Mem:23.09M (0.00M, Peak 30.76M) | Time:00:00.09 | Sce: Scene Ve:34476 Fa:35708 La:1
Fra:1 Mem:23.09M (0.00M, Peak 30.76M) | Time:00:00.09 | Loading voxel datasets
Fra:1 Mem:23.09M (0.00M, Peak 30.76M) | Time:00:00.09 | Sce: Scene Ve:34476 Fa:35708 La:1
Fra:1 Mem:23.09M (0.00M, Peak 30.76M) | Time:00:00.09 | Sce: Scene Ve:34476 Fa:35708 La:1
Fra:1 Mem:23.09M (0.00M, Peak 30.76M) | Time:00:00.09 | Volume preprocessing
Fra:1 Mem:23.09M (0.00M, Peak 30.76M) | Time:00:00.09 | Sce: Scene Ve:34476 Fa:35708 La:1
Fra:1 Mem:23.09M (0.00M, Peak 30.76M) | Time:00:00.09 | Sce: Scene Ve:34476 Fa:35708 La:1
Fra:1 Mem:27.16M (0.00M, Peak 30.76M) | Time:00:00.09 | Scene, Part 3-4
Fra:1 Mem:27.12M (0.00M, Peak 30.76M) | Time:00:00.09 | Scene, Part 4-4
Fra:1 Mem:26.10M (0.00M, Peak 30.76M) | Time:00:00.10 | Scene, Part 1-4
Fra:1 Mem:24.19M (0.00M, Peak 30.76M) | Time:00:00.11 | Scene, Part 2-4
Fra:1 Mem:13.73M (0.00M, Peak 30.76M) | Time:00:00.11 | Sce: Scene Ve:34476 Fa:35708 La:1
Saved: '/tmp/tmpogggvp62.png'
 Time: 00:00.12 (Saving: 00:00.01)

Fra:1 Mem:13.76M (0.00M, Peak 14.35M) | Time:00:00.04 | Mem:0.00M, Peak:0.00M | Scene, RenderLayer | Synchronizing object | Area
Fra:1 Mem:13.76M (0.00M, Peak 14.35M) | Time:00:00.04 | Mem:0.00M, Peak:0.00M | Scene, RenderLayer | Synchronizing object | Ground
Fra:1 Mem:13.83M (0.00M, Peak 14.35M) | Time:00:00.04 | Mem:0.00M, Peak:0.00M | Scene, RenderLayer | Synchronizing object | Empty
Fra:1 Mem:13.83M (0.00M, Peak 14.35M) | Time:00:00.04 | Mem:0.00M, Peak:0.00M | Scene, RenderLayer | Synchronizing object | Lamp_Back
Fra:1 Mem:13.83M (0.00M, Peak 14.35M) | Time:00:00.04 | Mem:0.00M, Peak:0.00M | Scene, RenderLayer | Synchronizing object | Lamp_Fill
Fra:1 Mem:13.83M (0.00M, Peak 14.35M) | Time:00:00.04 | Mem:0.00M, Peak:0.00M | Scene, RenderLayer | Synchronizing object | Lamp_Key
Fra:1 Mem:13.83M (0.00M, Peak 14.35M) | Time:00:00.04 | Mem:0.00M, Peak:0.00M | Scene, RenderLayer | Synchronizing object | Camera
Fra:1 Mem:13.83M (0.00M, Peak 14.35M) | Time:00:00.04 | Mem:0.00M, Peak:0.00M | Scene, RenderLayer | Synchronizing object | SmoothCube_v2_0
Fra:1 Mem:14.19M (0.00M, Peak 14.54M) | Time:00:00.05 | Mem:0.00M, Peak:0.00M | Scene, RenderLayer | Synchronizing object | Sphere_0
Fra:1 Mem:15.69M (0.00M, Peak 17.12M) | Time:00:00.05 | Mem:0.00M, Peak:0.00M | Scene, RenderLayer | Synchronizing object | Sphere_1
Fra:1 Mem:17.18M (0.00M, Peak 18.62M) | Time:00:00.06 | Mem:0.00M, Peak:0.00M | Scene, RenderLayer | Initializing
Fra:1 Mem:17.18M (0.00M, Peak 18.62M) | Time:00:00.06 | Mem:0.00M, Peak:0.00M | Scene, RenderLayer | Loading render kernels (may take a few minutes the first time)
Fra:1 Mem:17.18M (0.00M, Peak 19.88M) | Time:00:00.07 | Mem:0.00M, Peak:0.00M | Scene, RenderLayer | Waiting for render to start
Fra:1 Mem:17.18M (0.00M, Peak 19.88M) | Time:00:00.07 | Mem:0.00M, Peak:0.00M | Scene, RenderLayer | Updating Scene
Fra:1 Mem:17.18M (0.00M, Peak 19.88M) | Time:00:00.07 | Mem:0.00M, Peak:0.00M | Scene, RenderLayer | Updating Shaders
Fra:1 Mem:17.43M (0.00M, Peak 19.88M) | Time:00:00.07 | Mem:0.00M, Peak:0.00M | Scene, RenderLayer | Updating Background
Fra:1 Mem:17.43M (0.00M, Peak 19.88M) | Time:00:00.07 | Mem:0.00M, Peak:0.00M | Scene, RenderLayer | Updating Camera
Fra:1 Mem:17.43M (0.00M, Peak 19.88M) | Time:00:00.07 | Mem:0.00M, Peak:0.00M | Scene, RenderLayer | Updating Meshes Flags
Fra:1 Mem:17.43M (0.00M, Peak 19.88M) | Time:00:00.07 | Mem:0.00M, Peak:0.00M | Scene, RenderLayer | Updating Objects
Fra:1 Mem:17.43M (0.00M, Peak 19.88M) | Time:00:00.07 | Mem:0.00M, Peak:0.00M | Scene, RenderLayer | Updating Objects | Copying Transformations to device
Fra:1 Mem:17.43M (0.00M, Peak 19.88M) | Time:00:00.07 | Mem:0.00M, Peak:0.00M | Scene, RenderLayer | Updating Objects | Applying Static Transformations
Fra:1 Mem:17.43M (0.00M, Peak 19.88M) | Time:00:00.07 | Mem:0.00M, Peak:0.00M | Scene, RenderLayer | Updating Meshes
Fra:1 Mem:18.51M (0.00M, Peak 19.88M) | Time:00:00.07 | Mem:0.00M, Peak:0.00M | Scene, RenderLayer | Updating Mesh | Computing attributes
Fra:1 Mem:19.04M (0.00M, Peak 19.88M) | Time:00:00.07 | Mem:0.00M, Peak:0.00M | Scene, RenderLayer | Updating Mesh | Copying Attributes to device
Fra:1 Mem:19.04M (0.00M, Peak 19.88M) | Time:00:00.08 | Mem:0.53M, Peak:0.53M | Scene, RenderLayer | Updating Scene BVH | Building
Fra:1 Mem:19.04M (0.00M, Peak 19.88M) | Time:00:00.08 | Mem:0.53M, Peak:0.53M | Scene, RenderLayer | Updating Scene BVH | Building BVH
Fra:1 Mem:23.07M (0.00M, Peak 23.07M) | Time:00:00.12 | Mem:0.53M, Peak:0.53M | Scene, RenderLayer | Updating Scene BVH | Packing BVH triangles and strands
Fra:1 Mem:26.83M (0.00M, Peak 26.83M) | Time:00:00.12 | Mem:0.53M, Peak:0.53M | Scene, RenderLayer | Updating Scene BVH | Packing BVH nodes
Fra:1 Mem:24.66M (0.00M, Peak 27.88M) | Time:00:00.13 | Mem:0.53M, Peak:0.53M | Scene, RenderLayer | Updating Scene BVH | Copying BVH to device
Fra:1 Mem:24.93M (0.00M, Peak 27.88M) | Time:00:00.13 | Mem:6.15M, Peak:6.15M | Scene, RenderLayer | Updating Mesh | Computing normals
Fra:1 Mem:27.35M (0.00M, Peak 27.88M) | Time:00:00.13 | Mem:6.15M, Peak:6.15M | Scene, RenderLayer | Updating Mesh | Copying Mesh to device
Fra:1 Mem:27.08M (0.00M, Peak 27.88M) | Time:00:00.13 | Mem:8.57M, Peak:8.57M | Scene, RenderLayer | Updating Objects Flags
Fra:1 Mem:27.08M (0.00M, Peak 27.88M) | Time:00:00.13 | Mem:8.57M, Peak:8.57M | Scene, RenderLayer | Updating Images
Fra:1 Mem:27.08M (0.00M, Peak 27.88M) | Time:00:00.13 | Mem:8.57M, Peak:8.57M | Scene, RenderLayer | Updating Camera Volume
Fra:1 Mem:27.08M (0.00M, Peak 27.88M) | Time:00:00.13 | Mem:8.57M, Peak:8.57M | Scene, RenderLayer | Updating Hair Systems
Fra:1 Mem:27.08M (0.00M, Peak 27.88M) | Time:00:00.13 | Mem:8.57M, Peak:8.57M | Scene, RenderLayer | Updating Hair settings | Copying Hair settings to device
Fra:1 Mem:27.08M (0.00M, Peak 27.88M) | Time:00:00.13 | Mem:8.57M, Peak:8.57M | Scene, RenderLayer | Updating Lookup Tables
Fra:1 Mem:27.08M (0.00M, Peak 27.88M) | Time:00:00.13 | Mem:8.82M, Peak:8.82M | Scene, RenderLayer | Updating Lights
Fra:1 Mem:27.08M (0.00M, Peak 27.88M) | Time:00:00.13 | Mem:8.82M, Peak:8.82M | Scene, RenderLayer | Updating Lights | Computing distribution
Fra:1 Mem:27.08M (0.00M, Peak 27.88M) | Time:00:00.13 | Mem:8.82M, Peak:8.82M | Scene, RenderLayer | Updating Particle Systems
Fra:1 Mem:27.08M (0.00M, Peak 27.88M) | Time:00:00.13 | Mem:8.82M, Peak:8.82M | Scene, RenderLayer | Updating Particle Systems | Copying Particles to device
Fra:1 Mem:27.08M (0.00M, Peak 27.88M) | Time:00:00.13 | Mem:8.82M, Peak:8.82M | Scene, RenderLayer | Updating Integrator
Fra:1 Mem:27.12M (0.00M, Peak 27.88M) | Time:00:00.13 | Mem:8.87M, Peak:8.87M | Scene, RenderLayer | Updating Film
Fra:1 Mem:27.12M (0.00M, Peak 27.88M) | Time:00:00.13 | Mem:8.87M, Peak:8.87M | Scene, RenderLayer | Updating Lookup Tables
Fra:1 Mem:27.12M (0.00M, Peak 27.88M) | Time:00:00.13 | Mem:8.87M, Peak:8.87M | Scene, RenderLayer | Updating Baking
Fra:1 Mem:27.12M (0.00M, Peak 27.88M) | Time:00:00.13 | Mem:8.87M, Peak:8.87M | Scene, RenderLayer | Updating Device | Writing constant memory
Fra:1 Mem:27.12M (0.00M, Peak 27.88M) | Time:00:00.13 | Mem:8.87M, Peak:8.87M | Scene, RenderLayer | Path Tracing Tile 0/4, Sample 0/512
Fra:1 Mem:29.38M (0.00M, Peak 30.63M) | Time:00:00.14 | Mem:11.12M, Peak:11.12M | Scene, RenderLayer | Path Tracing Tile 1/4, Sample 0/512
Fra:1 Mem:29.37M (0.00M, Peak 31.63M) | Time:00:01.14 | Remaining:00:11.84 | Mem:11.12M, Peak:11.12M | Scene, RenderLayer | Path Tracing Tile 1/4, Sample 94/512
Fra:1 Mem:29.37M (0.00M, Peak 31.63M) | Time:00:02.14 | Remaining:00:10.81 | Mem:11.12M, Peak:11.12M | Scene, RenderLayer | Path Tracing Tile 1/4, Sample 188/512
Fra:1 Mem:29.37M (0.00M, Peak 31.63M) | Time:00:03.15 | Remaining:00:09.80 | Mem:11.12M, Peak:11.12M | Scene, RenderLayer | Path Tracing Tile 1/4, Sample 282/512
Fra:1 Mem:29.37M (0.00M, Peak 31.63M) | Time:00:04.15 | Remaining:00:08.80 | Mem:11.12M, Peak:11.12M | Scene, RenderLayer | Path Tracing Tile 1/4, Sample 376/512
Fra:1 Mem:29.37M (0.00M, Peak 31.63M) | Time:00:05.16 | Remaining:00:07.80 | Mem:11.12M, Peak:11.12M | Scene, RenderLayer | Path Tracing Tile 1/4, Sample 470/512
Fra:1 Mem:27.12M (0.00M, Peak 31.63M) | Time:00:05.62 | Remaining:00:07.36 | Mem:8.87M, Peak:11.12M | Scene, RenderLayer | Path Tracing Tile 1/4, Sample 512/512
Fra:1 Mem:29.09M (0.00M, Peak 31.63M) | Time:00:05.62 | Remaining:00:07.36 | Mem:10.84M, Peak:11.12M | Scene, RenderLayer | Path Tracing Tile 2/4, Sample 512/512
Fra:1 Mem:29.09M (0.00M, Peak 31.63M) | Time:00:06.17 | Remaining:00:06.91 | Mem:10.84M, Peak:11.12M | Scene, RenderLayer | Path Tracing Tile 2/4, Sample 54/512
Fra:1 Mem:29.09M (0.00M, Peak 31.63M) | Time:00:07.17 | Remaining:00:06.05 | Mem:10.84M, Peak:11.12M | Scene, RenderLayer | Path Tracing Tile 2/4, Sample 152/512
Fra:1 Mem:29.09M (0.00M, Peak 31.63M) | Time:00:08.18 | Remaining:00:05.15 | Mem:10.84M, Peak:11.12M | Scene, RenderLayer | Path Tracing Tile 2/4, Sample 251/512
Fra:1 Mem:29.09M (0.00M, Peak 31.63M) | Time:00:09.19 | Remaining:00:04.23 | Mem:10.84M, Peak:11.12M | Scene, RenderLayer | Path Tracing Tile 2/4, Sample 349/512
Fra:1 Mem:29.09M (0.00M, Peak 31.63M) | Time:00:10.19 | Remaining:00:03.30 | Mem:10.84M, Peak:11.12M | Scene, RenderLayer | Path Tracing Tile 2/4, Sample 447/512
Fra:1 Mem:27.12M (0.00M, Peak 31.63M) | Time:00:10.87 | Remaining:00:02.68 | Mem:8.87M, Peak:11.12M | Scene, RenderLayer | Path Tracing Tile 2/4, Sample 512/512
Fra:1 Mem:27.69M (0.00M, Peak 31.63M) | Time:00:10.87 | Remaining:00:02.68 | Mem:9.43M, Peak:11.12M | Scene, RenderLayer | Path Tracing Tile 3/4, Sample 512/512
Fra:1 Mem:27.69M (0.00M, Peak 31.63M) | Time:00:11.20 | Remaining:00:02.49 | Mem:9.43M, Peak:11.12M | Scene, RenderLayer | Path Tracing Tile 3/4, Sample 77/512
Fra:1 Mem:27.69M (0.00M, Peak 31.63M) | Time:00:12.20 | Remaining:00:01.88 | Mem:9.43M, Peak:11.12M | Scene, RenderLayer | Path Tracing Tile 3/4, Sample 312/512
Fra:1 Mem:27.12M (0.00M, Peak 31.63M) | Time:00:13.07 | Remaining:00:01.33 | Mem:8.87M, Peak:11.12M | Scene, RenderLayer | Path Tracing Tile 3/4, Sample 512/512
Fra:1 Mem:27.62M (0.00M, Peak 31.63M) | Time:00:13.07 | Remaining:00:01.33 | Mem:9.36M, Peak:11.12M | Scene, RenderLayer | Path Tracing Tile 4/4, Sample 512/512
Fra:1 Mem:27.62M (0.00M, Peak 31.63M) | Time:00:13.20 | Remaining:00:01.24 | Mem:9.36M, Peak:11.12M | Scene, RenderLayer | Path Tracing Tile 4/4, Sample 34/512
Fra:1 Mem:27.62M (0.00M, Peak 31.63M) | Time:00:14.20 | Remaining:00:00.60 | Mem:9.36M, Peak:11.12M | Scene, RenderLayer | Path Tracing Tile 4/4, Sample 286/512
Fra:1 Mem:27.12M (0.00M, Peak 31.63M) | Time:00:15.11 | Mem:8.87M, Peak:11.12M | Scene, RenderLayer | Path Tracing Tile 4/4, Sample 512/512
Fra:1 Mem:27.12M (0.00M, Peak 31.63M) | Time:00:15.11 | Mem:8.87M, Peak:11.12M | Scene, RenderLayer | Finished
Fra:1 Mem:13.75M (0.00M, Peak 31.63M) | Time:00:15.18 | Sce: Scene Ve:0 Fa:0 La:0
Saved: 'data/clevr-cleaned-variants/aphaeresis/fovariant-0/render/images/CLEVR_val_000001.png'
 Time: 00:15.22 (Saving: 00:00.03)

read blend: /home/ubuntu/vdp/data/clevr_scene_data/base_scene.blend
convertViewVec: called in an invalid context
convertViewVec: called in an invalid context
convertViewVec: called in an invalid context
convertViewVec: called in an invalid context
Fra:1 Mem:22.74M (0.00M, Peak 22.74M) | Time:00:00.00 | Preparing Scene data
Fra:1 Mem:35.68M (0.00M, Peak 37.83M) | Time:00:00.03 | Preparing Scene data
Fra:1 Mem:35.68M (0.00M, Peak 37.83M) | Time:00:00.03 | Creating Shadowbuffers
Fra:1 Mem:35.68M (0.00M, Peak 37.83M) | Time:00:00.03 | Raytree.. preparing
Fra:1 Mem:49.97M (0.00M, Peak 49.97M) | Time:00:00.04 | Raytree.. building
Fra:1 Mem:49.22M (0.00M, Peak 71.53M) | Time:00:00.27 | Raytree finished
Fra:1 Mem:49.22M (0.00M, Peak 71.53M) | Time:00:00.27 | Creating Environment maps
Fra:1 Mem:49.22M (0.00M, Peak 71.53M) | Time:00:00.27 | Caching Point Densities
Fra:1 Mem:49.22M (0.00M, Peak 71.53M) | Time:00:00.27 | Sce: Scene Ve:109742 Fa:104071 La:1
Fra:1 Mem:49.22M (0.00M, Peak 71.53M) | Time:00:00.27 | Loading voxel datasets
Fra:1 Mem:49.22M (0.00M, Peak 71.53M) | Time:00:00.27 | Sce: Scene Ve:109742 Fa:104071 La:1
Fra:1 Mem:49.22M (0.00M, Peak 71.53M) | Time:00:00.27 | Sce: Scene Ve:109742 Fa:104071 La:1
Fra:1 Mem:49.22M (0.00M, Peak 71.53M) | Time:00:00.27 | Volume preprocessing
Fra:1 Mem:49.22M (0.00M, Peak 71.53M) | Time:00:00.27 | Sce: Scene Ve:109742 Fa:104071 La:1
Fra:1 Mem:49.22M (0.00M, Peak 71.53M) | Time:00:00.27 | Sce: Scene Ve:109742 Fa:104071 La:1
Fra:1 Mem:53.29M (0.00M, Peak 71.53M) | Time:00:00.28 | Scene, Part 3-4
Fra:1 Mem:53.25M (0.00M, Peak 71.53M) | Time:00:00.28 | Scene, Part 4-4
Fra:1 Mem:52.32M (0.00M, Peak 71.53M) | Time:00:00.29 | Scene, Part 2-4
Fra:1 Mem:50.47M (0.00M, Peak 71.53M) | Time:00:00.29 | Scene, Part 1-4
Fra:1 Mem:22.59M (0.00M, Peak 71.53M) | Time:00:00.29 | Sce: Scene Ve:109742 Fa:104071 La:1
Saved: '/tmp/tmpch2vysao.png'
 Time: 00:00.31 (Saving: 00:00.01)

Fra:1 Mem:22.62M (0.00M, Peak 23.22M) | Time:00:00.04 | Mem:0.00M, Peak:0.00M | Scene, RenderLayer | Synchronizing object | Area
Fra:1 Mem:22.62M (0.00M, Peak 23.22M) | Time:00:00.04 | Mem:0.00M, Peak:0.00M | Scene, RenderLayer | Synchronizing object | Ground
Fra:1 Mem:22.69M (0.00M, Peak 23.22M) | Time:00:00.05 | Mem:0.00M, Peak:0.00M | Scene, RenderLayer | Synchronizing object | Empty
Fra:1 Mem:22.69M (0.00M, Peak 23.22M) | Time:00:00.05 | Mem:0.00M, Peak:0.00M | Scene, RenderLayer | Synchronizing object | Lamp_Back
Fra:1 Mem:22.69M (0.00M, Peak 23.22M) | Time:00:00.05 | Mem:0.00M, Peak:0.00M | Scene, RenderLayer | Synchronizing object | Lamp_Fill
Fra:1 Mem:22.69M (0.00M, Peak 23.22M) | Time:00:00.05 | Mem:0.00M, Peak:0.00M | Scene, RenderLayer | Synchronizing object | Lamp_Key
Fra:1 Mem:22.69M (0.00M, Peak 23.22M) | Time:00:00.05 | Mem:0.00M, Peak:0.00M | Scene, RenderLayer | Synchronizing object | Camera
Fra:1 Mem:22.69M (0.00M, Peak 23.22M) | Time:00:00.05 | Mem:0.00M, Peak:0.00M | Scene, RenderLayer | Synchronizing object | SmoothCylinder_0
Fra:1 Mem:26.01M (0.00M, Peak 29.10M) | Time:00:00.06 | Mem:0.00M, Peak:0.00M | Scene, RenderLayer | Synchronizing object | SmoothCube_v2_0
Fra:1 Mem:26.38M (0.00M, Peak 29.10M) | Time:00:00.06 | Mem:0.00M, Peak:0.00M | Scene, RenderLayer | Synchronizing object | SmoothCylinder_1
Fra:1 Mem:29.70M (0.00M, Peak 32.78M) | Time:00:00.07 | Mem:0.00M, Peak:0.00M | Scene, RenderLayer | Synchronizing object | SmoothCylinder_2
Fra:1 Mem:33.02M (0.00M, Peak 36.10M) | Time:00:00.08 | Mem:0.00M, Peak:0.00M | Scene, RenderLayer | Initializing
Fra:1 Mem:33.02M (0.00M, Peak 36.10M) | Time:00:00.08 | Mem:0.00M, Peak:0.00M | Scene, RenderLayer | Loading render kernels (may take a few minutes the first time)
Fra:1 Mem:33.02M (0.00M, Peak 36.10M) | Time:00:00.10 | Mem:0.00M, Peak:0.00M | Scene, RenderLayer | Waiting for render to start
Fra:1 Mem:33.02M (0.00M, Peak 36.10M) | Time:00:00.10 | Mem:0.00M, Peak:0.00M | Scene, RenderLayer | Updating Scene
Fra:1 Mem:33.02M (0.00M, Peak 36.10M) | Time:00:00.10 | Mem:0.00M, Peak:0.00M | Scene, RenderLayer | Updating Shaders
Fra:1 Mem:33.27M (0.00M, Peak 36.10M) | Time:00:00.10 | Mem:0.00M, Peak:0.00M | Scene, RenderLayer | Updating Background
Fra:1 Mem:33.27M (0.00M, Peak 36.10M) | Time:00:00.10 | Mem:0.00M, Peak:0.00M | Scene, RenderLayer | Updating Camera
Fra:1 Mem:33.27M (0.00M, Peak 36.10M) | Time:00:00.10 | Mem:0.00M, Peak:0.00M | Scene, RenderLayer | Updating Meshes Flags
Fra:1 Mem:33.27M (0.00M, Peak 36.10M) | Time:00:00.10 | Mem:0.00M, Peak:0.00M | Scene, RenderLayer | Updating Objects
Fra:1 Mem:33.27M (0.00M, Peak 36.10M) | Time:00:00.10 | Mem:0.00M, Peak:0.00M | Scene, RenderLayer | Updating Objects | Copying Transformations to device
Fra:1 Mem:33.27M (0.00M, Peak 36.10M) | Time:00:00.10 | Mem:0.00M, Peak:0.00M | Scene, RenderLayer | Updating Objects | Applying Static Transformations
Fra:1 Mem:33.27M (0.00M, Peak 36.10M) | Time:00:00.10 | Mem:0.00M, Peak:0.00M | Scene, RenderLayer | Updating Meshes
Fra:1 Mem:36.43M (0.00M, Peak 36.43M) | Time:00:00.11 | Mem:0.00M, Peak:0.00M | Scene, RenderLayer | Updating Mesh | Computing attributes
Fra:1 Mem:38.11M (0.00M, Peak 38.11M) | Time:00:00.11 | Mem:0.00M, Peak:0.00M | Scene, RenderLayer | Updating Mesh | Copying Attributes to device
Fra:1 Mem:38.11M (0.00M, Peak 39.78M) | Time:00:00.11 | Mem:1.68M, Peak:1.68M | Scene, RenderLayer | Updating Scene BVH | Building
Fra:1 Mem:38.11M (0.00M, Peak 39.78M) | Time:00:00.11 | Mem:1.68M, Peak:1.68M | Scene, RenderLayer | Updating Scene BVH | Building BVH
Fra:1 Mem:49.96M (0.00M, Peak 49.96M) | Time:00:00.26 | Mem:1.68M, Peak:1.68M | Scene, RenderLayer | Updating Scene BVH | Packing BVH triangles and strands
Fra:1 Mem:61.03M (0.00M, Peak 61.03M) | Time:00:00.27 | Mem:1.68M, Peak:1.68M | Scene, RenderLayer | Updating Scene BVH | Packing BVH nodes
Fra:1 Mem:54.96M (0.00M, Peak 64.44M) | Time:00:00.29 | Mem:1.68M, Peak:1.68M | Scene, RenderLayer | Updating Scene BVH | Copying BVH to device
Fra:1 Mem:55.75M (0.00M, Peak 64.44M) | Time:00:00.29 | Mem:18.53M, Peak:18.53M | Scene, RenderLayer | Updating Mesh | Computing normals
Fra:1 Mem:63.02M (0.00M, Peak 64.44M) | Time:00:00.30 | Mem:18.53M, Peak:18.53M | Scene, RenderLayer | Updating Mesh | Copying Mesh to device
Fra:1 Mem:62.23M (0.00M, Peak 64.44M) | Time:00:00.30 | Mem:25.80M, Peak:25.80M | Scene, RenderLayer | Updating Objects Flags
Fra:1 Mem:62.23M (0.00M, Peak 64.44M) | Time:00:00.30 | Mem:25.80M, Peak:25.80M | Scene, RenderLayer | Updating Images
Fra:1 Mem:62.23M (0.00M, Peak 64.44M) | Time:00:00.30 | Mem:25.80M, Peak:25.80M | Scene, RenderLayer | Updating Camera Volume
Fra:1 Mem:62.23M (0.00M, Peak 64.44M) | Time:00:00.30 | Mem:25.80M, Peak:25.80M | Scene, RenderLayer | Updating Hair Systems
Fra:1 Mem:62.23M (0.00M, Peak 64.44M) | Time:00:00.30 | Mem:25.80M, Peak:25.80M | Scene, RenderLayer | Updating Hair settings | Copying Hair settings to device
Fra:1 Mem:62.23M (0.00M, Peak 64.44M) | Time:00:00.30 | Mem:25.80M, Peak:25.80M | Scene, RenderLayer | Updating Lookup Tables
Fra:1 Mem:62.23M (0.00M, Peak 64.44M) | Time:00:00.30 | Mem:26.05M, Peak:26.05M | Scene, RenderLayer | Updating Lights
Fra:1 Mem:62.23M (0.00M, Peak 64.44M) | Time:00:00.30 | Mem:26.05M, Peak:26.05M | Scene, RenderLayer | Updating Lights | Computing distribution
Fra:1 Mem:62.23M (0.00M, Peak 64.44M) | Time:00:00.30 | Mem:26.05M, Peak:26.05M | Scene, RenderLayer | Updating Particle Systems
Fra:1 Mem:62.23M (0.00M, Peak 64.44M) | Time:00:00.30 | Mem:26.05M, Peak:26.05M | Scene, RenderLayer | Updating Particle Systems | Copying Particles to device
Fra:1 Mem:62.23M (0.00M, Peak 64.44M) | Time:00:00.30 | Mem:26.05M, Peak:26.05M | Scene, RenderLayer | Updating Integrator
Fra:1 Mem:62.27M (0.00M, Peak 64.44M) | Time:00:00.30 | Mem:26.09M, Peak:26.09M | Scene, RenderLayer | Updating Film
Fra:1 Mem:62.28M (0.00M, Peak 64.44M) | Time:00:00.30 | Mem:26.09M, Peak:26.09M | Scene, RenderLayer | Updating Lookup Tables
Fra:1 Mem:62.28M (0.00M, Peak 64.44M) | Time:00:00.30 | Mem:26.10M, Peak:26.10M | Scene, RenderLayer | Updating Baking
Fra:1 Mem:62.28M (0.00M, Peak 64.44M) | Time:00:00.30 | Mem:26.10M, Peak:26.10M | Scene, RenderLayer | Updating Device | Writing constant memory
Fra:1 Mem:62.28M (0.00M, Peak 64.44M) | Time:00:00.30 | Mem:26.10M, Peak:26.10M | Scene, RenderLayer | Path Tracing Tile 0/4, Sample 0/512
Fra:1 Mem:64.53M (0.00M, Peak 65.78M) | Time:00:00.30 | Mem:28.35M, Peak:28.35M | Scene, RenderLayer | Path Tracing Tile 1/4, Sample 0/512
Fra:1 Mem:64.53M (0.00M, Peak 66.78M) | Time:00:01.31 | Remaining:00:10.83 | Mem:28.35M, Peak:28.35M | Scene, RenderLayer | Path Tracing Tile 1/4, Sample 102/512
Fra:1 Mem:64.53M (0.00M, Peak 66.78M) | Time:00:02.31 | Remaining:00:09.79 | Mem:28.35M, Peak:28.35M | Scene, RenderLayer | Path Tracing Tile 1/4, Sample 204/512
Fra:1 Mem:64.53M (0.00M, Peak 66.78M) | Time:00:03.31 | Remaining:00:08.78 | Mem:28.35M, Peak:28.35M | Scene, RenderLayer | Path Tracing Tile 1/4, Sample 306/512
Fra:1 Mem:64.53M (0.00M, Peak 66.78M) | Time:00:04.31 | Remaining:00:07.78 | Mem:28.35M, Peak:28.35M | Scene, RenderLayer | Path Tracing Tile 1/4, Sample 408/512
Fra:1 Mem:64.53M (0.00M, Peak 66.78M) | Time:00:05.31 | Remaining:00:06.80 | Mem:28.35M, Peak:28.35M | Scene, RenderLayer | Path Tracing Tile 1/4, Sample 509/512
Fra:1 Mem:62.28M (0.00M, Peak 66.78M) | Time:00:05.35 | Remaining:00:06.78 | Mem:26.10M, Peak:28.35M | Scene, RenderLayer | Path Tracing Tile 1/4, Sample 512/512
Fra:1 Mem:64.25M (0.00M, Peak 66.78M) | Time:00:05.35 | Remaining:00:06.78 | Mem:28.06M, Peak:28.35M | Scene, RenderLayer | Path Tracing Tile 2/4, Sample 512/512
Fra:1 Mem:64.25M (0.00M, Peak 66.78M) | Time:00:06.31 | Remaining:00:05.70 | Mem:28.06M, Peak:28.35M | Scene, RenderLayer | Path Tracing Tile 2/4, Sample 119/512
Fra:1 Mem:64.25M (0.00M, Peak 66.78M) | Time:00:07.32 | Remaining:00:04.61 | Mem:28.06M, Peak:28.35M | Scene, RenderLayer | Path Tracing Tile 2/4, Sample 242/512
Fra:1 Mem:64.25M (0.00M, Peak 66.78M) | Time:00:08.32 | Remaining:00:03.55 | Mem:28.06M, Peak:28.35M | Scene, RenderLayer | Path Tracing Tile 2/4, Sample 365/512
Fra:1 Mem:64.25M (0.00M, Peak 66.78M) | Time:00:09.33 | Remaining:00:02.52 | Mem:28.06M, Peak:28.35M | Scene, RenderLayer | Path Tracing Tile 2/4, Sample 487/512
Fra:1 Mem:62.28M (0.00M, Peak 66.78M) | Time:00:09.54 | Remaining:00:02.30 | Mem:26.10M, Peak:28.35M | Scene, RenderLayer | Path Tracing Tile 2/4, Sample 512/512
Fra:1 Mem:62.84M (0.00M, Peak 66.78M) | Time:00:09.54 | Remaining:00:02.30 | Mem:26.66M, Peak:28.35M | Scene, RenderLayer | Path Tracing Tile 3/4, Sample 512/512
Fra:1 Mem:62.84M (0.00M, Peak 66.78M) | Time:00:10.33 | Remaining:00:01.91 | Mem:26.66M, Peak:28.35M | Scene, RenderLayer | Path Tracing Tile 3/4, Sample 189/512
Fra:1 Mem:62.84M (0.00M, Peak 66.78M) | Time:00:11.33 | Remaining:00:01.37 | Mem:26.66M, Peak:28.35M | Scene, RenderLayer | Path Tracing Tile 3/4, Sample 427/512
Fra:1 Mem:62.28M (0.00M, Peak 66.78M) | Time:00:11.69 | Remaining:00:01.17 | Mem:26.10M, Peak:28.35M | Scene, RenderLayer | Path Tracing Tile 3/4, Sample 512/512
Fra:1 Mem:62.77M (0.00M, Peak 66.78M) | Time:00:11.69 | Remaining:00:01.17 | Mem:26.59M, Peak:28.35M | Scene, RenderLayer | Path Tracing Tile 4/4, Sample 512/512
Fra:1 Mem:62.77M (0.00M, Peak 66.78M) | Time:00:12.33 | Remaining:00:00.81 | Mem:26.59M, Peak:28.35M | Scene, RenderLayer | Path Tracing Tile 4/4, Sample 165/512
Fra:1 Mem:62.77M (0.00M, Peak 66.78M) | Time:00:13.33 | Remaining:00:00.21 | Mem:26.59M, Peak:28.35M | Scene, RenderLayer | Path Tracing Tile 4/4, Sample 421/512
Fra:1 Mem:62.28M (0.00M, Peak 66.78M) | Time:00:13.69 | Mem:26.10M, Peak:28.35M | Scene, RenderLayer | Path Tracing Tile 4/4, Sample 512/512
Fra:1 Mem:62.28M (0.00M, Peak 66.78M) | Time:00:13.69 | Mem:26.10M, Peak:28.35M | Scene, RenderLayer | Finished
Fra:1 Mem:22.62M (0.00M, Peak 66.78M) | Time:00:13.78 | Sce: Scene Ve:0 Fa:0 La:0
Saved: 'data/clevr-cleaned-variants/aphaeresis/fovariant-0/render/images/CLEVR_val_000002.png'
 Time: 00:13.82 (Saving: 00:00.03)

read blend: /home/ubuntu/vdp/data/clevr_scene_data/base_scene.blend
convertViewVec: called in an invalid context
convertViewVec: called in an invalid context
convertViewVec: called in an invalid context
Fra:1 Mem:18.46M (0.00M, Peak 18.46M) | Time:00:00.00 | Preparing Scene data
Fra:1 Mem:27.32M (0.00M, Peak 29.47M) | Time:00:00.02 | Preparing Scene data
Fra:1 Mem:27.32M (0.00M, Peak 29.47M) | Time:00:00.02 | Creating Shadowbuffers
Fra:1 Mem:27.32M (0.00M, Peak 29.47M) | Time:00:00.02 | Raytree.. preparing
Fra:1 Mem:37.06M (0.00M, Peak 37.06M) | Time:00:00.03 | Raytree.. building
Fra:1 Mem:36.54M (0.00M, Peak 51.75M) | Time:00:00.18 | Raytree finished
Fra:1 Mem:36.54M (0.00M, Peak 51.75M) | Time:00:00.18 | Creating Environment maps
Fra:1 Mem:36.54M (0.00M, Peak 51.75M) | Time:00:00.18 | Caching Point Densities
Fra:1 Mem:36.54M (0.00M, Peak 51.75M) | Time:00:00.18 | Sce: Scene Ve:74412 Fa:70923 La:1
Fra:1 Mem:36.54M (0.00M, Peak 51.75M) | Time:00:00.18 | Loading voxel datasets
Fra:1 Mem:36.54M (0.00M, Peak 51.75M) | Time:00:00.18 | Sce: Scene Ve:74412 Fa:70923 La:1
Fra:1 Mem:36.55M (0.00M, Peak 51.75M) | Time:00:00.18 | Sce: Scene Ve:74412 Fa:70923 La:1
Fra:1 Mem:36.55M (0.00M, Peak 51.75M) | Time:00:00.18 | Volume preprocessing
Fra:1 Mem:36.55M (0.00M, Peak 51.75M) | Time:00:00.18 | Sce: Scene Ve:74412 Fa:70923 La:1
Fra:1 Mem:36.55M (0.00M, Peak 51.75M) | Time:00:00.18 | Sce: Scene Ve:74412 Fa:70923 La:1
Fra:1 Mem:40.61M (0.00M, Peak 51.75M) | Time:00:00.19 | Scene, Part 3-4
Fra:1 Mem:40.57M (0.00M, Peak 51.75M) | Time:00:00.19 | Scene, Part 4-4
Fra:1 Mem:39.55M (0.00M, Peak 51.75M) | Time:00:00.20 | Scene, Part 1-4
Fra:1 Mem:37.64M (0.00M, Peak 51.75M) | Time:00:00.20 | Scene, Part 2-4
Fra:1 Mem:18.35M (0.00M, Peak 51.75M) | Time:00:00.20 | Sce: Scene Ve:74412 Fa:70923 La:1
Saved: '/tmp/tmprhmcvdk6.png'
 Time: 00:00.22 (Saving: 00:00.01)

Fra:1 Mem:18.38M (0.00M, Peak 18.97M) | Time:00:00.04 | Mem:0.00M, Peak:0.00M | Scene, RenderLayer | Synchronizing object | Area
Fra:1 Mem:18.38M (0.00M, Peak 18.97M) | Time:00:00.04 | Mem:0.00M, Peak:0.00M | Scene, RenderLayer | Synchronizing object | Ground
Fra:1 Mem:18.45M (0.00M, Peak 18.97M) | Time:00:00.05 | Mem:0.00M, Peak:0.00M | Scene, RenderLayer | Synchronizing object | Empty
Fra:1 Mem:18.45M (0.00M, Peak 18.97M) | Time:00:00.05 | Mem:0.00M, Peak:0.00M | Scene, RenderLayer | Synchronizing object | Lamp_Back
Fra:1 Mem:18.45M (0.00M, Peak 18.97M) | Time:00:00.05 | Mem:0.00M, Peak:0.00M | Scene, RenderLayer | Synchronizing object | Lamp_Fill
Fra:1 Mem:18.45M (0.00M, Peak 18.97M) | Time:00:00.05 | Mem:0.00M, Peak:0.00M | Scene, RenderLayer | Synchronizing object | Lamp_Key
Fra:1 Mem:18.45M (0.00M, Peak 18.97M) | Time:00:00.05 | Mem:0.00M, Peak:0.00M | Scene, RenderLayer | Synchronizing object | Camera
Fra:1 Mem:18.45M (0.00M, Peak 18.97M) | Time:00:00.05 | Mem:0.00M, Peak:0.00M | Scene, RenderLayer | Synchronizing object | SmoothCube_v2_0
Fra:1 Mem:18.81M (0.00M, Peak 19.17M) | Time:00:00.05 | Mem:0.00M, Peak:0.00M | Scene, RenderLayer | Synchronizing object | SmoothCylinder_0
Fra:1 Mem:21.59M (0.00M, Peak 24.81M) | Time:00:00.06 | Mem:0.00M, Peak:0.00M | Scene, RenderLayer | Synchronizing object | SmoothCylinder_1
Fra:1 Mem:24.38M (0.00M, Peak 27.60M) | Time:00:00.06 | Mem:0.00M, Peak:0.00M | Scene, RenderLayer | Initializing
Fra:1 Mem:24.38M (0.00M, Peak 27.60M) | Time:00:00.06 | Mem:0.00M, Peak:0.00M | Scene, RenderLayer | Loading render kernels (may take a few minutes the first time)
Fra:1 Mem:24.38M (0.00M, Peak 27.60M) | Time:00:00.08 | Mem:0.00M, Peak:0.00M | Scene, RenderLayer | Waiting for render to start
Fra:1 Mem:24.38M (0.00M, Peak 27.60M) | Time:00:00.08 | Mem:0.00M, Peak:0.00M | Scene, RenderLayer | Updating Scene
Fra:1 Mem:24.38M (0.00M, Peak 27.60M) | Time:00:00.08 | Mem:0.00M, Peak:0.00M | Scene, RenderLayer | Updating Shaders
Fra:1 Mem:24.63M (0.00M, Peak 27.60M) | Time:00:00.08 | Mem:0.00M, Peak:0.00M | Scene, RenderLayer | Updating Background
Fra:1 Mem:24.63M (0.00M, Peak 27.60M) | Time:00:00.08 | Mem:0.00M, Peak:0.00M | Scene, RenderLayer | Updating Camera
Fra:1 Mem:24.63M (0.00M, Peak 27.60M) | Time:00:00.08 | Mem:0.00M, Peak:0.00M | Scene, RenderLayer | Updating Meshes Flags
Fra:1 Mem:24.63M (0.00M, Peak 27.60M) | Time:00:00.08 | Mem:0.00M, Peak:0.00M | Scene, RenderLayer | Updating Objects
Fra:1 Mem:24.63M (0.00M, Peak 27.60M) | Time:00:00.08 | Mem:0.00M, Peak:0.00M | Scene, RenderLayer | Updating Objects | Copying Transformations to device
Fra:1 Mem:24.63M (0.00M, Peak 27.60M) | Time:00:00.08 | Mem:0.00M, Peak:0.00M | Scene, RenderLayer | Updating Objects | Applying Static Transformations
Fra:1 Mem:24.63M (0.00M, Peak 27.60M) | Time:00:00.08 | Mem:0.00M, Peak:0.00M | Scene, RenderLayer | Updating Meshes
Fra:1 Mem:26.78M (0.00M, Peak 27.60M) | Time:00:00.09 | Mem:0.00M, Peak:0.00M | Scene, RenderLayer | Updating Mesh | Computing attributes
Fra:1 Mem:26.84M (0.00M, Peak 27.60M) | Time:00:00.09 | Mem:0.00M, Peak:0.00M | Scene, RenderLayer | Updating Mesh | Copying Attributes to device
Fra:1 Mem:26.84M (0.00M, Peak 27.60M) | Time:00:00.09 | Mem:0.06M, Peak:0.06M | Scene, RenderLayer | Updating Scene BVH | Building
Fra:1 Mem:26.84M (0.00M, Peak 27.60M) | Time:00:00.09 | Mem:0.06M, Peak:0.06M | Scene, RenderLayer | Updating Scene BVH | Building BVH
Fra:1 Mem:34.91M (0.00M, Peak 34.91M) | Time:00:00.18 | Mem:0.06M, Peak:0.06M | Scene, RenderLayer | Updating Scene BVH | Packing BVH triangles and strands
Fra:1 Mem:42.45M (0.00M, Peak 42.45M) | Time:00:00.19 | Mem:0.06M, Peak:0.06M | Scene, RenderLayer | Updating Scene BVH | Packing BVH nodes
Fra:1 Mem:38.31M (0.00M, Peak 44.78M) | Time:00:00.20 | Mem:0.06M, Peak:0.06M | Scene, RenderLayer | Updating Scene BVH | Copying BVH to device
Fra:1 Mem:38.85M (0.00M, Peak 44.78M) | Time:00:00.20 | Mem:11.53M, Peak:11.53M | Scene, RenderLayer | Updating Mesh | Computing normals
Fra:1 Mem:43.81M (0.00M, Peak 44.78M) | Time:00:00.21 | Mem:11.53M, Peak:11.53M | Scene, RenderLayer | Updating Mesh | Copying Mesh to device
Fra:1 Mem:43.27M (0.00M, Peak 44.78M) | Time:00:00.21 | Mem:16.49M, Peak:16.49M | Scene, RenderLayer | Updating Objects Flags
Fra:1 Mem:43.27M (0.00M, Peak 44.78M) | Time:00:00.21 | Mem:16.49M, Peak:16.49M | Scene, RenderLayer | Updating Images
Fra:1 Mem:43.27M (0.00M, Peak 44.78M) | Time:00:00.21 | Mem:16.49M, Peak:16.49M | Scene, RenderLayer | Updating Camera Volume
Fra:1 Mem:43.27M (0.00M, Peak 44.78M) | Time:00:00.21 | Mem:16.49M, Peak:16.49M | Scene, RenderLayer | Updating Hair Systems
Fra:1 Mem:43.27M (0.00M, Peak 44.78M) | Time:00:00.21 | Mem:16.49M, Peak:16.49M | Scene, RenderLayer | Updating Hair settings | Copying Hair settings to device
Fra:1 Mem:43.27M (0.00M, Peak 44.78M) | Time:00:00.21 | Mem:16.49M, Peak:16.49M | Scene, RenderLayer | Updating Lookup Tables
Fra:1 Mem:43.27M (0.00M, Peak 44.78M) | Time:00:00.21 | Mem:16.74M, Peak:16.74M | Scene, RenderLayer | Updating Lights
Fra:1 Mem:43.27M (0.00M, Peak 44.78M) | Time:00:00.21 | Mem:16.74M, Peak:16.74M | Scene, RenderLayer | Updating Lights | Computing distribution
Fra:1 Mem:43.27M (0.00M, Peak 44.78M) | Time:00:00.21 | Mem:16.74M, Peak:16.74M | Scene, RenderLayer | Updating Particle Systems
Fra:1 Mem:43.27M (0.00M, Peak 44.78M) | Time:00:00.21 | Mem:16.74M, Peak:16.74M | Scene, RenderLayer | Updating Particle Systems | Copying Particles to device
Fra:1 Mem:43.27M (0.00M, Peak 44.78M) | Time:00:00.21 | Mem:16.74M, Peak:16.74M | Scene, RenderLayer | Updating Integrator
Fra:1 Mem:43.31M (0.00M, Peak 44.78M) | Time:00:00.21 | Mem:16.78M, Peak:16.78M | Scene, RenderLayer | Updating Film
Fra:1 Mem:43.31M (0.00M, Peak 44.78M) | Time:00:00.21 | Mem:16.78M, Peak:16.78M | Scene, RenderLayer | Updating Lookup Tables
Fra:1 Mem:43.31M (0.00M, Peak 44.78M) | Time:00:00.21 | Mem:16.78M, Peak:16.78M | Scene, RenderLayer | Updating Baking
Fra:1 Mem:43.31M (0.00M, Peak 44.78M) | Time:00:00.21 | Mem:16.78M, Peak:16.78M | Scene, RenderLayer | Updating Device | Writing constant memory
Fra:1 Mem:43.31M (0.00M, Peak 44.78M) | Time:00:00.21 | Mem:16.78M, Peak:16.78M | Scene, RenderLayer | Path Tracing Tile 0/4, Sample 0/512
Fra:1 Mem:45.56M (0.00M, Peak 46.81M) | Time:00:00.21 | Mem:19.03M, Peak:19.03M | Scene, RenderLayer | Path Tracing Tile 1/4, Sample 0/512
Fra:1 Mem:45.56M (0.00M, Peak 47.81M) | Time:00:01.22 | Remaining:00:12.28 | Mem:19.03M, Peak:19.03M | Scene, RenderLayer | Path Tracing Tile 1/4, Sample 91/512
Fra:1 Mem:45.56M (0.00M, Peak 47.81M) | Time:00:02.22 | Remaining:00:11.25 | Mem:19.03M, Peak:19.03M | Scene, RenderLayer | Path Tracing Tile 1/4, Sample 182/512
Fra:1 Mem:45.56M (0.00M, Peak 47.81M) | Time:00:03.22 | Remaining:00:10.24 | Mem:19.03M, Peak:19.03M | Scene, RenderLayer | Path Tracing Tile 1/4, Sample 273/512
Fra:1 Mem:45.56M (0.00M, Peak 47.81M) | Time:00:04.23 | Remaining:00:09.23 | Mem:19.03M, Peak:19.03M | Scene, RenderLayer | Path Tracing Tile 1/4, Sample 364/512
Fra:1 Mem:45.56M (0.00M, Peak 47.81M) | Time:00:05.24 | Remaining:00:08.23 | Mem:19.03M, Peak:19.03M | Scene, RenderLayer | Path Tracing Tile 1/4, Sample 455/512
Fra:1 Mem:43.31M (0.00M, Peak 47.81M) | Time:00:05.88 | Remaining:00:07.61 | Mem:16.78M, Peak:19.03M | Scene, RenderLayer | Path Tracing Tile 1/4, Sample 512/512
Fra:1 Mem:45.28M (0.00M, Peak 47.81M) | Time:00:05.88 | Remaining:00:07.61 | Mem:18.75M, Peak:19.03M | Scene, RenderLayer | Path Tracing Tile 2/4, Sample 512/512
Fra:1 Mem:45.28M (0.00M, Peak 47.81M) | Time:00:06.24 | Remaining:00:07.22 | Mem:18.75M, Peak:19.03M | Scene, RenderLayer | Path Tracing Tile 2/4, Sample 39/512
Fra:1 Mem:45.28M (0.00M, Peak 47.81M) | Time:00:07.25 | Remaining:00:06.16 | Mem:18.75M, Peak:19.03M | Scene, RenderLayer | Path Tracing Tile 2/4, Sample 146/512
Fra:1 Mem:45.28M (0.00M, Peak 47.81M) | Time:00:08.25 | Remaining:00:05.11 | Mem:18.75M, Peak:19.03M | Scene, RenderLayer | Path Tracing Tile 2/4, Sample 253/512
Fra:1 Mem:45.28M (0.00M, Peak 47.81M) | Time:00:09.25 | Remaining:00:04.09 | Mem:18.75M, Peak:19.03M | Scene, RenderLayer | Path Tracing Tile 2/4, Sample 359/512
Fra:1 Mem:45.28M (0.00M, Peak 47.81M) | Time:00:10.26 | Remaining:00:03.07 | Mem:18.75M, Peak:19.03M | Scene, RenderLayer | Path Tracing Tile 2/4, Sample 465/512
Fra:1 Mem:43.31M (0.00M, Peak 47.81M) | Time:00:10.70 | Remaining:00:02.62 | Mem:16.78M, Peak:19.03M | Scene, RenderLayer | Path Tracing Tile 2/4, Sample 512/512
Fra:1 Mem:43.88M (0.00M, Peak 47.81M) | Time:00:10.70 | Remaining:00:02.62 | Mem:17.35M, Peak:19.03M | Scene, RenderLayer | Path Tracing Tile 3/4, Sample 512/512
Fra:1 Mem:43.88M (0.00M, Peak 47.81M) | Time:00:11.26 | Remaining:00:02.31 | Mem:17.35M, Peak:19.03M | Scene, RenderLayer | Path Tracing Tile 3/4, Sample 129/512
Fra:1 Mem:43.88M (0.00M, Peak 47.81M) | Time:00:12.26 | Remaining:00:01.71 | Mem:17.35M, Peak:19.03M | Scene, RenderLayer | Path Tracing Tile 3/4, Sample 362/512
Fra:1 Mem:43.31M (0.00M, Peak 47.81M) | Time:00:12.91 | Remaining:00:01.30 | Mem:16.78M, Peak:19.03M | Scene, RenderLayer | Path Tracing Tile 3/4, Sample 512/512
Fra:1 Mem:43.81M (0.00M, Peak 47.81M) | Time:00:12.91 | Remaining:00:01.30 | Mem:17.28M, Peak:19.03M | Scene, RenderLayer | Path Tracing Tile 4/4, Sample 512/512
Fra:1 Mem:43.81M (0.00M, Peak 47.81M) | Time:00:13.26 | Remaining:00:01.09 | Mem:17.28M, Peak:19.03M | Scene, RenderLayer | Path Tracing Tile 4/4, Sample 87/512
Fra:1 Mem:43.81M (0.00M, Peak 47.81M) | Time:00:14.26 | Remaining:00:00.46 | Mem:17.28M, Peak:19.03M | Scene, RenderLayer | Path Tracing Tile 4/4, Sample 336/512
Fra:1 Mem:43.31M (0.00M, Peak 47.81M) | Time:00:14.97 | Mem:16.78M, Peak:19.03M | Scene, RenderLayer | Path Tracing Tile 4/4, Sample 512/512
Fra:1 Mem:43.31M (0.00M, Peak 47.81M) | Time:00:14.97 | Mem:16.78M, Peak:19.03M | Scene, RenderLayer | Finished
Fra:1 Mem:18.37M (0.00M, Peak 47.81M) | Time:00:15.05 | Sce: Scene Ve:0 Fa:0 La:0
Saved: 'data/clevr-cleaned-variants/aphaeresis/fovariant-0/render/images/CLEVR_val_000003.png'
 Time: 00:15.09 (Saving: 00:00.03)

read blend: /home/ubuntu/vdp/data/clevr_scene_data/base_scene.blend
convertViewVec: called in an invalid context
convertViewVec: called in an invalid context
convertViewVec: called in an invalid context
convertViewVec: called in an invalid context
Fra:1 Mem:22.75M (0.00M, Peak 22.75M) | Time:00:00.00 | Preparing Scene data
Fra:1 Mem:35.70M (0.00M, Peak 37.85M) | Time:00:00.03 | Preparing Scene data
Fra:1 Mem:35.70M (0.00M, Peak 37.85M) | Time:00:00.03 | Creating Shadowbuffers
Fra:1 Mem:35.70M (0.00M, Peak 37.85M) | Time:00:00.03 | Raytree.. preparing
Fra:1 Mem:49.99M (0.00M, Peak 49.99M) | Time:00:00.04 | Raytree.. building
Fra:1 Mem:49.23M (0.00M, Peak 71.55M) | Time:00:00.27 | Raytree finished
Fra:1 Mem:49.23M (0.00M, Peak 71.55M) | Time:00:00.27 | Creating Environment maps
Fra:1 Mem:49.23M (0.00M, Peak 71.55M) | Time:00:00.27 | Caching Point Densities
Fra:1 Mem:49.23M (0.00M, Peak 71.55M) | Time:00:00.27 | Sce: Scene Ve:109742 Fa:104078 La:1
Fra:1 Mem:49.23M (0.00M, Peak 71.55M) | Time:00:00.27 | Loading voxel datasets
Fra:1 Mem:49.23M (0.00M, Peak 71.55M) | Time:00:00.27 | Sce: Scene Ve:109742 Fa:104078 La:1
Fra:1 Mem:49.23M (0.00M, Peak 71.55M) | Time:00:00.27 | Sce: Scene Ve:109742 Fa:104078 La:1
Fra:1 Mem:49.23M (0.00M, Peak 71.55M) | Time:00:00.27 | Volume preprocessing
Fra:1 Mem:49.23M (0.00M, Peak 71.55M) | Time:00:00.27 | Sce: Scene Ve:109742 Fa:104078 La:1
Fra:1 Mem:49.23M (0.00M, Peak 71.55M) | Time:00:00.27 | Sce: Scene Ve:109742 Fa:104078 La:1
Fra:1 Mem:53.30M (0.00M, Peak 71.55M) | Time:00:00.28 | Scene, Part 3-4
Fra:1 Mem:53.26M (0.00M, Peak 71.55M) | Time:00:00.28 | Scene, Part 4-4
Fra:1 Mem:52.24M (0.00M, Peak 71.55M) | Time:00:00.28 | Scene, Part 1-4
Fra:1 Mem:50.33M (0.00M, Peak 71.55M) | Time:00:00.30 | Scene, Part 2-4
Fra:1 Mem:22.61M (0.00M, Peak 71.55M) | Time:00:00.30 | Sce: Scene Ve:109742 Fa:104078 La:1
Saved: '/tmp/tmpfgr8cjev.png'
 Time: 00:00.32 (Saving: 00:00.01)

Fra:1 Mem:22.64M (0.00M, Peak 23.23M) | Time:00:00.04 | Mem:0.00M, Peak:0.00M | Scene, RenderLayer | Synchronizing object | Area
Fra:1 Mem:22.64M (0.00M, Peak 23.23M) | Time:00:00.04 | Mem:0.00M, Peak:0.00M | Scene, RenderLayer | Synchronizing object | Ground
Fra:1 Mem:22.71M (0.00M, Peak 23.23M) | Time:00:00.05 | Mem:0.00M, Peak:0.00M | Scene, RenderLayer | Synchronizing object | Empty
Fra:1 Mem:22.71M (0.00M, Peak 23.23M) | Time:00:00.05 | Mem:0.00M, Peak:0.00M | Scene, RenderLayer | Synchronizing object | Lamp_Back
Fra:1 Mem:22.71M (0.00M, Peak 23.23M) | Time:00:00.05 | Mem:0.00M, Peak:0.00M | Scene, RenderLayer | Synchronizing object | Lamp_Fill
Fra:1 Mem:22.71M (0.00M, Peak 23.23M) | Time:00:00.05 | Mem:0.00M, Peak:0.00M | Scene, RenderLayer | Synchronizing object | Lamp_Key
Fra:1 Mem:22.71M (0.00M, Peak 23.23M) | Time:00:00.05 | Mem:0.00M, Peak:0.00M | Scene, RenderLayer | Synchronizing object | Camera
Fra:1 Mem:22.71M (0.00M, Peak 23.23M) | Time:00:00.05 | Mem:0.00M, Peak:0.00M | Scene, RenderLayer | Synchronizing object | SmoothCube_v2_0
Fra:1 Mem:23.07M (0.00M, Peak 23.42M) | Time:00:00.05 | Mem:0.00M, Peak:0.00M | Scene, RenderLayer | Synchronizing object | SmoothCylinder_0
Fra:1 Mem:25.85M (0.00M, Peak 29.07M) | Time:00:00.06 | Mem:0.00M, Peak:0.00M | Scene, RenderLayer | Synchronizing object | SmoothCylinder_1
Fra:1 Mem:29.17M (0.00M, Peak 32.26M) | Time:00:00.07 | Mem:0.00M, Peak:0.00M | Scene, RenderLayer | Synchronizing object | SmoothCylinder_2
Fra:1 Mem:32.49M (0.00M, Peak 35.58M) | Time:00:00.08 | Mem:0.00M, Peak:0.00M | Scene, RenderLayer | Initializing
Fra:1 Mem:32.49M (0.00M, Peak 35.58M) | Time:00:00.08 | Mem:0.00M, Peak:0.00M | Scene, RenderLayer | Loading render kernels (may take a few minutes the first time)
Fra:1 Mem:32.49M (0.00M, Peak 35.58M) | Time:00:00.09 | Mem:0.00M, Peak:0.00M | Scene, RenderLayer | Waiting for render to start
Fra:1 Mem:32.49M (0.00M, Peak 35.58M) | Time:00:00.09 | Mem:0.00M, Peak:0.00M | Scene, RenderLayer | Updating Scene
Fra:1 Mem:32.49M (0.00M, Peak 35.58M) | Time:00:00.09 | Mem:0.00M, Peak:0.00M | Scene, RenderLayer | Updating Shaders
Fra:1 Mem:32.75M (0.00M, Peak 35.58M) | Time:00:00.09 | Mem:0.00M, Peak:0.00M | Scene, RenderLayer | Updating Background
Fra:1 Mem:32.75M (0.00M, Peak 35.58M) | Time:00:00.09 | Mem:0.00M, Peak:0.00M | Scene, RenderLayer | Updating Camera
Fra:1 Mem:32.75M (0.00M, Peak 35.58M) | Time:00:00.09 | Mem:0.00M, Peak:0.00M | Scene, RenderLayer | Updating Meshes Flags
Fra:1 Mem:32.75M (0.00M, Peak 35.58M) | Time:00:00.09 | Mem:0.00M, Peak:0.00M | Scene, RenderLayer | Updating Objects
Fra:1 Mem:32.75M (0.00M, Peak 35.58M) | Time:00:00.09 | Mem:0.00M, Peak:0.00M | Scene, RenderLayer | Updating Objects | Copying Transformations to device
Fra:1 Mem:32.75M (0.00M, Peak 35.58M) | Time:00:00.10 | Mem:0.00M, Peak:0.00M | Scene, RenderLayer | Updating Objects | Applying Static Transformations
Fra:1 Mem:32.75M (0.00M, Peak 35.58M) | Time:00:00.10 | Mem:0.00M, Peak:0.00M | Scene, RenderLayer | Updating Meshes
Fra:1 Mem:35.91M (0.00M, Peak 35.91M) | Time:00:00.10 | Mem:0.00M, Peak:0.00M | Scene, RenderLayer | Updating Mesh | Computing attributes
Fra:1 Mem:37.05M (0.00M, Peak 37.05M) | Time:00:00.11 | Mem:0.00M, Peak:0.00M | Scene, RenderLayer | Updating Mesh | Copying Attributes to device
Fra:1 Mem:37.05M (0.00M, Peak 38.18M) | Time:00:00.11 | Mem:1.14M, Peak:1.14M | Scene, RenderLayer | Updating Scene BVH | Building
Fra:1 Mem:37.05M (0.00M, Peak 38.18M) | Time:00:00.11 | Mem:1.14M, Peak:1.14M | Scene, RenderLayer | Updating Scene BVH | Building BVH
Fra:1 Mem:48.90M (0.00M, Peak 48.90M) | Time:00:00.25 | Mem:1.14M, Peak:1.14M | Scene, RenderLayer | Updating Scene BVH | Packing BVH triangles and strands
Fra:1 Mem:59.96M (0.00M, Peak 59.96M) | Time:00:00.26 | Mem:1.14M, Peak:1.14M | Scene, RenderLayer | Updating Scene BVH | Packing BVH nodes
Fra:1 Mem:53.89M (0.00M, Peak 63.38M) | Time:00:00.28 | Mem:1.14M, Peak:1.14M | Scene, RenderLayer | Updating Scene BVH | Copying BVH to device
Fra:1 Mem:54.68M (0.00M, Peak 63.38M) | Time:00:00.28 | Mem:17.99M, Peak:17.99M | Scene, RenderLayer | Updating Mesh | Computing normals
Fra:1 Mem:61.96M (0.00M, Peak 63.38M) | Time:00:00.29 | Mem:17.99M, Peak:17.99M | Scene, RenderLayer | Updating Mesh | Copying Mesh to device
Fra:1 Mem:61.17M (0.00M, Peak 63.38M) | Time:00:00.29 | Mem:25.26M, Peak:25.26M | Scene, RenderLayer | Updating Objects Flags
Fra:1 Mem:61.17M (0.00M, Peak 63.38M) | Time:00:00.29 | Mem:25.26M, Peak:25.26M | Scene, RenderLayer | Updating Images
Fra:1 Mem:61.17M (0.00M, Peak 63.38M) | Time:00:00.29 | Mem:25.26M, Peak:25.26M | Scene, RenderLayer | Updating Camera Volume
Fra:1 Mem:61.17M (0.00M, Peak 63.38M) | Time:00:00.29 | Mem:25.26M, Peak:25.26M | Scene, RenderLayer | Updating Hair Systems
Fra:1 Mem:61.17M (0.00M, Peak 63.38M) | Time:00:00.29 | Mem:25.26M, Peak:25.26M | Scene, RenderLayer | Updating Hair settings | Copying Hair settings to device
Fra:1 Mem:61.17M (0.00M, Peak 63.38M) | Time:00:00.29 | Mem:25.26M, Peak:25.26M | Scene, RenderLayer | Updating Lookup Tables
Fra:1 Mem:61.17M (0.00M, Peak 63.38M) | Time:00:00.29 | Mem:25.51M, Peak:25.51M | Scene, RenderLayer | Updating Lights
Fra:1 Mem:61.17M (0.00M, Peak 63.38M) | Time:00:00.29 | Mem:25.51M, Peak:25.51M | Scene, RenderLayer | Updating Lights | Computing distribution
Fra:1 Mem:61.17M (0.00M, Peak 63.38M) | Time:00:00.29 | Mem:25.51M, Peak:25.51M | Scene, RenderLayer | Updating Particle Systems
Fra:1 Mem:61.17M (0.00M, Peak 63.38M) | Time:00:00.29 | Mem:25.51M, Peak:25.51M | Scene, RenderLayer | Updating Particle Systems | Copying Particles to device
Fra:1 Mem:61.17M (0.00M, Peak 63.38M) | Time:00:00.29 | Mem:25.51M, Peak:25.51M | Scene, RenderLayer | Updating Integrator
Fra:1 Mem:61.21M (0.00M, Peak 63.38M) | Time:00:00.29 | Mem:25.55M, Peak:25.55M | Scene, RenderLayer | Updating Film
Fra:1 Mem:61.21M (0.00M, Peak 63.38M) | Time:00:00.29 | Mem:25.55M, Peak:25.55M | Scene, RenderLayer | Updating Lookup Tables
Fra:1 Mem:61.21M (0.00M, Peak 63.38M) | Time:00:00.29 | Mem:25.56M, Peak:25.56M | Scene, RenderLayer | Updating Baking
Fra:1 Mem:61.21M (0.00M, Peak 63.38M) | Time:00:00.29 | Mem:25.56M, Peak:25.56M | Scene, RenderLayer | Updating Device | Writing constant memory
Fra:1 Mem:61.21M (0.00M, Peak 63.38M) | Time:00:00.29 | Mem:25.56M, Peak:25.56M | Scene, RenderLayer | Path Tracing Tile 0/4, Sample 0/512
Fra:1 Mem:63.46M (0.00M, Peak 64.71M) | Time:00:00.29 | Mem:27.81M, Peak:27.81M | Scene, RenderLayer | Path Tracing Tile 1/4, Sample 0/512
Fra:1 Mem:63.46M (0.00M, Peak 65.71M) | Time:00:01.30 | Remaining:00:11.12 | Mem:27.81M, Peak:27.81M | Scene, RenderLayer | Path Tracing Tile 1/4, Sample 100/512
Fra:1 Mem:63.46M (0.00M, Peak 65.71M) | Time:00:02.31 | Remaining:00:10.10 | Mem:27.81M, Peak:27.81M | Scene, RenderLayer | Path Tracing Tile 1/4, Sample 200/512
Fra:1 Mem:63.46M (0.00M, Peak 65.71M) | Time:00:03.32 | Remaining:00:09.08 | Mem:27.81M, Peak:27.81M | Scene, RenderLayer | Path Tracing Tile 1/4, Sample 300/512
Fra:1 Mem:63.46M (0.00M, Peak 65.71M) | Time:00:04.32 | Remaining:00:08.09 | Mem:27.81M, Peak:27.81M | Scene, RenderLayer | Path Tracing Tile 1/4, Sample 399/512
Fra:1 Mem:63.46M (0.00M, Peak 65.71M) | Time:00:05.33 | Remaining:00:07.09 | Mem:27.81M, Peak:27.81M | Scene, RenderLayer | Path Tracing Tile 1/4, Sample 498/512
Fra:1 Mem:61.21M (0.00M, Peak 65.71M) | Time:00:05.47 | Remaining:00:06.96 | Mem:25.56M, Peak:27.81M | Scene, RenderLayer | Path Tracing Tile 1/4, Sample 512/512
Fra:1 Mem:63.18M (0.00M, Peak 65.71M) | Time:00:05.47 | Remaining:00:06.96 | Mem:27.53M, Peak:27.81M | Scene, RenderLayer | Path Tracing Tile 2/4, Sample 512/512
Fra:1 Mem:63.18M (0.00M, Peak 65.71M) | Time:00:06.33 | Remaining:00:06.15 | Mem:27.53M, Peak:27.81M | Scene, RenderLayer | Path Tracing Tile 2/4, Sample 94/512
Fra:1 Mem:63.18M (0.00M, Peak 65.71M) | Time:00:07.33 | Remaining:00:05.19 | Mem:27.53M, Peak:27.81M | Scene, RenderLayer | Path Tracing Tile 2/4, Sample 204/512
Fra:1 Mem:63.18M (0.00M, Peak 65.71M) | Time:00:08.34 | Remaining:00:04.22 | Mem:27.53M, Peak:27.81M | Scene, RenderLayer | Path Tracing Tile 2/4, Sample 314/512
Fra:1 Mem:63.18M (0.00M, Peak 65.71M) | Time:00:09.34 | Remaining:00:03.25 | Mem:27.53M, Peak:27.81M | Scene, RenderLayer | Path Tracing Tile 2/4, Sample 424/512
Fra:1 Mem:61.21M (0.00M, Peak 65.71M) | Time:00:10.15 | Remaining:00:02.46 | Mem:25.56M, Peak:27.81M | Scene, RenderLayer | Path Tracing Tile 2/4, Sample 512/512
Fra:1 Mem:61.78M (0.00M, Peak 65.71M) | Time:00:10.15 | Remaining:00:02.46 | Mem:26.12M, Peak:27.81M | Scene, RenderLayer | Path Tracing Tile 3/4, Sample 512/512
Fra:1 Mem:61.78M (0.00M, Peak 65.71M) | Time:00:10.34 | Remaining:00:02.37 | Mem:26.12M, Peak:27.81M | Scene, RenderLayer | Path Tracing Tile 3/4, Sample 44/512
Fra:1 Mem:61.78M (0.00M, Peak 65.71M) | Time:00:11.35 | Remaining:00:01.82 | Mem:26.12M, Peak:27.81M | Scene, RenderLayer | Path Tracing Tile 3/4, Sample 280/512
Fra:1 Mem:61.21M (0.00M, Peak 65.71M) | Time:00:12.34 | Remaining:00:01.24 | Mem:25.56M, Peak:27.81M | Scene, RenderLayer | Path Tracing Tile 3/4, Sample 512/512
Fra:1 Mem:61.71M (0.00M, Peak 65.71M) | Time:00:12.34 | Remaining:00:01.24 | Mem:26.05M, Peak:27.81M | Scene, RenderLayer | Path Tracing Tile 4/4, Sample 512/512
Fra:1 Mem:61.71M (0.00M, Peak 65.71M) | Time:00:12.35 | Remaining:00:01.23 | Mem:26.05M, Peak:27.81M | Scene, RenderLayer | Path Tracing Tile 4/4, Sample 2/512
Fra:1 Mem:61.71M (0.00M, Peak 65.71M) | Time:00:13.35 | Remaining:00:00.64 | Mem:26.05M, Peak:27.81M | Scene, RenderLayer | Path Tracing Tile 4/4, Sample 254/512
Fra:1 Mem:61.71M (0.00M, Peak 65.71M) | Time:00:14.35 | Remaining:00:00.02 | Mem:26.05M, Peak:27.81M | Scene, RenderLayer | Path Tracing Tile 4/4, Sample 504/512
Fra:1 Mem:61.21M (0.00M, Peak 65.71M) | Time:00:14.38 | Mem:25.56M, Peak:27.81M | Scene, RenderLayer | Path Tracing Tile 4/4, Sample 512/512
Fra:1 Mem:61.21M (0.00M, Peak 65.71M) | Time:00:14.38 | Mem:25.56M, Peak:27.81M | Scene, RenderLayer | Finished
Fra:1 Mem:22.63M (0.00M, Peak 65.71M) | Time:00:14.47 | Sce: Scene Ve:0 Fa:0 La:0
Saved: 'data/clevr-cleaned-variants/aphaeresis/fovariant-0/render/images/CLEVR_val_000004.png'
 Time: 00:14.51 (Saving: 00:00.03)

read blend: /home/ubuntu/vdp/data/clevr_scene_data/base_scene.blend
convertViewVec: called in an invalid context
convertViewVec: called in an invalid context
Fra:1 Mem:14.19M (0.00M, Peak 14.19M) | Time:00:00.00 | Preparing Scene data
Fra:1 Mem:18.95M (0.00M, Peak 21.10M) | Time:00:00.01 | Preparing Scene data
Fra:1 Mem:18.95M (0.00M, Peak 21.10M) | Time:00:00.01 | Creating Shadowbuffers
Fra:1 Mem:18.95M (0.00M, Peak 21.10M) | Time:00:00.01 | Raytree.. preparing
Fra:1 Mem:24.14M (0.00M, Peak 24.14M) | Time:00:00.01 | Raytree.. building
Fra:1 Mem:23.87M (0.00M, Peak 31.97M) | Time:00:00.09 | Raytree finished
Fra:1 Mem:23.87M (0.00M, Peak 31.97M) | Time:00:00.09 | Creating Environment maps
Fra:1 Mem:23.87M (0.00M, Peak 31.97M) | Time:00:00.09 | Caching Point Densities
Fra:1 Mem:23.87M (0.00M, Peak 31.97M) | Time:00:00.09 | Sce: Scene Ve:39082 Fa:37767 La:1
Fra:1 Mem:23.87M (0.00M, Peak 31.97M) | Time:00:00.09 | Loading voxel datasets
Fra:1 Mem:23.87M (0.00M, Peak 31.97M) | Time:00:00.09 | Sce: Scene Ve:39082 Fa:37767 La:1
Fra:1 Mem:23.87M (0.00M, Peak 31.97M) | Time:00:00.09 | Sce: Scene Ve:39082 Fa:37767 La:1
Fra:1 Mem:23.87M (0.00M, Peak 31.97M) | Time:00:00.09 | Volume preprocessing
Fra:1 Mem:23.87M (0.00M, Peak 31.97M) | Time:00:00.09 | Sce: Scene Ve:39082 Fa:37767 La:1
Fra:1 Mem:23.87M (0.00M, Peak 31.97M) | Time:00:00.09 | Sce: Scene Ve:39082 Fa:37767 La:1
Fra:1 Mem:28.21M (0.00M, Peak 31.97M) | Time:00:00.09 | Scene, Part 4-4
Fra:1 Mem:27.94M (0.00M, Peak 31.97M) | Time:00:00.09 | Scene, Part 3-4
Fra:1 Mem:26.87M (0.00M, Peak 31.97M) | Time:00:00.10 | Scene, Part 1-4
Fra:1 Mem:24.97M (0.00M, Peak 31.97M) | Time:00:00.10 | Scene, Part 2-4
Fra:1 Mem:14.10M (0.00M, Peak 31.97M) | Time:00:00.11 | Sce: Scene Ve:39082 Fa:37767 La:1
Saved: '/tmp/tmpcrj_a41l.png'
 Time: 00:00.12 (Saving: 00:00.01)

Fra:1 Mem:14.13M (0.00M, Peak 14.73M) | Time:00:00.04 | Mem:0.00M, Peak:0.00M | Scene, RenderLayer | Synchronizing object | Area
Fra:1 Mem:14.13M (0.00M, Peak 14.73M) | Time:00:00.04 | Mem:0.00M, Peak:0.00M | Scene, RenderLayer | Synchronizing object | Ground
Fra:1 Mem:14.20M (0.00M, Peak 14.73M) | Time:00:00.04 | Mem:0.00M, Peak:0.00M | Scene, RenderLayer | Synchronizing object | Empty
Fra:1 Mem:14.20M (0.00M, Peak 14.73M) | Time:00:00.04 | Mem:0.00M, Peak:0.00M | Scene, RenderLayer | Synchronizing object | Lamp_Back
Fra:1 Mem:14.20M (0.00M, Peak 14.73M) | Time:00:00.04 | Mem:0.00M, Peak:0.00M | Scene, RenderLayer | Synchronizing object | Lamp_Fill
Fra:1 Mem:14.20M (0.00M, Peak 14.73M) | Time:00:00.04 | Mem:0.00M, Peak:0.00M | Scene, RenderLayer | Synchronizing object | Lamp_Key
Fra:1 Mem:14.20M (0.00M, Peak 14.73M) | Time:00:00.04 | Mem:0.00M, Peak:0.00M | Scene, RenderLayer | Synchronizing object | Camera
Fra:1 Mem:14.20M (0.00M, Peak 14.73M) | Time:00:00.04 | Mem:0.00M, Peak:0.00M | Scene, RenderLayer | Synchronizing object | SmoothCube_v2_0
Fra:1 Mem:14.51M (0.00M, Peak 14.88M) | Time:00:00.05 | Mem:0.00M, Peak:0.00M | Scene, RenderLayer | Synchronizing object | SmoothCylinder_0
Fra:1 Mem:17.29M (0.00M, Peak 20.51M) | Time:00:00.06 | Mem:0.00M, Peak:0.00M | Scene, RenderLayer | Initializing
Fra:1 Mem:17.29M (0.00M, Peak 20.51M) | Time:00:00.06 | Mem:0.00M, Peak:0.00M | Scene, RenderLayer | Loading render kernels (may take a few minutes the first time)
Fra:1 Mem:17.29M (0.00M, Peak 20.51M) | Time:00:00.07 | Mem:0.00M, Peak:0.00M | Scene, RenderLayer | Waiting for render to start
Fra:1 Mem:17.29M (0.00M, Peak 20.51M) | Time:00:00.07 | Mem:0.00M, Peak:0.00M | Scene, RenderLayer | Updating Scene
Fra:1 Mem:17.29M (0.00M, Peak 20.51M) | Time:00:00.07 | Mem:0.00M, Peak:0.00M | Scene, RenderLayer | Updating Shaders
Fra:1 Mem:17.54M (0.00M, Peak 20.51M) | Time:00:00.07 | Mem:0.00M, Peak:0.00M | Scene, RenderLayer | Updating Background
Fra:1 Mem:17.54M (0.00M, Peak 20.51M) | Time:00:00.07 | Mem:0.00M, Peak:0.00M | Scene, RenderLayer | Updating Camera
Fra:1 Mem:17.54M (0.00M, Peak 20.51M) | Time:00:00.07 | Mem:0.00M, Peak:0.00M | Scene, RenderLayer | Updating Meshes Flags
Fra:1 Mem:17.54M (0.00M, Peak 20.51M) | Time:00:00.07 | Mem:0.00M, Peak:0.00M | Scene, RenderLayer | Updating Objects
Fra:1 Mem:17.54M (0.00M, Peak 20.51M) | Time:00:00.07 | Mem:0.00M, Peak:0.00M | Scene, RenderLayer | Updating Objects | Copying Transformations to device
Fra:1 Mem:17.54M (0.00M, Peak 20.51M) | Time:00:00.07 | Mem:0.00M, Peak:0.00M | Scene, RenderLayer | Updating Objects | Applying Static Transformations
Fra:1 Mem:17.54M (0.00M, Peak 20.51M) | Time:00:00.07 | Mem:0.00M, Peak:0.00M | Scene, RenderLayer | Updating Meshes
Fra:1 Mem:18.69M (0.00M, Peak 20.51M) | Time:00:00.07 | Mem:0.00M, Peak:0.00M | Scene, RenderLayer | Updating Mesh | Computing attributes
Fra:1 Mem:18.69M (0.00M, Peak 20.51M) | Time:00:00.07 | Mem:0.00M, Peak:0.00M | Scene, RenderLayer | Updating Mesh | Copying Attributes to device
Fra:1 Mem:18.69M (0.00M, Peak 20.51M) | Time:00:00.07 | Mem:0.00M, Peak:0.00M | Scene, RenderLayer | Updating Scene BVH | Building
Fra:1 Mem:18.69M (0.00M, Peak 20.51M) | Time:00:00.07 | Mem:0.00M, Peak:0.00M | Scene, RenderLayer | Updating Scene BVH | Building BVH
Fra:1 Mem:22.98M (0.00M, Peak 22.98M) | Time:00:00.13 | Mem:0.00M, Peak:0.00M | Scene, RenderLayer | Updating Scene BVH | Packing BVH triangles and strands
Fra:1 Mem:26.99M (0.00M, Peak 26.99M) | Time:00:00.13 | Mem:0.00M, Peak:0.00M | Scene, RenderLayer | Updating Scene BVH | Packing BVH nodes
Fra:1 Mem:24.78M (0.00M, Peak 28.22M) | Time:00:00.14 | Mem:0.00M, Peak:0.00M | Scene, RenderLayer | Updating Scene BVH | Copying BVH to device
Fra:1 Mem:25.07M (0.00M, Peak 28.22M) | Time:00:00.14 | Mem:6.10M, Peak:6.10M | Scene, RenderLayer | Updating Mesh | Computing normals
Fra:1 Mem:27.70M (0.00M, Peak 28.22M) | Time:00:00.14 | Mem:6.10M, Peak:6.10M | Scene, RenderLayer | Updating Mesh | Copying Mesh to device
Fra:1 Mem:27.42M (0.00M, Peak 28.22M) | Time:00:00.14 | Mem:8.73M, Peak:8.73M | Scene, RenderLayer | Updating Objects Flags
Fra:1 Mem:27.42M (0.00M, Peak 28.22M) | Time:00:00.14 | Mem:8.73M, Peak:8.73M | Scene, RenderLayer | Updating Images
Fra:1 Mem:27.42M (0.00M, Peak 28.22M) | Time:00:00.14 | Mem:8.73M, Peak:8.73M | Scene, RenderLayer | Updating Camera Volume
Fra:1 Mem:27.42M (0.00M, Peak 28.22M) | Time:00:00.14 | Mem:8.73M, Peak:8.73M | Scene, RenderLayer | Updating Hair Systems
Fra:1 Mem:27.42M (0.00M, Peak 28.22M) | Time:00:00.14 | Mem:8.73M, Peak:8.73M | Scene, RenderLayer | Updating Hair settings | Copying Hair settings to device
Fra:1 Mem:27.42M (0.00M, Peak 28.22M) | Time:00:00.14 | Mem:8.73M, Peak:8.73M | Scene, RenderLayer | Updating Lookup Tables
Fra:1 Mem:27.42M (0.00M, Peak 28.22M) | Time:00:00.14 | Mem:8.98M, Peak:8.98M | Scene, RenderLayer | Updating Lights
Fra:1 Mem:27.42M (0.00M, Peak 28.22M) | Time:00:00.14 | Mem:8.98M, Peak:8.98M | Scene, RenderLayer | Updating Lights | Computing distribution
Fra:1 Mem:27.42M (0.00M, Peak 28.22M) | Time:00:00.14 | Mem:8.98M, Peak:8.98M | Scene, RenderLayer | Updating Particle Systems
Fra:1 Mem:27.42M (0.00M, Peak 28.22M) | Time:00:00.14 | Mem:8.98M, Peak:8.98M | Scene, RenderLayer | Updating Particle Systems | Copying Particles to device
Fra:1 Mem:27.42M (0.00M, Peak 28.22M) | Time:00:00.14 | Mem:8.98M, Peak:8.98M | Scene, RenderLayer | Updating Integrator
Fra:1 Mem:27.46M (0.00M, Peak 28.22M) | Time:00:00.14 | Mem:9.02M, Peak:9.02M | Scene, RenderLayer | Updating Film
Fra:1 Mem:27.46M (0.00M, Peak 28.22M) | Time:00:00.14 | Mem:9.02M, Peak:9.02M | Scene, RenderLayer | Updating Lookup Tables
Fra:1 Mem:27.46M (0.00M, Peak 28.22M) | Time:00:00.14 | Mem:9.03M, Peak:9.03M | Scene, RenderLayer | Updating Baking
Fra:1 Mem:27.46M (0.00M, Peak 28.22M) | Time:00:00.14 | Mem:9.03M, Peak:9.03M | Scene, RenderLayer | Updating Device | Writing constant memory
Fra:1 Mem:27.46M (0.00M, Peak 28.22M) | Time:00:00.14 | Mem:9.03M, Peak:9.03M | Scene, RenderLayer | Path Tracing Tile 0/4, Sample 0/512
Fra:1 Mem:29.71M (0.00M, Peak 30.96M) | Time:00:00.15 | Mem:11.28M, Peak:11.28M | Scene, RenderLayer | Path Tracing Tile 1/4, Sample 0/512
Fra:1 Mem:29.71M (0.00M, Peak 31.96M) | Time:00:01.15 | Remaining:00:10.81 | Mem:11.28M, Peak:11.28M | Scene, RenderLayer | Path Tracing Tile 1/4, Sample 102/512
Fra:1 Mem:29.71M (0.00M, Peak 31.96M) | Time:00:02.16 | Remaining:00:09.76 | Mem:11.28M, Peak:11.28M | Scene, RenderLayer | Path Tracing Tile 1/4, Sample 205/512
Fra:1 Mem:29.71M (0.00M, Peak 31.96M) | Time:00:03.16 | Remaining:00:08.75 | Mem:11.28M, Peak:11.28M | Scene, RenderLayer | Path Tracing Tile 1/4, Sample 307/512
Fra:1 Mem:29.71M (0.00M, Peak 31.96M) | Time:00:04.16 | Remaining:00:07.76 | Mem:11.28M, Peak:11.28M | Scene, RenderLayer | Path Tracing Tile 1/4, Sample 409/512
Fra:1 Mem:29.71M (0.00M, Peak 31.96M) | Time:00:05.16 | Remaining:00:06.78 | Mem:11.28M, Peak:11.28M | Scene, RenderLayer | Path Tracing Tile 1/4, Sample 510/512
Fra:1 Mem:27.46M (0.00M, Peak 31.96M) | Time:00:05.18 | Remaining:00:06.76 | Mem:9.03M, Peak:11.28M | Scene, RenderLayer | Path Tracing Tile 1/4, Sample 512/512
Fra:1 Mem:29.43M (0.00M, Peak 31.96M) | Time:00:05.19 | Remaining:00:06.77 | Mem:10.99M, Peak:11.28M | Scene, RenderLayer | Path Tracing Tile 2/4, Sample 512/512
Fra:1 Mem:29.43M (0.00M, Peak 31.96M) | Time:00:06.16 | Remaining:00:05.70 | Mem:10.99M, Peak:11.28M | Scene, RenderLayer | Path Tracing Tile 2/4, Sample 119/512
Fra:1 Mem:29.43M (0.00M, Peak 31.96M) | Time:00:07.17 | Remaining:00:04.63 | Mem:10.99M, Peak:11.28M | Scene, RenderLayer | Path Tracing Tile 2/4, Sample 241/512
Fra:1 Mem:29.43M (0.00M, Peak 31.96M) | Time:00:08.17 | Remaining:00:03.59 | Mem:10.99M, Peak:11.28M | Scene, RenderLayer | Path Tracing Tile 2/4, Sample 362/512
Fra:1 Mem:29.43M (0.00M, Peak 31.96M) | Time:00:09.17 | Remaining:00:02.57 | Mem:10.99M, Peak:11.28M | Scene, RenderLayer | Path Tracing Tile 2/4, Sample 482/512
Fra:1 Mem:27.46M (0.00M, Peak 31.96M) | Time:00:09.42 | Remaining:00:02.31 | Mem:9.03M, Peak:11.28M | Scene, RenderLayer | Path Tracing Tile 2/4, Sample 512/512
Fra:1 Mem:28.02M (0.00M, Peak 31.96M) | Time:00:09.42 | Remaining:00:02.31 | Mem:9.59M, Peak:11.28M | Scene, RenderLayer | Path Tracing Tile 3/4, Sample 512/512
Fra:1 Mem:28.02M (0.00M, Peak 31.96M) | Time:00:10.17 | Remaining:00:01.94 | Mem:9.59M, Peak:11.28M | Scene, RenderLayer | Path Tracing Tile 3/4, Sample 179/512
Fra:1 Mem:28.02M (0.00M, Peak 31.96M) | Time:00:11.17 | Remaining:00:01.40 | Mem:9.59M, Peak:11.28M | Scene, RenderLayer | Path Tracing Tile 3/4, Sample 417/512
Fra:1 Mem:27.46M (0.00M, Peak 31.96M) | Time:00:11.58 | Remaining:00:01.17 | Mem:9.03M, Peak:11.28M | Scene, RenderLayer | Path Tracing Tile 3/4, Sample 512/512
Fra:1 Mem:27.95M (0.00M, Peak 31.96M) | Time:00:11.58 | Remaining:00:01.17 | Mem:9.52M, Peak:11.28M | Scene, RenderLayer | Path Tracing Tile 4/4, Sample 512/512
Fra:1 Mem:27.95M (0.00M, Peak 31.96M) | Time:00:12.18 | Remaining:00:00.83 | Mem:9.52M, Peak:11.28M | Scene, RenderLayer | Path Tracing Tile 4/4, Sample 155/512
Fra:1 Mem:27.95M (0.00M, Peak 31.96M) | Time:00:13.18 | Remaining:00:00.23 | Mem:9.52M, Peak:11.28M | Scene, RenderLayer | Path Tracing Tile 4/4, Sample 413/512
Fra:1 Mem:27.46M (0.00M, Peak 31.96M) | Time:00:13.57 | Mem:9.03M, Peak:11.28M | Scene, RenderLayer | Path Tracing Tile 4/4, Sample 512/512
Fra:1 Mem:27.46M (0.00M, Peak 31.96M) | Time:00:13.57 | Mem:9.03M, Peak:11.28M | Scene, RenderLayer | Finished
Fra:1 Mem:14.13M (0.00M, Peak 31.96M) | Time:00:13.65 | Sce: Scene Ve:0 Fa:0 La:0
Saved: 'data/clevr-cleaned-variants/aphaeresis/fovariant-0/render/images/CLEVR_val_000005.png'
 Time: 00:13.68 (Saving: 00:00.03)


Blender quit

INFO test_net.py:  81: Called with args:
INFO test_net.py:  82: Namespace(cfg_file='clevr_inference/scene_parse/mask_rcnn/configs/baselines/e2e_mask_rcnn_R-50-FPN_1x.yaml', clevr_comp_cat=1, dataset='clevr_original_val', grab_conv=False, images_dir='data/clevr-cleaned-variants/aphaeresis/fovariant-0/render/images', load_ckpt='/home/ubuntu/vdp/data/ns-vqa-data/pretrained/object_detector.pt', load_detectron=None, multi_gpu_testing=False, name=None, output_dir='data/clevr-cleaned-variants/aphaeresis/fovariant-0/infer/mask_rcnn', range=None, rendersummary_path='data/clevr-cleaned-variants/aphaeresis/fovariant-0/render/summary.json', set_cfgs=[], vis=False)
INFO test_net.py: 125: Testing with config:
INFO test_net.py: 126: {'BBOX_XFORM_CLIP': 4.135166556742356,
 'CLEVR': {'COMP_CAT': True},
 'CROP_RESIZE_WITH_MAX_POOL': True,
 'CUDA': False,
 'DATA_DIR': '/home/ubuntu/vdp/data/ns-vqa-data/mask_rcnn',
 'DATA_LOADER': {'NUM_THREADS': 4},
 'DEBUG': False,
 'DEDUP_BOXES': 0.0625,
 'EPS': 1e-14,
 'EXPECTED_RESULTS': [],
 'EXPECTED_RESULTS_ATOL': 0.005,
 'EXPECTED_RESULTS_EMAIL': '',
 'EXPECTED_RESULTS_RTOL': 0.1,
 'FAST_RCNN': {'CONV_HEAD_DIM': 256,
               'MLP_HEAD_DIM': 1024,
               'NUM_STACKED_CONVS': 4,
               'ROI_BOX_HEAD': 'fast_rcnn_heads.roi_2mlp_head',
               'ROI_XFORM_METHOD': 'RoIAlign',
               'ROI_XFORM_RESOLUTION': 7,
               'ROI_XFORM_SAMPLING_RATIO': 2},
 'FPN': {'COARSEST_STRIDE': 32,
         'DIM': 256,
         'EXTRA_CONV_LEVELS': False,
         'FPN_ON': True,
         'MULTILEVEL_ROIS': True,
         'MULTILEVEL_RPN': True,
         'ROI_CANONICAL_LEVEL': 4,
         'ROI_CANONICAL_SCALE': 224,
         'ROI_MAX_LEVEL': 5,
         'ROI_MIN_LEVEL': 2,
         'RPN_ANCHOR_START_SIZE': 32,
         'RPN_ASPECT_RATIOS': (0.5, 1, 2),
         'RPN_COLLECT_SCALE': 1,
         'RPN_MAX_LEVEL': 6,
         'RPN_MIN_LEVEL': 2,
         'USE_GN': False,
         'ZERO_INIT_LATERAL': False},
 'GROUP_NORM': {'DIM_PER_GP': -1, 'EPSILON': 1e-05, 'NUM_GROUPS': 32},
 'KRCNN': {'CONV_HEAD_DIM': 256,
           'CONV_HEAD_KERNEL': 3,
           'CONV_INIT': 'GaussianFill',
           'DECONV_DIM': 256,
           'DECONV_KERNEL': 4,
           'DILATION': 1,
           'HEATMAP_SIZE': -1,
           'INFERENCE_MIN_SIZE': 0,
           'KEYPOINT_CONFIDENCE': 'bbox',
           'LOSS_WEIGHT': 1.0,
           'MIN_KEYPOINT_COUNT_FOR_VALID_MINIBATCH': 20,
           'NMS_OKS': False,
           'NORMALIZE_BY_VISIBLE_KEYPOINTS': True,
           'NUM_KEYPOINTS': -1,
           'NUM_STACKED_CONVS': 8,
           'ROI_KEYPOINTS_HEAD': '',
           'ROI_XFORM_METHOD': 'RoIAlign',
           'ROI_XFORM_RESOLUTION': 7,
           'ROI_XFORM_SAMPLING_RATIO': 0,
           'UP_SCALE': -1,
           'USE_DECONV': False,
           'USE_DECONV_OUTPUT': False},
 'MATLAB': 'matlab',
 'MODEL': {'BBOX_REG_WEIGHTS': (10.0, 10.0, 5.0, 5.0),
           'CLS_AGNOSTIC_BBOX_REG': False,
           'CONV_BODY': 'FPN.fpn_ResNet50_conv5_body',
           'FASTER_RCNN': True,
           'KEYPOINTS_ON': False,
           'LOAD_IMAGENET_PRETRAINED_WEIGHTS': True,
           'MASK_ON': True,
           'NUM_CLASSES': 49,
           'RPN_ONLY': False,
           'SHARE_RES5': False,
           'TYPE': 'generalized_rcnn',
           'UNSUPERVISED_POSE': False},
 'MRCNN': {'CLS_SPECIFIC_MASK': True,
           'CONV_INIT': 'MSRAFill',
           'DILATION': 1,
           'DIM_REDUCED': 256,
           'MEMORY_EFFICIENT_LOSS': True,
           'RESOLUTION': 28,
           'ROI_MASK_HEAD': 'mask_rcnn_heads.mask_rcnn_fcn_head_v1up4convs',
           'ROI_XFORM_METHOD': 'RoIAlign',
           'ROI_XFORM_RESOLUTION': 14,
           'ROI_XFORM_SAMPLING_RATIO': 2,
           'THRESH_BINARIZE': 0.5,
           'UPSAMPLE_RATIO': 1,
           'USE_FC_OUTPUT': False,
           'WEIGHT_LOSS_MASK': 1.0},
 'NUM_GPUS': 8,
 'OUTPUT_DIR': 'Outputs',
 'PIXEL_MEANS': array([[[102.9801, 115.9465, 122.7717]]]),
 'POOLING_MODE': 'crop',
 'POOLING_SIZE': 7,
 'PYTORCH_VERSION_LESS_THAN_040': False,
 'RESNETS': {'FREEZE_AT': 2,
             'IMAGENET_PRETRAINED_WEIGHTS': 'pretrained_model/resnet50_caffe.pth',
             'NUM_GROUPS': 1,
             'RES5_DILATION': 1,
             'SHORTCUT_FUNC': 'basic_bn_shortcut',
             'STEM_FUNC': 'basic_bn_stem',
             'STRIDE_1X1': True,
             'TRANS_FUNC': 'bottleneck_transformation',
             'USE_GN': False,
             'WIDTH_PER_GROUP': 64},
 'RETINANET': {'ANCHOR_SCALE': 4,
               'ASPECT_RATIOS': (0.5, 1.0, 2.0),
               'BBOX_REG_BETA': 0.11,
               'BBOX_REG_WEIGHT': 1.0,
               'CLASS_SPECIFIC_BBOX': False,
               'INFERENCE_TH': 0.05,
               'LOSS_ALPHA': 0.25,
               'LOSS_GAMMA': 2.0,
               'NEGATIVE_OVERLAP': 0.4,
               'NUM_CONVS': 4,
               'POSITIVE_OVERLAP': 0.5,
               'PRE_NMS_TOP_N': 1000,
               'PRIOR_PROB': 0.01,
               'RETINANET_ON': False,
               'SCALES_PER_OCTAVE': 3,
               'SHARE_CLS_BBOX_TOWER': False,
               'SOFTMAX': False},
 'RFCN': {'PS_GRID_SIZE': 3},
 'RNG_SEED': 3,
 'ROOT_DIR': '/home/ubuntu/vdp/clevr_inference/scene_parse/mask_rcnn',
 'RPN': {'ASPECT_RATIOS': (0.5, 1, 2),
         'CLS_ACTIVATION': 'sigmoid',
         'OUT_DIM': 512,
         'OUT_DIM_AS_IN_DIM': True,
         'RPN_ON': True,
         'SIZES': (64, 128, 256, 512),
         'STRIDE': 16},
 'SOLVER': {'BASE_LR': 0.02,
            'BIAS_DOUBLE_LR': True,
            'BIAS_WEIGHT_DECAY': False,
            'GAMMA': 0.1,
            'LOG_LR_CHANGE_THRESHOLD': 1.1,
            'LRS': [],
            'LR_POLICY': 'steps_with_decay',
            'MAX_ITER': 30000,
            'MOMENTUM': 0.9,
            'SCALE_MOMENTUM': True,
            'SCALE_MOMENTUM_THRESHOLD': 1.1,
            'STEPS': [0, 20000, 26000],
            'STEP_SIZE': 30000,
            'TYPE': 'SGD',
            'WARM_UP_FACTOR': 0.3333333333333333,
            'WARM_UP_ITERS': 500,
            'WARM_UP_METHOD': 'linear',
            'WEIGHT_DECAY': 0.0001,
            'WEIGHT_DECAY_GN': 0.0},
 'TEST': {'BBOX_AUG': {'AREA_TH_HI': 32400,
                       'AREA_TH_LO': 2500,
                       'ASPECT_RATIOS': (),
                       'ASPECT_RATIO_H_FLIP': False,
                       'COORD_HEUR': 'UNION',
                       'ENABLED': False,
                       'H_FLIP': False,
                       'MAX_SIZE': 4000,
                       'SCALES': (),
                       'SCALE_H_FLIP': False,
                       'SCALE_SIZE_DEP': False,
                       'SCORE_HEUR': 'UNION'},
          'BBOX_REG': True,
          'BBOX_VOTE': {'ENABLED': False,
                        'SCORING_METHOD': 'ID',
                        'SCORING_METHOD_BETA': 1.0,
                        'VOTE_TH': 0.8},
          'COMPETITION_MODE': True,
          'DATASETS': ('custom(data/clevr-cleaned-variants/aphaeresis/fovariant-0/render/images, '
                       'data/clevr-cleaned-variants/aphaeresis/fovariant-0/render/summary.json)',),
          'DETECTIONS_PER_IM': 100,
          'FORCE_JSON_DATASET_EVAL': False,
          'KPS_AUG': {'AREA_TH': 32400,
                      'ASPECT_RATIOS': (),
                      'ASPECT_RATIO_H_FLIP': False,
                      'ENABLED': False,
                      'HEUR': 'HM_AVG',
                      'H_FLIP': False,
                      'MAX_SIZE': 4000,
                      'SCALES': (),
                      'SCALE_H_FLIP': False,
                      'SCALE_SIZE_DEP': False},
          'MASK_AUG': {'AREA_TH': 32400,
                       'ASPECT_RATIOS': (),
                       'ASPECT_RATIO_H_FLIP': False,
                       'ENABLED': False,
                       'HEUR': 'SOFT_AVG',
                       'H_FLIP': False,
                       'MAX_SIZE': 4000,
                       'SCALES': (),
                       'SCALE_H_FLIP': False,
                       'SCALE_SIZE_DEP': False},
          'MAX_SIZE': 1333,
          'NMS': 0.5,
          'PRECOMPUTED_PROPOSALS': False,
          'PROPOSAL_FILES': (),
          'PROPOSAL_LIMIT': 2000,
          'RPN_MIN_SIZE': 0,
          'RPN_NMS_THRESH': 0.7,
          'RPN_POST_NMS_TOP_N': 1000,
          'RPN_PRE_NMS_TOP_N': 1000,
          'SCALE': 800,
          'SCORE_THRESH': 0.05,
          'SOFT_NMS': {'ENABLED': False, 'METHOD': 'linear', 'SIGMA': 0.5}},
 'TRAIN': {'ASPECT_CROPPING': False,
           'ASPECT_GROUPING': True,
           'ASPECT_HI': 2,
           'ASPECT_LO': 0.5,
           'BATCH_SIZE_PER_IM': 512,
           'BBOX_INSIDE_WEIGHTS': (1.0, 1.0, 1.0, 1.0),
           'BBOX_NORMALIZE_MEANS': (0.0, 0.0, 0.0, 0.0),
           'BBOX_NORMALIZE_STDS': (0.1, 0.1, 0.2, 0.2),
           'BBOX_NORMALIZE_TARGETS': True,
           'BBOX_NORMALIZE_TARGETS_PRECOMPUTED': False,
           'BBOX_THRESH': 0.5,
           'BG_THRESH_HI': 0.5,
           'BG_THRESH_LO': 0.0,
           'CROWD_FILTER_THRESH': 0.7,
           'DATASETS': (),
           'FG_FRACTION': 0.25,
           'FG_THRESH': 0.5,
           'FREEZE_CONV_BODY': False,
           'GT_MIN_AREA': -1,
           'IMS_PER_BATCH': 2,
           'MAX_SIZE': 1333,
           'PROPOSAL_FILES': (),
           'RPN_BATCH_SIZE_PER_IM': 256,
           'RPN_FG_FRACTION': 0.5,
           'RPN_MIN_SIZE': 0,
           'RPN_NEGATIVE_OVERLAP': 0.3,
           'RPN_NMS_THRESH': 0.7,
           'RPN_POSITIVE_OVERLAP': 0.7,
           'RPN_POST_NMS_TOP_N': 2000,
           'RPN_PRE_NMS_TOP_N': 2000,
           'RPN_STRADDLE_THRESH': 0,
           'SCALES': (800,),
           'SNAPSHOT_ITERS': 20000,
           'USE_FLIPPED': False},
 'VIS': False,
 'VIS_TH': 0.9}
INFO test_engine.py: 352: loading checkpoint /home/ubuntu/vdp/data/ns-vqa-data/pretrained/object_detector.pt
INFO test_engine.py: 286: im_detect: range [1, 6] of 6: 1/6 1.116s + 0.003s (eta: 0:00:05)
INFO test_engine.py: 336: Wrote detections to: /home/ubuntu/vdp/data/clevr-cleaned-variants/aphaeresis/fovariant-0/infer/mask_rcnn/detections.pkl
INFO test_engine.py: 164: Total inference time: 5.621s


| processing proposals 1 / 6 images
| processing proposals 2 / 6 images
| processing proposals 3 / 6 images
| processing proposals 4 / 6 images
| processing proposals 5 / 6 images
| processing proposals 6 / 6 images
| saving object annotations to data/clevr-cleaned-variants/aphaeresis/fovariant-0/infer/attrnet/predictions.json


| options
run_dir: data/clevr-cleaned-variants/aphaeresis/fovariant-0/solver_ir
dataset: clevr
load_checkpoint_path: /home/ubuntu/vdp/data/ns-vqa-data/pretrained/attribute_net.pt
gpu_ids: [0]
clevr_mini_img_dir: /home/ubuntu/vdp/data/ns-vqa-data/raw/CLEVR_mini/images
clevr_mini_ann_path: /home/ubuntu/vdp/data/ns-vqa-data/attr_net/objects/clevr_mini_objs.json
concat_img: 1
split_id: 3500
batch_size: 50
num_workers: 4
learning_rate: 0.002
split: val
output_path: data/clevr-cleaned-variants/aphaeresis/fovariant-0/solver_ir/results.json
clevr_val_ann_path: data/clevr-cleaned-variants/aphaeresis/fovariant-0/infer/attrnet/predictions.json
clevr_val_img_dir: /home/ubuntu/vdp/data/ns-vqa-data/raw/CLEVR_v1.0/images/val
shuffle_data: 0
use_cat_label: 1
name: fovariant-0
| loading checkpoint from /home/ubuntu/vdp/data/ns-vqa-data/pretrained/attribute_net.pt
clevr_object.py: CLEVR_val_000000.png val 0 0
clevr_object.py: CLEVR_val_000000.png val 0 1
clevr_object.py: CLEVR_val_000000.png val 0 2
clevr_object.py: CLEVR_val_000001.png val 1 3
clevr_object.py: CLEVR_val_000001.png val 1 4
clevr_object.py: CLEVR_val_000001.png val 1 5
clevr_object.py: CLEVR_val_000002.png val 2 6
clevr_object.py: CLEVR_val_000002.png val 2 7
clevr_object.py: CLEVR_val_000002.png val 2 8
clevr_object.py: CLEVR_val_000002.png val 2 9
clevr_object.py: CLEVR_val_000003.png val 3 10
clevr_object.py: CLEVR_val_000003.png val 3 11
clevr_object.py: CLEVR_val_000003.png val 3 12
clevr_object.py: CLEVR_val_000004.png val 4 13
clevr_object.py: CLEVR_val_000004.png val 4 14
clevr_object.py: CLEVR_val_000004.png val 4 15
clevr_object.py: CLEVR_val_000004.png val 4 16
clevr_object.py: CLEVR_val_000005.png val 5 17
clevr_object.py: CLEVR_val_000005.png val 5 18
19 / 19 objects processed
| saving annotation file to data/clevr-cleaned-variants/aphaeresis/fovariant-0/solver_ir/results.json


0.json in test
THRESHOLD relate_front objs = {'id': '0-0', 'position': [-2.872441530227661, -0.15919837355613708, 0.691366970539093], 'color': 'blue', 'material': 'metal', 'shape': 'cube', 'size': 'large'}, {'id': '0-2', 'position': [-0.7522608637809753, 0.014177549630403519, 0.6841446757316589], 'color': 'blue', 'material': 'metal', 'shape': 'cylinder', 'size': 'large'}
THRESHOLD relate_behind objs = {'id': '0-1', 'position': [2.778358221054077, 0.24111506342887878, 0.6876601576805115], 'color': 'blue', 'material': 'metal', 'shape': 'cylinder', 'size': 'large'}, {'id': '0-2', 'position': [-0.7522608637809753, 0.014177549630403519, 0.6841446757316589], 'color': 'blue', 'material': 'metal', 'shape': 'cylinder', 'size': 'large'}
THRESHOLD relate_behind objs = {'id': '0-2', 'position': [-0.7522608637809753, 0.014177549630403519, 0.6841446757316589], 'color': 'blue', 'material': 'metal', 'shape': 'cylinder', 'size': 'large'}, {'id': '0-0', 'position': [-2.872441530227661, -0.15919837355613708, 0.691366970539093], 'color': 'blue', 'material': 'metal', 'shape': 'cube', 'size': 'large'}
THRESHOLD relate_front objs = {'id': '0-2', 'position': [-0.7522608637809753, 0.014177549630403519, 0.6841446757316589], 'color': 'blue', 'material': 'metal', 'shape': 'cylinder', 'size': 'large'}, {'id': '0-1', 'position': [2.778358221054077, 0.24111506342887878, 0.6876601576805115], 'color': 'blue', 'material': 'metal', 'shape': 'cylinder', 'size': 'large'}
1.json in test
THRESHOLD relate_front objs = {'id': '1-0', 'position': [-2.69132661819458, -0.18182915449142456, 0.696138858795166], 'color': 'blue', 'material': 'metal', 'shape': 'cube', 'size': 'large'}, {'id': '1-1', 'position': [0.8748942613601685, -0.03981361538171768, 0.6919516921043396], 'color': 'blue', 'material': 'metal', 'shape': 'sphere', 'size': 'large'}
THRESHOLD relate_front objs = {'id': '1-0', 'position': [-2.69132661819458, -0.18182915449142456, 0.696138858795166], 'color': 'blue', 'material': 'metal', 'shape': 'cube', 'size': 'large'}, {'id': '1-2', 'position': [3.0365805625915527, 0.09879438579082489, 0.687309980392456], 'color': 'blue', 'material': 'metal', 'shape': 'sphere', 'size': 'large'}
THRESHOLD relate_behind objs = {'id': '1-1', 'position': [0.8748942613601685, -0.03981361538171768, 0.6919516921043396], 'color': 'blue', 'material': 'metal', 'shape': 'sphere', 'size': 'large'}, {'id': '1-0', 'position': [-2.69132661819458, -0.18182915449142456, 0.696138858795166], 'color': 'blue', 'material': 'metal', 'shape': 'cube', 'size': 'large'}
THRESHOLD relate_front objs = {'id': '1-1', 'position': [0.8748942613601685, -0.03981361538171768, 0.6919516921043396], 'color': 'blue', 'material': 'metal', 'shape': 'sphere', 'size': 'large'}, {'id': '1-2', 'position': [3.0365805625915527, 0.09879438579082489, 0.687309980392456], 'color': 'blue', 'material': 'metal', 'shape': 'sphere', 'size': 'large'}
THRESHOLD relate_behind objs = {'id': '1-2', 'position': [3.0365805625915527, 0.09879438579082489, 0.687309980392456], 'color': 'blue', 'material': 'metal', 'shape': 'sphere', 'size': 'large'}, {'id': '1-0', 'position': [-2.69132661819458, -0.18182915449142456, 0.696138858795166], 'color': 'blue', 'material': 'metal', 'shape': 'cube', 'size': 'large'}
THRESHOLD relate_behind objs = {'id': '1-2', 'position': [3.0365805625915527, 0.09879438579082489, 0.687309980392456], 'color': 'blue', 'material': 'metal', 'shape': 'sphere', 'size': 'large'}, {'id': '1-1', 'position': [0.8748942613601685, -0.03981361538171768, 0.6919516921043396], 'color': 'blue', 'material': 'metal', 'shape': 'sphere', 'size': 'large'}
2.json in test
THRESHOLD relate_behind objs = {'id': '2-0', 'position': [-1.5043387413024902, -0.048290736973285675, 0.3491496443748474], 'color': 'blue', 'material': 'metal', 'shape': 'cube', 'size': 'small'}, {'id': '2-3', 'position': [-2.9553682804107666, -0.11549393832683563, 0.35289686918258667], 'color': 'blue', 'material': 'metal', 'shape': 'cylinder', 'size': 'small'}
THRESHOLD relate_front objs = {'id': '2-0', 'position': [-1.5043387413024902, -0.048290736973285675, 0.3491496443748474], 'color': 'blue', 'material': 'metal', 'shape': 'cube', 'size': 'small'}, {'id': '2-1', 'position': [2.6330361366271973, 0.2727109491825104, 0.34136223793029785], 'color': 'blue', 'material': 'metal', 'shape': 'cylinder', 'size': 'small'}
THRESHOLD relate_front objs = {'id': '2-0', 'position': [-1.5043387413024902, -0.048290736973285675, 0.3491496443748474], 'color': 'blue', 'material': 'metal', 'shape': 'cube', 'size': 'small'}, {'id': '2-2', 'position': [-0.02822425216436386, 0.10843293368816376, 0.33956673741340637], 'color': 'blue', 'material': 'metal', 'shape': 'cylinder', 'size': 'small'}
THRESHOLD relate_behind objs = {'id': '2-1', 'position': [2.6330361366271973, 0.2727109491825104, 0.34136223793029785], 'color': 'blue', 'material': 'metal', 'shape': 'cylinder', 'size': 'small'}, {'id': '2-0', 'position': [-1.5043387413024902, -0.048290736973285675, 0.3491496443748474], 'color': 'blue', 'material': 'metal', 'shape': 'cube', 'size': 'small'}
THRESHOLD relate_behind objs = {'id': '2-1', 'position': [2.6330361366271973, 0.2727109491825104, 0.34136223793029785], 'color': 'blue', 'material': 'metal', 'shape': 'cylinder', 'size': 'small'}, {'id': '2-2', 'position': [-0.02822425216436386, 0.10843293368816376, 0.33956673741340637], 'color': 'blue', 'material': 'metal', 'shape': 'cylinder', 'size': 'small'}
THRESHOLD relate_behind objs = {'id': '2-1', 'position': [2.6330361366271973, 0.2727109491825104, 0.34136223793029785], 'color': 'blue', 'material': 'metal', 'shape': 'cylinder', 'size': 'small'}, {'id': '2-3', 'position': [-2.9553682804107666, -0.11549393832683563, 0.35289686918258667], 'color': 'blue', 'material': 'metal', 'shape': 'cylinder', 'size': 'small'}
THRESHOLD relate_behind objs = {'id': '2-2', 'position': [-0.02822425216436386, 0.10843293368816376, 0.33956673741340637], 'color': 'blue', 'material': 'metal', 'shape': 'cylinder', 'size': 'small'}, {'id': '2-0', 'position': [-1.5043387413024902, -0.048290736973285675, 0.3491496443748474], 'color': 'blue', 'material': 'metal', 'shape': 'cube', 'size': 'small'}
THRESHOLD relate_behind objs = {'id': '2-2', 'position': [-0.02822425216436386, 0.10843293368816376, 0.33956673741340637], 'color': 'blue', 'material': 'metal', 'shape': 'cylinder', 'size': 'small'}, {'id': '2-3', 'position': [-2.9553682804107666, -0.11549393832683563, 0.35289686918258667], 'color': 'blue', 'material': 'metal', 'shape': 'cylinder', 'size': 'small'}
THRESHOLD relate_front objs = {'id': '2-2', 'position': [-0.02822425216436386, 0.10843293368816376, 0.33956673741340637], 'color': 'blue', 'material': 'metal', 'shape': 'cylinder', 'size': 'small'}, {'id': '2-1', 'position': [2.6330361366271973, 0.2727109491825104, 0.34136223793029785], 'color': 'blue', 'material': 'metal', 'shape': 'cylinder', 'size': 'small'}
THRESHOLD relate_front objs = {'id': '2-3', 'position': [-2.9553682804107666, -0.11549393832683563, 0.35289686918258667], 'color': 'blue', 'material': 'metal', 'shape': 'cylinder', 'size': 'small'}, {'id': '2-0', 'position': [-1.5043387413024902, -0.048290736973285675, 0.3491496443748474], 'color': 'blue', 'material': 'metal', 'shape': 'cube', 'size': 'small'}
THRESHOLD relate_front objs = {'id': '2-3', 'position': [-2.9553682804107666, -0.11549393832683563, 0.35289686918258667], 'color': 'blue', 'material': 'metal', 'shape': 'cylinder', 'size': 'small'}, {'id': '2-1', 'position': [2.6330361366271973, 0.2727109491825104, 0.34136223793029785], 'color': 'blue', 'material': 'metal', 'shape': 'cylinder', 'size': 'small'}
THRESHOLD relate_front objs = {'id': '2-3', 'position': [-2.9553682804107666, -0.11549393832683563, 0.35289686918258667], 'color': 'blue', 'material': 'metal', 'shape': 'cylinder', 'size': 'small'}, {'id': '2-2', 'position': [-0.02822425216436386, 0.10843293368816376, 0.33956673741340637], 'color': 'blue', 'material': 'metal', 'shape': 'cylinder', 'size': 'small'}
3.json in train
THRESHOLD relate_front objs = {'id': '3-0', 'position': [-2.8578450679779053, -0.19341996312141418, 0.697288990020752], 'color': 'blue', 'material': 'metal', 'shape': 'cube', 'size': 'large'}, {'id': '3-1', 'position': [2.803417921066284, 0.1868000328540802, 0.6882198452949524], 'color': 'yellow', 'material': 'rubber', 'shape': 'cylinder', 'size': 'large'}
THRESHOLD relate_front objs = {'id': '3-0', 'position': [-2.8578450679779053, -0.19341996312141418, 0.697288990020752], 'color': 'blue', 'material': 'metal', 'shape': 'cube', 'size': 'large'}, {'id': '3-2', 'position': [0.03037519007921219, -0.0036383718252182007, 0.6894550323486328], 'color': 'yellow', 'material': 'rubber', 'shape': 'cylinder', 'size': 'large'}
THRESHOLD relate_behind objs = {'id': '3-1', 'position': [2.803417921066284, 0.1868000328540802, 0.6882198452949524], 'color': 'yellow', 'material': 'rubber', 'shape': 'cylinder', 'size': 'large'}, {'id': '3-0', 'position': [-2.8578450679779053, -0.19341996312141418, 0.697288990020752], 'color': 'blue', 'material': 'metal', 'shape': 'cube', 'size': 'large'}
THRESHOLD relate_behind objs = {'id': '3-1', 'position': [2.803417921066284, 0.1868000328540802, 0.6882198452949524], 'color': 'yellow', 'material': 'rubber', 'shape': 'cylinder', 'size': 'large'}, {'id': '3-2', 'position': [0.03037519007921219, -0.0036383718252182007, 0.6894550323486328], 'color': 'yellow', 'material': 'rubber', 'shape': 'cylinder', 'size': 'large'}
THRESHOLD relate_behind objs = {'id': '3-2', 'position': [0.03037519007921219, -0.0036383718252182007, 0.6894550323486328], 'color': 'yellow', 'material': 'rubber', 'shape': 'cylinder', 'size': 'large'}, {'id': '3-0', 'position': [-2.8578450679779053, -0.19341996312141418, 0.697288990020752], 'color': 'blue', 'material': 'metal', 'shape': 'cube', 'size': 'large'}
THRESHOLD relate_front objs = {'id': '3-2', 'position': [0.03037519007921219, -0.0036383718252182007, 0.6894550323486328], 'color': 'yellow', 'material': 'rubber', 'shape': 'cylinder', 'size': 'large'}, {'id': '3-1', 'position': [2.803417921066284, 0.1868000328540802, 0.6882198452949524], 'color': 'yellow', 'material': 'rubber', 'shape': 'cylinder', 'size': 'large'}
4.json in train
THRESHOLD relate_behind objs = {'id': '4-0', 'position': [0.040199995040893555, -0.02199462801218033, 0.6879994869232178], 'color': 'cyan', 'material': 'rubber', 'shape': 'cylinder', 'size': 'large'}, {'id': '4-1', 'position': [-2.820744752883911, -0.20023858547210693, 0.3424779772758484], 'color': 'gray', 'material': 'metal', 'shape': 'cube', 'size': 'small'}
THRESHOLD relate_front objs = {'id': '4-0', 'position': [0.040199995040893555, -0.02199462801218033, 0.6879994869232178], 'color': 'cyan', 'material': 'rubber', 'shape': 'cylinder', 'size': 'large'}, {'id': '4-2', 'position': [2.035069227218628, 0.12296759337186813, 0.33747991919517517], 'color': 'yellow', 'material': 'metal', 'shape': 'cylinder', 'size': 'small'}
THRESHOLD relate_front objs = {'id': '4-0', 'position': [0.040199995040893555, -0.02199462801218033, 0.6879994869232178], 'color': 'cyan', 'material': 'rubber', 'shape': 'cylinder', 'size': 'large'}, {'id': '4-3', 'position': [3.448209762573242, 0.318001389503479, 0.3386056423187256], 'color': 'yellow', 'material': 'metal', 'shape': 'cylinder', 'size': 'small'}
THRESHOLD relate_front objs = {'id': '4-1', 'position': [-2.820744752883911, -0.20023858547210693, 0.3424779772758484], 'color': 'gray', 'material': 'metal', 'shape': 'cube', 'size': 'small'}, {'id': '4-0', 'position': [0.040199995040893555, -0.02199462801218033, 0.6879994869232178], 'color': 'cyan', 'material': 'rubber', 'shape': 'cylinder', 'size': 'large'}
THRESHOLD relate_front objs = {'id': '4-1', 'position': [-2.820744752883911, -0.20023858547210693, 0.3424779772758484], 'color': 'gray', 'material': 'metal', 'shape': 'cube', 'size': 'small'}, {'id': '4-2', 'position': [2.035069227218628, 0.12296759337186813, 0.33747991919517517], 'color': 'yellow', 'material': 'metal', 'shape': 'cylinder', 'size': 'small'}
THRESHOLD relate_behind objs = {'id': '4-2', 'position': [2.035069227218628, 0.12296759337186813, 0.33747991919517517], 'color': 'yellow', 'material': 'metal', 'shape': 'cylinder', 'size': 'small'}, {'id': '4-0', 'position': [0.040199995040893555, -0.02199462801218033, 0.6879994869232178], 'color': 'cyan', 'material': 'rubber', 'shape': 'cylinder', 'size': 'large'}
THRESHOLD relate_behind objs = {'id': '4-2', 'position': [2.035069227218628, 0.12296759337186813, 0.33747991919517517], 'color': 'yellow', 'material': 'metal', 'shape': 'cylinder', 'size': 'small'}, {'id': '4-1', 'position': [-2.820744752883911, -0.20023858547210693, 0.3424779772758484], 'color': 'gray', 'material': 'metal', 'shape': 'cube', 'size': 'small'}
THRESHOLD relate_front objs = {'id': '4-2', 'position': [2.035069227218628, 0.12296759337186813, 0.33747991919517517], 'color': 'yellow', 'material': 'metal', 'shape': 'cylinder', 'size': 'small'}, {'id': '4-3', 'position': [3.448209762573242, 0.318001389503479, 0.3386056423187256], 'color': 'yellow', 'material': 'metal', 'shape': 'cylinder', 'size': 'small'}
THRESHOLD relate_behind objs = {'id': '4-3', 'position': [3.448209762573242, 0.318001389503479, 0.3386056423187256], 'color': 'yellow', 'material': 'metal', 'shape': 'cylinder', 'size': 'small'}, {'id': '4-0', 'position': [0.040199995040893555, -0.02199462801218033, 0.6879994869232178], 'color': 'cyan', 'material': 'rubber', 'shape': 'cylinder', 'size': 'large'}
THRESHOLD relate_behind objs = {'id': '4-3', 'position': [3.448209762573242, 0.318001389503479, 0.3386056423187256], 'color': 'yellow', 'material': 'metal', 'shape': 'cylinder', 'size': 'small'}, {'id': '4-2', 'position': [2.035069227218628, 0.12296759337186813, 0.33747991919517517], 'color': 'yellow', 'material': 'metal', 'shape': 'cylinder', 'size': 'small'}
5.json in train
THRESHOLD relate_behind objs = {'id': '5-0', 'position': [1.5387355089187622, 0.24098119139671326, 0.33736151456832886], 'color': 'cyan', 'material': 'rubber', 'shape': 'cylinder', 'size': 'small'}, {'id': '5-1', 'position': [-1.2165721654891968, -0.015044314786791801, 0.6929576992988586], 'color': 'gray', 'material': 'rubber', 'shape': 'cube', 'size': 'large'}
THRESHOLD relate_front objs = {'id': '5-1', 'position': [-1.2165721654891968, -0.015044314786791801, 0.6929576992988586], 'color': 'gray', 'material': 'rubber', 'shape': 'cube', 'size': 'large'}, {'id': '5-0', 'position': [1.5387355089187622, 0.24098119139671326, 0.33736151456832886], 'color': 'cyan', 'material': 'rubber', 'shape': 'cylinder', 'size': 'small'}
