Started Logging. 2022-07-09 11:05:48.515419

found bundled python: /home/ubuntu/vdp/data/blender-2.78c-linux-glibc219-x86_64/2.78/python
read blend: /home/ubuntu/vdp/data/clevr_scene_data/base_scene.blend
convertViewVec: called in an invalid context
convertViewVec: called in an invalid context
convertViewVec: called in an invalid context
convertViewVec: called in an invalid context
Fra:1 Mem:21.63M (0.00M, Peak 21.63M) | Time:00:00.00 | Preparing Scene data
Fra:1 Mem:33.72M (0.00M, Peak 34.71M) | Time:00:00.02 | Preparing Scene data
Fra:1 Mem:33.72M (0.00M, Peak 34.71M) | Time:00:00.02 | Creating Shadowbuffers
Fra:1 Mem:33.72M (0.00M, Peak 34.71M) | Time:00:00.02 | Raytree.. preparing
Fra:1 Mem:47.10M (0.00M, Peak 47.10M) | Time:00:00.03 | Raytree.. building
Fra:1 Mem:46.38M (0.00M, Peak 67.25M) | Time:00:00.25 | Raytree finished
Fra:1 Mem:46.38M (0.00M, Peak 67.25M) | Time:00:00.25 | Creating Environment maps
Fra:1 Mem:46.38M (0.00M, Peak 67.25M) | Time:00:00.25 | Caching Point Densities
Fra:1 Mem:46.38M (0.00M, Peak 67.25M) | Time:00:00.25 | Sce: Scene Ve:101384 Fa:97395 La:1
Fra:1 Mem:46.38M (0.00M, Peak 67.25M) | Time:00:00.25 | Loading voxel datasets
Fra:1 Mem:46.38M (0.00M, Peak 67.25M) | Time:00:00.25 | Sce: Scene Ve:101384 Fa:97395 La:1
Fra:1 Mem:46.38M (0.00M, Peak 67.25M) | Time:00:00.25 | Sce: Scene Ve:101384 Fa:97395 La:1
Fra:1 Mem:46.38M (0.00M, Peak 67.25M) | Time:00:00.25 | Volume preprocessing
Fra:1 Mem:46.38M (0.00M, Peak 67.25M) | Time:00:00.25 | Sce: Scene Ve:101384 Fa:97395 La:1
Fra:1 Mem:46.38M (0.00M, Peak 67.25M) | Time:00:00.25 | Sce: Scene Ve:101384 Fa:97395 La:1
Fra:1 Mem:50.72M (0.00M, Peak 67.25M) | Time:00:00.25 | Scene, Part 3-4
Fra:1 Mem:50.41M (0.00M, Peak 67.25M) | Time:00:00.25 | Scene, Part 4-4
Fra:1 Mem:49.38M (0.00M, Peak 67.25M) | Time:00:00.27 | Scene, Part 1-4
Fra:1 Mem:47.47M (0.00M, Peak 67.25M) | Time:00:00.27 | Scene, Part 2-4
Fra:1 Mem:21.48M (0.00M, Peak 67.25M) | Time:00:00.27 | Sce: Scene Ve:101384 Fa:97395 La:1
Saved: '/tmp/tmpjy400xxk.png'
 Time: 00:00.32 (Saving: 00:00.04)

Fra:1 Mem:21.52M (0.00M, Peak 22.11M) | Time:00:00.04 | Mem:0.00M, Peak:0.00M | Scene, RenderLayer | Synchronizing object | Area
Fra:1 Mem:21.52M (0.00M, Peak 22.11M) | Time:00:00.04 | Mem:0.00M, Peak:0.00M | Scene, RenderLayer | Synchronizing object | Ground
Fra:1 Mem:21.59M (0.00M, Peak 22.11M) | Time:00:00.05 | Mem:0.00M, Peak:0.00M | Scene, RenderLayer | Synchronizing object | Empty
Fra:1 Mem:21.59M (0.00M, Peak 22.11M) | Time:00:00.05 | Mem:0.00M, Peak:0.00M | Scene, RenderLayer | Synchronizing object | Lamp_Back
Fra:1 Mem:21.59M (0.00M, Peak 22.11M) | Time:00:00.05 | Mem:0.00M, Peak:0.00M | Scene, RenderLayer | Synchronizing object | Lamp_Fill
Fra:1 Mem:21.59M (0.00M, Peak 22.11M) | Time:00:00.05 | Mem:0.00M, Peak:0.00M | Scene, RenderLayer | Synchronizing object | Lamp_Key
Fra:1 Mem:21.59M (0.00M, Peak 22.11M) | Time:00:00.05 | Mem:0.00M, Peak:0.00M | Scene, RenderLayer | Synchronizing object | Camera
Fra:1 Mem:21.59M (0.00M, Peak 22.11M) | Time:00:00.05 | Mem:0.00M, Peak:0.00M | Scene, RenderLayer | Synchronizing object | SmoothCylinder_0
Fra:1 Mem:24.37M (0.00M, Peak 27.59M) | Time:00:00.05 | Mem:0.00M, Peak:0.00M | Scene, RenderLayer | Synchronizing object | Sphere_0
Fra:1 Mem:25.86M (0.00M, Peak 27.59M) | Time:00:00.06 | Mem:0.00M, Peak:0.00M | Scene, RenderLayer | Synchronizing object | SmoothCylinder_1
Fra:1 Mem:28.64M (0.00M, Peak 31.86M) | Time:00:00.07 | Mem:0.00M, Peak:0.00M | Scene, RenderLayer | Synchronizing object | Sphere_1
Fra:1 Mem:30.14M (0.00M, Peak 31.86M) | Time:00:00.07 | Mem:0.00M, Peak:0.00M | Scene, RenderLayer | Initializing
Fra:1 Mem:30.14M (0.00M, Peak 31.86M) | Time:00:00.07 | Mem:0.00M, Peak:0.00M | Scene, RenderLayer | Loading render kernels (may take a few minutes the first time)
Fra:1 Mem:30.14M (0.00M, Peak 32.84M) | Time:00:00.09 | Mem:0.00M, Peak:0.00M | Scene, RenderLayer | Waiting for render to start
Fra:1 Mem:30.14M (0.00M, Peak 32.84M) | Time:00:00.09 | Mem:0.00M, Peak:0.00M | Scene, RenderLayer | Updating Scene
Fra:1 Mem:30.14M (0.00M, Peak 32.84M) | Time:00:00.09 | Mem:0.00M, Peak:0.00M | Scene, RenderLayer | Updating Shaders
Fra:1 Mem:30.64M (0.00M, Peak 32.84M) | Time:00:00.17 | Mem:0.00M, Peak:0.00M | Scene, RenderLayer | Updating Background
Fra:1 Mem:30.64M (0.00M, Peak 32.84M) | Time:00:00.17 | Mem:0.00M, Peak:0.00M | Scene, RenderLayer | Updating Camera
Fra:1 Mem:30.64M (0.00M, Peak 32.84M) | Time:00:00.17 | Mem:0.00M, Peak:0.00M | Scene, RenderLayer | Updating Meshes Flags
Fra:1 Mem:30.64M (0.00M, Peak 32.84M) | Time:00:00.17 | Mem:0.00M, Peak:0.00M | Scene, RenderLayer | Updating Objects
Fra:1 Mem:30.64M (0.00M, Peak 32.84M) | Time:00:00.17 | Mem:0.00M, Peak:0.00M | Scene, RenderLayer | Updating Objects | Copying Transformations to device
Fra:1 Mem:30.64M (0.00M, Peak 32.84M) | Time:00:00.17 | Mem:0.00M, Peak:0.00M | Scene, RenderLayer | Updating Objects | Applying Static Transformations
Fra:1 Mem:30.64M (0.00M, Peak 32.84M) | Time:00:00.17 | Mem:0.00M, Peak:0.00M | Scene, RenderLayer | Updating Meshes
Fra:1 Mem:33.62M (0.00M, Peak 33.62M) | Time:00:00.18 | Mem:0.00M, Peak:0.00M | Scene, RenderLayer | Updating Mesh | Computing attributes
Fra:1 Mem:34.09M (0.00M, Peak 34.09M) | Time:00:00.18 | Mem:0.00M, Peak:0.00M | Scene, RenderLayer | Updating Mesh | Copying Attributes to device
Fra:1 Mem:34.09M (0.00M, Peak 34.56M) | Time:00:00.18 | Mem:0.47M, Peak:0.47M | Scene, RenderLayer | Updating Scene BVH | Building
Fra:1 Mem:34.09M (0.00M, Peak 34.56M) | Time:00:00.18 | Mem:0.47M, Peak:0.47M | Scene, RenderLayer | Updating Scene BVH | Building BVH
Fra:1 Mem:45.25M (0.00M, Peak 45.25M) | Time:00:00.31 | Mem:0.47M, Peak:0.47M | Scene, RenderLayer | Updating Scene BVH | Packing BVH triangles and strands
Fra:1 Mem:55.67M (0.00M, Peak 55.67M) | Time:00:00.32 | Mem:0.47M, Peak:0.47M | Scene, RenderLayer | Updating Scene BVH | Packing BVH nodes
Fra:1 Mem:49.87M (0.00M, Peak 58.80M) | Time:00:00.33 | Mem:0.47M, Peak:0.47M | Scene, RenderLayer | Updating Scene BVH | Copying BVH to device
Fra:1 Mem:50.61M (0.00M, Peak 58.80M) | Time:00:00.34 | Mem:16.25M, Peak:16.25M | Scene, RenderLayer | Updating Mesh | Computing normals
Fra:1 Mem:57.42M (0.00M, Peak 58.80M) | Time:00:00.34 | Mem:16.25M, Peak:16.25M | Scene, RenderLayer | Updating Mesh | Copying Mesh to device
Fra:1 Mem:56.67M (0.00M, Peak 58.80M) | Time:00:00.34 | Mem:23.06M, Peak:23.06M | Scene, RenderLayer | Updating Objects Flags
Fra:1 Mem:56.67M (0.00M, Peak 58.80M) | Time:00:00.34 | Mem:23.06M, Peak:23.06M | Scene, RenderLayer | Updating Images
Fra:1 Mem:56.67M (0.00M, Peak 58.80M) | Time:00:00.34 | Mem:23.06M, Peak:23.06M | Scene, RenderLayer | Updating Camera Volume
Fra:1 Mem:56.67M (0.00M, Peak 58.80M) | Time:00:00.34 | Mem:23.06M, Peak:23.06M | Scene, RenderLayer | Updating Hair Systems
Fra:1 Mem:56.67M (0.00M, Peak 58.80M) | Time:00:00.34 | Mem:23.06M, Peak:23.06M | Scene, RenderLayer | Updating Hair settings | Copying Hair settings to device
Fra:1 Mem:56.67M (0.00M, Peak 58.80M) | Time:00:00.34 | Mem:23.06M, Peak:23.06M | Scene, RenderLayer | Updating Lookup Tables
Fra:1 Mem:56.67M (0.00M, Peak 58.80M) | Time:00:00.34 | Mem:23.31M, Peak:23.31M | Scene, RenderLayer | Updating Lights
Fra:1 Mem:56.67M (0.00M, Peak 58.80M) | Time:00:00.34 | Mem:23.31M, Peak:23.31M | Scene, RenderLayer | Updating Lights | Computing distribution
Fra:1 Mem:56.67M (0.00M, Peak 58.80M) | Time:00:00.34 | Mem:23.31M, Peak:23.31M | Scene, RenderLayer | Updating Particle Systems
Fra:1 Mem:56.67M (0.00M, Peak 58.80M) | Time:00:00.34 | Mem:23.31M, Peak:23.31M | Scene, RenderLayer | Updating Particle Systems | Copying Particles to device
Fra:1 Mem:56.67M (0.00M, Peak 58.80M) | Time:00:00.34 | Mem:23.31M, Peak:23.31M | Scene, RenderLayer | Updating Integrator
Fra:1 Mem:56.71M (0.00M, Peak 58.80M) | Time:00:00.34 | Mem:23.35M, Peak:23.35M | Scene, RenderLayer | Updating Film
Fra:1 Mem:56.72M (0.00M, Peak 58.80M) | Time:00:00.34 | Mem:23.35M, Peak:23.35M | Scene, RenderLayer | Updating Lookup Tables
Fra:1 Mem:56.72M (0.00M, Peak 58.80M) | Time:00:00.34 | Mem:23.35M, Peak:23.35M | Scene, RenderLayer | Updating Baking
Fra:1 Mem:56.72M (0.00M, Peak 58.80M) | Time:00:00.34 | Mem:23.35M, Peak:23.35M | Scene, RenderLayer | Updating Device | Writing constant memory
Fra:1 Mem:56.72M (0.00M, Peak 58.80M) | Time:00:00.34 | Mem:23.35M, Peak:23.35M | Scene, RenderLayer | Path Tracing Tile 0/4, Sample 0/512
Fra:1 Mem:58.97M (0.00M, Peak 60.22M) | Time:00:00.35 | Mem:25.60M, Peak:25.60M | Scene, RenderLayer | Path Tracing Tile 1/4, Sample 0/512
Fra:1 Mem:58.97M (0.00M, Peak 61.22M) | Time:00:01.35 | Remaining:00:11.80 | Mem:25.60M, Peak:25.60M | Scene, RenderLayer | Path Tracing Tile 1/4, Sample 94/512
Fra:1 Mem:58.97M (0.00M, Peak 61.22M) | Time:00:02.36 | Remaining:00:10.76 | Mem:25.60M, Peak:25.60M | Scene, RenderLayer | Path Tracing Tile 1/4, Sample 189/512
Fra:1 Mem:58.97M (0.00M, Peak 61.22M) | Time:00:03.36 | Remaining:00:09.74 | Mem:25.60M, Peak:25.60M | Scene, RenderLayer | Path Tracing Tile 1/4, Sample 284/512
Fra:1 Mem:58.97M (0.00M, Peak 61.22M) | Time:00:04.37 | Remaining:00:08.74 | Mem:25.60M, Peak:25.60M | Scene, RenderLayer | Path Tracing Tile 1/4, Sample 378/512
Fra:1 Mem:58.97M (0.00M, Peak 61.22M) | Time:00:05.37 | Remaining:00:07.75 | Mem:25.60M, Peak:25.60M | Scene, RenderLayer | Path Tracing Tile 1/4, Sample 472/512
Fra:1 Mem:56.72M (0.00M, Peak 61.22M) | Time:00:05.80 | Remaining:00:07.33 | Mem:23.35M, Peak:25.60M | Scene, RenderLayer | Path Tracing Tile 1/4, Sample 512/512
Fra:1 Mem:58.69M (0.00M, Peak 61.22M) | Time:00:05.81 | Remaining:00:07.34 | Mem:25.32M, Peak:25.60M | Scene, RenderLayer | Path Tracing Tile 2/4, Sample 512/512
Fra:1 Mem:58.69M (0.00M, Peak 61.22M) | Time:00:06.37 | Remaining:00:06.90 | Mem:25.32M, Peak:25.60M | Scene, RenderLayer | Path Tracing Tile 2/4, Sample 54/512
Fra:1 Mem:58.69M (0.00M, Peak 61.22M) | Time:00:07.38 | Remaining:00:06.08 | Mem:25.32M, Peak:25.60M | Scene, RenderLayer | Path Tracing Tile 2/4, Sample 150/512
Fra:1 Mem:58.69M (0.00M, Peak 61.22M) | Time:00:08.38 | Remaining:00:05.23 | Mem:25.32M, Peak:25.60M | Scene, RenderLayer | Path Tracing Tile 2/4, Sample 245/512
Fra:1 Mem:58.69M (0.00M, Peak 61.22M) | Time:00:09.38 | Remaining:00:04.35 | Mem:25.32M, Peak:25.60M | Scene, RenderLayer | Path Tracing Tile 2/4, Sample 340/512
Fra:1 Mem:58.69M (0.00M, Peak 61.22M) | Time:00:10.38 | Remaining:00:03.45 | Mem:25.32M, Peak:25.60M | Scene, RenderLayer | Path Tracing Tile 2/4, Sample 435/512
Fra:1 Mem:56.72M (0.00M, Peak 61.22M) | Time:00:11.20 | Remaining:00:02.71 | Mem:23.35M, Peak:25.60M | Scene, RenderLayer | Path Tracing Tile 2/4, Sample 512/512
Fra:1 Mem:57.28M (0.00M, Peak 61.22M) | Time:00:11.20 | Remaining:00:02.71 | Mem:23.92M, Peak:25.60M | Scene, RenderLayer | Path Tracing Tile 3/4, Sample 512/512
Fra:1 Mem:57.28M (0.00M, Peak 61.22M) | Time:00:11.38 | Remaining:00:02.60 | Mem:23.92M, Peak:25.60M | Scene, RenderLayer | Path Tracing Tile 3/4, Sample 43/512
Fra:1 Mem:57.28M (0.00M, Peak 61.22M) | Time:00:12.38 | Remaining:00:01.98 | Mem:23.92M, Peak:25.60M | Scene, RenderLayer | Path Tracing Tile 3/4, Sample 280/512
Fra:1 Mem:56.72M (0.00M, Peak 61.22M) | Time:00:13.37 | Remaining:00:01.34 | Mem:23.35M, Peak:25.60M | Scene, RenderLayer | Path Tracing Tile 3/4, Sample 512/512
Fra:1 Mem:57.21M (0.00M, Peak 61.22M) | Time:00:13.37 | Remaining:00:01.34 | Mem:23.85M, Peak:25.60M | Scene, RenderLayer | Path Tracing Tile 4/4, Sample 512/512
Fra:1 Mem:57.21M (0.00M, Peak 61.22M) | Time:00:13.39 | Remaining:00:01.33 | Mem:23.85M, Peak:25.60M | Scene, RenderLayer | Path Tracing Tile 4/4, Sample 3/512
Fra:1 Mem:57.21M (0.00M, Peak 61.22M) | Time:00:14.39 | Remaining:00:00.68 | Mem:23.85M, Peak:25.60M | Scene, RenderLayer | Path Tracing Tile 4/4, Sample 257/512
Fra:1 Mem:57.21M (0.00M, Peak 61.22M) | Time:00:15.39 | Remaining:00:00.00 | Mem:23.85M, Peak:25.60M | Scene, RenderLayer | Path Tracing Tile 4/4, Sample 511/512
Fra:1 Mem:56.72M (0.00M, Peak 61.22M) | Time:00:15.39 | Mem:23.35M, Peak:25.60M | Scene, RenderLayer | Path Tracing Tile 4/4, Sample 512/512
Fra:1 Mem:56.72M (0.00M, Peak 61.22M) | Time:00:15.39 | Mem:23.35M, Peak:25.60M | Scene, RenderLayer | Finished
Fra:1 Mem:21.76M (0.00M, Peak 61.22M) | Time:00:15.48 | Sce: Scene Ve:0 Fa:0 La:0
Saved: 'data/clevr-cleaned-variants/spy/fovariant-9/render/images/CLEVR_val_000000.png'
 Time: 00:15.52 (Saving: 00:00.04)

read blend: /home/ubuntu/vdp/data/clevr_scene_data/base_scene.blend
convertViewVec: called in an invalid context
convertViewVec: called in an invalid context
convertViewVec: called in an invalid context
convertViewVec: called in an invalid context
Fra:1 Mem:21.90M (0.00M, Peak 21.90M) | Time:00:00.00 | Preparing Scene data
Fra:1 Mem:33.99M (0.00M, Peak 36.14M) | Time:00:00.02 | Preparing Scene data
Fra:1 Mem:33.99M (0.00M, Peak 36.14M) | Time:00:00.02 | Creating Shadowbuffers
Fra:1 Mem:33.99M (0.00M, Peak 36.14M) | Time:00:00.02 | Raytree.. preparing
Fra:1 Mem:47.37M (0.00M, Peak 47.37M) | Time:00:00.03 | Raytree.. building
Fra:1 Mem:46.66M (0.00M, Peak 67.55M) | Time:00:00.25 | Raytree finished
Fra:1 Mem:46.66M (0.00M, Peak 67.55M) | Time:00:00.25 | Creating Environment maps
Fra:1 Mem:46.66M (0.00M, Peak 67.55M) | Time:00:00.25 | Caching Point Densities
Fra:1 Mem:46.66M (0.00M, Peak 67.55M) | Time:00:00.25 | Sce: Scene Ve:101384 Fa:97415 La:1
Fra:1 Mem:46.66M (0.00M, Peak 67.55M) | Time:00:00.25 | Loading voxel datasets
Fra:1 Mem:46.66M (0.00M, Peak 67.55M) | Time:00:00.25 | Sce: Scene Ve:101384 Fa:97415 La:1
Fra:1 Mem:46.66M (0.00M, Peak 67.55M) | Time:00:00.25 | Sce: Scene Ve:101384 Fa:97415 La:1
Fra:1 Mem:46.66M (0.00M, Peak 67.55M) | Time:00:00.25 | Volume preprocessing
Fra:1 Mem:46.66M (0.00M, Peak 67.55M) | Time:00:00.25 | Sce: Scene Ve:101384 Fa:97415 La:1
Fra:1 Mem:46.66M (0.00M, Peak 67.55M) | Time:00:00.25 | Sce: Scene Ve:101384 Fa:97415 La:1
Fra:1 Mem:50.73M (0.00M, Peak 67.55M) | Time:00:00.25 | Scene, Part 3-4
Fra:1 Mem:50.70M (0.00M, Peak 67.55M) | Time:00:00.25 | Scene, Part 4-4
Fra:1 Mem:49.67M (0.00M, Peak 67.55M) | Time:00:00.26 | Scene, Part 1-4
Fra:1 Mem:47.76M (0.00M, Peak 67.55M) | Time:00:00.27 | Scene, Part 2-4
Fra:1 Mem:21.75M (0.00M, Peak 67.55M) | Time:00:00.27 | Sce: Scene Ve:101384 Fa:97415 La:1
Saved: '/tmp/tmp7_6bauzo.png'
 Time: 00:00.29 (Saving: 00:00.01)

Fra:1 Mem:21.79M (0.00M, Peak 22.38M) | Time:00:00.04 | Mem:0.00M, Peak:0.00M | Scene, RenderLayer | Synchronizing object | Area
Fra:1 Mem:21.79M (0.00M, Peak 22.38M) | Time:00:00.04 | Mem:0.00M, Peak:0.00M | Scene, RenderLayer | Synchronizing object | Ground
Fra:1 Mem:21.85M (0.00M, Peak 22.38M) | Time:00:00.04 | Mem:0.00M, Peak:0.00M | Scene, RenderLayer | Synchronizing object | Empty
Fra:1 Mem:21.85M (0.00M, Peak 22.38M) | Time:00:00.04 | Mem:0.00M, Peak:0.00M | Scene, RenderLayer | Synchronizing object | Lamp_Back
Fra:1 Mem:21.85M (0.00M, Peak 22.38M) | Time:00:00.04 | Mem:0.00M, Peak:0.00M | Scene, RenderLayer | Synchronizing object | Lamp_Fill
Fra:1 Mem:21.85M (0.00M, Peak 22.38M) | Time:00:00.04 | Mem:0.00M, Peak:0.00M | Scene, RenderLayer | Synchronizing object | Lamp_Key
Fra:1 Mem:21.85M (0.00M, Peak 22.38M) | Time:00:00.04 | Mem:0.00M, Peak:0.00M | Scene, RenderLayer | Synchronizing object | Camera
Fra:1 Mem:21.85M (0.00M, Peak 22.38M) | Time:00:00.04 | Mem:0.00M, Peak:0.00M | Scene, RenderLayer | Synchronizing object | Sphere_0
Fra:1 Mem:23.35M (0.00M, Peak 24.79M) | Time:00:00.05 | Mem:0.00M, Peak:0.00M | Scene, RenderLayer | Synchronizing object | SmoothCylinder_0
Fra:1 Mem:26.13M (0.00M, Peak 29.35M) | Time:00:00.06 | Mem:0.00M, Peak:0.00M | Scene, RenderLayer | Synchronizing object | Sphere_1
Fra:1 Mem:27.62M (0.00M, Peak 29.35M) | Time:00:00.06 | Mem:0.00M, Peak:0.00M | Scene, RenderLayer | Synchronizing object | SmoothCylinder_1
Fra:1 Mem:30.41M (0.00M, Peak 33.63M) | Time:00:00.07 | Mem:0.00M, Peak:0.00M | Scene, RenderLayer | Initializing
Fra:1 Mem:30.41M (0.00M, Peak 33.63M) | Time:00:00.07 | Mem:0.00M, Peak:0.00M | Scene, RenderLayer | Loading render kernels (may take a few minutes the first time)
Fra:1 Mem:30.41M (0.00M, Peak 33.63M) | Time:00:00.09 | Mem:0.00M, Peak:0.00M | Scene, RenderLayer | Waiting for render to start
Fra:1 Mem:30.41M (0.00M, Peak 33.63M) | Time:00:00.09 | Mem:0.00M, Peak:0.00M | Scene, RenderLayer | Updating Scene
Fra:1 Mem:30.41M (0.00M, Peak 33.63M) | Time:00:00.09 | Mem:0.00M, Peak:0.00M | Scene, RenderLayer | Updating Shaders
Fra:1 Mem:30.66M (0.00M, Peak 33.63M) | Time:00:00.09 | Mem:0.00M, Peak:0.00M | Scene, RenderLayer | Updating Background
Fra:1 Mem:30.66M (0.00M, Peak 33.63M) | Time:00:00.09 | Mem:0.00M, Peak:0.00M | Scene, RenderLayer | Updating Camera
Fra:1 Mem:30.66M (0.00M, Peak 33.63M) | Time:00:00.09 | Mem:0.00M, Peak:0.00M | Scene, RenderLayer | Updating Meshes Flags
Fra:1 Mem:30.66M (0.00M, Peak 33.63M) | Time:00:00.09 | Mem:0.00M, Peak:0.00M | Scene, RenderLayer | Updating Objects
Fra:1 Mem:30.66M (0.00M, Peak 33.63M) | Time:00:00.09 | Mem:0.00M, Peak:0.00M | Scene, RenderLayer | Updating Objects | Copying Transformations to device
Fra:1 Mem:30.66M (0.00M, Peak 33.63M) | Time:00:00.09 | Mem:0.00M, Peak:0.00M | Scene, RenderLayer | Updating Objects | Applying Static Transformations
Fra:1 Mem:30.66M (0.00M, Peak 33.63M) | Time:00:00.09 | Mem:0.00M, Peak:0.00M | Scene, RenderLayer | Updating Meshes
Fra:1 Mem:33.64M (0.00M, Peak 33.64M) | Time:00:00.10 | Mem:0.00M, Peak:0.00M | Scene, RenderLayer | Updating Mesh | Computing attributes
Fra:1 Mem:34.11M (0.00M, Peak 34.11M) | Time:00:00.10 | Mem:0.00M, Peak:0.00M | Scene, RenderLayer | Updating Mesh | Copying Attributes to device
Fra:1 Mem:34.11M (0.00M, Peak 34.58M) | Time:00:00.10 | Mem:0.47M, Peak:0.47M | Scene, RenderLayer | Updating Scene BVH | Building
Fra:1 Mem:34.11M (0.00M, Peak 34.58M) | Time:00:00.10 | Mem:0.47M, Peak:0.47M | Scene, RenderLayer | Updating Scene BVH | Building BVH
Fra:1 Mem:45.27M (0.00M, Peak 45.27M) | Time:00:00.23 | Mem:0.47M, Peak:0.47M | Scene, RenderLayer | Updating Scene BVH | Packing BVH triangles and strands
Fra:1 Mem:55.68M (0.00M, Peak 55.68M) | Time:00:00.24 | Mem:0.47M, Peak:0.47M | Scene, RenderLayer | Updating Scene BVH | Packing BVH nodes
Fra:1 Mem:49.89M (0.00M, Peak 58.82M) | Time:00:00.25 | Mem:0.47M, Peak:0.47M | Scene, RenderLayer | Updating Scene BVH | Copying BVH to device
Fra:1 Mem:50.63M (0.00M, Peak 58.82M) | Time:00:00.25 | Mem:16.26M, Peak:16.26M | Scene, RenderLayer | Updating Mesh | Computing normals
Fra:1 Mem:57.44M (0.00M, Peak 58.82M) | Time:00:00.26 | Mem:16.26M, Peak:16.26M | Scene, RenderLayer | Updating Mesh | Copying Mesh to device
Fra:1 Mem:56.70M (0.00M, Peak 58.82M) | Time:00:00.26 | Mem:23.06M, Peak:23.06M | Scene, RenderLayer | Updating Objects Flags
Fra:1 Mem:56.70M (0.00M, Peak 58.82M) | Time:00:00.26 | Mem:23.06M, Peak:23.06M | Scene, RenderLayer | Updating Images
Fra:1 Mem:56.70M (0.00M, Peak 58.82M) | Time:00:00.26 | Mem:23.06M, Peak:23.06M | Scene, RenderLayer | Updating Camera Volume
Fra:1 Mem:56.70M (0.00M, Peak 58.82M) | Time:00:00.26 | Mem:23.06M, Peak:23.06M | Scene, RenderLayer | Updating Hair Systems
Fra:1 Mem:56.70M (0.00M, Peak 58.82M) | Time:00:00.26 | Mem:23.06M, Peak:23.06M | Scene, RenderLayer | Updating Hair settings | Copying Hair settings to device
Fra:1 Mem:56.70M (0.00M, Peak 58.82M) | Time:00:00.26 | Mem:23.06M, Peak:23.06M | Scene, RenderLayer | Updating Lookup Tables
Fra:1 Mem:56.70M (0.00M, Peak 58.82M) | Time:00:00.26 | Mem:23.31M, Peak:23.31M | Scene, RenderLayer | Updating Lights
Fra:1 Mem:56.70M (0.00M, Peak 58.82M) | Time:00:00.26 | Mem:23.31M, Peak:23.31M | Scene, RenderLayer | Updating Lights | Computing distribution
Fra:1 Mem:56.70M (0.00M, Peak 58.82M) | Time:00:00.26 | Mem:23.31M, Peak:23.31M | Scene, RenderLayer | Updating Particle Systems
Fra:1 Mem:56.70M (0.00M, Peak 58.82M) | Time:00:00.26 | Mem:23.31M, Peak:23.31M | Scene, RenderLayer | Updating Particle Systems | Copying Particles to device
Fra:1 Mem:56.70M (0.00M, Peak 58.82M) | Time:00:00.26 | Mem:23.31M, Peak:23.31M | Scene, RenderLayer | Updating Integrator
Fra:1 Mem:56.74M (0.00M, Peak 58.82M) | Time:00:00.26 | Mem:23.35M, Peak:23.35M | Scene, RenderLayer | Updating Film
Fra:1 Mem:56.74M (0.00M, Peak 58.82M) | Time:00:00.26 | Mem:23.35M, Peak:23.35M | Scene, RenderLayer | Updating Lookup Tables
Fra:1 Mem:56.74M (0.00M, Peak 58.82M) | Time:00:00.26 | Mem:23.36M, Peak:23.36M | Scene, RenderLayer | Updating Baking
Fra:1 Mem:56.74M (0.00M, Peak 58.82M) | Time:00:00.26 | Mem:23.36M, Peak:23.36M | Scene, RenderLayer | Updating Device | Writing constant memory
Fra:1 Mem:56.74M (0.00M, Peak 58.82M) | Time:00:00.26 | Mem:23.36M, Peak:23.36M | Scene, RenderLayer | Path Tracing Tile 0/4, Sample 0/512
Fra:1 Mem:58.99M (0.00M, Peak 60.24M) | Time:00:00.26 | Mem:25.61M, Peak:25.61M | Scene, RenderLayer | Path Tracing Tile 1/4, Sample 0/512
Fra:1 Mem:58.99M (0.00M, Peak 61.24M) | Time:00:01.27 | Remaining:00:11.07 | Mem:25.61M, Peak:25.61M | Scene, RenderLayer | Path Tracing Tile 1/4, Sample 100/512
Fra:1 Mem:58.99M (0.00M, Peak 61.24M) | Time:00:02.27 | Remaining:00:10.04 | Mem:25.61M, Peak:25.61M | Scene, RenderLayer | Path Tracing Tile 1/4, Sample 200/512
Fra:1 Mem:58.99M (0.00M, Peak 61.24M) | Time:00:03.27 | Remaining:00:09.07 | Mem:25.61M, Peak:25.61M | Scene, RenderLayer | Path Tracing Tile 1/4, Sample 299/512
Fra:1 Mem:58.99M (0.00M, Peak 61.24M) | Time:00:04.28 | Remaining:00:08.06 | Mem:25.61M, Peak:25.61M | Scene, RenderLayer | Path Tracing Tile 1/4, Sample 399/512
Fra:1 Mem:58.99M (0.00M, Peak 61.24M) | Time:00:05.29 | Remaining:00:07.06 | Mem:25.61M, Peak:25.61M | Scene, RenderLayer | Path Tracing Tile 1/4, Sample 499/512
Fra:1 Mem:56.74M (0.00M, Peak 61.24M) | Time:00:05.42 | Remaining:00:06.93 | Mem:23.36M, Peak:25.61M | Scene, RenderLayer | Path Tracing Tile 1/4, Sample 512/512
Fra:1 Mem:58.71M (0.00M, Peak 61.24M) | Time:00:05.43 | Remaining:00:06.93 | Mem:25.33M, Peak:25.61M | Scene, RenderLayer | Path Tracing Tile 2/4, Sample 512/512
Fra:1 Mem:58.71M (0.00M, Peak 61.24M) | Time:00:06.29 | Remaining:00:06.16 | Mem:25.33M, Peak:25.61M | Scene, RenderLayer | Path Tracing Tile 2/4, Sample 93/512
Fra:1 Mem:58.71M (0.00M, Peak 61.24M) | Time:00:07.30 | Remaining:00:05.24 | Mem:25.33M, Peak:25.61M | Scene, RenderLayer | Path Tracing Tile 2/4, Sample 201/512
Fra:1 Mem:58.71M (0.00M, Peak 61.24M) | Time:00:08.31 | Remaining:00:04.29 | Mem:25.33M, Peak:25.61M | Scene, RenderLayer | Path Tracing Tile 2/4, Sample 309/512
Fra:1 Mem:58.71M (0.00M, Peak 61.24M) | Time:00:09.32 | Remaining:00:03.33 | Mem:25.33M, Peak:25.61M | Scene, RenderLayer | Path Tracing Tile 2/4, Sample 417/512
Fra:1 Mem:56.74M (0.00M, Peak 61.24M) | Time:00:10.21 | Remaining:00:02.48 | Mem:23.36M, Peak:25.61M | Scene, RenderLayer | Path Tracing Tile 2/4, Sample 512/512
Fra:1 Mem:57.30M (0.00M, Peak 61.24M) | Time:00:10.21 | Remaining:00:02.48 | Mem:23.92M, Peak:25.61M | Scene, RenderLayer | Path Tracing Tile 3/4, Sample 512/512
Fra:1 Mem:57.30M (0.00M, Peak 61.24M) | Time:00:10.32 | Remaining:00:02.42 | Mem:23.92M, Peak:25.61M | Scene, RenderLayer | Path Tracing Tile 3/4, Sample 26/512
Fra:1 Mem:57.30M (0.00M, Peak 61.24M) | Time:00:11.32 | Remaining:00:01.86 | Mem:23.92M, Peak:25.61M | Scene, RenderLayer | Path Tracing Tile 3/4, Sample 267/512
Fra:1 Mem:57.30M (0.00M, Peak 61.24M) | Time:00:12.32 | Remaining:00:01.26 | Mem:23.92M, Peak:25.61M | Scene, RenderLayer | Path Tracing Tile 3/4, Sample 505/512
Fra:1 Mem:56.74M (0.00M, Peak 61.24M) | Time:00:12.35 | Remaining:00:01.24 | Mem:23.36M, Peak:25.61M | Scene, RenderLayer | Path Tracing Tile 3/4, Sample 512/512
Fra:1 Mem:57.23M (0.00M, Peak 61.24M) | Time:00:12.35 | Remaining:00:01.24 | Mem:23.85M, Peak:25.61M | Scene, RenderLayer | Path Tracing Tile 4/4, Sample 512/512
Fra:1 Mem:57.23M (0.00M, Peak 61.24M) | Time:00:13.32 | Remaining:00:00.66 | Mem:23.85M, Peak:25.61M | Scene, RenderLayer | Path Tracing Tile 4/4, Sample 245/512
Fra:1 Mem:57.23M (0.00M, Peak 61.24M) | Time:00:14.33 | Remaining:00:00.03 | Mem:23.85M, Peak:25.61M | Scene, RenderLayer | Path Tracing Tile 4/4, Sample 497/512
Fra:1 Mem:56.74M (0.00M, Peak 61.24M) | Time:00:14.38 | Mem:23.36M, Peak:25.61M | Scene, RenderLayer | Path Tracing Tile 4/4, Sample 512/512
Fra:1 Mem:56.74M (0.00M, Peak 61.24M) | Time:00:14.38 | Mem:23.36M, Peak:25.61M | Scene, RenderLayer | Finished
Fra:1 Mem:21.78M (0.00M, Peak 61.24M) | Time:00:14.47 | Sce: Scene Ve:0 Fa:0 La:0
Saved: 'data/clevr-cleaned-variants/spy/fovariant-9/render/images/CLEVR_val_000001.png'
 Time: 00:14.51 (Saving: 00:00.03)

read blend: /home/ubuntu/vdp/data/clevr_scene_data/base_scene.blend
convertViewVec: called in an invalid context
convertViewVec: called in an invalid context
convertViewVec: called in an invalid context
convertViewVec: called in an invalid context
Fra:1 Mem:14.39M (0.00M, Peak 14.39M) | Time:00:00.00 | Preparing Scene data
Fra:1 Mem:19.67M (0.00M, Peak 20.65M) | Time:00:00.01 | Preparing Scene data
Fra:1 Mem:19.67M (0.00M, Peak 20.65M) | Time:00:00.01 | Creating Shadowbuffers
Fra:1 Mem:19.67M (0.00M, Peak 20.65M) | Time:00:00.01 | Raytree.. preparing
Fra:1 Mem:25.21M (0.00M, Peak 25.21M) | Time:00:00.01 | Raytree.. building
Fra:1 Mem:24.92M (0.00M, Peak 33.58M) | Time:00:00.10 | Raytree finished
Fra:1 Mem:24.92M (0.00M, Peak 33.58M) | Time:00:00.10 | Creating Environment maps
Fra:1 Mem:24.92M (0.00M, Peak 33.58M) | Time:00:00.10 | Caching Point Densities
Fra:1 Mem:24.92M (0.00M, Peak 33.58M) | Time:00:00.10 | Sce: Scene Ve:38228 Fa:40340 La:1
Fra:1 Mem:24.92M (0.00M, Peak 33.58M) | Time:00:00.10 | Loading voxel datasets
Fra:1 Mem:24.92M (0.00M, Peak 33.58M) | Time:00:00.10 | Sce: Scene Ve:38228 Fa:40340 La:1
Fra:1 Mem:24.93M (0.00M, Peak 33.58M) | Time:00:00.10 | Sce: Scene Ve:38228 Fa:40340 La:1
Fra:1 Mem:24.93M (0.00M, Peak 33.58M) | Time:00:00.10 | Volume preprocessing
Fra:1 Mem:24.93M (0.00M, Peak 33.58M) | Time:00:00.10 | Sce: Scene Ve:38228 Fa:40340 La:1
Fra:1 Mem:24.93M (0.00M, Peak 33.58M) | Time:00:00.10 | Sce: Scene Ve:38228 Fa:40340 La:1
Fra:1 Mem:27.27M (0.00M, Peak 33.58M) | Time:00:00.10 | Scene, Part 4-4
Fra:1 Mem:26.99M (0.00M, Peak 33.58M) | Time:00:00.10 | Scene, Part 3-4
Fra:1 Mem:27.27M (0.00M, Peak 33.58M) | Time:00:00.12 | Scene, Part 2-4
Fra:1 Mem:26.18M (0.00M, Peak 33.58M) | Time:00:00.12 | Scene, Part 1-4
Fra:1 Mem:14.24M (0.00M, Peak 33.58M) | Time:00:00.12 | Sce: Scene Ve:38228 Fa:40340 La:1
Saved: '/tmp/tmpuxz54v0f.png'
 Time: 00:00.14 (Saving: 00:00.01)

Fra:1 Mem:14.27M (0.00M, Peak 14.87M) | Time:00:00.04 | Mem:0.00M, Peak:0.00M | Scene, RenderLayer | Synchronizing object | Area
Fra:1 Mem:14.27M (0.00M, Peak 14.87M) | Time:00:00.04 | Mem:0.00M, Peak:0.00M | Scene, RenderLayer | Synchronizing object | Ground
Fra:1 Mem:14.34M (0.00M, Peak 14.87M) | Time:00:00.04 | Mem:0.00M, Peak:0.00M | Scene, RenderLayer | Synchronizing object | Empty
Fra:1 Mem:14.34M (0.00M, Peak 14.87M) | Time:00:00.04 | Mem:0.00M, Peak:0.00M | Scene, RenderLayer | Synchronizing object | Lamp_Back
Fra:1 Mem:14.34M (0.00M, Peak 14.87M) | Time:00:00.04 | Mem:0.00M, Peak:0.00M | Scene, RenderLayer | Synchronizing object | Lamp_Fill
Fra:1 Mem:14.34M (0.00M, Peak 14.87M) | Time:00:00.04 | Mem:0.00M, Peak:0.00M | Scene, RenderLayer | Synchronizing object | Lamp_Key
Fra:1 Mem:14.34M (0.00M, Peak 14.87M) | Time:00:00.04 | Mem:0.00M, Peak:0.00M | Scene, RenderLayer | Synchronizing object | Camera
Fra:1 Mem:14.34M (0.00M, Peak 14.87M) | Time:00:00.04 | Mem:0.00M, Peak:0.00M | Scene, RenderLayer | Synchronizing object | SmoothCube_v2_0
Fra:1 Mem:14.65M (0.00M, Peak 15.02M) | Time:00:00.04 | Mem:0.00M, Peak:0.00M | Scene, RenderLayer | Synchronizing object | SmoothCube_v2_1
Fra:1 Mem:14.96M (0.00M, Peak 15.32M) | Time:00:00.04 | Mem:0.00M, Peak:0.00M | Scene, RenderLayer | Synchronizing object | Sphere_0
Fra:1 Mem:16.45M (0.00M, Peak 17.89M) | Time:00:00.05 | Mem:0.00M, Peak:0.00M | Scene, RenderLayer | Synchronizing object | Sphere_1
Fra:1 Mem:17.95M (0.00M, Peak 19.38M) | Time:00:00.06 | Mem:0.00M, Peak:0.00M | Scene, RenderLayer | Initializing
Fra:1 Mem:17.95M (0.00M, Peak 19.38M) | Time:00:00.06 | Mem:0.00M, Peak:0.00M | Scene, RenderLayer | Loading render kernels (may take a few minutes the first time)
Fra:1 Mem:17.95M (0.00M, Peak 20.65M) | Time:00:00.07 | Mem:0.00M, Peak:0.00M | Scene, RenderLayer | Waiting for render to start
Fra:1 Mem:17.95M (0.00M, Peak 20.65M) | Time:00:00.07 | Mem:0.00M, Peak:0.00M | Scene, RenderLayer | Updating Scene
Fra:1 Mem:17.95M (0.00M, Peak 20.65M) | Time:00:00.07 | Mem:0.00M, Peak:0.00M | Scene, RenderLayer | Updating Shaders
Fra:1 Mem:18.20M (0.00M, Peak 20.65M) | Time:00:00.07 | Mem:0.00M, Peak:0.00M | Scene, RenderLayer | Updating Background
Fra:1 Mem:18.20M (0.00M, Peak 20.65M) | Time:00:00.07 | Mem:0.00M, Peak:0.00M | Scene, RenderLayer | Updating Camera
Fra:1 Mem:18.20M (0.00M, Peak 20.65M) | Time:00:00.07 | Mem:0.00M, Peak:0.00M | Scene, RenderLayer | Updating Meshes Flags
Fra:1 Mem:18.20M (0.00M, Peak 20.65M) | Time:00:00.07 | Mem:0.00M, Peak:0.00M | Scene, RenderLayer | Updating Objects
Fra:1 Mem:18.20M (0.00M, Peak 20.65M) | Time:00:00.07 | Mem:0.00M, Peak:0.00M | Scene, RenderLayer | Updating Objects | Copying Transformations to device
Fra:1 Mem:18.20M (0.00M, Peak 20.65M) | Time:00:00.07 | Mem:0.00M, Peak:0.00M | Scene, RenderLayer | Updating Objects | Applying Static Transformations
Fra:1 Mem:18.20M (0.00M, Peak 20.65M) | Time:00:00.07 | Mem:0.00M, Peak:0.00M | Scene, RenderLayer | Updating Meshes
Fra:1 Mem:19.39M (0.00M, Peak 20.65M) | Time:00:00.07 | Mem:0.00M, Peak:0.00M | Scene, RenderLayer | Updating Mesh | Computing attributes
Fra:1 Mem:19.86M (0.00M, Peak 20.65M) | Time:00:00.07 | Mem:0.00M, Peak:0.00M | Scene, RenderLayer | Updating Mesh | Copying Attributes to device
Fra:1 Mem:19.86M (0.00M, Peak 20.65M) | Time:00:00.07 | Mem:0.47M, Peak:0.47M | Scene, RenderLayer | Updating Scene BVH | Building
Fra:1 Mem:19.86M (0.00M, Peak 20.65M) | Time:00:00.07 | Mem:0.47M, Peak:0.47M | Scene, RenderLayer | Updating Scene BVH | Building BVH
Fra:1 Mem:24.32M (0.00M, Peak 24.32M) | Time:00:00.12 | Mem:0.47M, Peak:0.47M | Scene, RenderLayer | Updating Scene BVH | Packing BVH triangles and strands
Fra:1 Mem:28.48M (0.00M, Peak 28.48M) | Time:00:00.13 | Mem:0.47M, Peak:0.47M | Scene, RenderLayer | Updating Scene BVH | Packing BVH nodes
Fra:1 Mem:26.09M (0.00M, Peak 29.66M) | Time:00:00.13 | Mem:0.47M, Peak:0.47M | Scene, RenderLayer | Updating Scene BVH | Copying BVH to device
Fra:1 Mem:26.39M (0.00M, Peak 29.66M) | Time:00:00.14 | Mem:6.70M, Peak:6.70M | Scene, RenderLayer | Updating Mesh | Computing normals
Fra:1 Mem:29.07M (0.00M, Peak 29.66M) | Time:00:00.14 | Mem:6.70M, Peak:6.70M | Scene, RenderLayer | Updating Mesh | Copying Mesh to device
Fra:1 Mem:28.77M (0.00M, Peak 29.66M) | Time:00:00.14 | Mem:9.38M, Peak:9.38M | Scene, RenderLayer | Updating Objects Flags
Fra:1 Mem:28.77M (0.00M, Peak 29.66M) | Time:00:00.14 | Mem:9.38M, Peak:9.38M | Scene, RenderLayer | Updating Images
Fra:1 Mem:28.77M (0.00M, Peak 29.66M) | Time:00:00.14 | Mem:9.38M, Peak:9.38M | Scene, RenderLayer | Updating Camera Volume
Fra:1 Mem:28.77M (0.00M, Peak 29.66M) | Time:00:00.14 | Mem:9.38M, Peak:9.38M | Scene, RenderLayer | Updating Hair Systems
Fra:1 Mem:28.77M (0.00M, Peak 29.66M) | Time:00:00.14 | Mem:9.38M, Peak:9.38M | Scene, RenderLayer | Updating Hair settings | Copying Hair settings to device
Fra:1 Mem:28.77M (0.00M, Peak 29.66M) | Time:00:00.14 | Mem:9.38M, Peak:9.38M | Scene, RenderLayer | Updating Lookup Tables
Fra:1 Mem:28.77M (0.00M, Peak 29.66M) | Time:00:00.14 | Mem:9.63M, Peak:9.63M | Scene, RenderLayer | Updating Lights
Fra:1 Mem:28.77M (0.00M, Peak 29.66M) | Time:00:00.14 | Mem:9.63M, Peak:9.63M | Scene, RenderLayer | Updating Lights | Computing distribution
Fra:1 Mem:28.77M (0.00M, Peak 29.66M) | Time:00:00.14 | Mem:9.63M, Peak:9.63M | Scene, RenderLayer | Updating Particle Systems
Fra:1 Mem:28.77M (0.00M, Peak 29.66M) | Time:00:00.14 | Mem:9.63M, Peak:9.63M | Scene, RenderLayer | Updating Particle Systems | Copying Particles to device
Fra:1 Mem:28.77M (0.00M, Peak 29.66M) | Time:00:00.14 | Mem:9.63M, Peak:9.63M | Scene, RenderLayer | Updating Integrator
Fra:1 Mem:28.81M (0.00M, Peak 29.66M) | Time:00:00.14 | Mem:9.67M, Peak:9.67M | Scene, RenderLayer | Updating Film
Fra:1 Mem:28.81M (0.00M, Peak 29.66M) | Time:00:00.14 | Mem:9.67M, Peak:9.67M | Scene, RenderLayer | Updating Lookup Tables
Fra:1 Mem:28.81M (0.00M, Peak 29.66M) | Time:00:00.14 | Mem:9.68M, Peak:9.68M | Scene, RenderLayer | Updating Baking
Fra:1 Mem:28.81M (0.00M, Peak 29.66M) | Time:00:00.14 | Mem:9.68M, Peak:9.68M | Scene, RenderLayer | Updating Device | Writing constant memory
Fra:1 Mem:28.81M (0.00M, Peak 29.66M) | Time:00:00.14 | Mem:9.68M, Peak:9.68M | Scene, RenderLayer | Path Tracing Tile 0/4, Sample 0/512
Fra:1 Mem:31.06M (0.00M, Peak 32.31M) | Time:00:00.14 | Mem:11.93M, Peak:11.93M | Scene, RenderLayer | Path Tracing Tile 1/4, Sample 0/512
Fra:1 Mem:31.06M (0.00M, Peak 33.31M) | Time:00:01.15 | Remaining:00:11.87 | Mem:11.93M, Peak:11.93M | Scene, RenderLayer | Path Tracing Tile 1/4, Sample 94/512
Fra:1 Mem:31.06M (0.00M, Peak 33.31M) | Time:00:02.15 | Remaining:00:10.82 | Mem:11.93M, Peak:11.93M | Scene, RenderLayer | Path Tracing Tile 1/4, Sample 188/512
Fra:1 Mem:31.06M (0.00M, Peak 33.31M) | Time:00:03.15 | Remaining:00:09.80 | Mem:11.93M, Peak:11.93M | Scene, RenderLayer | Path Tracing Tile 1/4, Sample 282/512
Fra:1 Mem:31.06M (0.00M, Peak 33.31M) | Time:00:04.15 | Remaining:00:08.79 | Mem:11.93M, Peak:11.93M | Scene, RenderLayer | Path Tracing Tile 1/4, Sample 376/512
Fra:1 Mem:31.06M (0.00M, Peak 33.31M) | Time:00:05.16 | Remaining:00:07.80 | Mem:11.93M, Peak:11.93M | Scene, RenderLayer | Path Tracing Tile 1/4, Sample 470/512
Fra:1 Mem:28.81M (0.00M, Peak 33.31M) | Time:00:05.62 | Remaining:00:07.35 | Mem:9.68M, Peak:11.93M | Scene, RenderLayer | Path Tracing Tile 1/4, Sample 512/512
Fra:1 Mem:30.78M (0.00M, Peak 33.31M) | Time:00:05.62 | Remaining:00:07.36 | Mem:11.65M, Peak:11.93M | Scene, RenderLayer | Path Tracing Tile 2/4, Sample 512/512
Fra:1 Mem:30.78M (0.00M, Peak 33.31M) | Time:00:06.17 | Remaining:00:06.97 | Mem:11.65M, Peak:11.93M | Scene, RenderLayer | Path Tracing Tile 2/4, Sample 51/512
Fra:1 Mem:30.78M (0.00M, Peak 33.31M) | Time:00:07.18 | Remaining:00:06.20 | Mem:11.65M, Peak:11.93M | Scene, RenderLayer | Path Tracing Tile 2/4, Sample 144/512
Fra:1 Mem:30.78M (0.00M, Peak 33.31M) | Time:00:08.18 | Remaining:00:05.39 | Mem:11.65M, Peak:11.93M | Scene, RenderLayer | Path Tracing Tile 2/4, Sample 236/512
Fra:1 Mem:30.78M (0.00M, Peak 33.31M) | Time:00:09.19 | Remaining:00:04.54 | Mem:11.65M, Peak:11.93M | Scene, RenderLayer | Path Tracing Tile 2/4, Sample 328/512
Fra:1 Mem:30.78M (0.00M, Peak 33.31M) | Time:00:10.20 | Remaining:00:03.66 | Mem:11.65M, Peak:11.93M | Scene, RenderLayer | Path Tracing Tile 2/4, Sample 420/512
Fra:1 Mem:30.78M (0.00M, Peak 33.31M) | Time:00:11.20 | Remaining:00:02.77 | Mem:11.65M, Peak:11.93M | Scene, RenderLayer | Path Tracing Tile 2/4, Sample 511/512
Fra:1 Mem:28.81M (0.00M, Peak 33.31M) | Time:00:11.21 | Remaining:00:02.76 | Mem:9.68M, Peak:11.93M | Scene, RenderLayer | Path Tracing Tile 2/4, Sample 512/512
Fra:1 Mem:29.38M (0.00M, Peak 33.31M) | Time:00:11.21 | Remaining:00:02.76 | Mem:10.24M, Peak:11.93M | Scene, RenderLayer | Path Tracing Tile 3/4, Sample 512/512
Fra:1 Mem:29.38M (0.00M, Peak 33.31M) | Time:00:12.20 | Remaining:00:02.14 | Mem:10.24M, Peak:11.93M | Scene, RenderLayer | Path Tracing Tile 3/4, Sample 234/512
Fra:1 Mem:29.38M (0.00M, Peak 33.31M) | Time:00:13.20 | Remaining:00:01.48 | Mem:10.24M, Peak:11.93M | Scene, RenderLayer | Path Tracing Tile 3/4, Sample 470/512
Fra:1 Mem:28.81M (0.00M, Peak 33.31M) | Time:00:13.38 | Remaining:00:01.36 | Mem:9.68M, Peak:11.93M | Scene, RenderLayer | Path Tracing Tile 3/4, Sample 512/512
Fra:1 Mem:29.31M (0.00M, Peak 33.31M) | Time:00:13.38 | Remaining:00:01.36 | Mem:10.17M, Peak:11.93M | Scene, RenderLayer | Path Tracing Tile 4/4, Sample 512/512
Fra:1 Mem:29.31M (0.00M, Peak 33.31M) | Time:00:14.20 | Remaining:00:00.82 | Mem:10.17M, Peak:11.93M | Scene, RenderLayer | Path Tracing Tile 4/4, Sample 207/512
Fra:1 Mem:29.31M (0.00M, Peak 33.31M) | Time:00:15.20 | Remaining:00:00.15 | Mem:10.17M, Peak:11.93M | Scene, RenderLayer | Path Tracing Tile 4/4, Sample 457/512
Fra:1 Mem:28.81M (0.00M, Peak 33.31M) | Time:00:15.42 | Mem:9.68M, Peak:11.93M | Scene, RenderLayer | Path Tracing Tile 4/4, Sample 512/512
Fra:1 Mem:28.81M (0.00M, Peak 33.31M) | Time:00:15.42 | Mem:9.68M, Peak:11.93M | Scene, RenderLayer | Finished
Fra:1 Mem:14.27M (0.00M, Peak 33.31M) | Time:00:15.50 | Sce: Scene Ve:0 Fa:0 La:0
Saved: 'data/clevr-cleaned-variants/spy/fovariant-9/render/images/CLEVR_val_000002.png'
 Time: 00:15.54 (Saving: 00:00.03)

read blend: /home/ubuntu/vdp/data/clevr_scene_data/base_scene.blend
convertViewVec: called in an invalid context
convertViewVec: called in an invalid context
convertViewVec: called in an invalid context
convertViewVec: called in an invalid context
convertViewVec: called in an invalid context
convertViewVec: called in an invalid context
Fra:1 Mem:28.19M (0.00M, Peak 28.19M) | Time:00:00.00 | Preparing Scene data
Fra:1 Mem:46.33M (0.00M, Peak 47.31M) | Time:00:00.03 | Preparing Scene data
Fra:1 Mem:46.33M (0.00M, Peak 47.31M) | Time:00:00.03 | Creating Shadowbuffers
Fra:1 Mem:46.33M (0.00M, Peak 47.31M) | Time:00:00.03 | Raytree.. preparing
Fra:1 Mem:66.40M (0.00M, Peak 66.40M) | Time:00:00.05 | Raytree.. building
Fra:1 Mem:65.31M (0.00M, Peak 96.63M) | Time:00:00.39 | Raytree finished
Fra:1 Mem:65.31M (0.00M, Peak 96.63M) | Time:00:00.39 | Creating Environment maps
Fra:1 Mem:65.31M (0.00M, Peak 96.63M) | Time:00:00.39 | Caching Point Densities
Fra:1 Mem:65.31M (0.00M, Peak 96.63M) | Time:00:00.39 | Sce: Scene Ve:152076 Fa:146094 La:1
Fra:1 Mem:65.31M (0.00M, Peak 96.63M) | Time:00:00.39 | Loading voxel datasets
Fra:1 Mem:65.31M (0.00M, Peak 96.63M) | Time:00:00.39 | Sce: Scene Ve:152076 Fa:146094 La:1
Fra:1 Mem:65.31M (0.00M, Peak 96.63M) | Time:00:00.39 | Sce: Scene Ve:152076 Fa:146094 La:1
Fra:1 Mem:65.31M (0.00M, Peak 96.63M) | Time:00:00.39 | Volume preprocessing
Fra:1 Mem:65.31M (0.00M, Peak 96.63M) | Time:00:00.39 | Sce: Scene Ve:152076 Fa:146094 La:1
Fra:1 Mem:65.31M (0.00M, Peak 96.63M) | Time:00:00.39 | Sce: Scene Ve:152076 Fa:146094 La:1
Fra:1 Mem:69.66M (0.00M, Peak 96.63M) | Time:00:00.40 | Scene, Part 4-4
Fra:1 Mem:69.38M (0.00M, Peak 96.63M) | Time:00:00.40 | Scene, Part 3-4
Fra:1 Mem:68.41M (0.00M, Peak 96.63M) | Time:00:00.41 | Scene, Part 2-4
Fra:1 Mem:66.56M (0.00M, Peak 96.63M) | Time:00:00.41 | Scene, Part 1-4
Fra:1 Mem:27.98M (0.00M, Peak 96.63M) | Time:00:00.42 | Sce: Scene Ve:152076 Fa:146094 La:1
Saved: '/tmp/tmpt4x2511w.png'
 Time: 00:00.44 (Saving: 00:00.01)

Fra:1 Mem:28.01M (0.00M, Peak 28.61M) | Time:00:00.04 | Mem:0.00M, Peak:0.00M | Scene, RenderLayer | Synchronizing object | Area
Fra:1 Mem:28.01M (0.00M, Peak 28.61M) | Time:00:00.04 | Mem:0.00M, Peak:0.00M | Scene, RenderLayer | Synchronizing object | Ground
Fra:1 Mem:28.08M (0.00M, Peak 28.61M) | Time:00:00.04 | Mem:0.00M, Peak:0.00M | Scene, RenderLayer | Synchronizing object | Empty
Fra:1 Mem:28.08M (0.00M, Peak 28.61M) | Time:00:00.04 | Mem:0.00M, Peak:0.00M | Scene, RenderLayer | Synchronizing object | Lamp_Back
Fra:1 Mem:28.08M (0.00M, Peak 28.61M) | Time:00:00.04 | Mem:0.00M, Peak:0.00M | Scene, RenderLayer | Synchronizing object | Lamp_Fill
Fra:1 Mem:28.08M (0.00M, Peak 28.61M) | Time:00:00.04 | Mem:0.00M, Peak:0.00M | Scene, RenderLayer | Synchronizing object | Lamp_Key
Fra:1 Mem:28.08M (0.00M, Peak 28.61M) | Time:00:00.04 | Mem:0.00M, Peak:0.00M | Scene, RenderLayer | Synchronizing object | Camera
Fra:1 Mem:28.08M (0.00M, Peak 28.61M) | Time:00:00.04 | Mem:0.00M, Peak:0.00M | Scene, RenderLayer | Synchronizing object | SmoothCylinder_0
Fra:1 Mem:30.86M (0.00M, Peak 34.08M) | Time:00:00.05 | Mem:0.00M, Peak:0.00M | Scene, RenderLayer | Synchronizing object | Sphere_0
Fra:1 Mem:32.36M (0.00M, Peak 34.08M) | Time:00:00.06 | Mem:0.00M, Peak:0.00M | Scene, RenderLayer | Synchronizing object | SmoothCylinder_1
Fra:1 Mem:35.14M (0.00M, Peak 38.36M) | Time:00:00.07 | Mem:0.00M, Peak:0.00M | Scene, RenderLayer | Synchronizing object | Sphere_1
Fra:1 Mem:36.63M (0.00M, Peak 38.36M) | Time:00:00.07 | Mem:0.00M, Peak:0.00M | Scene, RenderLayer | Synchronizing object | SmoothCylinder_2
Fra:1 Mem:39.42M (0.00M, Peak 42.64M) | Time:00:00.08 | Mem:0.00M, Peak:0.00M | Scene, RenderLayer | Synchronizing object | Sphere_2
Fra:1 Mem:40.91M (0.00M, Peak 42.64M) | Time:00:00.09 | Mem:0.00M, Peak:0.00M | Scene, RenderLayer | Initializing
Fra:1 Mem:40.91M (0.00M, Peak 42.64M) | Time:00:00.09 | Mem:0.00M, Peak:0.00M | Scene, RenderLayer | Loading render kernels (may take a few minutes the first time)
Fra:1 Mem:40.91M (0.00M, Peak 43.61M) | Time:00:00.10 | Mem:0.00M, Peak:0.00M | Scene, RenderLayer | Waiting for render to start
Fra:1 Mem:40.91M (0.00M, Peak 43.61M) | Time:00:00.10 | Mem:0.00M, Peak:0.00M | Scene, RenderLayer | Updating Scene
Fra:1 Mem:40.91M (0.00M, Peak 43.61M) | Time:00:00.10 | Mem:0.00M, Peak:0.00M | Scene, RenderLayer | Updating Shaders
Fra:1 Mem:41.17M (0.00M, Peak 43.61M) | Time:00:00.10 | Mem:0.00M, Peak:0.00M | Scene, RenderLayer | Updating Background
Fra:1 Mem:41.17M (0.00M, Peak 43.61M) | Time:00:00.10 | Mem:0.00M, Peak:0.00M | Scene, RenderLayer | Updating Camera
Fra:1 Mem:41.17M (0.00M, Peak 43.61M) | Time:00:00.10 | Mem:0.00M, Peak:0.00M | Scene, RenderLayer | Updating Meshes Flags
Fra:1 Mem:41.17M (0.00M, Peak 43.61M) | Time:00:00.10 | Mem:0.00M, Peak:0.00M | Scene, RenderLayer | Updating Objects
Fra:1 Mem:41.17M (0.00M, Peak 43.61M) | Time:00:00.10 | Mem:0.00M, Peak:0.00M | Scene, RenderLayer | Updating Objects | Copying Transformations to device
Fra:1 Mem:41.17M (0.00M, Peak 43.61M) | Time:00:00.10 | Mem:0.01M, Peak:0.01M | Scene, RenderLayer | Updating Objects | Applying Static Transformations
Fra:1 Mem:41.17M (0.00M, Peak 43.61M) | Time:00:00.10 | Mem:0.01M, Peak:0.01M | Scene, RenderLayer | Updating Meshes
Fra:1 Mem:45.62M (0.00M, Peak 45.62M) | Time:00:00.11 | Mem:0.01M, Peak:0.01M | Scene, RenderLayer | Updating Mesh | Computing attributes
Fra:1 Mem:46.32M (0.00M, Peak 46.32M) | Time:00:00.12 | Mem:0.01M, Peak:0.01M | Scene, RenderLayer | Updating Mesh | Copying Attributes to device
Fra:1 Mem:46.32M (0.00M, Peak 47.03M) | Time:00:00.12 | Mem:0.71M, Peak:0.71M | Scene, RenderLayer | Updating Scene BVH | Building
Fra:1 Mem:46.32M (0.00M, Peak 47.03M) | Time:00:00.12 | Mem:0.71M, Peak:0.71M | Scene, RenderLayer | Updating Scene BVH | Building BVH
Fra:1 Mem:63.02M (0.00M, Peak 63.02M) | Time:00:00.31 | Mem:0.71M, Peak:0.71M | Scene, RenderLayer | Updating Scene BVH | Packing BVH triangles and strands
Fra:1 Mem:78.60M (0.00M, Peak 78.60M) | Time:00:00.32 | Mem:0.71M, Peak:0.71M | Scene, RenderLayer | Updating Scene BVH | Packing BVH nodes
Fra:1 Mem:69.94M (0.00M, Peak 83.30M) | Time:00:00.34 | Mem:0.71M, Peak:0.71M | Scene, RenderLayer | Updating Scene BVH | Copying BVH to device
Fra:1 Mem:71.05M (0.00M, Peak 83.30M) | Time:00:00.35 | Mem:24.32M, Peak:24.32M | Scene, RenderLayer | Updating Mesh | Computing normals
Fra:1 Mem:81.23M (0.00M, Peak 83.30M) | Time:00:00.35 | Mem:24.32M, Peak:24.32M | Scene, RenderLayer | Updating Mesh | Copying Mesh to device
Fra:1 Mem:80.12M (0.00M, Peak 83.30M) | Time:00:00.36 | Mem:34.50M, Peak:34.50M | Scene, RenderLayer | Updating Objects Flags
Fra:1 Mem:80.12M (0.00M, Peak 83.30M) | Time:00:00.36 | Mem:34.50M, Peak:34.50M | Scene, RenderLayer | Updating Images
Fra:1 Mem:80.12M (0.00M, Peak 83.30M) | Time:00:00.36 | Mem:34.50M, Peak:34.50M | Scene, RenderLayer | Updating Camera Volume
Fra:1 Mem:80.12M (0.00M, Peak 83.30M) | Time:00:00.36 | Mem:34.50M, Peak:34.50M | Scene, RenderLayer | Updating Hair Systems
Fra:1 Mem:80.12M (0.00M, Peak 83.30M) | Time:00:00.36 | Mem:34.50M, Peak:34.50M | Scene, RenderLayer | Updating Hair settings | Copying Hair settings to device
Fra:1 Mem:80.12M (0.00M, Peak 83.30M) | Time:00:00.36 | Mem:34.50M, Peak:34.50M | Scene, RenderLayer | Updating Lookup Tables
Fra:1 Mem:80.12M (0.00M, Peak 83.30M) | Time:00:00.36 | Mem:34.75M, Peak:34.75M | Scene, RenderLayer | Updating Lights
Fra:1 Mem:80.12M (0.00M, Peak 83.30M) | Time:00:00.36 | Mem:34.75M, Peak:34.75M | Scene, RenderLayer | Updating Lights | Computing distribution
Fra:1 Mem:80.12M (0.00M, Peak 83.30M) | Time:00:00.36 | Mem:34.75M, Peak:34.75M | Scene, RenderLayer | Updating Particle Systems
Fra:1 Mem:80.12M (0.00M, Peak 83.30M) | Time:00:00.36 | Mem:34.75M, Peak:34.75M | Scene, RenderLayer | Updating Particle Systems | Copying Particles to device
Fra:1 Mem:80.12M (0.00M, Peak 83.30M) | Time:00:00.36 | Mem:34.75M, Peak:34.75M | Scene, RenderLayer | Updating Integrator
Fra:1 Mem:80.16M (0.00M, Peak 83.30M) | Time:00:00.36 | Mem:34.79M, Peak:34.79M | Scene, RenderLayer | Updating Film
Fra:1 Mem:80.16M (0.00M, Peak 83.30M) | Time:00:00.36 | Mem:34.79M, Peak:34.79M | Scene, RenderLayer | Updating Lookup Tables
Fra:1 Mem:80.16M (0.00M, Peak 83.30M) | Time:00:00.36 | Mem:34.80M, Peak:34.80M | Scene, RenderLayer | Updating Baking
Fra:1 Mem:80.16M (0.00M, Peak 83.30M) | Time:00:00.36 | Mem:34.80M, Peak:34.80M | Scene, RenderLayer | Updating Device | Writing constant memory
Fra:1 Mem:80.16M (0.00M, Peak 83.30M) | Time:00:00.36 | Mem:34.80M, Peak:34.80M | Scene, RenderLayer | Path Tracing Tile 0/4, Sample 0/512
Fra:1 Mem:82.41M (0.00M, Peak 83.66M) | Time:00:00.36 | Mem:37.05M, Peak:37.05M | Scene, RenderLayer | Path Tracing Tile 1/4, Sample 0/512
Fra:1 Mem:82.41M (0.00M, Peak 84.66M) | Time:00:01.37 | Remaining:00:14.51 | Mem:37.05M, Peak:37.05M | Scene, RenderLayer | Path Tracing Tile 1/4, Sample 78/512
Fra:1 Mem:82.41M (0.00M, Peak 84.66M) | Time:00:02.37 | Remaining:00:13.47 | Mem:37.05M, Peak:37.05M | Scene, RenderLayer | Path Tracing Tile 1/4, Sample 156/512
Fra:1 Mem:82.41M (0.00M, Peak 84.66M) | Time:00:03.37 | Remaining:00:12.44 | Mem:37.05M, Peak:37.05M | Scene, RenderLayer | Path Tracing Tile 1/4, Sample 234/512
Fra:1 Mem:82.41M (0.00M, Peak 84.66M) | Time:00:04.38 | Remaining:00:11.44 | Mem:37.05M, Peak:37.05M | Scene, RenderLayer | Path Tracing Tile 1/4, Sample 312/512
Fra:1 Mem:82.41M (0.00M, Peak 84.66M) | Time:00:05.38 | Remaining:00:10.43 | Mem:37.05M, Peak:37.05M | Scene, RenderLayer | Path Tracing Tile 1/4, Sample 390/512
Fra:1 Mem:82.41M (0.00M, Peak 84.66M) | Time:00:06.39 | Remaining:00:09.43 | Mem:37.05M, Peak:37.05M | Scene, RenderLayer | Path Tracing Tile 1/4, Sample 468/512
Fra:1 Mem:80.16M (0.00M, Peak 84.66M) | Time:00:06.96 | Remaining:00:08.87 | Mem:34.80M, Peak:37.05M | Scene, RenderLayer | Path Tracing Tile 1/4, Sample 512/512
Fra:1 Mem:82.13M (0.00M, Peak 84.66M) | Time:00:06.96 | Remaining:00:08.87 | Mem:36.77M, Peak:37.05M | Scene, RenderLayer | Path Tracing Tile 2/4, Sample 512/512
Fra:1 Mem:82.13M (0.00M, Peak 84.66M) | Time:00:07.39 | Remaining:00:08.39 | Mem:36.77M, Peak:37.05M | Scene, RenderLayer | Path Tracing Tile 2/4, Sample 40/512
Fra:1 Mem:82.13M (0.00M, Peak 84.66M) | Time:00:08.39 | Remaining:00:07.28 | Mem:36.77M, Peak:37.05M | Scene, RenderLayer | Path Tracing Tile 2/4, Sample 134/512
Fra:1 Mem:82.13M (0.00M, Peak 84.66M) | Time:00:09.40 | Remaining:00:06.20 | Mem:36.77M, Peak:37.05M | Scene, RenderLayer | Path Tracing Tile 2/4, Sample 228/512
Fra:1 Mem:82.13M (0.00M, Peak 84.66M) | Time:00:10.41 | Remaining:00:05.14 | Mem:36.77M, Peak:37.05M | Scene, RenderLayer | Path Tracing Tile 2/4, Sample 322/512
Fra:1 Mem:82.13M (0.00M, Peak 84.66M) | Time:00:11.42 | Remaining:00:04.09 | Mem:36.77M, Peak:37.05M | Scene, RenderLayer | Path Tracing Tile 2/4, Sample 416/512
Fra:1 Mem:82.13M (0.00M, Peak 84.66M) | Time:00:12.42 | Remaining:00:03.05 | Mem:36.77M, Peak:37.05M | Scene, RenderLayer | Path Tracing Tile 2/4, Sample 509/512
Fra:1 Mem:80.16M (0.00M, Peak 84.66M) | Time:00:12.46 | Remaining:00:03.02 | Mem:34.80M, Peak:37.05M | Scene, RenderLayer | Path Tracing Tile 2/4, Sample 512/512
Fra:1 Mem:80.73M (0.00M, Peak 84.66M) | Time:00:12.46 | Remaining:00:03.02 | Mem:35.36M, Peak:37.05M | Scene, RenderLayer | Path Tracing Tile 3/4, Sample 512/512
Fra:1 Mem:80.73M (0.00M, Peak 84.66M) | Time:00:13.42 | Remaining:00:02.36 | Mem:35.36M, Peak:37.05M | Scene, RenderLayer | Path Tracing Tile 3/4, Sample 225/512
Fra:1 Mem:80.73M (0.00M, Peak 84.66M) | Time:00:14.42 | Remaining:00:01.65 | Mem:35.36M, Peak:37.05M | Scene, RenderLayer | Path Tracing Tile 3/4, Sample 455/512
Fra:1 Mem:80.16M (0.00M, Peak 84.66M) | Time:00:14.67 | Remaining:00:01.47 | Mem:34.80M, Peak:37.05M | Scene, RenderLayer | Path Tracing Tile 3/4, Sample 512/512
Fra:1 Mem:80.66M (0.00M, Peak 84.66M) | Time:00:14.67 | Remaining:00:01.47 | Mem:35.29M, Peak:37.05M | Scene, RenderLayer | Path Tracing Tile 4/4, Sample 512/512
Fra:1 Mem:80.65M (0.00M, Peak 84.66M) | Time:00:15.43 | Remaining:00:00.94 | Mem:35.29M, Peak:37.05M | Scene, RenderLayer | Path Tracing Tile 4/4, Sample 187/512
Fra:1 Mem:80.65M (0.00M, Peak 84.66M) | Time:00:16.43 | Remaining:00:00.23 | Mem:35.29M, Peak:37.05M | Scene, RenderLayer | Path Tracing Tile 4/4, Sample 433/512
Fra:1 Mem:80.16M (0.00M, Peak 84.66M) | Time:00:16.75 | Mem:34.80M, Peak:37.05M | Scene, RenderLayer | Path Tracing Tile 4/4, Sample 512/512
Fra:1 Mem:80.16M (0.00M, Peak 84.66M) | Time:00:16.75 | Mem:34.80M, Peak:37.05M | Scene, RenderLayer | Finished
Fra:1 Mem:28.01M (0.00M, Peak 84.66M) | Time:00:16.84 | Sce: Scene Ve:0 Fa:0 La:0
Saved: 'data/clevr-cleaned-variants/spy/fovariant-9/render/images/CLEVR_val_000003.png'
 Time: 00:16.88 (Saving: 00:00.03)

read blend: /home/ubuntu/vdp/data/clevr_scene_data/base_scene.blend
convertViewVec: called in an invalid context
convertViewVec: called in an invalid context
convertViewVec: called in an invalid context
convertViewVec: called in an invalid context
Fra:1 Mem:21.92M (0.00M, Peak 21.92M) | Time:00:00.00 | Preparing Scene data
Fra:1 Mem:34.01M (0.00M, Peak 35.00M) | Time:00:00.02 | Preparing Scene data
Fra:1 Mem:34.01M (0.00M, Peak 35.00M) | Time:00:00.02 | Creating Shadowbuffers
Fra:1 Mem:34.01M (0.00M, Peak 35.00M) | Time:00:00.02 | Raytree.. preparing
Fra:1 Mem:47.39M (0.00M, Peak 47.39M) | Time:00:00.03 | Raytree.. building
Fra:1 Mem:46.67M (0.00M, Peak 67.54M) | Time:00:00.25 | Raytree finished
Fra:1 Mem:46.67M (0.00M, Peak 67.54M) | Time:00:00.25 | Creating Environment maps
Fra:1 Mem:46.67M (0.00M, Peak 67.54M) | Time:00:00.25 | Caching Point Densities
Fra:1 Mem:46.67M (0.00M, Peak 67.54M) | Time:00:00.25 | Sce: Scene Ve:101384 Fa:97399 La:1
Fra:1 Mem:46.67M (0.00M, Peak 67.54M) | Time:00:00.25 | Loading voxel datasets
Fra:1 Mem:46.67M (0.00M, Peak 67.54M) | Time:00:00.25 | Sce: Scene Ve:101384 Fa:97399 La:1
Fra:1 Mem:46.67M (0.00M, Peak 67.54M) | Time:00:00.25 | Sce: Scene Ve:101384 Fa:97399 La:1
Fra:1 Mem:46.67M (0.00M, Peak 67.54M) | Time:00:00.25 | Volume preprocessing
Fra:1 Mem:46.67M (0.00M, Peak 67.54M) | Time:00:00.25 | Sce: Scene Ve:101384 Fa:97399 La:1
Fra:1 Mem:46.67M (0.00M, Peak 67.54M) | Time:00:00.25 | Sce: Scene Ve:101384 Fa:97399 La:1
Fra:1 Mem:51.01M (0.00M, Peak 67.54M) | Time:00:00.26 | Scene, Part 3-4
Fra:1 Mem:50.70M (0.00M, Peak 67.54M) | Time:00:00.26 | Scene, Part 4-4
Fra:1 Mem:49.67M (0.00M, Peak 67.54M) | Time:00:00.27 | Scene, Part 1-4
Fra:1 Mem:47.76M (0.00M, Peak 67.54M) | Time:00:00.27 | Scene, Part 2-4
Fra:1 Mem:21.77M (0.00M, Peak 67.54M) | Time:00:00.27 | Sce: Scene Ve:101384 Fa:97399 La:1
Saved: '/tmp/tmpubi166t5.png'
 Time: 00:00.29 (Saving: 00:00.01)

Fra:1 Mem:21.80M (0.00M, Peak 22.40M) | Time:00:00.04 | Mem:0.00M, Peak:0.00M | Scene, RenderLayer | Synchronizing object | Area
Fra:1 Mem:21.80M (0.00M, Peak 22.40M) | Time:00:00.04 | Mem:0.00M, Peak:0.00M | Scene, RenderLayer | Synchronizing object | Ground
Fra:1 Mem:21.87M (0.00M, Peak 22.40M) | Time:00:00.04 | Mem:0.00M, Peak:0.00M | Scene, RenderLayer | Synchronizing object | Empty
Fra:1 Mem:21.87M (0.00M, Peak 22.40M) | Time:00:00.04 | Mem:0.00M, Peak:0.00M | Scene, RenderLayer | Synchronizing object | Lamp_Back
Fra:1 Mem:21.87M (0.00M, Peak 22.40M) | Time:00:00.04 | Mem:0.00M, Peak:0.00M | Scene, RenderLayer | Synchronizing object | Lamp_Fill
Fra:1 Mem:21.87M (0.00M, Peak 22.40M) | Time:00:00.04 | Mem:0.00M, Peak:0.00M | Scene, RenderLayer | Synchronizing object | Lamp_Key
Fra:1 Mem:21.87M (0.00M, Peak 22.40M) | Time:00:00.04 | Mem:0.00M, Peak:0.00M | Scene, RenderLayer | Synchronizing object | Camera
Fra:1 Mem:21.87M (0.00M, Peak 22.40M) | Time:00:00.04 | Mem:0.00M, Peak:0.00M | Scene, RenderLayer | Synchronizing object | SmoothCylinder_0
Fra:1 Mem:24.65M (0.00M, Peak 27.87M) | Time:00:00.05 | Mem:0.00M, Peak:0.00M | Scene, RenderLayer | Synchronizing object | Sphere_0
Fra:1 Mem:26.15M (0.00M, Peak 27.87M) | Time:00:00.06 | Mem:0.00M, Peak:0.00M | Scene, RenderLayer | Synchronizing object | SmoothCylinder_1
Fra:1 Mem:28.93M (0.00M, Peak 32.15M) | Time:00:00.07 | Mem:0.00M, Peak:0.00M | Scene, RenderLayer | Synchronizing object | Sphere_1
Fra:1 Mem:30.42M (0.00M, Peak 32.15M) | Time:00:00.07 | Mem:0.00M, Peak:0.00M | Scene, RenderLayer | Initializing
Fra:1 Mem:30.42M (0.00M, Peak 32.15M) | Time:00:00.07 | Mem:0.00M, Peak:0.00M | Scene, RenderLayer | Loading render kernels (may take a few minutes the first time)
Fra:1 Mem:30.42M (0.00M, Peak 33.13M) | Time:00:00.09 | Mem:0.00M, Peak:0.00M | Scene, RenderLayer | Waiting for render to start
Fra:1 Mem:30.42M (0.00M, Peak 33.13M) | Time:00:00.09 | Mem:0.00M, Peak:0.00M | Scene, RenderLayer | Updating Scene
Fra:1 Mem:30.42M (0.00M, Peak 33.13M) | Time:00:00.09 | Mem:0.00M, Peak:0.00M | Scene, RenderLayer | Updating Shaders
Fra:1 Mem:30.68M (0.00M, Peak 33.13M) | Time:00:00.09 | Mem:0.00M, Peak:0.00M | Scene, RenderLayer | Updating Background
Fra:1 Mem:30.68M (0.00M, Peak 33.13M) | Time:00:00.09 | Mem:0.00M, Peak:0.00M | Scene, RenderLayer | Updating Camera
Fra:1 Mem:30.68M (0.00M, Peak 33.13M) | Time:00:00.09 | Mem:0.00M, Peak:0.00M | Scene, RenderLayer | Updating Meshes Flags
Fra:1 Mem:30.68M (0.00M, Peak 33.13M) | Time:00:00.09 | Mem:0.00M, Peak:0.00M | Scene, RenderLayer | Updating Objects
Fra:1 Mem:30.68M (0.00M, Peak 33.13M) | Time:00:00.09 | Mem:0.00M, Peak:0.00M | Scene, RenderLayer | Updating Objects | Copying Transformations to device
Fra:1 Mem:30.68M (0.00M, Peak 33.13M) | Time:00:00.09 | Mem:0.00M, Peak:0.00M | Scene, RenderLayer | Updating Objects | Applying Static Transformations
Fra:1 Mem:30.68M (0.00M, Peak 33.13M) | Time:00:00.09 | Mem:0.00M, Peak:0.00M | Scene, RenderLayer | Updating Meshes
Fra:1 Mem:33.65M (0.00M, Peak 33.65M) | Time:00:00.10 | Mem:0.00M, Peak:0.00M | Scene, RenderLayer | Updating Mesh | Computing attributes
Fra:1 Mem:34.12M (0.00M, Peak 34.12M) | Time:00:00.10 | Mem:0.00M, Peak:0.00M | Scene, RenderLayer | Updating Mesh | Copying Attributes to device
Fra:1 Mem:34.12M (0.00M, Peak 34.59M) | Time:00:00.10 | Mem:0.47M, Peak:0.47M | Scene, RenderLayer | Updating Scene BVH | Building
Fra:1 Mem:34.12M (0.00M, Peak 34.59M) | Time:00:00.10 | Mem:0.47M, Peak:0.47M | Scene, RenderLayer | Updating Scene BVH | Building BVH
Fra:1 Mem:45.28M (0.00M, Peak 45.28M) | Time:00:00.23 | Mem:0.47M, Peak:0.47M | Scene, RenderLayer | Updating Scene BVH | Packing BVH triangles and strands
Fra:1 Mem:55.70M (0.00M, Peak 55.70M) | Time:00:00.24 | Mem:0.47M, Peak:0.47M | Scene, RenderLayer | Updating Scene BVH | Packing BVH nodes
Fra:1 Mem:49.90M (0.00M, Peak 58.83M) | Time:00:00.25 | Mem:0.47M, Peak:0.47M | Scene, RenderLayer | Updating Scene BVH | Copying BVH to device
Fra:1 Mem:50.65M (0.00M, Peak 58.83M) | Time:00:00.26 | Mem:16.25M, Peak:16.25M | Scene, RenderLayer | Updating Mesh | Computing normals
Fra:1 Mem:57.45M (0.00M, Peak 58.83M) | Time:00:00.26 | Mem:16.25M, Peak:16.25M | Scene, RenderLayer | Updating Mesh | Copying Mesh to device
Fra:1 Mem:56.71M (0.00M, Peak 58.83M) | Time:00:00.27 | Mem:23.06M, Peak:23.06M | Scene, RenderLayer | Updating Objects Flags
Fra:1 Mem:56.71M (0.00M, Peak 58.83M) | Time:00:00.27 | Mem:23.06M, Peak:23.06M | Scene, RenderLayer | Updating Images
Fra:1 Mem:56.71M (0.00M, Peak 58.83M) | Time:00:00.27 | Mem:23.06M, Peak:23.06M | Scene, RenderLayer | Updating Camera Volume
Fra:1 Mem:56.71M (0.00M, Peak 58.83M) | Time:00:00.27 | Mem:23.06M, Peak:23.06M | Scene, RenderLayer | Updating Hair Systems
Fra:1 Mem:56.71M (0.00M, Peak 58.83M) | Time:00:00.27 | Mem:23.06M, Peak:23.06M | Scene, RenderLayer | Updating Hair settings | Copying Hair settings to device
Fra:1 Mem:56.71M (0.00M, Peak 58.83M) | Time:00:00.27 | Mem:23.06M, Peak:23.06M | Scene, RenderLayer | Updating Lookup Tables
Fra:1 Mem:56.71M (0.00M, Peak 58.83M) | Time:00:00.27 | Mem:23.31M, Peak:23.31M | Scene, RenderLayer | Updating Lights
Fra:1 Mem:56.71M (0.00M, Peak 58.83M) | Time:00:00.27 | Mem:23.31M, Peak:23.31M | Scene, RenderLayer | Updating Lights | Computing distribution
Fra:1 Mem:56.71M (0.00M, Peak 58.83M) | Time:00:00.27 | Mem:23.31M, Peak:23.31M | Scene, RenderLayer | Updating Particle Systems
Fra:1 Mem:56.71M (0.00M, Peak 58.83M) | Time:00:00.27 | Mem:23.31M, Peak:23.31M | Scene, RenderLayer | Updating Particle Systems | Copying Particles to device
Fra:1 Mem:56.71M (0.00M, Peak 58.83M) | Time:00:00.27 | Mem:23.31M, Peak:23.31M | Scene, RenderLayer | Updating Integrator
Fra:1 Mem:56.75M (0.00M, Peak 58.83M) | Time:00:00.27 | Mem:23.35M, Peak:23.35M | Scene, RenderLayer | Updating Film
Fra:1 Mem:56.75M (0.00M, Peak 58.83M) | Time:00:00.27 | Mem:23.35M, Peak:23.35M | Scene, RenderLayer | Updating Lookup Tables
Fra:1 Mem:56.75M (0.00M, Peak 58.83M) | Time:00:00.27 | Mem:23.35M, Peak:23.35M | Scene, RenderLayer | Updating Baking
Fra:1 Mem:56.75M (0.00M, Peak 58.83M) | Time:00:00.27 | Mem:23.35M, Peak:23.35M | Scene, RenderLayer | Updating Device | Writing constant memory
Fra:1 Mem:56.75M (0.00M, Peak 58.83M) | Time:00:00.27 | Mem:23.35M, Peak:23.35M | Scene, RenderLayer | Path Tracing Tile 0/4, Sample 0/512
Fra:1 Mem:59.00M (0.00M, Peak 60.25M) | Time:00:00.27 | Mem:25.60M, Peak:25.60M | Scene, RenderLayer | Path Tracing Tile 1/4, Sample 0/512
Fra:1 Mem:59.00M (0.00M, Peak 61.25M) | Time:00:01.28 | Remaining:00:12.00 | Mem:25.60M, Peak:25.60M | Scene, RenderLayer | Path Tracing Tile 1/4, Sample 93/512
Fra:1 Mem:59.00M (0.00M, Peak 61.25M) | Time:00:02.28 | Remaining:00:10.95 | Mem:25.60M, Peak:25.60M | Scene, RenderLayer | Path Tracing Tile 1/4, Sample 186/512
Fra:1 Mem:59.00M (0.00M, Peak 61.25M) | Time:00:03.28 | Remaining:00:09.94 | Mem:25.60M, Peak:25.60M | Scene, RenderLayer | Path Tracing Tile 1/4, Sample 279/512
Fra:1 Mem:59.00M (0.00M, Peak 61.25M) | Time:00:04.28 | Remaining:00:08.93 | Mem:25.60M, Peak:25.60M | Scene, RenderLayer | Path Tracing Tile 1/4, Sample 372/512
Fra:1 Mem:59.00M (0.00M, Peak 61.25M) | Time:00:05.29 | Remaining:00:07.93 | Mem:25.60M, Peak:25.60M | Scene, RenderLayer | Path Tracing Tile 1/4, Sample 465/512
Fra:1 Mem:56.75M (0.00M, Peak 61.25M) | Time:00:05.80 | Remaining:00:07.43 | Mem:23.35M, Peak:25.60M | Scene, RenderLayer | Path Tracing Tile 1/4, Sample 512/512
Fra:1 Mem:58.72M (0.00M, Peak 61.25M) | Time:00:05.80 | Remaining:00:07.43 | Mem:25.32M, Peak:25.60M | Scene, RenderLayer | Path Tracing Tile 2/4, Sample 512/512
Fra:1 Mem:58.72M (0.00M, Peak 61.25M) | Time:00:06.30 | Remaining:00:07.03 | Mem:25.32M, Peak:25.60M | Scene, RenderLayer | Path Tracing Tile 2/4, Sample 48/512
Fra:1 Mem:58.72M (0.00M, Peak 61.25M) | Time:00:07.30 | Remaining:00:06.17 | Mem:25.32M, Peak:25.60M | Scene, RenderLayer | Path Tracing Tile 2/4, Sample 145/512
Fra:1 Mem:58.72M (0.00M, Peak 61.25M) | Time:00:08.31 | Remaining:00:05.28 | Mem:25.32M, Peak:25.60M | Scene, RenderLayer | Path Tracing Tile 2/4, Sample 242/512
Fra:1 Mem:58.72M (0.00M, Peak 61.25M) | Time:00:09.32 | Remaining:00:04.37 | Mem:25.32M, Peak:25.60M | Scene, RenderLayer | Path Tracing Tile 2/4, Sample 339/512
Fra:1 Mem:58.72M (0.00M, Peak 61.25M) | Time:00:10.33 | Remaining:00:03.45 | Mem:25.32M, Peak:25.60M | Scene, RenderLayer | Path Tracing Tile 2/4, Sample 436/512
Fra:1 Mem:56.75M (0.00M, Peak 61.25M) | Time:00:11.12 | Remaining:00:02.71 | Mem:23.35M, Peak:25.60M | Scene, RenderLayer | Path Tracing Tile 2/4, Sample 512/512
Fra:1 Mem:57.32M (0.00M, Peak 61.25M) | Time:00:11.12 | Remaining:00:02.71 | Mem:23.92M, Peak:25.60M | Scene, RenderLayer | Path Tracing Tile 3/4, Sample 512/512
Fra:1 Mem:57.32M (0.00M, Peak 61.25M) | Time:00:11.33 | Remaining:00:02.59 | Mem:23.92M, Peak:25.60M | Scene, RenderLayer | Path Tracing Tile 3/4, Sample 49/512
Fra:1 Mem:57.32M (0.00M, Peak 61.25M) | Time:00:12.33 | Remaining:00:01.97 | Mem:23.92M, Peak:25.60M | Scene, RenderLayer | Path Tracing Tile 3/4, Sample 286/512
Fra:1 Mem:56.75M (0.00M, Peak 61.25M) | Time:00:13.29 | Remaining:00:01.34 | Mem:23.35M, Peak:25.60M | Scene, RenderLayer | Path Tracing Tile 3/4, Sample 512/512
Fra:1 Mem:57.25M (0.00M, Peak 61.25M) | Time:00:13.29 | Remaining:00:01.34 | Mem:23.85M, Peak:25.60M | Scene, RenderLayer | Path Tracing Tile 4/4, Sample 512/512
Fra:1 Mem:57.25M (0.00M, Peak 61.25M) | Time:00:13.33 | Remaining:00:01.31 | Mem:23.85M, Peak:25.60M | Scene, RenderLayer | Path Tracing Tile 4/4, Sample 9/512
Fra:1 Mem:57.25M (0.00M, Peak 61.25M) | Time:00:14.33 | Remaining:00:00.66 | Mem:23.85M, Peak:25.60M | Scene, RenderLayer | Path Tracing Tile 4/4, Sample 264/512
Fra:1 Mem:56.75M (0.00M, Peak 61.25M) | Time:00:15.31 | Mem:23.35M, Peak:25.60M | Scene, RenderLayer | Path Tracing Tile 4/4, Sample 512/512
Fra:1 Mem:56.75M (0.00M, Peak 61.25M) | Time:00:15.31 | Mem:23.35M, Peak:25.60M | Scene, RenderLayer | Finished
Fra:1 Mem:21.80M (0.00M, Peak 61.25M) | Time:00:15.39 | Sce: Scene Ve:0 Fa:0 La:0
Saved: 'data/clevr-cleaned-variants/spy/fovariant-9/render/images/CLEVR_val_000004.png'
 Time: 00:15.43 (Saving: 00:00.03)

read blend: /home/ubuntu/vdp/data/clevr_scene_data/base_scene.blend
convertViewVec: called in an invalid context
convertViewVec: called in an invalid context
Fra:1 Mem:15.65M (0.00M, Peak 15.65M) | Time:00:00.00 | Preparing Scene data
Fra:1 Mem:21.69M (0.00M, Peak 22.68M) | Time:00:00.01 | Preparing Scene data
Fra:1 Mem:21.69M (0.00M, Peak 22.68M) | Time:00:00.01 | Creating Shadowbuffers
Fra:1 Mem:21.69M (0.00M, Peak 22.68M) | Time:00:00.01 | Raytree.. preparing
Fra:1 Mem:28.38M (0.00M, Peak 28.38M) | Time:00:00.01 | Raytree.. building
Fra:1 Mem:28.02M (0.00M, Peak 38.47M) | Time:00:00.12 | Raytree finished
Fra:1 Mem:28.02M (0.00M, Peak 38.47M) | Time:00:00.12 | Creating Environment maps
Fra:1 Mem:28.02M (0.00M, Peak 38.47M) | Time:00:00.12 | Caching Point Densities
Fra:1 Mem:28.02M (0.00M, Peak 38.47M) | Time:00:00.12 | Sce: Scene Ve:50692 Fa:48710 La:1
Fra:1 Mem:28.02M (0.00M, Peak 38.47M) | Time:00:00.12 | Loading voxel datasets
Fra:1 Mem:28.02M (0.00M, Peak 38.47M) | Time:00:00.12 | Sce: Scene Ve:50692 Fa:48710 La:1
Fra:1 Mem:28.02M (0.00M, Peak 38.47M) | Time:00:00.12 | Sce: Scene Ve:50692 Fa:48710 La:1
Fra:1 Mem:28.02M (0.00M, Peak 38.47M) | Time:00:00.12 | Volume preprocessing
Fra:1 Mem:28.02M (0.00M, Peak 38.47M) | Time:00:00.12 | Sce: Scene Ve:50692 Fa:48710 La:1
Fra:1 Mem:28.02M (0.00M, Peak 38.47M) | Time:00:00.12 | Sce: Scene Ve:50692 Fa:48710 La:1
Fra:1 Mem:31.62M (0.00M, Peak 38.47M) | Time:00:00.12 | Scene, Part 2-4
Fra:1 Mem:30.80M (0.00M, Peak 38.47M) | Time:00:00.13 | Scene, Part 4-4
Fra:1 Mem:30.34M (0.00M, Peak 38.47M) | Time:00:00.13 | Scene, Part 3-4
Fra:1 Mem:29.27M (0.00M, Peak 38.47M) | Time:00:00.13 | Scene, Part 1-4
Fra:1 Mem:15.56M (0.00M, Peak 38.47M) | Time:00:00.13 | Sce: Scene Ve:50692 Fa:48710 La:1
Saved: '/tmp/tmpqjnm2fmv.png'
 Time: 00:00.15 (Saving: 00:00.01)

Fra:1 Mem:15.59M (0.00M, Peak 16.19M) | Time:00:00.04 | Mem:0.00M, Peak:0.00M | Scene, RenderLayer | Synchronizing object | Area
Fra:1 Mem:15.59M (0.00M, Peak 16.19M) | Time:00:00.04 | Mem:0.00M, Peak:0.00M | Scene, RenderLayer | Synchronizing object | Ground
Fra:1 Mem:15.66M (0.00M, Peak 16.19M) | Time:00:00.04 | Mem:0.00M, Peak:0.00M | Scene, RenderLayer | Synchronizing object | Empty
Fra:1 Mem:15.66M (0.00M, Peak 16.19M) | Time:00:00.04 | Mem:0.00M, Peak:0.00M | Scene, RenderLayer | Synchronizing object | Lamp_Back
Fra:1 Mem:15.66M (0.00M, Peak 16.19M) | Time:00:00.04 | Mem:0.00M, Peak:0.00M | Scene, RenderLayer | Synchronizing object | Lamp_Fill
Fra:1 Mem:15.66M (0.00M, Peak 16.19M) | Time:00:00.04 | Mem:0.00M, Peak:0.00M | Scene, RenderLayer | Synchronizing object | Lamp_Key
Fra:1 Mem:15.66M (0.00M, Peak 16.19M) | Time:00:00.04 | Mem:0.00M, Peak:0.00M | Scene, RenderLayer | Synchronizing object | Camera
Fra:1 Mem:15.66M (0.00M, Peak 16.19M) | Time:00:00.04 | Mem:0.00M, Peak:0.00M | Scene, RenderLayer | Synchronizing object | SmoothCylinder_0
Fra:1 Mem:18.44M (0.00M, Peak 21.66M) | Time:00:00.05 | Mem:0.00M, Peak:0.00M | Scene, RenderLayer | Synchronizing object | Sphere_0
Fra:1 Mem:19.94M (0.00M, Peak 21.66M) | Time:00:00.06 | Mem:0.00M, Peak:0.00M | Scene, RenderLayer | Initializing
Fra:1 Mem:19.94M (0.00M, Peak 21.66M) | Time:00:00.06 | Mem:0.00M, Peak:0.00M | Scene, RenderLayer | Loading render kernels (may take a few minutes the first time)
Fra:1 Mem:19.94M (0.00M, Peak 22.64M) | Time:00:00.07 | Mem:0.00M, Peak:0.00M | Scene, RenderLayer | Waiting for render to start
Fra:1 Mem:19.94M (0.00M, Peak 22.64M) | Time:00:00.07 | Mem:0.00M, Peak:0.00M | Scene, RenderLayer | Updating Scene
Fra:1 Mem:19.94M (0.00M, Peak 22.64M) | Time:00:00.07 | Mem:0.00M, Peak:0.00M | Scene, RenderLayer | Updating Shaders
Fra:1 Mem:20.19M (0.00M, Peak 22.64M) | Time:00:00.07 | Mem:0.00M, Peak:0.00M | Scene, RenderLayer | Updating Background
Fra:1 Mem:20.19M (0.00M, Peak 22.64M) | Time:00:00.07 | Mem:0.00M, Peak:0.00M | Scene, RenderLayer | Updating Camera
Fra:1 Mem:20.19M (0.00M, Peak 22.64M) | Time:00:00.07 | Mem:0.00M, Peak:0.00M | Scene, RenderLayer | Updating Meshes Flags
Fra:1 Mem:20.19M (0.00M, Peak 22.64M) | Time:00:00.07 | Mem:0.00M, Peak:0.00M | Scene, RenderLayer | Updating Objects
Fra:1 Mem:20.19M (0.00M, Peak 22.64M) | Time:00:00.07 | Mem:0.00M, Peak:0.00M | Scene, RenderLayer | Updating Objects | Copying Transformations to device
Fra:1 Mem:20.19M (0.00M, Peak 22.64M) | Time:00:00.07 | Mem:0.00M, Peak:0.00M | Scene, RenderLayer | Updating Objects | Applying Static Transformations
Fra:1 Mem:20.19M (0.00M, Peak 22.64M) | Time:00:00.07 | Mem:0.00M, Peak:0.00M | Scene, RenderLayer | Updating Meshes
Fra:1 Mem:21.69M (0.00M, Peak 22.64M) | Time:00:00.08 | Mem:0.00M, Peak:0.00M | Scene, RenderLayer | Updating Mesh | Computing attributes
Fra:1 Mem:21.93M (0.00M, Peak 22.64M) | Time:00:00.08 | Mem:0.00M, Peak:0.00M | Scene, RenderLayer | Updating Mesh | Copying Attributes to device
Fra:1 Mem:21.93M (0.00M, Peak 22.64M) | Time:00:00.08 | Mem:0.24M, Peak:0.24M | Scene, RenderLayer | Updating Scene BVH | Building
Fra:1 Mem:21.93M (0.00M, Peak 22.64M) | Time:00:00.08 | Mem:0.24M, Peak:0.24M | Scene, RenderLayer | Updating Scene BVH | Building BVH
Fra:1 Mem:27.55M (0.00M, Peak 27.55M) | Time:00:00.15 | Mem:0.24M, Peak:0.24M | Scene, RenderLayer | Updating Scene BVH | Packing BVH triangles and strands
Fra:1 Mem:32.80M (0.00M, Peak 32.80M) | Time:00:00.16 | Mem:0.24M, Peak:0.24M | Scene, RenderLayer | Updating Scene BVH | Packing BVH nodes
Fra:1 Mem:29.87M (0.00M, Peak 34.38M) | Time:00:00.16 | Mem:0.24M, Peak:0.24M | Scene, RenderLayer | Updating Scene BVH | Copying BVH to device
Fra:1 Mem:30.25M (0.00M, Peak 34.38M) | Time:00:00.17 | Mem:8.19M, Peak:8.19M | Scene, RenderLayer | Updating Mesh | Computing normals
Fra:1 Mem:33.68M (0.00M, Peak 34.38M) | Time:00:00.17 | Mem:8.19M, Peak:8.19M | Scene, RenderLayer | Updating Mesh | Copying Mesh to device
Fra:1 Mem:33.31M (0.00M, Peak 34.38M) | Time:00:00.17 | Mem:11.62M, Peak:11.62M | Scene, RenderLayer | Updating Objects Flags
Fra:1 Mem:33.31M (0.00M, Peak 34.38M) | Time:00:00.17 | Mem:11.62M, Peak:11.62M | Scene, RenderLayer | Updating Images
Fra:1 Mem:33.31M (0.00M, Peak 34.38M) | Time:00:00.17 | Mem:11.62M, Peak:11.62M | Scene, RenderLayer | Updating Camera Volume
Fra:1 Mem:33.31M (0.00M, Peak 34.38M) | Time:00:00.17 | Mem:11.62M, Peak:11.62M | Scene, RenderLayer | Updating Hair Systems
Fra:1 Mem:33.31M (0.00M, Peak 34.38M) | Time:00:00.17 | Mem:11.62M, Peak:11.62M | Scene, RenderLayer | Updating Hair settings | Copying Hair settings to device
Fra:1 Mem:33.31M (0.00M, Peak 34.38M) | Time:00:00.17 | Mem:11.62M, Peak:11.62M | Scene, RenderLayer | Updating Lookup Tables
Fra:1 Mem:33.31M (0.00M, Peak 34.38M) | Time:00:00.17 | Mem:11.87M, Peak:11.87M | Scene, RenderLayer | Updating Lights
Fra:1 Mem:33.31M (0.00M, Peak 34.38M) | Time:00:00.17 | Mem:11.87M, Peak:11.87M | Scene, RenderLayer | Updating Lights | Computing distribution
Fra:1 Mem:33.31M (0.00M, Peak 34.38M) | Time:00:00.17 | Mem:11.87M, Peak:11.87M | Scene, RenderLayer | Updating Particle Systems
Fra:1 Mem:33.31M (0.00M, Peak 34.38M) | Time:00:00.17 | Mem:11.87M, Peak:11.87M | Scene, RenderLayer | Updating Particle Systems | Copying Particles to device
Fra:1 Mem:33.31M (0.00M, Peak 34.38M) | Time:00:00.17 | Mem:11.87M, Peak:11.87M | Scene, RenderLayer | Updating Integrator
Fra:1 Mem:33.35M (0.00M, Peak 34.38M) | Time:00:00.17 | Mem:11.91M, Peak:11.91M | Scene, RenderLayer | Updating Film
Fra:1 Mem:33.35M (0.00M, Peak 34.38M) | Time:00:00.17 | Mem:11.91M, Peak:11.91M | Scene, RenderLayer | Updating Lookup Tables
Fra:1 Mem:33.35M (0.00M, Peak 34.38M) | Time:00:00.17 | Mem:11.91M, Peak:11.91M | Scene, RenderLayer | Updating Baking
Fra:1 Mem:33.35M (0.00M, Peak 34.38M) | Time:00:00.17 | Mem:11.91M, Peak:11.91M | Scene, RenderLayer | Updating Device | Writing constant memory
Fra:1 Mem:33.35M (0.00M, Peak 34.38M) | Time:00:00.17 | Mem:11.91M, Peak:11.91M | Scene, RenderLayer | Path Tracing Tile 0/4, Sample 0/512
Fra:1 Mem:35.60M (0.00M, Peak 36.85M) | Time:00:00.17 | Mem:14.16M, Peak:14.16M | Scene, RenderLayer | Path Tracing Tile 1/4, Sample 0/512
Fra:1 Mem:35.60M (0.00M, Peak 37.85M) | Time:00:01.18 | Remaining:00:11.12 | Mem:14.16M, Peak:14.16M | Scene, RenderLayer | Path Tracing Tile 1/4, Sample 100/512
Fra:1 Mem:35.60M (0.00M, Peak 37.85M) | Time:00:02.19 | Remaining:00:10.09 | Mem:14.16M, Peak:14.16M | Scene, RenderLayer | Path Tracing Tile 1/4, Sample 200/512
Fra:1 Mem:35.60M (0.00M, Peak 37.85M) | Time:00:03.20 | Remaining:00:09.07 | Mem:14.16M, Peak:14.16M | Scene, RenderLayer | Path Tracing Tile 1/4, Sample 300/512
Fra:1 Mem:35.60M (0.00M, Peak 37.85M) | Time:00:04.20 | Remaining:00:08.06 | Mem:14.16M, Peak:14.16M | Scene, RenderLayer | Path Tracing Tile 1/4, Sample 400/512
Fra:1 Mem:35.60M (0.00M, Peak 37.85M) | Time:00:05.21 | Remaining:00:07.07 | Mem:14.16M, Peak:14.16M | Scene, RenderLayer | Path Tracing Tile 1/4, Sample 499/512
Fra:1 Mem:33.35M (0.00M, Peak 37.85M) | Time:00:05.34 | Remaining:00:06.95 | Mem:11.91M, Peak:14.16M | Scene, RenderLayer | Path Tracing Tile 1/4, Sample 512/512
Fra:1 Mem:35.32M (0.00M, Peak 37.85M) | Time:00:05.35 | Remaining:00:06.95 | Mem:13.88M, Peak:14.16M | Scene, RenderLayer | Path Tracing Tile 2/4, Sample 512/512
Fra:1 Mem:35.32M (0.00M, Peak 37.85M) | Time:00:06.21 | Remaining:00:05.91 | Mem:13.88M, Peak:14.16M | Scene, RenderLayer | Path Tracing Tile 2/4, Sample 108/512
Fra:1 Mem:35.32M (0.00M, Peak 37.85M) | Time:00:07.21 | Remaining:00:04.76 | Mem:13.88M, Peak:14.16M | Scene, RenderLayer | Path Tracing Tile 2/4, Sample 233/512
Fra:1 Mem:35.32M (0.00M, Peak 37.85M) | Time:00:08.22 | Remaining:00:03.66 | Mem:13.88M, Peak:14.16M | Scene, RenderLayer | Path Tracing Tile 2/4, Sample 357/512
Fra:1 Mem:35.32M (0.00M, Peak 37.85M) | Time:00:09.22 | Remaining:00:02.60 | Mem:13.88M, Peak:14.16M | Scene, RenderLayer | Path Tracing Tile 2/4, Sample 480/512
Fra:1 Mem:33.35M (0.00M, Peak 37.85M) | Time:00:09.48 | Remaining:00:02.32 | Mem:11.91M, Peak:14.16M | Scene, RenderLayer | Path Tracing Tile 2/4, Sample 512/512
Fra:1 Mem:33.91M (0.00M, Peak 37.85M) | Time:00:09.48 | Remaining:00:02.32 | Mem:12.48M, Peak:14.16M | Scene, RenderLayer | Path Tracing Tile 3/4, Sample 512/512
Fra:1 Mem:33.91M (0.00M, Peak 37.85M) | Time:00:10.22 | Remaining:00:01.97 | Mem:12.48M, Peak:14.16M | Scene, RenderLayer | Path Tracing Tile 3/4, Sample 172/512
Fra:1 Mem:33.91M (0.00M, Peak 37.85M) | Time:00:11.22 | Remaining:00:01.44 | Mem:12.48M, Peak:14.16M | Scene, RenderLayer | Path Tracing Tile 3/4, Sample 405/512
Fra:1 Mem:33.35M (0.00M, Peak 37.85M) | Time:00:11.68 | Remaining:00:01.18 | Mem:11.91M, Peak:14.16M | Scene, RenderLayer | Path Tracing Tile 3/4, Sample 512/512
Fra:1 Mem:33.84M (0.00M, Peak 37.85M) | Time:00:11.68 | Remaining:00:01.18 | Mem:12.40M, Peak:14.16M | Scene, RenderLayer | Path Tracing Tile 4/4, Sample 512/512
Fra:1 Mem:33.84M (0.00M, Peak 37.85M) | Time:00:12.22 | Remaining:00:00.88 | Mem:12.40M, Peak:14.16M | Scene, RenderLayer | Path Tracing Tile 4/4, Sample 137/512
Fra:1 Mem:33.84M (0.00M, Peak 37.85M) | Time:00:13.22 | Remaining:00:00.29 | Mem:12.40M, Peak:14.16M | Scene, RenderLayer | Path Tracing Tile 4/4, Sample 390/512
Fra:1 Mem:33.35M (0.00M, Peak 37.85M) | Time:00:13.71 | Mem:11.91M, Peak:14.16M | Scene, RenderLayer | Path Tracing Tile 4/4, Sample 512/512
Fra:1 Mem:33.35M (0.00M, Peak 37.85M) | Time:00:13.71 | Mem:11.91M, Peak:14.16M | Scene, RenderLayer | Finished
Fra:1 Mem:15.59M (0.00M, Peak 37.85M) | Time:00:13.79 | Sce: Scene Ve:0 Fa:0 La:0
Saved: 'data/clevr-cleaned-variants/spy/fovariant-9/render/images/CLEVR_val_000005.png'
 Time: 00:13.83 (Saving: 00:00.03)


Blender quit

INFO test_net.py:  81: Called with args:
INFO test_net.py:  82: Namespace(cfg_file='clevr_inference/scene_parse/mask_rcnn/configs/baselines/e2e_mask_rcnn_R-50-FPN_1x.yaml', clevr_comp_cat=1, dataset='clevr_original_val', grab_conv=False, images_dir='data/clevr-cleaned-variants/spy/fovariant-9/render/images', load_ckpt='/home/ubuntu/vdp/data/ns-vqa-data/pretrained/object_detector.pt', load_detectron=None, multi_gpu_testing=False, name=None, output_dir='data/clevr-cleaned-variants/spy/fovariant-9/infer/mask_rcnn', range=None, rendersummary_path='data/clevr-cleaned-variants/spy/fovariant-9/render/summary.json', set_cfgs=[], vis=False)
INFO test_net.py: 125: Testing with config:
INFO test_net.py: 126: {'BBOX_XFORM_CLIP': 4.135166556742356,
 'CLEVR': {'COMP_CAT': True},
 'CROP_RESIZE_WITH_MAX_POOL': True,
 'CUDA': False,
 'DATA_DIR': '/home/ubuntu/vdp/data/ns-vqa-data/mask_rcnn',
 'DATA_LOADER': {'NUM_THREADS': 4},
 'DEBUG': False,
 'DEDUP_BOXES': 0.0625,
 'EPS': 1e-14,
 'EXPECTED_RESULTS': [],
 'EXPECTED_RESULTS_ATOL': 0.005,
 'EXPECTED_RESULTS_EMAIL': '',
 'EXPECTED_RESULTS_RTOL': 0.1,
 'FAST_RCNN': {'CONV_HEAD_DIM': 256,
               'MLP_HEAD_DIM': 1024,
               'NUM_STACKED_CONVS': 4,
               'ROI_BOX_HEAD': 'fast_rcnn_heads.roi_2mlp_head',
               'ROI_XFORM_METHOD': 'RoIAlign',
               'ROI_XFORM_RESOLUTION': 7,
               'ROI_XFORM_SAMPLING_RATIO': 2},
 'FPN': {'COARSEST_STRIDE': 32,
         'DIM': 256,
         'EXTRA_CONV_LEVELS': False,
         'FPN_ON': True,
         'MULTILEVEL_ROIS': True,
         'MULTILEVEL_RPN': True,
         'ROI_CANONICAL_LEVEL': 4,
         'ROI_CANONICAL_SCALE': 224,
         'ROI_MAX_LEVEL': 5,
         'ROI_MIN_LEVEL': 2,
         'RPN_ANCHOR_START_SIZE': 32,
         'RPN_ASPECT_RATIOS': (0.5, 1, 2),
         'RPN_COLLECT_SCALE': 1,
         'RPN_MAX_LEVEL': 6,
         'RPN_MIN_LEVEL': 2,
         'USE_GN': False,
         'ZERO_INIT_LATERAL': False},
 'GROUP_NORM': {'DIM_PER_GP': -1, 'EPSILON': 1e-05, 'NUM_GROUPS': 32},
 'KRCNN': {'CONV_HEAD_DIM': 256,
           'CONV_HEAD_KERNEL': 3,
           'CONV_INIT': 'GaussianFill',
           'DECONV_DIM': 256,
           'DECONV_KERNEL': 4,
           'DILATION': 1,
           'HEATMAP_SIZE': -1,
           'INFERENCE_MIN_SIZE': 0,
           'KEYPOINT_CONFIDENCE': 'bbox',
           'LOSS_WEIGHT': 1.0,
           'MIN_KEYPOINT_COUNT_FOR_VALID_MINIBATCH': 20,
           'NMS_OKS': False,
           'NORMALIZE_BY_VISIBLE_KEYPOINTS': True,
           'NUM_KEYPOINTS': -1,
           'NUM_STACKED_CONVS': 8,
           'ROI_KEYPOINTS_HEAD': '',
           'ROI_XFORM_METHOD': 'RoIAlign',
           'ROI_XFORM_RESOLUTION': 7,
           'ROI_XFORM_SAMPLING_RATIO': 0,
           'UP_SCALE': -1,
           'USE_DECONV': False,
           'USE_DECONV_OUTPUT': False},
 'MATLAB': 'matlab',
 'MODEL': {'BBOX_REG_WEIGHTS': (10.0, 10.0, 5.0, 5.0),
           'CLS_AGNOSTIC_BBOX_REG': False,
           'CONV_BODY': 'FPN.fpn_ResNet50_conv5_body',
           'FASTER_RCNN': True,
           'KEYPOINTS_ON': False,
           'LOAD_IMAGENET_PRETRAINED_WEIGHTS': True,
           'MASK_ON': True,
           'NUM_CLASSES': 49,
           'RPN_ONLY': False,
           'SHARE_RES5': False,
           'TYPE': 'generalized_rcnn',
           'UNSUPERVISED_POSE': False},
 'MRCNN': {'CLS_SPECIFIC_MASK': True,
           'CONV_INIT': 'MSRAFill',
           'DILATION': 1,
           'DIM_REDUCED': 256,
           'MEMORY_EFFICIENT_LOSS': True,
           'RESOLUTION': 28,
           'ROI_MASK_HEAD': 'mask_rcnn_heads.mask_rcnn_fcn_head_v1up4convs',
           'ROI_XFORM_METHOD': 'RoIAlign',
           'ROI_XFORM_RESOLUTION': 14,
           'ROI_XFORM_SAMPLING_RATIO': 2,
           'THRESH_BINARIZE': 0.5,
           'UPSAMPLE_RATIO': 1,
           'USE_FC_OUTPUT': False,
           'WEIGHT_LOSS_MASK': 1.0},
 'NUM_GPUS': 8,
 'OUTPUT_DIR': 'Outputs',
 'PIXEL_MEANS': array([[[102.9801, 115.9465, 122.7717]]]),
 'POOLING_MODE': 'crop',
 'POOLING_SIZE': 7,
 'PYTORCH_VERSION_LESS_THAN_040': False,
 'RESNETS': {'FREEZE_AT': 2,
             'IMAGENET_PRETRAINED_WEIGHTS': 'pretrained_model/resnet50_caffe.pth',
             'NUM_GROUPS': 1,
             'RES5_DILATION': 1,
             'SHORTCUT_FUNC': 'basic_bn_shortcut',
             'STEM_FUNC': 'basic_bn_stem',
             'STRIDE_1X1': True,
             'TRANS_FUNC': 'bottleneck_transformation',
             'USE_GN': False,
             'WIDTH_PER_GROUP': 64},
 'RETINANET': {'ANCHOR_SCALE': 4,
               'ASPECT_RATIOS': (0.5, 1.0, 2.0),
               'BBOX_REG_BETA': 0.11,
               'BBOX_REG_WEIGHT': 1.0,
               'CLASS_SPECIFIC_BBOX': False,
               'INFERENCE_TH': 0.05,
               'LOSS_ALPHA': 0.25,
               'LOSS_GAMMA': 2.0,
               'NEGATIVE_OVERLAP': 0.4,
               'NUM_CONVS': 4,
               'POSITIVE_OVERLAP': 0.5,
               'PRE_NMS_TOP_N': 1000,
               'PRIOR_PROB': 0.01,
               'RETINANET_ON': False,
               'SCALES_PER_OCTAVE': 3,
               'SHARE_CLS_BBOX_TOWER': False,
               'SOFTMAX': False},
 'RFCN': {'PS_GRID_SIZE': 3},
 'RNG_SEED': 3,
 'ROOT_DIR': '/home/ubuntu/vdp/clevr_inference/scene_parse/mask_rcnn',
 'RPN': {'ASPECT_RATIOS': (0.5, 1, 2),
         'CLS_ACTIVATION': 'sigmoid',
         'OUT_DIM': 512,
         'OUT_DIM_AS_IN_DIM': True,
         'RPN_ON': True,
         'SIZES': (64, 128, 256, 512),
         'STRIDE': 16},
 'SOLVER': {'BASE_LR': 0.02,
            'BIAS_DOUBLE_LR': True,
            'BIAS_WEIGHT_DECAY': False,
            'GAMMA': 0.1,
            'LOG_LR_CHANGE_THRESHOLD': 1.1,
            'LRS': [],
            'LR_POLICY': 'steps_with_decay',
            'MAX_ITER': 30000,
            'MOMENTUM': 0.9,
            'SCALE_MOMENTUM': True,
            'SCALE_MOMENTUM_THRESHOLD': 1.1,
            'STEPS': [0, 20000, 26000],
            'STEP_SIZE': 30000,
            'TYPE': 'SGD',
            'WARM_UP_FACTOR': 0.3333333333333333,
            'WARM_UP_ITERS': 500,
            'WARM_UP_METHOD': 'linear',
            'WEIGHT_DECAY': 0.0001,
            'WEIGHT_DECAY_GN': 0.0},
 'TEST': {'BBOX_AUG': {'AREA_TH_HI': 32400,
                       'AREA_TH_LO': 2500,
                       'ASPECT_RATIOS': (),
                       'ASPECT_RATIO_H_FLIP': False,
                       'COORD_HEUR': 'UNION',
                       'ENABLED': False,
                       'H_FLIP': False,
                       'MAX_SIZE': 4000,
                       'SCALES': (),
                       'SCALE_H_FLIP': False,
                       'SCALE_SIZE_DEP': False,
                       'SCORE_HEUR': 'UNION'},
          'BBOX_REG': True,
          'BBOX_VOTE': {'ENABLED': False,
                        'SCORING_METHOD': 'ID',
                        'SCORING_METHOD_BETA': 1.0,
                        'VOTE_TH': 0.8},
          'COMPETITION_MODE': True,
          'DATASETS': ('custom(data/clevr-cleaned-variants/spy/fovariant-9/render/images, '
                       'data/clevr-cleaned-variants/spy/fovariant-9/render/summary.json)',),
          'DETECTIONS_PER_IM': 100,
          'FORCE_JSON_DATASET_EVAL': False,
          'KPS_AUG': {'AREA_TH': 32400,
                      'ASPECT_RATIOS': (),
                      'ASPECT_RATIO_H_FLIP': False,
                      'ENABLED': False,
                      'HEUR': 'HM_AVG',
                      'H_FLIP': False,
                      'MAX_SIZE': 4000,
                      'SCALES': (),
                      'SCALE_H_FLIP': False,
                      'SCALE_SIZE_DEP': False},
          'MASK_AUG': {'AREA_TH': 32400,
                       'ASPECT_RATIOS': (),
                       'ASPECT_RATIO_H_FLIP': False,
                       'ENABLED': False,
                       'HEUR': 'SOFT_AVG',
                       'H_FLIP': False,
                       'MAX_SIZE': 4000,
                       'SCALES': (),
                       'SCALE_H_FLIP': False,
                       'SCALE_SIZE_DEP': False},
          'MAX_SIZE': 1333,
          'NMS': 0.5,
          'PRECOMPUTED_PROPOSALS': False,
          'PROPOSAL_FILES': (),
          'PROPOSAL_LIMIT': 2000,
          'RPN_MIN_SIZE': 0,
          'RPN_NMS_THRESH': 0.7,
          'RPN_POST_NMS_TOP_N': 1000,
          'RPN_PRE_NMS_TOP_N': 1000,
          'SCALE': 800,
          'SCORE_THRESH': 0.05,
          'SOFT_NMS': {'ENABLED': False, 'METHOD': 'linear', 'SIGMA': 0.5}},
 'TRAIN': {'ASPECT_CROPPING': False,
           'ASPECT_GROUPING': True,
           'ASPECT_HI': 2,
           'ASPECT_LO': 0.5,
           'BATCH_SIZE_PER_IM': 512,
           'BBOX_INSIDE_WEIGHTS': (1.0, 1.0, 1.0, 1.0),
           'BBOX_NORMALIZE_MEANS': (0.0, 0.0, 0.0, 0.0),
           'BBOX_NORMALIZE_STDS': (0.1, 0.1, 0.2, 0.2),
           'BBOX_NORMALIZE_TARGETS': True,
           'BBOX_NORMALIZE_TARGETS_PRECOMPUTED': False,
           'BBOX_THRESH': 0.5,
           'BG_THRESH_HI': 0.5,
           'BG_THRESH_LO': 0.0,
           'CROWD_FILTER_THRESH': 0.7,
           'DATASETS': (),
           'FG_FRACTION': 0.25,
           'FG_THRESH': 0.5,
           'FREEZE_CONV_BODY': False,
           'GT_MIN_AREA': -1,
           'IMS_PER_BATCH': 2,
           'MAX_SIZE': 1333,
           'PROPOSAL_FILES': (),
           'RPN_BATCH_SIZE_PER_IM': 256,
           'RPN_FG_FRACTION': 0.5,
           'RPN_MIN_SIZE': 0,
           'RPN_NEGATIVE_OVERLAP': 0.3,
           'RPN_NMS_THRESH': 0.7,
           'RPN_POSITIVE_OVERLAP': 0.7,
           'RPN_POST_NMS_TOP_N': 2000,
           'RPN_PRE_NMS_TOP_N': 2000,
           'RPN_STRADDLE_THRESH': 0,
           'SCALES': (800,),
           'SNAPSHOT_ITERS': 20000,
           'USE_FLIPPED': False},
 'VIS': False,
 'VIS_TH': 0.9}
INFO test_engine.py: 352: loading checkpoint /home/ubuntu/vdp/data/ns-vqa-data/pretrained/object_detector.pt
INFO test_engine.py: 286: im_detect: range [1, 6] of 6: 1/6 1.101s + 0.004s (eta: 0:00:05)
INFO test_engine.py: 336: Wrote detections to: /home/ubuntu/vdp/data/clevr-cleaned-variants/spy/fovariant-9/infer/mask_rcnn/detections.pkl
INFO test_engine.py: 164: Total inference time: 5.521s


| processing proposals 1 / 6 images
| processing proposals 2 / 6 images
| processing proposals 3 / 6 images
| processing proposals 4 / 6 images
| processing proposals 5 / 6 images
| processing proposals 6 / 6 images
| saving object annotations to data/clevr-cleaned-variants/spy/fovariant-9/infer/attrnet/predictions.json


| options
run_dir: data/clevr-cleaned-variants/spy/fovariant-9/solver_ir
dataset: clevr
load_checkpoint_path: /home/ubuntu/vdp/data/ns-vqa-data/pretrained/attribute_net.pt
gpu_ids: [0]
clevr_mini_img_dir: /home/ubuntu/vdp/data/ns-vqa-data/raw/CLEVR_mini/images
clevr_mini_ann_path: /home/ubuntu/vdp/data/ns-vqa-data/attr_net/objects/clevr_mini_objs.json
concat_img: 1
split_id: 3500
batch_size: 50
num_workers: 4
learning_rate: 0.002
split: val
output_path: data/clevr-cleaned-variants/spy/fovariant-9/solver_ir/results.json
clevr_val_ann_path: data/clevr-cleaned-variants/spy/fovariant-9/infer/attrnet/predictions.json
clevr_val_img_dir: /home/ubuntu/vdp/data/ns-vqa-data/raw/CLEVR_v1.0/images/val
shuffle_data: 0
use_cat_label: 1
name: fovariant-9
| loading checkpoint from /home/ubuntu/vdp/data/ns-vqa-data/pretrained/attribute_net.pt
clevr_object.py: CLEVR_val_000000.png val 0 0
clevr_object.py: CLEVR_val_000000.png val 0 1
clevr_object.py: CLEVR_val_000000.png val 0 2
clevr_object.py: CLEVR_val_000000.png val 0 3
clevr_object.py: CLEVR_val_000001.png val 1 4
clevr_object.py: CLEVR_val_000001.png val 1 5
clevr_object.py: CLEVR_val_000001.png val 1 6
clevr_object.py: CLEVR_val_000001.png val 1 7
clevr_object.py: CLEVR_val_000002.png val 2 8
clevr_object.py: CLEVR_val_000002.png val 2 9
clevr_object.py: CLEVR_val_000002.png val 2 10
clevr_object.py: CLEVR_val_000002.png val 2 11
clevr_object.py: CLEVR_val_000003.png val 3 12
clevr_object.py: CLEVR_val_000003.png val 3 13
clevr_object.py: CLEVR_val_000003.png val 3 14
clevr_object.py: CLEVR_val_000003.png val 3 15
clevr_object.py: CLEVR_val_000003.png val 3 16
clevr_object.py: CLEVR_val_000003.png val 3 17
clevr_object.py: CLEVR_val_000004.png val 4 18
clevr_object.py: CLEVR_val_000004.png val 4 19
clevr_object.py: CLEVR_val_000004.png val 4 20
clevr_object.py: CLEVR_val_000004.png val 4 21
clevr_object.py: CLEVR_val_000005.png val 5 22
clevr_object.py: CLEVR_val_000005.png val 5 23
24 / 24 objects processed
| saving annotation file to data/clevr-cleaned-variants/spy/fovariant-9/solver_ir/results.json


0.json in test
THRESHOLD relate_right objs = {'id': '0-0', 'position': [2.0299746990203857, 2.1416096687316895, 0.6963898539543152], 'color': 'purple', 'material': 'metal', 'shape': 'sphere', 'size': 'large'}, {'id': '0-2', 'position': [2.080493211746216, -2.0181992053985596, 0.34776854515075684], 'color': 'yellow', 'material': 'rubber', 'shape': 'cylinder', 'size': 'small'}
THRESHOLD relate_behind objs = {'id': '0-0', 'position': [2.0299746990203857, 2.1416096687316895, 0.6963898539543152], 'color': 'purple', 'material': 'metal', 'shape': 'sphere', 'size': 'large'}, {'id': '0-1', 'position': [-0.21556362509727478, 1.8418301343917847, 0.7019160389900208], 'color': 'purple', 'material': 'metal', 'shape': 'sphere', 'size': 'large'}
THRESHOLD relate_front objs = {'id': '0-1', 'position': [-0.21556362509727478, 1.8418301343917847, 0.7019160389900208], 'color': 'purple', 'material': 'metal', 'shape': 'sphere', 'size': 'large'}, {'id': '0-0', 'position': [2.0299746990203857, 2.1416096687316895, 0.6963898539543152], 'color': 'purple', 'material': 'metal', 'shape': 'sphere', 'size': 'large'}
THRESHOLD relate_left objs = {'id': '0-2', 'position': [2.080493211746216, -2.0181992053985596, 0.34776854515075684], 'color': 'yellow', 'material': 'rubber', 'shape': 'cylinder', 'size': 'small'}, {'id': '0-0', 'position': [2.0299746990203857, 2.1416096687316895, 0.6963898539543152], 'color': 'purple', 'material': 'metal', 'shape': 'sphere', 'size': 'large'}
THRESHOLD relate_behind objs = {'id': '0-2', 'position': [2.080493211746216, -2.0181992053985596, 0.34776854515075684], 'color': 'yellow', 'material': 'rubber', 'shape': 'cylinder', 'size': 'small'}, {'id': '0-3', 'position': [-0.011804923415184021, -2.309460401535034, 0.34248054027557373], 'color': 'yellow', 'material': 'rubber', 'shape': 'cylinder', 'size': 'small'}
THRESHOLD relate_front objs = {'id': '0-3', 'position': [-0.011804923415184021, -2.309460401535034, 0.34248054027557373], 'color': 'yellow', 'material': 'rubber', 'shape': 'cylinder', 'size': 'small'}, {'id': '0-2', 'position': [2.080493211746216, -2.0181992053985596, 0.34776854515075684], 'color': 'yellow', 'material': 'rubber', 'shape': 'cylinder', 'size': 'small'}
1.json in test
THRESHOLD relate_behind objs = {'id': '1-0', 'position': [2.144960880279541, -1.899717092514038, 0.3470466136932373], 'color': 'purple', 'material': 'metal', 'shape': 'sphere', 'size': 'small'}, {'id': '1-1', 'position': [0.1381145566701889, -2.0616953372955322, 0.3459874391555786], 'color': 'purple', 'material': 'metal', 'shape': 'sphere', 'size': 'small'}
THRESHOLD relate_front objs = {'id': '1-1', 'position': [0.1381145566701889, -2.0616953372955322, 0.3459874391555786], 'color': 'purple', 'material': 'metal', 'shape': 'sphere', 'size': 'small'}, {'id': '1-0', 'position': [2.144960880279541, -1.899717092514038, 0.3470466136932373], 'color': 'purple', 'material': 'metal', 'shape': 'sphere', 'size': 'small'}
THRESHOLD relate_front objs = {'id': '1-2', 'position': [-0.1851469874382019, 2.0134527683258057, 0.34188735485076904], 'color': 'yellow', 'material': 'rubber', 'shape': 'cylinder', 'size': 'small'}, {'id': '1-3', 'position': [1.9190775156021118, 2.199828863143921, 0.33902984857559204], 'color': 'yellow', 'material': 'rubber', 'shape': 'cylinder', 'size': 'small'}
THRESHOLD relate_behind objs = {'id': '1-3', 'position': [1.9190775156021118, 2.199828863143921, 0.33902984857559204], 'color': 'yellow', 'material': 'rubber', 'shape': 'cylinder', 'size': 'small'}, {'id': '1-2', 'position': [-0.1851469874382019, 2.0134527683258057, 0.34188735485076904], 'color': 'yellow', 'material': 'rubber', 'shape': 'cylinder', 'size': 'small'}
2.json in test
THRESHOLD relate_front objs = {'id': '2-0', 'position': [-0.10488904267549515, 1.7191119194030762, 0.7087149024009705], 'color': 'purple', 'material': 'metal', 'shape': 'sphere', 'size': 'large'}, {'id': '2-1', 'position': [2.0872247219085693, 2.11617112159729, 0.6904268264770508], 'color': 'purple', 'material': 'metal', 'shape': 'sphere', 'size': 'large'}
THRESHOLD relate_behind objs = {'id': '2-1', 'position': [2.0872247219085693, 2.11617112159729, 0.6904268264770508], 'color': 'purple', 'material': 'metal', 'shape': 'sphere', 'size': 'large'}, {'id': '2-0', 'position': [-0.10488904267549515, 1.7191119194030762, 0.7087149024009705], 'color': 'purple', 'material': 'metal', 'shape': 'sphere', 'size': 'large'}
THRESHOLD relate_behind objs = {'id': '2-2', 'position': [2.4514284133911133, -1.619465947151184, 0.3524717688560486], 'color': 'yellow', 'material': 'rubber', 'shape': 'cube', 'size': 'small'}, {'id': '2-3', 'position': [0.14940954744815826, -1.9243053197860718, 0.35101139545440674], 'color': 'yellow', 'material': 'rubber', 'shape': 'cube', 'size': 'small'}
THRESHOLD relate_front objs = {'id': '2-3', 'position': [0.14940954744815826, -1.9243053197860718, 0.35101139545440674], 'color': 'yellow', 'material': 'rubber', 'shape': 'cube', 'size': 'small'}, {'id': '2-2', 'position': [2.4514284133911133, -1.619465947151184, 0.3524717688560486], 'color': 'yellow', 'material': 'rubber', 'shape': 'cube', 'size': 'small'}
3.json in train
THRESHOLD relate_behind objs = {'id': '3-0', 'position': [-0.25531241297721863, 2.01589298248291, 0.7025246620178223], 'color': 'gray', 'material': 'metal', 'shape': 'sphere', 'size': 'large'}, {'id': '3-1', 'position': [-2.1946475505828857, 1.773616075515747, 0.6960489153862], 'color': 'gray', 'material': 'metal', 'shape': 'sphere', 'size': 'large'}
THRESHOLD relate_front objs = {'id': '3-0', 'position': [-0.25531241297721863, 2.01589298248291, 0.7025246620178223], 'color': 'gray', 'material': 'metal', 'shape': 'sphere', 'size': 'large'}, {'id': '3-2', 'position': [1.8863927125930786, 2.192831039428711, 0.6856985092163086], 'color': 'gray', 'material': 'metal', 'shape': 'sphere', 'size': 'large'}
THRESHOLD relate_front objs = {'id': '3-1', 'position': [-2.1946475505828857, 1.773616075515747, 0.6960489153862], 'color': 'gray', 'material': 'metal', 'shape': 'sphere', 'size': 'large'}, {'id': '3-0', 'position': [-0.25531241297721863, 2.01589298248291, 0.7025246620178223], 'color': 'gray', 'material': 'metal', 'shape': 'sphere', 'size': 'large'}
THRESHOLD relate_behind objs = {'id': '3-2', 'position': [1.8863927125930786, 2.192831039428711, 0.6856985092163086], 'color': 'gray', 'material': 'metal', 'shape': 'sphere', 'size': 'large'}, {'id': '3-0', 'position': [-0.25531241297721863, 2.01589298248291, 0.7025246620178223], 'color': 'gray', 'material': 'metal', 'shape': 'sphere', 'size': 'large'}
THRESHOLD relate_behind objs = {'id': '3-3', 'position': [0.12122208625078201, -2.624455451965332, 0.35064074397087097], 'color': 'yellow', 'material': 'rubber', 'shape': 'cylinder', 'size': 'small'}, {'id': '3-5', 'position': [-1.217640995979309, -2.7299699783325195, 0.3448426425457001], 'color': 'yellow', 'material': 'rubber', 'shape': 'cylinder', 'size': 'small'}
THRESHOLD relate_front objs = {'id': '3-3', 'position': [0.12122208625078201, -2.624455451965332, 0.35064074397087097], 'color': 'yellow', 'material': 'rubber', 'shape': 'cylinder', 'size': 'small'}, {'id': '3-4', 'position': [1.4303721189498901, -2.518764019012451, 0.3532748818397522], 'color': 'yellow', 'material': 'rubber', 'shape': 'cylinder', 'size': 'small'}
THRESHOLD relate_behind objs = {'id': '3-4', 'position': [1.4303721189498901, -2.518764019012451, 0.3532748818397522], 'color': 'yellow', 'material': 'rubber', 'shape': 'cylinder', 'size': 'small'}, {'id': '3-3', 'position': [0.12122208625078201, -2.624455451965332, 0.35064074397087097], 'color': 'yellow', 'material': 'rubber', 'shape': 'cylinder', 'size': 'small'}
THRESHOLD relate_behind objs = {'id': '3-4', 'position': [1.4303721189498901, -2.518764019012451, 0.3532748818397522], 'color': 'yellow', 'material': 'rubber', 'shape': 'cylinder', 'size': 'small'}, {'id': '3-5', 'position': [-1.217640995979309, -2.7299699783325195, 0.3448426425457001], 'color': 'yellow', 'material': 'rubber', 'shape': 'cylinder', 'size': 'small'}
THRESHOLD relate_front objs = {'id': '3-5', 'position': [-1.217640995979309, -2.7299699783325195, 0.3448426425457001], 'color': 'yellow', 'material': 'rubber', 'shape': 'cylinder', 'size': 'small'}, {'id': '3-3', 'position': [0.12122208625078201, -2.624455451965332, 0.35064074397087097], 'color': 'yellow', 'material': 'rubber', 'shape': 'cylinder', 'size': 'small'}
THRESHOLD relate_front objs = {'id': '3-5', 'position': [-1.217640995979309, -2.7299699783325195, 0.3448426425457001], 'color': 'yellow', 'material': 'rubber', 'shape': 'cylinder', 'size': 'small'}, {'id': '3-4', 'position': [1.4303721189498901, -2.518764019012451, 0.3532748818397522], 'color': 'yellow', 'material': 'rubber', 'shape': 'cylinder', 'size': 'small'}
4.json in train
THRESHOLD relate_behind objs = {'id': '4-0', 'position': [0.072908416390419, -2.730055093765259, 0.3439532220363617], 'color': 'cyan', 'material': 'rubber', 'shape': 'cylinder', 'size': 'small'}, {'id': '4-1', 'position': [1.4365812540054321, -2.7390658855438232, 0.344409316778183], 'color': 'cyan', 'material': 'rubber', 'shape': 'cylinder', 'size': 'small'}
THRESHOLD relate_front objs = {'id': '4-1', 'position': [1.4365812540054321, -2.7390658855438232, 0.344409316778183], 'color': 'cyan', 'material': 'rubber', 'shape': 'cylinder', 'size': 'small'}, {'id': '4-0', 'position': [0.072908416390419, -2.730055093765259, 0.3439532220363617], 'color': 'cyan', 'material': 'rubber', 'shape': 'cylinder', 'size': 'small'}
THRESHOLD relate_front objs = {'id': '4-2', 'position': [-0.27805548906326294, 1.775968313217163, 0.6907784938812256], 'color': 'red', 'material': 'metal', 'shape': 'sphere', 'size': 'large'}, {'id': '4-3', 'position': [1.961459755897522, 2.125135898590088, 0.6905415654182434], 'color': 'red', 'material': 'metal', 'shape': 'sphere', 'size': 'large'}
THRESHOLD relate_behind objs = {'id': '4-3', 'position': [1.961459755897522, 2.125135898590088, 0.6905415654182434], 'color': 'red', 'material': 'metal', 'shape': 'sphere', 'size': 'large'}, {'id': '4-2', 'position': [-0.27805548906326294, 1.775968313217163, 0.6907784938812256], 'color': 'red', 'material': 'metal', 'shape': 'sphere', 'size': 'large'}
5.json in train
