Started Logging. 2022-07-09 09:52:40.846192

found bundled python: /home/ubuntu/vdp/data/blender-2.78c-linux-glibc219-x86_64/2.78/python
read blend: /home/ubuntu/vdp/data/clevr_scene_data/base_scene.blend
convertViewVec: called in an invalid context
convertViewVec: called in an invalid context
convertViewVec: called in an invalid context
Fra:1 Mem:13.58M (0.00M, Peak 13.58M) | Time:00:00.00 | Preparing Scene data
Fra:1 Mem:18.18M (0.00M, Peak 19.16M) | Time:00:00.00 | Preparing Scene data
Fra:1 Mem:18.18M (0.00M, Peak 19.16M) | Time:00:00.00 | Creating Shadowbuffers
Fra:1 Mem:18.18M (0.00M, Peak 19.16M) | Time:00:00.00 | Raytree.. preparing
Fra:1 Mem:23.09M (0.00M, Peak 23.09M) | Time:00:00.01 | Raytree.. building
Fra:1 Mem:22.81M (0.00M, Peak 30.48M) | Time:00:00.09 | Raytree finished
Fra:1 Mem:22.81M (0.00M, Peak 30.48M) | Time:00:00.09 | Creating Environment maps
Fra:1 Mem:22.81M (0.00M, Peak 30.48M) | Time:00:00.09 | Caching Point Densities
Fra:1 Mem:22.81M (0.00M, Peak 30.48M) | Time:00:00.09 | Sce: Scene Ve:34476 Fa:35725 La:1
Fra:1 Mem:22.81M (0.00M, Peak 30.48M) | Time:00:00.09 | Loading voxel datasets
Fra:1 Mem:22.81M (0.00M, Peak 30.48M) | Time:00:00.09 | Sce: Scene Ve:34476 Fa:35725 La:1
Fra:1 Mem:22.82M (0.00M, Peak 30.48M) | Time:00:00.09 | Sce: Scene Ve:34476 Fa:35725 La:1
Fra:1 Mem:22.82M (0.00M, Peak 30.48M) | Time:00:00.09 | Volume preprocessing
Fra:1 Mem:22.82M (0.00M, Peak 30.48M) | Time:00:00.09 | Sce: Scene Ve:34476 Fa:35725 La:1
Fra:1 Mem:22.82M (0.00M, Peak 30.48M) | Time:00:00.09 | Sce: Scene Ve:34476 Fa:35725 La:1
Fra:1 Mem:27.16M (0.00M, Peak 30.48M) | Time:00:00.09 | Scene, Part 3-4
Fra:1 Mem:26.85M (0.00M, Peak 30.48M) | Time:00:00.09 | Scene, Part 4-4
Fra:1 Mem:25.91M (0.00M, Peak 30.48M) | Time:00:00.10 | Scene, Part 2-4
Fra:1 Mem:24.07M (0.00M, Peak 30.48M) | Time:00:00.10 | Scene, Part 1-4
Fra:1 Mem:13.46M (0.00M, Peak 30.48M) | Time:00:00.10 | Sce: Scene Ve:34476 Fa:35725 La:1
Saved: '/tmp/tmpiz2wuoql.png'
 Time: 00:00.15 (Saving: 00:00.04)

Fra:1 Mem:13.50M (0.00M, Peak 14.09M) | Time:00:00.04 | Mem:0.00M, Peak:0.00M | Scene, RenderLayer | Synchronizing object | Area
Fra:1 Mem:13.50M (0.00M, Peak 14.09M) | Time:00:00.04 | Mem:0.00M, Peak:0.00M | Scene, RenderLayer | Synchronizing object | Ground
Fra:1 Mem:13.56M (0.00M, Peak 14.09M) | Time:00:00.04 | Mem:0.00M, Peak:0.00M | Scene, RenderLayer | Synchronizing object | Empty
Fra:1 Mem:13.56M (0.00M, Peak 14.09M) | Time:00:00.04 | Mem:0.00M, Peak:0.00M | Scene, RenderLayer | Synchronizing object | Lamp_Back
Fra:1 Mem:13.56M (0.00M, Peak 14.09M) | Time:00:00.04 | Mem:0.00M, Peak:0.00M | Scene, RenderLayer | Synchronizing object | Lamp_Fill
Fra:1 Mem:13.56M (0.00M, Peak 14.09M) | Time:00:00.04 | Mem:0.00M, Peak:0.00M | Scene, RenderLayer | Synchronizing object | Lamp_Key
Fra:1 Mem:13.56M (0.00M, Peak 14.09M) | Time:00:00.04 | Mem:0.00M, Peak:0.00M | Scene, RenderLayer | Synchronizing object | Camera
Fra:1 Mem:13.56M (0.00M, Peak 14.09M) | Time:00:00.04 | Mem:0.00M, Peak:0.00M | Scene, RenderLayer | Synchronizing object | Sphere_0
Fra:1 Mem:15.06M (0.00M, Peak 16.50M) | Time:00:00.05 | Mem:0.00M, Peak:0.00M | Scene, RenderLayer | Synchronizing object | SmoothCube_v2_0
Fra:1 Mem:15.37M (0.00M, Peak 16.50M) | Time:00:00.05 | Mem:0.00M, Peak:0.00M | Scene, RenderLayer | Synchronizing object | Sphere_1
Fra:1 Mem:16.86M (0.00M, Peak 18.30M) | Time:00:00.05 | Mem:0.00M, Peak:0.00M | Scene, RenderLayer | Initializing
Fra:1 Mem:16.86M (0.00M, Peak 18.30M) | Time:00:00.05 | Mem:0.00M, Peak:0.00M | Scene, RenderLayer | Loading render kernels (may take a few minutes the first time)
Fra:1 Mem:16.86M (0.00M, Peak 19.56M) | Time:00:00.07 | Mem:0.00M, Peak:0.00M | Scene, RenderLayer | Waiting for render to start
Fra:1 Mem:16.86M (0.00M, Peak 19.56M) | Time:00:00.07 | Mem:0.00M, Peak:0.00M | Scene, RenderLayer | Updating Scene
Fra:1 Mem:16.86M (0.00M, Peak 19.56M) | Time:00:00.07 | Mem:0.00M, Peak:0.00M | Scene, RenderLayer | Updating Shaders
Fra:1 Mem:17.36M (0.00M, Peak 19.56M) | Time:00:00.15 | Mem:0.00M, Peak:0.00M | Scene, RenderLayer | Updating Background
Fra:1 Mem:17.36M (0.00M, Peak 19.56M) | Time:00:00.15 | Mem:0.00M, Peak:0.00M | Scene, RenderLayer | Updating Camera
Fra:1 Mem:17.36M (0.00M, Peak 19.56M) | Time:00:00.15 | Mem:0.00M, Peak:0.00M | Scene, RenderLayer | Updating Meshes Flags
Fra:1 Mem:17.36M (0.00M, Peak 19.56M) | Time:00:00.15 | Mem:0.00M, Peak:0.00M | Scene, RenderLayer | Updating Objects
Fra:1 Mem:17.36M (0.00M, Peak 19.56M) | Time:00:00.15 | Mem:0.00M, Peak:0.00M | Scene, RenderLayer | Updating Objects | Copying Transformations to device
Fra:1 Mem:17.37M (0.00M, Peak 19.56M) | Time:00:00.15 | Mem:0.00M, Peak:0.00M | Scene, RenderLayer | Updating Objects | Applying Static Transformations
Fra:1 Mem:17.37M (0.00M, Peak 19.56M) | Time:00:00.15 | Mem:0.00M, Peak:0.00M | Scene, RenderLayer | Updating Meshes
Fra:1 Mem:18.44M (0.00M, Peak 19.56M) | Time:00:00.15 | Mem:0.00M, Peak:0.00M | Scene, RenderLayer | Updating Mesh | Computing attributes
Fra:1 Mem:18.91M (0.00M, Peak 19.56M) | Time:00:00.15 | Mem:0.00M, Peak:0.00M | Scene, RenderLayer | Updating Mesh | Copying Attributes to device
Fra:1 Mem:18.91M (0.00M, Peak 19.56M) | Time:00:00.15 | Mem:0.47M, Peak:0.47M | Scene, RenderLayer | Updating Scene BVH | Building
Fra:1 Mem:18.91M (0.00M, Peak 19.56M) | Time:00:00.15 | Mem:0.47M, Peak:0.47M | Scene, RenderLayer | Updating Scene BVH | Building BVH
Fra:1 Mem:22.94M (0.00M, Peak 22.94M) | Time:00:00.20 | Mem:0.47M, Peak:0.47M | Scene, RenderLayer | Updating Scene BVH | Packing BVH triangles and strands
Fra:1 Mem:26.70M (0.00M, Peak 26.70M) | Time:00:00.20 | Mem:0.47M, Peak:0.47M | Scene, RenderLayer | Updating Scene BVH | Packing BVH nodes
Fra:1 Mem:24.54M (0.00M, Peak 27.76M) | Time:00:00.21 | Mem:0.47M, Peak:0.47M | Scene, RenderLayer | Updating Scene BVH | Copying BVH to device
Fra:1 Mem:24.81M (0.00M, Peak 27.76M) | Time:00:00.21 | Mem:6.10M, Peak:6.10M | Scene, RenderLayer | Updating Mesh | Computing normals
Fra:1 Mem:27.23M (0.00M, Peak 27.76M) | Time:00:00.21 | Mem:6.10M, Peak:6.10M | Scene, RenderLayer | Updating Mesh | Copying Mesh to device
Fra:1 Mem:26.96M (0.00M, Peak 27.76M) | Time:00:00.21 | Mem:8.52M, Peak:8.52M | Scene, RenderLayer | Updating Objects Flags
Fra:1 Mem:26.96M (0.00M, Peak 27.76M) | Time:00:00.21 | Mem:8.52M, Peak:8.52M | Scene, RenderLayer | Updating Images
Fra:1 Mem:26.96M (0.00M, Peak 27.76M) | Time:00:00.21 | Mem:8.52M, Peak:8.52M | Scene, RenderLayer | Updating Camera Volume
Fra:1 Mem:26.96M (0.00M, Peak 27.76M) | Time:00:00.21 | Mem:8.52M, Peak:8.52M | Scene, RenderLayer | Updating Hair Systems
Fra:1 Mem:26.96M (0.00M, Peak 27.76M) | Time:00:00.21 | Mem:8.52M, Peak:8.52M | Scene, RenderLayer | Updating Hair settings | Copying Hair settings to device
Fra:1 Mem:26.96M (0.00M, Peak 27.76M) | Time:00:00.21 | Mem:8.52M, Peak:8.52M | Scene, RenderLayer | Updating Lookup Tables
Fra:1 Mem:26.96M (0.00M, Peak 27.76M) | Time:00:00.21 | Mem:8.77M, Peak:8.77M | Scene, RenderLayer | Updating Lights
Fra:1 Mem:26.96M (0.00M, Peak 27.76M) | Time:00:00.21 | Mem:8.77M, Peak:8.77M | Scene, RenderLayer | Updating Lights | Computing distribution
Fra:1 Mem:26.96M (0.00M, Peak 27.76M) | Time:00:00.21 | Mem:8.77M, Peak:8.77M | Scene, RenderLayer | Updating Particle Systems
Fra:1 Mem:26.96M (0.00M, Peak 27.76M) | Time:00:00.21 | Mem:8.77M, Peak:8.77M | Scene, RenderLayer | Updating Particle Systems | Copying Particles to device
Fra:1 Mem:26.96M (0.00M, Peak 27.76M) | Time:00:00.21 | Mem:8.78M, Peak:8.78M | Scene, RenderLayer | Updating Integrator
Fra:1 Mem:27.00M (0.00M, Peak 27.76M) | Time:00:00.21 | Mem:8.82M, Peak:8.82M | Scene, RenderLayer | Updating Film
Fra:1 Mem:27.01M (0.00M, Peak 27.76M) | Time:00:00.21 | Mem:8.82M, Peak:8.82M | Scene, RenderLayer | Updating Lookup Tables
Fra:1 Mem:27.01M (0.00M, Peak 27.76M) | Time:00:00.21 | Mem:8.82M, Peak:8.82M | Scene, RenderLayer | Updating Baking
Fra:1 Mem:27.01M (0.00M, Peak 27.76M) | Time:00:00.21 | Mem:8.82M, Peak:8.82M | Scene, RenderLayer | Updating Device | Writing constant memory
Fra:1 Mem:27.01M (0.00M, Peak 27.76M) | Time:00:00.21 | Mem:8.82M, Peak:8.82M | Scene, RenderLayer | Path Tracing Tile 0/4, Sample 0/512
Fra:1 Mem:29.26M (0.00M, Peak 30.51M) | Time:00:00.22 | Mem:11.07M, Peak:11.07M | Scene, RenderLayer | Path Tracing Tile 1/4, Sample 0/512
Fra:1 Mem:29.26M (0.00M, Peak 31.51M) | Time:00:01.22 | Remaining:00:11.94 | Mem:11.07M, Peak:11.07M | Scene, RenderLayer | Path Tracing Tile 1/4, Sample 93/512
Fra:1 Mem:29.26M (0.00M, Peak 31.51M) | Time:00:02.23 | Remaining:00:10.90 | Mem:11.07M, Peak:11.07M | Scene, RenderLayer | Path Tracing Tile 1/4, Sample 187/512
Fra:1 Mem:29.26M (0.00M, Peak 31.51M) | Time:00:03.24 | Remaining:00:09.88 | Mem:11.07M, Peak:11.07M | Scene, RenderLayer | Path Tracing Tile 1/4, Sample 281/512
Fra:1 Mem:29.26M (0.00M, Peak 31.51M) | Time:00:04.24 | Remaining:00:08.88 | Mem:11.07M, Peak:11.07M | Scene, RenderLayer | Path Tracing Tile 1/4, Sample 374/512
Fra:1 Mem:29.26M (0.00M, Peak 31.51M) | Time:00:05.24 | Remaining:00:07.89 | Mem:11.07M, Peak:11.07M | Scene, RenderLayer | Path Tracing Tile 1/4, Sample 467/512
Fra:1 Mem:27.01M (0.00M, Peak 31.51M) | Time:00:05.73 | Remaining:00:07.41 | Mem:8.82M, Peak:11.07M | Scene, RenderLayer | Path Tracing Tile 1/4, Sample 512/512
Fra:1 Mem:28.98M (0.00M, Peak 31.51M) | Time:00:05.73 | Remaining:00:07.41 | Mem:10.79M, Peak:11.07M | Scene, RenderLayer | Path Tracing Tile 2/4, Sample 512/512
Fra:1 Mem:28.98M (0.00M, Peak 31.51M) | Time:00:06.25 | Remaining:00:06.89 | Mem:10.79M, Peak:11.07M | Scene, RenderLayer | Path Tracing Tile 2/4, Sample 55/512
Fra:1 Mem:28.98M (0.00M, Peak 31.51M) | Time:00:07.25 | Remaining:00:05.89 | Mem:10.79M, Peak:11.07M | Scene, RenderLayer | Path Tracing Tile 2/4, Sample 161/512
Fra:1 Mem:28.98M (0.00M, Peak 31.51M) | Time:00:08.26 | Remaining:00:04.88 | Mem:10.79M, Peak:11.07M | Scene, RenderLayer | Path Tracing Tile 2/4, Sample 268/512
Fra:1 Mem:28.98M (0.00M, Peak 31.51M) | Time:00:09.26 | Remaining:00:03.89 | Mem:10.79M, Peak:11.07M | Scene, RenderLayer | Path Tracing Tile 2/4, Sample 374/512
Fra:1 Mem:28.98M (0.00M, Peak 31.51M) | Time:00:10.27 | Remaining:00:02.89 | Mem:10.79M, Peak:11.07M | Scene, RenderLayer | Path Tracing Tile 2/4, Sample 480/512
Fra:1 Mem:27.01M (0.00M, Peak 31.51M) | Time:00:10.58 | Remaining:00:02.59 | Mem:8.82M, Peak:11.07M | Scene, RenderLayer | Path Tracing Tile 2/4, Sample 512/512
Fra:1 Mem:27.57M (0.00M, Peak 31.51M) | Time:00:10.58 | Remaining:00:02.59 | Mem:9.38M, Peak:11.07M | Scene, RenderLayer | Path Tracing Tile 3/4, Sample 512/512
Fra:1 Mem:27.57M (0.00M, Peak 31.51M) | Time:00:11.27 | Remaining:00:02.19 | Mem:9.38M, Peak:11.07M | Scene, RenderLayer | Path Tracing Tile 3/4, Sample 165/512
Fra:1 Mem:27.57M (0.00M, Peak 31.51M) | Time:00:12.27 | Remaining:00:01.58 | Mem:9.38M, Peak:11.07M | Scene, RenderLayer | Path Tracing Tile 3/4, Sample 401/512
Fra:1 Mem:27.01M (0.00M, Peak 31.51M) | Time:00:12.75 | Remaining:00:01.29 | Mem:8.82M, Peak:11.07M | Scene, RenderLayer | Path Tracing Tile 3/4, Sample 512/512
Fra:1 Mem:27.50M (0.00M, Peak 31.51M) | Time:00:12.75 | Remaining:00:01.29 | Mem:9.31M, Peak:11.07M | Scene, RenderLayer | Path Tracing Tile 4/4, Sample 512/512
Fra:1 Mem:27.50M (0.00M, Peak 31.51M) | Time:00:13.28 | Remaining:00:00.96 | Mem:9.31M, Peak:11.07M | Scene, RenderLayer | Path Tracing Tile 4/4, Sample 135/512
Fra:1 Mem:27.50M (0.00M, Peak 31.51M) | Time:00:14.28 | Remaining:00:00.32 | Mem:9.31M, Peak:11.07M | Scene, RenderLayer | Path Tracing Tile 4/4, Sample 389/512
Fra:1 Mem:27.01M (0.00M, Peak 31.51M) | Time:00:14.77 | Mem:8.82M, Peak:11.07M | Scene, RenderLayer | Path Tracing Tile 4/4, Sample 512/512
Fra:1 Mem:27.01M (0.00M, Peak 31.51M) | Time:00:14.77 | Mem:8.82M, Peak:11.07M | Scene, RenderLayer | Finished
Fra:1 Mem:13.74M (0.00M, Peak 31.51M) | Time:00:14.85 | Sce: Scene Ve:0 Fa:0 La:0
Saved: 'data/clevr-cleaned-variants/apocope/fovariant-20/render/images/CLEVR_val_000000.png'
 Time: 00:14.88 (Saving: 00:00.03)

read blend: /home/ubuntu/vdp/data/clevr_scene_data/base_scene.blend
convertViewVec: called in an invalid context
convertViewVec: called in an invalid context
convertViewVec: called in an invalid context
convertViewVec: called in an invalid context
Fra:1 Mem:14.37M (0.00M, Peak 14.37M) | Time:00:00.00 | Preparing Scene data
Fra:1 Mem:19.65M (0.00M, Peak 19.95M) | Time:00:00.01 | Preparing Scene data
Fra:1 Mem:19.65M (0.00M, Peak 19.95M) | Time:00:00.01 | Creating Shadowbuffers
Fra:1 Mem:19.65M (0.00M, Peak 19.95M) | Time:00:00.01 | Raytree.. preparing
Fra:1 Mem:25.19M (0.00M, Peak 25.19M) | Time:00:00.01 | Raytree.. building
Fra:1 Mem:24.89M (0.00M, Peak 33.54M) | Time:00:00.10 | Raytree finished
Fra:1 Mem:24.89M (0.00M, Peak 33.54M) | Time:00:00.10 | Creating Environment maps
Fra:1 Mem:24.89M (0.00M, Peak 33.54M) | Time:00:00.10 | Caching Point Densities
Fra:1 Mem:24.89M (0.00M, Peak 33.54M) | Time:00:00.10 | Sce: Scene Ve:38228 Fa:40328 La:1
Fra:1 Mem:24.89M (0.00M, Peak 33.54M) | Time:00:00.10 | Loading voxel datasets
Fra:1 Mem:24.89M (0.00M, Peak 33.54M) | Time:00:00.10 | Sce: Scene Ve:38228 Fa:40328 La:1
Fra:1 Mem:24.89M (0.00M, Peak 33.54M) | Time:00:00.10 | Sce: Scene Ve:38228 Fa:40328 La:1
Fra:1 Mem:24.89M (0.00M, Peak 33.54M) | Time:00:00.10 | Volume preprocessing
Fra:1 Mem:24.89M (0.00M, Peak 33.54M) | Time:00:00.10 | Sce: Scene Ve:38228 Fa:40328 La:1
Fra:1 Mem:24.89M (0.00M, Peak 33.54M) | Time:00:00.10 | Sce: Scene Ve:38228 Fa:40328 La:1
Fra:1 Mem:29.40M (0.00M, Peak 33.54M) | Time:00:00.10 | Scene, Part 3-4
Fra:1 Mem:28.92M (0.00M, Peak 33.54M) | Time:00:00.10 | Scene, Part 4-4
Fra:1 Mem:27.24M (0.00M, Peak 33.54M) | Time:00:00.12 | Scene, Part 2-4
Fra:1 Mem:26.14M (0.00M, Peak 33.54M) | Time:00:00.12 | Scene, Part 1-4
Fra:1 Mem:14.22M (0.00M, Peak 33.54M) | Time:00:00.12 | Sce: Scene Ve:38228 Fa:40328 La:1
Saved: '/tmp/tmpnjaqjadj.png'
 Time: 00:00.14 (Saving: 00:00.01)

Fra:1 Mem:14.26M (0.00M, Peak 14.85M) | Time:00:00.04 | Mem:0.00M, Peak:0.00M | Scene, RenderLayer | Synchronizing object | Area
Fra:1 Mem:14.26M (0.00M, Peak 14.85M) | Time:00:00.04 | Mem:0.00M, Peak:0.00M | Scene, RenderLayer | Synchronizing object | Ground
Fra:1 Mem:14.32M (0.00M, Peak 14.85M) | Time:00:00.04 | Mem:0.00M, Peak:0.00M | Scene, RenderLayer | Synchronizing object | Empty
Fra:1 Mem:14.32M (0.00M, Peak 14.85M) | Time:00:00.04 | Mem:0.00M, Peak:0.00M | Scene, RenderLayer | Synchronizing object | Lamp_Back
Fra:1 Mem:14.32M (0.00M, Peak 14.85M) | Time:00:00.04 | Mem:0.00M, Peak:0.00M | Scene, RenderLayer | Synchronizing object | Lamp_Fill
Fra:1 Mem:14.32M (0.00M, Peak 14.85M) | Time:00:00.04 | Mem:0.00M, Peak:0.00M | Scene, RenderLayer | Synchronizing object | Lamp_Key
Fra:1 Mem:14.32M (0.00M, Peak 14.85M) | Time:00:00.04 | Mem:0.00M, Peak:0.00M | Scene, RenderLayer | Synchronizing object | Camera
Fra:1 Mem:14.32M (0.00M, Peak 14.85M) | Time:00:00.04 | Mem:0.00M, Peak:0.00M | Scene, RenderLayer | Synchronizing object | Sphere_0
Fra:1 Mem:15.82M (0.00M, Peak 17.26M) | Time:00:00.05 | Mem:0.00M, Peak:0.00M | Scene, RenderLayer | Synchronizing object | SmoothCube_v2_0
Fra:1 Mem:16.18M (0.00M, Peak 17.26M) | Time:00:00.05 | Mem:0.00M, Peak:0.00M | Scene, RenderLayer | Synchronizing object | Sphere_1
Fra:1 Mem:17.68M (0.00M, Peak 19.12M) | Time:00:00.05 | Mem:0.00M, Peak:0.00M | Scene, RenderLayer | Synchronizing object | SmoothCube_v2_1
Fra:1 Mem:18.04M (0.00M, Peak 19.12M) | Time:00:00.06 | Mem:0.00M, Peak:0.00M | Scene, RenderLayer | Initializing
Fra:1 Mem:18.04M (0.00M, Peak 19.12M) | Time:00:00.06 | Mem:0.00M, Peak:0.00M | Scene, RenderLayer | Loading render kernels (may take a few minutes the first time)
Fra:1 Mem:18.04M (0.00M, Peak 20.74M) | Time:00:00.07 | Mem:0.00M, Peak:0.00M | Scene, RenderLayer | Waiting for render to start
Fra:1 Mem:18.04M (0.00M, Peak 20.74M) | Time:00:00.07 | Mem:0.00M, Peak:0.00M | Scene, RenderLayer | Updating Scene
Fra:1 Mem:18.04M (0.00M, Peak 20.74M) | Time:00:00.07 | Mem:0.00M, Peak:0.00M | Scene, RenderLayer | Updating Shaders
Fra:1 Mem:18.30M (0.00M, Peak 20.74M) | Time:00:00.07 | Mem:0.00M, Peak:0.00M | Scene, RenderLayer | Updating Background
Fra:1 Mem:18.30M (0.00M, Peak 20.74M) | Time:00:00.07 | Mem:0.00M, Peak:0.00M | Scene, RenderLayer | Updating Camera
Fra:1 Mem:18.30M (0.00M, Peak 20.74M) | Time:00:00.07 | Mem:0.00M, Peak:0.00M | Scene, RenderLayer | Updating Meshes Flags
Fra:1 Mem:18.30M (0.00M, Peak 20.74M) | Time:00:00.07 | Mem:0.00M, Peak:0.00M | Scene, RenderLayer | Updating Objects
Fra:1 Mem:18.30M (0.00M, Peak 20.74M) | Time:00:00.07 | Mem:0.00M, Peak:0.00M | Scene, RenderLayer | Updating Objects | Copying Transformations to device
Fra:1 Mem:18.30M (0.00M, Peak 20.74M) | Time:00:00.07 | Mem:0.00M, Peak:0.00M | Scene, RenderLayer | Updating Objects | Applying Static Transformations
Fra:1 Mem:18.30M (0.00M, Peak 20.74M) | Time:00:00.07 | Mem:0.00M, Peak:0.00M | Scene, RenderLayer | Updating Meshes
Fra:1 Mem:19.49M (0.00M, Peak 20.74M) | Time:00:00.07 | Mem:0.00M, Peak:0.00M | Scene, RenderLayer | Updating Mesh | Computing attributes
Fra:1 Mem:20.07M (0.00M, Peak 20.74M) | Time:00:00.07 | Mem:0.00M, Peak:0.00M | Scene, RenderLayer | Updating Mesh | Copying Attributes to device
Fra:1 Mem:20.07M (0.00M, Peak 20.74M) | Time:00:00.08 | Mem:0.59M, Peak:0.59M | Scene, RenderLayer | Updating Scene BVH | Building
Fra:1 Mem:20.07M (0.00M, Peak 20.74M) | Time:00:00.08 | Mem:0.59M, Peak:0.59M | Scene, RenderLayer | Updating Scene BVH | Building BVH
Fra:1 Mem:24.53M (0.00M, Peak 24.53M) | Time:00:00.13 | Mem:0.59M, Peak:0.59M | Scene, RenderLayer | Updating Scene BVH | Packing BVH triangles and strands
Fra:1 Mem:28.69M (0.00M, Peak 28.69M) | Time:00:00.13 | Mem:0.59M, Peak:0.59M | Scene, RenderLayer | Updating Scene BVH | Packing BVH nodes
Fra:1 Mem:26.30M (0.00M, Peak 29.87M) | Time:00:00.14 | Mem:0.59M, Peak:0.59M | Scene, RenderLayer | Updating Scene BVH | Copying BVH to device
Fra:1 Mem:26.60M (0.00M, Peak 29.87M) | Time:00:00.14 | Mem:6.82M, Peak:6.82M | Scene, RenderLayer | Updating Mesh | Computing normals
Fra:1 Mem:29.28M (0.00M, Peak 29.87M) | Time:00:00.14 | Mem:6.82M, Peak:6.82M | Scene, RenderLayer | Updating Mesh | Copying Mesh to device
Fra:1 Mem:28.98M (0.00M, Peak 29.87M) | Time:00:00.14 | Mem:9.50M, Peak:9.50M | Scene, RenderLayer | Updating Objects Flags
Fra:1 Mem:28.98M (0.00M, Peak 29.87M) | Time:00:00.14 | Mem:9.50M, Peak:9.50M | Scene, RenderLayer | Updating Images
Fra:1 Mem:28.98M (0.00M, Peak 29.87M) | Time:00:00.14 | Mem:9.50M, Peak:9.50M | Scene, RenderLayer | Updating Camera Volume
Fra:1 Mem:28.98M (0.00M, Peak 29.87M) | Time:00:00.14 | Mem:9.50M, Peak:9.50M | Scene, RenderLayer | Updating Hair Systems
Fra:1 Mem:28.98M (0.00M, Peak 29.87M) | Time:00:00.14 | Mem:9.50M, Peak:9.50M | Scene, RenderLayer | Updating Hair settings | Copying Hair settings to device
Fra:1 Mem:28.98M (0.00M, Peak 29.87M) | Time:00:00.14 | Mem:9.50M, Peak:9.50M | Scene, RenderLayer | Updating Lookup Tables
Fra:1 Mem:28.98M (0.00M, Peak 29.87M) | Time:00:00.14 | Mem:9.75M, Peak:9.75M | Scene, RenderLayer | Updating Lights
Fra:1 Mem:28.98M (0.00M, Peak 29.87M) | Time:00:00.14 | Mem:9.75M, Peak:9.75M | Scene, RenderLayer | Updating Lights | Computing distribution
Fra:1 Mem:28.98M (0.00M, Peak 29.87M) | Time:00:00.14 | Mem:9.75M, Peak:9.75M | Scene, RenderLayer | Updating Particle Systems
Fra:1 Mem:28.98M (0.00M, Peak 29.87M) | Time:00:00.14 | Mem:9.75M, Peak:9.75M | Scene, RenderLayer | Updating Particle Systems | Copying Particles to device
Fra:1 Mem:28.98M (0.00M, Peak 29.87M) | Time:00:00.14 | Mem:9.75M, Peak:9.75M | Scene, RenderLayer | Updating Integrator
Fra:1 Mem:29.02M (0.00M, Peak 29.87M) | Time:00:00.14 | Mem:9.79M, Peak:9.79M | Scene, RenderLayer | Updating Film
Fra:1 Mem:29.03M (0.00M, Peak 29.87M) | Time:00:00.14 | Mem:9.79M, Peak:9.79M | Scene, RenderLayer | Updating Lookup Tables
Fra:1 Mem:29.03M (0.00M, Peak 29.87M) | Time:00:00.14 | Mem:9.79M, Peak:9.79M | Scene, RenderLayer | Updating Baking
Fra:1 Mem:29.03M (0.00M, Peak 29.87M) | Time:00:00.14 | Mem:9.79M, Peak:9.79M | Scene, RenderLayer | Updating Device | Writing constant memory
Fra:1 Mem:29.03M (0.00M, Peak 29.87M) | Time:00:00.14 | Mem:9.79M, Peak:9.79M | Scene, RenderLayer | Path Tracing Tile 0/4, Sample 0/512
Fra:1 Mem:31.28M (0.00M, Peak 32.53M) | Time:00:00.15 | Mem:12.04M, Peak:12.04M | Scene, RenderLayer | Path Tracing Tile 1/4, Sample 0/512
Fra:1 Mem:31.28M (0.00M, Peak 33.53M) | Time:00:01.15 | Remaining:00:12.12 | Mem:12.04M, Peak:12.04M | Scene, RenderLayer | Path Tracing Tile 1/4, Sample 92/512
Fra:1 Mem:31.28M (0.00M, Peak 33.53M) | Time:00:02.15 | Remaining:00:11.08 | Mem:12.04M, Peak:12.04M | Scene, RenderLayer | Path Tracing Tile 1/4, Sample 184/512
Fra:1 Mem:31.28M (0.00M, Peak 33.53M) | Time:00:03.15 | Remaining:00:10.07 | Mem:12.04M, Peak:12.04M | Scene, RenderLayer | Path Tracing Tile 1/4, Sample 276/512
Fra:1 Mem:31.28M (0.00M, Peak 33.53M) | Time:00:04.15 | Remaining:00:09.06 | Mem:12.04M, Peak:12.04M | Scene, RenderLayer | Path Tracing Tile 1/4, Sample 368/512
Fra:1 Mem:31.28M (0.00M, Peak 33.53M) | Time:00:05.16 | Remaining:00:08.07 | Mem:12.04M, Peak:12.04M | Scene, RenderLayer | Path Tracing Tile 1/4, Sample 460/512
Fra:1 Mem:29.03M (0.00M, Peak 33.53M) | Time:00:05.74 | Remaining:00:07.51 | Mem:9.79M, Peak:12.04M | Scene, RenderLayer | Path Tracing Tile 1/4, Sample 512/512
Fra:1 Mem:31.00M (0.00M, Peak 33.53M) | Time:00:05.74 | Remaining:00:07.52 | Mem:11.76M, Peak:12.04M | Scene, RenderLayer | Path Tracing Tile 2/4, Sample 512/512
Fra:1 Mem:31.00M (0.00M, Peak 33.53M) | Time:00:06.17 | Remaining:00:07.07 | Mem:11.76M, Peak:12.04M | Scene, RenderLayer | Path Tracing Tile 2/4, Sample 46/512
Fra:1 Mem:31.00M (0.00M, Peak 33.53M) | Time:00:07.18 | Remaining:00:06.03 | Mem:11.76M, Peak:12.04M | Scene, RenderLayer | Path Tracing Tile 2/4, Sample 153/512
Fra:1 Mem:31.00M (0.00M, Peak 33.53M) | Time:00:08.18 | Remaining:00:05.00 | Mem:11.76M, Peak:12.04M | Scene, RenderLayer | Path Tracing Tile 2/4, Sample 260/512
Fra:1 Mem:31.00M (0.00M, Peak 33.53M) | Time:00:09.18 | Remaining:00:03.99 | Mem:11.76M, Peak:12.04M | Scene, RenderLayer | Path Tracing Tile 2/4, Sample 366/512
Fra:1 Mem:31.00M (0.00M, Peak 33.53M) | Time:00:10.19 | Remaining:00:02.98 | Mem:11.76M, Peak:12.04M | Scene, RenderLayer | Path Tracing Tile 2/4, Sample 472/512
Fra:1 Mem:29.03M (0.00M, Peak 33.53M) | Time:00:10.57 | Remaining:00:02.60 | Mem:9.79M, Peak:12.04M | Scene, RenderLayer | Path Tracing Tile 2/4, Sample 512/512
Fra:1 Mem:29.59M (0.00M, Peak 33.53M) | Time:00:10.57 | Remaining:00:02.60 | Mem:10.36M, Peak:12.04M | Scene, RenderLayer | Path Tracing Tile 3/4, Sample 512/512
Fra:1 Mem:29.59M (0.00M, Peak 33.53M) | Time:00:11.19 | Remaining:00:02.25 | Mem:10.36M, Peak:12.04M | Scene, RenderLayer | Path Tracing Tile 3/4, Sample 146/512
Fra:1 Mem:29.59M (0.00M, Peak 33.53M) | Time:00:12.19 | Remaining:00:01.64 | Mem:10.36M, Peak:12.04M | Scene, RenderLayer | Path Tracing Tile 3/4, Sample 382/512
Fra:1 Mem:29.03M (0.00M, Peak 33.53M) | Time:00:12.75 | Remaining:00:01.29 | Mem:9.79M, Peak:12.04M | Scene, RenderLayer | Path Tracing Tile 3/4, Sample 512/512
Fra:1 Mem:29.52M (0.00M, Peak 33.53M) | Time:00:12.75 | Remaining:00:01.29 | Mem:10.29M, Peak:12.04M | Scene, RenderLayer | Path Tracing Tile 4/4, Sample 512/512
Fra:1 Mem:29.52M (0.00M, Peak 33.53M) | Time:00:13.20 | Remaining:00:01.02 | Mem:10.29M, Peak:12.04M | Scene, RenderLayer | Path Tracing Tile 4/4, Sample 114/512
Fra:1 Mem:29.52M (0.00M, Peak 33.53M) | Time:00:14.20 | Remaining:00:00.37 | Mem:10.29M, Peak:12.04M | Scene, RenderLayer | Path Tracing Tile 4/4, Sample 368/512
Fra:1 Mem:29.03M (0.00M, Peak 33.53M) | Time:00:14.77 | Mem:9.79M, Peak:12.04M | Scene, RenderLayer | Path Tracing Tile 4/4, Sample 512/512
Fra:1 Mem:29.03M (0.00M, Peak 33.53M) | Time:00:14.77 | Mem:9.79M, Peak:12.04M | Scene, RenderLayer | Finished
Fra:1 Mem:14.25M (0.00M, Peak 33.53M) | Time:00:14.85 | Sce: Scene Ve:0 Fa:0 La:0
Saved: 'data/clevr-cleaned-variants/apocope/fovariant-20/render/images/CLEVR_val_000001.png'
 Time: 00:14.89 (Saving: 00:00.03)

read blend: /home/ubuntu/vdp/data/clevr_scene_data/base_scene.blend
convertViewVec: called in an invalid context
convertViewVec: called in an invalid context
Fra:1 Mem:11.87M (0.00M, Peak 11.87M) | Time:00:00.00 | Preparing Scene data
Fra:1 Mem:14.51M (0.00M, Peak 14.81M) | Time:00:00.00 | Preparing Scene data
Fra:1 Mem:14.51M (0.00M, Peak 14.81M) | Time:00:00.00 | Creating Shadowbuffers
Fra:1 Mem:14.51M (0.00M, Peak 14.81M) | Time:00:00.00 | Raytree.. preparing
Fra:1 Mem:17.28M (0.00M, Peak 17.28M) | Time:00:00.00 | Raytree.. building
Fra:1 Mem:17.12M (0.00M, Peak 21.45M) | Time:00:00.04 | Raytree finished
Fra:1 Mem:17.12M (0.00M, Peak 21.45M) | Time:00:00.04 | Creating Environment maps
Fra:1 Mem:17.12M (0.00M, Peak 21.45M) | Time:00:00.04 | Caching Point Densities
Fra:1 Mem:17.12M (0.00M, Peak 21.45M) | Time:00:00.04 | Sce: Scene Ve:19114 Fa:20161 La:1
Fra:1 Mem:17.12M (0.00M, Peak 21.45M) | Time:00:00.04 | Loading voxel datasets
Fra:1 Mem:17.12M (0.00M, Peak 21.45M) | Time:00:00.04 | Sce: Scene Ve:19114 Fa:20161 La:1
Fra:1 Mem:17.13M (0.00M, Peak 21.45M) | Time:00:00.04 | Sce: Scene Ve:19114 Fa:20161 La:1
Fra:1 Mem:17.13M (0.00M, Peak 21.45M) | Time:00:00.04 | Volume preprocessing
Fra:1 Mem:17.13M (0.00M, Peak 21.45M) | Time:00:00.04 | Sce: Scene Ve:19114 Fa:20161 La:1
Fra:1 Mem:17.13M (0.00M, Peak 21.45M) | Time:00:00.04 | Sce: Scene Ve:19114 Fa:20161 La:1
Fra:1 Mem:21.20M (0.00M, Peak 21.45M) | Time:00:00.05 | Scene, Part 3-4
Fra:1 Mem:21.16M (0.00M, Peak 21.45M) | Time:00:00.05 | Scene, Part 4-4
Fra:1 Mem:20.22M (0.00M, Peak 21.45M) | Time:00:00.05 | Scene, Part 2-4
Fra:1 Mem:18.38M (0.00M, Peak 21.45M) | Time:00:00.05 | Scene, Part 1-4
Fra:1 Mem:11.78M (0.00M, Peak 21.45M) | Time:00:00.06 | Sce: Scene Ve:19114 Fa:20161 La:1
Saved: '/tmp/tmpfuvhrntm.png'
 Time: 00:00.07 (Saving: 00:00.01)

Fra:1 Mem:11.81M (0.00M, Peak 12.41M) | Time:00:00.04 | Mem:0.00M, Peak:0.00M | Scene, RenderLayer | Synchronizing object | Area
Fra:1 Mem:11.81M (0.00M, Peak 12.41M) | Time:00:00.04 | Mem:0.00M, Peak:0.00M | Scene, RenderLayer | Synchronizing object | Ground
Fra:1 Mem:11.88M (0.00M, Peak 12.41M) | Time:00:00.04 | Mem:0.00M, Peak:0.00M | Scene, RenderLayer | Synchronizing object | Empty
Fra:1 Mem:11.88M (0.00M, Peak 12.41M) | Time:00:00.04 | Mem:0.00M, Peak:0.00M | Scene, RenderLayer | Synchronizing object | Lamp_Back
Fra:1 Mem:11.88M (0.00M, Peak 12.41M) | Time:00:00.04 | Mem:0.00M, Peak:0.00M | Scene, RenderLayer | Synchronizing object | Lamp_Fill
Fra:1 Mem:11.88M (0.00M, Peak 12.41M) | Time:00:00.04 | Mem:0.00M, Peak:0.00M | Scene, RenderLayer | Synchronizing object | Lamp_Key
Fra:1 Mem:11.88M (0.00M, Peak 12.41M) | Time:00:00.04 | Mem:0.00M, Peak:0.00M | Scene, RenderLayer | Synchronizing object | Camera
Fra:1 Mem:11.88M (0.00M, Peak 12.41M) | Time:00:00.04 | Mem:0.00M, Peak:0.00M | Scene, RenderLayer | Synchronizing object | Sphere_0
Fra:1 Mem:13.38M (0.00M, Peak 14.81M) | Time:00:00.05 | Mem:0.00M, Peak:0.00M | Scene, RenderLayer | Synchronizing object | SmoothCube_v2_0
Fra:1 Mem:13.74M (0.00M, Peak 14.81M) | Time:00:00.05 | Mem:0.00M, Peak:0.00M | Scene, RenderLayer | Initializing
Fra:1 Mem:13.74M (0.00M, Peak 14.81M) | Time:00:00.05 | Mem:0.00M, Peak:0.00M | Scene, RenderLayer | Loading render kernels (may take a few minutes the first time)
Fra:1 Mem:13.74M (0.00M, Peak 16.44M) | Time:00:00.06 | Mem:0.00M, Peak:0.00M | Scene, RenderLayer | Waiting for render to start
Fra:1 Mem:13.74M (0.00M, Peak 16.44M) | Time:00:00.06 | Mem:0.00M, Peak:0.00M | Scene, RenderLayer | Updating Scene
Fra:1 Mem:13.74M (0.00M, Peak 16.44M) | Time:00:00.06 | Mem:0.00M, Peak:0.00M | Scene, RenderLayer | Updating Shaders
Fra:1 Mem:13.99M (0.00M, Peak 16.44M) | Time:00:00.06 | Mem:0.00M, Peak:0.00M | Scene, RenderLayer | Updating Background
Fra:1 Mem:13.99M (0.00M, Peak 16.44M) | Time:00:00.06 | Mem:0.00M, Peak:0.00M | Scene, RenderLayer | Updating Camera
Fra:1 Mem:13.99M (0.00M, Peak 16.44M) | Time:00:00.06 | Mem:0.00M, Peak:0.00M | Scene, RenderLayer | Updating Meshes Flags
Fra:1 Mem:13.99M (0.00M, Peak 16.44M) | Time:00:00.06 | Mem:0.00M, Peak:0.00M | Scene, RenderLayer | Updating Objects
Fra:1 Mem:13.99M (0.00M, Peak 16.44M) | Time:00:00.06 | Mem:0.00M, Peak:0.00M | Scene, RenderLayer | Updating Objects | Copying Transformations to device
Fra:1 Mem:13.99M (0.00M, Peak 16.44M) | Time:00:00.06 | Mem:0.00M, Peak:0.00M | Scene, RenderLayer | Updating Objects | Applying Static Transformations
Fra:1 Mem:13.99M (0.00M, Peak 16.44M) | Time:00:00.06 | Mem:0.00M, Peak:0.00M | Scene, RenderLayer | Updating Meshes
Fra:1 Mem:14.60M (0.00M, Peak 16.44M) | Time:00:00.07 | Mem:0.00M, Peak:0.00M | Scene, RenderLayer | Updating Mesh | Computing attributes
Fra:1 Mem:14.89M (0.00M, Peak 16.44M) | Time:00:00.07 | Mem:0.00M, Peak:0.00M | Scene, RenderLayer | Updating Mesh | Copying Attributes to device
Fra:1 Mem:14.89M (0.00M, Peak 16.44M) | Time:00:00.07 | Mem:0.29M, Peak:0.29M | Scene, RenderLayer | Updating Scene BVH | Building
Fra:1 Mem:14.89M (0.00M, Peak 16.44M) | Time:00:00.07 | Mem:0.29M, Peak:0.29M | Scene, RenderLayer | Updating Scene BVH | Building BVH
Fra:1 Mem:17.17M (0.00M, Peak 17.17M) | Time:00:00.09 | Mem:0.29M, Peak:0.29M | Scene, RenderLayer | Updating Scene BVH | Packing BVH triangles and strands
Fra:1 Mem:19.29M (0.00M, Peak 19.29M) | Time:00:00.09 | Mem:0.29M, Peak:0.29M | Scene, RenderLayer | Updating Scene BVH | Packing BVH nodes
Fra:1 Mem:18.06M (0.00M, Peak 19.88M) | Time:00:00.10 | Mem:0.29M, Peak:0.29M | Scene, RenderLayer | Updating Scene BVH | Copying BVH to device
Fra:1 Mem:18.21M (0.00M, Peak 19.88M) | Time:00:00.10 | Mem:3.47M, Peak:3.47M | Scene, RenderLayer | Updating Mesh | Computing normals
Fra:1 Mem:19.58M (0.00M, Peak 19.88M) | Time:00:00.10 | Mem:3.47M, Peak:3.47M | Scene, RenderLayer | Updating Mesh | Copying Mesh to device
Fra:1 Mem:19.43M (0.00M, Peak 19.88M) | Time:00:00.10 | Mem:4.83M, Peak:4.83M | Scene, RenderLayer | Updating Objects Flags
Fra:1 Mem:19.43M (0.00M, Peak 19.88M) | Time:00:00.10 | Mem:4.83M, Peak:4.83M | Scene, RenderLayer | Updating Images
Fra:1 Mem:19.43M (0.00M, Peak 19.88M) | Time:00:00.10 | Mem:4.83M, Peak:4.83M | Scene, RenderLayer | Updating Camera Volume
Fra:1 Mem:19.43M (0.00M, Peak 19.88M) | Time:00:00.10 | Mem:4.83M, Peak:4.83M | Scene, RenderLayer | Updating Hair Systems
Fra:1 Mem:19.43M (0.00M, Peak 19.88M) | Time:00:00.10 | Mem:4.83M, Peak:4.83M | Scene, RenderLayer | Updating Hair settings | Copying Hair settings to device
Fra:1 Mem:19.43M (0.00M, Peak 19.88M) | Time:00:00.10 | Mem:4.83M, Peak:4.83M | Scene, RenderLayer | Updating Lookup Tables
Fra:1 Mem:19.43M (0.00M, Peak 19.88M) | Time:00:00.10 | Mem:5.08M, Peak:5.08M | Scene, RenderLayer | Updating Lights
Fra:1 Mem:19.43M (0.00M, Peak 19.88M) | Time:00:00.10 | Mem:5.08M, Peak:5.08M | Scene, RenderLayer | Updating Lights | Computing distribution
Fra:1 Mem:19.43M (0.00M, Peak 19.88M) | Time:00:00.10 | Mem:5.08M, Peak:5.08M | Scene, RenderLayer | Updating Particle Systems
Fra:1 Mem:19.43M (0.00M, Peak 19.88M) | Time:00:00.10 | Mem:5.08M, Peak:5.08M | Scene, RenderLayer | Updating Particle Systems | Copying Particles to device
Fra:1 Mem:19.43M (0.00M, Peak 19.88M) | Time:00:00.10 | Mem:5.08M, Peak:5.08M | Scene, RenderLayer | Updating Integrator
Fra:1 Mem:19.47M (0.00M, Peak 19.88M) | Time:00:00.10 | Mem:5.12M, Peak:5.12M | Scene, RenderLayer | Updating Film
Fra:1 Mem:19.48M (0.00M, Peak 19.88M) | Time:00:00.10 | Mem:5.12M, Peak:5.12M | Scene, RenderLayer | Updating Lookup Tables
Fra:1 Mem:19.48M (0.00M, Peak 19.88M) | Time:00:00.10 | Mem:5.13M, Peak:5.13M | Scene, RenderLayer | Updating Baking
Fra:1 Mem:19.48M (0.00M, Peak 19.88M) | Time:00:00.10 | Mem:5.13M, Peak:5.13M | Scene, RenderLayer | Updating Device | Writing constant memory
Fra:1 Mem:19.48M (0.00M, Peak 19.88M) | Time:00:00.10 | Mem:5.13M, Peak:5.13M | Scene, RenderLayer | Path Tracing Tile 0/4, Sample 0/512
Fra:1 Mem:22.98M (0.00M, Peak 22.98M) | Time:00:00.10 | Mem:7.38M, Peak:7.38M | Scene, RenderLayer | Path Tracing Tile 1/4, Sample 0/512
Fra:1 Mem:21.73M (0.00M, Peak 23.98M) | Time:00:01.11 | Remaining:00:10.71 | Mem:7.38M, Peak:7.38M | Scene, RenderLayer | Path Tracing Tile 1/4, Sample 103/512
Fra:1 Mem:21.73M (0.00M, Peak 23.98M) | Time:00:02.11 | Remaining:00:09.66 | Mem:7.38M, Peak:7.38M | Scene, RenderLayer | Path Tracing Tile 1/4, Sample 207/512
Fra:1 Mem:21.73M (0.00M, Peak 23.98M) | Time:00:03.11 | Remaining:00:08.65 | Mem:7.38M, Peak:7.38M | Scene, RenderLayer | Path Tracing Tile 1/4, Sample 310/512
Fra:1 Mem:21.73M (0.00M, Peak 23.98M) | Time:00:04.12 | Remaining:00:07.65 | Mem:7.38M, Peak:7.38M | Scene, RenderLayer | Path Tracing Tile 1/4, Sample 413/512
Fra:1 Mem:19.48M (0.00M, Peak 23.98M) | Time:00:05.09 | Remaining:00:06.70 | Mem:5.13M, Peak:7.38M | Scene, RenderLayer | Path Tracing Tile 1/4, Sample 512/512
Fra:1 Mem:21.45M (0.00M, Peak 23.98M) | Time:00:05.09 | Remaining:00:06.71 | Mem:7.10M, Peak:7.38M | Scene, RenderLayer | Path Tracing Tile 2/4, Sample 512/512
Fra:1 Mem:21.45M (0.00M, Peak 23.98M) | Time:00:05.12 | Remaining:00:06.68 | Mem:7.10M, Peak:7.38M | Scene, RenderLayer | Path Tracing Tile 2/4, Sample 3/512
Fra:1 Mem:21.45M (0.00M, Peak 23.98M) | Time:00:06.13 | Remaining:00:05.72 | Mem:7.10M, Peak:7.38M | Scene, RenderLayer | Path Tracing Tile 2/4, Sample 118/512
Fra:1 Mem:21.45M (0.00M, Peak 23.98M) | Time:00:07.13 | Remaining:00:04.75 | Mem:7.10M, Peak:7.38M | Scene, RenderLayer | Path Tracing Tile 2/4, Sample 233/512
Fra:1 Mem:21.45M (0.00M, Peak 23.98M) | Time:00:08.13 | Remaining:00:03.78 | Mem:7.10M, Peak:7.38M | Scene, RenderLayer | Path Tracing Tile 2/4, Sample 347/512
Fra:1 Mem:21.45M (0.00M, Peak 23.98M) | Time:00:09.14 | Remaining:00:02.81 | Mem:7.10M, Peak:7.38M | Scene, RenderLayer | Path Tracing Tile 2/4, Sample 461/512
Fra:1 Mem:19.48M (0.00M, Peak 23.98M) | Time:00:09.59 | Remaining:00:02.37 | Mem:5.13M, Peak:7.38M | Scene, RenderLayer | Path Tracing Tile 2/4, Sample 512/512
Fra:1 Mem:20.04M (0.00M, Peak 23.98M) | Time:00:09.59 | Remaining:00:02.37 | Mem:5.69M, Peak:7.38M | Scene, RenderLayer | Path Tracing Tile 3/4, Sample 512/512
Fra:1 Mem:20.04M (0.00M, Peak 23.98M) | Time:00:10.14 | Remaining:00:02.09 | Mem:5.69M, Peak:7.38M | Scene, RenderLayer | Path Tracing Tile 3/4, Sample 132/512
Fra:1 Mem:20.04M (0.00M, Peak 23.98M) | Time:00:11.14 | Remaining:00:01.54 | Mem:5.69M, Peak:7.38M | Scene, RenderLayer | Path Tracing Tile 3/4, Sample 371/512
Fra:1 Mem:19.48M (0.00M, Peak 23.98M) | Time:00:11.74 | Remaining:00:01.19 | Mem:5.13M, Peak:7.38M | Scene, RenderLayer | Path Tracing Tile 3/4, Sample 512/512
Fra:1 Mem:19.97M (0.00M, Peak 23.98M) | Time:00:11.74 | Remaining:00:01.19 | Mem:5.62M, Peak:7.38M | Scene, RenderLayer | Path Tracing Tile 4/4, Sample 512/512
Fra:1 Mem:19.97M (0.00M, Peak 23.98M) | Time:00:12.14 | Remaining:00:00.96 | Mem:5.62M, Peak:7.38M | Scene, RenderLayer | Path Tracing Tile 4/4, Sample 105/512
Fra:1 Mem:19.97M (0.00M, Peak 23.98M) | Time:00:13.15 | Remaining:00:00.36 | Mem:5.62M, Peak:7.38M | Scene, RenderLayer | Path Tracing Tile 4/4, Sample 361/512
Fra:1 Mem:19.48M (0.00M, Peak 23.98M) | Time:00:13.74 | Mem:5.13M, Peak:7.38M | Scene, RenderLayer | Path Tracing Tile 4/4, Sample 512/512
Fra:1 Mem:19.48M (0.00M, Peak 23.98M) | Time:00:13.74 | Mem:5.13M, Peak:7.38M | Scene, RenderLayer | Finished
Fra:1 Mem:11.81M (0.00M, Peak 23.98M) | Time:00:13.82 | Sce: Scene Ve:0 Fa:0 La:0
Saved: 'data/clevr-cleaned-variants/apocope/fovariant-20/render/images/CLEVR_val_000002.png'
 Time: 00:13.86 (Saving: 00:00.03)

read blend: /home/ubuntu/vdp/data/clevr_scene_data/base_scene.blend
convertViewVec: called in an invalid context
convertViewVec: called in an invalid context
Fra:1 Mem:11.87M (0.00M, Peak 11.87M) | Time:00:00.00 | Preparing Scene data
Fra:1 Mem:14.51M (0.00M, Peak 15.49M) | Time:00:00.00 | Preparing Scene data
Fra:1 Mem:14.51M (0.00M, Peak 15.49M) | Time:00:00.00 | Creating Shadowbuffers
Fra:1 Mem:14.51M (0.00M, Peak 15.49M) | Time:00:00.00 | Raytree.. preparing
Fra:1 Mem:17.28M (0.00M, Peak 17.28M) | Time:00:00.00 | Raytree.. building
Fra:1 Mem:17.15M (0.00M, Peak 21.47M) | Time:00:00.04 | Raytree finished
Fra:1 Mem:17.15M (0.00M, Peak 21.47M) | Time:00:00.04 | Creating Environment maps
Fra:1 Mem:17.15M (0.00M, Peak 21.47M) | Time:00:00.04 | Caching Point Densities
Fra:1 Mem:17.15M (0.00M, Peak 21.47M) | Time:00:00.04 | Sce: Scene Ve:19114 Fa:20177 La:1
Fra:1 Mem:17.15M (0.00M, Peak 21.47M) | Time:00:00.04 | Loading voxel datasets
Fra:1 Mem:17.15M (0.00M, Peak 21.47M) | Time:00:00.04 | Sce: Scene Ve:19114 Fa:20177 La:1
Fra:1 Mem:17.15M (0.00M, Peak 21.47M) | Time:00:00.04 | Sce: Scene Ve:19114 Fa:20177 La:1
Fra:1 Mem:17.15M (0.00M, Peak 21.47M) | Time:00:00.04 | Volume preprocessing
Fra:1 Mem:17.15M (0.00M, Peak 21.47M) | Time:00:00.04 | Sce: Scene Ve:19114 Fa:20177 La:1
Fra:1 Mem:17.15M (0.00M, Peak 21.47M) | Time:00:00.04 | Sce: Scene Ve:19114 Fa:20177 La:1
Fra:1 Mem:21.22M (0.00M, Peak 21.47M) | Time:00:00.05 | Scene, Part 3-4
Fra:1 Mem:21.18M (0.00M, Peak 21.47M) | Time:00:00.05 | Scene, Part 4-4
Fra:1 Mem:20.15M (0.00M, Peak 21.47M) | Time:00:00.06 | Scene, Part 1-4
Fra:1 Mem:18.24M (0.00M, Peak 21.47M) | Time:00:00.06 | Scene, Part 2-4
Fra:1 Mem:11.79M (0.00M, Peak 21.47M) | Time:00:00.06 | Sce: Scene Ve:19114 Fa:20177 La:1
Saved: '/tmp/tmp9dj7ctuh.png'
 Time: 00:00.08 (Saving: 00:00.01)

Fra:1 Mem:11.82M (0.00M, Peak 12.42M) | Time:00:00.04 | Mem:0.00M, Peak:0.00M | Scene, RenderLayer | Synchronizing object | Area
Fra:1 Mem:11.82M (0.00M, Peak 12.42M) | Time:00:00.04 | Mem:0.00M, Peak:0.00M | Scene, RenderLayer | Synchronizing object | Ground
Fra:1 Mem:11.89M (0.00M, Peak 12.42M) | Time:00:00.04 | Mem:0.00M, Peak:0.00M | Scene, RenderLayer | Synchronizing object | Empty
Fra:1 Mem:11.89M (0.00M, Peak 12.42M) | Time:00:00.04 | Mem:0.00M, Peak:0.00M | Scene, RenderLayer | Synchronizing object | Lamp_Back
Fra:1 Mem:11.89M (0.00M, Peak 12.42M) | Time:00:00.04 | Mem:0.00M, Peak:0.00M | Scene, RenderLayer | Synchronizing object | Lamp_Fill
Fra:1 Mem:11.89M (0.00M, Peak 12.42M) | Time:00:00.04 | Mem:0.00M, Peak:0.00M | Scene, RenderLayer | Synchronizing object | Lamp_Key
Fra:1 Mem:11.89M (0.00M, Peak 12.42M) | Time:00:00.04 | Mem:0.00M, Peak:0.00M | Scene, RenderLayer | Synchronizing object | Camera
Fra:1 Mem:11.89M (0.00M, Peak 12.42M) | Time:00:00.04 | Mem:0.00M, Peak:0.00M | Scene, RenderLayer | Synchronizing object | SmoothCube_v2_0
Fra:1 Mem:12.25M (0.00M, Peak 12.61M) | Time:00:00.04 | Mem:0.00M, Peak:0.00M | Scene, RenderLayer | Synchronizing object | Sphere_0
Fra:1 Mem:13.75M (0.00M, Peak 15.19M) | Time:00:00.05 | Mem:0.00M, Peak:0.00M | Scene, RenderLayer | Initializing
Fra:1 Mem:13.75M (0.00M, Peak 15.19M) | Time:00:00.05 | Mem:0.00M, Peak:0.00M | Scene, RenderLayer | Loading render kernels (may take a few minutes the first time)
Fra:1 Mem:13.75M (0.00M, Peak 16.45M) | Time:00:00.06 | Mem:0.00M, Peak:0.00M | Scene, RenderLayer | Waiting for render to start
Fra:1 Mem:13.75M (0.00M, Peak 16.45M) | Time:00:00.06 | Mem:0.00M, Peak:0.00M | Scene, RenderLayer | Updating Scene
Fra:1 Mem:13.75M (0.00M, Peak 16.45M) | Time:00:00.06 | Mem:0.00M, Peak:0.00M | Scene, RenderLayer | Updating Shaders
Fra:1 Mem:14.00M (0.00M, Peak 16.45M) | Time:00:00.06 | Mem:0.00M, Peak:0.00M | Scene, RenderLayer | Updating Background
Fra:1 Mem:14.00M (0.00M, Peak 16.45M) | Time:00:00.06 | Mem:0.00M, Peak:0.00M | Scene, RenderLayer | Updating Camera
Fra:1 Mem:14.00M (0.00M, Peak 16.45M) | Time:00:00.06 | Mem:0.00M, Peak:0.00M | Scene, RenderLayer | Updating Meshes Flags
Fra:1 Mem:14.00M (0.00M, Peak 16.45M) | Time:00:00.06 | Mem:0.00M, Peak:0.00M | Scene, RenderLayer | Updating Objects
Fra:1 Mem:14.00M (0.00M, Peak 16.45M) | Time:00:00.06 | Mem:0.00M, Peak:0.00M | Scene, RenderLayer | Updating Objects | Copying Transformations to device
Fra:1 Mem:14.00M (0.00M, Peak 16.45M) | Time:00:00.06 | Mem:0.00M, Peak:0.00M | Scene, RenderLayer | Updating Objects | Applying Static Transformations
Fra:1 Mem:14.00M (0.00M, Peak 16.45M) | Time:00:00.06 | Mem:0.00M, Peak:0.00M | Scene, RenderLayer | Updating Meshes
Fra:1 Mem:14.61M (0.00M, Peak 16.45M) | Time:00:00.07 | Mem:0.00M, Peak:0.00M | Scene, RenderLayer | Updating Mesh | Computing attributes
Fra:1 Mem:14.90M (0.00M, Peak 16.45M) | Time:00:00.07 | Mem:0.00M, Peak:0.00M | Scene, RenderLayer | Updating Mesh | Copying Attributes to device
Fra:1 Mem:14.90M (0.00M, Peak 16.45M) | Time:00:00.07 | Mem:0.29M, Peak:0.29M | Scene, RenderLayer | Updating Scene BVH | Building
Fra:1 Mem:14.90M (0.00M, Peak 16.45M) | Time:00:00.07 | Mem:0.29M, Peak:0.29M | Scene, RenderLayer | Updating Scene BVH | Building BVH
Fra:1 Mem:17.17M (0.00M, Peak 17.17M) | Time:00:00.09 | Mem:0.29M, Peak:0.29M | Scene, RenderLayer | Updating Scene BVH | Packing BVH triangles and strands
Fra:1 Mem:19.29M (0.00M, Peak 19.29M) | Time:00:00.09 | Mem:0.29M, Peak:0.29M | Scene, RenderLayer | Updating Scene BVH | Packing BVH nodes
Fra:1 Mem:18.07M (0.00M, Peak 19.89M) | Time:00:00.10 | Mem:0.29M, Peak:0.29M | Scene, RenderLayer | Updating Scene BVH | Copying BVH to device
Fra:1 Mem:18.22M (0.00M, Peak 19.89M) | Time:00:00.10 | Mem:3.46M, Peak:3.46M | Scene, RenderLayer | Updating Mesh | Computing normals
Fra:1 Mem:19.59M (0.00M, Peak 19.89M) | Time:00:00.10 | Mem:3.46M, Peak:3.46M | Scene, RenderLayer | Updating Mesh | Copying Mesh to device
Fra:1 Mem:19.44M (0.00M, Peak 19.89M) | Time:00:00.10 | Mem:4.83M, Peak:4.83M | Scene, RenderLayer | Updating Objects Flags
Fra:1 Mem:19.44M (0.00M, Peak 19.89M) | Time:00:00.10 | Mem:4.83M, Peak:4.83M | Scene, RenderLayer | Updating Images
Fra:1 Mem:19.44M (0.00M, Peak 19.89M) | Time:00:00.10 | Mem:4.83M, Peak:4.83M | Scene, RenderLayer | Updating Camera Volume
Fra:1 Mem:19.44M (0.00M, Peak 19.89M) | Time:00:00.10 | Mem:4.83M, Peak:4.83M | Scene, RenderLayer | Updating Hair Systems
Fra:1 Mem:19.44M (0.00M, Peak 19.89M) | Time:00:00.10 | Mem:4.83M, Peak:4.83M | Scene, RenderLayer | Updating Hair settings | Copying Hair settings to device
Fra:1 Mem:19.44M (0.00M, Peak 19.89M) | Time:00:00.10 | Mem:4.83M, Peak:4.83M | Scene, RenderLayer | Updating Lookup Tables
Fra:1 Mem:19.44M (0.00M, Peak 19.89M) | Time:00:00.10 | Mem:5.08M, Peak:5.08M | Scene, RenderLayer | Updating Lights
Fra:1 Mem:19.44M (0.00M, Peak 19.89M) | Time:00:00.10 | Mem:5.08M, Peak:5.08M | Scene, RenderLayer | Updating Lights | Computing distribution
Fra:1 Mem:19.44M (0.00M, Peak 19.89M) | Time:00:00.10 | Mem:5.08M, Peak:5.08M | Scene, RenderLayer | Updating Particle Systems
Fra:1 Mem:19.44M (0.00M, Peak 19.89M) | Time:00:00.10 | Mem:5.08M, Peak:5.08M | Scene, RenderLayer | Updating Particle Systems | Copying Particles to device
Fra:1 Mem:19.44M (0.00M, Peak 19.89M) | Time:00:00.10 | Mem:5.08M, Peak:5.08M | Scene, RenderLayer | Updating Integrator
Fra:1 Mem:19.48M (0.00M, Peak 19.89M) | Time:00:00.10 | Mem:5.12M, Peak:5.12M | Scene, RenderLayer | Updating Film
Fra:1 Mem:19.48M (0.00M, Peak 19.89M) | Time:00:00.10 | Mem:5.12M, Peak:5.12M | Scene, RenderLayer | Updating Lookup Tables
Fra:1 Mem:19.48M (0.00M, Peak 19.89M) | Time:00:00.10 | Mem:5.13M, Peak:5.13M | Scene, RenderLayer | Updating Baking
Fra:1 Mem:19.48M (0.00M, Peak 19.89M) | Time:00:00.10 | Mem:5.13M, Peak:5.13M | Scene, RenderLayer | Updating Device | Writing constant memory
Fra:1 Mem:19.48M (0.00M, Peak 19.89M) | Time:00:00.10 | Mem:5.13M, Peak:5.13M | Scene, RenderLayer | Path Tracing Tile 0/4, Sample 0/512
Fra:1 Mem:21.73M (0.00M, Peak 22.98M) | Time:00:00.10 | Mem:7.38M, Peak:7.38M | Scene, RenderLayer | Path Tracing Tile 1/4, Sample 0/512
Fra:1 Mem:21.73M (0.00M, Peak 23.98M) | Time:00:01.11 | Remaining:00:10.59 | Mem:7.38M, Peak:7.38M | Scene, RenderLayer | Path Tracing Tile 1/4, Sample 104/512
Fra:1 Mem:21.73M (0.00M, Peak 23.98M) | Time:00:02.11 | Remaining:00:09.54 | Mem:7.38M, Peak:7.38M | Scene, RenderLayer | Path Tracing Tile 1/4, Sample 209/512
Fra:1 Mem:21.73M (0.00M, Peak 23.98M) | Time:00:03.11 | Remaining:00:08.54 | Mem:7.38M, Peak:7.38M | Scene, RenderLayer | Path Tracing Tile 1/4, Sample 313/512
Fra:1 Mem:21.73M (0.00M, Peak 23.98M) | Time:00:04.12 | Remaining:00:07.54 | Mem:7.38M, Peak:7.38M | Scene, RenderLayer | Path Tracing Tile 1/4, Sample 417/512
Fra:1 Mem:19.48M (0.00M, Peak 23.98M) | Time:00:05.04 | Remaining:00:06.64 | Mem:5.13M, Peak:7.38M | Scene, RenderLayer | Path Tracing Tile 1/4, Sample 512/512
Fra:1 Mem:21.45M (0.00M, Peak 23.98M) | Time:00:05.05 | Remaining:00:06.64 | Mem:7.10M, Peak:7.38M | Scene, RenderLayer | Path Tracing Tile 2/4, Sample 512/512
Fra:1 Mem:21.45M (0.00M, Peak 23.98M) | Time:00:05.12 | Remaining:00:06.57 | Mem:7.10M, Peak:7.38M | Scene, RenderLayer | Path Tracing Tile 2/4, Sample 9/512
Fra:1 Mem:21.45M (0.00M, Peak 23.98M) | Time:00:06.13 | Remaining:00:05.61 | Mem:7.10M, Peak:7.38M | Scene, RenderLayer | Path Tracing Tile 2/4, Sample 125/512
Fra:1 Mem:21.45M (0.00M, Peak 23.98M) | Time:00:07.13 | Remaining:00:04.65 | Mem:7.10M, Peak:7.38M | Scene, RenderLayer | Path Tracing Tile 2/4, Sample 240/512
Fra:1 Mem:21.45M (0.00M, Peak 23.98M) | Time:00:08.14 | Remaining:00:03.68 | Mem:7.10M, Peak:7.38M | Scene, RenderLayer | Path Tracing Tile 2/4, Sample 355/512
Fra:1 Mem:21.45M (0.00M, Peak 23.98M) | Time:00:09.14 | Remaining:00:02.72 | Mem:7.10M, Peak:7.38M | Scene, RenderLayer | Path Tracing Tile 2/4, Sample 469/512
Fra:1 Mem:19.48M (0.00M, Peak 23.98M) | Time:00:09.52 | Remaining:00:02.35 | Mem:5.13M, Peak:7.38M | Scene, RenderLayer | Path Tracing Tile 2/4, Sample 512/512
Fra:1 Mem:20.04M (0.00M, Peak 23.98M) | Time:00:09.52 | Remaining:00:02.35 | Mem:5.69M, Peak:7.38M | Scene, RenderLayer | Path Tracing Tile 3/4, Sample 512/512
Fra:1 Mem:20.04M (0.00M, Peak 23.98M) | Time:00:10.14 | Remaining:00:02.04 | Mem:5.69M, Peak:7.38M | Scene, RenderLayer | Path Tracing Tile 3/4, Sample 149/512
Fra:1 Mem:20.04M (0.00M, Peak 23.98M) | Time:00:11.14 | Remaining:00:01.49 | Mem:5.69M, Peak:7.38M | Scene, RenderLayer | Path Tracing Tile 3/4, Sample 388/512
Fra:1 Mem:19.48M (0.00M, Peak 23.98M) | Time:00:11.67 | Remaining:00:01.19 | Mem:5.13M, Peak:7.38M | Scene, RenderLayer | Path Tracing Tile 3/4, Sample 512/512
Fra:1 Mem:19.97M (0.00M, Peak 23.98M) | Time:00:11.67 | Remaining:00:01.19 | Mem:5.62M, Peak:7.38M | Scene, RenderLayer | Path Tracing Tile 4/4, Sample 512/512
Fra:1 Mem:19.97M (0.00M, Peak 23.98M) | Time:00:12.15 | Remaining:00:00.91 | Mem:5.62M, Peak:7.38M | Scene, RenderLayer | Path Tracing Tile 4/4, Sample 125/512
Fra:1 Mem:19.97M (0.00M, Peak 23.98M) | Time:00:13.15 | Remaining:00:00.31 | Mem:5.62M, Peak:7.38M | Scene, RenderLayer | Path Tracing Tile 4/4, Sample 383/512
Fra:1 Mem:19.48M (0.00M, Peak 23.98M) | Time:00:13.65 | Mem:5.13M, Peak:7.38M | Scene, RenderLayer | Path Tracing Tile 4/4, Sample 512/512
Fra:1 Mem:19.48M (0.00M, Peak 23.98M) | Time:00:13.65 | Mem:5.13M, Peak:7.38M | Scene, RenderLayer | Finished
Fra:1 Mem:11.82M (0.00M, Peak 23.98M) | Time:00:13.73 | Sce: Scene Ve:0 Fa:0 La:0
Saved: 'data/clevr-cleaned-variants/apocope/fovariant-20/render/images/CLEVR_val_000003.png'
 Time: 00:13.77 (Saving: 00:00.03)

read blend: /home/ubuntu/vdp/data/clevr_scene_data/base_scene.blend
convertViewVec: called in an invalid context
convertViewVec: called in an invalid context
convertViewVec: called in an invalid context
convertViewVec: called in an invalid context
Fra:1 Mem:15.85M (0.00M, Peak 15.85M) | Time:00:00.00 | Preparing Scene data
Fra:1 Mem:22.41M (0.00M, Peak 23.40M) | Time:00:00.01 | Preparing Scene data
Fra:1 Mem:22.41M (0.00M, Peak 23.40M) | Time:00:00.01 | Creating Shadowbuffers
Fra:1 Mem:22.41M (0.00M, Peak 23.40M) | Time:00:00.01 | Raytree.. preparing
Fra:1 Mem:29.45M (0.00M, Peak 29.45M) | Time:00:00.01 | Raytree.. building
Fra:1 Mem:29.08M (0.00M, Peak 40.07M) | Time:00:00.13 | Raytree finished
Fra:1 Mem:29.08M (0.00M, Peak 40.07M) | Time:00:00.13 | Creating Environment maps
Fra:1 Mem:29.08M (0.00M, Peak 40.07M) | Time:00:00.13 | Caching Point Densities
Fra:1 Mem:29.08M (0.00M, Peak 40.07M) | Time:00:00.13 | Sce: Scene Ve:49838 Fa:51261 La:1
Fra:1 Mem:29.08M (0.00M, Peak 40.07M) | Time:00:00.13 | Loading voxel datasets
Fra:1 Mem:29.08M (0.00M, Peak 40.07M) | Time:00:00.13 | Sce: Scene Ve:49838 Fa:51261 La:1
Fra:1 Mem:29.08M (0.00M, Peak 40.07M) | Time:00:00.13 | Sce: Scene Ve:49838 Fa:51261 La:1
Fra:1 Mem:29.08M (0.00M, Peak 40.07M) | Time:00:00.13 | Volume preprocessing
Fra:1 Mem:29.08M (0.00M, Peak 40.07M) | Time:00:00.13 | Sce: Scene Ve:49838 Fa:51261 La:1
Fra:1 Mem:29.08M (0.00M, Peak 40.07M) | Time:00:00.13 | Sce: Scene Ve:49838 Fa:51261 La:1
Fra:1 Mem:33.42M (0.00M, Peak 40.07M) | Time:00:00.14 | Scene, Part 3-4
Fra:1 Mem:33.11M (0.00M, Peak 40.07M) | Time:00:00.14 | Scene, Part 4-4
Fra:1 Mem:32.17M (0.00M, Peak 40.07M) | Time:00:00.15 | Scene, Part 2-4
Fra:1 Mem:30.33M (0.00M, Peak 40.07M) | Time:00:00.15 | Scene, Part 1-4
Fra:1 Mem:15.70M (0.00M, Peak 40.07M) | Time:00:00.15 | Sce: Scene Ve:49838 Fa:51261 La:1
Saved: '/tmp/tmppqh29yjx.png'
 Time: 00:00.17 (Saving: 00:00.01)

Fra:1 Mem:15.74M (0.00M, Peak 16.33M) | Time:00:00.04 | Mem:0.00M, Peak:0.00M | Scene, RenderLayer | Synchronizing object | Area
Fra:1 Mem:15.74M (0.00M, Peak 16.33M) | Time:00:00.04 | Mem:0.00M, Peak:0.00M | Scene, RenderLayer | Synchronizing object | Ground
Fra:1 Mem:15.80M (0.00M, Peak 16.33M) | Time:00:00.04 | Mem:0.00M, Peak:0.00M | Scene, RenderLayer | Synchronizing object | Empty
Fra:1 Mem:15.80M (0.00M, Peak 16.33M) | Time:00:00.04 | Mem:0.00M, Peak:0.00M | Scene, RenderLayer | Synchronizing object | Lamp_Back
Fra:1 Mem:15.80M (0.00M, Peak 16.33M) | Time:00:00.04 | Mem:0.00M, Peak:0.00M | Scene, RenderLayer | Synchronizing object | Lamp_Fill
Fra:1 Mem:15.80M (0.00M, Peak 16.33M) | Time:00:00.04 | Mem:0.00M, Peak:0.00M | Scene, RenderLayer | Synchronizing object | Lamp_Key
Fra:1 Mem:15.80M (0.00M, Peak 16.33M) | Time:00:00.04 | Mem:0.00M, Peak:0.00M | Scene, RenderLayer | Synchronizing object | Camera
Fra:1 Mem:15.80M (0.00M, Peak 16.33M) | Time:00:00.04 | Mem:0.00M, Peak:0.00M | Scene, RenderLayer | Synchronizing object | Sphere_0
Fra:1 Mem:17.30M (0.00M, Peak 18.74M) | Time:00:00.05 | Mem:0.00M, Peak:0.00M | Scene, RenderLayer | Synchronizing object | Sphere_1
Fra:1 Mem:18.79M (0.00M, Peak 20.23M) | Time:00:00.05 | Mem:0.00M, Peak:0.00M | Scene, RenderLayer | Synchronizing object | SmoothCube_v2_0
Fra:1 Mem:19.16M (0.00M, Peak 20.23M) | Time:00:00.06 | Mem:0.00M, Peak:0.00M | Scene, RenderLayer | Synchronizing object | Sphere_2
Fra:1 Mem:20.65M (0.00M, Peak 22.09M) | Time:00:00.06 | Mem:0.00M, Peak:0.00M | Scene, RenderLayer | Initializing
Fra:1 Mem:20.65M (0.00M, Peak 22.09M) | Time:00:00.06 | Mem:0.00M, Peak:0.00M | Scene, RenderLayer | Loading render kernels (may take a few minutes the first time)
Fra:1 Mem:20.65M (0.00M, Peak 23.36M) | Time:00:00.07 | Mem:0.00M, Peak:0.00M | Scene, RenderLayer | Waiting for render to start
Fra:1 Mem:20.65M (0.00M, Peak 23.36M) | Time:00:00.07 | Mem:0.00M, Peak:0.00M | Scene, RenderLayer | Updating Scene
Fra:1 Mem:20.65M (0.00M, Peak 23.36M) | Time:00:00.07 | Mem:0.00M, Peak:0.00M | Scene, RenderLayer | Updating Shaders
Fra:1 Mem:20.91M (0.00M, Peak 23.36M) | Time:00:00.08 | Mem:0.00M, Peak:0.00M | Scene, RenderLayer | Updating Background
Fra:1 Mem:20.91M (0.00M, Peak 23.36M) | Time:00:00.08 | Mem:0.00M, Peak:0.00M | Scene, RenderLayer | Updating Camera
Fra:1 Mem:20.91M (0.00M, Peak 23.36M) | Time:00:00.08 | Mem:0.00M, Peak:0.00M | Scene, RenderLayer | Updating Meshes Flags
Fra:1 Mem:20.91M (0.00M, Peak 23.36M) | Time:00:00.08 | Mem:0.00M, Peak:0.00M | Scene, RenderLayer | Updating Objects
Fra:1 Mem:20.91M (0.00M, Peak 23.36M) | Time:00:00.08 | Mem:0.00M, Peak:0.00M | Scene, RenderLayer | Updating Objects | Copying Transformations to device
Fra:1 Mem:20.91M (0.00M, Peak 23.36M) | Time:00:00.08 | Mem:0.00M, Peak:0.00M | Scene, RenderLayer | Updating Objects | Applying Static Transformations
Fra:1 Mem:20.91M (0.00M, Peak 23.36M) | Time:00:00.08 | Mem:0.00M, Peak:0.00M | Scene, RenderLayer | Updating Meshes
Fra:1 Mem:22.45M (0.00M, Peak 23.36M) | Time:00:00.08 | Mem:0.00M, Peak:0.00M | Scene, RenderLayer | Updating Mesh | Computing attributes
Fra:1 Mem:23.21M (0.00M, Peak 23.36M) | Time:00:00.08 | Mem:0.00M, Peak:0.00M | Scene, RenderLayer | Updating Mesh | Copying Attributes to device
Fra:1 Mem:23.21M (0.00M, Peak 23.97M) | Time:00:00.08 | Mem:0.76M, Peak:0.76M | Scene, RenderLayer | Updating Scene BVH | Building
Fra:1 Mem:23.21M (0.00M, Peak 23.97M) | Time:00:00.08 | Mem:0.76M, Peak:0.76M | Scene, RenderLayer | Updating Scene BVH | Building BVH
Fra:1 Mem:29.00M (0.00M, Peak 29.00M) | Time:00:00.14 | Mem:0.76M, Peak:0.76M | Scene, RenderLayer | Updating Scene BVH | Packing BVH triangles and strands
Fra:1 Mem:34.40M (0.00M, Peak 34.41M) | Time:00:00.15 | Mem:0.76M, Peak:0.76M | Scene, RenderLayer | Updating Scene BVH | Packing BVH nodes
Fra:1 Mem:31.30M (0.00M, Peak 35.93M) | Time:00:00.16 | Mem:0.76M, Peak:0.76M | Scene, RenderLayer | Updating Scene BVH | Copying BVH to device
Fra:1 Mem:31.69M (0.00M, Peak 35.93M) | Time:00:00.16 | Mem:8.85M, Peak:8.85M | Scene, RenderLayer | Updating Mesh | Computing normals
Fra:1 Mem:35.16M (0.00M, Peak 35.93M) | Time:00:00.16 | Mem:8.85M, Peak:8.85M | Scene, RenderLayer | Updating Mesh | Copying Mesh to device
Fra:1 Mem:34.78M (0.00M, Peak 35.93M) | Time:00:00.16 | Mem:12.33M, Peak:12.33M | Scene, RenderLayer | Updating Objects Flags
Fra:1 Mem:34.78M (0.00M, Peak 35.93M) | Time:00:00.16 | Mem:12.33M, Peak:12.33M | Scene, RenderLayer | Updating Images
Fra:1 Mem:34.78M (0.00M, Peak 35.93M) | Time:00:00.16 | Mem:12.33M, Peak:12.33M | Scene, RenderLayer | Updating Camera Volume
Fra:1 Mem:34.78M (0.00M, Peak 35.93M) | Time:00:00.16 | Mem:12.33M, Peak:12.33M | Scene, RenderLayer | Updating Hair Systems
Fra:1 Mem:34.78M (0.00M, Peak 35.93M) | Time:00:00.16 | Mem:12.33M, Peak:12.33M | Scene, RenderLayer | Updating Hair settings | Copying Hair settings to device
Fra:1 Mem:34.78M (0.00M, Peak 35.93M) | Time:00:00.16 | Mem:12.33M, Peak:12.33M | Scene, RenderLayer | Updating Lookup Tables
Fra:1 Mem:34.78M (0.00M, Peak 35.93M) | Time:00:00.16 | Mem:12.58M, Peak:12.58M | Scene, RenderLayer | Updating Lights
Fra:1 Mem:34.78M (0.00M, Peak 35.93M) | Time:00:00.16 | Mem:12.58M, Peak:12.58M | Scene, RenderLayer | Updating Lights | Computing distribution
Fra:1 Mem:34.78M (0.00M, Peak 35.93M) | Time:00:00.16 | Mem:12.58M, Peak:12.58M | Scene, RenderLayer | Updating Particle Systems
Fra:1 Mem:34.78M (0.00M, Peak 35.93M) | Time:00:00.16 | Mem:12.58M, Peak:12.58M | Scene, RenderLayer | Updating Particle Systems | Copying Particles to device
Fra:1 Mem:34.78M (0.00M, Peak 35.93M) | Time:00:00.16 | Mem:12.58M, Peak:12.58M | Scene, RenderLayer | Updating Integrator
Fra:1 Mem:34.82M (0.00M, Peak 35.93M) | Time:00:00.16 | Mem:12.62M, Peak:12.62M | Scene, RenderLayer | Updating Film
Fra:1 Mem:34.82M (0.00M, Peak 35.93M) | Time:00:00.16 | Mem:12.62M, Peak:12.62M | Scene, RenderLayer | Updating Lookup Tables
Fra:1 Mem:34.82M (0.00M, Peak 35.93M) | Time:00:00.16 | Mem:12.62M, Peak:12.62M | Scene, RenderLayer | Updating Baking
Fra:1 Mem:34.82M (0.00M, Peak 35.93M) | Time:00:00.16 | Mem:12.62M, Peak:12.62M | Scene, RenderLayer | Updating Device | Writing constant memory
Fra:1 Mem:34.82M (0.00M, Peak 35.93M) | Time:00:00.16 | Mem:12.62M, Peak:12.62M | Scene, RenderLayer | Path Tracing Tile 0/4, Sample 0/512
Fra:1 Mem:37.07M (0.00M, Peak 38.32M) | Time:00:00.17 | Mem:14.87M, Peak:14.87M | Scene, RenderLayer | Path Tracing Tile 1/4, Sample 0/512
Fra:1 Mem:37.07M (0.00M, Peak 39.32M) | Time:00:01.18 | Remaining:00:13.27 | Mem:14.87M, Peak:14.87M | Scene, RenderLayer | Path Tracing Tile 1/4, Sample 85/512
Fra:1 Mem:37.07M (0.00M, Peak 39.32M) | Time:00:02.18 | Remaining:00:12.24 | Mem:14.87M, Peak:14.87M | Scene, RenderLayer | Path Tracing Tile 1/4, Sample 170/512
Fra:1 Mem:37.07M (0.00M, Peak 39.32M) | Time:00:03.19 | Remaining:00:11.20 | Mem:14.87M, Peak:14.87M | Scene, RenderLayer | Path Tracing Tile 1/4, Sample 255/512
Fra:1 Mem:37.07M (0.00M, Peak 39.32M) | Time:00:04.19 | Remaining:00:10.22 | Mem:14.87M, Peak:14.87M | Scene, RenderLayer | Path Tracing Tile 1/4, Sample 339/512
Fra:1 Mem:37.07M (0.00M, Peak 39.32M) | Time:00:05.20 | Remaining:00:09.21 | Mem:14.87M, Peak:14.87M | Scene, RenderLayer | Path Tracing Tile 1/4, Sample 424/512
Fra:1 Mem:37.07M (0.00M, Peak 39.32M) | Time:00:06.20 | Remaining:00:08.22 | Mem:14.87M, Peak:14.87M | Scene, RenderLayer | Path Tracing Tile 1/4, Sample 508/512
Fra:1 Mem:34.82M (0.00M, Peak 39.32M) | Time:00:06.25 | Remaining:00:08.18 | Mem:12.62M, Peak:14.87M | Scene, RenderLayer | Path Tracing Tile 1/4, Sample 512/512
Fra:1 Mem:36.79M (0.00M, Peak 39.32M) | Time:00:06.26 | Remaining:00:08.18 | Mem:14.59M, Peak:14.87M | Scene, RenderLayer | Path Tracing Tile 2/4, Sample 512/512
Fra:1 Mem:36.79M (0.00M, Peak 39.32M) | Time:00:07.21 | Remaining:00:07.15 | Mem:14.59M, Peak:14.87M | Scene, RenderLayer | Path Tracing Tile 2/4, Sample 95/512
Fra:1 Mem:36.79M (0.00M, Peak 39.32M) | Time:00:08.21 | Remaining:00:06.09 | Mem:14.59M, Peak:14.87M | Scene, RenderLayer | Path Tracing Tile 2/4, Sample 195/512
Fra:1 Mem:36.79M (0.00M, Peak 39.32M) | Time:00:09.22 | Remaining:00:05.05 | Mem:14.59M, Peak:14.87M | Scene, RenderLayer | Path Tracing Tile 2/4, Sample 295/512
Fra:1 Mem:36.79M (0.00M, Peak 39.32M) | Time:00:10.22 | Remaining:00:04.01 | Mem:14.59M, Peak:14.87M | Scene, RenderLayer | Path Tracing Tile 2/4, Sample 395/512
Fra:1 Mem:36.79M (0.00M, Peak 39.32M) | Time:00:11.22 | Remaining:00:02.99 | Mem:14.59M, Peak:14.87M | Scene, RenderLayer | Path Tracing Tile 2/4, Sample 494/512
Fra:1 Mem:34.82M (0.00M, Peak 39.32M) | Time:00:11.41 | Remaining:00:02.81 | Mem:12.62M, Peak:14.87M | Scene, RenderLayer | Path Tracing Tile 2/4, Sample 512/512
Fra:1 Mem:35.39M (0.00M, Peak 39.32M) | Time:00:11.41 | Remaining:00:02.81 | Mem:13.19M, Peak:14.87M | Scene, RenderLayer | Path Tracing Tile 3/4, Sample 512/512
Fra:1 Mem:35.39M (0.00M, Peak 39.32M) | Time:00:12.22 | Remaining:00:02.30 | Mem:13.19M, Peak:14.87M | Scene, RenderLayer | Path Tracing Tile 3/4, Sample 189/512
Fra:1 Mem:35.39M (0.00M, Peak 39.32M) | Time:00:13.23 | Remaining:00:01.65 | Mem:13.19M, Peak:14.87M | Scene, RenderLayer | Path Tracing Tile 3/4, Sample 420/512
Fra:1 Mem:34.82M (0.00M, Peak 39.32M) | Time:00:13.63 | Remaining:00:01.38 | Mem:12.62M, Peak:14.87M | Scene, RenderLayer | Path Tracing Tile 3/4, Sample 512/512
Fra:1 Mem:35.32M (0.00M, Peak 39.32M) | Time:00:13.63 | Remaining:00:01.38 | Mem:13.12M, Peak:14.87M | Scene, RenderLayer | Path Tracing Tile 4/4, Sample 512/512
Fra:1 Mem:35.32M (0.00M, Peak 39.32M) | Time:00:14.23 | Remaining:00:00.99 | Mem:13.12M, Peak:14.87M | Scene, RenderLayer | Path Tracing Tile 4/4, Sample 148/512
Fra:1 Mem:35.32M (0.00M, Peak 39.32M) | Time:00:15.23 | Remaining:00:00.33 | Mem:13.12M, Peak:14.87M | Scene, RenderLayer | Path Tracing Tile 4/4, Sample 394/512
Fra:1 Mem:34.82M (0.00M, Peak 39.32M) | Time:00:15.71 | Mem:12.62M, Peak:14.87M | Scene, RenderLayer | Path Tracing Tile 4/4, Sample 512/512
Fra:1 Mem:34.82M (0.00M, Peak 39.32M) | Time:00:15.72 | Mem:12.62M, Peak:14.87M | Scene, RenderLayer | Finished
Fra:1 Mem:15.73M (0.00M, Peak 39.32M) | Time:00:15.80 | Sce: Scene Ve:0 Fa:0 La:0
Saved: 'data/clevr-cleaned-variants/apocope/fovariant-20/render/images/CLEVR_val_000004.png'
 Time: 00:15.83 (Saving: 00:00.03)

read blend: /home/ubuntu/vdp/data/clevr_scene_data/base_scene.blend
convertViewVec: called in an invalid context
convertViewVec: called in an invalid context
convertViewVec: called in an invalid context
Fra:1 Mem:13.87M (0.00M, Peak 13.87M) | Time:00:00.00 | Preparing Scene data
Fra:1 Mem:18.47M (0.00M, Peak 19.45M) | Time:00:00.00 | Preparing Scene data
Fra:1 Mem:18.47M (0.00M, Peak 19.45M) | Time:00:00.00 | Creating Shadowbuffers
Fra:1 Mem:18.47M (0.00M, Peak 19.45M) | Time:00:00.00 | Raytree.. preparing
Fra:1 Mem:23.38M (0.00M, Peak 23.38M) | Time:00:00.01 | Raytree.. building
Fra:1 Mem:23.11M (0.00M, Peak 30.77M) | Time:00:00.09 | Raytree finished
Fra:1 Mem:23.11M (0.00M, Peak 30.77M) | Time:00:00.09 | Creating Environment maps
Fra:1 Mem:23.11M (0.00M, Peak 30.77M) | Time:00:00.09 | Caching Point Densities
Fra:1 Mem:23.11M (0.00M, Peak 30.77M) | Time:00:00.09 | Sce: Scene Ve:34476 Fa:35729 La:1
Fra:1 Mem:23.11M (0.00M, Peak 30.77M) | Time:00:00.09 | Loading voxel datasets
Fra:1 Mem:23.11M (0.00M, Peak 30.77M) | Time:00:00.09 | Sce: Scene Ve:34476 Fa:35729 La:1
Fra:1 Mem:23.11M (0.00M, Peak 30.77M) | Time:00:00.09 | Sce: Scene Ve:34476 Fa:35729 La:1
Fra:1 Mem:23.11M (0.00M, Peak 30.77M) | Time:00:00.09 | Volume preprocessing
Fra:1 Mem:23.11M (0.00M, Peak 30.77M) | Time:00:00.09 | Sce: Scene Ve:34476 Fa:35729 La:1
Fra:1 Mem:23.11M (0.00M, Peak 30.77M) | Time:00:00.09 | Sce: Scene Ve:34476 Fa:35729 La:1
Fra:1 Mem:27.64M (0.00M, Peak 30.77M) | Time:00:00.09 | Scene, Part 4-4
Fra:1 Mem:27.18M (0.00M, Peak 30.77M) | Time:00:00.09 | Scene, Part 3-4
Fra:1 Mem:25.45M (0.00M, Peak 30.77M) | Time:00:00.10 | Scene, Part 2-4
Fra:1 Mem:24.36M (0.00M, Peak 30.77M) | Time:00:00.10 | Scene, Part 1-4
Fra:1 Mem:13.76M (0.00M, Peak 30.77M) | Time:00:00.11 | Sce: Scene Ve:34476 Fa:35729 La:1
Saved: '/tmp/tmp_7wh5nvx.png'
 Time: 00:00.12 (Saving: 00:00.01)

Fra:1 Mem:13.79M (0.00M, Peak 14.38M) | Time:00:00.04 | Mem:0.00M, Peak:0.00M | Scene, RenderLayer | Synchronizing object | Area
Fra:1 Mem:13.79M (0.00M, Peak 14.38M) | Time:00:00.04 | Mem:0.00M, Peak:0.00M | Scene, RenderLayer | Synchronizing object | Ground
Fra:1 Mem:13.85M (0.00M, Peak 14.38M) | Time:00:00.04 | Mem:0.00M, Peak:0.00M | Scene, RenderLayer | Synchronizing object | Empty
Fra:1 Mem:13.85M (0.00M, Peak 14.38M) | Time:00:00.04 | Mem:0.00M, Peak:0.00M | Scene, RenderLayer | Synchronizing object | Lamp_Back
Fra:1 Mem:13.85M (0.00M, Peak 14.38M) | Time:00:00.04 | Mem:0.00M, Peak:0.00M | Scene, RenderLayer | Synchronizing object | Lamp_Fill
Fra:1 Mem:13.85M (0.00M, Peak 14.38M) | Time:00:00.04 | Mem:0.00M, Peak:0.00M | Scene, RenderLayer | Synchronizing object | Lamp_Key
Fra:1 Mem:13.85M (0.00M, Peak 14.38M) | Time:00:00.04 | Mem:0.00M, Peak:0.00M | Scene, RenderLayer | Synchronizing object | Camera
Fra:1 Mem:13.85M (0.00M, Peak 14.38M) | Time:00:00.04 | Mem:0.00M, Peak:0.00M | Scene, RenderLayer | Synchronizing object | Sphere_0
Fra:1 Mem:15.35M (0.00M, Peak 16.79M) | Time:00:00.05 | Mem:0.00M, Peak:0.00M | Scene, RenderLayer | Synchronizing object | SmoothCube_v2_0
Fra:1 Mem:15.71M (0.00M, Peak 16.79M) | Time:00:00.05 | Mem:0.00M, Peak:0.00M | Scene, RenderLayer | Synchronizing object | Sphere_1
Fra:1 Mem:17.21M (0.00M, Peak 18.65M) | Time:00:00.05 | Mem:0.00M, Peak:0.00M | Scene, RenderLayer | Initializing
Fra:1 Mem:17.21M (0.00M, Peak 18.65M) | Time:00:00.05 | Mem:0.00M, Peak:0.00M | Scene, RenderLayer | Loading render kernels (may take a few minutes the first time)
Fra:1 Mem:17.21M (0.00M, Peak 19.91M) | Time:00:00.07 | Mem:0.00M, Peak:0.00M | Scene, RenderLayer | Waiting for render to start
Fra:1 Mem:17.21M (0.00M, Peak 19.91M) | Time:00:00.07 | Mem:0.00M, Peak:0.00M | Scene, RenderLayer | Updating Scene
Fra:1 Mem:17.21M (0.00M, Peak 19.91M) | Time:00:00.07 | Mem:0.00M, Peak:0.00M | Scene, RenderLayer | Updating Shaders
Fra:1 Mem:17.46M (0.00M, Peak 19.91M) | Time:00:00.07 | Mem:0.00M, Peak:0.00M | Scene, RenderLayer | Updating Background
Fra:1 Mem:17.46M (0.00M, Peak 19.91M) | Time:00:00.07 | Mem:0.00M, Peak:0.00M | Scene, RenderLayer | Updating Camera
Fra:1 Mem:17.46M (0.00M, Peak 19.91M) | Time:00:00.07 | Mem:0.00M, Peak:0.00M | Scene, RenderLayer | Updating Meshes Flags
Fra:1 Mem:17.46M (0.00M, Peak 19.91M) | Time:00:00.07 | Mem:0.00M, Peak:0.00M | Scene, RenderLayer | Updating Objects
Fra:1 Mem:17.46M (0.00M, Peak 19.91M) | Time:00:00.07 | Mem:0.00M, Peak:0.00M | Scene, RenderLayer | Updating Objects | Copying Transformations to device
Fra:1 Mem:17.46M (0.00M, Peak 19.91M) | Time:00:00.07 | Mem:0.00M, Peak:0.00M | Scene, RenderLayer | Updating Objects | Applying Static Transformations
Fra:1 Mem:17.46M (0.00M, Peak 19.91M) | Time:00:00.07 | Mem:0.00M, Peak:0.00M | Scene, RenderLayer | Updating Meshes
Fra:1 Mem:18.54M (0.00M, Peak 19.91M) | Time:00:00.07 | Mem:0.00M, Peak:0.00M | Scene, RenderLayer | Updating Mesh | Computing attributes
Fra:1 Mem:19.06M (0.00M, Peak 19.91M) | Time:00:00.07 | Mem:0.00M, Peak:0.00M | Scene, RenderLayer | Updating Mesh | Copying Attributes to device
Fra:1 Mem:19.06M (0.00M, Peak 19.91M) | Time:00:00.07 | Mem:0.53M, Peak:0.53M | Scene, RenderLayer | Updating Scene BVH | Building
Fra:1 Mem:19.06M (0.00M, Peak 19.91M) | Time:00:00.07 | Mem:0.53M, Peak:0.53M | Scene, RenderLayer | Updating Scene BVH | Building BVH
Fra:1 Mem:23.09M (0.00M, Peak 23.09M) | Time:00:00.12 | Mem:0.53M, Peak:0.53M | Scene, RenderLayer | Updating Scene BVH | Packing BVH triangles and strands
Fra:1 Mem:26.86M (0.00M, Peak 26.86M) | Time:00:00.12 | Mem:0.53M, Peak:0.53M | Scene, RenderLayer | Updating Scene BVH | Packing BVH nodes
Fra:1 Mem:24.69M (0.00M, Peak 27.92M) | Time:00:00.13 | Mem:0.53M, Peak:0.53M | Scene, RenderLayer | Updating Scene BVH | Copying BVH to device
Fra:1 Mem:24.96M (0.00M, Peak 27.92M) | Time:00:00.13 | Mem:6.16M, Peak:6.16M | Scene, RenderLayer | Updating Mesh | Computing normals
Fra:1 Mem:27.38M (0.00M, Peak 27.92M) | Time:00:00.13 | Mem:6.16M, Peak:6.16M | Scene, RenderLayer | Updating Mesh | Copying Mesh to device
Fra:1 Mem:27.11M (0.00M, Peak 27.92M) | Time:00:00.13 | Mem:8.58M, Peak:8.58M | Scene, RenderLayer | Updating Objects Flags
Fra:1 Mem:27.11M (0.00M, Peak 27.92M) | Time:00:00.13 | Mem:8.58M, Peak:8.58M | Scene, RenderLayer | Updating Images
Fra:1 Mem:27.11M (0.00M, Peak 27.92M) | Time:00:00.13 | Mem:8.58M, Peak:8.58M | Scene, RenderLayer | Updating Camera Volume
Fra:1 Mem:27.11M (0.00M, Peak 27.92M) | Time:00:00.13 | Mem:8.58M, Peak:8.58M | Scene, RenderLayer | Updating Hair Systems
Fra:1 Mem:27.11M (0.00M, Peak 27.92M) | Time:00:00.13 | Mem:8.58M, Peak:8.58M | Scene, RenderLayer | Updating Hair settings | Copying Hair settings to device
Fra:1 Mem:27.11M (0.00M, Peak 27.92M) | Time:00:00.13 | Mem:8.58M, Peak:8.58M | Scene, RenderLayer | Updating Lookup Tables
Fra:1 Mem:27.11M (0.00M, Peak 27.92M) | Time:00:00.13 | Mem:8.83M, Peak:8.83M | Scene, RenderLayer | Updating Lights
Fra:1 Mem:27.11M (0.00M, Peak 27.92M) | Time:00:00.13 | Mem:8.83M, Peak:8.83M | Scene, RenderLayer | Updating Lights | Computing distribution
Fra:1 Mem:27.11M (0.00M, Peak 27.92M) | Time:00:00.13 | Mem:8.83M, Peak:8.83M | Scene, RenderLayer | Updating Particle Systems
Fra:1 Mem:27.11M (0.00M, Peak 27.92M) | Time:00:00.13 | Mem:8.83M, Peak:8.83M | Scene, RenderLayer | Updating Particle Systems | Copying Particles to device
Fra:1 Mem:27.11M (0.00M, Peak 27.92M) | Time:00:00.13 | Mem:8.83M, Peak:8.83M | Scene, RenderLayer | Updating Integrator
Fra:1 Mem:27.16M (0.00M, Peak 27.92M) | Time:00:00.13 | Mem:8.87M, Peak:8.87M | Scene, RenderLayer | Updating Film
Fra:1 Mem:27.16M (0.00M, Peak 27.92M) | Time:00:00.13 | Mem:8.87M, Peak:8.87M | Scene, RenderLayer | Updating Lookup Tables
Fra:1 Mem:27.16M (0.00M, Peak 27.92M) | Time:00:00.13 | Mem:8.88M, Peak:8.88M | Scene, RenderLayer | Updating Baking
Fra:1 Mem:27.16M (0.00M, Peak 27.92M) | Time:00:00.13 | Mem:8.88M, Peak:8.88M | Scene, RenderLayer | Updating Device | Writing constant memory
Fra:1 Mem:27.16M (0.00M, Peak 27.92M) | Time:00:00.13 | Mem:8.88M, Peak:8.88M | Scene, RenderLayer | Path Tracing Tile 0/4, Sample 0/512
Fra:1 Mem:29.41M (0.00M, Peak 30.66M) | Time:00:00.14 | Mem:11.13M, Peak:11.13M | Scene, RenderLayer | Path Tracing Tile 1/4, Sample 0/512
Fra:1 Mem:29.41M (0.00M, Peak 31.66M) | Time:00:01.14 | Remaining:00:11.87 | Mem:11.13M, Peak:11.13M | Scene, RenderLayer | Path Tracing Tile 1/4, Sample 94/512
Fra:1 Mem:29.41M (0.00M, Peak 31.66M) | Time:00:02.14 | Remaining:00:10.83 | Mem:11.13M, Peak:11.13M | Scene, RenderLayer | Path Tracing Tile 1/4, Sample 188/512
Fra:1 Mem:29.41M (0.00M, Peak 31.66M) | Time:00:03.15 | Remaining:00:09.80 | Mem:11.13M, Peak:11.13M | Scene, RenderLayer | Path Tracing Tile 1/4, Sample 282/512
Fra:1 Mem:29.41M (0.00M, Peak 31.66M) | Time:00:04.15 | Remaining:00:08.80 | Mem:11.13M, Peak:11.13M | Scene, RenderLayer | Path Tracing Tile 1/4, Sample 376/512
Fra:1 Mem:29.41M (0.00M, Peak 31.66M) | Time:00:05.15 | Remaining:00:07.80 | Mem:11.13M, Peak:11.13M | Scene, RenderLayer | Path Tracing Tile 1/4, Sample 470/512
Fra:1 Mem:27.16M (0.00M, Peak 31.66M) | Time:00:05.61 | Remaining:00:07.36 | Mem:8.88M, Peak:11.13M | Scene, RenderLayer | Path Tracing Tile 1/4, Sample 512/512
Fra:1 Mem:29.13M (0.00M, Peak 31.66M) | Time:00:05.61 | Remaining:00:07.36 | Mem:10.84M, Peak:11.13M | Scene, RenderLayer | Path Tracing Tile 2/4, Sample 512/512
Fra:1 Mem:29.13M (0.00M, Peak 31.66M) | Time:00:06.16 | Remaining:00:06.80 | Mem:10.84M, Peak:11.13M | Scene, RenderLayer | Path Tracing Tile 2/4, Sample 59/512
Fra:1 Mem:29.13M (0.00M, Peak 31.66M) | Time:00:07.16 | Remaining:00:05.78 | Mem:10.84M, Peak:11.13M | Scene, RenderLayer | Path Tracing Tile 2/4, Sample 167/512
Fra:1 Mem:29.13M (0.00M, Peak 31.66M) | Time:00:08.17 | Remaining:00:04.76 | Mem:10.84M, Peak:11.13M | Scene, RenderLayer | Path Tracing Tile 2/4, Sample 276/512
Fra:1 Mem:29.13M (0.00M, Peak 31.66M) | Time:00:09.17 | Remaining:00:03.75 | Mem:10.84M, Peak:11.13M | Scene, RenderLayer | Path Tracing Tile 2/4, Sample 384/512
Fra:1 Mem:29.13M (0.00M, Peak 31.66M) | Time:00:10.18 | Remaining:00:02.74 | Mem:10.84M, Peak:11.13M | Scene, RenderLayer | Path Tracing Tile 2/4, Sample 492/512
Fra:1 Mem:27.16M (0.00M, Peak 31.66M) | Time:00:10.37 | Remaining:00:02.55 | Mem:8.88M, Peak:11.13M | Scene, RenderLayer | Path Tracing Tile 2/4, Sample 512/512
Fra:1 Mem:27.72M (0.00M, Peak 31.66M) | Time:00:10.37 | Remaining:00:02.56 | Mem:9.44M, Peak:11.13M | Scene, RenderLayer | Path Tracing Tile 3/4, Sample 512/512
Fra:1 Mem:27.72M (0.00M, Peak 31.66M) | Time:00:11.18 | Remaining:00:02.10 | Mem:9.44M, Peak:11.13M | Scene, RenderLayer | Path Tracing Tile 3/4, Sample 192/512
Fra:1 Mem:27.72M (0.00M, Peak 31.66M) | Time:00:12.19 | Remaining:00:01.50 | Mem:9.44M, Peak:11.13M | Scene, RenderLayer | Path Tracing Tile 3/4, Sample 428/512
Fra:1 Mem:27.16M (0.00M, Peak 31.66M) | Time:00:12.55 | Remaining:00:01.27 | Mem:8.88M, Peak:11.13M | Scene, RenderLayer | Path Tracing Tile 3/4, Sample 512/512
Fra:1 Mem:27.65M (0.00M, Peak 31.66M) | Time:00:12.55 | Remaining:00:01.27 | Mem:9.37M, Peak:11.13M | Scene, RenderLayer | Path Tracing Tile 4/4, Sample 512/512
Fra:1 Mem:27.65M (0.00M, Peak 31.66M) | Time:00:13.18 | Remaining:00:00.88 | Mem:9.37M, Peak:11.13M | Scene, RenderLayer | Path Tracing Tile 4/4, Sample 163/512
Fra:1 Mem:27.65M (0.00M, Peak 31.66M) | Time:00:14.19 | Remaining:00:00.24 | Mem:9.37M, Peak:11.13M | Scene, RenderLayer | Path Tracing Tile 4/4, Sample 417/512
Fra:1 Mem:27.16M (0.00M, Peak 31.66M) | Time:00:14.57 | Mem:8.88M, Peak:11.13M | Scene, RenderLayer | Path Tracing Tile 4/4, Sample 512/512
Fra:1 Mem:27.16M (0.00M, Peak 31.66M) | Time:00:14.57 | Mem:8.88M, Peak:11.13M | Scene, RenderLayer | Finished
Fra:1 Mem:13.78M (0.00M, Peak 31.66M) | Time:00:14.64 | Sce: Scene Ve:0 Fa:0 La:0
Saved: 'data/clevr-cleaned-variants/apocope/fovariant-20/render/images/CLEVR_val_000005.png'
 Time: 00:14.68 (Saving: 00:00.03)


Blender quit

INFO test_net.py:  81: Called with args:
INFO test_net.py:  82: Namespace(cfg_file='clevr_inference/scene_parse/mask_rcnn/configs/baselines/e2e_mask_rcnn_R-50-FPN_1x.yaml', clevr_comp_cat=1, dataset='clevr_original_val', grab_conv=False, images_dir='data/clevr-cleaned-variants/apocope/fovariant-20/render/images', load_ckpt='/home/ubuntu/vdp/data/ns-vqa-data/pretrained/object_detector.pt', load_detectron=None, multi_gpu_testing=False, name=None, output_dir='data/clevr-cleaned-variants/apocope/fovariant-20/infer/mask_rcnn', range=None, rendersummary_path='data/clevr-cleaned-variants/apocope/fovariant-20/render/summary.json', set_cfgs=[], vis=False)
INFO test_net.py: 125: Testing with config:
INFO test_net.py: 126: {'BBOX_XFORM_CLIP': 4.135166556742356,
 'CLEVR': {'COMP_CAT': True},
 'CROP_RESIZE_WITH_MAX_POOL': True,
 'CUDA': False,
 'DATA_DIR': '/home/ubuntu/vdp/data/ns-vqa-data/mask_rcnn',
 'DATA_LOADER': {'NUM_THREADS': 4},
 'DEBUG': False,
 'DEDUP_BOXES': 0.0625,
 'EPS': 1e-14,
 'EXPECTED_RESULTS': [],
 'EXPECTED_RESULTS_ATOL': 0.005,
 'EXPECTED_RESULTS_EMAIL': '',
 'EXPECTED_RESULTS_RTOL': 0.1,
 'FAST_RCNN': {'CONV_HEAD_DIM': 256,
               'MLP_HEAD_DIM': 1024,
               'NUM_STACKED_CONVS': 4,
               'ROI_BOX_HEAD': 'fast_rcnn_heads.roi_2mlp_head',
               'ROI_XFORM_METHOD': 'RoIAlign',
               'ROI_XFORM_RESOLUTION': 7,
               'ROI_XFORM_SAMPLING_RATIO': 2},
 'FPN': {'COARSEST_STRIDE': 32,
         'DIM': 256,
         'EXTRA_CONV_LEVELS': False,
         'FPN_ON': True,
         'MULTILEVEL_ROIS': True,
         'MULTILEVEL_RPN': True,
         'ROI_CANONICAL_LEVEL': 4,
         'ROI_CANONICAL_SCALE': 224,
         'ROI_MAX_LEVEL': 5,
         'ROI_MIN_LEVEL': 2,
         'RPN_ANCHOR_START_SIZE': 32,
         'RPN_ASPECT_RATIOS': (0.5, 1, 2),
         'RPN_COLLECT_SCALE': 1,
         'RPN_MAX_LEVEL': 6,
         'RPN_MIN_LEVEL': 2,
         'USE_GN': False,
         'ZERO_INIT_LATERAL': False},
 'GROUP_NORM': {'DIM_PER_GP': -1, 'EPSILON': 1e-05, 'NUM_GROUPS': 32},
 'KRCNN': {'CONV_HEAD_DIM': 256,
           'CONV_HEAD_KERNEL': 3,
           'CONV_INIT': 'GaussianFill',
           'DECONV_DIM': 256,
           'DECONV_KERNEL': 4,
           'DILATION': 1,
           'HEATMAP_SIZE': -1,
           'INFERENCE_MIN_SIZE': 0,
           'KEYPOINT_CONFIDENCE': 'bbox',
           'LOSS_WEIGHT': 1.0,
           'MIN_KEYPOINT_COUNT_FOR_VALID_MINIBATCH': 20,
           'NMS_OKS': False,
           'NORMALIZE_BY_VISIBLE_KEYPOINTS': True,
           'NUM_KEYPOINTS': -1,
           'NUM_STACKED_CONVS': 8,
           'ROI_KEYPOINTS_HEAD': '',
           'ROI_XFORM_METHOD': 'RoIAlign',
           'ROI_XFORM_RESOLUTION': 7,
           'ROI_XFORM_SAMPLING_RATIO': 0,
           'UP_SCALE': -1,
           'USE_DECONV': False,
           'USE_DECONV_OUTPUT': False},
 'MATLAB': 'matlab',
 'MODEL': {'BBOX_REG_WEIGHTS': (10.0, 10.0, 5.0, 5.0),
           'CLS_AGNOSTIC_BBOX_REG': False,
           'CONV_BODY': 'FPN.fpn_ResNet50_conv5_body',
           'FASTER_RCNN': True,
           'KEYPOINTS_ON': False,
           'LOAD_IMAGENET_PRETRAINED_WEIGHTS': True,
           'MASK_ON': True,
           'NUM_CLASSES': 49,
           'RPN_ONLY': False,
           'SHARE_RES5': False,
           'TYPE': 'generalized_rcnn',
           'UNSUPERVISED_POSE': False},
 'MRCNN': {'CLS_SPECIFIC_MASK': True,
           'CONV_INIT': 'MSRAFill',
           'DILATION': 1,
           'DIM_REDUCED': 256,
           'MEMORY_EFFICIENT_LOSS': True,
           'RESOLUTION': 28,
           'ROI_MASK_HEAD': 'mask_rcnn_heads.mask_rcnn_fcn_head_v1up4convs',
           'ROI_XFORM_METHOD': 'RoIAlign',
           'ROI_XFORM_RESOLUTION': 14,
           'ROI_XFORM_SAMPLING_RATIO': 2,
           'THRESH_BINARIZE': 0.5,
           'UPSAMPLE_RATIO': 1,
           'USE_FC_OUTPUT': False,
           'WEIGHT_LOSS_MASK': 1.0},
 'NUM_GPUS': 8,
 'OUTPUT_DIR': 'Outputs',
 'PIXEL_MEANS': array([[[102.9801, 115.9465, 122.7717]]]),
 'POOLING_MODE': 'crop',
 'POOLING_SIZE': 7,
 'PYTORCH_VERSION_LESS_THAN_040': False,
 'RESNETS': {'FREEZE_AT': 2,
             'IMAGENET_PRETRAINED_WEIGHTS': 'pretrained_model/resnet50_caffe.pth',
             'NUM_GROUPS': 1,
             'RES5_DILATION': 1,
             'SHORTCUT_FUNC': 'basic_bn_shortcut',
             'STEM_FUNC': 'basic_bn_stem',
             'STRIDE_1X1': True,
             'TRANS_FUNC': 'bottleneck_transformation',
             'USE_GN': False,
             'WIDTH_PER_GROUP': 64},
 'RETINANET': {'ANCHOR_SCALE': 4,
               'ASPECT_RATIOS': (0.5, 1.0, 2.0),
               'BBOX_REG_BETA': 0.11,
               'BBOX_REG_WEIGHT': 1.0,
               'CLASS_SPECIFIC_BBOX': False,
               'INFERENCE_TH': 0.05,
               'LOSS_ALPHA': 0.25,
               'LOSS_GAMMA': 2.0,
               'NEGATIVE_OVERLAP': 0.4,
               'NUM_CONVS': 4,
               'POSITIVE_OVERLAP': 0.5,
               'PRE_NMS_TOP_N': 1000,
               'PRIOR_PROB': 0.01,
               'RETINANET_ON': False,
               'SCALES_PER_OCTAVE': 3,
               'SHARE_CLS_BBOX_TOWER': False,
               'SOFTMAX': False},
 'RFCN': {'PS_GRID_SIZE': 3},
 'RNG_SEED': 3,
 'ROOT_DIR': '/home/ubuntu/vdp/clevr_inference/scene_parse/mask_rcnn',
 'RPN': {'ASPECT_RATIOS': (0.5, 1, 2),
         'CLS_ACTIVATION': 'sigmoid',
         'OUT_DIM': 512,
         'OUT_DIM_AS_IN_DIM': True,
         'RPN_ON': True,
         'SIZES': (64, 128, 256, 512),
         'STRIDE': 16},
 'SOLVER': {'BASE_LR': 0.02,
            'BIAS_DOUBLE_LR': True,
            'BIAS_WEIGHT_DECAY': False,
            'GAMMA': 0.1,
            'LOG_LR_CHANGE_THRESHOLD': 1.1,
            'LRS': [],
            'LR_POLICY': 'steps_with_decay',
            'MAX_ITER': 30000,
            'MOMENTUM': 0.9,
            'SCALE_MOMENTUM': True,
            'SCALE_MOMENTUM_THRESHOLD': 1.1,
            'STEPS': [0, 20000, 26000],
            'STEP_SIZE': 30000,
            'TYPE': 'SGD',
            'WARM_UP_FACTOR': 0.3333333333333333,
            'WARM_UP_ITERS': 500,
            'WARM_UP_METHOD': 'linear',
            'WEIGHT_DECAY': 0.0001,
            'WEIGHT_DECAY_GN': 0.0},
 'TEST': {'BBOX_AUG': {'AREA_TH_HI': 32400,
                       'AREA_TH_LO': 2500,
                       'ASPECT_RATIOS': (),
                       'ASPECT_RATIO_H_FLIP': False,
                       'COORD_HEUR': 'UNION',
                       'ENABLED': False,
                       'H_FLIP': False,
                       'MAX_SIZE': 4000,
                       'SCALES': (),
                       'SCALE_H_FLIP': False,
                       'SCALE_SIZE_DEP': False,
                       'SCORE_HEUR': 'UNION'},
          'BBOX_REG': True,
          'BBOX_VOTE': {'ENABLED': False,
                        'SCORING_METHOD': 'ID',
                        'SCORING_METHOD_BETA': 1.0,
                        'VOTE_TH': 0.8},
          'COMPETITION_MODE': True,
          'DATASETS': ('custom(data/clevr-cleaned-variants/apocope/fovariant-20/render/images, '
                       'data/clevr-cleaned-variants/apocope/fovariant-20/render/summary.json)',),
          'DETECTIONS_PER_IM': 100,
          'FORCE_JSON_DATASET_EVAL': False,
          'KPS_AUG': {'AREA_TH': 32400,
                      'ASPECT_RATIOS': (),
                      'ASPECT_RATIO_H_FLIP': False,
                      'ENABLED': False,
                      'HEUR': 'HM_AVG',
                      'H_FLIP': False,
                      'MAX_SIZE': 4000,
                      'SCALES': (),
                      'SCALE_H_FLIP': False,
                      'SCALE_SIZE_DEP': False},
          'MASK_AUG': {'AREA_TH': 32400,
                       'ASPECT_RATIOS': (),
                       'ASPECT_RATIO_H_FLIP': False,
                       'ENABLED': False,
                       'HEUR': 'SOFT_AVG',
                       'H_FLIP': False,
                       'MAX_SIZE': 4000,
                       'SCALES': (),
                       'SCALE_H_FLIP': False,
                       'SCALE_SIZE_DEP': False},
          'MAX_SIZE': 1333,
          'NMS': 0.5,
          'PRECOMPUTED_PROPOSALS': False,
          'PROPOSAL_FILES': (),
          'PROPOSAL_LIMIT': 2000,
          'RPN_MIN_SIZE': 0,
          'RPN_NMS_THRESH': 0.7,
          'RPN_POST_NMS_TOP_N': 1000,
          'RPN_PRE_NMS_TOP_N': 1000,
          'SCALE': 800,
          'SCORE_THRESH': 0.05,
          'SOFT_NMS': {'ENABLED': False, 'METHOD': 'linear', 'SIGMA': 0.5}},
 'TRAIN': {'ASPECT_CROPPING': False,
           'ASPECT_GROUPING': True,
           'ASPECT_HI': 2,
           'ASPECT_LO': 0.5,
           'BATCH_SIZE_PER_IM': 512,
           'BBOX_INSIDE_WEIGHTS': (1.0, 1.0, 1.0, 1.0),
           'BBOX_NORMALIZE_MEANS': (0.0, 0.0, 0.0, 0.0),
           'BBOX_NORMALIZE_STDS': (0.1, 0.1, 0.2, 0.2),
           'BBOX_NORMALIZE_TARGETS': True,
           'BBOX_NORMALIZE_TARGETS_PRECOMPUTED': False,
           'BBOX_THRESH': 0.5,
           'BG_THRESH_HI': 0.5,
           'BG_THRESH_LO': 0.0,
           'CROWD_FILTER_THRESH': 0.7,
           'DATASETS': (),
           'FG_FRACTION': 0.25,
           'FG_THRESH': 0.5,
           'FREEZE_CONV_BODY': False,
           'GT_MIN_AREA': -1,
           'IMS_PER_BATCH': 2,
           'MAX_SIZE': 1333,
           'PROPOSAL_FILES': (),
           'RPN_BATCH_SIZE_PER_IM': 256,
           'RPN_FG_FRACTION': 0.5,
           'RPN_MIN_SIZE': 0,
           'RPN_NEGATIVE_OVERLAP': 0.3,
           'RPN_NMS_THRESH': 0.7,
           'RPN_POSITIVE_OVERLAP': 0.7,
           'RPN_POST_NMS_TOP_N': 2000,
           'RPN_PRE_NMS_TOP_N': 2000,
           'RPN_STRADDLE_THRESH': 0,
           'SCALES': (800,),
           'SNAPSHOT_ITERS': 20000,
           'USE_FLIPPED': False},
 'VIS': False,
 'VIS_TH': 0.9}
INFO test_engine.py: 352: loading checkpoint /home/ubuntu/vdp/data/ns-vqa-data/pretrained/object_detector.pt
INFO test_engine.py: 286: im_detect: range [1, 6] of 6: 1/6 1.111s + 0.003s (eta: 0:00:05)
INFO test_engine.py: 336: Wrote detections to: /home/ubuntu/vdp/data/clevr-cleaned-variants/apocope/fovariant-20/infer/mask_rcnn/detections.pkl
INFO test_engine.py: 164: Total inference time: 5.648s


| processing proposals 1 / 6 images
| processing proposals 2 / 6 images
| processing proposals 3 / 6 images
| processing proposals 4 / 6 images
| processing proposals 5 / 6 images
| processing proposals 6 / 6 images
| saving object annotations to data/clevr-cleaned-variants/apocope/fovariant-20/infer/attrnet/predictions.json


| options
run_dir: data/clevr-cleaned-variants/apocope/fovariant-20/solver_ir
dataset: clevr
load_checkpoint_path: /home/ubuntu/vdp/data/ns-vqa-data/pretrained/attribute_net.pt
gpu_ids: [0]
clevr_mini_img_dir: /home/ubuntu/vdp/data/ns-vqa-data/raw/CLEVR_mini/images
clevr_mini_ann_path: /home/ubuntu/vdp/data/ns-vqa-data/attr_net/objects/clevr_mini_objs.json
concat_img: 1
split_id: 3500
batch_size: 50
num_workers: 4
learning_rate: 0.002
split: val
output_path: data/clevr-cleaned-variants/apocope/fovariant-20/solver_ir/results.json
clevr_val_ann_path: data/clevr-cleaned-variants/apocope/fovariant-20/infer/attrnet/predictions.json
clevr_val_img_dir: /home/ubuntu/vdp/data/ns-vqa-data/raw/CLEVR_v1.0/images/val
shuffle_data: 0
use_cat_label: 1
name: fovariant-20
| loading checkpoint from /home/ubuntu/vdp/data/ns-vqa-data/pretrained/attribute_net.pt
clevr_object.py: CLEVR_val_000000.png val 0 0
clevr_object.py: CLEVR_val_000000.png val 0 1
clevr_object.py: CLEVR_val_000000.png val 0 2
clevr_object.py: CLEVR_val_000001.png val 1 3
clevr_object.py: CLEVR_val_000001.png val 1 4
clevr_object.py: CLEVR_val_000001.png val 1 5
clevr_object.py: CLEVR_val_000001.png val 1 6
clevr_object.py: CLEVR_val_000002.png val 2 7
clevr_object.py: CLEVR_val_000002.png val 2 8
clevr_object.py: CLEVR_val_000003.png val 3 9
clevr_object.py: CLEVR_val_000003.png val 3 10
clevr_object.py: CLEVR_val_000004.png val 4 11
clevr_object.py: CLEVR_val_000004.png val 4 12
clevr_object.py: CLEVR_val_000004.png val 4 13
clevr_object.py: CLEVR_val_000004.png val 4 14
clevr_object.py: CLEVR_val_000005.png val 5 15
clevr_object.py: CLEVR_val_000005.png val 5 16
clevr_object.py: CLEVR_val_000005.png val 5 17
18 / 18 objects processed
| saving annotation file to data/clevr-cleaned-variants/apocope/fovariant-20/solver_ir/results.json


0.json in test
THRESHOLD relate_behind objs = {'id': '0-0', 'position': [-0.11165071278810501, 0.2427453100681305, 0.3585311770439148], 'color': 'blue', 'material': 'rubber', 'shape': 'cube', 'size': 'small'}, {'id': '0-2', 'position': [-2.7724194526672363, 0.025973062962293625, 0.7017614841461182], 'color': 'yellow', 'material': 'metal', 'shape': 'sphere', 'size': 'large'}
THRESHOLD relate_front objs = {'id': '0-0', 'position': [-0.11165071278810501, 0.2427453100681305, 0.3585311770439148], 'color': 'blue', 'material': 'rubber', 'shape': 'cube', 'size': 'small'}, {'id': '0-1', 'position': [2.81565260887146, 0.3602524995803833, 0.6964132189750671], 'color': 'yellow', 'material': 'metal', 'shape': 'sphere', 'size': 'large'}
THRESHOLD relate_behind objs = {'id': '0-1', 'position': [2.81565260887146, 0.3602524995803833, 0.6964132189750671], 'color': 'yellow', 'material': 'metal', 'shape': 'sphere', 'size': 'large'}, {'id': '0-0', 'position': [-0.11165071278810501, 0.2427453100681305, 0.3585311770439148], 'color': 'blue', 'material': 'rubber', 'shape': 'cube', 'size': 'small'}
THRESHOLD relate_behind objs = {'id': '0-1', 'position': [2.81565260887146, 0.3602524995803833, 0.6964132189750671], 'color': 'yellow', 'material': 'metal', 'shape': 'sphere', 'size': 'large'}, {'id': '0-2', 'position': [-2.7724194526672363, 0.025973062962293625, 0.7017614841461182], 'color': 'yellow', 'material': 'metal', 'shape': 'sphere', 'size': 'large'}
THRESHOLD relate_front objs = {'id': '0-2', 'position': [-2.7724194526672363, 0.025973062962293625, 0.7017614841461182], 'color': 'yellow', 'material': 'metal', 'shape': 'sphere', 'size': 'large'}, {'id': '0-0', 'position': [-0.11165071278810501, 0.2427453100681305, 0.3585311770439148], 'color': 'blue', 'material': 'rubber', 'shape': 'cube', 'size': 'small'}
THRESHOLD relate_front objs = {'id': '0-2', 'position': [-2.7724194526672363, 0.025973062962293625, 0.7017614841461182], 'color': 'yellow', 'material': 'metal', 'shape': 'sphere', 'size': 'large'}, {'id': '0-1', 'position': [2.81565260887146, 0.3602524995803833, 0.6964132189750671], 'color': 'yellow', 'material': 'metal', 'shape': 'sphere', 'size': 'large'}
1.json in test
THRESHOLD relate_behind objs = {'id': '1-0', 'position': [3.150379180908203, 0.33817216753959656, 0.34590908885002136], 'color': 'blue', 'material': 'metal', 'shape': 'cube', 'size': 'small'}, {'id': '1-1', 'position': [-1.357199788093567, -0.06160656362771988, 0.34992218017578125], 'color': 'blue', 'material': 'metal', 'shape': 'cube', 'size': 'small'}
THRESHOLD relate_behind objs = {'id': '1-0', 'position': [3.150379180908203, 0.33817216753959656, 0.34590908885002136], 'color': 'blue', 'material': 'metal', 'shape': 'cube', 'size': 'small'}, {'id': '1-3', 'position': [1.4561659097671509, 0.21153193712234497, 0.6983029246330261], 'color': 'yellow', 'material': 'metal', 'shape': 'sphere', 'size': 'large'}
THRESHOLD relate_behind objs = {'id': '1-1', 'position': [-1.357199788093567, -0.06160656362771988, 0.34992218017578125], 'color': 'blue', 'material': 'metal', 'shape': 'cube', 'size': 'small'}, {'id': '1-2', 'position': [-3.145841360092163, -0.10468587279319763, 0.6986894607543945], 'color': 'yellow', 'material': 'metal', 'shape': 'sphere', 'size': 'large'}
THRESHOLD relate_front objs = {'id': '1-1', 'position': [-1.357199788093567, -0.06160656362771988, 0.34992218017578125], 'color': 'blue', 'material': 'metal', 'shape': 'cube', 'size': 'small'}, {'id': '1-0', 'position': [3.150379180908203, 0.33817216753959656, 0.34590908885002136], 'color': 'blue', 'material': 'metal', 'shape': 'cube', 'size': 'small'}
THRESHOLD relate_front objs = {'id': '1-1', 'position': [-1.357199788093567, -0.06160656362771988, 0.34992218017578125], 'color': 'blue', 'material': 'metal', 'shape': 'cube', 'size': 'small'}, {'id': '1-3', 'position': [1.4561659097671509, 0.21153193712234497, 0.6983029246330261], 'color': 'yellow', 'material': 'metal', 'shape': 'sphere', 'size': 'large'}
THRESHOLD relate_front objs = {'id': '1-2', 'position': [-3.145841360092163, -0.10468587279319763, 0.6986894607543945], 'color': 'yellow', 'material': 'metal', 'shape': 'sphere', 'size': 'large'}, {'id': '1-1', 'position': [-1.357199788093567, -0.06160656362771988, 0.34992218017578125], 'color': 'blue', 'material': 'metal', 'shape': 'cube', 'size': 'small'}
THRESHOLD relate_front objs = {'id': '1-2', 'position': [-3.145841360092163, -0.10468587279319763, 0.6986894607543945], 'color': 'yellow', 'material': 'metal', 'shape': 'sphere', 'size': 'large'}, {'id': '1-3', 'position': [1.4561659097671509, 0.21153193712234497, 0.6983029246330261], 'color': 'yellow', 'material': 'metal', 'shape': 'sphere', 'size': 'large'}
THRESHOLD relate_behind objs = {'id': '1-3', 'position': [1.4561659097671509, 0.21153193712234497, 0.6983029246330261], 'color': 'yellow', 'material': 'metal', 'shape': 'sphere', 'size': 'large'}, {'id': '1-1', 'position': [-1.357199788093567, -0.06160656362771988, 0.34992218017578125], 'color': 'blue', 'material': 'metal', 'shape': 'cube', 'size': 'small'}
THRESHOLD relate_behind objs = {'id': '1-3', 'position': [1.4561659097671509, 0.21153193712234497, 0.6983029246330261], 'color': 'yellow', 'material': 'metal', 'shape': 'sphere', 'size': 'large'}, {'id': '1-2', 'position': [-3.145841360092163, -0.10468587279319763, 0.6986894607543945], 'color': 'yellow', 'material': 'metal', 'shape': 'sphere', 'size': 'large'}
THRESHOLD relate_front objs = {'id': '1-3', 'position': [1.4561659097671509, 0.21153193712234497, 0.6983029246330261], 'color': 'yellow', 'material': 'metal', 'shape': 'sphere', 'size': 'large'}, {'id': '1-0', 'position': [3.150379180908203, 0.33817216753959656, 0.34590908885002136], 'color': 'blue', 'material': 'metal', 'shape': 'cube', 'size': 'small'}
2.json in test
THRESHOLD relate_behind objs = {'id': '2-0', 'position': [2.22701358795166, 0.06341864913702011, 0.3494025766849518], 'color': 'yellow', 'material': 'metal', 'shape': 'cube', 'size': 'small'}, {'id': '2-1', 'position': [0.06697062402963638, 0.053729213774204254, 0.6962392330169678], 'color': 'yellow', 'material': 'metal', 'shape': 'sphere', 'size': 'large'}
THRESHOLD relate_front objs = {'id': '2-1', 'position': [0.06697062402963638, 0.053729213774204254, 0.6962392330169678], 'color': 'yellow', 'material': 'metal', 'shape': 'sphere', 'size': 'large'}, {'id': '2-0', 'position': [2.22701358795166, 0.06341864913702011, 0.3494025766849518], 'color': 'yellow', 'material': 'metal', 'shape': 'cube', 'size': 'small'}
3.json in train
THRESHOLD relate_front objs = {'id': '3-0', 'position': [-1.2490315437316895, -0.07665035873651505, 0.3489975333213806], 'color': 'cyan', 'material': 'metal', 'shape': 'cube', 'size': 'small'}, {'id': '3-1', 'position': [0.8045861721038818, 0.12994343042373657, 0.6962909698486328], 'color': 'yellow', 'material': 'metal', 'shape': 'sphere', 'size': 'large'}
THRESHOLD relate_behind objs = {'id': '3-1', 'position': [0.8045861721038818, 0.12994343042373657, 0.6962909698486328], 'color': 'yellow', 'material': 'metal', 'shape': 'sphere', 'size': 'large'}, {'id': '3-0', 'position': [-1.2490315437316895, -0.07665035873651505, 0.3489975333213806], 'color': 'cyan', 'material': 'metal', 'shape': 'cube', 'size': 'small'}
4.json in train
THRESHOLD relate_behind objs = {'id': '4-0', 'position': [1.3751307725906372, 0.14651089906692505, 0.351336270570755], 'color': 'blue', 'material': 'metal', 'shape': 'cube', 'size': 'small'}, {'id': '4-1', 'position': [-3.504829168319702, -0.18253463506698608, 0.6955549716949463], 'color': 'yellow', 'material': 'metal', 'shape': 'sphere', 'size': 'large'}
THRESHOLD relate_behind objs = {'id': '4-0', 'position': [1.3751307725906372, 0.14651089906692505, 0.351336270570755], 'color': 'blue', 'material': 'metal', 'shape': 'cube', 'size': 'small'}, {'id': '4-3', 'position': [-0.6556667685508728, 0.03852760046720505, 0.6936874389648438], 'color': 'yellow', 'material': 'metal', 'shape': 'sphere', 'size': 'large'}
THRESHOLD relate_front objs = {'id': '4-0', 'position': [1.3751307725906372, 0.14651089906692505, 0.351336270570755], 'color': 'blue', 'material': 'metal', 'shape': 'cube', 'size': 'small'}, {'id': '4-2', 'position': [3.2071917057037354, 0.3540351986885071, 0.6970968842506409], 'color': 'yellow', 'material': 'metal', 'shape': 'sphere', 'size': 'large'}
THRESHOLD relate_front objs = {'id': '4-1', 'position': [-3.504829168319702, -0.18253463506698608, 0.6955549716949463], 'color': 'yellow', 'material': 'metal', 'shape': 'sphere', 'size': 'large'}, {'id': '4-0', 'position': [1.3751307725906372, 0.14651089906692505, 0.351336270570755], 'color': 'blue', 'material': 'metal', 'shape': 'cube', 'size': 'small'}
THRESHOLD relate_front objs = {'id': '4-1', 'position': [-3.504829168319702, -0.18253463506698608, 0.6955549716949463], 'color': 'yellow', 'material': 'metal', 'shape': 'sphere', 'size': 'large'}, {'id': '4-3', 'position': [-0.6556667685508728, 0.03852760046720505, 0.6936874389648438], 'color': 'yellow', 'material': 'metal', 'shape': 'sphere', 'size': 'large'}
THRESHOLD relate_behind objs = {'id': '4-2', 'position': [3.2071917057037354, 0.3540351986885071, 0.6970968842506409], 'color': 'yellow', 'material': 'metal', 'shape': 'sphere', 'size': 'large'}, {'id': '4-0', 'position': [1.3751307725906372, 0.14651089906692505, 0.351336270570755], 'color': 'blue', 'material': 'metal', 'shape': 'cube', 'size': 'small'}
THRESHOLD relate_behind objs = {'id': '4-2', 'position': [3.2071917057037354, 0.3540351986885071, 0.6970968842506409], 'color': 'yellow', 'material': 'metal', 'shape': 'sphere', 'size': 'large'}, {'id': '4-3', 'position': [-0.6556667685508728, 0.03852760046720505, 0.6936874389648438], 'color': 'yellow', 'material': 'metal', 'shape': 'sphere', 'size': 'large'}
THRESHOLD relate_behind objs = {'id': '4-3', 'position': [-0.6556667685508728, 0.03852760046720505, 0.6936874389648438], 'color': 'yellow', 'material': 'metal', 'shape': 'sphere', 'size': 'large'}, {'id': '4-1', 'position': [-3.504829168319702, -0.18253463506698608, 0.6955549716949463], 'color': 'yellow', 'material': 'metal', 'shape': 'sphere', 'size': 'large'}
THRESHOLD relate_front objs = {'id': '4-3', 'position': [-0.6556667685508728, 0.03852760046720505, 0.6936874389648438], 'color': 'yellow', 'material': 'metal', 'shape': 'sphere', 'size': 'large'}, {'id': '4-0', 'position': [1.3751307725906372, 0.14651089906692505, 0.351336270570755], 'color': 'blue', 'material': 'metal', 'shape': 'cube', 'size': 'small'}
THRESHOLD relate_front objs = {'id': '4-3', 'position': [-0.6556667685508728, 0.03852760046720505, 0.6936874389648438], 'color': 'yellow', 'material': 'metal', 'shape': 'sphere', 'size': 'large'}, {'id': '4-2', 'position': [3.2071917057037354, 0.3540351986885071, 0.6970968842506409], 'color': 'yellow', 'material': 'metal', 'shape': 'sphere', 'size': 'large'}
5.json in train
THRESHOLD relate_behind objs = {'id': '5-0', 'position': [0.016366608440876007, 0.020222391933202744, 0.3478386700153351], 'color': 'blue', 'material': 'metal', 'shape': 'cube', 'size': 'small'}, {'id': '5-2', 'position': [-2.7598509788513184, -0.12661798298358917, 0.7022591233253479], 'color': 'yellow', 'material': 'metal', 'shape': 'sphere', 'size': 'large'}
THRESHOLD relate_front objs = {'id': '5-0', 'position': [0.016366608440876007, 0.020222391933202744, 0.3478386700153351], 'color': 'blue', 'material': 'metal', 'shape': 'cube', 'size': 'small'}, {'id': '5-1', 'position': [2.834665536880493, 0.1610785722732544, 0.6938382387161255], 'color': 'green', 'material': 'metal', 'shape': 'sphere', 'size': 'large'}
THRESHOLD relate_behind objs = {'id': '5-1', 'position': [2.834665536880493, 0.1610785722732544, 0.6938382387161255], 'color': 'green', 'material': 'metal', 'shape': 'sphere', 'size': 'large'}, {'id': '5-0', 'position': [0.016366608440876007, 0.020222391933202744, 0.3478386700153351], 'color': 'blue', 'material': 'metal', 'shape': 'cube', 'size': 'small'}
THRESHOLD relate_behind objs = {'id': '5-1', 'position': [2.834665536880493, 0.1610785722732544, 0.6938382387161255], 'color': 'green', 'material': 'metal', 'shape': 'sphere', 'size': 'large'}, {'id': '5-2', 'position': [-2.7598509788513184, -0.12661798298358917, 0.7022591233253479], 'color': 'yellow', 'material': 'metal', 'shape': 'sphere', 'size': 'large'}
THRESHOLD relate_front objs = {'id': '5-2', 'position': [-2.7598509788513184, -0.12661798298358917, 0.7022591233253479], 'color': 'yellow', 'material': 'metal', 'shape': 'sphere', 'size': 'large'}, {'id': '5-0', 'position': [0.016366608440876007, 0.020222391933202744, 0.3478386700153351], 'color': 'blue', 'material': 'metal', 'shape': 'cube', 'size': 'small'}
THRESHOLD relate_front objs = {'id': '5-2', 'position': [-2.7598509788513184, -0.12661798298358917, 0.7022591233253479], 'color': 'yellow', 'material': 'metal', 'shape': 'sphere', 'size': 'large'}, {'id': '5-1', 'position': [2.834665536880493, 0.1610785722732544, 0.6938382387161255], 'color': 'green', 'material': 'metal', 'shape': 'sphere', 'size': 'large'}
