Started Logging. 2022-07-09 10:38:34.440587

0.json in train
THRESHOLD relate_front objs = {'id': '0-0', 'position': [-0.07592704147100449, 2.014791965484619, 0.6987836956977844], 'color': 'brown', 'material': 'metal', 'shape': 'cube', 'size': 'large'}, {'id': '0-1', 'position': [2.049046277999878, 2.129579782485962, 0.7170915007591248], 'color': 'brown', 'material': 'metal', 'shape': 'cube', 'size': 'large'}
THRESHOLD relate_right objs = {'id': '0-1', 'position': [2.049046277999878, 2.129579782485962, 0.7170915007591248], 'color': 'brown', 'material': 'metal', 'shape': 'cube', 'size': 'large'}, {'id': '0-3', 'position': [2.1344661712646484, -1.8948233127593994, 0.34577077627182007], 'color': 'red', 'material': 'rubber', 'shape': 'sphere', 'size': 'small'}
THRESHOLD relate_behind objs = {'id': '0-1', 'position': [2.049046277999878, 2.129579782485962, 0.7170915007591248], 'color': 'brown', 'material': 'metal', 'shape': 'cube', 'size': 'large'}, {'id': '0-0', 'position': [-0.07592704147100449, 2.014791965484619, 0.6987836956977844], 'color': 'brown', 'material': 'metal', 'shape': 'cube', 'size': 'large'}
THRESHOLD relate_front objs = {'id': '0-2', 'position': [0.19431738555431366, -2.078601360321045, 0.34617167711257935], 'color': 'red', 'material': 'rubber', 'shape': 'sphere', 'size': 'small'}, {'id': '0-3', 'position': [2.1344661712646484, -1.8948233127593994, 0.34577077627182007], 'color': 'red', 'material': 'rubber', 'shape': 'sphere', 'size': 'small'}
THRESHOLD relate_left objs = {'id': '0-3', 'position': [2.1344661712646484, -1.8948233127593994, 0.34577077627182007], 'color': 'red', 'material': 'rubber', 'shape': 'sphere', 'size': 'small'}, {'id': '0-1', 'position': [2.049046277999878, 2.129579782485962, 0.7170915007591248], 'color': 'brown', 'material': 'metal', 'shape': 'cube', 'size': 'large'}
THRESHOLD relate_behind objs = {'id': '0-3', 'position': [2.1344661712646484, -1.8948233127593994, 0.34577077627182007], 'color': 'red', 'material': 'rubber', 'shape': 'sphere', 'size': 'small'}, {'id': '0-2', 'position': [0.19431738555431366, -2.078601360321045, 0.34617167711257935], 'color': 'red', 'material': 'rubber', 'shape': 'sphere', 'size': 'small'}
1.json in test
THRESHOLD relate_left objs = {'id': '1-0', 'position': [2.138228178024292, -1.8868060111999512, 0.3466910719871521], 'color': 'brown', 'material': 'metal', 'shape': 'cube', 'size': 'small'}, {'id': '1-2', 'position': [1.9964649677276611, 2.1351804733276367, 0.34564417600631714], 'color': 'red', 'material': 'rubber', 'shape': 'sphere', 'size': 'small'}
THRESHOLD relate_behind objs = {'id': '1-0', 'position': [2.138228178024292, -1.8868060111999512, 0.3466910719871521], 'color': 'brown', 'material': 'metal', 'shape': 'cube', 'size': 'small'}, {'id': '1-1', 'position': [0.2510235607624054, -2.019819498062134, 0.3493705987930298], 'color': 'brown', 'material': 'metal', 'shape': 'cube', 'size': 'small'}
THRESHOLD relate_front objs = {'id': '1-1', 'position': [0.2510235607624054, -2.019819498062134, 0.3493705987930298], 'color': 'brown', 'material': 'metal', 'shape': 'cube', 'size': 'small'}, {'id': '1-0', 'position': [2.138228178024292, -1.8868060111999512, 0.3466910719871521], 'color': 'brown', 'material': 'metal', 'shape': 'cube', 'size': 'small'}
THRESHOLD relate_right objs = {'id': '1-2', 'position': [1.9964649677276611, 2.1351804733276367, 0.34564417600631714], 'color': 'red', 'material': 'rubber', 'shape': 'sphere', 'size': 'small'}, {'id': '1-0', 'position': [2.138228178024292, -1.8868060111999512, 0.3466910719871521], 'color': 'brown', 'material': 'metal', 'shape': 'cube', 'size': 'small'}
THRESHOLD relate_behind objs = {'id': '1-2', 'position': [1.9964649677276611, 2.1351804733276367, 0.34564417600631714], 'color': 'red', 'material': 'rubber', 'shape': 'sphere', 'size': 'small'}, {'id': '1-3', 'position': [-0.022944144904613495, 2.0420093536376953, 0.34714534878730774], 'color': 'red', 'material': 'rubber', 'shape': 'sphere', 'size': 'small'}
THRESHOLD relate_front objs = {'id': '1-3', 'position': [-0.022944144904613495, 2.0420093536376953, 0.34714534878730774], 'color': 'red', 'material': 'rubber', 'shape': 'sphere', 'size': 'small'}, {'id': '1-2', 'position': [1.9964649677276611, 2.1351804733276367, 0.34564417600631714], 'color': 'red', 'material': 'rubber', 'shape': 'sphere', 'size': 'small'}
2.json in test
THRESHOLD relate_front objs = {'id': '2-0', 'position': [-0.20693692564964294, 2.0577232837677, 0.6996698975563049], 'color': 'brown', 'material': 'metal', 'shape': 'cube', 'size': 'large'}, {'id': '2-1', 'position': [1.9442483186721802, 2.2115776538848877, 0.6935597062110901], 'color': 'brown', 'material': 'metal', 'shape': 'cube', 'size': 'large'}
THRESHOLD relate_behind objs = {'id': '2-1', 'position': [1.9442483186721802, 2.2115776538848877, 0.6935597062110901], 'color': 'brown', 'material': 'metal', 'shape': 'cube', 'size': 'large'}, {'id': '2-0', 'position': [-0.20693692564964294, 2.0577232837677, 0.6996698975563049], 'color': 'brown', 'material': 'metal', 'shape': 'cube', 'size': 'large'}
THRESHOLD relate_behind objs = {'id': '2-2', 'position': [2.472578287124634, -1.5201072692871094, 0.34506338834762573], 'color': 'red', 'material': 'rubber', 'shape': 'cylinder', 'size': 'small'}, {'id': '2-3', 'position': [0.03622452914714813, -1.907535195350647, 0.3459496796131134], 'color': 'red', 'material': 'rubber', 'shape': 'cylinder', 'size': 'small'}
THRESHOLD relate_front objs = {'id': '2-3', 'position': [0.03622452914714813, -1.907535195350647, 0.3459496796131134], 'color': 'red', 'material': 'rubber', 'shape': 'cylinder', 'size': 'small'}, {'id': '2-2', 'position': [2.472578287124634, -1.5201072692871094, 0.34506338834762573], 'color': 'red', 'material': 'rubber', 'shape': 'cylinder', 'size': 'small'}
3.json in test
THRESHOLD relate_front objs = {'id': '3-0', 'position': [-2.181053400039673, 1.7971177101135254, 0.7053933143615723], 'color': 'gray', 'material': 'metal', 'shape': 'cube', 'size': 'large'}, {'id': '3-1', 'position': [-0.18214109539985657, 2.0683743953704834, 0.7118498682975769], 'color': 'gray', 'material': 'metal', 'shape': 'cube', 'size': 'large'}
THRESHOLD relate_right objs = {'id': '3-1', 'position': [-0.18214109539985657, 2.0683743953704834, 0.7118498682975769], 'color': 'gray', 'material': 'metal', 'shape': 'cube', 'size': 'large'}, {'id': '3-3', 'position': [-0.0018187910318374634, -2.5872833728790283, 0.3488759398460388], 'color': 'red', 'material': 'rubber', 'shape': 'sphere', 'size': 'small'}
THRESHOLD relate_behind objs = {'id': '3-1', 'position': [-0.18214109539985657, 2.0683743953704834, 0.7118498682975769], 'color': 'gray', 'material': 'metal', 'shape': 'cube', 'size': 'large'}, {'id': '3-0', 'position': [-2.181053400039673, 1.7971177101135254, 0.7053933143615723], 'color': 'gray', 'material': 'metal', 'shape': 'cube', 'size': 'large'}
THRESHOLD relate_front objs = {'id': '3-1', 'position': [-0.18214109539985657, 2.0683743953704834, 0.7118498682975769], 'color': 'gray', 'material': 'metal', 'shape': 'cube', 'size': 'large'}, {'id': '3-2', 'position': [1.8770807981491089, 2.2455272674560547, 0.6935949921607971], 'color': 'gray', 'material': 'metal', 'shape': 'cube', 'size': 'large'}
THRESHOLD relate_behind objs = {'id': '3-2', 'position': [1.8770807981491089, 2.2455272674560547, 0.6935949921607971], 'color': 'gray', 'material': 'metal', 'shape': 'cube', 'size': 'large'}, {'id': '3-1', 'position': [-0.18214109539985657, 2.0683743953704834, 0.7118498682975769], 'color': 'gray', 'material': 'metal', 'shape': 'cube', 'size': 'large'}
THRESHOLD relate_left objs = {'id': '3-3', 'position': [-0.0018187910318374634, -2.5872833728790283, 0.3488759398460388], 'color': 'red', 'material': 'rubber', 'shape': 'sphere', 'size': 'small'}, {'id': '3-1', 'position': [-0.18214109539985657, 2.0683743953704834, 0.7118498682975769], 'color': 'gray', 'material': 'metal', 'shape': 'cube', 'size': 'large'}
THRESHOLD relate_behind objs = {'id': '3-3', 'position': [-0.0018187910318374634, -2.5872833728790283, 0.3488759398460388], 'color': 'red', 'material': 'rubber', 'shape': 'sphere', 'size': 'small'}, {'id': '3-4', 'position': [-1.2976233959197998, -2.696016311645508, 0.3470986783504486], 'color': 'red', 'material': 'rubber', 'shape': 'sphere', 'size': 'small'}
THRESHOLD relate_front objs = {'id': '3-3', 'position': [-0.0018187910318374634, -2.5872833728790283, 0.3488759398460388], 'color': 'red', 'material': 'rubber', 'shape': 'sphere', 'size': 'small'}, {'id': '3-5', 'position': [1.446917176246643, -2.552396297454834, 0.34868142008781433], 'color': 'red', 'material': 'rubber', 'shape': 'sphere', 'size': 'small'}
THRESHOLD relate_front objs = {'id': '3-4', 'position': [-1.2976233959197998, -2.696016311645508, 0.3470986783504486], 'color': 'red', 'material': 'rubber', 'shape': 'sphere', 'size': 'small'}, {'id': '3-3', 'position': [-0.0018187910318374634, -2.5872833728790283, 0.3488759398460388], 'color': 'red', 'material': 'rubber', 'shape': 'sphere', 'size': 'small'}
THRESHOLD relate_front objs = {'id': '3-4', 'position': [-1.2976233959197998, -2.696016311645508, 0.3470986783504486], 'color': 'red', 'material': 'rubber', 'shape': 'sphere', 'size': 'small'}, {'id': '3-5', 'position': [1.446917176246643, -2.552396297454834, 0.34868142008781433], 'color': 'red', 'material': 'rubber', 'shape': 'sphere', 'size': 'small'}
THRESHOLD relate_behind objs = {'id': '3-5', 'position': [1.446917176246643, -2.552396297454834, 0.34868142008781433], 'color': 'red', 'material': 'rubber', 'shape': 'sphere', 'size': 'small'}, {'id': '3-3', 'position': [-0.0018187910318374634, -2.5872833728790283, 0.3488759398460388], 'color': 'red', 'material': 'rubber', 'shape': 'sphere', 'size': 'small'}
THRESHOLD relate_behind objs = {'id': '3-5', 'position': [1.446917176246643, -2.552396297454834, 0.34868142008781433], 'color': 'red', 'material': 'rubber', 'shape': 'sphere', 'size': 'small'}, {'id': '3-4', 'position': [-1.2976233959197998, -2.696016311645508, 0.3470986783504486], 'color': 'red', 'material': 'rubber', 'shape': 'sphere', 'size': 'small'}
4.json in train
THRESHOLD relate_behind objs = {'id': '4-0', 'position': [2.048848867416382, 2.1808464527130127, 0.7153762578964233], 'color': 'cyan', 'material': 'metal', 'shape': 'cube', 'size': 'large'}, {'id': '4-1', 'position': [-0.09434802085161209, 2.1050820350646973, 0.7056586146354675], 'color': 'cyan', 'material': 'metal', 'shape': 'cube', 'size': 'large'}
THRESHOLD relate_front objs = {'id': '4-1', 'position': [-0.09434802085161209, 2.1050820350646973, 0.7056586146354675], 'color': 'cyan', 'material': 'metal', 'shape': 'cube', 'size': 'large'}, {'id': '4-0', 'position': [2.048848867416382, 2.1808464527130127, 0.7153762578964233], 'color': 'cyan', 'material': 'metal', 'shape': 'cube', 'size': 'large'}
THRESHOLD relate_behind objs = {'id': '4-2', 'position': [1.486299753189087, -2.606267213821411, 0.34924396872520447], 'color': 'yellow', 'material': 'rubber', 'shape': 'sphere', 'size': 'small'}, {'id': '4-3', 'position': [0.17505083978176117, -2.6566319465637207, 0.34831199049949646], 'color': 'yellow', 'material': 'rubber', 'shape': 'sphere', 'size': 'small'}
THRESHOLD relate_front objs = {'id': '4-3', 'position': [0.17505083978176117, -2.6566319465637207, 0.34831199049949646], 'color': 'yellow', 'material': 'rubber', 'shape': 'sphere', 'size': 'small'}, {'id': '4-2', 'position': [1.486299753189087, -2.606267213821411, 0.34924396872520447], 'color': 'yellow', 'material': 'rubber', 'shape': 'sphere', 'size': 'small'}
5.json in train
