Started Logging. 2022-07-10 05:24:12.838551

found bundled python: /home/ubuntu/vdp-tool-chain/data/blender-2.78c-linux-glibc219-x86_64/2.78/python
read blend: /home/ubuntu/vdp-tool-chain/data/clevr_scene_data/base_scene.blend
convertViewVec: called in an invalid context
convertViewVec: called in an invalid context
convertViewVec: called in an invalid context
Fra:1 Mem:19.64M (0.00M, Peak 19.64M) | Time:00:00.00 | Preparing Scene data
Fra:1 Mem:29.78M (0.00M, Peak 31.93M) | Time:00:00.02 | Preparing Scene data
Fra:1 Mem:29.78M (0.00M, Peak 31.93M) | Time:00:00.02 | Creating Shadowbuffers
Fra:1 Mem:29.78M (0.00M, Peak 31.93M) | Time:00:00.02 | Raytree.. preparing
Fra:1 Mem:41.02M (0.00M, Peak 41.02M) | Time:00:00.03 | Raytree.. building
Fra:1 Mem:40.41M (0.00M, Peak 57.96M) | Time:00:00.21 | Raytree finished
Fra:1 Mem:40.41M (0.00M, Peak 57.96M) | Time:00:00.21 | Creating Environment maps
Fra:1 Mem:40.41M (0.00M, Peak 57.96M) | Time:00:00.21 | Caching Point Densities
Fra:1 Mem:40.41M (0.00M, Peak 57.96M) | Time:00:00.21 | Sce: Scene Ve:86022 Fa:81850 La:1
Fra:1 Mem:40.41M (0.00M, Peak 57.96M) | Time:00:00.21 | Loading voxel datasets
Fra:1 Mem:40.41M (0.00M, Peak 57.96M) | Time:00:00.21 | Sce: Scene Ve:86022 Fa:81850 La:1
Fra:1 Mem:40.42M (0.00M, Peak 57.96M) | Time:00:00.21 | Sce: Scene Ve:86022 Fa:81850 La:1
Fra:1 Mem:40.42M (0.00M, Peak 57.96M) | Time:00:00.21 | Volume preprocessing
Fra:1 Mem:40.42M (0.00M, Peak 57.96M) | Time:00:00.21 | Sce: Scene Ve:86022 Fa:81850 La:1
Fra:1 Mem:40.42M (0.00M, Peak 57.96M) | Time:00:00.21 | Sce: Scene Ve:86022 Fa:81850 La:1
Fra:1 Mem:44.76M (0.00M, Peak 57.96M) | Time:00:00.21 | Scene, Part 4-4
Fra:1 Mem:44.49M (0.00M, Peak 57.96M) | Time:00:00.21 | Scene, Part 3-4
Fra:1 Mem:43.51M (0.00M, Peak 57.96M) | Time:00:00.23 | Scene, Part 2-4
Fra:1 Mem:41.67M (0.00M, Peak 57.96M) | Time:00:00.23 | Scene, Part 1-4
Fra:1 Mem:19.53M (0.00M, Peak 57.96M) | Time:00:00.23 | Sce: Scene Ve:86022 Fa:81850 La:1
Saved: '/tmp/tmp4mae3tpv.png'
 Time: 00:00.28 (Saving: 00:00.04)

Fra:1 Mem:19.56M (0.00M, Peak 20.16M) | Time:00:00.04 | Mem:0.00M, Peak:0.00M | Scene, RenderLayer | Synchronizing object | Area
Fra:1 Mem:19.56M (0.00M, Peak 20.16M) | Time:00:00.04 | Mem:0.00M, Peak:0.00M | Scene, RenderLayer | Synchronizing object | Ground
Fra:1 Mem:19.63M (0.00M, Peak 20.16M) | Time:00:00.04 | Mem:0.00M, Peak:0.00M | Scene, RenderLayer | Synchronizing object | Empty
Fra:1 Mem:19.63M (0.00M, Peak 20.16M) | Time:00:00.04 | Mem:0.00M, Peak:0.00M | Scene, RenderLayer | Synchronizing object | Lamp_Back
Fra:1 Mem:19.63M (0.00M, Peak 20.16M) | Time:00:00.04 | Mem:0.00M, Peak:0.00M | Scene, RenderLayer | Synchronizing object | Lamp_Fill
Fra:1 Mem:19.63M (0.00M, Peak 20.16M) | Time:00:00.04 | Mem:0.00M, Peak:0.00M | Scene, RenderLayer | Synchronizing object | Lamp_Key
Fra:1 Mem:19.63M (0.00M, Peak 20.16M) | Time:00:00.04 | Mem:0.00M, Peak:0.00M | Scene, RenderLayer | Synchronizing object | Camera
Fra:1 Mem:19.63M (0.00M, Peak 20.16M) | Time:00:00.04 | Mem:0.00M, Peak:0.00M | Scene, RenderLayer | Synchronizing object | Sphere_0
Fra:1 Mem:20.89M (0.00M, Peak 22.39M) | Time:00:00.05 | Mem:0.00M, Peak:0.00M | Scene, RenderLayer | Synchronizing object | SmoothCylinder_0
Fra:1 Mem:23.67M (0.00M, Peak 26.89M) | Time:00:00.06 | Mem:0.00M, Peak:0.00M | Scene, RenderLayer | Synchronizing object | SmoothCylinder_1
Fra:1 Mem:26.45M (0.00M, Peak 29.67M) | Time:00:00.07 | Mem:0.00M, Peak:0.00M | Scene, RenderLayer | Initializing
Fra:1 Mem:26.45M (0.00M, Peak 29.67M) | Time:00:00.07 | Mem:0.00M, Peak:0.00M | Scene, RenderLayer | Loading render kernels (may take a few minutes the first time)
Fra:1 Mem:26.45M (0.00M, Peak 29.67M) | Time:00:00.08 | Mem:0.00M, Peak:0.00M | Scene, RenderLayer | Waiting for render to start
Fra:1 Mem:26.45M (0.00M, Peak 29.67M) | Time:00:00.08 | Mem:0.00M, Peak:0.00M | Scene, RenderLayer | Updating Scene
Fra:1 Mem:26.45M (0.00M, Peak 29.67M) | Time:00:00.08 | Mem:0.00M, Peak:0.00M | Scene, RenderLayer | Updating Shaders
Fra:1 Mem:26.96M (0.00M, Peak 29.67M) | Time:00:00.16 | Mem:0.00M, Peak:0.00M | Scene, RenderLayer | Updating Background
Fra:1 Mem:26.96M (0.00M, Peak 29.67M) | Time:00:00.16 | Mem:0.00M, Peak:0.00M | Scene, RenderLayer | Updating Camera
Fra:1 Mem:26.96M (0.00M, Peak 29.67M) | Time:00:00.16 | Mem:0.00M, Peak:0.00M | Scene, RenderLayer | Updating Meshes Flags
Fra:1 Mem:26.96M (0.00M, Peak 29.67M) | Time:00:00.16 | Mem:0.00M, Peak:0.00M | Scene, RenderLayer | Updating Objects
Fra:1 Mem:26.96M (0.00M, Peak 29.67M) | Time:00:00.16 | Mem:0.00M, Peak:0.00M | Scene, RenderLayer | Updating Objects | Copying Transformations to device
Fra:1 Mem:26.96M (0.00M, Peak 29.67M) | Time:00:00.16 | Mem:0.00M, Peak:0.00M | Scene, RenderLayer | Updating Objects | Applying Static Transformations
Fra:1 Mem:26.96M (0.00M, Peak 29.67M) | Time:00:00.16 | Mem:0.00M, Peak:0.00M | Scene, RenderLayer | Updating Meshes
Fra:1 Mem:29.46M (0.00M, Peak 29.67M) | Time:00:00.17 | Mem:0.00M, Peak:0.00M | Scene, RenderLayer | Updating Mesh | Computing attributes
Fra:1 Mem:29.46M (0.00M, Peak 29.67M) | Time:00:00.17 | Mem:0.00M, Peak:0.00M | Scene, RenderLayer | Updating Mesh | Copying Attributes to device
Fra:1 Mem:29.46M (0.00M, Peak 29.67M) | Time:00:00.17 | Mem:0.00M, Peak:0.00M | Scene, RenderLayer | Updating Scene BVH | Building
Fra:1 Mem:29.46M (0.00M, Peak 29.67M) | Time:00:00.17 | Mem:0.00M, Peak:0.00M | Scene, RenderLayer | Updating Scene BVH | Building BVH
Fra:1 Mem:38.87M (0.00M, Peak 38.87M) | Time:00:00.29 | Mem:0.00M, Peak:0.00M | Scene, RenderLayer | Updating Scene BVH | Packing BVH triangles and strands
Fra:1 Mem:47.64M (0.00M, Peak 47.64M) | Time:00:00.30 | Mem:0.00M, Peak:0.00M | Scene, RenderLayer | Updating Scene BVH | Packing BVH nodes
Fra:1 Mem:42.79M (0.00M, Peak 50.31M) | Time:00:00.31 | Mem:0.00M, Peak:0.00M | Scene, RenderLayer | Updating Scene BVH | Copying BVH to device
Fra:1 Mem:43.42M (0.00M, Peak 50.31M) | Time:00:00.32 | Mem:13.33M, Peak:13.33M | Scene, RenderLayer | Updating Mesh | Computing normals
Fra:1 Mem:49.17M (0.00M, Peak 50.31M) | Time:00:00.32 | Mem:13.33M, Peak:13.33M | Scene, RenderLayer | Updating Mesh | Copying Mesh to device
Fra:1 Mem:48.54M (0.00M, Peak 50.31M) | Time:00:00.32 | Mem:19.08M, Peak:19.08M | Scene, RenderLayer | Updating Objects Flags
Fra:1 Mem:48.54M (0.00M, Peak 50.31M) | Time:00:00.32 | Mem:19.08M, Peak:19.08M | Scene, RenderLayer | Updating Images
Fra:1 Mem:48.54M (0.00M, Peak 50.31M) | Time:00:00.32 | Mem:19.08M, Peak:19.08M | Scene, RenderLayer | Updating Camera Volume
Fra:1 Mem:48.54M (0.00M, Peak 50.31M) | Time:00:00.32 | Mem:19.08M, Peak:19.08M | Scene, RenderLayer | Updating Hair Systems
Fra:1 Mem:48.54M (0.00M, Peak 50.31M) | Time:00:00.32 | Mem:19.08M, Peak:19.08M | Scene, RenderLayer | Updating Hair settings | Copying Hair settings to device
Fra:1 Mem:48.54M (0.00M, Peak 50.31M) | Time:00:00.32 | Mem:19.08M, Peak:19.08M | Scene, RenderLayer | Updating Lookup Tables
Fra:1 Mem:48.54M (0.00M, Peak 50.31M) | Time:00:00.32 | Mem:19.33M, Peak:19.33M | Scene, RenderLayer | Updating Lights
Fra:1 Mem:48.54M (0.00M, Peak 50.31M) | Time:00:00.32 | Mem:19.33M, Peak:19.33M | Scene, RenderLayer | Updating Lights | Computing distribution
Fra:1 Mem:48.54M (0.00M, Peak 50.31M) | Time:00:00.32 | Mem:19.33M, Peak:19.33M | Scene, RenderLayer | Updating Particle Systems
Fra:1 Mem:48.54M (0.00M, Peak 50.31M) | Time:00:00.32 | Mem:19.33M, Peak:19.33M | Scene, RenderLayer | Updating Particle Systems | Copying Particles to device
Fra:1 Mem:48.54M (0.00M, Peak 50.31M) | Time:00:00.32 | Mem:19.33M, Peak:19.33M | Scene, RenderLayer | Updating Integrator
Fra:1 Mem:48.58M (0.00M, Peak 50.31M) | Time:00:00.32 | Mem:19.37M, Peak:19.37M | Scene, RenderLayer | Updating Film
Fra:1 Mem:48.59M (0.00M, Peak 50.31M) | Time:00:00.32 | Mem:19.37M, Peak:19.37M | Scene, RenderLayer | Updating Lookup Tables
Fra:1 Mem:48.59M (0.00M, Peak 50.31M) | Time:00:00.32 | Mem:19.38M, Peak:19.38M | Scene, RenderLayer | Updating Baking
Fra:1 Mem:48.59M (0.00M, Peak 50.31M) | Time:00:00.32 | Mem:19.38M, Peak:19.38M | Scene, RenderLayer | Updating Device | Writing constant memory
Fra:1 Mem:48.59M (0.00M, Peak 50.31M) | Time:00:00.32 | Mem:19.38M, Peak:19.38M | Scene, RenderLayer | Path Tracing Tile 0/4, Sample 0/512
Fra:1 Mem:50.84M (0.00M, Peak 52.09M) | Time:00:00.33 | Mem:21.63M, Peak:21.63M | Scene, RenderLayer | Path Tracing Tile 1/4, Sample 0/512
Fra:1 Mem:50.84M (0.00M, Peak 53.09M) | Time:00:01.33 | Remaining:00:10.33 | Mem:21.63M, Peak:21.63M | Scene, RenderLayer | Path Tracing Tile 1/4, Sample 107/512
Fra:1 Mem:50.84M (0.00M, Peak 53.09M) | Time:00:02.34 | Remaining:00:09.27 | Mem:21.63M, Peak:21.63M | Scene, RenderLayer | Path Tracing Tile 1/4, Sample 214/512
Fra:1 Mem:50.84M (0.00M, Peak 53.09M) | Time:00:03.34 | Remaining:00:08.27 | Mem:21.63M, Peak:21.63M | Scene, RenderLayer | Path Tracing Tile 1/4, Sample 321/512
Fra:1 Mem:50.84M (0.00M, Peak 53.09M) | Time:00:04.35 | Remaining:00:07.27 | Mem:21.63M, Peak:21.63M | Scene, RenderLayer | Path Tracing Tile 1/4, Sample 428/512
Fra:1 Mem:48.59M (0.00M, Peak 53.09M) | Time:00:05.15 | Remaining:00:06.48 | Mem:19.38M, Peak:21.63M | Scene, RenderLayer | Path Tracing Tile 1/4, Sample 512/512
Fra:1 Mem:50.56M (0.00M, Peak 53.09M) | Time:00:05.15 | Remaining:00:06.49 | Mem:21.35M, Peak:21.63M | Scene, RenderLayer | Path Tracing Tile 2/4, Sample 512/512
Fra:1 Mem:50.56M (0.00M, Peak 53.09M) | Time:00:05.36 | Remaining:00:06.28 | Mem:21.35M, Peak:21.63M | Scene, RenderLayer | Path Tracing Tile 2/4, Sample 25/512
Fra:1 Mem:50.56M (0.00M, Peak 53.09M) | Time:00:06.36 | Remaining:00:05.24 | Mem:21.35M, Peak:21.63M | Scene, RenderLayer | Path Tracing Tile 2/4, Sample 149/512
Fra:1 Mem:50.56M (0.00M, Peak 53.09M) | Time:00:07.37 | Remaining:00:04.21 | Mem:21.35M, Peak:21.63M | Scene, RenderLayer | Path Tracing Tile 2/4, Sample 273/512
Fra:1 Mem:50.56M (0.00M, Peak 53.09M) | Time:00:08.37 | Remaining:00:03.20 | Mem:21.35M, Peak:21.63M | Scene, RenderLayer | Path Tracing Tile 2/4, Sample 396/512
Fra:1 Mem:48.59M (0.00M, Peak 53.09M) | Time:00:09.32 | Remaining:00:02.24 | Mem:19.38M, Peak:21.63M | Scene, RenderLayer | Path Tracing Tile 2/4, Sample 512/512
Fra:1 Mem:49.15M (0.00M, Peak 53.09M) | Time:00:09.32 | Remaining:00:02.24 | Mem:19.94M, Peak:21.63M | Scene, RenderLayer | Path Tracing Tile 3/4, Sample 512/512
Fra:1 Mem:49.15M (0.00M, Peak 53.09M) | Time:00:09.37 | Remaining:00:02.22 | Mem:19.94M, Peak:21.63M | Scene, RenderLayer | Path Tracing Tile 3/4, Sample 11/512
Fra:1 Mem:49.15M (0.00M, Peak 53.09M) | Time:00:10.37 | Remaining:00:01.73 | Mem:19.94M, Peak:21.63M | Scene, RenderLayer | Path Tracing Tile 3/4, Sample 253/512
Fra:1 Mem:49.15M (0.00M, Peak 53.09M) | Time:00:11.37 | Remaining:00:01.19 | Mem:19.94M, Peak:21.63M | Scene, RenderLayer | Path Tracing Tile 3/4, Sample 493/512
Fra:1 Mem:48.59M (0.00M, Peak 53.09M) | Time:00:11.45 | Remaining:00:01.14 | Mem:19.38M, Peak:21.63M | Scene, RenderLayer | Path Tracing Tile 3/4, Sample 512/512
Fra:1 Mem:49.08M (0.00M, Peak 53.09M) | Time:00:11.45 | Remaining:00:01.14 | Mem:19.87M, Peak:21.63M | Scene, RenderLayer | Path Tracing Tile 4/4, Sample 512/512
Fra:1 Mem:49.08M (0.00M, Peak 53.09M) | Time:00:12.37 | Remaining:00:00.62 | Mem:19.87M, Peak:21.63M | Scene, RenderLayer | Path Tracing Tile 4/4, Sample 240/512
Fra:1 Mem:49.08M (0.00M, Peak 53.09M) | Time:00:13.38 | Remaining:00:00.02 | Mem:19.87M, Peak:21.63M | Scene, RenderLayer | Path Tracing Tile 4/4, Sample 500/512
Fra:1 Mem:48.59M (0.00M, Peak 53.09M) | Time:00:13.42 | Mem:19.38M, Peak:21.63M | Scene, RenderLayer | Path Tracing Tile 4/4, Sample 512/512
Fra:1 Mem:48.59M (0.00M, Peak 53.09M) | Time:00:13.42 | Mem:19.38M, Peak:21.63M | Scene, RenderLayer | Finished
Fra:1 Mem:19.81M (0.00M, Peak 53.09M) | Time:00:13.51 | Sce: Scene Ve:0 Fa:0 La:0
Saved: 'data/clevr-cleaned-puzzles/meeussen/render/images/CLEVR_val_000000.png'
 Time: 00:13.54 (Saving: 00:00.03)

read blend: /home/ubuntu/vdp-tool-chain/data/clevr_scene_data/base_scene.blend
convertViewVec: called in an invalid context
convertViewVec: called in an invalid context
convertViewVec: called in an invalid context
Fra:1 Mem:19.91M (0.00M, Peak 19.91M) | Time:00:00.00 | Preparing Scene data
Fra:1 Mem:30.04M (0.00M, Peak 32.19M) | Time:00:00.02 | Preparing Scene data
Fra:1 Mem:30.04M (0.00M, Peak 32.19M) | Time:00:00.02 | Creating Shadowbuffers
Fra:1 Mem:30.04M (0.00M, Peak 32.19M) | Time:00:00.02 | Raytree.. preparing
Fra:1 Mem:41.28M (0.00M, Peak 41.28M) | Time:00:00.03 | Raytree.. building
Fra:1 Mem:40.68M (0.00M, Peak 58.23M) | Time:00:00.21 | Raytree finished
Fra:1 Mem:40.68M (0.00M, Peak 58.23M) | Time:00:00.21 | Creating Environment maps
Fra:1 Mem:40.68M (0.00M, Peak 58.23M) | Time:00:00.21 | Caching Point Densities
Fra:1 Mem:40.68M (0.00M, Peak 58.23M) | Time:00:00.21 | Sce: Scene Ve:86022 Fa:81850 La:1
Fra:1 Mem:40.68M (0.00M, Peak 58.23M) | Time:00:00.21 | Loading voxel datasets
Fra:1 Mem:40.68M (0.00M, Peak 58.23M) | Time:00:00.21 | Sce: Scene Ve:86022 Fa:81850 La:1
Fra:1 Mem:40.68M (0.00M, Peak 58.23M) | Time:00:00.21 | Sce: Scene Ve:86022 Fa:81850 La:1
Fra:1 Mem:40.68M (0.00M, Peak 58.23M) | Time:00:00.21 | Volume preprocessing
Fra:1 Mem:40.68M (0.00M, Peak 58.23M) | Time:00:00.21 | Sce: Scene Ve:86022 Fa:81850 La:1
Fra:1 Mem:40.68M (0.00M, Peak 58.23M) | Time:00:00.21 | Sce: Scene Ve:86022 Fa:81850 La:1
Fra:1 Mem:44.75M (0.00M, Peak 58.23M) | Time:00:00.22 | Scene, Part 3-4
Fra:1 Mem:44.71M (0.00M, Peak 58.23M) | Time:00:00.22 | Scene, Part 4-4
Fra:1 Mem:43.78M (0.00M, Peak 58.23M) | Time:00:00.23 | Scene, Part 2-4
Fra:1 Mem:41.93M (0.00M, Peak 58.23M) | Time:00:00.23 | Scene, Part 1-4
Fra:1 Mem:19.79M (0.00M, Peak 58.23M) | Time:00:00.23 | Sce: Scene Ve:86022 Fa:81850 La:1
Saved: '/tmp/tmpsu6h7qms.png'
 Time: 00:00.25 (Saving: 00:00.01)

Fra:1 Mem:19.83M (0.00M, Peak 20.42M) | Time:00:00.04 | Mem:0.00M, Peak:0.00M | Scene, RenderLayer | Synchronizing object | Area
Fra:1 Mem:19.83M (0.00M, Peak 20.42M) | Time:00:00.04 | Mem:0.00M, Peak:0.00M | Scene, RenderLayer | Synchronizing object | Ground
Fra:1 Mem:19.89M (0.00M, Peak 20.42M) | Time:00:00.04 | Mem:0.00M, Peak:0.00M | Scene, RenderLayer | Synchronizing object | Empty
Fra:1 Mem:19.89M (0.00M, Peak 20.42M) | Time:00:00.04 | Mem:0.00M, Peak:0.00M | Scene, RenderLayer | Synchronizing object | Lamp_Back
Fra:1 Mem:19.89M (0.00M, Peak 20.42M) | Time:00:00.04 | Mem:0.00M, Peak:0.00M | Scene, RenderLayer | Synchronizing object | Lamp_Fill
Fra:1 Mem:19.89M (0.00M, Peak 20.42M) | Time:00:00.04 | Mem:0.00M, Peak:0.00M | Scene, RenderLayer | Synchronizing object | Lamp_Key
Fra:1 Mem:19.89M (0.00M, Peak 20.42M) | Time:00:00.04 | Mem:0.00M, Peak:0.00M | Scene, RenderLayer | Synchronizing object | Camera
Fra:1 Mem:19.89M (0.00M, Peak 20.42M) | Time:00:00.04 | Mem:0.00M, Peak:0.00M | Scene, RenderLayer | Synchronizing object | Sphere_0
Fra:1 Mem:21.15M (0.00M, Peak 22.65M) | Time:00:00.05 | Mem:0.00M, Peak:0.00M | Scene, RenderLayer | Synchronizing object | SmoothCylinder_0
Fra:1 Mem:23.94M (0.00M, Peak 27.16M) | Time:00:00.06 | Mem:0.00M, Peak:0.00M | Scene, RenderLayer | Synchronizing object | SmoothCylinder_1
Fra:1 Mem:26.72M (0.00M, Peak 29.94M) | Time:00:00.06 | Mem:0.00M, Peak:0.00M | Scene, RenderLayer | Initializing
Fra:1 Mem:26.72M (0.00M, Peak 29.94M) | Time:00:00.06 | Mem:0.00M, Peak:0.00M | Scene, RenderLayer | Loading render kernels (may take a few minutes the first time)
Fra:1 Mem:26.72M (0.00M, Peak 29.94M) | Time:00:00.08 | Mem:0.00M, Peak:0.00M | Scene, RenderLayer | Waiting for render to start
Fra:1 Mem:26.72M (0.00M, Peak 29.94M) | Time:00:00.08 | Mem:0.00M, Peak:0.00M | Scene, RenderLayer | Updating Scene
Fra:1 Mem:26.72M (0.00M, Peak 29.94M) | Time:00:00.08 | Mem:0.00M, Peak:0.00M | Scene, RenderLayer | Updating Shaders
Fra:1 Mem:26.97M (0.00M, Peak 29.94M) | Time:00:00.08 | Mem:0.00M, Peak:0.00M | Scene, RenderLayer | Updating Background
Fra:1 Mem:26.97M (0.00M, Peak 29.94M) | Time:00:00.08 | Mem:0.00M, Peak:0.00M | Scene, RenderLayer | Updating Camera
Fra:1 Mem:26.97M (0.00M, Peak 29.94M) | Time:00:00.08 | Mem:0.00M, Peak:0.00M | Scene, RenderLayer | Updating Meshes Flags
Fra:1 Mem:26.97M (0.00M, Peak 29.94M) | Time:00:00.08 | Mem:0.00M, Peak:0.00M | Scene, RenderLayer | Updating Objects
Fra:1 Mem:26.97M (0.00M, Peak 29.94M) | Time:00:00.08 | Mem:0.00M, Peak:0.00M | Scene, RenderLayer | Updating Objects | Copying Transformations to device
Fra:1 Mem:26.97M (0.00M, Peak 29.94M) | Time:00:00.08 | Mem:0.00M, Peak:0.00M | Scene, RenderLayer | Updating Objects | Applying Static Transformations
Fra:1 Mem:26.97M (0.00M, Peak 29.94M) | Time:00:00.08 | Mem:0.00M, Peak:0.00M | Scene, RenderLayer | Updating Meshes
Fra:1 Mem:29.48M (0.00M, Peak 29.94M) | Time:00:00.09 | Mem:0.00M, Peak:0.00M | Scene, RenderLayer | Updating Mesh | Computing attributes
Fra:1 Mem:29.48M (0.00M, Peak 29.94M) | Time:00:00.09 | Mem:0.00M, Peak:0.00M | Scene, RenderLayer | Updating Mesh | Copying Attributes to device
Fra:1 Mem:29.48M (0.00M, Peak 29.94M) | Time:00:00.09 | Mem:0.00M, Peak:0.00M | Scene, RenderLayer | Updating Scene BVH | Building
Fra:1 Mem:29.48M (0.00M, Peak 29.94M) | Time:00:00.09 | Mem:0.00M, Peak:0.00M | Scene, RenderLayer | Updating Scene BVH | Building BVH
Fra:1 Mem:38.88M (0.00M, Peak 38.88M) | Time:00:00.21 | Mem:0.00M, Peak:0.00M | Scene, RenderLayer | Updating Scene BVH | Packing BVH triangles and strands
Fra:1 Mem:47.66M (0.00M, Peak 47.66M) | Time:00:00.22 | Mem:0.00M, Peak:0.00M | Scene, RenderLayer | Updating Scene BVH | Packing BVH nodes
Fra:1 Mem:42.80M (0.00M, Peak 50.33M) | Time:00:00.23 | Mem:0.00M, Peak:0.00M | Scene, RenderLayer | Updating Scene BVH | Copying BVH to device
Fra:1 Mem:43.43M (0.00M, Peak 50.33M) | Time:00:00.24 | Mem:13.33M, Peak:13.33M | Scene, RenderLayer | Updating Mesh | Computing normals
Fra:1 Mem:49.18M (0.00M, Peak 50.33M) | Time:00:00.24 | Mem:13.33M, Peak:13.33M | Scene, RenderLayer | Updating Mesh | Copying Mesh to device
Fra:1 Mem:48.56M (0.00M, Peak 50.33M) | Time:00:00.24 | Mem:19.08M, Peak:19.08M | Scene, RenderLayer | Updating Objects Flags
Fra:1 Mem:48.56M (0.00M, Peak 50.33M) | Time:00:00.24 | Mem:19.08M, Peak:19.08M | Scene, RenderLayer | Updating Images
Fra:1 Mem:48.56M (0.00M, Peak 50.33M) | Time:00:00.24 | Mem:19.08M, Peak:19.08M | Scene, RenderLayer | Updating Camera Volume
Fra:1 Mem:48.56M (0.00M, Peak 50.33M) | Time:00:00.24 | Mem:19.08M, Peak:19.08M | Scene, RenderLayer | Updating Hair Systems
Fra:1 Mem:48.56M (0.00M, Peak 50.33M) | Time:00:00.24 | Mem:19.08M, Peak:19.08M | Scene, RenderLayer | Updating Hair settings | Copying Hair settings to device
Fra:1 Mem:48.56M (0.00M, Peak 50.33M) | Time:00:00.24 | Mem:19.08M, Peak:19.08M | Scene, RenderLayer | Updating Lookup Tables
Fra:1 Mem:48.56M (0.00M, Peak 50.33M) | Time:00:00.24 | Mem:19.33M, Peak:19.33M | Scene, RenderLayer | Updating Lights
Fra:1 Mem:48.56M (0.00M, Peak 50.33M) | Time:00:00.24 | Mem:19.33M, Peak:19.33M | Scene, RenderLayer | Updating Lights | Computing distribution
Fra:1 Mem:48.56M (0.00M, Peak 50.33M) | Time:00:00.24 | Mem:19.33M, Peak:19.33M | Scene, RenderLayer | Updating Particle Systems
Fra:1 Mem:48.56M (0.00M, Peak 50.33M) | Time:00:00.24 | Mem:19.33M, Peak:19.33M | Scene, RenderLayer | Updating Particle Systems | Copying Particles to device
Fra:1 Mem:48.56M (0.00M, Peak 50.33M) | Time:00:00.24 | Mem:19.33M, Peak:19.33M | Scene, RenderLayer | Updating Integrator
Fra:1 Mem:48.60M (0.00M, Peak 50.33M) | Time:00:00.24 | Mem:19.37M, Peak:19.37M | Scene, RenderLayer | Updating Film
Fra:1 Mem:48.60M (0.00M, Peak 50.33M) | Time:00:00.24 | Mem:19.37M, Peak:19.37M | Scene, RenderLayer | Updating Lookup Tables
Fra:1 Mem:48.60M (0.00M, Peak 50.33M) | Time:00:00.24 | Mem:19.38M, Peak:19.38M | Scene, RenderLayer | Updating Baking
Fra:1 Mem:48.60M (0.00M, Peak 50.33M) | Time:00:00.24 | Mem:19.38M, Peak:19.38M | Scene, RenderLayer | Updating Device | Writing constant memory
Fra:1 Mem:48.60M (0.00M, Peak 50.33M) | Time:00:00.24 | Mem:19.38M, Peak:19.38M | Scene, RenderLayer | Path Tracing Tile 0/4, Sample 0/512
Fra:1 Mem:50.85M (0.00M, Peak 52.10M) | Time:00:00.24 | Mem:21.63M, Peak:21.63M | Scene, RenderLayer | Path Tracing Tile 1/4, Sample 0/512
Fra:1 Mem:50.85M (0.00M, Peak 53.10M) | Time:00:01.25 | Remaining:00:10.31 | Mem:21.63M, Peak:21.63M | Scene, RenderLayer | Path Tracing Tile 1/4, Sample 107/512
Fra:1 Mem:50.85M (0.00M, Peak 53.10M) | Time:00:02.25 | Remaining:00:09.26 | Mem:21.63M, Peak:21.63M | Scene, RenderLayer | Path Tracing Tile 1/4, Sample 214/512
Fra:1 Mem:50.85M (0.00M, Peak 53.10M) | Time:00:03.26 | Remaining:00:08.26 | Mem:21.63M, Peak:21.63M | Scene, RenderLayer | Path Tracing Tile 1/4, Sample 321/512
Fra:1 Mem:50.85M (0.00M, Peak 53.10M) | Time:00:04.27 | Remaining:00:07.26 | Mem:21.63M, Peak:21.63M | Scene, RenderLayer | Path Tracing Tile 1/4, Sample 428/512
Fra:1 Mem:48.60M (0.00M, Peak 53.10M) | Time:00:05.07 | Remaining:00:06.48 | Mem:19.38M, Peak:21.63M | Scene, RenderLayer | Path Tracing Tile 1/4, Sample 512/512
Fra:1 Mem:50.57M (0.00M, Peak 53.10M) | Time:00:05.07 | Remaining:00:06.48 | Mem:21.35M, Peak:21.63M | Scene, RenderLayer | Path Tracing Tile 2/4, Sample 512/512
Fra:1 Mem:50.57M (0.00M, Peak 53.10M) | Time:00:05.27 | Remaining:00:06.27 | Mem:21.35M, Peak:21.63M | Scene, RenderLayer | Path Tracing Tile 2/4, Sample 25/512
Fra:1 Mem:50.57M (0.00M, Peak 53.10M) | Time:00:06.28 | Remaining:00:05.23 | Mem:21.35M, Peak:21.63M | Scene, RenderLayer | Path Tracing Tile 2/4, Sample 149/512
Fra:1 Mem:50.57M (0.00M, Peak 53.10M) | Time:00:07.28 | Remaining:00:04.21 | Mem:21.35M, Peak:21.63M | Scene, RenderLayer | Path Tracing Tile 2/4, Sample 273/512
Fra:1 Mem:50.57M (0.00M, Peak 53.10M) | Time:00:08.28 | Remaining:00:03.19 | Mem:21.35M, Peak:21.63M | Scene, RenderLayer | Path Tracing Tile 2/4, Sample 396/512
Fra:1 Mem:48.60M (0.00M, Peak 53.10M) | Time:00:09.24 | Remaining:00:02.24 | Mem:19.38M, Peak:21.63M | Scene, RenderLayer | Path Tracing Tile 2/4, Sample 512/512
Fra:1 Mem:49.16M (0.00M, Peak 53.10M) | Time:00:09.24 | Remaining:00:02.24 | Mem:19.94M, Peak:21.63M | Scene, RenderLayer | Path Tracing Tile 3/4, Sample 512/512
Fra:1 Mem:49.16M (0.00M, Peak 53.10M) | Time:00:09.29 | Remaining:00:02.22 | Mem:19.94M, Peak:21.63M | Scene, RenderLayer | Path Tracing Tile 3/4, Sample 11/512
Fra:1 Mem:49.16M (0.00M, Peak 53.10M) | Time:00:10.29 | Remaining:00:01.73 | Mem:19.94M, Peak:21.63M | Scene, RenderLayer | Path Tracing Tile 3/4, Sample 253/512
Fra:1 Mem:49.16M (0.00M, Peak 53.10M) | Time:00:11.29 | Remaining:00:01.19 | Mem:19.94M, Peak:21.63M | Scene, RenderLayer | Path Tracing Tile 3/4, Sample 493/512
Fra:1 Mem:48.60M (0.00M, Peak 53.10M) | Time:00:11.37 | Remaining:00:01.14 | Mem:19.38M, Peak:21.63M | Scene, RenderLayer | Path Tracing Tile 3/4, Sample 512/512
Fra:1 Mem:49.09M (0.00M, Peak 53.10M) | Time:00:11.37 | Remaining:00:01.14 | Mem:19.87M, Peak:21.63M | Scene, RenderLayer | Path Tracing Tile 4/4, Sample 512/512
Fra:1 Mem:49.09M (0.00M, Peak 53.10M) | Time:00:12.29 | Remaining:00:00.62 | Mem:19.87M, Peak:21.63M | Scene, RenderLayer | Path Tracing Tile 4/4, Sample 240/512
Fra:1 Mem:49.09M (0.00M, Peak 53.10M) | Time:00:13.29 | Remaining:00:00.02 | Mem:19.87M, Peak:21.63M | Scene, RenderLayer | Path Tracing Tile 4/4, Sample 500/512
Fra:1 Mem:48.60M (0.00M, Peak 53.10M) | Time:00:13.34 | Mem:19.38M, Peak:21.63M | Scene, RenderLayer | Path Tracing Tile 4/4, Sample 512/512
Fra:1 Mem:48.60M (0.00M, Peak 53.10M) | Time:00:13.34 | Mem:19.38M, Peak:21.63M | Scene, RenderLayer | Finished
Fra:1 Mem:19.82M (0.00M, Peak 53.10M) | Time:00:13.42 | Sce: Scene Ve:0 Fa:0 La:0
Saved: 'data/clevr-cleaned-puzzles/meeussen/render/images/CLEVR_val_000001.png'
 Time: 00:13.46 (Saving: 00:00.03)

read blend: /home/ubuntu/vdp-tool-chain/data/clevr_scene_data/base_scene.blend
convertViewVec: called in an invalid context
convertViewVec: called in an invalid context
convertViewVec: called in an invalid context
convertViewVec: called in an invalid context
Fra:1 Mem:21.91M (0.00M, Peak 21.91M) | Time:00:00.00 | Preparing Scene data
Fra:1 Mem:34.00M (0.00M, Peak 36.15M) | Time:00:00.02 | Preparing Scene data
Fra:1 Mem:34.00M (0.00M, Peak 36.15M) | Time:00:00.02 | Creating Shadowbuffers
Fra:1 Mem:34.00M (0.00M, Peak 36.15M) | Time:00:00.02 | Raytree.. preparing
Fra:1 Mem:47.38M (0.00M, Peak 47.38M) | Time:00:00.03 | Raytree.. building
Fra:1 Mem:46.65M (0.00M, Peak 67.54M) | Time:00:00.25 | Raytree finished
Fra:1 Mem:46.65M (0.00M, Peak 67.54M) | Time:00:00.25 | Creating Environment maps
Fra:1 Mem:46.65M (0.00M, Peak 67.54M) | Time:00:00.25 | Caching Point Densities
Fra:1 Mem:46.65M (0.00M, Peak 67.54M) | Time:00:00.25 | Sce: Scene Ve:101384 Fa:97411 La:1
Fra:1 Mem:46.65M (0.00M, Peak 67.54M) | Time:00:00.25 | Loading voxel datasets
Fra:1 Mem:46.65M (0.00M, Peak 67.54M) | Time:00:00.25 | Sce: Scene Ve:101384 Fa:97411 La:1
Fra:1 Mem:46.66M (0.00M, Peak 67.54M) | Time:00:00.25 | Sce: Scene Ve:101384 Fa:97411 La:1
Fra:1 Mem:46.66M (0.00M, Peak 67.54M) | Time:00:00.25 | Volume preprocessing
Fra:1 Mem:46.66M (0.00M, Peak 67.54M) | Time:00:00.25 | Sce: Scene Ve:101384 Fa:97411 La:1
Fra:1 Mem:46.66M (0.00M, Peak 67.54M) | Time:00:00.25 | Sce: Scene Ve:101384 Fa:97411 La:1
Fra:1 Mem:50.51M (0.00M, Peak 67.54M) | Time:00:00.25 | Scene, Part 3-4
Fra:1 Mem:50.03M (0.00M, Peak 67.54M) | Time:00:00.25 | Scene, Part 4-4
Fra:1 Mem:49.75M (0.00M, Peak 67.54M) | Time:00:00.26 | Scene, Part 2-4
Fra:1 Mem:47.91M (0.00M, Peak 67.54M) | Time:00:00.27 | Scene, Part 1-4
Fra:1 Mem:21.76M (0.00M, Peak 67.54M) | Time:00:00.27 | Sce: Scene Ve:101384 Fa:97411 La:1
Saved: '/tmp/tmp65qnb0xw.png'
 Time: 00:00.29 (Saving: 00:00.01)

Fra:1 Mem:21.79M (0.00M, Peak 22.39M) | Time:00:00.04 | Mem:0.00M, Peak:0.00M | Scene, RenderLayer | Synchronizing object | Area
Fra:1 Mem:21.79M (0.00M, Peak 22.39M) | Time:00:00.04 | Mem:0.00M, Peak:0.00M | Scene, RenderLayer | Synchronizing object | Ground
Fra:1 Mem:21.86M (0.00M, Peak 22.39M) | Time:00:00.04 | Mem:0.00M, Peak:0.00M | Scene, RenderLayer | Synchronizing object | Empty
Fra:1 Mem:21.86M (0.00M, Peak 22.39M) | Time:00:00.04 | Mem:0.00M, Peak:0.00M | Scene, RenderLayer | Synchronizing object | Lamp_Back
Fra:1 Mem:21.86M (0.00M, Peak 22.39M) | Time:00:00.04 | Mem:0.00M, Peak:0.00M | Scene, RenderLayer | Synchronizing object | Lamp_Fill
Fra:1 Mem:21.86M (0.00M, Peak 22.39M) | Time:00:00.04 | Mem:0.00M, Peak:0.00M | Scene, RenderLayer | Synchronizing object | Lamp_Key
Fra:1 Mem:21.86M (0.00M, Peak 22.39M) | Time:00:00.04 | Mem:0.00M, Peak:0.00M | Scene, RenderLayer | Synchronizing object | Camera
Fra:1 Mem:21.86M (0.00M, Peak 22.39M) | Time:00:00.04 | Mem:0.00M, Peak:0.00M | Scene, RenderLayer | Synchronizing object | Sphere_0
Fra:1 Mem:23.12M (0.00M, Peak 24.62M) | Time:00:00.05 | Mem:0.00M, Peak:0.00M | Scene, RenderLayer | Synchronizing object | SmoothCylinder_0
Fra:1 Mem:25.90M (0.00M, Peak 29.12M) | Time:00:00.06 | Mem:0.00M, Peak:0.00M | Scene, RenderLayer | Synchronizing object | Sphere_1
Fra:1 Mem:27.16M (0.00M, Peak 29.12M) | Time:00:00.06 | Mem:0.00M, Peak:0.00M | Scene, RenderLayer | Synchronizing object | SmoothCylinder_1
Fra:1 Mem:29.94M (0.00M, Peak 33.16M) | Time:00:00.07 | Mem:0.00M, Peak:0.00M | Scene, RenderLayer | Initializing
Fra:1 Mem:29.94M (0.00M, Peak 33.16M) | Time:00:00.07 | Mem:0.00M, Peak:0.00M | Scene, RenderLayer | Loading render kernels (may take a few minutes the first time)
Fra:1 Mem:29.94M (0.00M, Peak 33.16M) | Time:00:00.08 | Mem:0.00M, Peak:0.00M | Scene, RenderLayer | Waiting for render to start
Fra:1 Mem:29.94M (0.00M, Peak 33.16M) | Time:00:00.08 | Mem:0.00M, Peak:0.00M | Scene, RenderLayer | Updating Scene
Fra:1 Mem:29.94M (0.00M, Peak 33.16M) | Time:00:00.08 | Mem:0.00M, Peak:0.00M | Scene, RenderLayer | Updating Shaders
Fra:1 Mem:30.20M (0.00M, Peak 33.16M) | Time:00:00.09 | Mem:0.00M, Peak:0.00M | Scene, RenderLayer | Updating Background
Fra:1 Mem:30.20M (0.00M, Peak 33.16M) | Time:00:00.09 | Mem:0.00M, Peak:0.00M | Scene, RenderLayer | Updating Camera
Fra:1 Mem:30.20M (0.00M, Peak 33.16M) | Time:00:00.09 | Mem:0.00M, Peak:0.00M | Scene, RenderLayer | Updating Meshes Flags
Fra:1 Mem:30.20M (0.00M, Peak 33.16M) | Time:00:00.09 | Mem:0.00M, Peak:0.00M | Scene, RenderLayer | Updating Objects
Fra:1 Mem:30.20M (0.00M, Peak 33.16M) | Time:00:00.09 | Mem:0.00M, Peak:0.00M | Scene, RenderLayer | Updating Objects | Copying Transformations to device
Fra:1 Mem:30.20M (0.00M, Peak 33.16M) | Time:00:00.09 | Mem:0.00M, Peak:0.00M | Scene, RenderLayer | Updating Objects | Applying Static Transformations
Fra:1 Mem:30.20M (0.00M, Peak 33.16M) | Time:00:00.09 | Mem:0.00M, Peak:0.00M | Scene, RenderLayer | Updating Meshes
Fra:1 Mem:33.17M (0.00M, Peak 33.17M) | Time:00:00.09 | Mem:0.00M, Peak:0.00M | Scene, RenderLayer | Updating Mesh | Computing attributes
Fra:1 Mem:33.17M (0.00M, Peak 33.17M) | Time:00:00.09 | Mem:0.00M, Peak:0.00M | Scene, RenderLayer | Updating Mesh | Copying Attributes to device
Fra:1 Mem:33.17M (0.00M, Peak 33.17M) | Time:00:00.10 | Mem:0.00M, Peak:0.00M | Scene, RenderLayer | Updating Scene BVH | Building
Fra:1 Mem:33.17M (0.00M, Peak 33.17M) | Time:00:00.10 | Mem:0.00M, Peak:0.00M | Scene, RenderLayer | Updating Scene BVH | Building BVH
Fra:1 Mem:44.34M (0.00M, Peak 44.34M) | Time:00:00.24 | Mem:0.00M, Peak:0.00M | Scene, RenderLayer | Updating Scene BVH | Packing BVH triangles and strands
Fra:1 Mem:54.75M (0.00M, Peak 54.75M) | Time:00:00.25 | Mem:0.00M, Peak:0.00M | Scene, RenderLayer | Updating Scene BVH | Packing BVH nodes
Fra:1 Mem:48.96M (0.00M, Peak 57.89M) | Time:00:00.26 | Mem:0.00M, Peak:0.00M | Scene, RenderLayer | Updating Scene BVH | Copying BVH to device
Fra:1 Mem:49.70M (0.00M, Peak 57.89M) | Time:00:00.27 | Mem:15.79M, Peak:15.79M | Scene, RenderLayer | Updating Mesh | Computing normals
Fra:1 Mem:56.51M (0.00M, Peak 57.89M) | Time:00:00.27 | Mem:15.79M, Peak:15.79M | Scene, RenderLayer | Updating Mesh | Copying Mesh to device
Fra:1 Mem:55.76M (0.00M, Peak 57.89M) | Time:00:00.28 | Mem:22.59M, Peak:22.59M | Scene, RenderLayer | Updating Objects Flags
Fra:1 Mem:55.76M (0.00M, Peak 57.89M) | Time:00:00.28 | Mem:22.59M, Peak:22.59M | Scene, RenderLayer | Updating Images
Fra:1 Mem:55.76M (0.00M, Peak 57.89M) | Time:00:00.28 | Mem:22.59M, Peak:22.59M | Scene, RenderLayer | Updating Camera Volume
Fra:1 Mem:55.76M (0.00M, Peak 57.89M) | Time:00:00.28 | Mem:22.59M, Peak:22.59M | Scene, RenderLayer | Updating Hair Systems
Fra:1 Mem:55.76M (0.00M, Peak 57.89M) | Time:00:00.28 | Mem:22.59M, Peak:22.59M | Scene, RenderLayer | Updating Hair settings | Copying Hair settings to device
Fra:1 Mem:55.76M (0.00M, Peak 57.89M) | Time:00:00.28 | Mem:22.59M, Peak:22.59M | Scene, RenderLayer | Updating Lookup Tables
Fra:1 Mem:55.76M (0.00M, Peak 57.89M) | Time:00:00.28 | Mem:22.84M, Peak:22.84M | Scene, RenderLayer | Updating Lights
Fra:1 Mem:55.76M (0.00M, Peak 57.89M) | Time:00:00.28 | Mem:22.84M, Peak:22.84M | Scene, RenderLayer | Updating Lights | Computing distribution
Fra:1 Mem:55.76M (0.00M, Peak 57.89M) | Time:00:00.28 | Mem:22.84M, Peak:22.84M | Scene, RenderLayer | Updating Particle Systems
Fra:1 Mem:55.76M (0.00M, Peak 57.89M) | Time:00:00.28 | Mem:22.84M, Peak:22.84M | Scene, RenderLayer | Updating Particle Systems | Copying Particles to device
Fra:1 Mem:55.76M (0.00M, Peak 57.89M) | Time:00:00.28 | Mem:22.84M, Peak:22.84M | Scene, RenderLayer | Updating Integrator
Fra:1 Mem:55.80M (0.00M, Peak 57.89M) | Time:00:00.28 | Mem:22.88M, Peak:22.88M | Scene, RenderLayer | Updating Film
Fra:1 Mem:55.81M (0.00M, Peak 57.89M) | Time:00:00.28 | Mem:22.88M, Peak:22.88M | Scene, RenderLayer | Updating Lookup Tables
Fra:1 Mem:55.81M (0.00M, Peak 57.89M) | Time:00:00.28 | Mem:22.89M, Peak:22.89M | Scene, RenderLayer | Updating Baking
Fra:1 Mem:55.81M (0.00M, Peak 57.89M) | Time:00:00.28 | Mem:22.89M, Peak:22.89M | Scene, RenderLayer | Updating Device | Writing constant memory
Fra:1 Mem:55.81M (0.00M, Peak 57.89M) | Time:00:00.28 | Mem:22.89M, Peak:22.89M | Scene, RenderLayer | Path Tracing Tile 0/4, Sample 0/512
Fra:1 Mem:58.06M (0.00M, Peak 59.31M) | Time:00:00.28 | Mem:25.14M, Peak:25.14M | Scene, RenderLayer | Path Tracing Tile 1/4, Sample 0/512
Fra:1 Mem:58.06M (0.00M, Peak 60.31M) | Time:00:01.28 | Remaining:00:10.93 | Mem:25.14M, Peak:25.14M | Scene, RenderLayer | Path Tracing Tile 1/4, Sample 101/512
Fra:1 Mem:58.06M (0.00M, Peak 60.31M) | Time:00:02.29 | Remaining:00:09.88 | Mem:25.14M, Peak:25.14M | Scene, RenderLayer | Path Tracing Tile 1/4, Sample 203/512
Fra:1 Mem:58.06M (0.00M, Peak 60.31M) | Time:00:03.30 | Remaining:00:08.86 | Mem:25.14M, Peak:25.14M | Scene, RenderLayer | Path Tracing Tile 1/4, Sample 305/512
Fra:1 Mem:58.06M (0.00M, Peak 60.31M) | Time:00:04.30 | Remaining:00:07.87 | Mem:25.14M, Peak:25.14M | Scene, RenderLayer | Path Tracing Tile 1/4, Sample 406/512
Fra:1 Mem:58.06M (0.00M, Peak 60.31M) | Time:00:05.31 | Remaining:00:06.87 | Mem:25.14M, Peak:25.14M | Scene, RenderLayer | Path Tracing Tile 1/4, Sample 507/512
Fra:1 Mem:55.81M (0.00M, Peak 60.31M) | Time:00:05.36 | Remaining:00:06.83 | Mem:22.89M, Peak:25.14M | Scene, RenderLayer | Path Tracing Tile 1/4, Sample 512/512
Fra:1 Mem:57.78M (0.00M, Peak 60.31M) | Time:00:05.37 | Remaining:00:06.83 | Mem:24.86M, Peak:25.14M | Scene, RenderLayer | Path Tracing Tile 2/4, Sample 512/512
Fra:1 Mem:57.78M (0.00M, Peak 60.31M) | Time:00:06.32 | Remaining:00:05.73 | Mem:24.86M, Peak:25.14M | Scene, RenderLayer | Path Tracing Tile 2/4, Sample 118/512
Fra:1 Mem:57.78M (0.00M, Peak 60.31M) | Time:00:07.32 | Remaining:00:04.62 | Mem:24.86M, Peak:25.14M | Scene, RenderLayer | Path Tracing Tile 2/4, Sample 243/512
Fra:1 Mem:57.78M (0.00M, Peak 60.31M) | Time:00:08.32 | Remaining:00:03.55 | Mem:24.86M, Peak:25.14M | Scene, RenderLayer | Path Tracing Tile 2/4, Sample 366/512
Fra:1 Mem:57.78M (0.00M, Peak 60.31M) | Time:00:09.33 | Remaining:00:02.50 | Mem:24.86M, Peak:25.14M | Scene, RenderLayer | Path Tracing Tile 2/4, Sample 489/512
Fra:1 Mem:55.81M (0.00M, Peak 60.31M) | Time:00:09.52 | Remaining:00:02.31 | Mem:22.89M, Peak:25.14M | Scene, RenderLayer | Path Tracing Tile 2/4, Sample 512/512
Fra:1 Mem:56.37M (0.00M, Peak 60.31M) | Time:00:09.52 | Remaining:00:02.31 | Mem:23.45M, Peak:25.14M | Scene, RenderLayer | Path Tracing Tile 3/4, Sample 512/512
Fra:1 Mem:56.37M (0.00M, Peak 60.31M) | Time:00:10.33 | Remaining:00:01.90 | Mem:23.45M, Peak:25.14M | Scene, RenderLayer | Path Tracing Tile 3/4, Sample 195/512
Fra:1 Mem:56.37M (0.00M, Peak 60.31M) | Time:00:11.33 | Remaining:00:01.36 | Mem:23.45M, Peak:25.14M | Scene, RenderLayer | Path Tracing Tile 3/4, Sample 434/512
Fra:1 Mem:55.81M (0.00M, Peak 60.31M) | Time:00:11.66 | Remaining:00:01.17 | Mem:22.89M, Peak:25.14M | Scene, RenderLayer | Path Tracing Tile 3/4, Sample 512/512
Fra:1 Mem:56.30M (0.00M, Peak 60.31M) | Time:00:11.67 | Remaining:00:01.17 | Mem:23.38M, Peak:25.14M | Scene, RenderLayer | Path Tracing Tile 4/4, Sample 512/512
Fra:1 Mem:56.30M (0.00M, Peak 60.31M) | Time:00:12.34 | Remaining:00:00.78 | Mem:23.38M, Peak:25.14M | Scene, RenderLayer | Path Tracing Tile 4/4, Sample 175/512
Fra:1 Mem:56.30M (0.00M, Peak 60.31M) | Time:00:13.34 | Remaining:00:00.18 | Mem:23.38M, Peak:25.14M | Scene, RenderLayer | Path Tracing Tile 4/4, Sample 434/512
Fra:1 Mem:55.81M (0.00M, Peak 60.31M) | Time:00:13.64 | Mem:22.89M, Peak:25.14M | Scene, RenderLayer | Path Tracing Tile 4/4, Sample 512/512
Fra:1 Mem:55.81M (0.00M, Peak 60.31M) | Time:00:13.64 | Mem:22.89M, Peak:25.14M | Scene, RenderLayer | Finished
Fra:1 Mem:21.79M (0.00M, Peak 60.31M) | Time:00:13.72 | Sce: Scene Ve:0 Fa:0 La:0
Saved: 'data/clevr-cleaned-puzzles/meeussen/render/images/CLEVR_val_000002.png'
 Time: 00:13.76 (Saving: 00:00.03)

read blend: /home/ubuntu/vdp-tool-chain/data/clevr_scene_data/base_scene.blend
convertViewVec: called in an invalid context
convertViewVec: called in an invalid context
Fra:1 Mem:15.64M (0.00M, Peak 15.64M) | Time:00:00.00 | Preparing Scene data
Fra:1 Mem:21.69M (0.00M, Peak 23.84M) | Time:00:00.01 | Preparing Scene data
Fra:1 Mem:21.69M (0.00M, Peak 23.84M) | Time:00:00.01 | Creating Shadowbuffers
Fra:1 Mem:21.69M (0.00M, Peak 23.84M) | Time:00:00.01 | Raytree.. preparing
Fra:1 Mem:28.37M (0.00M, Peak 28.37M) | Time:00:00.01 | Raytree.. building
Fra:1 Mem:28.03M (0.00M, Peak 38.47M) | Time:00:00.12 | Raytree finished
Fra:1 Mem:28.03M (0.00M, Peak 38.47M) | Time:00:00.12 | Creating Environment maps
Fra:1 Mem:28.03M (0.00M, Peak 38.47M) | Time:00:00.12 | Caching Point Densities
Fra:1 Mem:28.03M (0.00M, Peak 38.47M) | Time:00:00.12 | Sce: Scene Ve:50692 Fa:48703 La:1
Fra:1 Mem:28.03M (0.00M, Peak 38.47M) | Time:00:00.12 | Loading voxel datasets
Fra:1 Mem:28.03M (0.00M, Peak 38.47M) | Time:00:00.12 | Sce: Scene Ve:50692 Fa:48703 La:1
Fra:1 Mem:28.03M (0.00M, Peak 38.47M) | Time:00:00.12 | Sce: Scene Ve:50692 Fa:48703 La:1
Fra:1 Mem:28.03M (0.00M, Peak 38.47M) | Time:00:00.12 | Volume preprocessing
Fra:1 Mem:28.03M (0.00M, Peak 38.47M) | Time:00:00.12 | Sce: Scene Ve:50692 Fa:48703 La:1
Fra:1 Mem:28.03M (0.00M, Peak 38.47M) | Time:00:00.12 | Sce: Scene Ve:50692 Fa:48703 La:1
Fra:1 Mem:32.10M (0.00M, Peak 38.47M) | Time:00:00.12 | Scene, Part 3-4
Fra:1 Mem:32.06M (0.00M, Peak 38.47M) | Time:00:00.12 | Scene, Part 4-4
Fra:1 Mem:31.03M (0.00M, Peak 38.47M) | Time:00:00.13 | Scene, Part 1-4
Fra:1 Mem:29.13M (0.00M, Peak 38.47M) | Time:00:00.14 | Scene, Part 2-4
Fra:1 Mem:15.56M (0.00M, Peak 38.47M) | Time:00:00.14 | Sce: Scene Ve:50692 Fa:48703 La:1
Saved: '/tmp/tmpnwcjvaey.png'
 Time: 00:00.15 (Saving: 00:00.01)

Fra:1 Mem:15.59M (0.00M, Peak 16.18M) | Time:00:00.04 | Mem:0.00M, Peak:0.00M | Scene, RenderLayer | Synchronizing object | Area
Fra:1 Mem:15.59M (0.00M, Peak 16.18M) | Time:00:00.04 | Mem:0.00M, Peak:0.00M | Scene, RenderLayer | Synchronizing object | Ground
Fra:1 Mem:15.66M (0.00M, Peak 16.18M) | Time:00:00.04 | Mem:0.00M, Peak:0.00M | Scene, RenderLayer | Synchronizing object | Empty
Fra:1 Mem:15.66M (0.00M, Peak 16.18M) | Time:00:00.04 | Mem:0.00M, Peak:0.00M | Scene, RenderLayer | Synchronizing object | Lamp_Back
Fra:1 Mem:15.66M (0.00M, Peak 16.18M) | Time:00:00.04 | Mem:0.00M, Peak:0.00M | Scene, RenderLayer | Synchronizing object | Lamp_Fill
Fra:1 Mem:15.66M (0.00M, Peak 16.18M) | Time:00:00.04 | Mem:0.00M, Peak:0.00M | Scene, RenderLayer | Synchronizing object | Lamp_Key
Fra:1 Mem:15.66M (0.00M, Peak 16.18M) | Time:00:00.04 | Mem:0.00M, Peak:0.00M | Scene, RenderLayer | Synchronizing object | Camera
Fra:1 Mem:15.66M (0.00M, Peak 16.18M) | Time:00:00.04 | Mem:0.00M, Peak:0.00M | Scene, RenderLayer | Synchronizing object | Sphere_0
Fra:1 Mem:16.92M (0.00M, Peak 18.41M) | Time:00:00.05 | Mem:0.00M, Peak:0.00M | Scene, RenderLayer | Synchronizing object | SmoothCylinder_0
Fra:1 Mem:19.70M (0.00M, Peak 22.92M) | Time:00:00.06 | Mem:0.00M, Peak:0.00M | Scene, RenderLayer | Initializing
Fra:1 Mem:19.70M (0.00M, Peak 22.92M) | Time:00:00.06 | Mem:0.00M, Peak:0.00M | Scene, RenderLayer | Loading render kernels (may take a few minutes the first time)
Fra:1 Mem:19.70M (0.00M, Peak 22.92M) | Time:00:00.07 | Mem:0.00M, Peak:0.00M | Scene, RenderLayer | Waiting for render to start
Fra:1 Mem:19.70M (0.00M, Peak 22.92M) | Time:00:00.07 | Mem:0.00M, Peak:0.00M | Scene, RenderLayer | Updating Scene
Fra:1 Mem:19.70M (0.00M, Peak 22.92M) | Time:00:00.07 | Mem:0.00M, Peak:0.00M | Scene, RenderLayer | Updating Shaders
Fra:1 Mem:19.95M (0.00M, Peak 22.92M) | Time:00:00.07 | Mem:0.00M, Peak:0.00M | Scene, RenderLayer | Updating Background
Fra:1 Mem:19.95M (0.00M, Peak 22.92M) | Time:00:00.07 | Mem:0.00M, Peak:0.00M | Scene, RenderLayer | Updating Camera
Fra:1 Mem:19.95M (0.00M, Peak 22.92M) | Time:00:00.07 | Mem:0.00M, Peak:0.00M | Scene, RenderLayer | Updating Meshes Flags
Fra:1 Mem:19.95M (0.00M, Peak 22.92M) | Time:00:00.07 | Mem:0.00M, Peak:0.00M | Scene, RenderLayer | Updating Objects
Fra:1 Mem:19.95M (0.00M, Peak 22.92M) | Time:00:00.07 | Mem:0.00M, Peak:0.00M | Scene, RenderLayer | Updating Objects | Copying Transformations to device
Fra:1 Mem:19.95M (0.00M, Peak 22.92M) | Time:00:00.07 | Mem:0.00M, Peak:0.00M | Scene, RenderLayer | Updating Objects | Applying Static Transformations
Fra:1 Mem:19.95M (0.00M, Peak 22.92M) | Time:00:00.07 | Mem:0.00M, Peak:0.00M | Scene, RenderLayer | Updating Meshes
Fra:1 Mem:21.45M (0.00M, Peak 22.92M) | Time:00:00.08 | Mem:0.00M, Peak:0.00M | Scene, RenderLayer | Updating Mesh | Computing attributes
Fra:1 Mem:21.45M (0.00M, Peak 22.92M) | Time:00:00.08 | Mem:0.00M, Peak:0.00M | Scene, RenderLayer | Updating Mesh | Copying Attributes to device
Fra:1 Mem:21.45M (0.00M, Peak 22.92M) | Time:00:00.08 | Mem:0.00M, Peak:0.00M | Scene, RenderLayer | Updating Scene BVH | Building
Fra:1 Mem:21.45M (0.00M, Peak 22.92M) | Time:00:00.08 | Mem:0.00M, Peak:0.00M | Scene, RenderLayer | Updating Scene BVH | Building BVH
Fra:1 Mem:27.07M (0.00M, Peak 27.07M) | Time:00:00.15 | Mem:0.00M, Peak:0.00M | Scene, RenderLayer | Updating Scene BVH | Packing BVH triangles and strands
Fra:1 Mem:32.32M (0.00M, Peak 32.32M) | Time:00:00.15 | Mem:0.00M, Peak:0.00M | Scene, RenderLayer | Updating Scene BVH | Packing BVH nodes
Fra:1 Mem:29.40M (0.00M, Peak 33.90M) | Time:00:00.16 | Mem:0.00M, Peak:0.00M | Scene, RenderLayer | Updating Scene BVH | Copying BVH to device
Fra:1 Mem:29.77M (0.00M, Peak 33.90M) | Time:00:00.16 | Mem:7.95M, Peak:7.95M | Scene, RenderLayer | Updating Mesh | Computing normals
Fra:1 Mem:33.20M (0.00M, Peak 33.90M) | Time:00:00.17 | Mem:7.95M, Peak:7.95M | Scene, RenderLayer | Updating Mesh | Copying Mesh to device
Fra:1 Mem:32.83M (0.00M, Peak 33.90M) | Time:00:00.17 | Mem:11.38M, Peak:11.38M | Scene, RenderLayer | Updating Objects Flags
Fra:1 Mem:32.83M (0.00M, Peak 33.90M) | Time:00:00.17 | Mem:11.38M, Peak:11.38M | Scene, RenderLayer | Updating Images
Fra:1 Mem:32.83M (0.00M, Peak 33.90M) | Time:00:00.17 | Mem:11.38M, Peak:11.38M | Scene, RenderLayer | Updating Camera Volume
Fra:1 Mem:32.83M (0.00M, Peak 33.90M) | Time:00:00.17 | Mem:11.38M, Peak:11.38M | Scene, RenderLayer | Updating Hair Systems
Fra:1 Mem:32.83M (0.00M, Peak 33.90M) | Time:00:00.17 | Mem:11.38M, Peak:11.38M | Scene, RenderLayer | Updating Hair settings | Copying Hair settings to device
Fra:1 Mem:32.83M (0.00M, Peak 33.90M) | Time:00:00.17 | Mem:11.38M, Peak:11.38M | Scene, RenderLayer | Updating Lookup Tables
Fra:1 Mem:32.83M (0.00M, Peak 33.90M) | Time:00:00.17 | Mem:11.63M, Peak:11.63M | Scene, RenderLayer | Updating Lights
Fra:1 Mem:32.83M (0.00M, Peak 33.90M) | Time:00:00.17 | Mem:11.63M, Peak:11.63M | Scene, RenderLayer | Updating Lights | Computing distribution
Fra:1 Mem:32.83M (0.00M, Peak 33.90M) | Time:00:00.17 | Mem:11.63M, Peak:11.63M | Scene, RenderLayer | Updating Particle Systems
Fra:1 Mem:32.83M (0.00M, Peak 33.90M) | Time:00:00.17 | Mem:11.63M, Peak:11.63M | Scene, RenderLayer | Updating Particle Systems | Copying Particles to device
Fra:1 Mem:32.83M (0.00M, Peak 33.90M) | Time:00:00.17 | Mem:11.63M, Peak:11.63M | Scene, RenderLayer | Updating Integrator
Fra:1 Mem:32.87M (0.00M, Peak 33.90M) | Time:00:00.17 | Mem:11.67M, Peak:11.67M | Scene, RenderLayer | Updating Film
Fra:1 Mem:32.88M (0.00M, Peak 33.90M) | Time:00:00.17 | Mem:11.67M, Peak:11.67M | Scene, RenderLayer | Updating Lookup Tables
Fra:1 Mem:32.88M (0.00M, Peak 33.90M) | Time:00:00.17 | Mem:11.68M, Peak:11.68M | Scene, RenderLayer | Updating Baking
Fra:1 Mem:32.88M (0.00M, Peak 33.90M) | Time:00:00.17 | Mem:11.68M, Peak:11.68M | Scene, RenderLayer | Updating Device | Writing constant memory
Fra:1 Mem:32.88M (0.00M, Peak 33.90M) | Time:00:00.17 | Mem:11.68M, Peak:11.68M | Scene, RenderLayer | Path Tracing Tile 0/4, Sample 0/512
Fra:1 Mem:35.13M (0.00M, Peak 36.38M) | Time:00:00.17 | Mem:13.93M, Peak:13.93M | Scene, RenderLayer | Path Tracing Tile 1/4, Sample 0/512
Fra:1 Mem:35.13M (0.00M, Peak 37.38M) | Time:00:01.18 | Remaining:00:09.52 | Mem:13.93M, Peak:13.93M | Scene, RenderLayer | Path Tracing Tile 1/4, Sample 115/512
Fra:1 Mem:35.13M (0.00M, Peak 37.38M) | Time:00:02.18 | Remaining:00:08.48 | Mem:13.93M, Peak:13.93M | Scene, RenderLayer | Path Tracing Tile 1/4, Sample 230/512
Fra:1 Mem:35.13M (0.00M, Peak 37.38M) | Time:00:03.19 | Remaining:00:07.48 | Mem:13.93M, Peak:13.93M | Scene, RenderLayer | Path Tracing Tile 1/4, Sample 345/512
Fra:1 Mem:35.13M (0.00M, Peak 37.38M) | Time:00:04.19 | Remaining:00:06.49 | Mem:13.93M, Peak:13.93M | Scene, RenderLayer | Path Tracing Tile 1/4, Sample 459/512
Fra:1 Mem:32.88M (0.00M, Peak 37.38M) | Time:00:04.66 | Remaining:00:06.04 | Mem:11.68M, Peak:13.93M | Scene, RenderLayer | Path Tracing Tile 1/4, Sample 512/512
Fra:1 Mem:34.84M (0.00M, Peak 37.38M) | Time:00:04.67 | Remaining:00:06.04 | Mem:13.65M, Peak:13.93M | Scene, RenderLayer | Path Tracing Tile 2/4, Sample 512/512
Fra:1 Mem:34.84M (0.00M, Peak 37.38M) | Time:00:05.19 | Remaining:00:05.62 | Mem:13.65M, Peak:13.93M | Scene, RenderLayer | Path Tracing Tile 2/4, Sample 62/512
Fra:1 Mem:34.84M (0.00M, Peak 37.38M) | Time:00:06.19 | Remaining:00:04.78 | Mem:13.65M, Peak:13.93M | Scene, RenderLayer | Path Tracing Tile 2/4, Sample 179/512
Fra:1 Mem:34.84M (0.00M, Peak 37.38M) | Time:00:07.19 | Remaining:00:03.90 | Mem:13.65M, Peak:13.93M | Scene, RenderLayer | Path Tracing Tile 2/4, Sample 296/512
Fra:1 Mem:34.84M (0.00M, Peak 37.38M) | Time:00:08.20 | Remaining:00:03.00 | Mem:13.65M, Peak:13.93M | Scene, RenderLayer | Path Tracing Tile 2/4, Sample 413/512
Fra:1 Mem:32.88M (0.00M, Peak 37.38M) | Time:00:09.05 | Remaining:00:02.22 | Mem:11.68M, Peak:13.93M | Scene, RenderLayer | Path Tracing Tile 2/4, Sample 512/512
Fra:1 Mem:33.44M (0.00M, Peak 37.38M) | Time:00:09.05 | Remaining:00:02.22 | Mem:12.24M, Peak:13.93M | Scene, RenderLayer | Path Tracing Tile 3/4, Sample 512/512
Fra:1 Mem:33.44M (0.00M, Peak 37.38M) | Time:00:09.20 | Remaining:00:02.15 | Mem:12.24M, Peak:13.93M | Scene, RenderLayer | Path Tracing Tile 3/4, Sample 35/512
Fra:1 Mem:33.44M (0.00M, Peak 37.38M) | Time:00:10.20 | Remaining:00:01.66 | Mem:12.24M, Peak:13.93M | Scene, RenderLayer | Path Tracing Tile 3/4, Sample 278/512
Fra:1 Mem:32.88M (0.00M, Peak 37.38M) | Time:00:11.18 | Remaining:00:01.13 | Mem:11.68M, Peak:13.93M | Scene, RenderLayer | Path Tracing Tile 3/4, Sample 512/512
Fra:1 Mem:33.37M (0.00M, Peak 37.38M) | Time:00:11.18 | Remaining:00:01.13 | Mem:12.17M, Peak:13.93M | Scene, RenderLayer | Path Tracing Tile 4/4, Sample 512/512
Fra:1 Mem:33.37M (0.00M, Peak 37.38M) | Time:00:11.20 | Remaining:00:01.11 | Mem:12.17M, Peak:13.93M | Scene, RenderLayer | Path Tracing Tile 4/4, Sample 7/512
Fra:1 Mem:33.37M (0.00M, Peak 37.38M) | Time:00:12.20 | Remaining:00:00.55 | Mem:12.17M, Peak:13.93M | Scene, RenderLayer | Path Tracing Tile 4/4, Sample 272/512
Fra:1 Mem:32.88M (0.00M, Peak 37.38M) | Time:00:13.11 | Mem:11.68M, Peak:13.93M | Scene, RenderLayer | Path Tracing Tile 4/4, Sample 512/512
Fra:1 Mem:32.88M (0.00M, Peak 37.38M) | Time:00:13.11 | Mem:11.68M, Peak:13.93M | Scene, RenderLayer | Finished
Fra:1 Mem:15.58M (0.00M, Peak 37.38M) | Time:00:13.19 | Sce: Scene Ve:0 Fa:0 La:0
Saved: 'data/clevr-cleaned-puzzles/meeussen/render/images/CLEVR_val_000003.png'
 Time: 00:13.23 (Saving: 00:00.03)

read blend: /home/ubuntu/vdp-tool-chain/data/clevr_scene_data/base_scene.blend
convertViewVec: called in an invalid context
convertViewVec: called in an invalid context
convertViewVec: called in an invalid context
Fra:1 Mem:19.93M (0.00M, Peak 19.93M) | Time:00:00.00 | Preparing Scene data
Fra:1 Mem:30.07M (0.00M, Peak 32.22M) | Time:00:00.02 | Preparing Scene data
Fra:1 Mem:30.07M (0.00M, Peak 32.22M) | Time:00:00.02 | Creating Shadowbuffers
Fra:1 Mem:30.07M (0.00M, Peak 32.22M) | Time:00:00.02 | Raytree.. preparing
Fra:1 Mem:41.31M (0.00M, Peak 41.31M) | Time:00:00.03 | Raytree.. building
Fra:1 Mem:40.70M (0.00M, Peak 58.25M) | Time:00:00.21 | Raytree finished
Fra:1 Mem:40.70M (0.00M, Peak 58.25M) | Time:00:00.21 | Creating Environment maps
Fra:1 Mem:40.70M (0.00M, Peak 58.25M) | Time:00:00.21 | Caching Point Densities
Fra:1 Mem:40.70M (0.00M, Peak 58.25M) | Time:00:00.21 | Sce: Scene Ve:86022 Fa:81850 La:1
Fra:1 Mem:40.70M (0.00M, Peak 58.25M) | Time:00:00.21 | Loading voxel datasets
Fra:1 Mem:40.70M (0.00M, Peak 58.25M) | Time:00:00.21 | Sce: Scene Ve:86022 Fa:81850 La:1
Fra:1 Mem:40.71M (0.00M, Peak 58.25M) | Time:00:00.21 | Sce: Scene Ve:86022 Fa:81850 La:1
Fra:1 Mem:40.71M (0.00M, Peak 58.25M) | Time:00:00.21 | Volume preprocessing
Fra:1 Mem:40.71M (0.00M, Peak 58.25M) | Time:00:00.21 | Sce: Scene Ve:86022 Fa:81850 La:1
Fra:1 Mem:40.71M (0.00M, Peak 58.25M) | Time:00:00.21 | Sce: Scene Ve:86022 Fa:81850 La:1
Fra:1 Mem:45.05M (0.00M, Peak 58.25M) | Time:00:00.21 | Scene, Part 3-4
Fra:1 Mem:44.74M (0.00M, Peak 58.25M) | Time:00:00.21 | Scene, Part 4-4
Fra:1 Mem:43.71M (0.00M, Peak 58.25M) | Time:00:00.22 | Scene, Part 1-4
Fra:1 Mem:41.80M (0.00M, Peak 58.25M) | Time:00:00.22 | Scene, Part 2-4
Fra:1 Mem:19.82M (0.00M, Peak 58.25M) | Time:00:00.23 | Sce: Scene Ve:86022 Fa:81850 La:1
Saved: '/tmp/tmpairs2b6z.png'
 Time: 00:00.24 (Saving: 00:00.01)

Fra:1 Mem:19.85M (0.00M, Peak 20.44M) | Time:00:00.04 | Mem:0.00M, Peak:0.00M | Scene, RenderLayer | Synchronizing object | Area
Fra:1 Mem:19.85M (0.00M, Peak 20.44M) | Time:00:00.04 | Mem:0.00M, Peak:0.00M | Scene, RenderLayer | Synchronizing object | Ground
Fra:1 Mem:19.92M (0.00M, Peak 20.44M) | Time:00:00.04 | Mem:0.00M, Peak:0.00M | Scene, RenderLayer | Synchronizing object | Empty
Fra:1 Mem:19.92M (0.00M, Peak 20.44M) | Time:00:00.04 | Mem:0.00M, Peak:0.00M | Scene, RenderLayer | Synchronizing object | Lamp_Back
Fra:1 Mem:19.92M (0.00M, Peak 20.44M) | Time:00:00.04 | Mem:0.00M, Peak:0.00M | Scene, RenderLayer | Synchronizing object | Lamp_Fill
Fra:1 Mem:19.92M (0.00M, Peak 20.44M) | Time:00:00.04 | Mem:0.00M, Peak:0.00M | Scene, RenderLayer | Synchronizing object | Lamp_Key
Fra:1 Mem:19.92M (0.00M, Peak 20.44M) | Time:00:00.04 | Mem:0.00M, Peak:0.00M | Scene, RenderLayer | Synchronizing object | Camera
Fra:1 Mem:19.92M (0.00M, Peak 20.44M) | Time:00:00.04 | Mem:0.00M, Peak:0.00M | Scene, RenderLayer | Synchronizing object | Sphere_0
Fra:1 Mem:21.18M (0.00M, Peak 22.67M) | Time:00:00.05 | Mem:0.00M, Peak:0.00M | Scene, RenderLayer | Synchronizing object | SmoothCylinder_0
Fra:1 Mem:23.96M (0.00M, Peak 27.18M) | Time:00:00.06 | Mem:0.00M, Peak:0.00M | Scene, RenderLayer | Synchronizing object | SmoothCylinder_1
Fra:1 Mem:26.74M (0.00M, Peak 29.96M) | Time:00:00.07 | Mem:0.00M, Peak:0.00M | Scene, RenderLayer | Initializing
Fra:1 Mem:26.74M (0.00M, Peak 29.96M) | Time:00:00.07 | Mem:0.00M, Peak:0.00M | Scene, RenderLayer | Loading render kernels (may take a few minutes the first time)
Fra:1 Mem:26.74M (0.00M, Peak 29.96M) | Time:00:00.08 | Mem:0.00M, Peak:0.00M | Scene, RenderLayer | Waiting for render to start
Fra:1 Mem:26.74M (0.00M, Peak 29.96M) | Time:00:00.08 | Mem:0.00M, Peak:0.00M | Scene, RenderLayer | Updating Scene
Fra:1 Mem:26.74M (0.00M, Peak 29.96M) | Time:00:00.08 | Mem:0.00M, Peak:0.00M | Scene, RenderLayer | Updating Shaders
Fra:1 Mem:26.99M (0.00M, Peak 29.96M) | Time:00:00.08 | Mem:0.00M, Peak:0.00M | Scene, RenderLayer | Updating Background
Fra:1 Mem:26.99M (0.00M, Peak 29.96M) | Time:00:00.08 | Mem:0.00M, Peak:0.00M | Scene, RenderLayer | Updating Camera
Fra:1 Mem:26.99M (0.00M, Peak 29.96M) | Time:00:00.08 | Mem:0.00M, Peak:0.00M | Scene, RenderLayer | Updating Meshes Flags
Fra:1 Mem:26.99M (0.00M, Peak 29.96M) | Time:00:00.08 | Mem:0.00M, Peak:0.00M | Scene, RenderLayer | Updating Objects
Fra:1 Mem:26.99M (0.00M, Peak 29.96M) | Time:00:00.08 | Mem:0.00M, Peak:0.00M | Scene, RenderLayer | Updating Objects | Copying Transformations to device
Fra:1 Mem:26.99M (0.00M, Peak 29.96M) | Time:00:00.08 | Mem:0.00M, Peak:0.00M | Scene, RenderLayer | Updating Objects | Applying Static Transformations
Fra:1 Mem:26.99M (0.00M, Peak 29.96M) | Time:00:00.08 | Mem:0.00M, Peak:0.00M | Scene, RenderLayer | Updating Meshes
Fra:1 Mem:29.50M (0.00M, Peak 29.96M) | Time:00:00.09 | Mem:0.00M, Peak:0.00M | Scene, RenderLayer | Updating Mesh | Computing attributes
Fra:1 Mem:29.50M (0.00M, Peak 29.96M) | Time:00:00.09 | Mem:0.00M, Peak:0.00M | Scene, RenderLayer | Updating Mesh | Copying Attributes to device
Fra:1 Mem:29.50M (0.00M, Peak 29.96M) | Time:00:00.09 | Mem:0.00M, Peak:0.00M | Scene, RenderLayer | Updating Scene BVH | Building
Fra:1 Mem:29.50M (0.00M, Peak 29.96M) | Time:00:00.09 | Mem:0.00M, Peak:0.00M | Scene, RenderLayer | Updating Scene BVH | Building BVH
Fra:1 Mem:38.90M (0.00M, Peak 38.90M) | Time:00:00.20 | Mem:0.00M, Peak:0.00M | Scene, RenderLayer | Updating Scene BVH | Packing BVH triangles and strands
Fra:1 Mem:47.68M (0.00M, Peak 47.68M) | Time:00:00.21 | Mem:0.00M, Peak:0.00M | Scene, RenderLayer | Updating Scene BVH | Packing BVH nodes
Fra:1 Mem:42.83M (0.00M, Peak 50.36M) | Time:00:00.22 | Mem:0.00M, Peak:0.00M | Scene, RenderLayer | Updating Scene BVH | Copying BVH to device
Fra:1 Mem:43.46M (0.00M, Peak 50.36M) | Time:00:00.22 | Mem:13.33M, Peak:13.33M | Scene, RenderLayer | Updating Mesh | Computing normals
Fra:1 Mem:49.21M (0.00M, Peak 50.36M) | Time:00:00.23 | Mem:13.33M, Peak:13.33M | Scene, RenderLayer | Updating Mesh | Copying Mesh to device
Fra:1 Mem:48.58M (0.00M, Peak 50.36M) | Time:00:00.23 | Mem:19.09M, Peak:19.09M | Scene, RenderLayer | Updating Objects Flags
Fra:1 Mem:48.58M (0.00M, Peak 50.36M) | Time:00:00.23 | Mem:19.09M, Peak:19.09M | Scene, RenderLayer | Updating Images
Fra:1 Mem:48.58M (0.00M, Peak 50.36M) | Time:00:00.23 | Mem:19.09M, Peak:19.09M | Scene, RenderLayer | Updating Camera Volume
Fra:1 Mem:48.58M (0.00M, Peak 50.36M) | Time:00:00.23 | Mem:19.09M, Peak:19.09M | Scene, RenderLayer | Updating Hair Systems
Fra:1 Mem:48.58M (0.00M, Peak 50.36M) | Time:00:00.23 | Mem:19.09M, Peak:19.09M | Scene, RenderLayer | Updating Hair settings | Copying Hair settings to device
Fra:1 Mem:48.58M (0.00M, Peak 50.36M) | Time:00:00.23 | Mem:19.09M, Peak:19.09M | Scene, RenderLayer | Updating Lookup Tables
Fra:1 Mem:48.58M (0.00M, Peak 50.36M) | Time:00:00.23 | Mem:19.34M, Peak:19.34M | Scene, RenderLayer | Updating Lights
Fra:1 Mem:48.58M (0.00M, Peak 50.36M) | Time:00:00.23 | Mem:19.34M, Peak:19.34M | Scene, RenderLayer | Updating Lights | Computing distribution
Fra:1 Mem:48.58M (0.00M, Peak 50.36M) | Time:00:00.23 | Mem:19.34M, Peak:19.34M | Scene, RenderLayer | Updating Particle Systems
Fra:1 Mem:48.58M (0.00M, Peak 50.36M) | Time:00:00.23 | Mem:19.34M, Peak:19.34M | Scene, RenderLayer | Updating Particle Systems | Copying Particles to device
Fra:1 Mem:48.58M (0.00M, Peak 50.36M) | Time:00:00.23 | Mem:19.34M, Peak:19.34M | Scene, RenderLayer | Updating Integrator
Fra:1 Mem:48.62M (0.00M, Peak 50.36M) | Time:00:00.23 | Mem:19.38M, Peak:19.38M | Scene, RenderLayer | Updating Film
Fra:1 Mem:48.63M (0.00M, Peak 50.36M) | Time:00:00.23 | Mem:19.38M, Peak:19.38M | Scene, RenderLayer | Updating Lookup Tables
Fra:1 Mem:48.63M (0.00M, Peak 50.36M) | Time:00:00.23 | Mem:19.38M, Peak:19.38M | Scene, RenderLayer | Updating Baking
Fra:1 Mem:48.63M (0.00M, Peak 50.36M) | Time:00:00.23 | Mem:19.38M, Peak:19.38M | Scene, RenderLayer | Updating Device | Writing constant memory
Fra:1 Mem:48.63M (0.00M, Peak 50.36M) | Time:00:00.23 | Mem:19.38M, Peak:19.38M | Scene, RenderLayer | Path Tracing Tile 0/4, Sample 0/512
Fra:1 Mem:50.88M (0.00M, Peak 52.13M) | Time:00:00.23 | Mem:21.63M, Peak:21.63M | Scene, RenderLayer | Path Tracing Tile 1/4, Sample 0/512
Fra:1 Mem:50.88M (0.00M, Peak 53.13M) | Time:00:01.24 | Remaining:00:11.31 | Mem:21.63M, Peak:21.63M | Scene, RenderLayer | Path Tracing Tile 1/4, Sample 98/512
Fra:1 Mem:50.88M (0.00M, Peak 53.13M) | Time:00:02.24 | Remaining:00:10.28 | Mem:21.63M, Peak:21.63M | Scene, RenderLayer | Path Tracing Tile 1/4, Sample 196/512
Fra:1 Mem:50.88M (0.00M, Peak 53.13M) | Time:00:03.24 | Remaining:00:09.26 | Mem:21.63M, Peak:21.63M | Scene, RenderLayer | Path Tracing Tile 1/4, Sample 294/512
Fra:1 Mem:50.88M (0.00M, Peak 53.13M) | Time:00:04.24 | Remaining:00:08.27 | Mem:21.63M, Peak:21.63M | Scene, RenderLayer | Path Tracing Tile 1/4, Sample 392/512
Fra:1 Mem:50.88M (0.00M, Peak 53.13M) | Time:00:05.25 | Remaining:00:07.27 | Mem:21.63M, Peak:21.63M | Scene, RenderLayer | Path Tracing Tile 1/4, Sample 490/512
Fra:1 Mem:48.63M (0.00M, Peak 53.13M) | Time:00:05.48 | Remaining:00:07.05 | Mem:19.38M, Peak:21.63M | Scene, RenderLayer | Path Tracing Tile 1/4, Sample 512/512
Fra:1 Mem:50.60M (0.00M, Peak 53.13M) | Time:00:05.48 | Remaining:00:07.06 | Mem:21.35M, Peak:21.63M | Scene, RenderLayer | Path Tracing Tile 2/4, Sample 512/512
Fra:1 Mem:50.60M (0.00M, Peak 53.13M) | Time:00:06.26 | Remaining:00:06.21 | Mem:21.35M, Peak:21.63M | Scene, RenderLayer | Path Tracing Tile 2/4, Sample 90/512
Fra:1 Mem:50.60M (0.00M, Peak 53.13M) | Time:00:07.26 | Remaining:00:05.14 | Mem:21.35M, Peak:21.63M | Scene, RenderLayer | Path Tracing Tile 2/4, Sample 207/512
Fra:1 Mem:50.60M (0.00M, Peak 53.13M) | Time:00:08.27 | Remaining:00:04.09 | Mem:21.35M, Peak:21.63M | Scene, RenderLayer | Path Tracing Tile 2/4, Sample 323/512
Fra:1 Mem:50.60M (0.00M, Peak 53.13M) | Time:00:09.27 | Remaining:00:03.06 | Mem:21.35M, Peak:21.63M | Scene, RenderLayer | Path Tracing Tile 2/4, Sample 439/512
Fra:1 Mem:48.63M (0.00M, Peak 53.13M) | Time:00:09.91 | Remaining:00:02.42 | Mem:19.38M, Peak:21.63M | Scene, RenderLayer | Path Tracing Tile 2/4, Sample 512/512
Fra:1 Mem:49.19M (0.00M, Peak 53.13M) | Time:00:09.91 | Remaining:00:02.42 | Mem:19.94M, Peak:21.63M | Scene, RenderLayer | Path Tracing Tile 3/4, Sample 512/512
Fra:1 Mem:49.19M (0.00M, Peak 53.13M) | Time:00:10.28 | Remaining:00:02.23 | Mem:19.94M, Peak:21.63M | Scene, RenderLayer | Path Tracing Tile 3/4, Sample 87/512
Fra:1 Mem:49.19M (0.00M, Peak 53.13M) | Time:00:11.28 | Remaining:00:01.68 | Mem:19.94M, Peak:21.63M | Scene, RenderLayer | Path Tracing Tile 3/4, Sample 326/512
Fra:1 Mem:48.63M (0.00M, Peak 53.13M) | Time:00:12.06 | Remaining:00:01.21 | Mem:19.38M, Peak:21.63M | Scene, RenderLayer | Path Tracing Tile 3/4, Sample 512/512
Fra:1 Mem:49.12M (0.00M, Peak 53.13M) | Time:00:12.06 | Remaining:00:01.21 | Mem:19.87M, Peak:21.63M | Scene, RenderLayer | Path Tracing Tile 4/4, Sample 512/512
Fra:1 Mem:49.12M (0.00M, Peak 53.13M) | Time:00:12.28 | Remaining:00:01.09 | Mem:19.87M, Peak:21.63M | Scene, RenderLayer | Path Tracing Tile 4/4, Sample 56/512
Fra:1 Mem:49.12M (0.00M, Peak 53.13M) | Time:00:13.28 | Remaining:00:00.48 | Mem:19.87M, Peak:21.63M | Scene, RenderLayer | Path Tracing Tile 4/4, Sample 314/512
Fra:1 Mem:48.63M (0.00M, Peak 53.13M) | Time:00:14.06 | Mem:19.38M, Peak:21.63M | Scene, RenderLayer | Path Tracing Tile 4/4, Sample 512/512
Fra:1 Mem:48.63M (0.00M, Peak 53.13M) | Time:00:14.06 | Mem:19.38M, Peak:21.63M | Scene, RenderLayer | Finished
Fra:1 Mem:19.84M (0.00M, Peak 53.13M) | Time:00:14.14 | Sce: Scene Ve:0 Fa:0 La:0
Saved: 'data/clevr-cleaned-puzzles/meeussen/render/images/CLEVR_val_000004.png'
 Time: 00:14.18 (Saving: 00:00.03)

read blend: /home/ubuntu/vdp-tool-chain/data/clevr_scene_data/base_scene.blend
convertViewVec: called in an invalid context
convertViewVec: called in an invalid context
convertViewVec: called in an invalid context
Fra:1 Mem:19.93M (0.00M, Peak 19.93M) | Time:00:00.00 | Preparing Scene data
Fra:1 Mem:30.07M (0.00M, Peak 32.22M) | Time:00:00.02 | Preparing Scene data
Fra:1 Mem:30.07M (0.00M, Peak 32.22M) | Time:00:00.02 | Creating Shadowbuffers
Fra:1 Mem:30.07M (0.00M, Peak 32.22M) | Time:00:00.02 | Raytree.. preparing
Fra:1 Mem:41.31M (0.00M, Peak 41.31M) | Time:00:00.03 | Raytree.. building
Fra:1 Mem:40.70M (0.00M, Peak 58.25M) | Time:00:00.21 | Raytree finished
Fra:1 Mem:40.70M (0.00M, Peak 58.25M) | Time:00:00.21 | Creating Environment maps
Fra:1 Mem:40.70M (0.00M, Peak 58.25M) | Time:00:00.21 | Caching Point Densities
Fra:1 Mem:40.70M (0.00M, Peak 58.25M) | Time:00:00.21 | Sce: Scene Ve:86022 Fa:81853 La:1
Fra:1 Mem:40.70M (0.00M, Peak 58.25M) | Time:00:00.21 | Loading voxel datasets
Fra:1 Mem:40.70M (0.00M, Peak 58.25M) | Time:00:00.21 | Sce: Scene Ve:86022 Fa:81853 La:1
Fra:1 Mem:40.71M (0.00M, Peak 58.25M) | Time:00:00.21 | Sce: Scene Ve:86022 Fa:81853 La:1
Fra:1 Mem:40.71M (0.00M, Peak 58.25M) | Time:00:00.21 | Volume preprocessing
Fra:1 Mem:40.71M (0.00M, Peak 58.25M) | Time:00:00.21 | Sce: Scene Ve:86022 Fa:81853 La:1
Fra:1 Mem:40.71M (0.00M, Peak 58.25M) | Time:00:00.21 | Sce: Scene Ve:86022 Fa:81853 La:1
Fra:1 Mem:44.74M (0.00M, Peak 58.25M) | Time:00:00.21 | Scene, Part 4-4
Fra:1 Mem:44.77M (0.00M, Peak 58.25M) | Time:00:00.22 | Scene, Part 3-4
Fra:1 Mem:43.71M (0.00M, Peak 58.25M) | Time:00:00.22 | Scene, Part 1-4
Fra:1 Mem:41.80M (0.00M, Peak 58.25M) | Time:00:00.23 | Scene, Part 2-4
Fra:1 Mem:19.82M (0.00M, Peak 58.25M) | Time:00:00.23 | Sce: Scene Ve:86022 Fa:81853 La:1
Saved: '/tmp/tmp1n9wltwy.png'
 Time: 00:00.25 (Saving: 00:00.01)

Fra:1 Mem:19.85M (0.00M, Peak 20.45M) | Time:00:00.04 | Mem:0.00M, Peak:0.00M | Scene, RenderLayer | Synchronizing object | Area
Fra:1 Mem:19.85M (0.00M, Peak 20.45M) | Time:00:00.04 | Mem:0.00M, Peak:0.00M | Scene, RenderLayer | Synchronizing object | Ground
Fra:1 Mem:19.92M (0.00M, Peak 20.45M) | Time:00:00.04 | Mem:0.00M, Peak:0.00M | Scene, RenderLayer | Synchronizing object | Empty
Fra:1 Mem:19.92M (0.00M, Peak 20.45M) | Time:00:00.04 | Mem:0.00M, Peak:0.00M | Scene, RenderLayer | Synchronizing object | Lamp_Back
Fra:1 Mem:19.92M (0.00M, Peak 20.45M) | Time:00:00.04 | Mem:0.00M, Peak:0.00M | Scene, RenderLayer | Synchronizing object | Lamp_Fill
Fra:1 Mem:19.92M (0.00M, Peak 20.45M) | Time:00:00.04 | Mem:0.00M, Peak:0.00M | Scene, RenderLayer | Synchronizing object | Lamp_Key
Fra:1 Mem:19.92M (0.00M, Peak 20.45M) | Time:00:00.04 | Mem:0.00M, Peak:0.00M | Scene, RenderLayer | Synchronizing object | Camera
Fra:1 Mem:19.92M (0.00M, Peak 20.45M) | Time:00:00.04 | Mem:0.00M, Peak:0.00M | Scene, RenderLayer | Synchronizing object | Sphere_0
Fra:1 Mem:21.41M (0.00M, Peak 22.85M) | Time:00:00.05 | Mem:0.00M, Peak:0.00M | Scene, RenderLayer | Synchronizing object | SmoothCylinder_0
Fra:1 Mem:24.19M (0.00M, Peak 27.41M) | Time:00:00.06 | Mem:0.00M, Peak:0.00M | Scene, RenderLayer | Synchronizing object | SmoothCylinder_1
Fra:1 Mem:27.51M (0.00M, Peak 30.60M) | Time:00:00.07 | Mem:0.00M, Peak:0.00M | Scene, RenderLayer | Initializing
Fra:1 Mem:27.51M (0.00M, Peak 30.60M) | Time:00:00.07 | Mem:0.00M, Peak:0.00M | Scene, RenderLayer | Loading render kernels (may take a few minutes the first time)
Fra:1 Mem:27.51M (0.00M, Peak 30.60M) | Time:00:00.08 | Mem:0.00M, Peak:0.00M | Scene, RenderLayer | Waiting for render to start
Fra:1 Mem:27.51M (0.00M, Peak 30.60M) | Time:00:00.08 | Mem:0.00M, Peak:0.00M | Scene, RenderLayer | Updating Scene
Fra:1 Mem:27.51M (0.00M, Peak 30.60M) | Time:00:00.08 | Mem:0.00M, Peak:0.00M | Scene, RenderLayer | Updating Shaders
Fra:1 Mem:27.77M (0.00M, Peak 30.60M) | Time:00:00.08 | Mem:0.00M, Peak:0.00M | Scene, RenderLayer | Updating Background
Fra:1 Mem:27.77M (0.00M, Peak 30.60M) | Time:00:00.08 | Mem:0.00M, Peak:0.00M | Scene, RenderLayer | Updating Camera
Fra:1 Mem:27.77M (0.00M, Peak 30.60M) | Time:00:00.08 | Mem:0.00M, Peak:0.00M | Scene, RenderLayer | Updating Meshes Flags
Fra:1 Mem:27.77M (0.00M, Peak 30.60M) | Time:00:00.08 | Mem:0.00M, Peak:0.00M | Scene, RenderLayer | Updating Objects
Fra:1 Mem:27.77M (0.00M, Peak 30.60M) | Time:00:00.08 | Mem:0.00M, Peak:0.00M | Scene, RenderLayer | Updating Objects | Copying Transformations to device
Fra:1 Mem:27.77M (0.00M, Peak 30.60M) | Time:00:00.09 | Mem:0.00M, Peak:0.00M | Scene, RenderLayer | Updating Objects | Applying Static Transformations
Fra:1 Mem:27.77M (0.00M, Peak 30.60M) | Time:00:00.09 | Mem:0.00M, Peak:0.00M | Scene, RenderLayer | Updating Meshes
Fra:1 Mem:30.27M (0.00M, Peak 30.60M) | Time:00:00.09 | Mem:0.00M, Peak:0.00M | Scene, RenderLayer | Updating Mesh | Computing attributes
Fra:1 Mem:31.05M (0.00M, Peak 31.05M) | Time:00:00.09 | Mem:0.00M, Peak:0.00M | Scene, RenderLayer | Updating Mesh | Copying Attributes to device
Fra:1 Mem:31.05M (0.00M, Peak 31.82M) | Time:00:00.09 | Mem:0.78M, Peak:0.78M | Scene, RenderLayer | Updating Scene BVH | Building
Fra:1 Mem:31.05M (0.00M, Peak 31.82M) | Time:00:00.09 | Mem:0.78M, Peak:0.78M | Scene, RenderLayer | Updating Scene BVH | Building BVH
Fra:1 Mem:40.45M (0.00M, Peak 40.45M) | Time:00:00.20 | Mem:0.78M, Peak:0.78M | Scene, RenderLayer | Updating Scene BVH | Packing BVH triangles and strands
Fra:1 Mem:49.23M (0.00M, Peak 49.23M) | Time:00:00.21 | Mem:0.78M, Peak:0.78M | Scene, RenderLayer | Updating Scene BVH | Packing BVH nodes
Fra:1 Mem:44.37M (0.00M, Peak 51.89M) | Time:00:00.22 | Mem:0.78M, Peak:0.78M | Scene, RenderLayer | Updating Scene BVH | Copying BVH to device
Fra:1 Mem:44.99M (0.00M, Peak 51.89M) | Time:00:00.23 | Mem:14.10M, Peak:14.10M | Scene, RenderLayer | Updating Mesh | Computing normals
Fra:1 Mem:50.75M (0.00M, Peak 51.89M) | Time:00:00.23 | Mem:14.10M, Peak:14.10M | Scene, RenderLayer | Updating Mesh | Copying Mesh to device
Fra:1 Mem:50.12M (0.00M, Peak 51.89M) | Time:00:00.23 | Mem:19.85M, Peak:19.85M | Scene, RenderLayer | Updating Objects Flags
Fra:1 Mem:50.12M (0.00M, Peak 51.89M) | Time:00:00.23 | Mem:19.85M, Peak:19.85M | Scene, RenderLayer | Updating Images
Fra:1 Mem:50.12M (0.00M, Peak 51.89M) | Time:00:00.23 | Mem:19.85M, Peak:19.85M | Scene, RenderLayer | Updating Camera Volume
Fra:1 Mem:50.12M (0.00M, Peak 51.89M) | Time:00:00.23 | Mem:19.85M, Peak:19.85M | Scene, RenderLayer | Updating Hair Systems
Fra:1 Mem:50.12M (0.00M, Peak 51.89M) | Time:00:00.23 | Mem:19.85M, Peak:19.85M | Scene, RenderLayer | Updating Hair settings | Copying Hair settings to device
Fra:1 Mem:50.12M (0.00M, Peak 51.89M) | Time:00:00.23 | Mem:19.85M, Peak:19.85M | Scene, RenderLayer | Updating Lookup Tables
Fra:1 Mem:50.12M (0.00M, Peak 51.89M) | Time:00:00.23 | Mem:20.10M, Peak:20.10M | Scene, RenderLayer | Updating Lights
Fra:1 Mem:50.12M (0.00M, Peak 51.89M) | Time:00:00.23 | Mem:20.10M, Peak:20.10M | Scene, RenderLayer | Updating Lights | Computing distribution
Fra:1 Mem:50.12M (0.00M, Peak 51.89M) | Time:00:00.23 | Mem:20.10M, Peak:20.10M | Scene, RenderLayer | Updating Particle Systems
Fra:1 Mem:50.12M (0.00M, Peak 51.89M) | Time:00:00.23 | Mem:20.10M, Peak:20.10M | Scene, RenderLayer | Updating Particle Systems | Copying Particles to device
Fra:1 Mem:50.12M (0.00M, Peak 51.89M) | Time:00:00.23 | Mem:20.10M, Peak:20.10M | Scene, RenderLayer | Updating Integrator
Fra:1 Mem:50.16M (0.00M, Peak 51.89M) | Time:00:00.23 | Mem:20.14M, Peak:20.14M | Scene, RenderLayer | Updating Film
Fra:1 Mem:50.16M (0.00M, Peak 51.89M) | Time:00:00.23 | Mem:20.14M, Peak:20.14M | Scene, RenderLayer | Updating Lookup Tables
Fra:1 Mem:50.16M (0.00M, Peak 51.89M) | Time:00:00.23 | Mem:20.14M, Peak:20.14M | Scene, RenderLayer | Updating Baking
Fra:1 Mem:50.16M (0.00M, Peak 51.89M) | Time:00:00.23 | Mem:20.14M, Peak:20.14M | Scene, RenderLayer | Updating Device | Writing constant memory
Fra:1 Mem:50.16M (0.00M, Peak 51.89M) | Time:00:00.23 | Mem:20.14M, Peak:20.14M | Scene, RenderLayer | Path Tracing Tile 0/4, Sample 0/512
Fra:1 Mem:52.41M (0.00M, Peak 53.66M) | Time:00:00.24 | Mem:22.39M, Peak:22.39M | Scene, RenderLayer | Path Tracing Tile 1/4, Sample 0/512
Fra:1 Mem:52.41M (0.00M, Peak 54.66M) | Time:00:01.24 | Remaining:00:12.40 | Mem:22.39M, Peak:22.39M | Scene, RenderLayer | Path Tracing Tile 1/4, Sample 90/512
Fra:1 Mem:52.41M (0.00M, Peak 54.66M) | Time:00:02.24 | Remaining:00:11.38 | Mem:22.39M, Peak:22.39M | Scene, RenderLayer | Path Tracing Tile 1/4, Sample 180/512
Fra:1 Mem:52.41M (0.00M, Peak 54.66M) | Time:00:03.24 | Remaining:00:10.36 | Mem:22.39M, Peak:22.39M | Scene, RenderLayer | Path Tracing Tile 1/4, Sample 270/512
Fra:1 Mem:52.41M (0.00M, Peak 54.66M) | Time:00:04.24 | Remaining:00:09.36 | Mem:22.39M, Peak:22.39M | Scene, RenderLayer | Path Tracing Tile 1/4, Sample 360/512
Fra:1 Mem:52.41M (0.00M, Peak 54.66M) | Time:00:05.25 | Remaining:00:08.36 | Mem:22.39M, Peak:22.39M | Scene, RenderLayer | Path Tracing Tile 1/4, Sample 450/512
Fra:1 Mem:50.16M (0.00M, Peak 54.66M) | Time:00:05.95 | Remaining:00:07.68 | Mem:20.14M, Peak:22.39M | Scene, RenderLayer | Path Tracing Tile 1/4, Sample 512/512
Fra:1 Mem:52.13M (0.00M, Peak 54.66M) | Time:00:05.95 | Remaining:00:07.68 | Mem:22.11M, Peak:22.39M | Scene, RenderLayer | Path Tracing Tile 2/4, Sample 512/512
Fra:1 Mem:52.13M (0.00M, Peak 54.66M) | Time:00:06.26 | Remaining:00:07.34 | Mem:22.11M, Peak:22.39M | Scene, RenderLayer | Path Tracing Tile 2/4, Sample 33/512
Fra:1 Mem:52.13M (0.00M, Peak 54.66M) | Time:00:07.26 | Remaining:00:06.26 | Mem:22.11M, Peak:22.39M | Scene, RenderLayer | Path Tracing Tile 2/4, Sample 140/512
Fra:1 Mem:52.13M (0.00M, Peak 54.66M) | Time:00:08.26 | Remaining:00:05.20 | Mem:22.11M, Peak:22.39M | Scene, RenderLayer | Path Tracing Tile 2/4, Sample 247/512
Fra:1 Mem:52.13M (0.00M, Peak 54.66M) | Time:00:09.27 | Remaining:00:04.15 | Mem:22.11M, Peak:22.39M | Scene, RenderLayer | Path Tracing Tile 2/4, Sample 354/512
Fra:1 Mem:52.13M (0.00M, Peak 54.66M) | Time:00:10.27 | Remaining:00:03.12 | Mem:22.11M, Peak:22.39M | Scene, RenderLayer | Path Tracing Tile 2/4, Sample 461/512
Fra:1 Mem:50.16M (0.00M, Peak 54.66M) | Time:00:10.76 | Remaining:00:02.63 | Mem:20.14M, Peak:22.39M | Scene, RenderLayer | Path Tracing Tile 2/4, Sample 512/512
Fra:1 Mem:50.73M (0.00M, Peak 54.66M) | Time:00:10.76 | Remaining:00:02.63 | Mem:20.70M, Peak:22.39M | Scene, RenderLayer | Path Tracing Tile 3/4, Sample 512/512
Fra:1 Mem:50.73M (0.00M, Peak 54.66M) | Time:00:11.27 | Remaining:00:02.33 | Mem:20.70M, Peak:22.39M | Scene, RenderLayer | Path Tracing Tile 3/4, Sample 122/512
Fra:1 Mem:50.73M (0.00M, Peak 54.66M) | Time:00:12.28 | Remaining:00:01.73 | Mem:20.70M, Peak:22.39M | Scene, RenderLayer | Path Tracing Tile 3/4, Sample 357/512
Fra:1 Mem:50.16M (0.00M, Peak 54.66M) | Time:00:12.95 | Remaining:00:01.30 | Mem:20.14M, Peak:22.39M | Scene, RenderLayer | Path Tracing Tile 3/4, Sample 512/512
Fra:1 Mem:50.66M (0.00M, Peak 54.66M) | Time:00:12.95 | Remaining:00:01.30 | Mem:20.63M, Peak:22.39M | Scene, RenderLayer | Path Tracing Tile 4/4, Sample 512/512
Fra:1 Mem:50.66M (0.00M, Peak 54.66M) | Time:00:13.28 | Remaining:00:01.10 | Mem:20.63M, Peak:22.39M | Scene, RenderLayer | Path Tracing Tile 4/4, Sample 85/512
Fra:1 Mem:50.66M (0.00M, Peak 54.66M) | Time:00:14.28 | Remaining:00:00.45 | Mem:20.63M, Peak:22.39M | Scene, RenderLayer | Path Tracing Tile 4/4, Sample 339/512
Fra:1 Mem:50.16M (0.00M, Peak 54.66M) | Time:00:14.97 | Mem:20.14M, Peak:22.39M | Scene, RenderLayer | Path Tracing Tile 4/4, Sample 512/512
Fra:1 Mem:50.16M (0.00M, Peak 54.66M) | Time:00:14.97 | Mem:20.14M, Peak:22.39M | Scene, RenderLayer | Finished
Fra:1 Mem:19.84M (0.00M, Peak 54.66M) | Time:00:15.05 | Sce: Scene Ve:0 Fa:0 La:0
Saved: 'data/clevr-cleaned-puzzles/meeussen/render/images/CLEVR_val_000005.png'
 Time: 00:15.09 (Saving: 00:00.04)


Blender quit

INFO test_net.py:  81: Called with args:
INFO test_net.py:  82: Namespace(cfg_file='clevr_inference/scene_parse/mask_rcnn/configs/baselines/e2e_mask_rcnn_R-50-FPN_1x.yaml', clevr_comp_cat=1, dataset='clevr_original_val', grab_conv=False, images_dir='data/clevr-cleaned-puzzles/meeussen/render/images', load_ckpt='/home/ubuntu/vdp-tool-chain/data/ns-vqa-data/pretrained/object_detector.pt', load_detectron=None, multi_gpu_testing=False, name=None, output_dir='data/clevr-cleaned-puzzles/meeussen/infer/mask_rcnn', range=None, rendersummary_path='data/clevr-cleaned-puzzles/meeussen/render/summary.json', set_cfgs=[], vis=False)
INFO test_net.py: 125: Testing with config:
INFO test_net.py: 126: {'BBOX_XFORM_CLIP': 4.135166556742356,
 'CLEVR': {'COMP_CAT': True},
 'CROP_RESIZE_WITH_MAX_POOL': True,
 'CUDA': False,
 'DATA_DIR': '/home/ubuntu/vdp-tool-chain/data/ns-vqa-data/mask_rcnn',
 'DATA_LOADER': {'NUM_THREADS': 4},
 'DEBUG': False,
 'DEDUP_BOXES': 0.0625,
 'EPS': 1e-14,
 'EXPECTED_RESULTS': [],
 'EXPECTED_RESULTS_ATOL': 0.005,
 'EXPECTED_RESULTS_EMAIL': '',
 'EXPECTED_RESULTS_RTOL': 0.1,
 'FAST_RCNN': {'CONV_HEAD_DIM': 256,
               'MLP_HEAD_DIM': 1024,
               'NUM_STACKED_CONVS': 4,
               'ROI_BOX_HEAD': 'fast_rcnn_heads.roi_2mlp_head',
               'ROI_XFORM_METHOD': 'RoIAlign',
               'ROI_XFORM_RESOLUTION': 7,
               'ROI_XFORM_SAMPLING_RATIO': 2},
 'FPN': {'COARSEST_STRIDE': 32,
         'DIM': 256,
         'EXTRA_CONV_LEVELS': False,
         'FPN_ON': True,
         'MULTILEVEL_ROIS': True,
         'MULTILEVEL_RPN': True,
         'ROI_CANONICAL_LEVEL': 4,
         'ROI_CANONICAL_SCALE': 224,
         'ROI_MAX_LEVEL': 5,
         'ROI_MIN_LEVEL': 2,
         'RPN_ANCHOR_START_SIZE': 32,
         'RPN_ASPECT_RATIOS': (0.5, 1, 2),
         'RPN_COLLECT_SCALE': 1,
         'RPN_MAX_LEVEL': 6,
         'RPN_MIN_LEVEL': 2,
         'USE_GN': False,
         'ZERO_INIT_LATERAL': False},
 'GROUP_NORM': {'DIM_PER_GP': -1, 'EPSILON': 1e-05, 'NUM_GROUPS': 32},
 'KRCNN': {'CONV_HEAD_DIM': 256,
           'CONV_HEAD_KERNEL': 3,
           'CONV_INIT': 'GaussianFill',
           'DECONV_DIM': 256,
           'DECONV_KERNEL': 4,
           'DILATION': 1,
           'HEATMAP_SIZE': -1,
           'INFERENCE_MIN_SIZE': 0,
           'KEYPOINT_CONFIDENCE': 'bbox',
           'LOSS_WEIGHT': 1.0,
           'MIN_KEYPOINT_COUNT_FOR_VALID_MINIBATCH': 20,
           'NMS_OKS': False,
           'NORMALIZE_BY_VISIBLE_KEYPOINTS': True,
           'NUM_KEYPOINTS': -1,
           'NUM_STACKED_CONVS': 8,
           'ROI_KEYPOINTS_HEAD': '',
           'ROI_XFORM_METHOD': 'RoIAlign',
           'ROI_XFORM_RESOLUTION': 7,
           'ROI_XFORM_SAMPLING_RATIO': 0,
           'UP_SCALE': -1,
           'USE_DECONV': False,
           'USE_DECONV_OUTPUT': False},
 'MATLAB': 'matlab',
 'MODEL': {'BBOX_REG_WEIGHTS': (10.0, 10.0, 5.0, 5.0),
           'CLS_AGNOSTIC_BBOX_REG': False,
           'CONV_BODY': 'FPN.fpn_ResNet50_conv5_body',
           'FASTER_RCNN': True,
           'KEYPOINTS_ON': False,
           'LOAD_IMAGENET_PRETRAINED_WEIGHTS': True,
           'MASK_ON': True,
           'NUM_CLASSES': 49,
           'RPN_ONLY': False,
           'SHARE_RES5': False,
           'TYPE': 'generalized_rcnn',
           'UNSUPERVISED_POSE': False},
 'MRCNN': {'CLS_SPECIFIC_MASK': True,
           'CONV_INIT': 'MSRAFill',
           'DILATION': 1,
           'DIM_REDUCED': 256,
           'MEMORY_EFFICIENT_LOSS': True,
           'RESOLUTION': 28,
           'ROI_MASK_HEAD': 'mask_rcnn_heads.mask_rcnn_fcn_head_v1up4convs',
           'ROI_XFORM_METHOD': 'RoIAlign',
           'ROI_XFORM_RESOLUTION': 14,
           'ROI_XFORM_SAMPLING_RATIO': 2,
           'THRESH_BINARIZE': 0.5,
           'UPSAMPLE_RATIO': 1,
           'USE_FC_OUTPUT': False,
           'WEIGHT_LOSS_MASK': 1.0},
 'NUM_GPUS': 8,
 'OUTPUT_DIR': 'Outputs',
 'PIXEL_MEANS': array([[[102.9801, 115.9465, 122.7717]]]),
 'POOLING_MODE': 'crop',
 'POOLING_SIZE': 7,
 'PYTORCH_VERSION_LESS_THAN_040': False,
 'RESNETS': {'FREEZE_AT': 2,
             'IMAGENET_PRETRAINED_WEIGHTS': 'pretrained_model/resnet50_caffe.pth',
             'NUM_GROUPS': 1,
             'RES5_DILATION': 1,
             'SHORTCUT_FUNC': 'basic_bn_shortcut',
             'STEM_FUNC': 'basic_bn_stem',
             'STRIDE_1X1': True,
             'TRANS_FUNC': 'bottleneck_transformation',
             'USE_GN': False,
             'WIDTH_PER_GROUP': 64},
 'RETINANET': {'ANCHOR_SCALE': 4,
               'ASPECT_RATIOS': (0.5, 1.0, 2.0),
               'BBOX_REG_BETA': 0.11,
               'BBOX_REG_WEIGHT': 1.0,
               'CLASS_SPECIFIC_BBOX': False,
               'INFERENCE_TH': 0.05,
               'LOSS_ALPHA': 0.25,
               'LOSS_GAMMA': 2.0,
               'NEGATIVE_OVERLAP': 0.4,
               'NUM_CONVS': 4,
               'POSITIVE_OVERLAP': 0.5,
               'PRE_NMS_TOP_N': 1000,
               'PRIOR_PROB': 0.01,
               'RETINANET_ON': False,
               'SCALES_PER_OCTAVE': 3,
               'SHARE_CLS_BBOX_TOWER': False,
               'SOFTMAX': False},
 'RFCN': {'PS_GRID_SIZE': 3},
 'RNG_SEED': 3,
 'ROOT_DIR': '/home/ubuntu/vdp-tool-chain/clevr_inference/scene_parse/mask_rcnn',
 'RPN': {'ASPECT_RATIOS': (0.5, 1, 2),
         'CLS_ACTIVATION': 'sigmoid',
         'OUT_DIM': 512,
         'OUT_DIM_AS_IN_DIM': True,
         'RPN_ON': True,
         'SIZES': (64, 128, 256, 512),
         'STRIDE': 16},
 'SOLVER': {'BASE_LR': 0.02,
            'BIAS_DOUBLE_LR': True,
            'BIAS_WEIGHT_DECAY': False,
            'GAMMA': 0.1,
            'LOG_LR_CHANGE_THRESHOLD': 1.1,
            'LRS': [],
            'LR_POLICY': 'steps_with_decay',
            'MAX_ITER': 30000,
            'MOMENTUM': 0.9,
            'SCALE_MOMENTUM': True,
            'SCALE_MOMENTUM_THRESHOLD': 1.1,
            'STEPS': [0, 20000, 26000],
            'STEP_SIZE': 30000,
            'TYPE': 'SGD',
            'WARM_UP_FACTOR': 0.3333333333333333,
            'WARM_UP_ITERS': 500,
            'WARM_UP_METHOD': 'linear',
            'WEIGHT_DECAY': 0.0001,
            'WEIGHT_DECAY_GN': 0.0},
 'TEST': {'BBOX_AUG': {'AREA_TH_HI': 32400,
                       'AREA_TH_LO': 2500,
                       'ASPECT_RATIOS': (),
                       'ASPECT_RATIO_H_FLIP': False,
                       'COORD_HEUR': 'UNION',
                       'ENABLED': False,
                       'H_FLIP': False,
                       'MAX_SIZE': 4000,
                       'SCALES': (),
                       'SCALE_H_FLIP': False,
                       'SCALE_SIZE_DEP': False,
                       'SCORE_HEUR': 'UNION'},
          'BBOX_REG': True,
          'BBOX_VOTE': {'ENABLED': False,
                        'SCORING_METHOD': 'ID',
                        'SCORING_METHOD_BETA': 1.0,
                        'VOTE_TH': 0.8},
          'COMPETITION_MODE': True,
          'DATASETS': ('custom(data/clevr-cleaned-puzzles/meeussen/render/images, '
                       'data/clevr-cleaned-puzzles/meeussen/render/summary.json)',),
          'DETECTIONS_PER_IM': 100,
          'FORCE_JSON_DATASET_EVAL': False,
          'KPS_AUG': {'AREA_TH': 32400,
                      'ASPECT_RATIOS': (),
                      'ASPECT_RATIO_H_FLIP': False,
                      'ENABLED': False,
                      'HEUR': 'HM_AVG',
                      'H_FLIP': False,
                      'MAX_SIZE': 4000,
                      'SCALES': (),
                      'SCALE_H_FLIP': False,
                      'SCALE_SIZE_DEP': False},
          'MASK_AUG': {'AREA_TH': 32400,
                       'ASPECT_RATIOS': (),
                       'ASPECT_RATIO_H_FLIP': False,
                       'ENABLED': False,
                       'HEUR': 'SOFT_AVG',
                       'H_FLIP': False,
                       'MAX_SIZE': 4000,
                       'SCALES': (),
                       'SCALE_H_FLIP': False,
                       'SCALE_SIZE_DEP': False},
          'MAX_SIZE': 1333,
          'NMS': 0.5,
          'PRECOMPUTED_PROPOSALS': False,
          'PROPOSAL_FILES': (),
          'PROPOSAL_LIMIT': 2000,
          'RPN_MIN_SIZE': 0,
          'RPN_NMS_THRESH': 0.7,
          'RPN_POST_NMS_TOP_N': 1000,
          'RPN_PRE_NMS_TOP_N': 1000,
          'SCALE': 800,
          'SCORE_THRESH': 0.05,
          'SOFT_NMS': {'ENABLED': False, 'METHOD': 'linear', 'SIGMA': 0.5}},
 'TRAIN': {'ASPECT_CROPPING': False,
           'ASPECT_GROUPING': True,
           'ASPECT_HI': 2,
           'ASPECT_LO': 0.5,
           'BATCH_SIZE_PER_IM': 512,
           'BBOX_INSIDE_WEIGHTS': (1.0, 1.0, 1.0, 1.0),
           'BBOX_NORMALIZE_MEANS': (0.0, 0.0, 0.0, 0.0),
           'BBOX_NORMALIZE_STDS': (0.1, 0.1, 0.2, 0.2),
           'BBOX_NORMALIZE_TARGETS': True,
           'BBOX_NORMALIZE_TARGETS_PRECOMPUTED': False,
           'BBOX_THRESH': 0.5,
           'BG_THRESH_HI': 0.5,
           'BG_THRESH_LO': 0.0,
           'CROWD_FILTER_THRESH': 0.7,
           'DATASETS': (),
           'FG_FRACTION': 0.25,
           'FG_THRESH': 0.5,
           'FREEZE_CONV_BODY': False,
           'GT_MIN_AREA': -1,
           'IMS_PER_BATCH': 2,
           'MAX_SIZE': 1333,
           'PROPOSAL_FILES': (),
           'RPN_BATCH_SIZE_PER_IM': 256,
           'RPN_FG_FRACTION': 0.5,
           'RPN_MIN_SIZE': 0,
           'RPN_NEGATIVE_OVERLAP': 0.3,
           'RPN_NMS_THRESH': 0.7,
           'RPN_POSITIVE_OVERLAP': 0.7,
           'RPN_POST_NMS_TOP_N': 2000,
           'RPN_PRE_NMS_TOP_N': 2000,
           'RPN_STRADDLE_THRESH': 0,
           'SCALES': (800,),
           'SNAPSHOT_ITERS': 20000,
           'USE_FLIPPED': False},
 'VIS': False,
 'VIS_TH': 0.9}
INFO test_engine.py: 352: loading checkpoint /home/ubuntu/vdp-tool-chain/data/ns-vqa-data/pretrained/object_detector.pt
INFO test_engine.py: 286: im_detect: range [1, 6] of 6: 1/6 1.090s + 0.004s (eta: 0:00:05)
INFO test_engine.py: 336: Wrote detections to: /home/ubuntu/vdp-tool-chain/data/clevr-cleaned-puzzles/meeussen/infer/mask_rcnn/detections.pkl
INFO test_engine.py: 164: Total inference time: 5.513s


| processing proposals 1 / 6 images
| processing proposals 2 / 6 images
| processing proposals 3 / 6 images
| processing proposals 4 / 6 images
| processing proposals 5 / 6 images
| processing proposals 6 / 6 images
| saving object annotations to data/clevr-cleaned-puzzles/meeussen/infer/attrnet/predictions.json


| options
run_dir: data/clevr-cleaned-puzzles/meeussen/solver_ir
dataset: clevr
load_checkpoint_path: /home/ubuntu/vdp-tool-chain/data/ns-vqa-data/pretrained/attribute_net.pt
gpu_ids: [0]
clevr_mini_img_dir: /home/ubuntu/vdp-tool-chain/data/ns-vqa-data/raw/CLEVR_mini/images
clevr_mini_ann_path: /home/ubuntu/vdp-tool-chain/data/ns-vqa-data/attr_net/objects/clevr_mini_objs.json
concat_img: 1
split_id: 3500
batch_size: 50
num_workers: 4
learning_rate: 0.002
split: val
output_path: data/clevr-cleaned-puzzles/meeussen/solver_ir/results.json
clevr_val_ann_path: data/clevr-cleaned-puzzles/meeussen/infer/attrnet/predictions.json
clevr_val_img_dir: /home/ubuntu/vdp-tool-chain/data/ns-vqa-data/raw/CLEVR_v1.0/images/val
shuffle_data: 0
use_cat_label: 1
name: meeussen
| loading checkpoint from /home/ubuntu/vdp-tool-chain/data/ns-vqa-data/pretrained/attribute_net.pt
clevr_object.py: CLEVR_val_000000.png val 0 0
clevr_object.py: CLEVR_val_000000.png val 0 1
clevr_object.py: CLEVR_val_000000.png val 0 2
clevr_object.py: CLEVR_val_000001.png val 1 3
clevr_object.py: CLEVR_val_000001.png val 1 4
clevr_object.py: CLEVR_val_000001.png val 1 5
clevr_object.py: CLEVR_val_000002.png val 2 6
clevr_object.py: CLEVR_val_000002.png val 2 7
clevr_object.py: CLEVR_val_000002.png val 2 8
clevr_object.py: CLEVR_val_000002.png val 2 9
clevr_object.py: CLEVR_val_000003.png val 3 10
clevr_object.py: CLEVR_val_000003.png val 3 11
clevr_object.py: CLEVR_val_000004.png val 4 12
clevr_object.py: CLEVR_val_000004.png val 4 13
clevr_object.py: CLEVR_val_000004.png val 4 14
clevr_object.py: CLEVR_val_000005.png val 5 15
clevr_object.py: CLEVR_val_000005.png val 5 16
clevr_object.py: CLEVR_val_000005.png val 5 17
18 / 18 objects processed
| saving annotation file to data/clevr-cleaned-puzzles/meeussen/solver_ir/results.json


0.json in test
THRESHOLD relate_behind objs = {'id': '0-0', 'position': [0.026595458388328552, 0.09342292696237564, 0.3467722535133362], 'color': 'green', 'material': 'rubber', 'shape': 'cylinder', 'size': 'small'}, {'id': '0-1', 'position': [-1.4090662002563477, -0.050436414778232574, 0.35104435682296753], 'color': 'red', 'material': 'rubber', 'shape': 'sphere', 'size': 'small'}
THRESHOLD relate_front objs = {'id': '0-0', 'position': [0.026595458388328552, 0.09342292696237564, 0.3467722535133362], 'color': 'green', 'material': 'rubber', 'shape': 'cylinder', 'size': 'small'}, {'id': '0-2', 'position': [1.417480230331421, 0.10044343769550323, 0.35906529426574707], 'color': 'yellow', 'material': 'rubber', 'shape': 'cylinder', 'size': 'small'}
THRESHOLD relate_front objs = {'id': '0-1', 'position': [-1.4090662002563477, -0.050436414778232574, 0.35104435682296753], 'color': 'red', 'material': 'rubber', 'shape': 'sphere', 'size': 'small'}, {'id': '0-0', 'position': [0.026595458388328552, 0.09342292696237564, 0.3467722535133362], 'color': 'green', 'material': 'rubber', 'shape': 'cylinder', 'size': 'small'}
THRESHOLD relate_front objs = {'id': '0-1', 'position': [-1.4090662002563477, -0.050436414778232574, 0.35104435682296753], 'color': 'red', 'material': 'rubber', 'shape': 'sphere', 'size': 'small'}, {'id': '0-2', 'position': [1.417480230331421, 0.10044343769550323, 0.35906529426574707], 'color': 'yellow', 'material': 'rubber', 'shape': 'cylinder', 'size': 'small'}
THRESHOLD relate_behind objs = {'id': '0-2', 'position': [1.417480230331421, 0.10044343769550323, 0.35906529426574707], 'color': 'yellow', 'material': 'rubber', 'shape': 'cylinder', 'size': 'small'}, {'id': '0-0', 'position': [0.026595458388328552, 0.09342292696237564, 0.3467722535133362], 'color': 'green', 'material': 'rubber', 'shape': 'cylinder', 'size': 'small'}
THRESHOLD relate_behind objs = {'id': '0-2', 'position': [1.417480230331421, 0.10044343769550323, 0.35906529426574707], 'color': 'yellow', 'material': 'rubber', 'shape': 'cylinder', 'size': 'small'}, {'id': '0-1', 'position': [-1.4090662002563477, -0.050436414778232574, 0.35104435682296753], 'color': 'red', 'material': 'rubber', 'shape': 'sphere', 'size': 'small'}
1.json in test
THRESHOLD relate_front objs = {'id': '1-0', 'position': [-1.4033970832824707, -0.1403065323829651, 0.35089579224586487], 'color': 'red', 'material': 'rubber', 'shape': 'sphere', 'size': 'small'}, {'id': '1-1', 'position': [1.379836916923523, 0.1558203101158142, 0.35081326961517334], 'color': 'yellow', 'material': 'rubber', 'shape': 'cylinder', 'size': 'small'}
THRESHOLD relate_front objs = {'id': '1-0', 'position': [-1.4033970832824707, -0.1403065323829651, 0.35089579224586487], 'color': 'red', 'material': 'rubber', 'shape': 'sphere', 'size': 'small'}, {'id': '1-2', 'position': [0.01534147560596466, 0.03645968809723854, 0.34813082218170166], 'color': 'yellow', 'material': 'rubber', 'shape': 'cylinder', 'size': 'small'}
THRESHOLD relate_behind objs = {'id': '1-1', 'position': [1.379836916923523, 0.1558203101158142, 0.35081326961517334], 'color': 'yellow', 'material': 'rubber', 'shape': 'cylinder', 'size': 'small'}, {'id': '1-0', 'position': [-1.4033970832824707, -0.1403065323829651, 0.35089579224586487], 'color': 'red', 'material': 'rubber', 'shape': 'sphere', 'size': 'small'}
THRESHOLD relate_behind objs = {'id': '1-1', 'position': [1.379836916923523, 0.1558203101158142, 0.35081326961517334], 'color': 'yellow', 'material': 'rubber', 'shape': 'cylinder', 'size': 'small'}, {'id': '1-2', 'position': [0.01534147560596466, 0.03645968809723854, 0.34813082218170166], 'color': 'yellow', 'material': 'rubber', 'shape': 'cylinder', 'size': 'small'}
THRESHOLD relate_behind objs = {'id': '1-2', 'position': [0.01534147560596466, 0.03645968809723854, 0.34813082218170166], 'color': 'yellow', 'material': 'rubber', 'shape': 'cylinder', 'size': 'small'}, {'id': '1-0', 'position': [-1.4033970832824707, -0.1403065323829651, 0.35089579224586487], 'color': 'red', 'material': 'rubber', 'shape': 'sphere', 'size': 'small'}
THRESHOLD relate_front objs = {'id': '1-2', 'position': [0.01534147560596466, 0.03645968809723854, 0.34813082218170166], 'color': 'yellow', 'material': 'rubber', 'shape': 'cylinder', 'size': 'small'}, {'id': '1-1', 'position': [1.379836916923523, 0.1558203101158142, 0.35081326961517334], 'color': 'yellow', 'material': 'rubber', 'shape': 'cylinder', 'size': 'small'}
2.json in test
THRESHOLD relate_behind objs = {'id': '2-0', 'position': [-1.3831875324249268, -0.06662879884243011, 0.3437769412994385], 'color': 'green', 'material': 'rubber', 'shape': 'cylinder', 'size': 'small'}, {'id': '2-2', 'position': [-2.855421781539917, -0.1514861285686493, 0.3437812328338623], 'color': 'red', 'material': 'rubber', 'shape': 'sphere', 'size': 'small'}
THRESHOLD relate_front objs = {'id': '2-0', 'position': [-1.3831875324249268, -0.06662879884243011, 0.3437769412994385], 'color': 'green', 'material': 'rubber', 'shape': 'cylinder', 'size': 'small'}, {'id': '2-1', 'position': [0.04735640808939934, 0.18296948075294495, 0.3497288227081299], 'color': 'red', 'material': 'rubber', 'shape': 'sphere', 'size': 'small'}
THRESHOLD relate_front objs = {'id': '2-0', 'position': [-1.3831875324249268, -0.06662879884243011, 0.3437769412994385], 'color': 'green', 'material': 'rubber', 'shape': 'cylinder', 'size': 'small'}, {'id': '2-3', 'position': [1.424646019935608, 0.07894743978977203, 0.35321569442749023], 'color': 'yellow', 'material': 'rubber', 'shape': 'cylinder', 'size': 'small'}
THRESHOLD relate_behind objs = {'id': '2-1', 'position': [0.04735640808939934, 0.18296948075294495, 0.3497288227081299], 'color': 'red', 'material': 'rubber', 'shape': 'sphere', 'size': 'small'}, {'id': '2-0', 'position': [-1.3831875324249268, -0.06662879884243011, 0.3437769412994385], 'color': 'green', 'material': 'rubber', 'shape': 'cylinder', 'size': 'small'}
THRESHOLD relate_behind objs = {'id': '2-1', 'position': [0.04735640808939934, 0.18296948075294495, 0.3497288227081299], 'color': 'red', 'material': 'rubber', 'shape': 'sphere', 'size': 'small'}, {'id': '2-2', 'position': [-2.855421781539917, -0.1514861285686493, 0.3437812328338623], 'color': 'red', 'material': 'rubber', 'shape': 'sphere', 'size': 'small'}
THRESHOLD relate_behind objs = {'id': '2-1', 'position': [0.04735640808939934, 0.18296948075294495, 0.3497288227081299], 'color': 'red', 'material': 'rubber', 'shape': 'sphere', 'size': 'small'}, {'id': '2-3', 'position': [1.424646019935608, 0.07894743978977203, 0.35321569442749023], 'color': 'yellow', 'material': 'rubber', 'shape': 'cylinder', 'size': 'small'}
THRESHOLD relate_front objs = {'id': '2-2', 'position': [-2.855421781539917, -0.1514861285686493, 0.3437812328338623], 'color': 'red', 'material': 'rubber', 'shape': 'sphere', 'size': 'small'}, {'id': '2-0', 'position': [-1.3831875324249268, -0.06662879884243011, 0.3437769412994385], 'color': 'green', 'material': 'rubber', 'shape': 'cylinder', 'size': 'small'}
THRESHOLD relate_front objs = {'id': '2-2', 'position': [-2.855421781539917, -0.1514861285686493, 0.3437812328338623], 'color': 'red', 'material': 'rubber', 'shape': 'sphere', 'size': 'small'}, {'id': '2-1', 'position': [0.04735640808939934, 0.18296948075294495, 0.3497288227081299], 'color': 'red', 'material': 'rubber', 'shape': 'sphere', 'size': 'small'}
THRESHOLD relate_front objs = {'id': '2-2', 'position': [-2.855421781539917, -0.1514861285686493, 0.3437812328338623], 'color': 'red', 'material': 'rubber', 'shape': 'sphere', 'size': 'small'}, {'id': '2-3', 'position': [1.424646019935608, 0.07894743978977203, 0.35321569442749023], 'color': 'yellow', 'material': 'rubber', 'shape': 'cylinder', 'size': 'small'}
THRESHOLD relate_behind objs = {'id': '2-3', 'position': [1.424646019935608, 0.07894743978977203, 0.35321569442749023], 'color': 'yellow', 'material': 'rubber', 'shape': 'cylinder', 'size': 'small'}, {'id': '2-0', 'position': [-1.3831875324249268, -0.06662879884243011, 0.3437769412994385], 'color': 'green', 'material': 'rubber', 'shape': 'cylinder', 'size': 'small'}
THRESHOLD relate_behind objs = {'id': '2-3', 'position': [1.424646019935608, 0.07894743978977203, 0.35321569442749023], 'color': 'yellow', 'material': 'rubber', 'shape': 'cylinder', 'size': 'small'}, {'id': '2-2', 'position': [-2.855421781539917, -0.1514861285686493, 0.3437812328338623], 'color': 'red', 'material': 'rubber', 'shape': 'sphere', 'size': 'small'}
THRESHOLD relate_front objs = {'id': '2-3', 'position': [1.424646019935608, 0.07894743978977203, 0.35321569442749023], 'color': 'yellow', 'material': 'rubber', 'shape': 'cylinder', 'size': 'small'}, {'id': '2-1', 'position': [0.04735640808939934, 0.18296948075294495, 0.3497288227081299], 'color': 'red', 'material': 'rubber', 'shape': 'sphere', 'size': 'small'}
3.json in train
THRESHOLD relate_behind objs = {'id': '3-0', 'position': [2.8471438884735107, 0.21971404552459717, 0.35043710470199585], 'color': 'green', 'material': 'rubber', 'shape': 'cylinder', 'size': 'small'}, {'id': '3-1', 'position': [1.3625397682189941, 0.17302420735359192, 0.35587403178215027], 'color': 'red', 'material': 'rubber', 'shape': 'sphere', 'size': 'small'}
THRESHOLD relate_front objs = {'id': '3-1', 'position': [1.3625397682189941, 0.17302420735359192, 0.35587403178215027], 'color': 'red', 'material': 'rubber', 'shape': 'sphere', 'size': 'small'}, {'id': '3-0', 'position': [2.8471438884735107, 0.21971404552459717, 0.35043710470199585], 'color': 'green', 'material': 'rubber', 'shape': 'cylinder', 'size': 'small'}
4.json in train
THRESHOLD relate_behind objs = {'id': '4-0', 'position': [1.3920663595199585, 0.13752609491348267, 0.3442777395248413], 'color': 'green', 'material': 'rubber', 'shape': 'cylinder', 'size': 'small'}, {'id': '4-1', 'position': [-1.2956007719039917, -0.10216548293828964, 0.6942020654678345], 'color': 'red', 'material': 'rubber', 'shape': 'sphere', 'size': 'large'}
THRESHOLD relate_front objs = {'id': '4-0', 'position': [1.3920663595199585, 0.13752609491348267, 0.3442777395248413], 'color': 'green', 'material': 'rubber', 'shape': 'cylinder', 'size': 'small'}, {'id': '4-2', 'position': [2.8496246337890625, 0.2586904466152191, 0.35049399733543396], 'color': 'yellow', 'material': 'rubber', 'shape': 'cylinder', 'size': 'small'}
THRESHOLD relate_front objs = {'id': '4-1', 'position': [-1.2956007719039917, -0.10216548293828964, 0.6942020654678345], 'color': 'red', 'material': 'rubber', 'shape': 'sphere', 'size': 'large'}, {'id': '4-0', 'position': [1.3920663595199585, 0.13752609491348267, 0.3442777395248413], 'color': 'green', 'material': 'rubber', 'shape': 'cylinder', 'size': 'small'}
THRESHOLD relate_front objs = {'id': '4-1', 'position': [-1.2956007719039917, -0.10216548293828964, 0.6942020654678345], 'color': 'red', 'material': 'rubber', 'shape': 'sphere', 'size': 'large'}, {'id': '4-2', 'position': [2.8496246337890625, 0.2586904466152191, 0.35049399733543396], 'color': 'yellow', 'material': 'rubber', 'shape': 'cylinder', 'size': 'small'}
THRESHOLD relate_behind objs = {'id': '4-2', 'position': [2.8496246337890625, 0.2586904466152191, 0.35049399733543396], 'color': 'yellow', 'material': 'rubber', 'shape': 'cylinder', 'size': 'small'}, {'id': '4-0', 'position': [1.3920663595199585, 0.13752609491348267, 0.3442777395248413], 'color': 'green', 'material': 'rubber', 'shape': 'cylinder', 'size': 'small'}
THRESHOLD relate_behind objs = {'id': '4-2', 'position': [2.8496246337890625, 0.2586904466152191, 0.35049399733543396], 'color': 'yellow', 'material': 'rubber', 'shape': 'cylinder', 'size': 'small'}, {'id': '4-1', 'position': [-1.2956007719039917, -0.10216548293828964, 0.6942020654678345], 'color': 'red', 'material': 'rubber', 'shape': 'sphere', 'size': 'large'}
5.json in train
THRESHOLD relate_behind objs = {'id': '5-0', 'position': [0.024105504155158997, -0.009511219337582588, 0.6916162371635437], 'color': 'green', 'material': 'rubber', 'shape': 'cylinder', 'size': 'large'}, {'id': '5-1', 'position': [-2.7421977519989014, -0.10442880541086197, 0.6965504884719849], 'color': 'red', 'material': 'metal', 'shape': 'sphere', 'size': 'large'}
THRESHOLD relate_front objs = {'id': '5-0', 'position': [0.024105504155158997, -0.009511219337582588, 0.6916162371635437], 'color': 'green', 'material': 'rubber', 'shape': 'cylinder', 'size': 'large'}, {'id': '5-2', 'position': [2.8333065509796143, 0.1930617392063141, 0.6917750239372253], 'color': 'yellow', 'material': 'metal', 'shape': 'cylinder', 'size': 'large'}
THRESHOLD relate_front objs = {'id': '5-1', 'position': [-2.7421977519989014, -0.10442880541086197, 0.6965504884719849], 'color': 'red', 'material': 'metal', 'shape': 'sphere', 'size': 'large'}, {'id': '5-0', 'position': [0.024105504155158997, -0.009511219337582588, 0.6916162371635437], 'color': 'green', 'material': 'rubber', 'shape': 'cylinder', 'size': 'large'}
THRESHOLD relate_front objs = {'id': '5-1', 'position': [-2.7421977519989014, -0.10442880541086197, 0.6965504884719849], 'color': 'red', 'material': 'metal', 'shape': 'sphere', 'size': 'large'}, {'id': '5-2', 'position': [2.8333065509796143, 0.1930617392063141, 0.6917750239372253], 'color': 'yellow', 'material': 'metal', 'shape': 'cylinder', 'size': 'large'}
THRESHOLD relate_behind objs = {'id': '5-2', 'position': [2.8333065509796143, 0.1930617392063141, 0.6917750239372253], 'color': 'yellow', 'material': 'metal', 'shape': 'cylinder', 'size': 'large'}, {'id': '5-0', 'position': [0.024105504155158997, -0.009511219337582588, 0.6916162371635437], 'color': 'green', 'material': 'rubber', 'shape': 'cylinder', 'size': 'large'}
THRESHOLD relate_behind objs = {'id': '5-2', 'position': [2.8333065509796143, 0.1930617392063141, 0.6917750239372253], 'color': 'yellow', 'material': 'metal', 'shape': 'cylinder', 'size': 'large'}, {'id': '5-1', 'position': [-2.7421977519989014, -0.10442880541086197, 0.6965504884719849], 'color': 'red', 'material': 'metal', 'shape': 'sphere', 'size': 'large'}
