Started Logging. 2022-07-09 19:48:24.096016

found bundled python: /home/ubuntu/vdp/data/blender-2.78c-linux-glibc219-x86_64/2.78/python
read blend: /home/ubuntu/vdp/data/clevr_scene_data/base_scene.blend
convertViewVec: called in an invalid context
convertViewVec: called in an invalid context
Fra:1 Mem:11.59M (0.00M, Peak 11.59M) | Time:00:00.00 | Preparing Scene data
Fra:1 Mem:14.23M (0.00M, Peak 14.53M) | Time:00:00.00 | Preparing Scene data
Fra:1 Mem:14.23M (0.00M, Peak 14.53M) | Time:00:00.00 | Creating Shadowbuffers
Fra:1 Mem:14.23M (0.00M, Peak 14.53M) | Time:00:00.00 | Raytree.. preparing
Fra:1 Mem:17.00M (0.00M, Peak 17.00M) | Time:00:00.00 | Raytree.. building
Fra:1 Mem:16.85M (0.00M, Peak 21.18M) | Time:00:00.05 | Raytree finished
Fra:1 Mem:16.85M (0.00M, Peak 21.18M) | Time:00:00.05 | Creating Environment maps
Fra:1 Mem:16.85M (0.00M, Peak 21.18M) | Time:00:00.05 | Caching Point Densities
Fra:1 Mem:16.85M (0.00M, Peak 21.18M) | Time:00:00.05 | Sce: Scene Ve:19114 Fa:20173 La:1
Fra:1 Mem:16.85M (0.00M, Peak 21.18M) | Time:00:00.05 | Loading voxel datasets
Fra:1 Mem:16.85M (0.00M, Peak 21.18M) | Time:00:00.05 | Sce: Scene Ve:19114 Fa:20173 La:1
Fra:1 Mem:16.85M (0.00M, Peak 21.18M) | Time:00:00.05 | Sce: Scene Ve:19114 Fa:20173 La:1
Fra:1 Mem:16.85M (0.00M, Peak 21.18M) | Time:00:00.05 | Volume preprocessing
Fra:1 Mem:16.85M (0.00M, Peak 21.18M) | Time:00:00.05 | Sce: Scene Ve:19114 Fa:20173 La:1
Fra:1 Mem:16.85M (0.00M, Peak 21.18M) | Time:00:00.05 | Sce: Scene Ve:19114 Fa:20173 La:1
Fra:1 Mem:21.20M (0.00M, Peak 21.55M) | Time:00:00.05 | Scene, Part 3-4
Fra:1 Mem:20.88M (0.00M, Peak 21.55M) | Time:00:00.05 | Scene, Part 4-4
Fra:1 Mem:19.20M (0.00M, Peak 21.55M) | Time:00:00.06 | Scene, Part 1-4
Fra:1 Mem:17.95M (0.00M, Peak 21.55M) | Time:00:00.06 | Scene, Part 2-4
Fra:1 Mem:11.51M (0.00M, Peak 21.55M) | Time:00:00.06 | Sce: Scene Ve:19114 Fa:20173 La:1
Saved: '/tmp/tmpljod1kae.png'
 Time: 00:00.10 (Saving: 00:00.04)

Fra:1 Mem:11.54M (0.00M, Peak 12.13M) | Time:00:00.04 | Mem:0.00M, Peak:0.00M | Scene, RenderLayer | Synchronizing object | Area
Fra:1 Mem:11.54M (0.00M, Peak 12.13M) | Time:00:00.04 | Mem:0.00M, Peak:0.00M | Scene, RenderLayer | Synchronizing object | Ground
Fra:1 Mem:11.61M (0.00M, Peak 12.13M) | Time:00:00.05 | Mem:0.00M, Peak:0.00M | Scene, RenderLayer | Synchronizing object | Empty
Fra:1 Mem:11.61M (0.00M, Peak 12.13M) | Time:00:00.05 | Mem:0.00M, Peak:0.00M | Scene, RenderLayer | Synchronizing object | Lamp_Back
Fra:1 Mem:11.61M (0.00M, Peak 12.13M) | Time:00:00.05 | Mem:0.00M, Peak:0.00M | Scene, RenderLayer | Synchronizing object | Lamp_Fill
Fra:1 Mem:11.61M (0.00M, Peak 12.13M) | Time:00:00.05 | Mem:0.00M, Peak:0.00M | Scene, RenderLayer | Synchronizing object | Lamp_Key
Fra:1 Mem:11.61M (0.00M, Peak 12.13M) | Time:00:00.05 | Mem:0.00M, Peak:0.00M | Scene, RenderLayer | Synchronizing object | Camera
Fra:1 Mem:11.61M (0.00M, Peak 12.13M) | Time:00:00.05 | Mem:0.00M, Peak:0.00M | Scene, RenderLayer | Synchronizing object | Sphere_0
Fra:1 Mem:13.10M (0.00M, Peak 14.54M) | Time:00:00.05 | Mem:0.00M, Peak:0.00M | Scene, RenderLayer | Synchronizing object | SmoothCube_v2_0
Fra:1 Mem:13.47M (0.00M, Peak 14.54M) | Time:00:00.05 | Mem:0.00M, Peak:0.00M | Scene, RenderLayer | Initializing
Fra:1 Mem:13.47M (0.00M, Peak 14.54M) | Time:00:00.05 | Mem:0.00M, Peak:0.00M | Scene, RenderLayer | Loading render kernels (may take a few minutes the first time)
Fra:1 Mem:13.47M (0.00M, Peak 16.17M) | Time:00:00.07 | Mem:0.00M, Peak:0.00M | Scene, RenderLayer | Waiting for render to start
Fra:1 Mem:13.47M (0.00M, Peak 16.17M) | Time:00:00.07 | Mem:0.00M, Peak:0.00M | Scene, RenderLayer | Updating Scene
Fra:1 Mem:13.47M (0.00M, Peak 16.17M) | Time:00:00.07 | Mem:0.00M, Peak:0.00M | Scene, RenderLayer | Updating Shaders
Fra:1 Mem:13.97M (0.00M, Peak 16.17M) | Time:00:00.14 | Mem:0.00M, Peak:0.00M | Scene, RenderLayer | Updating Background
Fra:1 Mem:13.97M (0.00M, Peak 16.17M) | Time:00:00.14 | Mem:0.00M, Peak:0.00M | Scene, RenderLayer | Updating Camera
Fra:1 Mem:13.97M (0.00M, Peak 16.17M) | Time:00:00.14 | Mem:0.00M, Peak:0.00M | Scene, RenderLayer | Updating Meshes Flags
Fra:1 Mem:13.97M (0.00M, Peak 16.17M) | Time:00:00.14 | Mem:0.00M, Peak:0.00M | Scene, RenderLayer | Updating Objects
Fra:1 Mem:13.97M (0.00M, Peak 16.17M) | Time:00:00.14 | Mem:0.00M, Peak:0.00M | Scene, RenderLayer | Updating Objects | Copying Transformations to device
Fra:1 Mem:13.97M (0.00M, Peak 16.17M) | Time:00:00.15 | Mem:0.00M, Peak:0.00M | Scene, RenderLayer | Updating Objects | Applying Static Transformations
Fra:1 Mem:13.97M (0.00M, Peak 16.17M) | Time:00:00.15 | Mem:0.00M, Peak:0.00M | Scene, RenderLayer | Updating Meshes
Fra:1 Mem:14.57M (0.00M, Peak 16.17M) | Time:00:00.15 | Mem:0.00M, Peak:0.00M | Scene, RenderLayer | Updating Mesh | Computing attributes
Fra:1 Mem:14.87M (0.00M, Peak 16.17M) | Time:00:00.15 | Mem:0.00M, Peak:0.00M | Scene, RenderLayer | Updating Mesh | Copying Attributes to device
Fra:1 Mem:14.87M (0.00M, Peak 16.17M) | Time:00:00.15 | Mem:0.29M, Peak:0.29M | Scene, RenderLayer | Updating Scene BVH | Building
Fra:1 Mem:14.87M (0.00M, Peak 16.17M) | Time:00:00.15 | Mem:0.29M, Peak:0.29M | Scene, RenderLayer | Updating Scene BVH | Building BVH
Fra:1 Mem:17.14M (0.00M, Peak 17.14M) | Time:00:00.17 | Mem:0.29M, Peak:0.29M | Scene, RenderLayer | Updating Scene BVH | Packing BVH triangles and strands
Fra:1 Mem:19.26M (0.00M, Peak 19.26M) | Time:00:00.17 | Mem:0.29M, Peak:0.29M | Scene, RenderLayer | Updating Scene BVH | Packing BVH nodes
Fra:1 Mem:18.04M (0.00M, Peak 19.86M) | Time:00:00.18 | Mem:0.29M, Peak:0.29M | Scene, RenderLayer | Updating Scene BVH | Copying BVH to device
Fra:1 Mem:18.19M (0.00M, Peak 19.86M) | Time:00:00.18 | Mem:3.46M, Peak:3.46M | Scene, RenderLayer | Updating Mesh | Computing normals
Fra:1 Mem:19.56M (0.00M, Peak 19.86M) | Time:00:00.18 | Mem:3.46M, Peak:3.46M | Scene, RenderLayer | Updating Mesh | Copying Mesh to device
Fra:1 Mem:19.41M (0.00M, Peak 19.86M) | Time:00:00.18 | Mem:4.83M, Peak:4.83M | Scene, RenderLayer | Updating Objects Flags
Fra:1 Mem:19.41M (0.00M, Peak 19.86M) | Time:00:00.18 | Mem:4.83M, Peak:4.83M | Scene, RenderLayer | Updating Images
Fra:1 Mem:19.41M (0.00M, Peak 19.86M) | Time:00:00.18 | Mem:4.83M, Peak:4.83M | Scene, RenderLayer | Updating Camera Volume
Fra:1 Mem:19.41M (0.00M, Peak 19.86M) | Time:00:00.18 | Mem:4.83M, Peak:4.83M | Scene, RenderLayer | Updating Hair Systems
Fra:1 Mem:19.41M (0.00M, Peak 19.86M) | Time:00:00.18 | Mem:4.83M, Peak:4.83M | Scene, RenderLayer | Updating Hair settings | Copying Hair settings to device
Fra:1 Mem:19.41M (0.00M, Peak 19.86M) | Time:00:00.18 | Mem:4.83M, Peak:4.83M | Scene, RenderLayer | Updating Lookup Tables
Fra:1 Mem:19.41M (0.00M, Peak 19.86M) | Time:00:00.18 | Mem:5.08M, Peak:5.08M | Scene, RenderLayer | Updating Lights
Fra:1 Mem:19.41M (0.00M, Peak 19.86M) | Time:00:00.18 | Mem:5.08M, Peak:5.08M | Scene, RenderLayer | Updating Lights | Computing distribution
Fra:1 Mem:19.41M (0.00M, Peak 19.86M) | Time:00:00.18 | Mem:5.08M, Peak:5.08M | Scene, RenderLayer | Updating Particle Systems
Fra:1 Mem:19.41M (0.00M, Peak 19.86M) | Time:00:00.18 | Mem:5.08M, Peak:5.08M | Scene, RenderLayer | Updating Particle Systems | Copying Particles to device
Fra:1 Mem:19.41M (0.00M, Peak 19.86M) | Time:00:00.18 | Mem:5.08M, Peak:5.08M | Scene, RenderLayer | Updating Integrator
Fra:1 Mem:19.45M (0.00M, Peak 19.86M) | Time:00:00.18 | Mem:5.12M, Peak:5.12M | Scene, RenderLayer | Updating Film
Fra:1 Mem:19.45M (0.00M, Peak 19.86M) | Time:00:00.18 | Mem:5.12M, Peak:5.12M | Scene, RenderLayer | Updating Lookup Tables
Fra:1 Mem:19.45M (0.00M, Peak 19.86M) | Time:00:00.18 | Mem:5.13M, Peak:5.13M | Scene, RenderLayer | Updating Baking
Fra:1 Mem:19.45M (0.00M, Peak 19.86M) | Time:00:00.18 | Mem:5.13M, Peak:5.13M | Scene, RenderLayer | Updating Device | Writing constant memory
Fra:1 Mem:19.45M (0.00M, Peak 19.86M) | Time:00:00.18 | Mem:5.13M, Peak:5.13M | Scene, RenderLayer | Path Tracing Tile 0/4, Sample 0/512
Fra:1 Mem:21.70M (0.00M, Peak 22.95M) | Time:00:00.18 | Mem:7.38M, Peak:7.38M | Scene, RenderLayer | Path Tracing Tile 1/4, Sample 0/512
Fra:1 Mem:21.70M (0.00M, Peak 23.95M) | Time:00:01.18 | Remaining:00:10.91 | Mem:7.38M, Peak:7.38M | Scene, RenderLayer | Path Tracing Tile 1/4, Sample 101/512
Fra:1 Mem:21.70M (0.00M, Peak 23.95M) | Time:00:02.19 | Remaining:00:09.87 | Mem:7.38M, Peak:7.38M | Scene, RenderLayer | Path Tracing Tile 1/4, Sample 203/512
Fra:1 Mem:21.70M (0.00M, Peak 23.95M) | Time:00:03.20 | Remaining:00:08.86 | Mem:7.38M, Peak:7.38M | Scene, RenderLayer | Path Tracing Tile 1/4, Sample 305/512
Fra:1 Mem:21.70M (0.00M, Peak 23.95M) | Time:00:04.20 | Remaining:00:07.86 | Mem:7.38M, Peak:7.38M | Scene, RenderLayer | Path Tracing Tile 1/4, Sample 406/512
Fra:1 Mem:21.70M (0.00M, Peak 23.95M) | Time:00:05.20 | Remaining:00:06.88 | Mem:7.38M, Peak:7.38M | Scene, RenderLayer | Path Tracing Tile 1/4, Sample 506/512
Fra:1 Mem:19.45M (0.00M, Peak 23.95M) | Time:00:05.27 | Remaining:00:06.83 | Mem:5.13M, Peak:7.38M | Scene, RenderLayer | Path Tracing Tile 1/4, Sample 512/512
Fra:1 Mem:21.42M (0.00M, Peak 23.95M) | Time:00:05.27 | Remaining:00:06.83 | Mem:7.10M, Peak:7.38M | Scene, RenderLayer | Path Tracing Tile 2/4, Sample 512/512
Fra:1 Mem:21.42M (0.00M, Peak 23.95M) | Time:00:06.21 | Remaining:00:06.02 | Mem:7.10M, Peak:7.38M | Scene, RenderLayer | Path Tracing Tile 2/4, Sample 101/512
Fra:1 Mem:21.42M (0.00M, Peak 23.95M) | Time:00:07.22 | Remaining:00:05.11 | Mem:7.10M, Peak:7.38M | Scene, RenderLayer | Path Tracing Tile 2/4, Sample 209/512
Fra:1 Mem:21.42M (0.00M, Peak 23.95M) | Time:00:08.22 | Remaining:00:04.19 | Mem:7.10M, Peak:7.38M | Scene, RenderLayer | Path Tracing Tile 2/4, Sample 316/512
Fra:1 Mem:21.42M (0.00M, Peak 23.95M) | Time:00:09.22 | Remaining:00:03.25 | Mem:7.10M, Peak:7.38M | Scene, RenderLayer | Path Tracing Tile 2/4, Sample 423/512
Fra:1 Mem:19.45M (0.00M, Peak 23.95M) | Time:00:10.06 | Remaining:00:02.47 | Mem:5.13M, Peak:7.38M | Scene, RenderLayer | Path Tracing Tile 2/4, Sample 512/512
Fra:1 Mem:20.01M (0.00M, Peak 23.95M) | Time:00:10.07 | Remaining:00:02.47 | Mem:5.69M, Peak:7.38M | Scene, RenderLayer | Path Tracing Tile 3/4, Sample 512/512
Fra:1 Mem:20.01M (0.00M, Peak 23.95M) | Time:00:10.23 | Remaining:00:02.38 | Mem:5.69M, Peak:7.38M | Scene, RenderLayer | Path Tracing Tile 3/4, Sample 38/512
Fra:1 Mem:20.01M (0.00M, Peak 23.95M) | Time:00:11.23 | Remaining:00:01.83 | Mem:5.69M, Peak:7.38M | Scene, RenderLayer | Path Tracing Tile 3/4, Sample 277/512
Fra:1 Mem:19.45M (0.00M, Peak 23.95M) | Time:00:12.23 | Remaining:00:01.23 | Mem:5.13M, Peak:7.38M | Scene, RenderLayer | Path Tracing Tile 3/4, Sample 512/512
Fra:1 Mem:19.94M (0.00M, Peak 23.95M) | Time:00:12.23 | Remaining:00:01.23 | Mem:5.62M, Peak:7.38M | Scene, RenderLayer | Path Tracing Tile 4/4, Sample 512/512
Fra:1 Mem:19.94M (0.00M, Peak 23.95M) | Time:00:12.23 | Remaining:00:01.23 | Mem:5.62M, Peak:7.38M | Scene, RenderLayer | Path Tracing Tile 4/4, Sample 1/512
Fra:1 Mem:19.94M (0.00M, Peak 23.95M) | Time:00:13.23 | Remaining:00:00.63 | Mem:5.62M, Peak:7.38M | Scene, RenderLayer | Path Tracing Tile 4/4, Sample 257/512
Fra:1 Mem:19.94M (0.00M, Peak 23.95M) | Time:00:14.24 | Mem:5.62M, Peak:7.38M | Scene, RenderLayer | Path Tracing Tile 4/4, Sample 512/512
Fra:1 Mem:19.45M (0.00M, Peak 23.95M) | Time:00:14.24 | Mem:5.13M, Peak:7.38M | Scene, RenderLayer | Finished
Fra:1 Mem:11.78M (0.00M, Peak 23.95M) | Time:00:14.31 | Sce: Scene Ve:0 Fa:0 La:0
Saved: 'data/clevr-cleaned-variants/assimilation/fovariant-2/render/images/CLEVR_val_000000.png'
 Time: 00:14.35 (Saving: 00:00.03)

read blend: /home/ubuntu/vdp/data/clevr_scene_data/base_scene.blend
convertViewVec: called in an invalid context
convertViewVec: called in an invalid context
convertViewVec: called in an invalid context
Fra:1 Mem:12.38M (0.00M, Peak 12.38M) | Time:00:00.00 | Preparing Scene data
Fra:1 Mem:15.70M (0.00M, Peak 16.68M) | Time:00:00.00 | Preparing Scene data
Fra:1 Mem:15.70M (0.00M, Peak 16.68M) | Time:00:00.00 | Creating Shadowbuffers
Fra:1 Mem:15.70M (0.00M, Peak 16.68M) | Time:00:00.00 | Raytree.. preparing
Fra:1 Mem:19.11M (0.00M, Peak 19.11M) | Time:00:00.00 | Raytree.. building
Fra:1 Mem:18.92M (0.00M, Peak 24.25M) | Time:00:00.06 | Raytree finished
Fra:1 Mem:18.92M (0.00M, Peak 24.25M) | Time:00:00.06 | Creating Environment maps
Fra:1 Mem:18.92M (0.00M, Peak 24.25M) | Time:00:00.06 | Caching Point Densities
Fra:1 Mem:18.92M (0.00M, Peak 24.25M) | Time:00:00.06 | Sce: Scene Ve:22866 Fa:24787 La:1
Fra:1 Mem:18.92M (0.00M, Peak 24.25M) | Time:00:00.06 | Loading voxel datasets
Fra:1 Mem:18.92M (0.00M, Peak 24.25M) | Time:00:00.06 | Sce: Scene Ve:22866 Fa:24787 La:1
Fra:1 Mem:18.92M (0.00M, Peak 24.25M) | Time:00:00.06 | Sce: Scene Ve:22866 Fa:24787 La:1
Fra:1 Mem:18.92M (0.00M, Peak 24.25M) | Time:00:00.06 | Volume preprocessing
Fra:1 Mem:18.92M (0.00M, Peak 24.25M) | Time:00:00.06 | Sce: Scene Ve:22866 Fa:24787 La:1
Fra:1 Mem:18.92M (0.00M, Peak 24.25M) | Time:00:00.06 | Sce: Scene Ve:22866 Fa:24787 La:1
Fra:1 Mem:23.43M (0.00M, Peak 24.25M) | Time:00:00.06 | Scene, Part 3-4
Fra:1 Mem:22.95M (0.00M, Peak 24.25M) | Time:00:00.06 | Scene, Part 4-4
Fra:1 Mem:21.93M (0.00M, Peak 24.25M) | Time:00:00.07 | Scene, Part 1-4
Fra:1 Mem:20.02M (0.00M, Peak 24.25M) | Time:00:00.07 | Scene, Part 2-4
Fra:1 Mem:12.26M (0.00M, Peak 24.25M) | Time:00:00.08 | Sce: Scene Ve:22866 Fa:24787 La:1
Saved: '/tmp/tmpxv_zpwck.png'
 Time: 00:00.09 (Saving: 00:00.01)

Fra:1 Mem:12.29M (0.00M, Peak 12.89M) | Time:00:00.04 | Mem:0.00M, Peak:0.00M | Scene, RenderLayer | Synchronizing object | Area
Fra:1 Mem:12.29M (0.00M, Peak 12.89M) | Time:00:00.04 | Mem:0.00M, Peak:0.00M | Scene, RenderLayer | Synchronizing object | Ground
Fra:1 Mem:12.36M (0.00M, Peak 12.89M) | Time:00:00.04 | Mem:0.00M, Peak:0.00M | Scene, RenderLayer | Synchronizing object | Empty
Fra:1 Mem:12.36M (0.00M, Peak 12.89M) | Time:00:00.04 | Mem:0.00M, Peak:0.00M | Scene, RenderLayer | Synchronizing object | Lamp_Back
Fra:1 Mem:12.36M (0.00M, Peak 12.89M) | Time:00:00.04 | Mem:0.00M, Peak:0.00M | Scene, RenderLayer | Synchronizing object | Lamp_Fill
Fra:1 Mem:12.36M (0.00M, Peak 12.89M) | Time:00:00.04 | Mem:0.00M, Peak:0.00M | Scene, RenderLayer | Synchronizing object | Lamp_Key
Fra:1 Mem:12.36M (0.00M, Peak 12.89M) | Time:00:00.04 | Mem:0.00M, Peak:0.00M | Scene, RenderLayer | Synchronizing object | Camera
Fra:1 Mem:12.36M (0.00M, Peak 12.89M) | Time:00:00.04 | Mem:0.00M, Peak:0.00M | Scene, RenderLayer | Synchronizing object | SmoothCube_v2_0
Fra:1 Mem:12.73M (0.00M, Peak 13.08M) | Time:00:00.05 | Mem:0.00M, Peak:0.00M | Scene, RenderLayer | Synchronizing object | SmoothCube_v2_1
Fra:1 Mem:13.09M (0.00M, Peak 13.45M) | Time:00:00.05 | Mem:0.00M, Peak:0.00M | Scene, RenderLayer | Synchronizing object | Sphere_0
Fra:1 Mem:14.59M (0.00M, Peak 16.03M) | Time:00:00.05 | Mem:0.00M, Peak:0.00M | Scene, RenderLayer | Initializing
Fra:1 Mem:14.59M (0.00M, Peak 16.03M) | Time:00:00.05 | Mem:0.00M, Peak:0.00M | Scene, RenderLayer | Loading render kernels (may take a few minutes the first time)
Fra:1 Mem:14.59M (0.00M, Peak 17.29M) | Time:00:00.07 | Mem:0.00M, Peak:0.00M | Scene, RenderLayer | Waiting for render to start
Fra:1 Mem:14.59M (0.00M, Peak 17.29M) | Time:00:00.07 | Mem:0.00M, Peak:0.00M | Scene, RenderLayer | Updating Scene
Fra:1 Mem:14.59M (0.00M, Peak 17.29M) | Time:00:00.07 | Mem:0.00M, Peak:0.00M | Scene, RenderLayer | Updating Shaders
Fra:1 Mem:14.84M (0.00M, Peak 17.29M) | Time:00:00.07 | Mem:0.00M, Peak:0.00M | Scene, RenderLayer | Updating Background
Fra:1 Mem:14.84M (0.00M, Peak 17.29M) | Time:00:00.07 | Mem:0.00M, Peak:0.00M | Scene, RenderLayer | Updating Camera
Fra:1 Mem:14.84M (0.00M, Peak 17.29M) | Time:00:00.07 | Mem:0.00M, Peak:0.00M | Scene, RenderLayer | Updating Meshes Flags
Fra:1 Mem:14.84M (0.00M, Peak 17.29M) | Time:00:00.07 | Mem:0.00M, Peak:0.00M | Scene, RenderLayer | Updating Objects
Fra:1 Mem:14.84M (0.00M, Peak 17.29M) | Time:00:00.07 | Mem:0.00M, Peak:0.00M | Scene, RenderLayer | Updating Objects | Copying Transformations to device
Fra:1 Mem:14.84M (0.00M, Peak 17.29M) | Time:00:00.07 | Mem:0.00M, Peak:0.00M | Scene, RenderLayer | Updating Objects | Applying Static Transformations
Fra:1 Mem:14.84M (0.00M, Peak 17.29M) | Time:00:00.07 | Mem:0.00M, Peak:0.00M | Scene, RenderLayer | Updating Meshes
Fra:1 Mem:15.56M (0.00M, Peak 17.29M) | Time:00:00.07 | Mem:0.00M, Peak:0.00M | Scene, RenderLayer | Updating Mesh | Computing attributes
Fra:1 Mem:15.91M (0.00M, Peak 17.29M) | Time:00:00.07 | Mem:0.00M, Peak:0.00M | Scene, RenderLayer | Updating Mesh | Copying Attributes to device
Fra:1 Mem:15.91M (0.00M, Peak 17.29M) | Time:00:00.07 | Mem:0.35M, Peak:0.35M | Scene, RenderLayer | Updating Scene BVH | Building
Fra:1 Mem:15.91M (0.00M, Peak 17.29M) | Time:00:00.07 | Mem:0.35M, Peak:0.35M | Scene, RenderLayer | Updating Scene BVH | Building BVH
Fra:1 Mem:18.61M (0.00M, Peak 18.61M) | Time:00:00.10 | Mem:0.35M, Peak:0.35M | Scene, RenderLayer | Updating Scene BVH | Packing BVH triangles and strands
Fra:1 Mem:21.14M (0.00M, Peak 21.14M) | Time:00:00.10 | Mem:0.35M, Peak:0.35M | Scene, RenderLayer | Updating Scene BVH | Packing BVH nodes
Fra:1 Mem:19.68M (0.00M, Peak 21.85M) | Time:00:00.11 | Mem:0.35M, Peak:0.35M | Scene, RenderLayer | Updating Scene BVH | Copying BVH to device
Fra:1 Mem:19.86M (0.00M, Peak 21.85M) | Time:00:00.11 | Mem:4.13M, Peak:4.13M | Scene, RenderLayer | Updating Mesh | Computing normals
Fra:1 Mem:21.49M (0.00M, Peak 21.85M) | Time:00:00.11 | Mem:4.13M, Peak:4.13M | Scene, RenderLayer | Updating Mesh | Copying Mesh to device
Fra:1 Mem:21.31M (0.00M, Peak 21.85M) | Time:00:00.11 | Mem:5.75M, Peak:5.75M | Scene, RenderLayer | Updating Objects Flags
Fra:1 Mem:21.31M (0.00M, Peak 21.85M) | Time:00:00.11 | Mem:5.75M, Peak:5.75M | Scene, RenderLayer | Updating Images
Fra:1 Mem:21.31M (0.00M, Peak 21.85M) | Time:00:00.11 | Mem:5.75M, Peak:5.75M | Scene, RenderLayer | Updating Camera Volume
Fra:1 Mem:21.31M (0.00M, Peak 21.85M) | Time:00:00.11 | Mem:5.75M, Peak:5.75M | Scene, RenderLayer | Updating Hair Systems
Fra:1 Mem:21.31M (0.00M, Peak 21.85M) | Time:00:00.11 | Mem:5.75M, Peak:5.75M | Scene, RenderLayer | Updating Hair settings | Copying Hair settings to device
Fra:1 Mem:21.31M (0.00M, Peak 21.85M) | Time:00:00.11 | Mem:5.75M, Peak:5.75M | Scene, RenderLayer | Updating Lookup Tables
Fra:1 Mem:21.31M (0.00M, Peak 21.85M) | Time:00:00.11 | Mem:6.00M, Peak:6.00M | Scene, RenderLayer | Updating Lights
Fra:1 Mem:21.31M (0.00M, Peak 21.85M) | Time:00:00.11 | Mem:6.00M, Peak:6.00M | Scene, RenderLayer | Updating Lights | Computing distribution
Fra:1 Mem:21.31M (0.00M, Peak 21.85M) | Time:00:00.11 | Mem:6.00M, Peak:6.00M | Scene, RenderLayer | Updating Particle Systems
Fra:1 Mem:21.31M (0.00M, Peak 21.85M) | Time:00:00.11 | Mem:6.00M, Peak:6.00M | Scene, RenderLayer | Updating Particle Systems | Copying Particles to device
Fra:1 Mem:21.31M (0.00M, Peak 21.85M) | Time:00:00.11 | Mem:6.00M, Peak:6.00M | Scene, RenderLayer | Updating Integrator
Fra:1 Mem:21.35M (0.00M, Peak 21.85M) | Time:00:00.11 | Mem:6.04M, Peak:6.04M | Scene, RenderLayer | Updating Film
Fra:1 Mem:21.36M (0.00M, Peak 21.85M) | Time:00:00.11 | Mem:6.04M, Peak:6.04M | Scene, RenderLayer | Updating Lookup Tables
Fra:1 Mem:21.36M (0.00M, Peak 21.85M) | Time:00:00.11 | Mem:6.05M, Peak:6.05M | Scene, RenderLayer | Updating Baking
Fra:1 Mem:21.36M (0.00M, Peak 21.85M) | Time:00:00.11 | Mem:6.05M, Peak:6.05M | Scene, RenderLayer | Updating Device | Writing constant memory
Fra:1 Mem:21.36M (0.00M, Peak 21.85M) | Time:00:00.11 | Mem:6.05M, Peak:6.05M | Scene, RenderLayer | Path Tracing Tile 0/4, Sample 0/512
Fra:1 Mem:23.61M (0.00M, Peak 24.86M) | Time:00:00.11 | Mem:8.30M, Peak:8.30M | Scene, RenderLayer | Path Tracing Tile 1/4, Sample 0/512
Fra:1 Mem:23.61M (0.00M, Peak 25.86M) | Time:00:01.12 | Remaining:00:11.97 | Mem:8.30M, Peak:8.30M | Scene, RenderLayer | Path Tracing Tile 1/4, Sample 93/512
Fra:1 Mem:23.61M (0.00M, Peak 25.86M) | Time:00:02.13 | Remaining:00:10.92 | Mem:8.30M, Peak:8.30M | Scene, RenderLayer | Path Tracing Tile 1/4, Sample 187/512
Fra:1 Mem:23.61M (0.00M, Peak 25.86M) | Time:00:03.14 | Remaining:00:09.89 | Mem:8.30M, Peak:8.30M | Scene, RenderLayer | Path Tracing Tile 1/4, Sample 281/512
Fra:1 Mem:23.61M (0.00M, Peak 25.86M) | Time:00:04.15 | Remaining:00:08.88 | Mem:8.30M, Peak:8.30M | Scene, RenderLayer | Path Tracing Tile 1/4, Sample 375/512
Fra:1 Mem:23.61M (0.00M, Peak 25.86M) | Time:00:05.16 | Remaining:00:07.89 | Mem:8.30M, Peak:8.30M | Scene, RenderLayer | Path Tracing Tile 1/4, Sample 468/512
Fra:1 Mem:21.36M (0.00M, Peak 25.86M) | Time:00:05.64 | Remaining:00:07.42 | Mem:6.05M, Peak:8.30M | Scene, RenderLayer | Path Tracing Tile 1/4, Sample 512/512
Fra:1 Mem:23.32M (0.00M, Peak 25.86M) | Time:00:05.64 | Remaining:00:07.42 | Mem:8.02M, Peak:8.30M | Scene, RenderLayer | Path Tracing Tile 2/4, Sample 512/512
Fra:1 Mem:23.32M (0.00M, Peak 25.86M) | Time:00:06.16 | Remaining:00:06.93 | Mem:8.02M, Peak:8.30M | Scene, RenderLayer | Path Tracing Tile 2/4, Sample 54/512
Fra:1 Mem:23.32M (0.00M, Peak 25.86M) | Time:00:07.17 | Remaining:00:05.98 | Mem:8.02M, Peak:8.30M | Scene, RenderLayer | Path Tracing Tile 2/4, Sample 157/512
Fra:1 Mem:23.32M (0.00M, Peak 25.86M) | Time:00:08.18 | Remaining:00:05.02 | Mem:8.02M, Peak:8.30M | Scene, RenderLayer | Path Tracing Tile 2/4, Sample 260/512
Fra:1 Mem:23.32M (0.00M, Peak 25.86M) | Time:00:09.19 | Remaining:00:04.05 | Mem:8.02M, Peak:8.30M | Scene, RenderLayer | Path Tracing Tile 2/4, Sample 363/512
Fra:1 Mem:23.32M (0.00M, Peak 25.86M) | Time:00:10.19 | Remaining:00:03.08 | Mem:8.02M, Peak:8.30M | Scene, RenderLayer | Path Tracing Tile 2/4, Sample 465/512
Fra:1 Mem:21.36M (0.00M, Peak 25.86M) | Time:00:10.66 | Remaining:00:02.63 | Mem:6.05M, Peak:8.30M | Scene, RenderLayer | Path Tracing Tile 2/4, Sample 512/512
Fra:1 Mem:21.92M (0.00M, Peak 25.86M) | Time:00:10.66 | Remaining:00:02.63 | Mem:6.61M, Peak:8.30M | Scene, RenderLayer | Path Tracing Tile 3/4, Sample 512/512
Fra:1 Mem:21.92M (0.00M, Peak 25.86M) | Time:00:11.19 | Remaining:00:02.32 | Mem:6.61M, Peak:8.30M | Scene, RenderLayer | Path Tracing Tile 3/4, Sample 126/512
Fra:1 Mem:21.92M (0.00M, Peak 25.86M) | Time:00:12.19 | Remaining:00:01.72 | Mem:6.61M, Peak:8.30M | Scene, RenderLayer | Path Tracing Tile 3/4, Sample 361/512
Fra:1 Mem:21.36M (0.00M, Peak 25.86M) | Time:00:12.85 | Remaining:00:01.31 | Mem:6.05M, Peak:8.30M | Scene, RenderLayer | Path Tracing Tile 3/4, Sample 512/512
Fra:1 Mem:21.85M (0.00M, Peak 25.86M) | Time:00:12.85 | Remaining:00:01.31 | Mem:6.54M, Peak:8.30M | Scene, RenderLayer | Path Tracing Tile 4/4, Sample 512/512
Fra:1 Mem:21.85M (0.00M, Peak 25.86M) | Time:00:13.19 | Remaining:00:01.09 | Mem:6.54M, Peak:8.30M | Scene, RenderLayer | Path Tracing Tile 4/4, Sample 88/512
Fra:1 Mem:21.85M (0.00M, Peak 25.86M) | Time:00:14.20 | Remaining:00:00.45 | Mem:6.54M, Peak:8.30M | Scene, RenderLayer | Path Tracing Tile 4/4, Sample 340/512
Fra:1 Mem:21.36M (0.00M, Peak 25.86M) | Time:00:14.88 | Mem:6.05M, Peak:8.30M | Scene, RenderLayer | Path Tracing Tile 4/4, Sample 512/512
Fra:1 Mem:21.36M (0.00M, Peak 25.86M) | Time:00:14.88 | Mem:6.05M, Peak:8.30M | Scene, RenderLayer | Finished
Fra:1 Mem:12.29M (0.00M, Peak 25.86M) | Time:00:14.96 | Sce: Scene Ve:0 Fa:0 La:0
Saved: 'data/clevr-cleaned-variants/assimilation/fovariant-2/render/images/CLEVR_val_000001.png'
 Time: 00:15.00 (Saving: 00:00.03)

read blend: /home/ubuntu/vdp/data/clevr_scene_data/base_scene.blend
convertViewVec: called in an invalid context
convertViewVec: called in an invalid context
convertViewVec: called in an invalid context
Fra:1 Mem:13.85M (0.00M, Peak 13.85M) | Time:00:00.00 | Preparing Scene data
Fra:1 Mem:18.45M (0.00M, Peak 19.44M) | Time:00:00.00 | Preparing Scene data
Fra:1 Mem:18.45M (0.00M, Peak 19.44M) | Time:00:00.00 | Creating Shadowbuffers
Fra:1 Mem:18.45M (0.00M, Peak 19.44M) | Time:00:00.00 | Raytree.. preparing
Fra:1 Mem:23.36M (0.00M, Peak 23.36M) | Time:00:00.01 | Raytree.. building
Fra:1 Mem:23.09M (0.00M, Peak 30.75M) | Time:00:00.09 | Raytree finished
Fra:1 Mem:23.09M (0.00M, Peak 30.75M) | Time:00:00.09 | Creating Environment maps
Fra:1 Mem:23.09M (0.00M, Peak 30.75M) | Time:00:00.09 | Caching Point Densities
Fra:1 Mem:23.09M (0.00M, Peak 30.75M) | Time:00:00.09 | Sce: Scene Ve:34476 Fa:35712 La:1
Fra:1 Mem:23.09M (0.00M, Peak 30.75M) | Time:00:00.09 | Loading voxel datasets
Fra:1 Mem:23.09M (0.00M, Peak 30.75M) | Time:00:00.09 | Sce: Scene Ve:34476 Fa:35712 La:1
Fra:1 Mem:23.09M (0.00M, Peak 30.75M) | Time:00:00.09 | Sce: Scene Ve:34476 Fa:35712 La:1
Fra:1 Mem:23.09M (0.00M, Peak 30.75M) | Time:00:00.09 | Volume preprocessing
Fra:1 Mem:23.09M (0.00M, Peak 30.75M) | Time:00:00.09 | Sce: Scene Ve:34476 Fa:35712 La:1
Fra:1 Mem:23.09M (0.00M, Peak 30.75M) | Time:00:00.09 | Sce: Scene Ve:34476 Fa:35712 La:1
Fra:1 Mem:27.16M (0.00M, Peak 30.75M) | Time:00:00.09 | Scene, Part 3-4
Fra:1 Mem:27.12M (0.00M, Peak 30.75M) | Time:00:00.09 | Scene, Part 4-4
Fra:1 Mem:26.18M (0.00M, Peak 30.75M) | Time:00:00.10 | Scene, Part 2-4
Fra:1 Mem:24.34M (0.00M, Peak 30.75M) | Time:00:00.10 | Scene, Part 1-4
Fra:1 Mem:13.74M (0.00M, Peak 30.75M) | Time:00:00.10 | Sce: Scene Ve:34476 Fa:35712 La:1
Saved: '/tmp/tmpb7_zw6ai.png'
 Time: 00:00.12 (Saving: 00:00.01)

Fra:1 Mem:13.77M (0.00M, Peak 14.36M) | Time:00:00.04 | Mem:0.00M, Peak:0.00M | Scene, RenderLayer | Synchronizing object | Area
Fra:1 Mem:13.77M (0.00M, Peak 14.36M) | Time:00:00.04 | Mem:0.00M, Peak:0.00M | Scene, RenderLayer | Synchronizing object | Ground
Fra:1 Mem:13.84M (0.00M, Peak 14.36M) | Time:00:00.04 | Mem:0.00M, Peak:0.00M | Scene, RenderLayer | Synchronizing object | Empty
Fra:1 Mem:13.84M (0.00M, Peak 14.36M) | Time:00:00.04 | Mem:0.00M, Peak:0.00M | Scene, RenderLayer | Synchronizing object | Lamp_Back
Fra:1 Mem:13.84M (0.00M, Peak 14.36M) | Time:00:00.04 | Mem:0.00M, Peak:0.00M | Scene, RenderLayer | Synchronizing object | Lamp_Fill
Fra:1 Mem:13.84M (0.00M, Peak 14.36M) | Time:00:00.04 | Mem:0.00M, Peak:0.00M | Scene, RenderLayer | Synchronizing object | Lamp_Key
Fra:1 Mem:13.84M (0.00M, Peak 14.36M) | Time:00:00.04 | Mem:0.00M, Peak:0.00M | Scene, RenderLayer | Synchronizing object | Camera
Fra:1 Mem:13.84M (0.00M, Peak 14.36M) | Time:00:00.04 | Mem:0.00M, Peak:0.00M | Scene, RenderLayer | Synchronizing object | Sphere_0
Fra:1 Mem:15.33M (0.00M, Peak 16.77M) | Time:00:00.05 | Mem:0.00M, Peak:0.00M | Scene, RenderLayer | Synchronizing object | SmoothCube_v2_0
Fra:1 Mem:15.70M (0.00M, Peak 16.77M) | Time:00:00.05 | Mem:0.00M, Peak:0.00M | Scene, RenderLayer | Synchronizing object | Sphere_1
Fra:1 Mem:17.19M (0.00M, Peak 18.63M) | Time:00:00.06 | Mem:0.00M, Peak:0.00M | Scene, RenderLayer | Initializing
Fra:1 Mem:17.19M (0.00M, Peak 18.63M) | Time:00:00.06 | Mem:0.00M, Peak:0.00M | Scene, RenderLayer | Loading render kernels (may take a few minutes the first time)
Fra:1 Mem:17.19M (0.00M, Peak 19.89M) | Time:00:00.07 | Mem:0.00M, Peak:0.00M | Scene, RenderLayer | Waiting for render to start
Fra:1 Mem:17.19M (0.00M, Peak 19.89M) | Time:00:00.07 | Mem:0.00M, Peak:0.00M | Scene, RenderLayer | Updating Scene
Fra:1 Mem:17.19M (0.00M, Peak 19.89M) | Time:00:00.07 | Mem:0.00M, Peak:0.00M | Scene, RenderLayer | Updating Shaders
Fra:1 Mem:17.44M (0.00M, Peak 19.89M) | Time:00:00.07 | Mem:0.00M, Peak:0.00M | Scene, RenderLayer | Updating Background
Fra:1 Mem:17.44M (0.00M, Peak 19.89M) | Time:00:00.07 | Mem:0.00M, Peak:0.00M | Scene, RenderLayer | Updating Camera
Fra:1 Mem:17.44M (0.00M, Peak 19.89M) | Time:00:00.07 | Mem:0.00M, Peak:0.00M | Scene, RenderLayer | Updating Meshes Flags
Fra:1 Mem:17.44M (0.00M, Peak 19.89M) | Time:00:00.07 | Mem:0.00M, Peak:0.00M | Scene, RenderLayer | Updating Objects
Fra:1 Mem:17.44M (0.00M, Peak 19.89M) | Time:00:00.07 | Mem:0.00M, Peak:0.00M | Scene, RenderLayer | Updating Objects | Copying Transformations to device
Fra:1 Mem:17.44M (0.00M, Peak 19.89M) | Time:00:00.07 | Mem:0.00M, Peak:0.00M | Scene, RenderLayer | Updating Objects | Applying Static Transformations
Fra:1 Mem:17.44M (0.00M, Peak 19.89M) | Time:00:00.07 | Mem:0.00M, Peak:0.00M | Scene, RenderLayer | Updating Meshes
Fra:1 Mem:18.52M (0.00M, Peak 19.89M) | Time:00:00.07 | Mem:0.00M, Peak:0.00M | Scene, RenderLayer | Updating Mesh | Computing attributes
Fra:1 Mem:19.05M (0.00M, Peak 19.89M) | Time:00:00.07 | Mem:0.00M, Peak:0.00M | Scene, RenderLayer | Updating Mesh | Copying Attributes to device
Fra:1 Mem:19.05M (0.00M, Peak 19.89M) | Time:00:00.08 | Mem:0.53M, Peak:0.53M | Scene, RenderLayer | Updating Scene BVH | Building
Fra:1 Mem:19.05M (0.00M, Peak 19.89M) | Time:00:00.08 | Mem:0.53M, Peak:0.53M | Scene, RenderLayer | Updating Scene BVH | Building BVH
Fra:1 Mem:23.08M (0.00M, Peak 23.08M) | Time:00:00.12 | Mem:0.53M, Peak:0.53M | Scene, RenderLayer | Updating Scene BVH | Packing BVH triangles and strands
Fra:1 Mem:26.84M (0.00M, Peak 26.84M) | Time:00:00.13 | Mem:0.53M, Peak:0.53M | Scene, RenderLayer | Updating Scene BVH | Packing BVH nodes
Fra:1 Mem:24.68M (0.00M, Peak 27.91M) | Time:00:00.13 | Mem:0.53M, Peak:0.53M | Scene, RenderLayer | Updating Scene BVH | Copying BVH to device
Fra:1 Mem:24.95M (0.00M, Peak 27.91M) | Time:00:00.13 | Mem:6.16M, Peak:6.16M | Scene, RenderLayer | Updating Mesh | Computing normals
Fra:1 Mem:27.37M (0.00M, Peak 27.91M) | Time:00:00.13 | Mem:6.16M, Peak:6.16M | Scene, RenderLayer | Updating Mesh | Copying Mesh to device
Fra:1 Mem:27.10M (0.00M, Peak 27.91M) | Time:00:00.14 | Mem:8.59M, Peak:8.59M | Scene, RenderLayer | Updating Objects Flags
Fra:1 Mem:27.10M (0.00M, Peak 27.91M) | Time:00:00.14 | Mem:8.59M, Peak:8.59M | Scene, RenderLayer | Updating Images
Fra:1 Mem:27.10M (0.00M, Peak 27.91M) | Time:00:00.14 | Mem:8.59M, Peak:8.59M | Scene, RenderLayer | Updating Camera Volume
Fra:1 Mem:27.10M (0.00M, Peak 27.91M) | Time:00:00.14 | Mem:8.59M, Peak:8.59M | Scene, RenderLayer | Updating Hair Systems
Fra:1 Mem:27.10M (0.00M, Peak 27.91M) | Time:00:00.14 | Mem:8.59M, Peak:8.59M | Scene, RenderLayer | Updating Hair settings | Copying Hair settings to device
Fra:1 Mem:27.10M (0.00M, Peak 27.91M) | Time:00:00.14 | Mem:8.59M, Peak:8.59M | Scene, RenderLayer | Updating Lookup Tables
Fra:1 Mem:27.10M (0.00M, Peak 27.91M) | Time:00:00.14 | Mem:8.84M, Peak:8.84M | Scene, RenderLayer | Updating Lights
Fra:1 Mem:27.10M (0.00M, Peak 27.91M) | Time:00:00.14 | Mem:8.84M, Peak:8.84M | Scene, RenderLayer | Updating Lights | Computing distribution
Fra:1 Mem:27.10M (0.00M, Peak 27.91M) | Time:00:00.14 | Mem:8.84M, Peak:8.84M | Scene, RenderLayer | Updating Particle Systems
Fra:1 Mem:27.10M (0.00M, Peak 27.91M) | Time:00:00.14 | Mem:8.84M, Peak:8.84M | Scene, RenderLayer | Updating Particle Systems | Copying Particles to device
Fra:1 Mem:27.10M (0.00M, Peak 27.91M) | Time:00:00.14 | Mem:8.84M, Peak:8.84M | Scene, RenderLayer | Updating Integrator
Fra:1 Mem:27.14M (0.00M, Peak 27.91M) | Time:00:00.14 | Mem:8.88M, Peak:8.88M | Scene, RenderLayer | Updating Film
Fra:1 Mem:27.15M (0.00M, Peak 27.91M) | Time:00:00.14 | Mem:8.88M, Peak:8.88M | Scene, RenderLayer | Updating Lookup Tables
Fra:1 Mem:27.15M (0.00M, Peak 27.91M) | Time:00:00.14 | Mem:8.88M, Peak:8.88M | Scene, RenderLayer | Updating Baking
Fra:1 Mem:27.15M (0.00M, Peak 27.91M) | Time:00:00.14 | Mem:8.88M, Peak:8.88M | Scene, RenderLayer | Updating Device | Writing constant memory
Fra:1 Mem:27.15M (0.00M, Peak 27.91M) | Time:00:00.14 | Mem:8.88M, Peak:8.88M | Scene, RenderLayer | Path Tracing Tile 0/4, Sample 0/512
Fra:1 Mem:29.40M (0.00M, Peak 30.65M) | Time:00:00.14 | Mem:11.13M, Peak:11.13M | Scene, RenderLayer | Path Tracing Tile 1/4, Sample 0/512
Fra:1 Mem:29.40M (0.00M, Peak 31.65M) | Time:00:01.14 | Remaining:00:12.73 | Mem:11.13M, Peak:11.13M | Scene, RenderLayer | Path Tracing Tile 1/4, Sample 88/512
Fra:1 Mem:29.40M (0.00M, Peak 31.65M) | Time:00:02.15 | Remaining:00:11.70 | Mem:11.13M, Peak:11.13M | Scene, RenderLayer | Path Tracing Tile 1/4, Sample 176/512
Fra:1 Mem:29.40M (0.00M, Peak 31.65M) | Time:00:03.15 | Remaining:00:10.69 | Mem:11.13M, Peak:11.13M | Scene, RenderLayer | Path Tracing Tile 1/4, Sample 264/512
Fra:1 Mem:29.40M (0.00M, Peak 31.65M) | Time:00:04.16 | Remaining:00:09.69 | Mem:11.13M, Peak:11.13M | Scene, RenderLayer | Path Tracing Tile 1/4, Sample 352/512
Fra:1 Mem:29.40M (0.00M, Peak 31.65M) | Time:00:05.16 | Remaining:00:08.71 | Mem:11.13M, Peak:11.13M | Scene, RenderLayer | Path Tracing Tile 1/4, Sample 439/512
Fra:1 Mem:27.15M (0.00M, Peak 31.65M) | Time:00:06.01 | Remaining:00:07.88 | Mem:8.88M, Peak:11.13M | Scene, RenderLayer | Path Tracing Tile 1/4, Sample 512/512
Fra:1 Mem:29.12M (0.00M, Peak 31.65M) | Time:00:06.01 | Remaining:00:07.89 | Mem:10.85M, Peak:11.13M | Scene, RenderLayer | Path Tracing Tile 2/4, Sample 512/512
Fra:1 Mem:29.12M (0.00M, Peak 31.65M) | Time:00:06.16 | Remaining:00:07.72 | Mem:10.85M, Peak:11.13M | Scene, RenderLayer | Path Tracing Tile 2/4, Sample 16/512
Fra:1 Mem:29.12M (0.00M, Peak 31.65M) | Time:00:07.17 | Remaining:00:06.66 | Mem:10.85M, Peak:11.13M | Scene, RenderLayer | Path Tracing Tile 2/4, Sample 119/512
Fra:1 Mem:29.12M (0.00M, Peak 31.65M) | Time:00:08.17 | Remaining:00:05.61 | Mem:10.85M, Peak:11.13M | Scene, RenderLayer | Path Tracing Tile 2/4, Sample 222/512
Fra:1 Mem:29.12M (0.00M, Peak 31.65M) | Time:00:09.18 | Remaining:00:04.58 | Mem:10.85M, Peak:11.13M | Scene, RenderLayer | Path Tracing Tile 2/4, Sample 325/512
Fra:1 Mem:29.12M (0.00M, Peak 31.65M) | Time:00:10.18 | Remaining:00:03.56 | Mem:10.85M, Peak:11.13M | Scene, RenderLayer | Path Tracing Tile 2/4, Sample 427/512
Fra:1 Mem:27.15M (0.00M, Peak 31.65M) | Time:00:11.02 | Remaining:00:02.72 | Mem:8.88M, Peak:11.13M | Scene, RenderLayer | Path Tracing Tile 2/4, Sample 512/512
Fra:1 Mem:27.71M (0.00M, Peak 31.65M) | Time:00:11.02 | Remaining:00:02.72 | Mem:9.44M, Peak:11.13M | Scene, RenderLayer | Path Tracing Tile 3/4, Sample 512/512
Fra:1 Mem:27.71M (0.00M, Peak 31.65M) | Time:00:11.18 | Remaining:00:02.62 | Mem:9.44M, Peak:11.13M | Scene, RenderLayer | Path Tracing Tile 3/4, Sample 38/512
Fra:1 Mem:27.71M (0.00M, Peak 31.65M) | Time:00:12.19 | Remaining:00:02.29 | Mem:9.44M, Peak:11.13M | Scene, RenderLayer | Path Tracing Tile 3/4, Sample 192/512
Fra:1 Mem:27.71M (0.00M, Peak 31.65M) | Time:00:13.19 | Remaining:00:01.66 | Mem:9.44M, Peak:11.13M | Scene, RenderLayer | Path Tracing Tile 3/4, Sample 417/512
Fra:1 Mem:27.15M (0.00M, Peak 31.65M) | Time:00:13.60 | Remaining:00:01.38 | Mem:8.88M, Peak:11.13M | Scene, RenderLayer | Path Tracing Tile 3/4, Sample 512/512
Fra:1 Mem:27.64M (0.00M, Peak 31.65M) | Time:00:13.60 | Remaining:00:01.38 | Mem:9.37M, Peak:11.13M | Scene, RenderLayer | Path Tracing Tile 4/4, Sample 512/512
Fra:1 Mem:27.64M (0.00M, Peak 31.65M) | Time:00:14.19 | Remaining:00:00.99 | Mem:9.37M, Peak:11.13M | Scene, RenderLayer | Path Tracing Tile 4/4, Sample 150/512
Fra:1 Mem:27.64M (0.00M, Peak 31.65M) | Time:00:15.19 | Remaining:00:00.31 | Mem:9.37M, Peak:11.13M | Scene, RenderLayer | Path Tracing Tile 4/4, Sample 401/512
Fra:1 Mem:27.15M (0.00M, Peak 31.65M) | Time:00:15.64 | Mem:8.88M, Peak:11.13M | Scene, RenderLayer | Path Tracing Tile 4/4, Sample 512/512
Fra:1 Mem:27.15M (0.00M, Peak 31.65M) | Time:00:15.64 | Mem:8.88M, Peak:11.13M | Scene, RenderLayer | Finished
Fra:1 Mem:13.76M (0.00M, Peak 31.65M) | Time:00:15.72 | Sce: Scene Ve:0 Fa:0 La:0
Saved: 'data/clevr-cleaned-variants/assimilation/fovariant-2/render/images/CLEVR_val_000002.png'
 Time: 00:15.76 (Saving: 00:00.04)

read blend: /home/ubuntu/vdp/data/clevr_scene_data/base_scene.blend
convertViewVec: called in an invalid context
convertViewVec: called in an invalid context
convertViewVec: called in an invalid context
convertViewVec: called in an invalid context
Fra:1 Mem:15.85M (0.00M, Peak 15.85M) | Time:00:00.00 | Preparing Scene data
Fra:1 Mem:22.41M (0.00M, Peak 23.39M) | Time:00:00.01 | Preparing Scene data
Fra:1 Mem:22.41M (0.00M, Peak 23.39M) | Time:00:00.01 | Creating Shadowbuffers
Fra:1 Mem:22.41M (0.00M, Peak 23.39M) | Time:00:00.01 | Raytree.. preparing
Fra:1 Mem:29.45M (0.00M, Peak 29.45M) | Time:00:00.01 | Raytree.. building
Fra:1 Mem:29.09M (0.00M, Peak 40.08M) | Time:00:00.13 | Raytree finished
Fra:1 Mem:29.09M (0.00M, Peak 40.08M) | Time:00:00.13 | Creating Environment maps
Fra:1 Mem:29.09M (0.00M, Peak 40.08M) | Time:00:00.13 | Caching Point Densities
Fra:1 Mem:29.09M (0.00M, Peak 40.08M) | Time:00:00.13 | Sce: Scene Ve:49838 Fa:51295 La:1
Fra:1 Mem:29.09M (0.00M, Peak 40.08M) | Time:00:00.13 | Loading voxel datasets
Fra:1 Mem:29.09M (0.00M, Peak 40.08M) | Time:00:00.13 | Sce: Scene Ve:49838 Fa:51295 La:1
Fra:1 Mem:29.09M (0.00M, Peak 40.08M) | Time:00:00.13 | Sce: Scene Ve:49838 Fa:51295 La:1
Fra:1 Mem:29.09M (0.00M, Peak 40.08M) | Time:00:00.13 | Volume preprocessing
Fra:1 Mem:29.09M (0.00M, Peak 40.08M) | Time:00:00.13 | Sce: Scene Ve:49838 Fa:51295 La:1
Fra:1 Mem:29.09M (0.00M, Peak 40.08M) | Time:00:00.13 | Sce: Scene Ve:49838 Fa:51295 La:1
Fra:1 Mem:32.50M (0.00M, Peak 40.08M) | Time:00:00.14 | Scene, Part 2-4
Fra:1 Mem:31.85M (0.00M, Peak 40.08M) | Time:00:00.14 | Scene, Part 3-4
Fra:1 Mem:31.37M (0.00M, Peak 40.08M) | Time:00:00.14 | Scene, Part 4-4
Fra:1 Mem:30.34M (0.00M, Peak 40.08M) | Time:00:00.14 | Scene, Part 1-4
Fra:1 Mem:15.70M (0.00M, Peak 40.08M) | Time:00:00.15 | Sce: Scene Ve:49838 Fa:51295 La:1
Saved: '/tmp/tmp4arqokzc.png'
 Time: 00:00.16 (Saving: 00:00.01)

Fra:1 Mem:15.73M (0.00M, Peak 16.33M) | Time:00:00.05 | Mem:0.00M, Peak:0.00M | Scene, RenderLayer | Synchronizing object | Area
Fra:1 Mem:15.73M (0.00M, Peak 16.33M) | Time:00:00.05 | Mem:0.00M, Peak:0.00M | Scene, RenderLayer | Synchronizing object | Ground
Fra:1 Mem:15.80M (0.00M, Peak 16.33M) | Time:00:00.05 | Mem:0.00M, Peak:0.00M | Scene, RenderLayer | Synchronizing object | Empty
Fra:1 Mem:15.80M (0.00M, Peak 16.33M) | Time:00:00.05 | Mem:0.00M, Peak:0.00M | Scene, RenderLayer | Synchronizing object | Lamp_Back
Fra:1 Mem:15.80M (0.00M, Peak 16.33M) | Time:00:00.05 | Mem:0.00M, Peak:0.00M | Scene, RenderLayer | Synchronizing object | Lamp_Fill
Fra:1 Mem:15.80M (0.00M, Peak 16.33M) | Time:00:00.05 | Mem:0.00M, Peak:0.00M | Scene, RenderLayer | Synchronizing object | Lamp_Key
Fra:1 Mem:15.80M (0.00M, Peak 16.33M) | Time:00:00.05 | Mem:0.00M, Peak:0.00M | Scene, RenderLayer | Synchronizing object | Camera
Fra:1 Mem:15.80M (0.00M, Peak 16.33M) | Time:00:00.05 | Mem:0.00M, Peak:0.00M | Scene, RenderLayer | Synchronizing object | Sphere_0
Fra:1 Mem:17.30M (0.00M, Peak 18.73M) | Time:00:00.05 | Mem:0.00M, Peak:0.00M | Scene, RenderLayer | Synchronizing object | SmoothCube_v2_0
Fra:1 Mem:17.66M (0.00M, Peak 18.73M) | Time:00:00.05 | Mem:0.00M, Peak:0.00M | Scene, RenderLayer | Synchronizing object | Sphere_1
Fra:1 Mem:19.16M (0.00M, Peak 20.59M) | Time:00:00.06 | Mem:0.00M, Peak:0.00M | Scene, RenderLayer | Synchronizing object | Sphere_2
Fra:1 Mem:20.65M (0.00M, Peak 22.09M) | Time:00:00.06 | Mem:0.00M, Peak:0.00M | Scene, RenderLayer | Initializing
Fra:1 Mem:20.65M (0.00M, Peak 22.09M) | Time:00:00.06 | Mem:0.00M, Peak:0.00M | Scene, RenderLayer | Loading render kernels (may take a few minutes the first time)
Fra:1 Mem:20.65M (0.00M, Peak 23.35M) | Time:00:00.08 | Mem:0.00M, Peak:0.00M | Scene, RenderLayer | Waiting for render to start
Fra:1 Mem:20.65M (0.00M, Peak 23.35M) | Time:00:00.08 | Mem:0.00M, Peak:0.00M | Scene, RenderLayer | Updating Scene
Fra:1 Mem:20.65M (0.00M, Peak 23.35M) | Time:00:00.08 | Mem:0.00M, Peak:0.00M | Scene, RenderLayer | Updating Shaders
Fra:1 Mem:20.90M (0.00M, Peak 23.35M) | Time:00:00.08 | Mem:0.00M, Peak:0.00M | Scene, RenderLayer | Updating Background
Fra:1 Mem:20.90M (0.00M, Peak 23.35M) | Time:00:00.08 | Mem:0.00M, Peak:0.00M | Scene, RenderLayer | Updating Camera
Fra:1 Mem:20.90M (0.00M, Peak 23.35M) | Time:00:00.08 | Mem:0.00M, Peak:0.00M | Scene, RenderLayer | Updating Meshes Flags
Fra:1 Mem:20.90M (0.00M, Peak 23.35M) | Time:00:00.08 | Mem:0.00M, Peak:0.00M | Scene, RenderLayer | Updating Objects
Fra:1 Mem:20.90M (0.00M, Peak 23.35M) | Time:00:00.08 | Mem:0.00M, Peak:0.00M | Scene, RenderLayer | Updating Objects | Copying Transformations to device
Fra:1 Mem:20.91M (0.00M, Peak 23.35M) | Time:00:00.08 | Mem:0.00M, Peak:0.00M | Scene, RenderLayer | Updating Objects | Applying Static Transformations
Fra:1 Mem:20.91M (0.00M, Peak 23.35M) | Time:00:00.08 | Mem:0.00M, Peak:0.00M | Scene, RenderLayer | Updating Meshes
Fra:1 Mem:22.45M (0.00M, Peak 23.35M) | Time:00:00.08 | Mem:0.00M, Peak:0.00M | Scene, RenderLayer | Updating Mesh | Computing attributes
Fra:1 Mem:23.21M (0.00M, Peak 23.35M) | Time:00:00.08 | Mem:0.00M, Peak:0.00M | Scene, RenderLayer | Updating Mesh | Copying Attributes to device
Fra:1 Mem:23.21M (0.00M, Peak 23.97M) | Time:00:00.08 | Mem:0.76M, Peak:0.76M | Scene, RenderLayer | Updating Scene BVH | Building
Fra:1 Mem:23.21M (0.00M, Peak 23.97M) | Time:00:00.08 | Mem:0.76M, Peak:0.76M | Scene, RenderLayer | Updating Scene BVH | Building BVH
Fra:1 Mem:29.00M (0.00M, Peak 29.00M) | Time:00:00.15 | Mem:0.76M, Peak:0.76M | Scene, RenderLayer | Updating Scene BVH | Packing BVH triangles and strands
Fra:1 Mem:34.40M (0.00M, Peak 34.40M) | Time:00:00.16 | Mem:0.76M, Peak:0.76M | Scene, RenderLayer | Updating Scene BVH | Packing BVH nodes
Fra:1 Mem:31.29M (0.00M, Peak 35.92M) | Time:00:00.17 | Mem:0.76M, Peak:0.76M | Scene, RenderLayer | Updating Scene BVH | Copying BVH to device
Fra:1 Mem:31.67M (0.00M, Peak 35.92M) | Time:00:00.17 | Mem:8.84M, Peak:8.84M | Scene, RenderLayer | Updating Mesh | Computing normals
Fra:1 Mem:35.15M (0.00M, Peak 35.92M) | Time:00:00.17 | Mem:8.84M, Peak:8.84M | Scene, RenderLayer | Updating Mesh | Copying Mesh to device
Fra:1 Mem:34.77M (0.00M, Peak 35.92M) | Time:00:00.17 | Mem:12.32M, Peak:12.32M | Scene, RenderLayer | Updating Objects Flags
Fra:1 Mem:34.77M (0.00M, Peak 35.92M) | Time:00:00.17 | Mem:12.32M, Peak:12.32M | Scene, RenderLayer | Updating Images
Fra:1 Mem:34.77M (0.00M, Peak 35.92M) | Time:00:00.17 | Mem:12.32M, Peak:12.32M | Scene, RenderLayer | Updating Camera Volume
Fra:1 Mem:34.77M (0.00M, Peak 35.92M) | Time:00:00.17 | Mem:12.32M, Peak:12.32M | Scene, RenderLayer | Updating Hair Systems
Fra:1 Mem:34.77M (0.00M, Peak 35.92M) | Time:00:00.17 | Mem:12.32M, Peak:12.32M | Scene, RenderLayer | Updating Hair settings | Copying Hair settings to device
Fra:1 Mem:34.77M (0.00M, Peak 35.92M) | Time:00:00.17 | Mem:12.32M, Peak:12.32M | Scene, RenderLayer | Updating Lookup Tables
Fra:1 Mem:34.77M (0.00M, Peak 35.92M) | Time:00:00.17 | Mem:12.57M, Peak:12.57M | Scene, RenderLayer | Updating Lights
Fra:1 Mem:34.77M (0.00M, Peak 35.92M) | Time:00:00.17 | Mem:12.57M, Peak:12.57M | Scene, RenderLayer | Updating Lights | Computing distribution
Fra:1 Mem:34.77M (0.00M, Peak 35.92M) | Time:00:00.17 | Mem:12.57M, Peak:12.57M | Scene, RenderLayer | Updating Particle Systems
Fra:1 Mem:34.77M (0.00M, Peak 35.92M) | Time:00:00.17 | Mem:12.57M, Peak:12.57M | Scene, RenderLayer | Updating Particle Systems | Copying Particles to device
Fra:1 Mem:34.77M (0.00M, Peak 35.92M) | Time:00:00.17 | Mem:12.57M, Peak:12.57M | Scene, RenderLayer | Updating Integrator
Fra:1 Mem:34.81M (0.00M, Peak 35.92M) | Time:00:00.17 | Mem:12.61M, Peak:12.61M | Scene, RenderLayer | Updating Film
Fra:1 Mem:34.81M (0.00M, Peak 35.92M) | Time:00:00.17 | Mem:12.61M, Peak:12.61M | Scene, RenderLayer | Updating Lookup Tables
Fra:1 Mem:34.81M (0.00M, Peak 35.92M) | Time:00:00.17 | Mem:12.61M, Peak:12.61M | Scene, RenderLayer | Updating Baking
Fra:1 Mem:34.81M (0.00M, Peak 35.92M) | Time:00:00.17 | Mem:12.61M, Peak:12.61M | Scene, RenderLayer | Updating Device | Writing constant memory
Fra:1 Mem:34.81M (0.00M, Peak 35.92M) | Time:00:00.17 | Mem:12.61M, Peak:12.61M | Scene, RenderLayer | Path Tracing Tile 0/4, Sample 0/512
Fra:1 Mem:37.06M (0.00M, Peak 38.31M) | Time:00:00.18 | Mem:14.86M, Peak:14.86M | Scene, RenderLayer | Path Tracing Tile 1/4, Sample 0/512
Fra:1 Mem:37.06M (0.00M, Peak 39.31M) | Time:00:01.18 | Remaining:00:10.98 | Mem:14.86M, Peak:14.86M | Scene, RenderLayer | Path Tracing Tile 1/4, Sample 101/512
Fra:1 Mem:37.06M (0.00M, Peak 39.31M) | Time:00:02.19 | Remaining:00:09.95 | Mem:14.86M, Peak:14.86M | Scene, RenderLayer | Path Tracing Tile 1/4, Sample 202/512
Fra:1 Mem:37.06M (0.00M, Peak 39.31M) | Time:00:03.19 | Remaining:00:08.93 | Mem:14.86M, Peak:14.86M | Scene, RenderLayer | Path Tracing Tile 1/4, Sample 303/512
Fra:1 Mem:37.06M (0.00M, Peak 39.31M) | Time:00:04.20 | Remaining:00:07.93 | Mem:14.86M, Peak:14.86M | Scene, RenderLayer | Path Tracing Tile 1/4, Sample 404/512
Fra:1 Mem:37.06M (0.00M, Peak 39.31M) | Time:00:05.21 | Remaining:00:06.94 | Mem:14.86M, Peak:14.86M | Scene, RenderLayer | Path Tracing Tile 1/4, Sample 504/512
Fra:1 Mem:34.81M (0.00M, Peak 39.31M) | Time:00:05.29 | Remaining:00:06.87 | Mem:12.61M, Peak:14.86M | Scene, RenderLayer | Path Tracing Tile 1/4, Sample 512/512
Fra:1 Mem:36.78M (0.00M, Peak 39.31M) | Time:00:05.29 | Remaining:00:06.87 | Mem:14.58M, Peak:14.86M | Scene, RenderLayer | Path Tracing Tile 2/4, Sample 512/512
Fra:1 Mem:36.78M (0.00M, Peak 39.31M) | Time:00:06.21 | Remaining:00:05.82 | Mem:14.58M, Peak:14.86M | Scene, RenderLayer | Path Tracing Tile 2/4, Sample 113/512
Fra:1 Mem:36.78M (0.00M, Peak 39.31M) | Time:00:07.21 | Remaining:00:04.71 | Mem:14.58M, Peak:14.86M | Scene, RenderLayer | Path Tracing Tile 2/4, Sample 236/512
Fra:1 Mem:36.78M (0.00M, Peak 39.31M) | Time:00:08.22 | Remaining:00:03.65 | Mem:14.58M, Peak:14.86M | Scene, RenderLayer | Path Tracing Tile 2/4, Sample 358/512
Fra:1 Mem:36.78M (0.00M, Peak 39.31M) | Time:00:09.22 | Remaining:00:02.61 | Mem:14.58M, Peak:14.86M | Scene, RenderLayer | Path Tracing Tile 2/4, Sample 479/512
Fra:1 Mem:34.81M (0.00M, Peak 39.31M) | Time:00:09.49 | Remaining:00:02.32 | Mem:12.61M, Peak:14.86M | Scene, RenderLayer | Path Tracing Tile 2/4, Sample 512/512
Fra:1 Mem:35.37M (0.00M, Peak 39.31M) | Time:00:09.49 | Remaining:00:02.32 | Mem:13.18M, Peak:14.86M | Scene, RenderLayer | Path Tracing Tile 3/4, Sample 512/512
Fra:1 Mem:35.37M (0.00M, Peak 39.31M) | Time:00:10.22 | Remaining:00:01.96 | Mem:13.18M, Peak:14.86M | Scene, RenderLayer | Path Tracing Tile 3/4, Sample 174/512
Fra:1 Mem:35.37M (0.00M, Peak 39.31M) | Time:00:11.22 | Remaining:00:01.42 | Mem:13.18M, Peak:14.86M | Scene, RenderLayer | Path Tracing Tile 3/4, Sample 413/512
Fra:1 Mem:34.81M (0.00M, Peak 39.31M) | Time:00:11.64 | Remaining:00:01.17 | Mem:12.61M, Peak:14.86M | Scene, RenderLayer | Path Tracing Tile 3/4, Sample 512/512
Fra:1 Mem:35.30M (0.00M, Peak 39.31M) | Time:00:11.64 | Remaining:00:01.17 | Mem:13.11M, Peak:14.86M | Scene, RenderLayer | Path Tracing Tile 4/4, Sample 512/512
Fra:1 Mem:35.30M (0.00M, Peak 39.31M) | Time:00:12.22 | Remaining:00:00.84 | Mem:13.11M, Peak:14.86M | Scene, RenderLayer | Path Tracing Tile 4/4, Sample 152/512
Fra:1 Mem:35.30M (0.00M, Peak 39.31M) | Time:00:13.22 | Remaining:00:00.24 | Mem:13.11M, Peak:14.86M | Scene, RenderLayer | Path Tracing Tile 4/4, Sample 411/512
Fra:1 Mem:34.81M (0.00M, Peak 39.31M) | Time:00:13.62 | Mem:12.61M, Peak:14.86M | Scene, RenderLayer | Path Tracing Tile 4/4, Sample 512/512
Fra:1 Mem:34.81M (0.00M, Peak 39.31M) | Time:00:13.62 | Mem:12.61M, Peak:14.86M | Scene, RenderLayer | Finished
Fra:1 Mem:15.73M (0.00M, Peak 39.31M) | Time:00:13.70 | Sce: Scene Ve:0 Fa:0 La:0
Saved: 'data/clevr-cleaned-variants/assimilation/fovariant-2/render/images/CLEVR_val_000003.png'
 Time: 00:13.74 (Saving: 00:00.03)

read blend: /home/ubuntu/vdp/data/clevr_scene_data/base_scene.blend
convertViewVec: called in an invalid context
convertViewVec: called in an invalid context
convertViewVec: called in an invalid context
convertViewVec: called in an invalid context
Fra:1 Mem:18.16M (0.00M, Peak 18.16M) | Time:00:00.00 | Preparing Scene data
Fra:1 Mem:26.85M (0.00M, Peak 27.83M) | Time:00:00.01 | Preparing Scene data
Fra:1 Mem:26.85M (0.00M, Peak 27.83M) | Time:00:00.01 | Creating Shadowbuffers
Fra:1 Mem:26.85M (0.00M, Peak 27.83M) | Time:00:00.01 | Raytree.. preparing
Fra:1 Mem:36.30M (0.00M, Peak 36.30M) | Time:00:00.02 | Raytree.. building
Fra:1 Mem:35.79M (0.00M, Peak 50.56M) | Time:00:00.18 | Raytree finished
Fra:1 Mem:35.79M (0.00M, Peak 50.56M) | Time:00:00.18 | Creating Environment maps
Fra:1 Mem:35.79M (0.00M, Peak 50.56M) | Time:00:00.18 | Caching Point Densities
Fra:1 Mem:35.79M (0.00M, Peak 50.56M) | Time:00:00.18 | Sce: Scene Ve:69806 Fa:68851 La:1
Fra:1 Mem:35.79M (0.00M, Peak 50.56M) | Time:00:00.18 | Loading voxel datasets
Fra:1 Mem:35.79M (0.00M, Peak 50.56M) | Time:00:00.18 | Sce: Scene Ve:69806 Fa:68851 La:1
Fra:1 Mem:35.79M (0.00M, Peak 50.56M) | Time:00:00.18 | Sce: Scene Ve:69806 Fa:68851 La:1
Fra:1 Mem:35.79M (0.00M, Peak 50.56M) | Time:00:00.18 | Volume preprocessing
Fra:1 Mem:35.79M (0.00M, Peak 50.56M) | Time:00:00.18 | Sce: Scene Ve:69806 Fa:68851 La:1
Fra:1 Mem:35.79M (0.00M, Peak 50.56M) | Time:00:00.18 | Sce: Scene Ve:69806 Fa:68851 La:1
Fra:1 Mem:39.86M (0.00M, Peak 50.56M) | Time:00:00.18 | Scene, Part 3-4
Fra:1 Mem:39.82M (0.00M, Peak 50.56M) | Time:00:00.18 | Scene, Part 4-4
Fra:1 Mem:38.89M (0.00M, Peak 50.56M) | Time:00:00.20 | Scene, Part 2-4
Fra:1 Mem:37.04M (0.00M, Peak 50.56M) | Time:00:00.20 | Scene, Part 1-4
Fra:1 Mem:18.01M (0.00M, Peak 50.56M) | Time:00:00.20 | Sce: Scene Ve:69806 Fa:68851 La:1
Saved: '/tmp/tmp0h_l87q0.png'
 Time: 00:00.22 (Saving: 00:00.01)

Fra:1 Mem:18.04M (0.00M, Peak 18.64M) | Time:00:00.04 | Mem:0.00M, Peak:0.00M | Scene, RenderLayer | Synchronizing object | Area
Fra:1 Mem:18.04M (0.00M, Peak 18.64M) | Time:00:00.04 | Mem:0.00M, Peak:0.00M | Scene, RenderLayer | Synchronizing object | Ground
Fra:1 Mem:18.11M (0.00M, Peak 18.64M) | Time:00:00.05 | Mem:0.00M, Peak:0.00M | Scene, RenderLayer | Synchronizing object | Empty
Fra:1 Mem:18.11M (0.00M, Peak 18.64M) | Time:00:00.05 | Mem:0.00M, Peak:0.00M | Scene, RenderLayer | Synchronizing object | Lamp_Back
Fra:1 Mem:18.11M (0.00M, Peak 18.64M) | Time:00:00.05 | Mem:0.00M, Peak:0.00M | Scene, RenderLayer | Synchronizing object | Lamp_Fill
Fra:1 Mem:18.11M (0.00M, Peak 18.64M) | Time:00:00.05 | Mem:0.00M, Peak:0.00M | Scene, RenderLayer | Synchronizing object | Lamp_Key
Fra:1 Mem:18.11M (0.00M, Peak 18.64M) | Time:00:00.05 | Mem:0.00M, Peak:0.00M | Scene, RenderLayer | Synchronizing object | Camera
Fra:1 Mem:18.11M (0.00M, Peak 18.64M) | Time:00:00.05 | Mem:0.00M, Peak:0.00M | Scene, RenderLayer | Synchronizing object | SmoothCylinder_0
Fra:1 Mem:21.43M (0.00M, Peak 24.52M) | Time:00:00.06 | Mem:0.00M, Peak:0.00M | Scene, RenderLayer | Synchronizing object | Sphere_0
Fra:1 Mem:22.93M (0.00M, Peak 24.52M) | Time:00:00.06 | Mem:0.00M, Peak:0.00M | Scene, RenderLayer | Synchronizing object | SmoothCube_v2_0
Fra:1 Mem:23.29M (0.00M, Peak 24.52M) | Time:00:00.06 | Mem:0.00M, Peak:0.00M | Scene, RenderLayer | Synchronizing object | Sphere_1
Fra:1 Mem:24.79M (0.00M, Peak 26.22M) | Time:00:00.07 | Mem:0.00M, Peak:0.00M | Scene, RenderLayer | Initializing
Fra:1 Mem:24.79M (0.00M, Peak 26.22M) | Time:00:00.07 | Mem:0.00M, Peak:0.00M | Scene, RenderLayer | Loading render kernels (may take a few minutes the first time)
Fra:1 Mem:24.79M (0.00M, Peak 27.49M) | Time:00:00.08 | Mem:0.00M, Peak:0.00M | Scene, RenderLayer | Waiting for render to start
Fra:1 Mem:24.79M (0.00M, Peak 27.49M) | Time:00:00.08 | Mem:0.00M, Peak:0.00M | Scene, RenderLayer | Updating Scene
Fra:1 Mem:24.79M (0.00M, Peak 27.49M) | Time:00:00.08 | Mem:0.00M, Peak:0.00M | Scene, RenderLayer | Updating Shaders
Fra:1 Mem:25.04M (0.00M, Peak 27.49M) | Time:00:00.08 | Mem:0.00M, Peak:0.00M | Scene, RenderLayer | Updating Background
Fra:1 Mem:25.04M (0.00M, Peak 27.49M) | Time:00:00.08 | Mem:0.00M, Peak:0.00M | Scene, RenderLayer | Updating Camera
Fra:1 Mem:25.04M (0.00M, Peak 27.49M) | Time:00:00.08 | Mem:0.00M, Peak:0.00M | Scene, RenderLayer | Updating Meshes Flags
Fra:1 Mem:25.04M (0.00M, Peak 27.49M) | Time:00:00.08 | Mem:0.00M, Peak:0.00M | Scene, RenderLayer | Updating Objects
Fra:1 Mem:25.04M (0.00M, Peak 27.49M) | Time:00:00.08 | Mem:0.00M, Peak:0.00M | Scene, RenderLayer | Updating Objects | Copying Transformations to device
Fra:1 Mem:25.04M (0.00M, Peak 27.49M) | Time:00:00.09 | Mem:0.00M, Peak:0.00M | Scene, RenderLayer | Updating Objects | Applying Static Transformations
Fra:1 Mem:25.04M (0.00M, Peak 27.49M) | Time:00:00.09 | Mem:0.00M, Peak:0.00M | Scene, RenderLayer | Updating Meshes
Fra:1 Mem:27.12M (0.00M, Peak 27.49M) | Time:00:00.09 | Mem:0.00M, Peak:0.00M | Scene, RenderLayer | Updating Mesh | Computing attributes
Fra:1 Mem:28.19M (0.00M, Peak 28.19M) | Time:00:00.09 | Mem:0.00M, Peak:0.00M | Scene, RenderLayer | Updating Mesh | Copying Attributes to device
Fra:1 Mem:28.19M (0.00M, Peak 29.25M) | Time:00:00.09 | Mem:1.07M, Peak:1.07M | Scene, RenderLayer | Updating Scene BVH | Building
Fra:1 Mem:28.19M (0.00M, Peak 29.25M) | Time:00:00.09 | Mem:1.07M, Peak:1.07M | Scene, RenderLayer | Updating Scene BVH | Building BVH
Fra:1 Mem:36.00M (0.00M, Peak 36.00M) | Time:00:00.18 | Mem:1.07M, Peak:1.07M | Scene, RenderLayer | Updating Scene BVH | Packing BVH triangles and strands
Fra:1 Mem:43.29M (0.00M, Peak 43.29M) | Time:00:00.19 | Mem:1.07M, Peak:1.07M | Scene, RenderLayer | Updating Scene BVH | Packing BVH nodes
Fra:1 Mem:39.20M (0.00M, Peak 45.45M) | Time:00:00.20 | Mem:1.07M, Peak:1.07M | Scene, RenderLayer | Updating Scene BVH | Copying BVH to device
Fra:1 Mem:39.72M (0.00M, Peak 45.45M) | Time:00:00.20 | Mem:12.08M, Peak:12.08M | Scene, RenderLayer | Updating Mesh | Computing normals
Fra:1 Mem:44.46M (0.00M, Peak 45.45M) | Time:00:00.21 | Mem:12.08M, Peak:12.08M | Scene, RenderLayer | Updating Mesh | Copying Mesh to device
Fra:1 Mem:43.94M (0.00M, Peak 45.45M) | Time:00:00.21 | Mem:16.82M, Peak:16.82M | Scene, RenderLayer | Updating Objects Flags
Fra:1 Mem:43.94M (0.00M, Peak 45.45M) | Time:00:00.21 | Mem:16.82M, Peak:16.82M | Scene, RenderLayer | Updating Images
Fra:1 Mem:43.94M (0.00M, Peak 45.45M) | Time:00:00.21 | Mem:16.82M, Peak:16.82M | Scene, RenderLayer | Updating Camera Volume
Fra:1 Mem:43.94M (0.00M, Peak 45.45M) | Time:00:00.21 | Mem:16.82M, Peak:16.82M | Scene, RenderLayer | Updating Hair Systems
Fra:1 Mem:43.94M (0.00M, Peak 45.45M) | Time:00:00.21 | Mem:16.82M, Peak:16.82M | Scene, RenderLayer | Updating Hair settings | Copying Hair settings to device
Fra:1 Mem:43.94M (0.00M, Peak 45.45M) | Time:00:00.21 | Mem:16.82M, Peak:16.82M | Scene, RenderLayer | Updating Lookup Tables
Fra:1 Mem:43.94M (0.00M, Peak 45.45M) | Time:00:00.21 | Mem:17.07M, Peak:17.07M | Scene, RenderLayer | Updating Lights
Fra:1 Mem:43.94M (0.00M, Peak 45.45M) | Time:00:00.21 | Mem:17.08M, Peak:17.08M | Scene, RenderLayer | Updating Lights | Computing distribution
Fra:1 Mem:43.94M (0.00M, Peak 45.45M) | Time:00:00.21 | Mem:17.08M, Peak:17.08M | Scene, RenderLayer | Updating Particle Systems
Fra:1 Mem:43.94M (0.00M, Peak 45.45M) | Time:00:00.21 | Mem:17.08M, Peak:17.08M | Scene, RenderLayer | Updating Particle Systems | Copying Particles to device
Fra:1 Mem:43.94M (0.00M, Peak 45.45M) | Time:00:00.21 | Mem:17.08M, Peak:17.08M | Scene, RenderLayer | Updating Integrator
Fra:1 Mem:43.99M (0.00M, Peak 45.45M) | Time:00:00.21 | Mem:17.12M, Peak:17.12M | Scene, RenderLayer | Updating Film
Fra:1 Mem:43.99M (0.00M, Peak 45.45M) | Time:00:00.21 | Mem:17.12M, Peak:17.12M | Scene, RenderLayer | Updating Lookup Tables
Fra:1 Mem:43.99M (0.00M, Peak 45.45M) | Time:00:00.21 | Mem:17.12M, Peak:17.12M | Scene, RenderLayer | Updating Baking
Fra:1 Mem:43.99M (0.00M, Peak 45.45M) | Time:00:00.21 | Mem:17.12M, Peak:17.12M | Scene, RenderLayer | Updating Device | Writing constant memory
Fra:1 Mem:43.99M (0.00M, Peak 45.45M) | Time:00:00.21 | Mem:17.12M, Peak:17.12M | Scene, RenderLayer | Path Tracing Tile 0/4, Sample 0/512
Fra:1 Mem:46.24M (0.00M, Peak 47.49M) | Time:00:00.21 | Mem:19.37M, Peak:19.37M | Scene, RenderLayer | Path Tracing Tile 1/4, Sample 0/512
Fra:1 Mem:46.24M (0.00M, Peak 48.49M) | Time:00:01.22 | Remaining:00:12.77 | Mem:19.37M, Peak:19.37M | Scene, RenderLayer | Path Tracing Tile 1/4, Sample 88/512
Fra:1 Mem:46.24M (0.00M, Peak 48.49M) | Time:00:02.23 | Remaining:00:11.74 | Mem:19.37M, Peak:19.37M | Scene, RenderLayer | Path Tracing Tile 1/4, Sample 176/512
Fra:1 Mem:46.24M (0.00M, Peak 48.49M) | Time:00:03.24 | Remaining:00:10.72 | Mem:19.37M, Peak:19.37M | Scene, RenderLayer | Path Tracing Tile 1/4, Sample 264/512
Fra:1 Mem:46.24M (0.00M, Peak 48.49M) | Time:00:04.24 | Remaining:00:09.71 | Mem:19.37M, Peak:19.37M | Scene, RenderLayer | Path Tracing Tile 1/4, Sample 352/512
Fra:1 Mem:46.24M (0.00M, Peak 48.49M) | Time:00:05.25 | Remaining:00:08.72 | Mem:19.37M, Peak:19.37M | Scene, RenderLayer | Path Tracing Tile 1/4, Sample 439/512
Fra:1 Mem:43.99M (0.00M, Peak 48.49M) | Time:00:06.09 | Remaining:00:07.89 | Mem:17.12M, Peak:19.37M | Scene, RenderLayer | Path Tracing Tile 1/4, Sample 512/512
Fra:1 Mem:45.96M (0.00M, Peak 48.49M) | Time:00:06.09 | Remaining:00:07.90 | Mem:19.09M, Peak:19.37M | Scene, RenderLayer | Path Tracing Tile 2/4, Sample 512/512
Fra:1 Mem:45.96M (0.00M, Peak 48.49M) | Time:00:06.25 | Remaining:00:07.76 | Mem:19.09M, Peak:19.37M | Scene, RenderLayer | Path Tracing Tile 2/4, Sample 15/512
Fra:1 Mem:45.96M (0.00M, Peak 48.49M) | Time:00:07.25 | Remaining:00:06.82 | Mem:19.09M, Peak:19.37M | Scene, RenderLayer | Path Tracing Tile 2/4, Sample 111/512
Fra:1 Mem:45.96M (0.00M, Peak 48.49M) | Time:00:08.26 | Remaining:00:05.86 | Mem:19.09M, Peak:19.37M | Scene, RenderLayer | Path Tracing Tile 2/4, Sample 208/512
Fra:1 Mem:45.96M (0.00M, Peak 48.49M) | Time:00:09.26 | Remaining:00:04.90 | Mem:19.09M, Peak:19.37M | Scene, RenderLayer | Path Tracing Tile 2/4, Sample 304/512
Fra:1 Mem:45.96M (0.00M, Peak 48.49M) | Time:00:10.27 | Remaining:00:03.94 | Mem:19.09M, Peak:19.37M | Scene, RenderLayer | Path Tracing Tile 2/4, Sample 400/512
Fra:1 Mem:45.96M (0.00M, Peak 48.49M) | Time:00:11.27 | Remaining:00:02.97 | Mem:19.09M, Peak:19.37M | Scene, RenderLayer | Path Tracing Tile 2/4, Sample 496/512
Fra:1 Mem:43.99M (0.00M, Peak 48.49M) | Time:00:11.44 | Remaining:00:02.80 | Mem:17.12M, Peak:19.37M | Scene, RenderLayer | Path Tracing Tile 2/4, Sample 512/512
Fra:1 Mem:44.55M (0.00M, Peak 48.49M) | Time:00:11.44 | Remaining:00:02.80 | Mem:17.68M, Peak:19.37M | Scene, RenderLayer | Path Tracing Tile 3/4, Sample 512/512
Fra:1 Mem:44.55M (0.00M, Peak 48.49M) | Time:00:12.27 | Remaining:00:02.29 | Mem:17.68M, Peak:19.37M | Scene, RenderLayer | Path Tracing Tile 3/4, Sample 193/512
Fra:1 Mem:44.55M (0.00M, Peak 48.49M) | Time:00:13.28 | Remaining:00:01.63 | Mem:17.68M, Peak:19.37M | Scene, RenderLayer | Path Tracing Tile 3/4, Sample 425/512
Fra:1 Mem:43.99M (0.00M, Peak 48.49M) | Time:00:13.66 | Remaining:00:01.38 | Mem:17.12M, Peak:19.37M | Scene, RenderLayer | Path Tracing Tile 3/4, Sample 512/512
Fra:1 Mem:44.48M (0.00M, Peak 48.49M) | Time:00:13.66 | Remaining:00:01.38 | Mem:17.61M, Peak:19.37M | Scene, RenderLayer | Path Tracing Tile 4/4, Sample 512/512
Fra:1 Mem:44.48M (0.00M, Peak 48.49M) | Time:00:14.28 | Remaining:00:00.97 | Mem:17.61M, Peak:19.37M | Scene, RenderLayer | Path Tracing Tile 4/4, Sample 157/512
Fra:1 Mem:44.48M (0.00M, Peak 48.49M) | Time:00:15.28 | Remaining:00:00.28 | Mem:17.61M, Peak:19.37M | Scene, RenderLayer | Path Tracing Tile 4/4, Sample 409/512
Fra:1 Mem:43.99M (0.00M, Peak 48.49M) | Time:00:15.69 | Mem:17.12M, Peak:19.37M | Scene, RenderLayer | Path Tracing Tile 4/4, Sample 512/512
Fra:1 Mem:43.99M (0.00M, Peak 48.49M) | Time:00:15.69 | Mem:17.12M, Peak:19.37M | Scene, RenderLayer | Finished
Fra:1 Mem:18.04M (0.00M, Peak 48.49M) | Time:00:15.78 | Sce: Scene Ve:0 Fa:0 La:0
Saved: 'data/clevr-cleaned-variants/assimilation/fovariant-2/render/images/CLEVR_val_000004.png'
 Time: 00:15.82 (Saving: 00:00.04)

read blend: /home/ubuntu/vdp/data/clevr_scene_data/base_scene.blend
convertViewVec: called in an invalid context
convertViewVec: called in an invalid context
convertViewVec: called in an invalid context
Fra:1 Mem:16.17M (0.00M, Peak 16.17M) | Time:00:00.00 | Preparing Scene data
Fra:1 Mem:22.90M (0.00M, Peak 25.05M) | Time:00:00.01 | Preparing Scene data
Fra:1 Mem:22.90M (0.00M, Peak 25.05M) | Time:00:00.01 | Creating Shadowbuffers
Fra:1 Mem:22.90M (0.00M, Peak 25.05M) | Time:00:00.01 | Raytree.. preparing
Fra:1 Mem:30.22M (0.00M, Peak 30.22M) | Time:00:00.02 | Raytree.. building
Fra:1 Mem:29.83M (0.00M, Peak 41.26M) | Time:00:00.13 | Raytree finished
Fra:1 Mem:29.83M (0.00M, Peak 41.26M) | Time:00:00.13 | Creating Environment maps
Fra:1 Mem:29.83M (0.00M, Peak 41.26M) | Time:00:00.13 | Caching Point Densities
Fra:1 Mem:29.83M (0.00M, Peak 41.26M) | Time:00:00.13 | Sce: Scene Ve:54444 Fa:53317 La:1
Fra:1 Mem:29.83M (0.00M, Peak 41.26M) | Time:00:00.13 | Loading voxel datasets
Fra:1 Mem:29.83M (0.00M, Peak 41.26M) | Time:00:00.13 | Sce: Scene Ve:54444 Fa:53317 La:1
Fra:1 Mem:29.83M (0.00M, Peak 41.26M) | Time:00:00.13 | Sce: Scene Ve:54444 Fa:53317 La:1
Fra:1 Mem:29.83M (0.00M, Peak 41.26M) | Time:00:00.13 | Volume preprocessing
Fra:1 Mem:29.83M (0.00M, Peak 41.26M) | Time:00:00.13 | Sce: Scene Ve:54444 Fa:53317 La:1
Fra:1 Mem:29.83M (0.00M, Peak 41.26M) | Time:00:00.13 | Sce: Scene Ve:54444 Fa:53317 La:1
Fra:1 Mem:33.90M (0.00M, Peak 41.26M) | Time:00:00.14 | Scene, Part 3-4
Fra:1 Mem:33.86M (0.00M, Peak 41.26M) | Time:00:00.14 | Scene, Part 4-4
Fra:1 Mem:32.84M (0.00M, Peak 41.26M) | Time:00:00.15 | Scene, Part 1-4
Fra:1 Mem:30.93M (0.00M, Peak 41.26M) | Time:00:00.15 | Scene, Part 2-4
Fra:1 Mem:16.06M (0.00M, Peak 41.26M) | Time:00:00.16 | Sce: Scene Ve:54444 Fa:53317 La:1
Saved: '/tmp/tmpp6_0q6lx.png'
 Time: 00:00.17 (Saving: 00:00.01)

Fra:1 Mem:16.09M (0.00M, Peak 16.68M) | Time:00:00.05 | Mem:0.00M, Peak:0.00M | Scene, RenderLayer | Synchronizing object | Area
Fra:1 Mem:16.09M (0.00M, Peak 16.68M) | Time:00:00.05 | Mem:0.00M, Peak:0.00M | Scene, RenderLayer | Synchronizing object | Ground
Fra:1 Mem:16.16M (0.00M, Peak 16.68M) | Time:00:00.05 | Mem:0.00M, Peak:0.00M | Scene, RenderLayer | Synchronizing object | Empty
Fra:1 Mem:16.16M (0.00M, Peak 16.68M) | Time:00:00.05 | Mem:0.00M, Peak:0.00M | Scene, RenderLayer | Synchronizing object | Lamp_Back
Fra:1 Mem:16.16M (0.00M, Peak 16.68M) | Time:00:00.05 | Mem:0.00M, Peak:0.00M | Scene, RenderLayer | Synchronizing object | Lamp_Fill
Fra:1 Mem:16.16M (0.00M, Peak 16.68M) | Time:00:00.05 | Mem:0.00M, Peak:0.00M | Scene, RenderLayer | Synchronizing object | Lamp_Key
Fra:1 Mem:16.16M (0.00M, Peak 16.68M) | Time:00:00.05 | Mem:0.00M, Peak:0.00M | Scene, RenderLayer | Synchronizing object | Camera
Fra:1 Mem:16.16M (0.00M, Peak 16.68M) | Time:00:00.05 | Mem:0.00M, Peak:0.00M | Scene, RenderLayer | Synchronizing object | Sphere_0
Fra:1 Mem:17.65M (0.00M, Peak 19.09M) | Time:00:00.05 | Mem:0.00M, Peak:0.00M | Scene, RenderLayer | Synchronizing object | SmoothCube_v2_0
Fra:1 Mem:18.02M (0.00M, Peak 19.09M) | Time:00:00.05 | Mem:0.00M, Peak:0.00M | Scene, RenderLayer | Synchronizing object | SmoothCylinder_0
Fra:1 Mem:21.34M (0.00M, Peak 24.42M) | Time:00:00.06 | Mem:0.00M, Peak:0.00M | Scene, RenderLayer | Initializing
Fra:1 Mem:21.34M (0.00M, Peak 24.42M) | Time:00:00.06 | Mem:0.00M, Peak:0.00M | Scene, RenderLayer | Loading render kernels (may take a few minutes the first time)
Fra:1 Mem:21.34M (0.00M, Peak 24.42M) | Time:00:00.08 | Mem:0.00M, Peak:0.00M | Scene, RenderLayer | Waiting for render to start
Fra:1 Mem:21.34M (0.00M, Peak 24.42M) | Time:00:00.08 | Mem:0.00M, Peak:0.00M | Scene, RenderLayer | Updating Scene
Fra:1 Mem:21.34M (0.00M, Peak 24.42M) | Time:00:00.08 | Mem:0.00M, Peak:0.00M | Scene, RenderLayer | Updating Shaders
Fra:1 Mem:21.59M (0.00M, Peak 24.42M) | Time:00:00.08 | Mem:0.00M, Peak:0.00M | Scene, RenderLayer | Updating Background
Fra:1 Mem:21.59M (0.00M, Peak 24.42M) | Time:00:00.08 | Mem:0.00M, Peak:0.00M | Scene, RenderLayer | Updating Camera
Fra:1 Mem:21.59M (0.00M, Peak 24.42M) | Time:00:00.08 | Mem:0.00M, Peak:0.00M | Scene, RenderLayer | Updating Meshes Flags
Fra:1 Mem:21.59M (0.00M, Peak 24.42M) | Time:00:00.08 | Mem:0.00M, Peak:0.00M | Scene, RenderLayer | Updating Objects
Fra:1 Mem:21.59M (0.00M, Peak 24.42M) | Time:00:00.08 | Mem:0.00M, Peak:0.00M | Scene, RenderLayer | Updating Objects | Copying Transformations to device
Fra:1 Mem:21.59M (0.00M, Peak 24.42M) | Time:00:00.08 | Mem:0.00M, Peak:0.00M | Scene, RenderLayer | Updating Objects | Applying Static Transformations
Fra:1 Mem:21.59M (0.00M, Peak 24.42M) | Time:00:00.08 | Mem:0.00M, Peak:0.00M | Scene, RenderLayer | Updating Meshes
Fra:1 Mem:23.20M (0.00M, Peak 24.42M) | Time:00:00.09 | Mem:0.00M, Peak:0.00M | Scene, RenderLayer | Updating Mesh | Computing attributes
Fra:1 Mem:24.04M (0.00M, Peak 24.42M) | Time:00:00.09 | Mem:0.00M, Peak:0.00M | Scene, RenderLayer | Updating Mesh | Copying Attributes to device
Fra:1 Mem:24.04M (0.00M, Peak 24.87M) | Time:00:00.09 | Mem:0.83M, Peak:0.83M | Scene, RenderLayer | Updating Scene BVH | Building
Fra:1 Mem:24.04M (0.00M, Peak 24.87M) | Time:00:00.09 | Mem:0.83M, Peak:0.83M | Scene, RenderLayer | Updating Scene BVH | Building BVH
Fra:1 Mem:30.09M (0.00M, Peak 30.09M) | Time:00:00.16 | Mem:0.83M, Peak:0.83M | Scene, RenderLayer | Updating Scene BVH | Packing BVH triangles and strands
Fra:1 Mem:35.74M (0.00M, Peak 35.74M) | Time:00:00.16 | Mem:0.83M, Peak:0.83M | Scene, RenderLayer | Updating Scene BVH | Packing BVH nodes
Fra:1 Mem:32.59M (0.00M, Peak 37.43M) | Time:00:00.17 | Mem:0.83M, Peak:0.83M | Scene, RenderLayer | Updating Scene BVH | Copying BVH to device
Fra:1 Mem:32.99M (0.00M, Peak 37.43M) | Time:00:00.17 | Mem:9.38M, Peak:9.38M | Scene, RenderLayer | Updating Mesh | Computing normals
Fra:1 Mem:36.68M (0.00M, Peak 37.43M) | Time:00:00.18 | Mem:9.38M, Peak:9.38M | Scene, RenderLayer | Updating Mesh | Copying Mesh to device
Fra:1 Mem:36.27M (0.00M, Peak 37.43M) | Time:00:00.18 | Mem:13.07M, Peak:13.07M | Scene, RenderLayer | Updating Objects Flags
Fra:1 Mem:36.27M (0.00M, Peak 37.43M) | Time:00:00.18 | Mem:13.07M, Peak:13.07M | Scene, RenderLayer | Updating Images
Fra:1 Mem:36.27M (0.00M, Peak 37.43M) | Time:00:00.18 | Mem:13.07M, Peak:13.07M | Scene, RenderLayer | Updating Camera Volume
Fra:1 Mem:36.27M (0.00M, Peak 37.43M) | Time:00:00.18 | Mem:13.07M, Peak:13.07M | Scene, RenderLayer | Updating Hair Systems
Fra:1 Mem:36.27M (0.00M, Peak 37.43M) | Time:00:00.18 | Mem:13.07M, Peak:13.07M | Scene, RenderLayer | Updating Hair settings | Copying Hair settings to device
Fra:1 Mem:36.27M (0.00M, Peak 37.43M) | Time:00:00.18 | Mem:13.07M, Peak:13.07M | Scene, RenderLayer | Updating Lookup Tables
Fra:1 Mem:36.27M (0.00M, Peak 37.43M) | Time:00:00.18 | Mem:13.32M, Peak:13.32M | Scene, RenderLayer | Updating Lights
Fra:1 Mem:36.27M (0.00M, Peak 37.43M) | Time:00:00.18 | Mem:13.32M, Peak:13.32M | Scene, RenderLayer | Updating Lights | Computing distribution
Fra:1 Mem:36.27M (0.00M, Peak 37.43M) | Time:00:00.18 | Mem:13.32M, Peak:13.32M | Scene, RenderLayer | Updating Particle Systems
Fra:1 Mem:36.27M (0.00M, Peak 37.43M) | Time:00:00.18 | Mem:13.32M, Peak:13.32M | Scene, RenderLayer | Updating Particle Systems | Copying Particles to device
Fra:1 Mem:36.27M (0.00M, Peak 37.43M) | Time:00:00.18 | Mem:13.32M, Peak:13.32M | Scene, RenderLayer | Updating Integrator
Fra:1 Mem:36.32M (0.00M, Peak 37.43M) | Time:00:00.18 | Mem:13.36M, Peak:13.36M | Scene, RenderLayer | Updating Film
Fra:1 Mem:36.32M (0.00M, Peak 37.43M) | Time:00:00.18 | Mem:13.36M, Peak:13.36M | Scene, RenderLayer | Updating Lookup Tables
Fra:1 Mem:36.32M (0.00M, Peak 37.43M) | Time:00:00.18 | Mem:13.37M, Peak:13.37M | Scene, RenderLayer | Updating Baking
Fra:1 Mem:36.32M (0.00M, Peak 37.43M) | Time:00:00.18 | Mem:13.37M, Peak:13.37M | Scene, RenderLayer | Updating Device | Writing constant memory
Fra:1 Mem:36.32M (0.00M, Peak 37.43M) | Time:00:00.18 | Mem:13.37M, Peak:13.37M | Scene, RenderLayer | Path Tracing Tile 0/4, Sample 0/512
Fra:1 Mem:38.57M (0.00M, Peak 39.82M) | Time:00:00.18 | Mem:15.62M, Peak:15.62M | Scene, RenderLayer | Path Tracing Tile 1/4, Sample 0/512
Fra:1 Mem:38.57M (0.00M, Peak 40.82M) | Time:00:01.19 | Remaining:00:12.63 | Mem:15.62M, Peak:15.62M | Scene, RenderLayer | Path Tracing Tile 1/4, Sample 89/512
Fra:1 Mem:38.57M (0.00M, Peak 40.82M) | Time:00:02.20 | Remaining:00:11.61 | Mem:15.62M, Peak:15.62M | Scene, RenderLayer | Path Tracing Tile 1/4, Sample 178/512
Fra:1 Mem:38.57M (0.00M, Peak 40.82M) | Time:00:03.21 | Remaining:00:10.60 | Mem:15.62M, Peak:15.62M | Scene, RenderLayer | Path Tracing Tile 1/4, Sample 267/512
Fra:1 Mem:38.57M (0.00M, Peak 40.82M) | Time:00:04.22 | Remaining:00:09.58 | Mem:15.62M, Peak:15.62M | Scene, RenderLayer | Path Tracing Tile 1/4, Sample 356/512
Fra:1 Mem:38.57M (0.00M, Peak 40.82M) | Time:00:05.23 | Remaining:00:08.59 | Mem:15.62M, Peak:15.62M | Scene, RenderLayer | Path Tracing Tile 1/4, Sample 444/512
Fra:1 Mem:36.32M (0.00M, Peak 40.82M) | Time:00:06.01 | Remaining:00:07.83 | Mem:13.37M, Peak:15.62M | Scene, RenderLayer | Path Tracing Tile 1/4, Sample 512/512
Fra:1 Mem:38.29M (0.00M, Peak 40.82M) | Time:00:06.01 | Remaining:00:07.83 | Mem:15.34M, Peak:15.62M | Scene, RenderLayer | Path Tracing Tile 2/4, Sample 512/512
Fra:1 Mem:38.29M (0.00M, Peak 40.82M) | Time:00:06.23 | Remaining:00:07.57 | Mem:15.34M, Peak:15.62M | Scene, RenderLayer | Path Tracing Tile 2/4, Sample 24/512
Fra:1 Mem:38.29M (0.00M, Peak 40.82M) | Time:00:07.23 | Remaining:00:06.41 | Mem:15.34M, Peak:15.62M | Scene, RenderLayer | Path Tracing Tile 2/4, Sample 133/512
Fra:1 Mem:38.29M (0.00M, Peak 40.82M) | Time:00:08.23 | Remaining:00:05.29 | Mem:15.34M, Peak:15.62M | Scene, RenderLayer | Path Tracing Tile 2/4, Sample 242/512
Fra:1 Mem:38.29M (0.00M, Peak 40.82M) | Time:00:09.23 | Remaining:00:04.21 | Mem:15.34M, Peak:15.62M | Scene, RenderLayer | Path Tracing Tile 2/4, Sample 351/512
Fra:1 Mem:38.29M (0.00M, Peak 40.82M) | Time:00:10.24 | Remaining:00:03.14 | Mem:15.34M, Peak:15.62M | Scene, RenderLayer | Path Tracing Tile 2/4, Sample 460/512
Fra:1 Mem:36.32M (0.00M, Peak 40.82M) | Time:00:10.72 | Remaining:00:02.63 | Mem:13.37M, Peak:15.62M | Scene, RenderLayer | Path Tracing Tile 2/4, Sample 512/512
Fra:1 Mem:36.88M (0.00M, Peak 40.82M) | Time:00:10.72 | Remaining:00:02.63 | Mem:13.93M, Peak:15.62M | Scene, RenderLayer | Path Tracing Tile 3/4, Sample 512/512
Fra:1 Mem:36.88M (0.00M, Peak 40.82M) | Time:00:11.24 | Remaining:00:02.34 | Mem:13.93M, Peak:15.62M | Scene, RenderLayer | Path Tracing Tile 3/4, Sample 121/512
Fra:1 Mem:36.88M (0.00M, Peak 40.82M) | Time:00:12.24 | Remaining:00:01.73 | Mem:13.93M, Peak:15.62M | Scene, RenderLayer | Path Tracing Tile 3/4, Sample 356/512
Fra:1 Mem:36.32M (0.00M, Peak 40.82M) | Time:00:12.91 | Remaining:00:01.31 | Mem:13.37M, Peak:15.62M | Scene, RenderLayer | Path Tracing Tile 3/4, Sample 512/512
Fra:1 Mem:36.81M (0.00M, Peak 40.82M) | Time:00:12.91 | Remaining:00:01.31 | Mem:13.86M, Peak:15.62M | Scene, RenderLayer | Path Tracing Tile 4/4, Sample 512/512
Fra:1 Mem:36.81M (0.00M, Peak 40.82M) | Time:00:13.24 | Remaining:00:01.10 | Mem:13.86M, Peak:15.62M | Scene, RenderLayer | Path Tracing Tile 4/4, Sample 84/512
Fra:1 Mem:36.81M (0.00M, Peak 40.82M) | Time:00:14.25 | Remaining:00:00.46 | Mem:13.86M, Peak:15.62M | Scene, RenderLayer | Path Tracing Tile 4/4, Sample 338/512
Fra:1 Mem:36.32M (0.00M, Peak 40.82M) | Time:00:14.94 | Mem:13.37M, Peak:15.62M | Scene, RenderLayer | Path Tracing Tile 4/4, Sample 512/512
Fra:1 Mem:36.32M (0.00M, Peak 40.82M) | Time:00:14.94 | Mem:13.37M, Peak:15.62M | Scene, RenderLayer | Finished
Fra:1 Mem:16.08M (0.00M, Peak 40.82M) | Time:00:15.02 | Sce: Scene Ve:0 Fa:0 La:0
Saved: 'data/clevr-cleaned-variants/assimilation/fovariant-2/render/images/CLEVR_val_000005.png'
 Time: 00:15.06 (Saving: 00:00.03)


Blender quit

INFO test_net.py:  81: Called with args:
INFO test_net.py:  82: Namespace(cfg_file='clevr_inference/scene_parse/mask_rcnn/configs/baselines/e2e_mask_rcnn_R-50-FPN_1x.yaml', clevr_comp_cat=1, dataset='clevr_original_val', grab_conv=False, images_dir='data/clevr-cleaned-variants/assimilation/fovariant-2/render/images', load_ckpt='/home/ubuntu/vdp/data/ns-vqa-data/pretrained/object_detector.pt', load_detectron=None, multi_gpu_testing=False, name=None, output_dir='data/clevr-cleaned-variants/assimilation/fovariant-2/infer/mask_rcnn', range=None, rendersummary_path='data/clevr-cleaned-variants/assimilation/fovariant-2/render/summary.json', set_cfgs=[], vis=False)
INFO test_net.py: 125: Testing with config:
INFO test_net.py: 126: {'BBOX_XFORM_CLIP': 4.135166556742356,
 'CLEVR': {'COMP_CAT': True},
 'CROP_RESIZE_WITH_MAX_POOL': True,
 'CUDA': False,
 'DATA_DIR': '/home/ubuntu/vdp/data/ns-vqa-data/mask_rcnn',
 'DATA_LOADER': {'NUM_THREADS': 4},
 'DEBUG': False,
 'DEDUP_BOXES': 0.0625,
 'EPS': 1e-14,
 'EXPECTED_RESULTS': [],
 'EXPECTED_RESULTS_ATOL': 0.005,
 'EXPECTED_RESULTS_EMAIL': '',
 'EXPECTED_RESULTS_RTOL': 0.1,
 'FAST_RCNN': {'CONV_HEAD_DIM': 256,
               'MLP_HEAD_DIM': 1024,
               'NUM_STACKED_CONVS': 4,
               'ROI_BOX_HEAD': 'fast_rcnn_heads.roi_2mlp_head',
               'ROI_XFORM_METHOD': 'RoIAlign',
               'ROI_XFORM_RESOLUTION': 7,
               'ROI_XFORM_SAMPLING_RATIO': 2},
 'FPN': {'COARSEST_STRIDE': 32,
         'DIM': 256,
         'EXTRA_CONV_LEVELS': False,
         'FPN_ON': True,
         'MULTILEVEL_ROIS': True,
         'MULTILEVEL_RPN': True,
         'ROI_CANONICAL_LEVEL': 4,
         'ROI_CANONICAL_SCALE': 224,
         'ROI_MAX_LEVEL': 5,
         'ROI_MIN_LEVEL': 2,
         'RPN_ANCHOR_START_SIZE': 32,
         'RPN_ASPECT_RATIOS': (0.5, 1, 2),
         'RPN_COLLECT_SCALE': 1,
         'RPN_MAX_LEVEL': 6,
         'RPN_MIN_LEVEL': 2,
         'USE_GN': False,
         'ZERO_INIT_LATERAL': False},
 'GROUP_NORM': {'DIM_PER_GP': -1, 'EPSILON': 1e-05, 'NUM_GROUPS': 32},
 'KRCNN': {'CONV_HEAD_DIM': 256,
           'CONV_HEAD_KERNEL': 3,
           'CONV_INIT': 'GaussianFill',
           'DECONV_DIM': 256,
           'DECONV_KERNEL': 4,
           'DILATION': 1,
           'HEATMAP_SIZE': -1,
           'INFERENCE_MIN_SIZE': 0,
           'KEYPOINT_CONFIDENCE': 'bbox',
           'LOSS_WEIGHT': 1.0,
           'MIN_KEYPOINT_COUNT_FOR_VALID_MINIBATCH': 20,
           'NMS_OKS': False,
           'NORMALIZE_BY_VISIBLE_KEYPOINTS': True,
           'NUM_KEYPOINTS': -1,
           'NUM_STACKED_CONVS': 8,
           'ROI_KEYPOINTS_HEAD': '',
           'ROI_XFORM_METHOD': 'RoIAlign',
           'ROI_XFORM_RESOLUTION': 7,
           'ROI_XFORM_SAMPLING_RATIO': 0,
           'UP_SCALE': -1,
           'USE_DECONV': False,
           'USE_DECONV_OUTPUT': False},
 'MATLAB': 'matlab',
 'MODEL': {'BBOX_REG_WEIGHTS': (10.0, 10.0, 5.0, 5.0),
           'CLS_AGNOSTIC_BBOX_REG': False,
           'CONV_BODY': 'FPN.fpn_ResNet50_conv5_body',
           'FASTER_RCNN': True,
           'KEYPOINTS_ON': False,
           'LOAD_IMAGENET_PRETRAINED_WEIGHTS': True,
           'MASK_ON': True,
           'NUM_CLASSES': 49,
           'RPN_ONLY': False,
           'SHARE_RES5': False,
           'TYPE': 'generalized_rcnn',
           'UNSUPERVISED_POSE': False},
 'MRCNN': {'CLS_SPECIFIC_MASK': True,
           'CONV_INIT': 'MSRAFill',
           'DILATION': 1,
           'DIM_REDUCED': 256,
           'MEMORY_EFFICIENT_LOSS': True,
           'RESOLUTION': 28,
           'ROI_MASK_HEAD': 'mask_rcnn_heads.mask_rcnn_fcn_head_v1up4convs',
           'ROI_XFORM_METHOD': 'RoIAlign',
           'ROI_XFORM_RESOLUTION': 14,
           'ROI_XFORM_SAMPLING_RATIO': 2,
           'THRESH_BINARIZE': 0.5,
           'UPSAMPLE_RATIO': 1,
           'USE_FC_OUTPUT': False,
           'WEIGHT_LOSS_MASK': 1.0},
 'NUM_GPUS': 8,
 'OUTPUT_DIR': 'Outputs',
 'PIXEL_MEANS': array([[[102.9801, 115.9465, 122.7717]]]),
 'POOLING_MODE': 'crop',
 'POOLING_SIZE': 7,
 'PYTORCH_VERSION_LESS_THAN_040': False,
 'RESNETS': {'FREEZE_AT': 2,
             'IMAGENET_PRETRAINED_WEIGHTS': 'pretrained_model/resnet50_caffe.pth',
             'NUM_GROUPS': 1,
             'RES5_DILATION': 1,
             'SHORTCUT_FUNC': 'basic_bn_shortcut',
             'STEM_FUNC': 'basic_bn_stem',
             'STRIDE_1X1': True,
             'TRANS_FUNC': 'bottleneck_transformation',
             'USE_GN': False,
             'WIDTH_PER_GROUP': 64},
 'RETINANET': {'ANCHOR_SCALE': 4,
               'ASPECT_RATIOS': (0.5, 1.0, 2.0),
               'BBOX_REG_BETA': 0.11,
               'BBOX_REG_WEIGHT': 1.0,
               'CLASS_SPECIFIC_BBOX': False,
               'INFERENCE_TH': 0.05,
               'LOSS_ALPHA': 0.25,
               'LOSS_GAMMA': 2.0,
               'NEGATIVE_OVERLAP': 0.4,
               'NUM_CONVS': 4,
               'POSITIVE_OVERLAP': 0.5,
               'PRE_NMS_TOP_N': 1000,
               'PRIOR_PROB': 0.01,
               'RETINANET_ON': False,
               'SCALES_PER_OCTAVE': 3,
               'SHARE_CLS_BBOX_TOWER': False,
               'SOFTMAX': False},
 'RFCN': {'PS_GRID_SIZE': 3},
 'RNG_SEED': 3,
 'ROOT_DIR': '/home/ubuntu/vdp/clevr_inference/scene_parse/mask_rcnn',
 'RPN': {'ASPECT_RATIOS': (0.5, 1, 2),
         'CLS_ACTIVATION': 'sigmoid',
         'OUT_DIM': 512,
         'OUT_DIM_AS_IN_DIM': True,
         'RPN_ON': True,
         'SIZES': (64, 128, 256, 512),
         'STRIDE': 16},
 'SOLVER': {'BASE_LR': 0.02,
            'BIAS_DOUBLE_LR': True,
            'BIAS_WEIGHT_DECAY': False,
            'GAMMA': 0.1,
            'LOG_LR_CHANGE_THRESHOLD': 1.1,
            'LRS': [],
            'LR_POLICY': 'steps_with_decay',
            'MAX_ITER': 30000,
            'MOMENTUM': 0.9,
            'SCALE_MOMENTUM': True,
            'SCALE_MOMENTUM_THRESHOLD': 1.1,
            'STEPS': [0, 20000, 26000],
            'STEP_SIZE': 30000,
            'TYPE': 'SGD',
            'WARM_UP_FACTOR': 0.3333333333333333,
            'WARM_UP_ITERS': 500,
            'WARM_UP_METHOD': 'linear',
            'WEIGHT_DECAY': 0.0001,
            'WEIGHT_DECAY_GN': 0.0},
 'TEST': {'BBOX_AUG': {'AREA_TH_HI': 32400,
                       'AREA_TH_LO': 2500,
                       'ASPECT_RATIOS': (),
                       'ASPECT_RATIO_H_FLIP': False,
                       'COORD_HEUR': 'UNION',
                       'ENABLED': False,
                       'H_FLIP': False,
                       'MAX_SIZE': 4000,
                       'SCALES': (),
                       'SCALE_H_FLIP': False,
                       'SCALE_SIZE_DEP': False,
                       'SCORE_HEUR': 'UNION'},
          'BBOX_REG': True,
          'BBOX_VOTE': {'ENABLED': False,
                        'SCORING_METHOD': 'ID',
                        'SCORING_METHOD_BETA': 1.0,
                        'VOTE_TH': 0.8},
          'COMPETITION_MODE': True,
          'DATASETS': ('custom(data/clevr-cleaned-variants/assimilation/fovariant-2/render/images, '
                       'data/clevr-cleaned-variants/assimilation/fovariant-2/render/summary.json)',),
          'DETECTIONS_PER_IM': 100,
          'FORCE_JSON_DATASET_EVAL': False,
          'KPS_AUG': {'AREA_TH': 32400,
                      'ASPECT_RATIOS': (),
                      'ASPECT_RATIO_H_FLIP': False,
                      'ENABLED': False,
                      'HEUR': 'HM_AVG',
                      'H_FLIP': False,
                      'MAX_SIZE': 4000,
                      'SCALES': (),
                      'SCALE_H_FLIP': False,
                      'SCALE_SIZE_DEP': False},
          'MASK_AUG': {'AREA_TH': 32400,
                       'ASPECT_RATIOS': (),
                       'ASPECT_RATIO_H_FLIP': False,
                       'ENABLED': False,
                       'HEUR': 'SOFT_AVG',
                       'H_FLIP': False,
                       'MAX_SIZE': 4000,
                       'SCALES': (),
                       'SCALE_H_FLIP': False,
                       'SCALE_SIZE_DEP': False},
          'MAX_SIZE': 1333,
          'NMS': 0.5,
          'PRECOMPUTED_PROPOSALS': False,
          'PROPOSAL_FILES': (),
          'PROPOSAL_LIMIT': 2000,
          'RPN_MIN_SIZE': 0,
          'RPN_NMS_THRESH': 0.7,
          'RPN_POST_NMS_TOP_N': 1000,
          'RPN_PRE_NMS_TOP_N': 1000,
          'SCALE': 800,
          'SCORE_THRESH': 0.05,
          'SOFT_NMS': {'ENABLED': False, 'METHOD': 'linear', 'SIGMA': 0.5}},
 'TRAIN': {'ASPECT_CROPPING': False,
           'ASPECT_GROUPING': True,
           'ASPECT_HI': 2,
           'ASPECT_LO': 0.5,
           'BATCH_SIZE_PER_IM': 512,
           'BBOX_INSIDE_WEIGHTS': (1.0, 1.0, 1.0, 1.0),
           'BBOX_NORMALIZE_MEANS': (0.0, 0.0, 0.0, 0.0),
           'BBOX_NORMALIZE_STDS': (0.1, 0.1, 0.2, 0.2),
           'BBOX_NORMALIZE_TARGETS': True,
           'BBOX_NORMALIZE_TARGETS_PRECOMPUTED': False,
           'BBOX_THRESH': 0.5,
           'BG_THRESH_HI': 0.5,
           'BG_THRESH_LO': 0.0,
           'CROWD_FILTER_THRESH': 0.7,
           'DATASETS': (),
           'FG_FRACTION': 0.25,
           'FG_THRESH': 0.5,
           'FREEZE_CONV_BODY': False,
           'GT_MIN_AREA': -1,
           'IMS_PER_BATCH': 2,
           'MAX_SIZE': 1333,
           'PROPOSAL_FILES': (),
           'RPN_BATCH_SIZE_PER_IM': 256,
           'RPN_FG_FRACTION': 0.5,
           'RPN_MIN_SIZE': 0,
           'RPN_NEGATIVE_OVERLAP': 0.3,
           'RPN_NMS_THRESH': 0.7,
           'RPN_POSITIVE_OVERLAP': 0.7,
           'RPN_POST_NMS_TOP_N': 2000,
           'RPN_PRE_NMS_TOP_N': 2000,
           'RPN_STRADDLE_THRESH': 0,
           'SCALES': (800,),
           'SNAPSHOT_ITERS': 20000,
           'USE_FLIPPED': False},
 'VIS': False,
 'VIS_TH': 0.9}
INFO test_engine.py: 352: loading checkpoint /home/ubuntu/vdp/data/ns-vqa-data/pretrained/object_detector.pt
INFO test_engine.py: 286: im_detect: range [1, 6] of 6: 1/6 1.147s + 0.003s (eta: 0:00:05)
INFO test_engine.py: 336: Wrote detections to: /home/ubuntu/vdp/data/clevr-cleaned-variants/assimilation/fovariant-2/infer/mask_rcnn/detections.pkl
INFO test_engine.py: 164: Total inference time: 5.759s


| processing proposals 1 / 6 images
| processing proposals 2 / 6 images
| processing proposals 3 / 6 images
| processing proposals 4 / 6 images
| processing proposals 5 / 6 images
| processing proposals 6 / 6 images
| saving object annotations to data/clevr-cleaned-variants/assimilation/fovariant-2/infer/attrnet/predictions.json


| options
run_dir: data/clevr-cleaned-variants/assimilation/fovariant-2/solver_ir
dataset: clevr
load_checkpoint_path: /home/ubuntu/vdp/data/ns-vqa-data/pretrained/attribute_net.pt
gpu_ids: [0]
clevr_mini_img_dir: /home/ubuntu/vdp/data/ns-vqa-data/raw/CLEVR_mini/images
clevr_mini_ann_path: /home/ubuntu/vdp/data/ns-vqa-data/attr_net/objects/clevr_mini_objs.json
concat_img: 1
split_id: 3500
batch_size: 50
num_workers: 4
learning_rate: 0.002
split: val
output_path: data/clevr-cleaned-variants/assimilation/fovariant-2/solver_ir/results.json
clevr_val_ann_path: data/clevr-cleaned-variants/assimilation/fovariant-2/infer/attrnet/predictions.json
clevr_val_img_dir: /home/ubuntu/vdp/data/ns-vqa-data/raw/CLEVR_v1.0/images/val
shuffle_data: 0
use_cat_label: 1
name: fovariant-2
| loading checkpoint from /home/ubuntu/vdp/data/ns-vqa-data/pretrained/attribute_net.pt
clevr_object.py: CLEVR_val_000000.png val 0 0
clevr_object.py: CLEVR_val_000000.png val 0 1
clevr_object.py: CLEVR_val_000001.png val 1 2
clevr_object.py: CLEVR_val_000001.png val 1 3
clevr_object.py: CLEVR_val_000001.png val 1 4
clevr_object.py: CLEVR_val_000002.png val 2 5
clevr_object.py: CLEVR_val_000002.png val 2 6
clevr_object.py: CLEVR_val_000002.png val 2 7
clevr_object.py: CLEVR_val_000003.png val 3 8
clevr_object.py: CLEVR_val_000003.png val 3 9
clevr_object.py: CLEVR_val_000003.png val 3 10
clevr_object.py: CLEVR_val_000003.png val 3 11
clevr_object.py: CLEVR_val_000004.png val 4 12
clevr_object.py: CLEVR_val_000004.png val 4 13
clevr_object.py: CLEVR_val_000004.png val 4 14
clevr_object.py: CLEVR_val_000004.png val 4 15
clevr_object.py: CLEVR_val_000005.png val 5 16
clevr_object.py: CLEVR_val_000005.png val 5 17
clevr_object.py: CLEVR_val_000005.png val 5 18
19 / 19 objects processed
| saving annotation file to data/clevr-cleaned-variants/assimilation/fovariant-2/solver_ir/results.json


0.json in test
THRESHOLD relate_behind objs = {'id': '0-0', 'position': [2.6989128589630127, 0.1843649446964264, 0.6839877963066101], 'color': 'cyan', 'material': 'metal', 'shape': 'cube', 'size': 'large'}, {'id': '0-1', 'position': [-0.02562006562948227, -0.024104688316583633, 0.6931008696556091], 'color': 'cyan', 'material': 'metal', 'shape': 'sphere', 'size': 'large'}
THRESHOLD relate_front objs = {'id': '0-1', 'position': [-0.02562006562948227, -0.024104688316583633, 0.6931008696556091], 'color': 'cyan', 'material': 'metal', 'shape': 'sphere', 'size': 'large'}, {'id': '0-0', 'position': [2.6989128589630127, 0.1843649446964264, 0.6839877963066101], 'color': 'cyan', 'material': 'metal', 'shape': 'cube', 'size': 'large'}
1.json in test
THRESHOLD relate_behind objs = {'id': '1-0', 'position': [0.20632123947143555, -0.18160277605056763, 0.6863136291503906], 'color': 'blue', 'material': 'metal', 'shape': 'cube', 'size': 'large'}, {'id': '1-1', 'position': [-2.726945161819458, -0.18565383553504944, 0.69380122423172], 'color': 'cyan', 'material': 'metal', 'shape': 'cube', 'size': 'large'}
THRESHOLD relate_front objs = {'id': '1-0', 'position': [0.20632123947143555, -0.18160277605056763, 0.6863136291503906], 'color': 'blue', 'material': 'metal', 'shape': 'cube', 'size': 'large'}, {'id': '1-2', 'position': [2.955836772918701, 0.01197982206940651, 0.6911742687225342], 'color': 'cyan', 'material': 'metal', 'shape': 'sphere', 'size': 'large'}
THRESHOLD relate_front objs = {'id': '1-1', 'position': [-2.726945161819458, -0.18565383553504944, 0.69380122423172], 'color': 'cyan', 'material': 'metal', 'shape': 'cube', 'size': 'large'}, {'id': '1-0', 'position': [0.20632123947143555, -0.18160277605056763, 0.6863136291503906], 'color': 'blue', 'material': 'metal', 'shape': 'cube', 'size': 'large'}
THRESHOLD relate_front objs = {'id': '1-1', 'position': [-2.726945161819458, -0.18565383553504944, 0.69380122423172], 'color': 'cyan', 'material': 'metal', 'shape': 'cube', 'size': 'large'}, {'id': '1-2', 'position': [2.955836772918701, 0.01197982206940651, 0.6911742687225342], 'color': 'cyan', 'material': 'metal', 'shape': 'sphere', 'size': 'large'}
THRESHOLD relate_behind objs = {'id': '1-2', 'position': [2.955836772918701, 0.01197982206940651, 0.6911742687225342], 'color': 'cyan', 'material': 'metal', 'shape': 'sphere', 'size': 'large'}, {'id': '1-0', 'position': [0.20632123947143555, -0.18160277605056763, 0.6863136291503906], 'color': 'blue', 'material': 'metal', 'shape': 'cube', 'size': 'large'}
THRESHOLD relate_behind objs = {'id': '1-2', 'position': [2.955836772918701, 0.01197982206940651, 0.6911742687225342], 'color': 'cyan', 'material': 'metal', 'shape': 'sphere', 'size': 'large'}, {'id': '1-1', 'position': [-2.726945161819458, -0.18565383553504944, 0.69380122423172], 'color': 'cyan', 'material': 'metal', 'shape': 'cube', 'size': 'large'}
2.json in test
THRESHOLD relate_behind objs = {'id': '2-0', 'position': [2.9287948608398438, 0.0575745552778244, 0.6851001977920532], 'color': 'blue', 'material': 'metal', 'shape': 'sphere', 'size': 'large'}, {'id': '2-1', 'position': [0.06415839493274689, -0.0009595323354005814, 0.688429057598114], 'color': 'cyan', 'material': 'metal', 'shape': 'cube', 'size': 'large'}
THRESHOLD relate_behind objs = {'id': '2-0', 'position': [2.9287948608398438, 0.0575745552778244, 0.6851001977920532], 'color': 'blue', 'material': 'metal', 'shape': 'sphere', 'size': 'large'}, {'id': '2-2', 'position': [-2.8566079139709473, -0.28113237023353577, 0.6885506510734558], 'color': 'cyan', 'material': 'metal', 'shape': 'sphere', 'size': 'large'}
THRESHOLD relate_behind objs = {'id': '2-1', 'position': [0.06415839493274689, -0.0009595323354005814, 0.688429057598114], 'color': 'cyan', 'material': 'metal', 'shape': 'cube', 'size': 'large'}, {'id': '2-2', 'position': [-2.8566079139709473, -0.28113237023353577, 0.6885506510734558], 'color': 'cyan', 'material': 'metal', 'shape': 'sphere', 'size': 'large'}
THRESHOLD relate_front objs = {'id': '2-1', 'position': [0.06415839493274689, -0.0009595323354005814, 0.688429057598114], 'color': 'cyan', 'material': 'metal', 'shape': 'cube', 'size': 'large'}, {'id': '2-0', 'position': [2.9287948608398438, 0.0575745552778244, 0.6851001977920532], 'color': 'blue', 'material': 'metal', 'shape': 'sphere', 'size': 'large'}
THRESHOLD relate_front objs = {'id': '2-2', 'position': [-2.8566079139709473, -0.28113237023353577, 0.6885506510734558], 'color': 'cyan', 'material': 'metal', 'shape': 'sphere', 'size': 'large'}, {'id': '2-0', 'position': [2.9287948608398438, 0.0575745552778244, 0.6851001977920532], 'color': 'blue', 'material': 'metal', 'shape': 'sphere', 'size': 'large'}
THRESHOLD relate_front objs = {'id': '2-2', 'position': [-2.8566079139709473, -0.28113237023353577, 0.6885506510734558], 'color': 'cyan', 'material': 'metal', 'shape': 'sphere', 'size': 'large'}, {'id': '2-1', 'position': [0.06415839493274689, -0.0009595323354005814, 0.688429057598114], 'color': 'cyan', 'material': 'metal', 'shape': 'cube', 'size': 'large'}
3.json in train
THRESHOLD relate_behind objs = {'id': '3-0', 'position': [-1.4964039325714111, -0.05922561138868332, 0.3412325382232666], 'color': 'gray', 'material': 'metal', 'shape': 'cube', 'size': 'small'}, {'id': '3-1', 'position': [-2.9758944511413574, -0.11581993848085403, 0.34940969944000244], 'color': 'gray', 'material': 'metal', 'shape': 'sphere', 'size': 'small'}
THRESHOLD relate_front objs = {'id': '3-0', 'position': [-1.4964039325714111, -0.05922561138868332, 0.3412325382232666], 'color': 'gray', 'material': 'metal', 'shape': 'cube', 'size': 'small'}, {'id': '3-2', 'position': [-0.06897025555372238, 0.19091427326202393, 0.3406660854816437], 'color': 'gray', 'material': 'metal', 'shape': 'sphere', 'size': 'small'}
THRESHOLD relate_front objs = {'id': '3-0', 'position': [-1.4964039325714111, -0.05922561138868332, 0.3412325382232666], 'color': 'gray', 'material': 'metal', 'shape': 'cube', 'size': 'small'}, {'id': '3-3', 'position': [1.2575156688690186, 0.23862984776496887, 0.3422738313674927], 'color': 'gray', 'material': 'metal', 'shape': 'sphere', 'size': 'small'}
THRESHOLD relate_front objs = {'id': '3-1', 'position': [-2.9758944511413574, -0.11581993848085403, 0.34940969944000244], 'color': 'gray', 'material': 'metal', 'shape': 'sphere', 'size': 'small'}, {'id': '3-0', 'position': [-1.4964039325714111, -0.05922561138868332, 0.3412325382232666], 'color': 'gray', 'material': 'metal', 'shape': 'cube', 'size': 'small'}
THRESHOLD relate_front objs = {'id': '3-1', 'position': [-2.9758944511413574, -0.11581993848085403, 0.34940969944000244], 'color': 'gray', 'material': 'metal', 'shape': 'sphere', 'size': 'small'}, {'id': '3-2', 'position': [-0.06897025555372238, 0.19091427326202393, 0.3406660854816437], 'color': 'gray', 'material': 'metal', 'shape': 'sphere', 'size': 'small'}
THRESHOLD relate_front objs = {'id': '3-1', 'position': [-2.9758944511413574, -0.11581993848085403, 0.34940969944000244], 'color': 'gray', 'material': 'metal', 'shape': 'sphere', 'size': 'small'}, {'id': '3-3', 'position': [1.2575156688690186, 0.23862984776496887, 0.3422738313674927], 'color': 'gray', 'material': 'metal', 'shape': 'sphere', 'size': 'small'}
THRESHOLD relate_behind objs = {'id': '3-2', 'position': [-0.06897025555372238, 0.19091427326202393, 0.3406660854816437], 'color': 'gray', 'material': 'metal', 'shape': 'sphere', 'size': 'small'}, {'id': '3-0', 'position': [-1.4964039325714111, -0.05922561138868332, 0.3412325382232666], 'color': 'gray', 'material': 'metal', 'shape': 'cube', 'size': 'small'}
THRESHOLD relate_behind objs = {'id': '3-2', 'position': [-0.06897025555372238, 0.19091427326202393, 0.3406660854816437], 'color': 'gray', 'material': 'metal', 'shape': 'sphere', 'size': 'small'}, {'id': '3-1', 'position': [-2.9758944511413574, -0.11581993848085403, 0.34940969944000244], 'color': 'gray', 'material': 'metal', 'shape': 'sphere', 'size': 'small'}
THRESHOLD relate_front objs = {'id': '3-2', 'position': [-0.06897025555372238, 0.19091427326202393, 0.3406660854816437], 'color': 'gray', 'material': 'metal', 'shape': 'sphere', 'size': 'small'}, {'id': '3-3', 'position': [1.2575156688690186, 0.23862984776496887, 0.3422738313674927], 'color': 'gray', 'material': 'metal', 'shape': 'sphere', 'size': 'small'}
THRESHOLD relate_behind objs = {'id': '3-3', 'position': [1.2575156688690186, 0.23862984776496887, 0.3422738313674927], 'color': 'gray', 'material': 'metal', 'shape': 'sphere', 'size': 'small'}, {'id': '3-0', 'position': [-1.4964039325714111, -0.05922561138868332, 0.3412325382232666], 'color': 'gray', 'material': 'metal', 'shape': 'cube', 'size': 'small'}
THRESHOLD relate_behind objs = {'id': '3-3', 'position': [1.2575156688690186, 0.23862984776496887, 0.3422738313674927], 'color': 'gray', 'material': 'metal', 'shape': 'sphere', 'size': 'small'}, {'id': '3-1', 'position': [-2.9758944511413574, -0.11581993848085403, 0.34940969944000244], 'color': 'gray', 'material': 'metal', 'shape': 'sphere', 'size': 'small'}
THRESHOLD relate_behind objs = {'id': '3-3', 'position': [1.2575156688690186, 0.23862984776496887, 0.3422738313674927], 'color': 'gray', 'material': 'metal', 'shape': 'sphere', 'size': 'small'}, {'id': '3-2', 'position': [-0.06897025555372238, 0.19091427326202393, 0.3406660854816437], 'color': 'gray', 'material': 'metal', 'shape': 'sphere', 'size': 'small'}
4.json in train
THRESHOLD relate_behind objs = {'id': '4-0', 'position': [1.5136444568634033, 0.2216964066028595, 0.6869833469390869], 'color': 'brown', 'material': 'metal', 'shape': 'cube', 'size': 'large'}, {'id': '4-1', 'position': [-1.2136975526809692, 0.05214843899011612, 0.6879807114601135], 'color': 'brown', 'material': 'metal', 'shape': 'sphere', 'size': 'large'}
THRESHOLD relate_behind objs = {'id': '4-0', 'position': [1.5136444568634033, 0.2216964066028595, 0.6869833469390869], 'color': 'brown', 'material': 'metal', 'shape': 'cube', 'size': 'large'}, {'id': '4-3', 'position': [-3.0827476978302, -0.13565659523010254, 0.6869844794273376], 'color': 'cyan', 'material': 'metal', 'shape': 'cylinder', 'size': 'large'}
THRESHOLD relate_front objs = {'id': '4-0', 'position': [1.5136444568634033, 0.2216964066028595, 0.6869833469390869], 'color': 'brown', 'material': 'metal', 'shape': 'cube', 'size': 'large'}, {'id': '4-2', 'position': [3.4174039363861084, 0.24668434262275696, 0.6881503462791443], 'color': 'brown', 'material': 'metal', 'shape': 'sphere', 'size': 'large'}
THRESHOLD relate_behind objs = {'id': '4-1', 'position': [-1.2136975526809692, 0.05214843899011612, 0.6879807114601135], 'color': 'brown', 'material': 'metal', 'shape': 'sphere', 'size': 'large'}, {'id': '4-3', 'position': [-3.0827476978302, -0.13565659523010254, 0.6869844794273376], 'color': 'cyan', 'material': 'metal', 'shape': 'cylinder', 'size': 'large'}
THRESHOLD relate_front objs = {'id': '4-1', 'position': [-1.2136975526809692, 0.05214843899011612, 0.6879807114601135], 'color': 'brown', 'material': 'metal', 'shape': 'sphere', 'size': 'large'}, {'id': '4-0', 'position': [1.5136444568634033, 0.2216964066028595, 0.6869833469390869], 'color': 'brown', 'material': 'metal', 'shape': 'cube', 'size': 'large'}
THRESHOLD relate_front objs = {'id': '4-1', 'position': [-1.2136975526809692, 0.05214843899011612, 0.6879807114601135], 'color': 'brown', 'material': 'metal', 'shape': 'sphere', 'size': 'large'}, {'id': '4-2', 'position': [3.4174039363861084, 0.24668434262275696, 0.6881503462791443], 'color': 'brown', 'material': 'metal', 'shape': 'sphere', 'size': 'large'}
THRESHOLD relate_behind objs = {'id': '4-2', 'position': [3.4174039363861084, 0.24668434262275696, 0.6881503462791443], 'color': 'brown', 'material': 'metal', 'shape': 'sphere', 'size': 'large'}, {'id': '4-0', 'position': [1.5136444568634033, 0.2216964066028595, 0.6869833469390869], 'color': 'brown', 'material': 'metal', 'shape': 'cube', 'size': 'large'}
THRESHOLD relate_behind objs = {'id': '4-2', 'position': [3.4174039363861084, 0.24668434262275696, 0.6881503462791443], 'color': 'brown', 'material': 'metal', 'shape': 'sphere', 'size': 'large'}, {'id': '4-1', 'position': [-1.2136975526809692, 0.05214843899011612, 0.6879807114601135], 'color': 'brown', 'material': 'metal', 'shape': 'sphere', 'size': 'large'}
THRESHOLD relate_behind objs = {'id': '4-2', 'position': [3.4174039363861084, 0.24668434262275696, 0.6881503462791443], 'color': 'brown', 'material': 'metal', 'shape': 'sphere', 'size': 'large'}, {'id': '4-3', 'position': [-3.0827476978302, -0.13565659523010254, 0.6869844794273376], 'color': 'cyan', 'material': 'metal', 'shape': 'cylinder', 'size': 'large'}
THRESHOLD relate_front objs = {'id': '4-3', 'position': [-3.0827476978302, -0.13565659523010254, 0.6869844794273376], 'color': 'cyan', 'material': 'metal', 'shape': 'cylinder', 'size': 'large'}, {'id': '4-0', 'position': [1.5136444568634033, 0.2216964066028595, 0.6869833469390869], 'color': 'brown', 'material': 'metal', 'shape': 'cube', 'size': 'large'}
THRESHOLD relate_front objs = {'id': '4-3', 'position': [-3.0827476978302, -0.13565659523010254, 0.6869844794273376], 'color': 'cyan', 'material': 'metal', 'shape': 'cylinder', 'size': 'large'}, {'id': '4-1', 'position': [-1.2136975526809692, 0.05214843899011612, 0.6879807114601135], 'color': 'brown', 'material': 'metal', 'shape': 'sphere', 'size': 'large'}
THRESHOLD relate_front objs = {'id': '4-3', 'position': [-3.0827476978302, -0.13565659523010254, 0.6869844794273376], 'color': 'cyan', 'material': 'metal', 'shape': 'cylinder', 'size': 'large'}, {'id': '4-2', 'position': [3.4174039363861084, 0.24668434262275696, 0.6881503462791443], 'color': 'brown', 'material': 'metal', 'shape': 'sphere', 'size': 'large'}
5.json in train
THRESHOLD relate_behind objs = {'id': '5-0', 'position': [2.7681872844696045, 0.32782986760139465, 0.6771543622016907], 'color': 'blue', 'material': 'metal', 'shape': 'cylinder', 'size': 'large'}, {'id': '5-1', 'position': [-0.11440343409776688, 0.09676405042409897, 0.6808091998100281], 'color': 'purple', 'material': 'metal', 'shape': 'cube', 'size': 'large'}
THRESHOLD relate_behind objs = {'id': '5-1', 'position': [-0.11440343409776688, 0.09676405042409897, 0.6808091998100281], 'color': 'purple', 'material': 'metal', 'shape': 'cube', 'size': 'large'}, {'id': '5-2', 'position': [-2.797018051147461, -0.10621380805969238, 0.6908973455429077], 'color': 'purple', 'material': 'metal', 'shape': 'sphere', 'size': 'large'}
THRESHOLD relate_front objs = {'id': '5-1', 'position': [-0.11440343409776688, 0.09676405042409897, 0.6808091998100281], 'color': 'purple', 'material': 'metal', 'shape': 'cube', 'size': 'large'}, {'id': '5-0', 'position': [2.7681872844696045, 0.32782986760139465, 0.6771543622016907], 'color': 'blue', 'material': 'metal', 'shape': 'cylinder', 'size': 'large'}
THRESHOLD relate_front objs = {'id': '5-2', 'position': [-2.797018051147461, -0.10621380805969238, 0.6908973455429077], 'color': 'purple', 'material': 'metal', 'shape': 'sphere', 'size': 'large'}, {'id': '5-1', 'position': [-0.11440343409776688, 0.09676405042409897, 0.6808091998100281], 'color': 'purple', 'material': 'metal', 'shape': 'cube', 'size': 'large'}
