Started Logging. 2022-07-09 10:26:36.341508

0.json in train
THRESHOLD relate_behind objs = {'id': '0-0', 'position': [1.9228934049606323, 2.193817138671875, 0.6973333358764648], 'color': 'green', 'material': 'metal', 'shape': 'sphere', 'size': 'large'}, {'id': '0-1', 'position': [-0.23171529173851013, 1.9888638257980347, 0.7058067321777344], 'color': 'green', 'material': 'metal', 'shape': 'sphere', 'size': 'large'}
THRESHOLD relate_front objs = {'id': '0-1', 'position': [-0.23171529173851013, 1.9888638257980347, 0.7058067321777344], 'color': 'green', 'material': 'metal', 'shape': 'sphere', 'size': 'large'}, {'id': '0-0', 'position': [1.9228934049606323, 2.193817138671875, 0.6973333358764648], 'color': 'green', 'material': 'metal', 'shape': 'sphere', 'size': 'large'}
THRESHOLD relate_behind objs = {'id': '0-2', 'position': [2.1311874389648438, -1.933150291442871, 0.36165210604667664], 'color': 'purple', 'material': 'rubber', 'shape': 'cylinder', 'size': 'small'}, {'id': '0-3', 'position': [0.08871707320213318, -2.0696072578430176, 0.3430357873439789], 'color': 'purple', 'material': 'rubber', 'shape': 'cylinder', 'size': 'small'}
THRESHOLD relate_front objs = {'id': '0-3', 'position': [0.08871707320213318, -2.0696072578430176, 0.3430357873439789], 'color': 'purple', 'material': 'rubber', 'shape': 'cylinder', 'size': 'small'}, {'id': '0-2', 'position': [2.1311874389648438, -1.933150291442871, 0.36165210604667664], 'color': 'purple', 'material': 'rubber', 'shape': 'cylinder', 'size': 'small'}
1.json in test
THRESHOLD relate_left objs = {'id': '1-0', 'position': [2.1328811645507812, -1.8938038349151611, 0.3466954529285431], 'color': 'green', 'material': 'metal', 'shape': 'sphere', 'size': 'small'}, {'id': '1-2', 'position': [1.9863148927688599, 2.146684408187866, 0.3393840193748474], 'color': 'purple', 'material': 'rubber', 'shape': 'cylinder', 'size': 'small'}
THRESHOLD relate_behind objs = {'id': '1-0', 'position': [2.1328811645507812, -1.8938038349151611, 0.3466954529285431], 'color': 'green', 'material': 'metal', 'shape': 'sphere', 'size': 'small'}, {'id': '1-1', 'position': [0.20493069291114807, -2.030860662460327, 0.3421178460121155], 'color': 'green', 'material': 'metal', 'shape': 'sphere', 'size': 'small'}
THRESHOLD relate_front objs = {'id': '1-1', 'position': [0.20493069291114807, -2.030860662460327, 0.3421178460121155], 'color': 'green', 'material': 'metal', 'shape': 'sphere', 'size': 'small'}, {'id': '1-0', 'position': [2.1328811645507812, -1.8938038349151611, 0.3466954529285431], 'color': 'green', 'material': 'metal', 'shape': 'sphere', 'size': 'small'}
THRESHOLD relate_right objs = {'id': '1-2', 'position': [1.9863148927688599, 2.146684408187866, 0.3393840193748474], 'color': 'purple', 'material': 'rubber', 'shape': 'cylinder', 'size': 'small'}, {'id': '1-0', 'position': [2.1328811645507812, -1.8938038349151611, 0.3466954529285431], 'color': 'green', 'material': 'metal', 'shape': 'sphere', 'size': 'small'}
THRESHOLD relate_behind objs = {'id': '1-2', 'position': [1.9863148927688599, 2.146684408187866, 0.3393840193748474], 'color': 'purple', 'material': 'rubber', 'shape': 'cylinder', 'size': 'small'}, {'id': '1-3', 'position': [-0.09261085838079453, 2.027524471282959, 0.34549906849861145], 'color': 'purple', 'material': 'rubber', 'shape': 'cylinder', 'size': 'small'}
THRESHOLD relate_front objs = {'id': '1-3', 'position': [-0.09261085838079453, 2.027524471282959, 0.34549906849861145], 'color': 'purple', 'material': 'rubber', 'shape': 'cylinder', 'size': 'small'}, {'id': '1-2', 'position': [1.9863148927688599, 2.146684408187866, 0.3393840193748474], 'color': 'purple', 'material': 'rubber', 'shape': 'cylinder', 'size': 'small'}
2.json in test
THRESHOLD relate_front objs = {'id': '2-0', 'position': [-0.3123222589492798, 1.9857815504074097, 0.6932400465011597], 'color': 'green', 'material': 'metal', 'shape': 'sphere', 'size': 'large'}, {'id': '2-1', 'position': [1.9286679029464722, 2.1984057426452637, 0.6952075958251953], 'color': 'green', 'material': 'metal', 'shape': 'sphere', 'size': 'large'}
THRESHOLD relate_behind objs = {'id': '2-1', 'position': [1.9286679029464722, 2.1984057426452637, 0.6952075958251953], 'color': 'green', 'material': 'metal', 'shape': 'sphere', 'size': 'large'}, {'id': '2-0', 'position': [-0.3123222589492798, 1.9857815504074097, 0.6932400465011597], 'color': 'green', 'material': 'metal', 'shape': 'sphere', 'size': 'large'}
THRESHOLD relate_front objs = {'id': '2-2', 'position': [-0.0029712244868278503, -1.8151649236679077, 0.36225032806396484], 'color': 'purple', 'material': 'rubber', 'shape': 'cube', 'size': 'small'}, {'id': '2-3', 'position': [2.427227020263672, -1.635888934135437, 0.35299012064933777], 'color': 'purple', 'material': 'rubber', 'shape': 'cube', 'size': 'small'}
THRESHOLD relate_behind objs = {'id': '2-3', 'position': [2.427227020263672, -1.635888934135437, 0.35299012064933777], 'color': 'purple', 'material': 'rubber', 'shape': 'cube', 'size': 'small'}, {'id': '2-2', 'position': [-0.0029712244868278503, -1.8151649236679077, 0.36225032806396484], 'color': 'purple', 'material': 'rubber', 'shape': 'cube', 'size': 'small'}
3.json in train
THRESHOLD relate_front objs = {'id': '3-0', 'position': [-2.142488956451416, 1.8643049001693726, 0.7023879289627075], 'color': 'cyan', 'material': 'metal', 'shape': 'sphere', 'size': 'large'}, {'id': '3-1', 'position': [1.877629280090332, 2.206602096557617, 0.6900291442871094], 'color': 'cyan', 'material': 'metal', 'shape': 'sphere', 'size': 'large'}
THRESHOLD relate_front objs = {'id': '3-0', 'position': [-2.142488956451416, 1.8643049001693726, 0.7023879289627075], 'color': 'cyan', 'material': 'metal', 'shape': 'sphere', 'size': 'large'}, {'id': '3-2', 'position': [-0.10176504403352737, 2.0264923572540283, 0.7047378420829773], 'color': 'cyan', 'material': 'metal', 'shape': 'sphere', 'size': 'large'}
THRESHOLD relate_behind objs = {'id': '3-1', 'position': [1.877629280090332, 2.206602096557617, 0.6900291442871094], 'color': 'cyan', 'material': 'metal', 'shape': 'sphere', 'size': 'large'}, {'id': '3-0', 'position': [-2.142488956451416, 1.8643049001693726, 0.7023879289627075], 'color': 'cyan', 'material': 'metal', 'shape': 'sphere', 'size': 'large'}
THRESHOLD relate_behind objs = {'id': '3-1', 'position': [1.877629280090332, 2.206602096557617, 0.6900291442871094], 'color': 'cyan', 'material': 'metal', 'shape': 'sphere', 'size': 'large'}, {'id': '3-2', 'position': [-0.10176504403352737, 2.0264923572540283, 0.7047378420829773], 'color': 'cyan', 'material': 'metal', 'shape': 'sphere', 'size': 'large'}
THRESHOLD relate_behind objs = {'id': '3-2', 'position': [-0.10176504403352737, 2.0264923572540283, 0.7047378420829773], 'color': 'cyan', 'material': 'metal', 'shape': 'sphere', 'size': 'large'}, {'id': '3-0', 'position': [-2.142488956451416, 1.8643049001693726, 0.7023879289627075], 'color': 'cyan', 'material': 'metal', 'shape': 'sphere', 'size': 'large'}
THRESHOLD relate_front objs = {'id': '3-2', 'position': [-0.10176504403352737, 2.0264923572540283, 0.7047378420829773], 'color': 'cyan', 'material': 'metal', 'shape': 'sphere', 'size': 'large'}, {'id': '3-1', 'position': [1.877629280090332, 2.206602096557617, 0.6900291442871094], 'color': 'cyan', 'material': 'metal', 'shape': 'sphere', 'size': 'large'}
THRESHOLD relate_behind objs = {'id': '3-3', 'position': [0.13506728410720825, -2.594827890396118, 0.3451862335205078], 'color': 'purple', 'material': 'rubber', 'shape': 'cylinder', 'size': 'small'}, {'id': '3-4', 'position': [-1.2011915445327759, -2.7602121829986572, 0.34400850534439087], 'color': 'purple', 'material': 'rubber', 'shape': 'cylinder', 'size': 'small'}
THRESHOLD relate_front objs = {'id': '3-3', 'position': [0.13506728410720825, -2.594827890396118, 0.3451862335205078], 'color': 'purple', 'material': 'rubber', 'shape': 'cylinder', 'size': 'small'}, {'id': '3-5', 'position': [1.4213595390319824, -2.504840612411499, 0.3434452414512634], 'color': 'purple', 'material': 'rubber', 'shape': 'cylinder', 'size': 'small'}
THRESHOLD relate_front objs = {'id': '3-4', 'position': [-1.2011915445327759, -2.7602121829986572, 0.34400850534439087], 'color': 'purple', 'material': 'rubber', 'shape': 'cylinder', 'size': 'small'}, {'id': '3-3', 'position': [0.13506728410720825, -2.594827890396118, 0.3451862335205078], 'color': 'purple', 'material': 'rubber', 'shape': 'cylinder', 'size': 'small'}
THRESHOLD relate_front objs = {'id': '3-4', 'position': [-1.2011915445327759, -2.7602121829986572, 0.34400850534439087], 'color': 'purple', 'material': 'rubber', 'shape': 'cylinder', 'size': 'small'}, {'id': '3-5', 'position': [1.4213595390319824, -2.504840612411499, 0.3434452414512634], 'color': 'purple', 'material': 'rubber', 'shape': 'cylinder', 'size': 'small'}
THRESHOLD relate_behind objs = {'id': '3-5', 'position': [1.4213595390319824, -2.504840612411499, 0.3434452414512634], 'color': 'purple', 'material': 'rubber', 'shape': 'cylinder', 'size': 'small'}, {'id': '3-3', 'position': [0.13506728410720825, -2.594827890396118, 0.3451862335205078], 'color': 'purple', 'material': 'rubber', 'shape': 'cylinder', 'size': 'small'}
THRESHOLD relate_behind objs = {'id': '3-5', 'position': [1.4213595390319824, -2.504840612411499, 0.3434452414512634], 'color': 'purple', 'material': 'rubber', 'shape': 'cylinder', 'size': 'small'}, {'id': '3-4', 'position': [-1.2011915445327759, -2.7602121829986572, 0.34400850534439087], 'color': 'purple', 'material': 'rubber', 'shape': 'cylinder', 'size': 'small'}
4.json in test
THRESHOLD relate_behind objs = {'id': '4-0', 'position': [1.9212052822113037, 2.1490366458892822, 0.7073904275894165], 'color': 'blue', 'material': 'metal', 'shape': 'sphere', 'size': 'large'}, {'id': '4-1', 'position': [-0.2293955385684967, 2.1425797939300537, 0.6958716511726379], 'color': 'blue', 'material': 'metal', 'shape': 'sphere', 'size': 'large'}
THRESHOLD relate_front objs = {'id': '4-1', 'position': [-0.2293955385684967, 2.1425797939300537, 0.6958716511726379], 'color': 'blue', 'material': 'metal', 'shape': 'sphere', 'size': 'large'}, {'id': '4-0', 'position': [1.9212052822113037, 2.1490366458892822, 0.7073904275894165], 'color': 'blue', 'material': 'metal', 'shape': 'sphere', 'size': 'large'}
THRESHOLD relate_front objs = {'id': '4-2', 'position': [1.5915191173553467, -2.5536136627197266, 0.3399095833301544], 'color': 'gray', 'material': 'rubber', 'shape': 'cylinder', 'size': 'small'}, {'id': '4-3', 'position': [0.06526154279708862, -2.5457496643066406, 0.3435181677341461], 'color': 'gray', 'material': 'rubber', 'shape': 'cylinder', 'size': 'small'}
THRESHOLD relate_behind objs = {'id': '4-3', 'position': [0.06526154279708862, -2.5457496643066406, 0.3435181677341461], 'color': 'gray', 'material': 'rubber', 'shape': 'cylinder', 'size': 'small'}, {'id': '4-2', 'position': [1.5915191173553467, -2.5536136627197266, 0.3399095833301544], 'color': 'gray', 'material': 'rubber', 'shape': 'cylinder', 'size': 'small'}
5.json in train
